1592806201970071,4.999706,1.001929,4.999771,0.999968,-0.002170,-0.007689,0.000141
1592806202075550,4.999674,1.002011,4.999706,0.999968,-0.002182,-0.007683,0.000155
1592806202170057,4.999790,1.001793,4.999759,0.999968,-0.002124,-0.007741,0.000164
1592806202268039,4.999735,1.001927,4.999511,0.999968,-0.002165,-0.007665,0.000205
1592806202377185,4.999645,1.002184,4.999505,0.999969,-0.002199,-0.007620,0.000207
1592806202459339,4.999614,1.002379,4.999250,0.999969,-0.002194,-0.007625,0.000183
1592806202541674,4.999721,1.002140,4.999699,0.999968,-0.002137,-0.007730,0.000146
1592806202621009,4.999823,1.002413,4.999560,0.999968,-0.002096,-0.007686,0.000136
1592806202700736,4.999682,1.002033,4.999666,0.999968,-0.002146,-0.007686,0.000114
1592806202778396,4.999731,1.002273,4.999603,0.999968,-0.002146,-0.007675,0.000073
1592806202853276,4.999949,1.002118,4.999371,0.999969,-0.002106,-0.007638,0.000064
1592806202926912,4.999908,1.002583,4.999768,0.999968,-0.002141,-0.007695,0.000076
1592806202998885,4.999892,1.002645,4.999620,0.999968,-0.002186,-0.007665,0.000140
1592806203074513,4.999590,1.001984,4.999624,0.999968,-0.002253,-0.007658,0.000133
1592806203154819,4.999641,1.002324,4.999831,0.999968,-0.002224,-0.007695,0.000143
1592806203238359,4.999713,1.001838,4.999799,0.999968,-0.002216,-0.007699,0.000137
1592806203324146,4.999914,1.002397,4.999644,0.999968,-0.002131,-0.007668,0.000122
1592806203411817,4.999598,1.002123,4.999578,0.999968,-0.002211,-0.007672,0.000134
1592806203499894,4.999954,1.001808,4.999624,0.999968,-0.002133,-0.007688,0.000095
1592806203586887,4.999729,1.002213,4.999732,0.999968,-0.002172,-0.007702,0.000085
1592806203679599,4.999802,1.002291,4.999709,0.999968,-0.002154,-0.007723,0.000105
1592806203774022,5.000029,1.001863,4.999333,0.999969,-0.002134,-0.007650,0.000142
1592806203866699,4.999861,1.001785,4.999587,0.999968,-0.002166,-0.007649,0.000177
1592806203956175,4.999636,1.002389,4.999453,0.999969,-0.002194,-0.007612,0.000161
1592806204045420,4.999565,1.002235,4.999737,0.999968,-0.002184,-0.007650,0.000117
1592806204139653,4.999807,1.002058,4.999686,0.999968,-0.002156,-0.007647,0.000116
1592806204230032,4.999990,1.001636,4.999494,0.999968,-0.002172,-0.007696,0.000122
1592806204321414,4.999836,1.002077,4.999684,0.999968,-0.002190,-0.007722,0.000119
1592806204422490,4.999891,1.002249,4.999580,0.999968,-0.002205,-0.007696,0.000136
1592806204511705,4.999932,1.001895,4.999639,0.999968,-0.002221,-0.007670,0.000169
1592806204600285,4.999612,1.001742,4.999695,0.999968,-0.002261,-0.007676,0.000144
1592806204686622,4.999872,1.002180,4.999372,0.999968,-0.002218,-0.007657,0.000114
1592806204772538,4.999865,1.001671,4.999645,0.999968,-0.002226,-0.007693,0.000133
1592806204856099,4.999758,1.002281,4.999609,0.999968,-0.002160,-0.007718,0.000101
1592806204943723,4.999798,1.002070,4.999586,0.999968,-0.002180,-0.007701,0.000107
1592806205040045,4.999903,1.001923,4.999808,0.999968,-0.002160,-0.007690,0.000108
1592806205137159,4.999938,1.001818,4.999743,0.999968,-0.002163,-0.007724,0.000085
1592806205231080,4.999784,1.001683,4.999532,0.999968,-0.002226,-0.007648,0.000089
1592806205315722,4.999742,1.002070,4.999722,0.999968,-0.002237,-0.007682,0.000070
1592806205400282,5.000102,1.001520,4.999675,0.999968,-0.002215,-0.007697,0.000056
1592806205483870,5.000286,1.001936,4.999861,0.999968,-0.002207,-0.007704,0.000070
1592806205566616,4.999996,1.001658,4.999969,0.999968,-0.002254,-0.007699,0.000100
1592806205649673,4.999697,1.002149,5.000086,0.999968,-0.002256,-0.007679,0.000139
1592806205731654,4.999558,1.001765,4.999672,0.999968,-0.002248,-0.007652,0.000117
1592806205812116,4.999742,1.001913,4.999541,0.999968,-0.002214,-0.007679,0.000094
1592806205892947,4.999903,1.002275,4.999500,0.999968,-0.002213,-0.007662,0.000107
1592806205973399,5.000056,1.001721,4.999448,0.999969,-0.002240,-0.007614,0.000111
1592806206055472,5.000069,1.002024,4.999467,0.999969,-0.002218,-0.007611,0.000089
1592806206136841,4.999965,1.001852,4.999794,0.999968,-0.002184,-0.007673,0.000110
1592806206221468,4.999898,1.002152,4.999736,0.999968,-0.002225,-0.007658,0.000106
1592806206306122,4.999840,1.001822,4.999955,0.999968,-0.002247,-0.007673,0.000117
1592806206392206,4.999675,1.002332,4.999937,0.999968,-0.002236,-0.007671,0.000087
1592806206484938,5.000364,1.001969,4.999437,0.999968,-0.002152,-0.007654,0.000063
1592806206572979,4.999718,1.002032,4.999929,0.999968,-0.002199,-0.007690,0.000097
1592806206657312,4.999820,1.002294,4.999810,0.999968,-0.002212,-0.007671,0.000129
1592806206741114,4.999833,1.001683,4.999560,0.999968,-0.002249,-0.007637,0.000147
1592806206823764,4.999674,1.002255,4.999658,0.999968,-0.002238,-0.007670,0.000130
1592806206904312,4.999721,1.001876,4.999857,0.999968,-0.002219,-0.007687,0.000146
1592806206987322,4.999833,1.002151,4.999544,0.999968,-0.002196,-0.007643,0.000152
1592806207069281,4.999836,1.001673,4.999488,0.999968,-0.002171,-0.007664,0.000157
1592806207152158,4.999755,1.002192,4.999710,0.999968,-0.002160,-0.007646,0.000202
1592806207235372,4.999719,1.001910,4.999356,0.999969,-0.002164,-0.007639,0.000191
1592806207318739,4.999691,1.002225,4.999775,0.999968,-0.002164,-0.007688,0.000188
1592806207402471,4.999706,1.001768,4.999705,0.999968,-0.002187,-0.007661,0.000159
1592806207486161,4.999902,1.002177,4.999648,0.999968,-0.002186,-0.007678,0.000172
1592806207570062,4.999699,1.001721,4.999662,0.999968,-0.002232,-0.007690,0.000168
1592806207654477,4.999677,1.001971,4.999692,0.999968,-0.002238,-0.007704,0.000122
1592806207735982,4.999651,1.001705,4.999953,0.999968,-0.002275,-0.007704,0.000155
1592806207817007,4.999757,1.002096,4.999902,0.999968,-0.002261,-0.007687,0.000132
1592806207900911,4.999790,1.001662,4.999565,0.999968,-0.002271,-0.007662,0.000132
1592806207984041,4.999750,1.001803,4.999486,0.999968,-0.002283,-0.007649,0.000116
1592806208066717,4.999780,1.001497,4.999970,0.999968,-0.002251,-0.007699,0.000082
1592806208150817,4.999884,1.002060,4.999968,0.999968,-0.002202,-0.007688,0.000091
1592806208234799,4.999862,1.001588,4.999850,0.999968,-0.002201,-0.007703,0.000099
1592806208318920,4.999949,1.001933,4.999897,0.999968,-0.002225,-0.007734,0.000102
1592806208402717,4.999840,1.001665,4.999673,0.999968,-0.002238,-0.007695,0.000115
1592806208486828,4.999838,1.002048,5.000123,0.999968,-0.002244,-0.007722,0.000118
1592806208572452,5.000020,1.001723,4.999780,0.999968,-0.002222,-0.007691,0.000091
1592806208656806,4.999728,1.002206,4.999715,0.999968,-0.002233,-0.007684,0.000062
1592806208740507,4.999924,1.001866,4.999956,0.999968,-0.002208,-0.007670,0.000036
1592806208822244,4.999930,1.002034,4.999933,0.999968,-0.002233,-0.007675,0.000031
1592806208906667,4.999957,1.001775,5.000014,0.999968,-0.002217,-0.007706,0.000005
1592806208996953,5.000120,1.002301,4.999981,0.999968,-0.002196,-0.007690,0.000044
1592806209079152,5.000076,1.001828,4.999527,0.999968,-0.002179,-0.007671,0.000132
1592806209161803,4.999593,1.002155,4.999691,0.999968,-0.002218,-0.007707,0.000115
1592806209245521,4.999722,1.002003,4.999765,0.999968,-0.002231,-0.007683,0.000114
1592806209331218,4.999864,1.001722,4.999810,0.999968,-0.002212,-0.007676,0.000085
1592806209415474,5.000073,1.001911,4.999782,0.999968,-0.002186,-0.007651,0.000070
1592806209499775,4.999802,1.001739,4.999953,0.999968,-0.002235,-0.007655,0.000074
1592806209583902,4.999904,1.002040,4.999815,0.999969,-0.002224,-0.007591,0.000117
1592806209668109,4.999878,1.001719,4.999746,0.999969,-0.002270,-0.007590,0.000168
1592806209750382,4.999471,1.002030,4.999545,0.999968,-0.002298,-0.007602,0.000182
1592806209832388,4.999497,1.001612,4.999627,0.999968,-0.002284,-0.007626,0.000187
1592806209913579,4.999872,1.001775,4.999620,0.999968,-0.002282,-0.007622,0.000164
1592806209998523,4.999937,1.001565,4.999652,0.999968,-0.002246,-0.007644,0.000111
1592806210083710,5.000074,1.001956,4.999625,0.999968,-0.002241,-0.007628,0.000136
1592806210168949,4.999873,1.001744,4.999783,0.999968,-0.002236,-0.007659,0.000122
1592806210253486,4.999788,1.002053,4.999960,0.999969,-0.002246,-0.007613,0.000103
1592806210337736,4.999779,1.001656,4.999735,0.999969,-0.002256,-0.007585,0.000081
1592806210423215,4.999747,1.002262,4.999715,0.999969,-0.002251,-0.007586,0.000109
1592806210508440,4.999869,1.001846,4.999685,0.999969,-0.002255,-0.007591,0.000121
1592806210592083,4.999710,1.002078,4.999619,0.999969,-0.002298,-0.007577,0.000133
1592806210676288,4.999861,1.001779,4.999474,0.999969,-0.002306,-0.007589,0.000138
1592806210760124,4.999787,1.002069,4.999675,0.999968,-0.002301,-0.007599,0.000153
1592806210844353,5.000030,1.001602,4.999424,0.999968,-0.002306,-0.007609,0.000159
1592806210932115,4.999993,1.001410,4.999824,0.999968,-0.002331,-0.007640,0.000145
1592806211026429,4.999619,1.001882,4.999805,0.999968,-0.002352,-0.007634,0.000131
1592806211110243,4.999671,1.001810,4.999736,0.999968,-0.002315,-0.007631,0.000130
1592806211194744,4.999678,1.002185,4.999673,0.999968,-0.002299,-0.007609,0.000147
1592806211283773,4.999928,1.001699,4.999342,0.999969,-0.002324,-0.007586,0.000164
1592806211368490,4.999591,1.001660,4.999660,0.999968,-0.002325,-0.007624,0.000170
1592806211457534,4.999702,1.001917,4.999709,0.999968,-0.002303,-0.007658,0.000143
1592806211551059,4.999918,1.001770,4.999746,0.999968,-0.002313,-0.007656,0.000145
1592806211633960,4.999701,1.001580,4.999945,0.999968,-0.002335,-0.007648,0.000097
1592806211715698,4.999847,1.001779,4.999980,0.999968,-0.002295,-0.007654,0.000065
1592806211797382,5.000054,1.001491,4.999654,0.999968,-0.002277,-0.007639,0.000073
1592806211879942,5.000013,1.001737,4.999649,0.999968,-0.002257,-0.007634,0.000117
1592806211963568,4.999785,1.001524,4.999560,0.999968,-0.002287,-0.007608,0.000124
1592806212043808,4.999766,1.001738,4.999790,0.999968,-0.002291,-0.007656,0.000151
1592806212126925,4.999644,1.001503,4.999786,0.999968,-0.002300,-0.007697,0.000156
1592806212208064,4.999724,1.001583,4.999701,0.999968,-0.002292,-0.007686,0.000139
1592806212292409,4.999863,1.001894,4.999712,0.999968,-0.002290,-0.007699,0.000134
1592806212376523,4.999856,1.001617,4.999706,0.999968,-0.002299,-0.007690,0.000083
1592806212460762,4.999946,1.001915,4.999810,0.999968,-0.002294,-0.007678,0.000072
1592806212543344,4.999855,1.001784,4.999984,0.999968,-0.002262,-0.007668,0.000065
1592806212625129,4.999948,1.001886,4.999702,0.999968,-0.002287,-0.007656,0.000096
1592806212707484,5.000096,1.001515,4.999584,0.999968,-0.002276,-0.007673,0.000108
1592806212789233,4.999965,1.001787,4.999869,0.999968,-0.002247,-0.007705,0.000096
1592806212871999,4.999803,1.001693,4.999815,0.999968,-0.002251,-0.007706,0.000068
1592806212954091,4.999917,1.001906,4.999697,0.999968,-0.002230,-0.007701,0.000085
1592806213037260,4.999931,1.001518,4.999847,0.999968,-0.002302,-0.007657,0.000099
1592806213120898,4.999821,1.001845,4.999713,0.999968,-0.002298,-0.007623,0.000113
1592806213205434,4.999642,1.001689,4.999861,0.999968,-0.002296,-0.007658,0.000105
1592806213290181,4.999839,1.001896,4.999821,0.999968,-0.002252,-0.007679,0.000084
1592806213375485,4.999790,1.001647,4.999844,0.999968,-0.002233,-0.007675,0.000083
1592806213460139,4.999978,1.001523,4.999613,0.999968,-0.002236,-0.007660,0.000109
1592806213543814,4.999955,1.001664,4.999580,0.999968,-0.002247,-0.007653,0.000099
1592806213626094,4.999925,1.001838,4.999753,0.999968,-0.002217,-0.007642,0.000118
1592806213709375,4.999815,1.001667,4.999489,0.999969,-0.002249,-0.007611,0.000170
1592806213792492,4.999763,1.002057,4.999794,0.999968,-0.002247,-0.007634,0.000158
1592806213875377,4.999753,1.001648,4.999666,0.999968,-0.002262,-0.007623,0.000155
1592806213956841,4.999637,1.002116,4.999649,0.999969,-0.002241,-0.007612,0.000108
1592806214043842,4.999767,1.001805,4.999848,0.999968,-0.002231,-0.007640,0.000110
1592806214130267,4.999925,1.001453,4.999658,0.999969,-0.002220,-0.007611,0.000086
1592806214211216,5.000078,1.001754,4.999775,0.999969,-0.002216,-0.007611,0.000079
1592806214294968,5.000012,1.001508,4.999578,0.999969,-0.002198,-0.007599,0.000116
1592806214380117,4.999735,1.001839,4.999656,0.999968,-0.002225,-0.007630,0.000160
1592806214464632,4.999588,1.001651,4.999877,0.999968,-0.002278,-0.007619,0.000166
1592806214546916,4.999631,1.001666,4.999692,0.999969,-0.002291,-0.007594,0.000166
1592806214629805,4.999825,1.001434,4.999522,0.999968,-0.002298,-0.007599,0.000172
1592806214715948,4.999773,1.001796,4.999407,0.999969,-0.002311,-0.007579,0.000167
1592806214812095,4.999701,1.001717,4.999786,0.999969,-0.002308,-0.007591,0.000152
1592806214903994,4.999770,1.001552,4.999575,0.999969,-0.002284,-0.007588,0.000131
1592806214984312,4.999876,1.001819,4.999619,0.999968,-0.002294,-0.007633,0.000089
1592806215066374,4.999736,1.001536,4.999919,0.999968,-0.002279,-0.007655,0.000109
1592806215149390,4.999933,1.001671,4.999790,0.999968,-0.002290,-0.007628,0.000113
1592806215236083,4.999918,1.001588,4.999687,0.999968,-0.002274,-0.007612,0.000141
1592806215335803,4.999744,1.001673,4.999526,0.999969,-0.002291,-0.007578,0.000125
1592806215431328,4.999866,1.001554,4.999585,0.999969,-0.002278,-0.007576,0.000121
1592806215525515,5.000028,1.001875,4.999585,0.999969,-0.002245,-0.007601,0.000117
1592806215616572,4.999813,1.001825,4.999632,0.999968,-0.002261,-0.007616,0.000092
1592806215698174,4.999783,1.001675,5.000101,0.999968,-0.002270,-0.007640,0.000103
1592806215779528,4.999754,1.001763,4.999732,0.999968,-0.002281,-0.007643,0.000104
1592806215859914,4.999928,1.001805,4.999760,0.999968,-0.002264,-0.007684,0.000071
1592806215939145,4.999978,1.001573,4.999726,0.999968,-0.002289,-0.007683,0.000077
1592806216019401,5.000012,1.001665,4.999754,0.999968,-0.002289,-0.007689,0.000077
1592806216100876,4.999996,1.001438,4.999952,0.999968,-0.002312,-0.007677,0.000088
1592806216182739,4.999795,1.001561,4.999706,0.999968,-0.002325,-0.007660,0.000123
1592806216265949,4.999862,1.001248,4.999725,0.999968,-0.002368,-0.007656,0.000109
1592806216350000,4.999995,1.001426,4.999722,0.999968,-0.002350,-0.007638,0.000134
1592806216435026,4.999858,1.001371,4.999470,0.999968,-0.002361,-0.007637,0.000128
1592806216521079,4.999722,1.001627,4.999789,0.999968,-0.002333,-0.007671,0.000115
1592806216605267,4.999909,1.001526,4.999723,0.999968,-0.002295,-0.007652,0.000105
1592806216687336,4.999974,1.001681,4.999572,0.999968,-0.002292,-0.007651,0.000087
1592806216769324,4.999832,1.001383,4.999788,0.999968,-0.002313,-0.007605,0.000083
1592806216852983,4.999592,1.001835,4.999843,0.999968,-0.002334,-0.007634,0.000102
1592806216935741,5.000079,1.001267,4.999531,0.999968,-0.002350,-0.007630,0.000123
1592806217027238,4.999641,1.001721,4.999709,0.999968,-0.002355,-0.007630,0.000143
1592806217108472,4.999845,1.001604,4.999734,0.999969,-0.002323,-0.007594,0.000135
1592806217190687,4.999789,1.001811,5.000018,0.999968,-0.002302,-0.007616,0.000113
1592806217274370,4.999936,1.001553,4.999682,0.999969,-0.002295,-0.007591,0.000132
1592806217359093,4.999998,1.001858,4.999641,0.999969,-0.002279,-0.007577,0.000125
1592806217445326,4.999690,1.001737,4.999677,0.999969,-0.002308,-0.007566,0.000118
1592806217528804,4.999691,1.001397,4.999801,0.999969,-0.002288,-0.007573,0.000110
1592806217611396,4.999839,1.001703,4.999749,0.999969,-0.002290,-0.007582,0.000126
1592806217694870,4.999869,1.001831,4.999474,0.999969,-0.002266,-0.007577,0.000129
1592806217778927,5.000051,1.001520,4.999576,0.999968,-0.002270,-0.007622,0.000147
1592806217861750,4.999726,1.001488,4.999768,0.999969,-0.002285,-0.007592,0.000132
1592806217944154,4.999551,1.001768,4.999876,0.999969,-0.002307,-0.007594,0.000112
1592806218026223,4.999931,1.001472,4.999775,0.999968,-0.002312,-0.007601,0.000117
1592806218108151,4.999816,1.001523,4.999614,0.999968,-0.002329,-0.007602,0.000136
1592806218191169,4.999926,1.001815,4.999717,0.999969,-0.002318,-0.007577,0.000105
1592806218277983,4.999948,1.001629,4.999529,0.999969,-0.002322,-0.007562,0.000109
1592806218362670,4.999809,1.001462,4.999689,0.999968,-0.002327,-0.007595,0.000109
1592806218447202,4.999938,1.001542,4.999692,0.999968,-0.002300,-0.007638,0.000108
1592806218532581,4.999733,1.001459,4.999830,0.999968,-0.002311,-0.007625,0.000126
1592806218619268,4.999931,1.001416,4.999310,0.999968,-0.002299,-0.007626,0.000147
1592806218704515,4.999742,1.001519,4.999650,0.999968,-0.002274,-0.007644,0.000155
1592806218793858,4.999701,1.001847,4.999516,0.999968,-0.002268,-0.007682,0.000080
1592806218892926,5.000038,1.001775,4.999719,0.999968,-0.002278,-0.007646,0.000111
1592806218977594,4.999860,1.001603,5.000012,0.999968,-0.002288,-0.007639,0.000089
1592806219062603,4.999934,1.001373,4.999850,0.999968,-0.002268,-0.007650,0.000093
1592806219147183,4.999963,1.001628,4.999446,0.999968,-0.002302,-0.007634,0.000104
1592806219231492,4.999731,1.001459,4.999775,0.999968,-0.002313,-0.007683,0.000116
1592806219318628,4.999687,1.001620,4.999934,0.999968,-0.002331,-0.007700,0.000097
1592806219405857,4.999962,1.001455,4.999658,0.999968,-0.002294,-0.007677,0.000114
1592806219493441,4.999874,1.001638,5.000037,0.999968,-0.002282,-0.007717,0.000065
1592806219580313,4.999812,1.001492,4.999883,0.999968,-0.002296,-0.007681,0.000065
1592806219664705,4.999997,1.001388,4.999826,0.999968,-0.002265,-0.007672,0.000064
1592806219751200,5.000219,1.001477,4.999754,0.999968,-0.002290,-0.007683,0.000088
1592806219836252,4.999884,1.001415,4.999580,0.999968,-0.002302,-0.007651,0.000142
1592806219935701,4.999663,1.001604,4.999867,0.999968,-0.002300,-0.007655,0.000122
1592806220031450,5.000101,1.001196,4.999827,0.999968,-0.002321,-0.007689,0.000123
1592806220124600,4.999958,1.001605,4.999521,0.999968,-0.002314,-0.007690,0.000120
1592806220211904,4.999794,1.001531,4.999815,0.999968,-0.002338,-0.007668,0.000130
1592806220298350,4.999795,1.001319,4.999893,0.999968,-0.002356,-0.007660,0.000110
1592806220389151,4.999722,1.001547,4.999756,0.999968,-0.002389,-0.007631,0.000124
1592806220484254,4.999712,1.001505,4.999729,0.999968,-0.002346,-0.007640,0.000137
1592806220569820,4.999820,1.001523,4.999586,0.999968,-0.002337,-0.007604,0.000121
1592806220654520,4.999622,1.001835,4.999751,0.999968,-0.002354,-0.007609,0.000118
1592806220738086,4.999947,1.001443,4.999791,0.999968,-0.002360,-0.007643,0.000102
1592806220821126,4.999837,1.001669,4.999778,0.999968,-0.002348,-0.007605,0.000103
1592806220905943,4.999835,1.001413,4.999866,0.999968,-0.002359,-0.007649,0.000144
1592806220991809,4.999817,1.001441,4.999742,0.999968,-0.002401,-0.007640,0.000128
1592806221078083,4.999551,1.001328,4.999613,0.999968,-0.002414,-0.007631,0.000139
1592806221169804,4.999836,1.001486,4.999659,0.999968,-0.002361,-0.007612,0.000117
1592806221269728,4.999916,1.001371,4.999658,0.999968,-0.002357,-0.007615,0.000121
1592806221363095,4.999676,1.001497,4.999781,0.999968,-0.002346,-0.007590,0.000102
1592806221460239,4.999615,1.001936,5.000031,0.999969,-0.002370,-0.007557,0.000104
1592806221562916,4.999591,1.001619,4.999832,0.999968,-0.002389,-0.007578,0.000121
1592806221654113,4.999728,1.001655,4.999778,0.999968,-0.002376,-0.007583,0.000114
1592806221748616,5.000077,1.001456,4.999519,0.999969,-0.002367,-0.007580,0.000098
1592806221839402,4.999811,1.001631,4.999970,0.999968,-0.002401,-0.007584,0.000089
1592806221928942,4.999729,1.001297,5.000044,0.999968,-0.002409,-0.007582,0.000147
1592806222017502,4.999785,1.000874,4.999902,0.999969,-0.002450,-0.007546,0.000112
1592806222106757,4.999550,1.000846,5.000345,0.999968,-0.002541,-0.007593,0.000069
1592806222199232,4.999888,1.000567,5.000275,0.999968,-0.002568,-0.007620,0.000016
1592806222294488,5.000175,1.000481,5.000299,0.999967,-0.002635,-0.007628,0.000000
1592806222385947,5.000233,1.000556,5.000273,0.999967,-0.002646,-0.007655,-0.000022
1592806222476915,5.000419,1.000269,5.000290,0.999967,-0.002687,-0.007688,-0.000061
1592806222570058,5.000356,1.000203,5.000268,0.999967,-0.002699,-0.007669,-0.000085
1592806222660194,5.000331,1.000580,5.000415,0.999967,-0.002731,-0.007679,-0.000102
1592806222747342,5.000339,1.000191,5.000618,0.999967,-0.002758,-0.007696,-0.000110
1592806222831748,5.000380,1.000030,5.000327,0.999966,-0.002756,-0.007736,-0.000108
1592806222916796,5.000389,1.000226,5.000571,0.999966,-0.002755,-0.007744,-0.000129
1592806222999672,5.000804,0.999817,5.000232,0.999966,-0.002782,-0.007726,-0.000131
1592806223083940,5.000547,0.999820,5.000489,0.999966,-0.002785,-0.007731,-0.000144
1592806223171967,5.000520,0.999995,5.000392,0.999966,-0.002793,-0.007731,-0.000151
1592806223260397,5.000711,0.999917,5.000164,0.999966,-0.002826,-0.007708,-0.000163
1592806223368540,5.000791,0.999712,5.000341,0.999966,-0.002806,-0.007745,-0.000155
1592806223456246,5.000550,1.000170,5.000436,0.999966,-0.002783,-0.007761,-0.000142
1592806223543020,5.000647,0.999951,5.000299,0.999966,-0.002734,-0.007731,-0.000145
1592806223629470,5.000787,0.999945,5.000346,0.999966,-0.002727,-0.007740,-0.000159
1592806223714833,5.000663,1.000091,5.000469,0.999967,-0.002736,-0.007717,-0.000109
1592806223797781,5.000249,1.000051,5.000456,0.999967,-0.002765,-0.007698,-0.000130
1592806223879810,5.000324,0.999830,5.000365,0.999967,-0.002748,-0.007681,-0.000121
1592806223961833,5.000556,0.999968,5.000279,0.999967,-0.002737,-0.007689,-0.000120
1592806224045119,5.000275,1.000355,5.000650,0.999967,-0.002740,-0.007706,-0.000132
1592806224128658,5.000447,1.000173,5.000565,0.999966,-0.002725,-0.007728,-0.000125
1592806224216978,5.000475,0.999980,5.000329,0.999967,-0.002744,-0.007699,-0.000069
1592806224304053,5.000243,1.000162,5.000344,0.999966,-0.002746,-0.007722,-0.000065
1592806224395320,5.000477,0.999933,5.000340,0.999967,-0.002739,-0.007674,-0.000041
1592806224483475,5.000528,1.000252,5.000227,0.999967,-0.002751,-0.007652,-0.000023
1592806224570446,5.000103,1.000017,5.000209,0.999967,-0.002760,-0.007652,-0.000004
1592806224656414,4.999817,1.000540,5.000366,0.999967,-0.002761,-0.007664,-0.000046
1592806224742532,5.000305,1.000041,5.000155,0.999967,-0.002722,-0.007645,-0.000049
1592806224831042,5.000508,1.000069,5.000237,0.999967,-0.002694,-0.007653,-0.000078
1592806224915612,5.000379,1.000085,5.000363,0.999967,-0.002693,-0.007645,-0.000051
1592806225000061,5.000304,1.000141,5.000242,0.999967,-0.002689,-0.007626,-0.000061
1592806225084309,4.999944,1.000535,5.000573,0.999967,-0.002691,-0.007665,-0.000092
1592806225170388,5.000499,1.000180,5.000207,0.999967,-0.002657,-0.007689,-0.000098
1592806225257152,5.000518,1.000366,5.000278,0.999967,-0.002646,-0.007678,-0.000049
1592806225344241,5.000130,1.000317,5.000404,0.999967,-0.002661,-0.007653,-0.000056
1592806225431665,5.000350,1.000198,5.000172,0.999967,-0.002651,-0.007631,-0.000062
1592806225519024,5.000287,1.000533,5.000287,0.999967,-0.002663,-0.007615,-0.000081
1592806225605046,5.000435,1.000327,5.000247,0.999967,-0.002676,-0.007665,-0.000073
1592806225691287,5.000380,1.000248,5.000277,0.999967,-0.002684,-0.007659,-0.000103
1592806225775436,5.000471,1.000152,5.000540,0.999967,-0.002677,-0.007683,-0.000126
1592806225858526,5.000340,1.000074,5.000539,0.999967,-0.002673,-0.007695,-0.000101
1592806225940771,5.000346,1.000146,5.000392,0.999967,-0.002690,-0.007701,-0.000090
1592806226023334,5.000483,1.000243,5.000333,0.999967,-0.002681,-0.007644,-0.000065
1592806226105165,5.000227,1.000149,5.000482,0.999967,-0.002694,-0.007667,-0.000075
1592806226189807,5.000448,1.000195,5.000070,0.999967,-0.002715,-0.007621,-0.000075
1592806226275334,5.000311,1.000131,5.000343,0.999967,-0.002732,-0.007655,-0.000079
1592806226359889,5.000264,1.000062,5.000538,0.999967,-0.002708,-0.007640,-0.000072
1592806226445003,5.000404,1.000067,5.000457,0.999967,-0.002702,-0.007634,-0.000059
1592806226540054,5.000292,1.000149,5.000403,0.999967,-0.002679,-0.007638,-0.000084
1592806226625064,5.000441,1.000430,5.000251,0.999967,-0.002680,-0.007674,-0.000101
1592806226709143,5.000320,1.000148,5.000754,0.999967,-0.002727,-0.007652,-0.000100
1592806226802775,5.000185,1.000060,5.000494,0.999967,-0.002749,-0.007669,-0.000090
1592806226886289,5.000351,1.000023,5.000310,0.999967,-0.002708,-0.007662,-0.000124
1592806226969463,5.000688,1.000047,5.000319,0.999967,-0.002668,-0.007688,-0.000132
1592806227052944,5.000621,1.000210,5.000417,0.999967,-0.002674,-0.007706,-0.000109
1592806227141927,5.000252,1.000038,5.000554,0.999967,-0.002649,-0.007700,-0.000098
1592806227239235,5.000681,1.000121,5.000296,0.999967,-0.002636,-0.007693,-0.000122
1592806227324912,5.000619,1.000500,5.000571,0.999967,-0.002642,-0.007682,-0.000134
1592806227410321,5.000673,1.000067,5.000430,0.999967,-0.002632,-0.007686,-0.000102
1592806227495754,5.000273,0.999951,5.000296,0.999967,-0.002625,-0.007642,-0.000061
1592806227581439,5.000210,1.000372,5.000307,0.999967,-0.002640,-0.007642,-0.000081
1592806227664989,5.000167,1.000137,5.000366,0.999967,-0.002664,-0.007627,-0.000064
1592806227752972,5.000528,1.000086,5.000095,0.999968,-0.002684,-0.007594,-0.000025
1592806227847374,5.000405,1.000167,5.000130,0.999968,-0.002649,-0.007593,-0.000034
1592806227934591,5.000303,1.000222,5.000300,0.999968,-0.002642,-0.007589,-0.000074
1592806228019109,5.000037,1.000580,5.000451,0.999968,-0.002650,-0.007589,-0.000055
1592806228103477,5.000340,1.000002,5.000159,0.999968,-0.002661,-0.007587,-0.000050
1592806228188268,5.000574,1.000320,5.000352,0.999968,-0.002648,-0.007591,-0.000013
1592806228272682,4.999918,1.000436,5.000535,0.999968,-0.002639,-0.007569,-0.000055
1592806228359539,5.000183,1.000592,5.000325,0.999968,-0.002648,-0.007566,-0.000029
1592806228451891,5.000367,1.000281,5.000227,0.999968,-0.002659,-0.007575,-0.000050
1592806228542653,5.000309,1.000163,5.000084,0.999968,-0.002677,-0.007596,-0.000042
1592806228627567,5.000214,1.000098,5.000360,0.999968,-0.002693,-0.007563,-0.000051
1592806228712153,5.000525,1.000141,5.000020,0.999968,-0.002681,-0.007590,-0.000066
1592806228795602,5.000258,1.000101,5.000475,0.999968,-0.002703,-0.007597,-0.000041
1592806228878500,5.000187,1.000193,5.000480,0.999967,-0.002698,-0.007619,-0.000036
1592806228961188,5.000556,0.999795,5.000233,0.999968,-0.002667,-0.007597,-0.000030
1592806229043143,5.000349,1.000212,5.000255,0.999968,-0.002666,-0.007609,-0.000040
1592806229126012,5.000398,0.999907,5.000339,0.999968,-0.002634,-0.007618,-0.000062
1592806229210364,5.000479,1.000264,5.000361,0.999968,-0.002637,-0.007618,-0.000082
1592806229294976,5.000192,1.000479,5.000299,0.999967,-0.002669,-0.007617,-0.000059
1592806229381041,5.000240,1.000130,5.000275,0.999967,-0.002652,-0.007630,-0.000086
1592806229468715,5.000684,0.999778,5.000213,0.999967,-0.002643,-0.007632,-0.000079
1592806229553991,5.000575,0.999961,5.000010,0.999967,-0.002661,-0.007664,-0.000089
1592806229640925,5.000149,1.000193,5.000453,0.999967,-0.002694,-0.007607,-0.000075
1592806229727281,5.000256,1.000027,5.000362,0.999967,-0.002686,-0.007616,-0.000096
1592806229814680,5.000410,1.000080,5.000595,0.999968,-0.002690,-0.007580,-0.000070
1592806229901846,5.000371,1.000007,5.000373,0.999968,-0.002658,-0.007595,-0.000045
1592806229988558,5.000298,1.000334,5.000308,0.999968,-0.002623,-0.007607,-0.000051
1592806230077528,5.000334,1.000062,5.000351,0.999968,-0.002632,-0.007611,-0.000093
1592806230164779,5.000444,1.000121,5.000511,0.999968,-0.002568,-0.007617,-0.000156
1592806230252472,5.000619,1.000276,5.000380,0.999968,-0.002583,-0.007584,-0.000154
1592806230340398,5.000484,1.000317,5.000535,0.999968,-0.002575,-0.007639,-0.000149
1592806230427994,5.000619,0.999878,5.000383,0.999967,-0.002600,-0.007639,-0.000143
1592806230516367,5.000507,1.000295,5.000115,0.999967,-0.002626,-0.007628,-0.000120
1592806230605361,5.000693,0.999822,5.000359,0.999968,-0.002634,-0.007628,-0.000080
1592806230692775,5.000525,1.000195,5.000462,0.999967,-0.002628,-0.007699,-0.000085
1592806230779863,5.000285,1.000124,5.000237,0.999967,-0.002668,-0.007660,-0.000115
1592806230870231,5.000426,0.999976,5.000497,0.999968,-0.002633,-0.007623,-0.000119
1592806230957815,5.000238,1.000272,5.000563,0.999967,-0.002659,-0.007617,-0.000144
1592806231047775,5.000516,1.000188,5.000460,0.999968,-0.002674,-0.007601,-0.000129
1592806231135982,5.000424,0.999922,5.000310,0.999968,-0.002664,-0.007599,-0.000131
1592806231227040,5.000578,1.000330,5.000271,0.999968,-0.002687,-0.007601,-0.000097
1592806231317193,5.000352,1.000067,5.000501,0.999967,-0.002680,-0.007615,-0.000113
1592806231407386,5.000613,0.999850,5.000201,0.999968,-0.002686,-0.007598,-0.000131
1592806231500942,5.000617,0.999770,5.000258,0.999968,-0.002669,-0.007580,-0.000109
1592806231592191,5.000713,1.000081,5.000165,0.999968,-0.002641,-0.007564,-0.000084
1592806231680553,5.000529,1.000058,5.000003,0.999968,-0.002675,-0.007554,-0.000088
1592806231770172,5.000208,1.000287,5.000480,0.999968,-0.002672,-0.007564,-0.000083
1592806231859850,5.000415,1.000037,5.000461,0.999968,-0.002613,-0.007553,-0.000088
1592806231949295,5.000456,1.000213,5.000239,0.999968,-0.002606,-0.007593,-0.000068
1592806232034366,5.000527,1.000045,5.000133,0.999968,-0.002618,-0.007564,-0.000068
1592806232123079,5.000224,1.000271,5.000519,0.999968,-0.002626,-0.007571,-0.000074
1592806232212533,5.000124,1.000234,5.000483,0.999968,-0.002644,-0.007538,-0.000036
1592806232303755,5.000055,1.000264,5.000308,0.999968,-0.002647,-0.007584,-0.000042
1592806232390219,5.000250,1.000182,5.000297,0.999968,-0.002641,-0.007580,-0.000036
1592806232476720,5.000696,0.999893,5.000013,0.999968,-0.002679,-0.007552,-0.000061
1592806232562664,5.000422,0.999795,5.000084,0.999968,-0.002705,-0.007552,-0.000072
1592806232658384,5.000342,0.999933,5.000369,0.999968,-0.002710,-0.007556,-0.000079
1592806232744422,5.000342,1.000155,5.000407,0.999968,-0.002687,-0.007552,-0.000061
1592806232830988,5.000226,1.000020,5.000221,0.999968,-0.002703,-0.007547,-0.000051
1592806232917221,5.000417,0.999959,5.000194,0.999968,-0.002694,-0.007580,-0.000073
1592806233007660,5.000700,0.999854,5.000015,0.999968,-0.002706,-0.007555,-0.000052
1592806233096452,5.000291,0.999875,5.000325,0.999968,-0.002716,-0.007582,-0.000066
1592806233190984,5.000487,1.000137,5.000367,0.999967,-0.002687,-0.007621,-0.000093
1592806233293029,5.000638,0.999696,5.000238,0.999967,-0.002705,-0.007606,-0.000078
1592806233385358,5.000321,1.000155,5.000355,0.999968,-0.002719,-0.007571,-0.000071
1592806233481027,5.000663,0.999808,5.000273,0.999968,-0.002664,-0.007578,-0.000051
1592806233591499,5.000315,0.999908,5.000412,0.999968,-0.002704,-0.007593,-0.000023
1592806233690822,5.000188,0.999921,5.000022,0.999968,-0.002710,-0.007564,-0.000045
1592806233778784,5.000459,0.999791,5.000177,0.999968,-0.002700,-0.007574,-0.000033
1592806233865538,5.000175,0.999926,5.000266,0.999968,-0.002715,-0.007585,-0.000059
1592806233950510,5.000628,0.999802,5.000139,0.999968,-0.002728,-0.007567,-0.000104
1592806234036125,5.000398,0.999707,5.000335,0.999968,-0.002758,-0.007549,-0.000075
1592806234120729,5.000467,0.999924,5.000280,0.999968,-0.002721,-0.007566,-0.000069
1592806234209379,5.000356,0.999935,5.000409,0.999968,-0.002698,-0.007587,-0.000094
1592806234298061,5.000456,0.999845,5.000407,0.999968,-0.002684,-0.007558,-0.000077
1592806234387101,5.000387,1.000134,5.000117,0.999968,-0.002672,-0.007576,-0.000044
1592806234473672,5.000504,0.999775,5.000025,0.999968,-0.002617,-0.007560,-0.000063
1592806234560386,5.000438,1.000110,5.000433,0.999968,-0.002629,-0.007544,-0.000101
1592806234646734,5.000226,1.000312,5.000318,0.999968,-0.002626,-0.007561,-0.000109
1592806234731550,5.000442,0.999876,5.000322,0.999968,-0.002620,-0.007572,-0.000135
1592806234816412,5.000366,0.999970,5.000590,0.999968,-0.002662,-0.007600,-0.000107
1592806234902502,5.000367,1.000005,5.000388,0.999968,-0.002670,-0.007585,-0.000087
1592806234986742,5.000490,1.000149,5.000305,0.999968,-0.002678,-0.007541,-0.000081
1592806235070872,5.000299,1.000056,5.000409,0.999968,-0.002648,-0.007597,-0.000107
1592806235155989,5.000391,1.000171,5.000547,0.999968,-0.002628,-0.007574,-0.000062
1592806235241209,5.000496,0.999954,5.000122,0.999968,-0.002620,-0.007560,-0.000065
1592806235329100,5.000225,1.000014,5.000214,0.999968,-0.002646,-0.007554,-0.000049
1592806235429457,5.000291,0.999773,5.000281,0.999968,-0.002666,-0.007551,-0.000052
1592806235516369,5.000369,1.000088,5.000458,0.999968,-0.002637,-0.007593,-0.000064
1592806235607422,5.000426,1.000028,5.000382,0.999968,-0.002624,-0.007574,-0.000059
1592806235704663,5.000170,1.000135,5.000558,0.999968,-0.002597,-0.007547,-0.000049
1592806235794585,5.000165,1.000220,5.000537,0.999968,-0.002593,-0.007540,-0.000064
1592806235894765,5.000215,0.999985,5.000246,0.999968,-0.002605,-0.007548,-0.000040
1592806235980422,5.000352,1.000228,5.000149,0.999968,-0.002611,-0.007546,-0.000045
1592806236066186,5.000322,1.000090,5.000270,0.999968,-0.002616,-0.007513,-0.000083
1592806236151332,5.000395,1.000333,5.000545,0.999969,-0.002606,-0.007497,-0.000064
1592806236236106,5.000098,1.000010,5.000315,0.999968,-0.002612,-0.007526,-0.000114
1592806236323943,5.000726,0.999838,5.000208,0.999968,-0.002627,-0.007508,-0.000110
1592806236409265,5.000465,0.999960,5.000353,0.999968,-0.002637,-0.007498,-0.000099
1592806236494600,5.000391,0.999811,5.000465,0.999968,-0.002622,-0.007543,-0.000144
1592806236580432,5.000763,1.000016,5.000351,0.999968,-0.002644,-0.007543,-0.000144
1592806236664719,5.000514,0.999982,5.000293,0.999968,-0.002631,-0.007584,-0.000120
1592806250912644,5.000018,1.000449,4.999831,0.999975,-0.002072,-0.006728,0.000073
1592806250964082,5.000004,1.000804,4.999780,0.999975,-0.002090,-0.006693,0.000101
1592806251001786,4.999987,1.000939,4.999769,0.999976,-0.002071,-0.006655,0.000100
1592806251039649,4.999993,1.000920,4.999712,0.999976,-0.002092,-0.006602,0.000082
1592806251077838,4.999959,1.001180,4.999837,0.999976,-0.002077,-0.006663,0.000047
1592806251115689,4.999939,1.001186,4.999801,0.999976,-0.002045,-0.006662,0.000058
1592806251152648,5.000000,1.000432,4.999467,0.999976,-0.002003,-0.006566,0.000084
1592806251188947,4.999999,1.001238,4.999376,0.999977,-0.001993,-0.006507,0.000101
1592806251224954,4.999995,1.002355,4.999259,0.999977,-0.001967,-0.006470,0.000098
1592806251259618,4.999964,1.000601,4.999717,0.999976,-0.002006,-0.006597,0.000091
1592806251292938,4.999989,1.000648,4.999321,0.999977,-0.002025,-0.006485,0.000102
1592806251326745,5.000051,1.000854,4.999799,0.999976,-0.002001,-0.006671,0.000097
1592806251362138,5.000093,1.001900,4.999883,0.999976,-0.002004,-0.006658,0.000081
1592806251399209,4.999974,1.000687,4.999818,0.999976,-0.002038,-0.006639,0.000068
1592806251436440,4.999989,1.000906,4.999829,0.999976,-0.002034,-0.006662,0.000050
1592806251471376,5.000008,1.001052,4.999729,0.999976,-0.002023,-0.006657,0.000042
1592806251505398,5.000028,1.000853,4.999615,0.999976,-0.002026,-0.006616,0.000037
1592806251538605,5.000031,1.000878,4.999693,0.999976,-0.002016,-0.006614,0.000033
1592806251571717,5.000035,1.000930,4.999760,0.999976,-0.002030,-0.006642,0.000042
1592806251604040,5.000071,1.001814,4.999712,0.999976,-0.002011,-0.006624,0.000061
1592806251640579,5.000050,1.000974,4.999706,0.999976,-0.002008,-0.006632,0.000098
1592806251676406,5.000011,1.001181,4.999810,0.999976,-0.002013,-0.006605,0.000085
1592806251711862,5.000020,1.002335,4.999883,0.999976,-0.002019,-0.006587,0.000087
1592806251744912,5.000029,1.000882,4.999822,0.999976,-0.002019,-0.006617,0.000068
1592806251778582,5.000015,1.001000,4.999793,0.999976,-0.002007,-0.006602,0.000066
1592806251811844,5.000001,1.001190,4.999759,0.999976,-0.002008,-0.006620,0.000091
1592806251845577,4.999979,1.001107,4.999804,0.999976,-0.002013,-0.006612,0.000088
1592806251877665,4.999990,1.000963,4.999696,0.999976,-0.001994,-0.006591,0.000108
1592806251910177,4.999994,1.002016,4.999708,0.999976,-0.001994,-0.006579,0.000108
1592806251943013,5.000000,1.000997,4.999285,0.999977,-0.002029,-0.006512,0.000114
1592806251975874,5.000084,1.001001,4.999498,0.999976,-0.002009,-0.006596,0.000106
1592806252008821,5.000124,1.001871,4.999423,0.999976,-0.002008,-0.006588,0.000115
1592806252042978,5.000029,1.001030,4.999835,0.999976,-0.002046,-0.006612,0.000116
1592806252079758,5.000049,1.002039,4.999882,0.999976,-0.002031,-0.006592,0.000141
1592806252117861,4.999997,1.000427,4.999707,0.999976,-0.002031,-0.006567,0.000099
1592806252153935,5.000028,1.000436,4.999665,0.999976,-0.002018,-0.006570,0.000095
1592806252190282,5.000061,1.000569,4.999699,0.999976,-0.002012,-0.006566,0.000088
1592806252225681,5.000033,1.000616,4.999688,0.999977,-0.002002,-0.006532,0.000072
1592806252261266,5.000027,1.000686,4.999718,0.999977,-0.002020,-0.006516,0.000050
1592806252298066,5.000051,1.001579,4.999738,0.999977,-0.002015,-0.006480,0.000046
1592806252339957,5.000025,1.000927,4.999746,0.999977,-0.002040,-0.006514,0.000048
1592806252381753,5.000035,1.001134,4.999686,0.999977,-0.002053,-0.006510,0.000095
1592806252420401,5.000069,1.002407,4.999632,0.999977,-0.002051,-0.006481,0.000108
1592806252457028,5.000037,1.000460,4.999629,0.999977,-0.002053,-0.006528,0.000105
1592806252493082,5.000013,1.000567,4.999765,0.999976,-0.002071,-0.006551,0.000140
1592806252529868,4.999995,1.000658,4.999560,0.999976,-0.002067,-0.006544,0.000118
1592806252567229,5.000004,1.000725,4.999653,0.999976,-0.002059,-0.006555,0.000114
1592806252603569,5.000018,1.000715,4.999730,0.999977,-0.002047,-0.006546,0.000098
1592806252640469,4.999995,1.000766,4.999098,0.999977,-0.002043,-0.006477,0.000122
1592806252676586,5.000032,1.000983,4.999622,0.999976,-0.002037,-0.006578,0.000119
1592806252712657,4.999993,1.000938,4.999778,0.999976,-0.002058,-0.006594,0.000122
1592806252748345,4.999994,1.001901,4.999796,0.999976,-0.002036,-0.006571,0.000149
1592806252784261,5.000000,1.001164,4.999618,0.999976,-0.002047,-0.006553,0.000132
1592806252819501,5.000021,1.002193,4.999548,0.999977,-0.002044,-0.006543,0.000144
1592806252855050,5.000029,1.000483,4.999737,0.999976,-0.002054,-0.006547,0.000134
1592806252890178,4.999995,1.000534,4.999724,0.999977,-0.002056,-0.006541,0.000110
1592806252927453,5.000023,1.000482,4.999624,0.999977,-0.002006,-0.006519,0.000102
1592806252962329,5.000037,1.000573,4.999652,0.999977,-0.002023,-0.006541,0.000085
1592806252996768,5.000015,1.000655,4.999696,0.999976,-0.002031,-0.006558,0.000077
1592806253031386,5.000032,1.000685,4.999709,0.999977,-0.002013,-0.006564,0.000098
1592806253066211,5.000056,1.000621,4.999697,0.999977,-0.002018,-0.006537,0.000084
1592806253102777,5.000098,1.001471,4.999702,0.999977,-0.002025,-0.006499,0.000087
1592806253138887,5.000063,1.000791,4.999715,0.999976,-0.002030,-0.006553,0.000090
1592806253175300,4.999995,1.000787,4.999696,0.999977,-0.002062,-0.006548,0.000071
1592806253213855,4.999995,1.001855,4.999655,0.999977,-0.002056,-0.006543,0.000066
1592806253253955,5.000018,1.000397,4.999603,0.999976,-0.002035,-0.006577,0.000055
1592806253290952,5.000040,1.000415,4.999652,0.999976,-0.002060,-0.006576,0.000052
1592806253329052,5.000001,1.000661,4.999687,0.999976,-0.002087,-0.006599,0.000044
1592806253367650,5.000044,1.000659,4.999567,0.999976,-0.002060,-0.006583,0.000069
1592806253405885,5.000025,1.000944,4.999609,0.999976,-0.002076,-0.006605,0.000067
1592806253444912,5.000053,1.000922,4.999627,0.999976,-0.002069,-0.006592,0.000069
1592806253483684,5.000045,1.000357,4.999624,0.999976,-0.002090,-0.006578,0.000084
1592806253525113,5.000036,1.000531,4.999619,0.999976,-0.002096,-0.006608,0.000105
1592806253565649,4.999997,1.000579,4.999696,0.999976,-0.002064,-0.006608,0.000072
1592806253604167,5.000001,1.001504,4.999723,0.999976,-0.002044,-0.006583,0.000053
1592806253642240,5.000016,1.002595,4.999720,0.999976,-0.002038,-0.006581,0.000049
1592806253680003,5.000039,1.000910,4.999679,0.999976,-0.002070,-0.006571,0.000053
1592806253716993,5.000001,1.000349,4.999662,0.999976,-0.002066,-0.006581,0.000069
1592806253754349,5.000016,1.000443,4.999650,0.999976,-0.002076,-0.006611,0.000098
1592806253791224,5.000032,1.001236,4.999655,0.999976,-0.002072,-0.006601,0.000111
1592806253828922,5.000002,1.000599,4.999720,0.999976,-0.002091,-0.006612,0.000102
1592806253871423,4.999984,1.000605,4.999546,0.999976,-0.002066,-0.006563,0.000121
1592806253914080,4.999991,1.000261,4.999575,0.999976,-0.002066,-0.006580,0.000114
1592806253954050,5.000045,1.000404,4.999638,0.999976,-0.002059,-0.006611,0.000108
1592806253995913,5.000081,1.001371,4.999633,0.999976,-0.002060,-0.006585,0.000124
1592806254032582,5.000117,1.002522,4.999597,0.999976,-0.002047,-0.006570,0.000138
1592806254070425,5.000006,1.000654,4.999620,0.999976,-0.002044,-0.006584,0.000112
1592806254107496,5.000017,1.000742,4.999557,0.999976,-0.002065,-0.006588,0.000100
1592806254144509,5.000042,1.000828,4.999579,0.999976,-0.002096,-0.006547,0.000090
1592806254181819,5.000018,1.000840,4.999609,0.999976,-0.002119,-0.006559,0.000088
1592806254219731,4.999981,1.000894,4.999545,0.999976,-0.002121,-0.006542,0.000093
1592806254257003,5.000039,1.000386,4.999626,0.999976,-0.002082,-0.006573,0.000074
1592806254293158,5.000044,1.000515,4.999574,0.999976,-0.002077,-0.006543,0.000103
1592806254329590,5.000003,1.000649,4.999727,0.999976,-0.002085,-0.006549,0.000106
1592806254365882,5.000019,1.000517,4.999605,0.999977,-0.002070,-0.006528,0.000124
1592806254402285,5.000038,1.001286,4.999570,0.999977,-0.002050,-0.006518,0.000134
1592806254439282,5.000064,1.002496,4.999499,0.999977,-0.002074,-0.006484,0.000155
1592806254475529,5.000006,1.000796,4.999582,0.999977,-0.002081,-0.006530,0.000107
1592806254511772,5.000020,1.001664,4.999517,0.999977,-0.002081,-0.006517,0.000122
1592806254548790,5.000048,1.000312,4.999580,0.999977,-0.002071,-0.006520,0.000148
1592806254585269,5.000009,1.000248,4.999151,0.999977,-0.002079,-0.006489,0.000123
1592806254620711,5.000025,1.000289,4.999530,0.999977,-0.002060,-0.006536,0.000136
1592806254655755,5.000021,1.000382,4.999603,0.999976,-0.002040,-0.006549,0.000112
1592806254690805,5.000032,1.000426,4.999615,0.999977,-0.002048,-0.006542,0.000140
1592806254726132,5.000051,1.001196,4.999608,0.999977,-0.002039,-0.006528,0.000162
1592806254772004,5.000014,1.000638,4.999458,0.999977,-0.002056,-0.006523,0.000117
1592806254809550,5.000034,1.001590,4.999340,0.999977,-0.002063,-0.006506,0.000120
1592806254844991,5.000060,1.002692,4.999198,0.999977,-0.002051,-0.006510,0.000111
1592806254880102,5.000026,1.000713,4.999427,0.999977,-0.002070,-0.006545,0.000114
1592806254915448,5.000036,1.000667,4.999001,0.999977,-0.002075,-0.006504,0.000155
1592806254951766,5.000019,1.000353,4.999672,0.999976,-0.002092,-0.006574,0.000140
1592806254987715,5.000030,1.000383,4.999589,0.999976,-0.002102,-0.006541,0.000160
1592806255027262,5.000005,1.000425,4.999600,0.999976,-0.002113,-0.006540,0.000162
1592806255062334,5.000013,1.000421,4.999483,0.999976,-0.002104,-0.006549,0.000117
1592806255097578,5.000029,1.000443,4.999450,0.999976,-0.002093,-0.006547,0.000125
1592806255184562,4.999972,1.001036,4.999578,0.999977,-0.002124,-0.006498,0.000126
1592806255295916,4.999993,1.000423,4.999516,0.999977,-0.002111,-0.006516,0.000145
1592806255386877,5.000016,1.000428,4.999496,0.999977,-0.002088,-0.006497,0.000144
1592806255423368,5.000001,1.000391,4.999549,0.999977,-0.002090,-0.006490,0.000134
1592806255458130,4.999995,1.000420,4.999599,0.999977,-0.002088,-0.006499,0.000115
1592806255494155,4.999965,1.000391,4.999160,0.999977,-0.002106,-0.006470,0.000114
1592806255530909,4.999949,1.001121,4.998987,0.999977,-0.002095,-0.006462,0.000139
1592806255567010,5.000051,1.000589,4.999665,0.999977,-0.002090,-0.006519,0.000163
1592806255602706,5.000074,1.001389,4.999671,0.999977,-0.002088,-0.006478,0.000201
1592806255638575,5.000105,1.002352,4.999636,0.999977,-0.002095,-0.006476,0.000212
1592806255675086,5.000030,1.000754,4.999427,0.999977,-0.002085,-0.006497,0.000218
1592806255711750,5.000045,1.000811,4.999379,0.999977,-0.002080,-0.006478,0.000201
1592806255748809,5.000027,1.000216,4.999549,0.999977,-0.002105,-0.006488,0.000176
1592806255786109,5.000052,1.000811,4.999530,0.999977,-0.002118,-0.006492,0.000161
1592806255824118,5.000012,1.000362,4.999473,0.999977,-0.002112,-0.006476,0.000133
1592806255861691,5.000043,1.000464,4.999455,0.999977,-0.002106,-0.006475,0.000146
1592806255898638,5.000000,1.000544,4.999510,0.999977,-0.002108,-0.006493,0.000134
1592806255936328,4.999988,1.000536,4.999036,0.999977,-0.002118,-0.006462,0.000149
1592806255974087,5.000000,1.001301,4.998883,0.999977,-0.002104,-0.006434,0.000167
1592806256010500,5.000016,1.002327,4.998716,0.999977,-0.002115,-0.006428,0.000184
1592806256047810,5.000011,1.000828,4.999512,0.999977,-0.002110,-0.006488,0.000171
1592806256085040,4.999994,1.000871,4.999554,0.999977,-0.002100,-0.006504,0.000172
1592806256123926,4.999988,1.000267,4.999090,0.999977,-0.002095,-0.006482,0.000184
1592806256161936,5.000038,1.000410,4.999516,0.999977,-0.002077,-0.006523,0.000177
1592806256200257,4.999965,1.000395,4.999506,0.999976,-0.002074,-0.006542,0.000183
1592806256243172,4.999941,1.001276,4.999496,0.999977,-0.002100,-0.006512,0.000206
1592806256285662,5.000020,1.000188,4.999521,0.999976,-0.002078,-0.006567,0.000178
1592806256328724,5.000005,1.000305,4.999532,0.999976,-0.002091,-0.006545,0.000178
1592806256372228,5.000028,1.001212,4.999519,0.999977,-0.002094,-0.006527,0.000173
1592806256410008,5.000052,1.002155,4.999477,0.999977,-0.002085,-0.006516,0.000169
1592806256448526,5.000011,1.000194,4.999574,0.999977,-0.002059,-0.006544,0.000128
1592806256486344,5.000014,1.000305,4.999596,0.999976,-0.002070,-0.006547,0.000134
1592806256524703,5.000043,1.000261,4.999555,0.999976,-0.002087,-0.006556,0.000130
1592806256562343,5.000000,1.000389,4.999553,0.999976,-0.002082,-0.006550,0.000131
1592806256599303,4.999994,1.001122,4.999547,0.999977,-0.002059,-0.006531,0.000131
1592806256637434,5.000025,1.000543,4.999572,0.999977,-0.002038,-0.006536,0.000125
1592806256673687,5.000032,1.001248,4.999596,0.999977,-0.002049,-0.006525,0.000122
1592806256711056,5.000006,1.000219,4.999590,0.999976,-0.002061,-0.006550,0.000122
1592806256747870,5.000000,1.000204,4.999521,0.999976,-0.002073,-0.006556,0.000090
1592806256784713,5.000003,1.000891,4.999474,0.999976,-0.002069,-0.006549,0.000115
1592806256822203,5.000024,1.002004,4.999414,0.999976,-0.002068,-0.006548,0.000125
1592806256859839,5.000012,1.000293,4.999437,0.999977,-0.002074,-0.006514,0.000155
1592806256896859,5.000074,1.000433,4.999507,0.999977,-0.002068,-0.006518,0.000172
1592806256933577,5.000049,1.000445,4.999503,0.999977,-0.002063,-0.006487,0.000161
1592806256970266,5.000022,1.000565,4.999573,0.999977,-0.002069,-0.006517,0.000148
1592806257006224,5.000028,1.000660,4.999418,0.999977,-0.002079,-0.006520,0.000150
1592806257042142,5.000016,1.000639,4.999424,0.999977,-0.002070,-0.006524,0.000128
1592806257077993,5.000021,1.000595,4.999126,0.999977,-0.002082,-0.006490,0.000135
1592806257115089,5.000045,1.000148,4.999413,0.999977,-0.002063,-0.006535,0.000126
1592806257152558,5.000075,1.000724,4.999389,0.999977,-0.002053,-0.006530,0.000142
1592806257190332,5.000109,1.001648,4.999275,0.999977,-0.002048,-0.006536,0.000126
1592806257227683,4.999969,1.000300,4.999480,0.999976,-0.002061,-0.006576,0.000117
1592806257265549,5.000013,1.000546,4.999428,0.999976,-0.002060,-0.006582,0.000145
1592806257302515,5.000025,1.001309,4.999375,0.999976,-0.002065,-0.006576,0.000139
1592806257345189,5.000002,1.000642,4.999288,0.999976,-0.002072,-0.006556,0.000149
1592806257384880,5.000090,1.000904,4.999511,0.999976,-0.002072,-0.006565,0.000183
1592806257425140,5.000002,1.000280,4.999365,0.999976,-0.002037,-0.006549,0.000175
1592806257469571,5.000036,1.000466,4.999547,0.999976,-0.002051,-0.006566,0.000188
1592806257508934,5.000006,1.000636,4.999580,0.999976,-0.002050,-0.006558,0.000205
1592806257545273,5.000024,1.000707,4.999479,0.999976,-0.002054,-0.006570,0.000192
1592806257582726,5.000029,1.000806,4.999493,0.999976,-0.002057,-0.006571,0.000188
1592806257621217,5.000049,1.001820,4.999442,0.999976,-0.002047,-0.006576,0.000177
1592806257663229,5.000070,1.003119,4.999385,0.999976,-0.002057,-0.006570,0.000164
1592806257704885,5.000010,1.000542,4.999387,0.999976,-0.002055,-0.006563,0.000140
1592806257742372,5.000013,1.000613,4.999453,0.999976,-0.002062,-0.006549,0.000129
1592806257779382,5.000061,1.000624,4.999354,0.999976,-0.002074,-0.006555,0.000124
1592806257819621,4.999975,1.000207,4.999452,0.999976,-0.002067,-0.006582,0.000121
