1592805633361901,9.999784,3.001909,10.000494,0.999970,-0.001784,-0.007598,-0.000106
1592805633415217,9.999722,3.001537,10.000551,0.999969,-0.001797,-0.007640,-0.000091
1592805633457895,9.999529,3.001823,10.000690,0.999969,-0.001862,-0.007672,-0.000103
1592805633494370,9.999585,3.001730,10.000519,0.999969,-0.001853,-0.007608,-0.000112
1592805633530397,9.999725,3.001444,10.000163,0.999970,-0.001763,-0.007518,-0.000127
1592805633565894,9.999725,3.001920,10.000767,0.999969,-0.001747,-0.007674,-0.000128
1592805633601095,9.999768,3.001849,10.000444,0.999970,-0.001730,-0.007558,-0.000145
1592805633637891,9.999908,3.002064,10.000440,0.999970,-0.001718,-0.007548,-0.000137
1592805633673725,9.999946,3.002085,10.000356,0.999970,-0.001721,-0.007552,-0.000151
1592805633710529,9.999788,3.001135,10.000338,0.999970,-0.001822,-0.007529,-0.000164
1592805633748842,9.999804,3.001287,10.000274,0.999970,-0.001808,-0.007508,-0.000160
1592805633787068,10.000023,3.001441,10.000306,0.999970,-0.001761,-0.007532,-0.000158
1592805633824610,9.999926,3.001346,10.000317,0.999970,-0.001805,-0.007566,-0.000174
1592805633862578,9.999753,3.001653,10.000245,0.999970,-0.001851,-0.007563,-0.000180
1592805633902379,9.999908,3.001729,10.000244,0.999970,-0.001795,-0.007594,-0.000175
1592805633944097,9.999800,3.000981,10.000484,0.999969,-0.001820,-0.007658,-0.000200
1592805633982629,9.999924,3.001216,10.000529,0.999969,-0.001798,-0.007673,-0.000210
1592805634022870,9.999918,3.001343,10.000584,0.999969,-0.001786,-0.007678,-0.000188
1592805634071121,9.999936,3.001720,10.000784,0.999969,-0.001782,-0.007728,-0.000202
1592805634109185,10.000142,3.000735,10.000244,0.999970,-0.001770,-0.007599,-0.000192
1592805634147309,9.999900,3.001254,10.000239,0.999970,-0.001829,-0.007590,-0.000161
1592805634184565,9.999938,3.001474,10.000455,0.999969,-0.001803,-0.007646,-0.000207
1592805634222616,9.999901,3.001583,10.000543,0.999969,-0.001772,-0.007661,-0.000223
1592805634259065,9.999962,3.001378,10.000753,0.999969,-0.001771,-0.007674,-0.000189
1592805634295960,9.999946,3.001315,10.000567,0.999969,-0.001767,-0.007637,-0.000183
1592805634332538,9.999915,3.001561,10.000545,0.999969,-0.001760,-0.007628,-0.000185
1592805634369749,9.999797,3.002020,10.000562,0.999969,-0.001789,-0.007640,-0.000202
1592805634406799,9.999710,3.002144,10.000230,0.999969,-0.001817,-0.007613,-0.000186
1592805634445422,9.999870,3.001020,10.000430,0.999969,-0.001778,-0.007645,-0.000199
1592805634481941,10.000014,3.001044,10.000372,0.999969,-0.001765,-0.007618,-0.000191
1592805634520249,9.999976,3.001006,10.000523,0.999969,-0.001795,-0.007659,-0.000196
1592805634561723,9.999982,3.001562,10.000436,0.999969,-0.001783,-0.007644,-0.000180
1592805634598128,9.999955,3.001417,10.000389,0.999969,-0.001779,-0.007621,-0.000188
1592805634634425,9.999887,3.001523,10.000611,0.999969,-0.001790,-0.007656,-0.000193
1592805634672060,9.999949,3.001974,10.000704,0.999969,-0.001781,-0.007668,-0.000193
1592805634709082,10.000045,3.001056,10.000398,0.999970,-0.001784,-0.007583,-0.000205
1592805634744752,10.000021,3.001159,10.000462,0.999969,-0.001770,-0.007622,-0.000233
1592805634780537,9.999858,3.001352,10.000656,0.999969,-0.001796,-0.007632,-0.000211
1592805634817004,9.999926,3.001351,10.000582,0.999970,-0.001777,-0.007599,-0.000206
1592805634854253,9.999884,3.001348,10.000660,0.999970,-0.001813,-0.007590,-0.000208
1592805634892067,9.999953,3.001389,10.000371,0.999970,-0.001762,-0.007574,-0.000224
1592805634929737,10.000108,3.001528,10.000525,0.999970,-0.001746,-0.007606,-0.000228
1592805634966084,9.999983,3.001645,10.000642,0.999969,-0.001746,-0.007633,-0.000224
1592805635004192,9.999922,3.001687,10.000457,0.999969,-0.001743,-0.007631,-0.000230
1592805635043889,9.999964,3.001076,10.000422,0.999969,-0.001735,-0.007618,-0.000233
1592805635082413,10.000031,3.001217,10.000360,0.999969,-0.001726,-0.007625,-0.000213
1592805635122196,10.000125,3.001527,10.000359,0.999969,-0.001742,-0.007618,-0.000206
1592805635160961,10.000216,3.001396,10.000282,0.999970,-0.001721,-0.007582,-0.000174
1592805635197770,10.000122,3.001848,10.000431,0.999970,-0.001748,-0.007601,-0.000140
1592805635235406,9.999843,3.001709,10.000467,0.999970,-0.001797,-0.007577,-0.000155
1592805635271964,9.999643,3.001857,10.000456,0.999970,-0.001822,-0.007562,-0.000144
1592805635308066,9.999699,3.001920,10.000251,0.999970,-0.001787,-0.007558,-0.000164
1592805635342787,9.999940,3.001183,10.000400,0.999970,-0.001794,-0.007552,-0.000185
1592805635377216,9.999949,3.001079,10.000302,0.999970,-0.001793,-0.007527,-0.000181
1592805635412182,9.999982,3.001236,10.000358,0.999970,-0.001775,-0.007533,-0.000171
1592805635448095,9.999912,3.001351,10.000358,0.999970,-0.001802,-0.007533,-0.000179
1592805635485506,9.999879,3.001487,10.000600,0.999970,-0.001824,-0.007581,-0.000174
1592805635522162,9.999754,3.001591,10.000648,0.999970,-0.001821,-0.007562,-0.000162
1592805635558426,9.999797,3.001612,10.000551,0.999970,-0.001826,-0.007580,-0.000175
1592805635592719,9.999804,3.001571,10.000588,0.999969,-0.001804,-0.007611,-0.000166
1592805635626538,9.999794,3.001715,10.000705,0.999969,-0.001768,-0.007629,-0.000189
1592805635660649,9.999452,3.001492,10.000362,0.999969,-0.001810,-0.007615,-0.000190
1592805635696349,9.999887,3.001498,10.000291,0.999969,-0.001756,-0.007628,-0.000201
1592805635731701,9.999964,3.001553,10.000583,0.999969,-0.001747,-0.007705,-0.000207
1592805635767821,10.000014,3.001647,10.000821,0.999969,-0.001749,-0.007707,-0.000229
1592805635805290,10.000094,3.001848,10.000846,0.999969,-0.001754,-0.007691,-0.000207
1592805635845961,9.999905,3.001161,10.000684,0.999969,-0.001795,-0.007667,-0.000180
1592805635890176,9.999815,3.001457,10.000652,0.999969,-0.001779,-0.007613,-0.000176
1592805635933300,9.999923,3.001332,10.000278,0.999970,-0.001804,-0.007582,-0.000181
1592805635974217,9.999898,3.001639,10.000332,0.999970,-0.001778,-0.007598,-0.000186
1592805636010471,10.000017,3.000900,10.000326,0.999970,-0.001770,-0.007592,-0.000211
1592805636047534,10.000100,3.001058,10.000050,0.999970,-0.001772,-0.007538,-0.000203
1592805636084648,10.000210,3.001022,10.000167,0.999970,-0.001734,-0.007564,-0.000209
1592805636123736,10.000172,3.001280,10.000324,0.999970,-0.001760,-0.007605,-0.000228
1592805636164340,10.000016,3.001497,10.000628,0.999969,-0.001779,-0.007631,-0.000228
1592805636205648,9.999962,3.001694,10.000557,0.999969,-0.001769,-0.007627,-0.000225
1592805636245420,10.000050,3.001210,10.000377,0.999969,-0.001776,-0.007634,-0.000226
1592805636287314,9.999925,3.001315,10.000666,0.999969,-0.001771,-0.007652,-0.000206
1592805636334236,9.999916,3.001652,10.000471,0.999969,-0.001750,-0.007619,-0.000210
1592805636376777,10.000174,3.000977,10.000198,0.999970,-0.001760,-0.007582,-0.000197
1592805636418222,10.000139,3.001216,10.000363,0.999969,-0.001753,-0.007618,-0.000210
1592805636461469,10.000077,3.001381,10.000210,0.999969,-0.001753,-0.007619,-0.000211
1592805636505471,10.000050,3.001835,10.000319,0.999969,-0.001735,-0.007659,-0.000196
1592805636542812,10.000115,3.000899,10.000281,0.999969,-0.001745,-0.007661,-0.000207
1592805636579609,10.000172,3.000819,10.000217,0.999969,-0.001755,-0.007647,-0.000196
1592805636615236,10.000086,3.001175,10.000673,0.999969,-0.001766,-0.007685,-0.000205
1592805636650501,9.999866,3.001397,10.000705,0.999969,-0.001780,-0.007694,-0.000198
1592805636687583,9.999933,3.001166,10.000727,0.999969,-0.001772,-0.007724,-0.000232
1592805636724779,9.999960,3.001127,10.000608,0.999969,-0.001790,-0.007676,-0.000188
1592805636761391,10.000077,3.001339,10.000687,0.999969,-0.001786,-0.007680,-0.000208
1592805636797114,10.000096,3.001251,10.000566,0.999969,-0.001813,-0.007661,-0.000181
1592805636836669,10.000005,3.001540,10.000710,0.999969,-0.001802,-0.007698,-0.000198
1592805636882995,10.000112,3.001036,10.000406,0.999969,-0.001781,-0.007675,-0.000211
1592805636922406,10.000078,3.001333,10.000489,0.999969,-0.001790,-0.007678,-0.000226
1592805636968019,9.999882,3.001590,10.000773,0.999969,-0.001800,-0.007698,-0.000215
1592805637009676,10.000063,3.000848,10.000208,0.999969,-0.001798,-0.007614,-0.000173
1592805637053783,10.000026,3.000961,10.000228,0.999969,-0.001798,-0.007645,-0.000181
1592805637100613,9.999978,3.001206,10.000205,0.999969,-0.001810,-0.007635,-0.000204
1592805637143380,10.000039,3.000787,10.000313,0.999969,-0.001823,-0.007640,-0.000211
1592805637183323,10.000008,3.001116,10.000432,0.999969,-0.001791,-0.007687,-0.000193
1592805637221929,9.999961,3.001396,10.000355,0.999969,-0.001827,-0.007692,-0.000213
1592805637260730,9.999976,3.001328,10.000235,0.999969,-0.001845,-0.007671,-0.000198
1592805637299525,10.000083,3.001323,10.000208,0.999969,-0.001801,-0.007680,-0.000191
1592805637337836,10.000095,3.001115,10.000133,0.999969,-0.001841,-0.007679,-0.000192
1592805637377686,10.000031,3.000692,10.000259,0.999969,-0.001847,-0.007705,-0.000168
1592805637417311,10.000013,3.000803,10.000441,0.999969,-0.001881,-0.007707,-0.000163
1592805637456629,9.999993,3.000955,10.000566,0.999969,-0.001885,-0.007665,-0.000156
1592805637493945,9.999626,3.001281,10.000441,0.999969,-0.001925,-0.007643,-0.000181
1592805637531779,9.999832,3.001338,10.000642,0.999969,-0.001886,-0.007676,-0.000180
1592805637568049,9.999892,3.001242,10.000478,0.999969,-0.001892,-0.007674,-0.000169
1592805637604586,9.999974,3.001453,10.000681,0.999969,-0.001886,-0.007651,-0.000160
1592805637639452,10.000102,3.001588,10.000417,0.999969,-0.001863,-0.007650,-0.000163
1592805637680896,10.000010,3.000907,10.000548,0.999969,-0.001887,-0.007649,-0.000133
1592805637719188,10.000025,3.001019,10.000476,0.999969,-0.001857,-0.007656,-0.000133
1592805637757265,10.000000,3.001029,10.000345,0.999969,-0.001854,-0.007623,-0.000138
1592805637794298,9.999861,3.001269,10.000320,0.999969,-0.001843,-0.007599,-0.000146
1592805637832115,9.999908,3.001336,10.000539,0.999969,-0.001826,-0.007611,-0.000186
1592805637868767,9.999943,3.001319,10.000279,0.999970,-0.001808,-0.007594,-0.000193
1592805637906363,9.999998,3.001433,10.000097,0.999970,-0.001787,-0.007588,-0.000191
1592805637944884,9.999962,3.001108,10.000255,0.999970,-0.001785,-0.007586,-0.000159
1592805637983617,9.999812,3.001165,10.000396,0.999969,-0.001798,-0.007620,-0.000156
1592805638022128,9.999755,3.001301,10.000455,0.999969,-0.001814,-0.007607,-0.000176
1592805638063190,9.999884,3.001240,10.000400,0.999969,-0.001805,-0.007599,-0.000122
1592805638103700,9.999799,3.001568,10.000506,0.999970,-0.001821,-0.007575,-0.000119
1592805638144241,9.999733,3.000890,10.000134,0.999970,-0.001846,-0.007565,-0.000132
1592805638183998,9.999648,3.001184,10.000326,0.999970,-0.001853,-0.007559,-0.000131
1592805638223641,9.999892,3.001205,10.000306,0.999970,-0.001808,-0.007580,-0.000137
1592805638262175,9.999906,3.001308,10.000307,0.999970,-0.001826,-0.007575,-0.000130
1592805638298303,9.999733,3.001538,10.000114,0.999970,-0.001843,-0.007535,-0.000148
1592805638335946,9.999681,3.001555,10.000388,0.999970,-0.001845,-0.007571,-0.000145
1592805638373487,9.999900,3.001873,10.000382,0.999969,-0.001834,-0.007603,-0.000140
1592805638412729,9.999890,3.001531,10.000181,0.999970,-0.001834,-0.007572,-0.000123
1592805638452422,9.999786,3.001159,10.000313,0.999970,-0.001855,-0.007558,-0.000138
1592805638493502,9.999861,3.001408,10.000507,0.999970,-0.001853,-0.007556,-0.000172
1592805638531932,9.999891,3.001269,10.000505,0.999970,-0.001840,-0.007564,-0.000171
1592805638567968,9.999876,3.001422,10.000455,0.999970,-0.001820,-0.007577,-0.000174
1592805638603422,9.999993,3.001549,10.000396,0.999970,-0.001833,-0.007591,-0.000188
1592805638640138,10.000021,3.001540,10.000463,0.999970,-0.001834,-0.007581,-0.000165
1592805638681038,10.000025,3.000887,10.000239,0.999970,-0.001863,-0.007570,-0.000178
1592805638720182,9.999984,3.001121,10.000414,0.999969,-0.001847,-0.007620,-0.000138
1592805638759130,9.999809,3.001203,10.000316,0.999969,-0.001856,-0.007622,-0.000146
1592805638799318,9.999840,3.001099,10.000182,0.999969,-0.001846,-0.007616,-0.000178
1592805638834821,9.999896,3.001415,10.000397,0.999969,-0.001854,-0.007611,-0.000155
1592805638871760,9.999651,3.001684,10.000381,0.999969,-0.001853,-0.007605,-0.000163
1592805638907474,9.999710,3.001423,10.000257,0.999969,-0.001843,-0.007598,-0.000158
1592805638943378,9.999921,3.000991,10.000499,0.999969,-0.001838,-0.007649,-0.000160
1592805638979649,10.000093,3.000791,10.000299,0.999969,-0.001815,-0.007614,-0.000162
1592805639015323,10.000174,3.000731,10.000340,0.999969,-0.001835,-0.007631,-0.000184
1592805639054952,10.000129,3.000836,10.000161,0.999969,-0.001845,-0.007655,-0.000193
1592805639095932,10.000107,3.001063,10.000135,0.999969,-0.001833,-0.007664,-0.000185
1592805639133457,10.000018,3.001364,10.000203,0.999969,-0.001850,-0.007667,-0.000189
1592805639170947,9.999992,3.001357,10.000496,0.999969,-0.001863,-0.007681,-0.000179
1592805639208455,9.999822,3.001415,10.000290,0.999969,-0.001884,-0.007671,-0.000162
1592805639245343,9.999711,3.000869,10.000653,0.999969,-0.001857,-0.007689,-0.000173
1592805639284637,9.999917,3.001151,10.000783,0.999969,-0.001824,-0.007691,-0.000178
1592805639321785,9.999725,3.001115,10.000549,0.999969,-0.001872,-0.007653,-0.000155
1592805639360044,9.999654,3.001228,10.000484,0.999969,-0.001865,-0.007653,-0.000170
1592805639397322,9.999784,3.001165,10.000064,0.999969,-0.001855,-0.007660,-0.000190
1592805639449567,10.000079,3.000798,10.000162,0.999969,-0.001831,-0.007643,-0.000209
1592805639504924,10.000194,3.001228,10.000391,0.999969,-0.001853,-0.007680,-0.000208
1592805639545535,10.000330,3.000728,10.000492,0.999969,-0.001823,-0.007651,-0.000182
1592805639587218,10.000156,3.000846,10.000438,0.999969,-0.001847,-0.007636,-0.000207
1592805639628288,10.000053,3.001174,10.000365,0.999969,-0.001851,-0.007663,-0.000225
1592805639676921,9.999825,3.001290,10.000295,0.999969,-0.001843,-0.007703,-0.000270
1592805639724590,10.000147,3.000894,10.000288,0.999969,-0.001844,-0.007695,-0.000261
1592805639778308,10.000385,3.000516,10.000215,0.999969,-0.001825,-0.007692,-0.000241
1592805639820950,10.000382,3.000861,10.000327,0.999969,-0.001869,-0.007691,-0.000215
1592805639862073,10.000134,3.001061,10.000370,0.999969,-0.001886,-0.007699,-0.000199
1592805639901644,9.999968,3.001126,10.000646,0.999968,-0.001883,-0.007715,-0.000235
1592805639941069,9.999917,3.001028,10.000484,0.999969,-0.001877,-0.007701,-0.000236
1592805639984307,10.000222,3.000939,10.000716,0.999969,-0.001853,-0.007694,-0.000242
1592805640027871,10.000204,3.001120,10.000641,0.999969,-0.001848,-0.007675,-0.000237
1592805640080217,10.000149,3.000904,10.000450,0.999969,-0.001852,-0.007675,-0.000256
1592805640136356,10.000282,3.001015,10.000399,0.999969,-0.001842,-0.007677,-0.000271
1592805640177685,10.000266,3.000675,10.000518,0.999969,-0.001835,-0.007665,-0.000267
1592805640224800,10.000307,3.000852,10.000540,0.999969,-0.001855,-0.007646,-0.000267
1592805640270677,10.000006,3.001185,10.000233,0.999969,-0.001838,-0.007635,-0.000277
1592805640312244,10.000257,3.000795,10.000417,0.999969,-0.001829,-0.007627,-0.000263
1592805640353615,10.000130,3.000951,10.000461,0.999969,-0.001812,-0.007646,-0.000277
1592805640393625,10.000229,3.001014,10.000416,0.999969,-0.001804,-0.007620,-0.000270
1592805640435870,10.000049,3.001342,10.000440,0.999969,-0.001797,-0.007651,-0.000241
1592805640482823,10.000072,3.000866,10.000168,0.999969,-0.001814,-0.007611,-0.000223
1592805640528300,10.000180,3.001308,10.000618,0.999969,-0.001822,-0.007645,-0.000231
1592805640568860,10.000078,3.001434,10.000600,0.999969,-0.001827,-0.007643,-0.000244
1592805640617611,9.999836,3.001037,10.000633,0.999969,-0.001842,-0.007648,-0.000269
1592805640660531,10.000066,3.001150,10.000631,0.999969,-0.001810,-0.007623,-0.000244
1592805640701391,9.999922,3.001307,10.000547,0.999969,-0.001819,-0.007602,-0.000269
1592805640741699,10.000008,3.000819,10.000278,0.999969,-0.001844,-0.007605,-0.000207
1592805640783150,10.000131,3.000991,10.000391,0.999969,-0.001822,-0.007610,-0.000184
1592805640822869,10.000140,3.001183,10.000620,0.999969,-0.001825,-0.007605,-0.000189
1592805640863245,10.000022,3.001213,10.000487,0.999969,-0.001838,-0.007605,-0.000175
1592805640903634,9.999960,3.001478,10.000659,0.999969,-0.001832,-0.007612,-0.000177
1592805640942335,9.999944,3.000847,10.000429,0.999969,-0.001834,-0.007603,-0.000171
1592805640982689,9.999822,3.001047,10.000430,0.999969,-0.001825,-0.007607,-0.000155
1592805641021846,9.999845,3.001153,10.000370,0.999969,-0.001835,-0.007607,-0.000153
1592805641067251,9.999880,3.001292,10.000237,0.999970,-0.001852,-0.007589,-0.000136
1592805641109720,9.999978,3.000736,10.000252,0.999969,-0.001855,-0.007627,-0.000147
1592805641151667,9.999992,3.000948,10.000332,0.999969,-0.001872,-0.007615,-0.000159
1592805641194248,9.999918,3.001110,10.000395,0.999969,-0.001848,-0.007617,-0.000159
1592805641234793,9.999955,3.001110,10.000284,0.999969,-0.001862,-0.007626,-0.000150
1592805641275084,9.999998,3.001061,10.000407,0.999969,-0.001866,-0.007640,-0.000150
1592805641314562,10.000067,3.000607,10.000369,0.999969,-0.001850,-0.007644,-0.000154
1592805641355941,10.000079,3.000873,10.000126,0.999969,-0.001823,-0.007638,-0.000193
1592805641397689,10.000115,3.001070,10.000483,0.999969,-0.001806,-0.007647,-0.000179
1592805641437485,10.000051,3.001210,10.000298,0.999969,-0.001815,-0.007611,-0.000175
1592805641478264,10.000077,3.000982,10.000389,0.999969,-0.001806,-0.007634,-0.000175
1592805641519460,10.000038,3.000967,10.000142,0.999969,-0.001813,-0.007605,-0.000178
1592805641560976,10.000064,3.001267,10.000451,0.999969,-0.001826,-0.007645,-0.000146
1592805641601005,9.999989,3.001674,10.000487,0.999969,-0.001824,-0.007647,-0.000171
1592805641640676,10.000005,3.000822,10.000450,0.999969,-0.001811,-0.007648,-0.000175
1592805641680293,10.000036,3.000753,10.000286,0.999969,-0.001814,-0.007617,-0.000154
1592805641721078,9.999865,3.001034,10.000094,0.999969,-0.001791,-0.007617,-0.000144
1592805641763607,10.000004,3.001176,10.000177,0.999969,-0.001799,-0.007606,-0.000119
1592805641803118,9.999770,3.001444,10.000124,0.999970,-0.001839,-0.007581,-0.000106
1592805641843572,9.999637,3.001518,10.000091,0.999970,-0.001872,-0.007572,-0.000113
1592805641884136,9.999839,3.001044,10.000154,0.999970,-0.001854,-0.007577,-0.000101
1592805641924734,9.999748,3.001053,10.000149,0.999970,-0.001835,-0.007568,-0.000111
1592805641965693,9.999771,3.001193,10.000229,0.999970,-0.001839,-0.007574,-0.000129
1592805642007040,9.999748,3.001532,10.000093,0.999970,-0.001835,-0.007553,-0.000129
1592805642054859,9.999870,3.000904,10.000141,0.999970,-0.001818,-0.007547,-0.000140
1592805642103834,9.999920,3.001421,10.000331,0.999970,-0.001826,-0.007570,-0.000119
1592805642147075,9.999703,3.001162,10.000273,0.999970,-0.001806,-0.007574,-0.000140
1592805642190517,9.999732,3.001220,10.000237,0.999970,-0.001807,-0.007584,-0.000147
1592805642234617,9.999885,3.001097,10.000150,0.999970,-0.001791,-0.007591,-0.000159
1592805642278023,9.999789,3.001064,10.000393,0.999969,-0.001805,-0.007617,-0.000156
1592805642323406,9.999853,3.001045,10.000111,0.999970,-0.001815,-0.007593,-0.000191
1592805642368837,9.999734,3.001321,10.000161,0.999969,-0.001847,-0.007603,-0.000188
1592805642414708,10.000146,3.000803,10.000610,0.999969,-0.001839,-0.007637,-0.000231
1592805642459901,10.000274,3.000860,10.000324,0.999969,-0.001798,-0.007622,-0.000248
1592805642504282,10.000317,3.001197,10.000299,0.999969,-0.001816,-0.007623,-0.000267
1592805642548762,10.000243,3.000962,10.000437,0.999969,-0.001827,-0.007618,-0.000259
1592805642593162,10.000216,3.001004,10.000220,0.999970,-0.001846,-0.007582,-0.000212
1592805642636911,10.000224,3.001223,10.000056,0.999970,-0.001867,-0.007564,-0.000170
1592805642680571,10.000119,3.000796,10.000319,0.999970,-0.001858,-0.007582,-0.000143
1592805642725082,9.999828,3.000973,10.000288,0.999970,-0.001871,-0.007545,-0.000140
1592805642770083,9.999543,3.001274,10.000494,0.999970,-0.001890,-0.007562,-0.000151
1592805642814975,9.999813,3.001083,10.000271,0.999969,-0.001900,-0.007585,-0.000151
1592805642859857,9.999860,3.001264,10.000138,0.999969,-0.001890,-0.007597,-0.000133
1592805642909566,9.999878,3.000606,9.999814,0.999970,-0.001898,-0.007571,-0.000152
1592805642958343,9.999808,3.000910,10.000216,0.999969,-0.001898,-0.007603,-0.000155
1592805643011741,9.999865,3.000878,10.000628,0.999969,-0.001894,-0.007631,-0.000169
1592805643062293,9.999955,3.001120,10.000543,0.999969,-0.001908,-0.007644,-0.000189
1592805643110473,10.000054,3.000438,10.000524,0.999969,-0.001927,-0.007660,-0.000230
1592805643154700,10.000193,3.000669,10.000195,0.999969,-0.001927,-0.007643,-0.000215
1592805643199562,10.000304,3.000784,10.000415,0.999969,-0.001908,-0.007660,-0.000241
1592805643245635,10.000314,3.000500,10.000405,0.999969,-0.001917,-0.007619,-0.000238
1592805643290689,10.000289,3.000957,10.000450,0.999969,-0.001940,-0.007621,-0.000198
1592805643336507,10.000049,3.001004,10.000377,0.999969,-0.001950,-0.007618,-0.000213
1592805643383542,10.000066,3.000746,10.000310,0.999969,-0.001946,-0.007606,-0.000203
1592805643429208,10.000103,3.000851,10.000190,0.999969,-0.001951,-0.007621,-0.000194
1592805643473159,10.000088,3.000900,10.000198,0.999969,-0.001953,-0.007637,-0.000186
1592805643517844,10.000130,3.000633,10.000213,0.999969,-0.001930,-0.007654,-0.000182
1592805643562374,10.000066,3.001003,10.000504,0.999969,-0.001941,-0.007639,-0.000177
1592805643606638,10.000024,3.001228,10.000398,0.999969,-0.001928,-0.007651,-0.000168
1592805643651894,9.999737,3.000859,10.000721,0.999969,-0.001922,-0.007664,-0.000191
1592805643697120,9.999779,3.001062,10.000697,0.999969,-0.001899,-0.007692,-0.000192
1592805643742925,9.999608,3.001259,10.000446,0.999969,-0.001925,-0.007658,-0.000186
1592805643787203,9.999982,3.000734,10.000208,0.999969,-0.001875,-0.007656,-0.000199
1592805643832007,10.000141,3.000910,10.000383,0.999969,-0.001872,-0.007666,-0.000198
1592805643875221,10.000108,3.000748,10.000542,0.999969,-0.001873,-0.007662,-0.000191
1592805643919168,10.000012,3.000851,10.000386,0.999969,-0.001885,-0.007661,-0.000195
1592805643962715,9.999989,3.001037,10.000504,0.999969,-0.001866,-0.007675,-0.000195
1592805644006133,10.000049,3.001192,10.000446,0.999969,-0.001876,-0.007665,-0.000225
1592805644052119,10.000046,3.000823,10.000233,0.999969,-0.001884,-0.007647,-0.000205
1592805644096582,9.999973,3.000927,10.000060,0.999969,-0.001898,-0.007662,-0.000197
1592805644141387,10.000249,3.001053,10.000213,0.999969,-0.001880,-0.007697,-0.000160
1592805644190487,9.999978,3.000792,10.000196,0.999969,-0.001859,-0.007677,-0.000168
1592805644240810,10.000009,3.001243,10.000361,0.999969,-0.001839,-0.007671,-0.000187
1592805644290610,10.000056,3.000940,10.000362,0.999969,-0.001847,-0.007669,-0.000194
1592805644341346,9.999953,3.001254,10.000432,0.999969,-0.001813,-0.007637,-0.000177
1592805644386680,9.999980,3.000834,10.000357,0.999969,-0.001825,-0.007632,-0.000156
1592805644431040,10.000161,3.001163,10.000325,0.999969,-0.001815,-0.007650,-0.000134
1592805644475670,9.999661,3.000994,10.000536,0.999969,-0.001878,-0.007646,-0.000170
1592805644519675,9.999804,3.000945,10.000633,0.999969,-0.001863,-0.007652,-0.000186
1592805644565876,9.999760,3.001280,10.000523,0.999969,-0.001867,-0.007654,-0.000144
1592805644609842,10.000091,3.000605,10.000198,0.999969,-0.001872,-0.007656,-0.000158
1592805644654690,10.000107,3.000672,10.000005,0.999969,-0.001873,-0.007641,-0.000148
1592805644698846,9.999959,3.001039,10.000054,0.999969,-0.001870,-0.007658,-0.000145
1592805644742700,10.000046,3.001382,10.000416,0.999969,-0.001868,-0.007691,-0.000135
1592805644786811,9.999762,3.000946,10.000364,0.999969,-0.001871,-0.007693,-0.000174
1592805644831392,9.999941,3.000928,10.000344,0.999969,-0.001853,-0.007698,-0.000163
1592805644879516,9.999985,3.000676,10.000591,0.999969,-0.001878,-0.007692,-0.000188
1592805644929644,10.000169,3.000857,10.000446,0.999969,-0.001886,-0.007693,-0.000187
1592805644977574,10.000143,3.000673,10.000331,0.999969,-0.001856,-0.007695,-0.000198
1592805645022308,10.000070,3.000612,10.000181,0.999969,-0.001855,-0.007664,-0.000193
1592805645066545,10.000246,3.000824,10.000355,0.999969,-0.001811,-0.007647,-0.000199
1592805645110479,10.000170,3.000663,10.000444,0.999969,-0.001835,-0.007663,-0.000153
1592805645154787,9.999846,3.000806,10.000416,0.999969,-0.001871,-0.007634,-0.000157
1592805645198528,9.999869,3.001088,10.000228,0.999969,-0.001888,-0.007624,-0.000180
1592805645243130,9.999965,3.000712,10.000192,0.999969,-0.001901,-0.007629,-0.000157
1592805645288410,9.999768,3.000852,10.000420,0.999969,-0.001907,-0.007651,-0.000156
1592805645334656,9.999788,3.000984,10.000379,0.999969,-0.001912,-0.007656,-0.000147
1592805645385985,10.000124,3.000698,10.000139,0.999969,-0.001878,-0.007659,-0.000151
1592805645436788,10.000034,3.001108,10.000469,0.999969,-0.001884,-0.007669,-0.000156
1592805645488471,10.000072,3.000929,10.000406,0.999969,-0.001852,-0.007672,-0.000160
1592805645540380,9.999876,3.001287,10.000547,0.999969,-0.001858,-0.007650,-0.000171
1592805645592601,10.000089,3.000932,10.000310,0.999969,-0.001846,-0.007592,-0.000146
1592805645644443,9.999765,3.000746,10.000400,0.999969,-0.001853,-0.007600,-0.000167
1592805645695463,9.999832,3.000967,10.000360,0.999969,-0.001838,-0.007604,-0.000152
1592805645746293,9.999853,3.000947,10.000523,0.999969,-0.001821,-0.007617,-0.000166
1592805645795712,9.999841,3.001246,10.000417,0.999969,-0.001815,-0.007618,-0.000157
1592805645839285,9.999867,3.001287,10.000435,0.999969,-0.001823,-0.007602,-0.000175
1592805645883022,9.999969,3.000753,10.000162,0.999969,-0.001847,-0.007606,-0.000171
1592805645928243,10.000277,3.000857,10.000093,0.999970,-0.001834,-0.007579,-0.000150
1592805645972930,9.999989,3.001368,10.000394,0.999969,-0.001890,-0.007598,-0.000182
1592805646024661,9.999996,3.001005,10.000437,0.999969,-0.001895,-0.007635,-0.000197
1592805646074388,9.999953,3.001357,10.000672,0.999969,-0.001868,-0.007643,-0.000171
1592805646125371,9.999941,3.000943,10.000099,0.999969,-0.001877,-0.007606,-0.000194
1592805646171258,10.000072,3.001274,10.000322,0.999969,-0.001866,-0.007621,-0.000232
1592805646217221,10.000242,3.000898,10.000492,0.999969,-0.001860,-0.007631,-0.000213
1592805646262061,10.000158,3.001240,10.000499,0.999969,-0.001861,-0.007623,-0.000223
1592805646307219,10.000051,3.000641,10.000351,0.999969,-0.001856,-0.007606,-0.000209
1592805646352497,10.000102,3.000959,10.000397,0.999969,-0.001850,-0.007627,-0.000213
1592805646397919,10.000157,3.001278,10.000555,0.999969,-0.001852,-0.007630,-0.000222
1592805646448708,10.000112,3.000741,10.000216,0.999969,-0.001864,-0.007612,-0.000209
1592805646495499,10.000085,3.001070,10.000384,0.999969,-0.001855,-0.007619,-0.000204
1592805646547179,10.000179,3.000623,10.000510,0.999969,-0.001853,-0.007601,-0.000194
1592805646598802,10.000006,3.000850,9.999976,0.999969,-0.001843,-0.007599,-0.000169
1592805646643862,9.999928,3.000895,10.000254,0.999969,-0.001850,-0.007611,-0.000160
1592805646695124,9.999986,3.001208,10.000177,0.999969,-0.001851,-0.007599,-0.000159
1592805646739692,9.999877,3.001203,10.000283,0.999970,-0.001848,-0.007585,-0.000151
1592805646790981,9.999701,3.001117,10.000476,0.999970,-0.001867,-0.007576,-0.000162
1592805646840506,9.999761,3.001422,10.000351,0.999970,-0.001882,-0.007582,-0.000164
1592805646897486,9.999942,3.001176,10.000489,0.999969,-0.001851,-0.007617,-0.000167
1592805646947357,10.000114,3.000646,10.000222,0.999969,-0.001852,-0.007616,-0.000162
1592805646991470,10.000062,3.001066,10.000241,0.999970,-0.001837,-0.007591,-0.000184
1592805647036546,9.999949,3.001283,10.000028,0.999969,-0.001879,-0.007615,-0.000209
1592805647081983,10.000031,3.000793,10.000230,0.999969,-0.001878,-0.007610,-0.000206
1592805647125798,10.000017,3.000828,10.000448,0.999969,-0.001893,-0.007619,-0.000182
1592805647175712,9.999809,3.001072,10.000484,0.999969,-0.001878,-0.007631,-0.000218
1592805647225084,9.999976,3.000956,10.000403,0.999969,-0.001880,-0.007643,-0.000200
1592805647280152,10.000099,3.000685,10.000675,0.999969,-0.001865,-0.007660,-0.000205
1592805647331866,9.999927,3.001009,10.000515,0.999969,-0.001891,-0.007632,-0.000209
1592805647400228,10.000038,3.000979,10.000438,0.999969,-0.001894,-0.007612,-0.000206
1592805647458091,10.000182,3.000893,10.000430,0.999969,-0.001882,-0.007614,-0.000224
1592805647507530,10.000290,3.001269,10.000506,0.999969,-0.001886,-0.007606,-0.000233
1592805647551938,10.000144,3.000688,10.000300,0.999969,-0.001922,-0.007616,-0.000223
1592805647601137,10.000120,3.000949,10.000511,0.999969,-0.001903,-0.007630,-0.000236
1592805647654735,10.000128,3.000614,10.000104,0.999969,-0.001929,-0.007615,-0.000238
1592805647710519,9.999941,3.000995,10.000245,0.999969,-0.001955,-0.007631,-0.000256
1592805647754787,10.000164,3.000745,10.000551,0.999969,-0.001931,-0.007613,-0.000250
1592805647799347,10.000259,3.000875,10.000765,0.999969,-0.001910,-0.007649,-0.000233
1592805647849914,10.000304,3.000515,10.000549,0.999969,-0.001901,-0.007613,-0.000231
1592805647899657,10.000216,3.000979,10.000614,0.999969,-0.001884,-0.007612,-0.000229
1592805647949661,10.000113,3.000730,10.000380,0.999969,-0.001857,-0.007647,-0.000244
1592805647999494,10.000135,3.000916,10.000250,0.999969,-0.001831,-0.007648,-0.000255
1592805648050042,10.000234,3.000647,10.000306,0.999969,-0.001832,-0.007644,-0.000225
1592805648094432,10.000065,3.000950,10.000502,0.999969,-0.001860,-0.007640,-0.000254
1592805648146371,10.000058,3.000715,10.000493,0.999969,-0.001893,-0.007642,-0.000215
1592805648197614,10.000127,3.000897,10.000448,0.999969,-0.001922,-0.007616,-0.000201
1592805648249038,10.000089,3.000524,10.000380,0.999969,-0.001933,-0.007610,-0.000173
1592805648293856,10.000006,3.000515,10.000152,0.999969,-0.001912,-0.007594,-0.000174
1592805648340042,10.000121,3.000916,10.000042,0.999969,-0.001928,-0.007589,-0.000153
1592805648391607,10.000156,3.000823,10.000196,0.999970,-0.001905,-0.007573,-0.000089
1592805648442788,9.999768,3.000817,10.000404,0.999969,-0.001909,-0.007582,-0.000125
1592805648493814,9.999716,3.001214,10.000313,0.999970,-0.001897,-0.007555,-0.000126
1592805648538982,9.999713,3.001109,10.000294,0.999970,-0.001900,-0.007566,-0.000104
1592805648583807,9.999807,3.001052,10.000387,0.999970,-0.001878,-0.007571,-0.000083
1592805648628923,9.999796,3.001171,10.000195,0.999970,-0.001870,-0.007572,-0.000078
1592805648673468,9.999597,3.001158,10.000400,0.999970,-0.001869,-0.007577,-0.000079
1592805648717729,9.999717,3.000826,10.000094,0.999970,-0.001859,-0.007548,-0.000091
1592805648764110,9.999794,3.001189,10.000321,0.999970,-0.001838,-0.007562,-0.000075
1592805648812470,9.999679,3.000936,10.000441,0.999970,-0.001811,-0.007593,-0.000065
1592805648857356,9.999743,3.001168,10.000214,0.999970,-0.001845,-0.007581,-0.000058
1592805648901708,9.999751,3.001096,10.000122,0.999970,-0.001840,-0.007565,-0.000081
1592805648946281,9.999832,3.000839,10.000214,0.999970,-0.001825,-0.007581,-0.000108
1592805648990687,9.999816,3.001079,10.000148,0.999970,-0.001837,-0.007575,-0.000094
1592805649035018,9.999795,3.001179,9.999893,0.999970,-0.001849,-0.007582,-0.000040
1592805649078820,9.999756,3.000669,10.000248,0.999969,-0.001847,-0.007606,-0.000053
1592805649122630,9.999764,3.000894,10.000117,0.999970,-0.001854,-0.007585,-0.000042
1592805649165841,9.999584,3.001122,10.000124,0.999970,-0.001835,-0.007546,-0.000060
1592805649210272,9.999650,3.000947,10.000434,0.999970,-0.001859,-0.007581,-0.000090
1592805649255959,9.999765,3.001068,10.000545,0.999969,-0.001846,-0.007591,-0.000095
1592805649301103,9.999819,3.001184,10.000433,0.999970,-0.001867,-0.007585,-0.000064
1592805649345969,9.999655,3.000707,10.000154,0.999969,-0.001870,-0.007596,-0.000100
1592805649390837,9.999797,3.000870,10.000248,0.999969,-0.001846,-0.007629,-0.000113
1592805649436052,9.999856,3.001077,10.000292,0.999969,-0.001858,-0.007622,-0.000105
1592805649480830,9.999813,3.000725,10.000213,0.999969,-0.001891,-0.007629,-0.000115
1592805649525459,9.999844,3.000959,10.000452,0.999969,-0.001888,-0.007654,-0.000148
1592805649569613,9.999870,3.000934,10.000342,0.999969,-0.001868,-0.007626,-0.000110
1592805649613112,10.000051,3.001201,10.000269,0.999969,-0.001847,-0.007602,-0.000137
1592805649657378,10.000030,3.001007,10.000094,0.999969,-0.001833,-0.007593,-0.000155
1592805649701628,9.999996,3.001100,10.000140,0.999969,-0.001845,-0.007615,-0.000166
1592805649746186,9.999793,3.000801,10.000472,0.999969,-0.001875,-0.007643,-0.000201
1592805649790195,9.999900,3.000861,10.000538,0.999969,-0.001898,-0.007665,-0.000214
1592805649834448,10.000036,3.000913,10.000453,0.999969,-0.001888,-0.007641,-0.000244
1592805649878106,10.000130,3.000589,10.000464,0.999969,-0.001904,-0.007628,-0.000223
1592805649921880,10.000280,3.000847,10.000600,0.999969,-0.001902,-0.007614,-0.000222
1592805649966246,10.000231,3.001005,10.000330,0.999969,-0.001907,-0.007593,-0.000228
1592805650015736,10.000019,3.000575,10.000207,0.999970,-0.001925,-0.007564,-0.000207
1592805650064792,10.000086,3.000754,10.000258,0.999969,-0.001897,-0.007592,-0.000207
1592805650113167,10.000104,3.000660,10.000440,0.999969,-0.001890,-0.007596,-0.000168
1592805650156936,9.999949,3.001067,10.000690,0.999969,-0.001878,-0.007618,-0.000183
1592805650201046,10.000010,3.000933,10.000424,0.999969,-0.001865,-0.007619,-0.000193
1592805650244674,10.000074,3.000865,10.000628,0.999969,-0.001876,-0.007611,-0.000192
1592805650290010,10.000125,3.000902,10.000537,0.999969,-0.001872,-0.007594,-0.000206
1592805650334925,10.000009,3.000959,10.000287,0.999970,-0.001858,-0.007572,-0.000222
1592805650379729,10.000238,3.000771,10.000397,0.999970,-0.001837,-0.007579,-0.000227
1592805650425546,10.000086,3.001133,10.000472,0.999969,-0.001828,-0.007623,-0.000208
1592805650470180,9.999965,3.001014,10.000372,0.999969,-0.001826,-0.007616,-0.000223
1592805650518640,9.999848,3.001108,10.000657,0.999969,-0.001833,-0.007638,-0.000217
1592805650564994,9.999976,3.001174,10.000508,0.999969,-0.001840,-0.007606,-0.000205
1592805650609398,10.000104,3.000754,10.000390,0.999969,-0.001841,-0.007599,-0.000213
1592805650653107,10.000092,3.000882,10.000292,0.999969,-0.001835,-0.007623,-0.000233
1592805650696823,10.000122,3.000791,10.000260,0.999969,-0.001834,-0.007618,-0.000254
1592805650741319,10.000235,3.000928,10.000363,0.999969,-0.001843,-0.007607,-0.000250
1592805650785539,10.000316,3.000795,10.000623,0.999969,-0.001868,-0.007639,-0.000246
1592805650829472,10.000228,3.000932,10.000450,0.999969,-0.001843,-0.007633,-0.000255
1592805650873476,10.000138,3.000703,10.000573,0.999969,-0.001864,-0.007667,-0.000252
1592805650917466,10.000303,3.000578,10.000414,0.999969,-0.001866,-0.007649,-0.000250
1592805650962353,10.000146,3.000656,10.000397,0.999969,-0.001862,-0.007638,-0.000227
1592805651007193,10.000347,3.000701,10.000283,0.999969,-0.001875,-0.007616,-0.000249
1592805651057945,10.000295,3.000705,10.000429,0.999969,-0.001867,-0.007642,-0.000242
1592805651101886,10.000338,3.000872,10.000440,0.999969,-0.001863,-0.007632,-0.000243
1592805651154078,9.999969,3.000708,10.000578,0.999969,-0.001897,-0.007611,-0.000201
1592805651211413,9.999887,3.000988,10.000436,0.999969,-0.001904,-0.007623,-0.000163
1592805651263364,10.000047,3.000811,10.000376,0.999969,-0.001909,-0.007610,-0.000135
1592805651311518,10.000011,3.000565,10.000319,0.999969,-0.001891,-0.007621,-0.000159
1592805651364290,10.000074,3.000999,10.000330,0.999969,-0.001895,-0.007645,-0.000158
1592805651422612,10.000043,3.000615,10.000211,0.999969,-0.001897,-0.007656,-0.000139
1592805651475230,9.999965,3.000520,10.000309,0.999969,-0.001915,-0.007636,-0.000163
1592805651527795,9.999863,3.000898,10.000566,0.999969,-0.001908,-0.007645,-0.000137
1592805651579077,9.999996,3.000527,10.000255,0.999969,-0.001891,-0.007622,-0.000133
1592805651631544,10.000026,3.000812,10.000173,0.999969,-0.001875,-0.007628,-0.000130
1592805651683036,9.999965,3.000617,9.999995,0.999969,-0.001870,-0.007648,-0.000141
1592805651728916,10.000099,3.000813,10.000119,0.999969,-0.001883,-0.007621,-0.000117
1592805651774606,9.999971,3.000951,10.000179,0.999969,-0.001868,-0.007589,-0.000139
1592805651820230,9.999855,3.000888,10.000394,0.999969,-0.001865,-0.007589,-0.000160
1592805651863961,9.999892,3.000894,10.000235,0.999969,-0.001859,-0.007616,-0.000135
1592805651907897,9.999907,3.000796,10.000390,0.999969,-0.001872,-0.007609,-0.000143
1592805651955237,9.999906,3.000849,10.000421,0.999969,-0.001849,-0.007606,-0.000119
1592805652006770,9.999905,3.001043,10.000246,0.999969,-0.001866,-0.007599,-0.000124
1592805652058501,9.999870,3.000839,10.000324,0.999969,-0.001877,-0.007598,-0.000155
1592805652108903,10.000137,3.000605,10.000284,0.999969,-0.001854,-0.007605,-0.000159
1592805652153439,10.000014,3.000821,10.000280,0.999969,-0.001891,-0.007594,-0.000133
1592805652198493,9.999932,3.001113,10.000285,0.999969,-0.001889,-0.007582,-0.000133
1592805652245151,9.999803,3.000750,10.000370,0.999969,-0.001867,-0.007596,-0.000134
1592805652290359,9.999805,3.000811,10.000437,0.999969,-0.001873,-0.007620,-0.000155
1592805652347985,9.999965,3.000694,10.000202,0.999970,-0.001871,-0.007574,-0.000157
1592805652407236,10.000073,3.001034,10.000242,0.999970,-0.001888,-0.007545,-0.000175
1592805652465207,10.000173,3.000887,10.000480,0.999970,-0.001905,-0.007548,-0.000194
1592805652517060,10.000076,3.000866,10.000463,0.999970,-0.001907,-0.007549,-0.000168
1592805652568681,10.000104,3.000960,10.000237,0.999970,-0.001897,-0.007542,-0.000213
1592805652618517,9.999973,3.000871,10.000308,0.999970,-0.001916,-0.007526,-0.000164
1592805652669331,10.000025,3.001006,10.000189,0.999970,-0.001903,-0.007521,-0.000164
1592805652717615,9.999925,3.000873,10.000169,0.999970,-0.001931,-0.007522,-0.000156
1592805652761881,9.999924,3.000866,10.000084,0.999970,-0.001949,-0.007532,-0.000169
1592805652806544,10.000034,3.000883,10.000242,0.999970,-0.001940,-0.007484,-0.000130
1592805652851114,10.000017,3.000524,9.999977,0.999970,-0.001953,-0.007480,-0.000109
1592805652895964,9.999946,3.000938,10.000240,0.999970,-0.001949,-0.007495,-0.000115
1592805652940841,9.999963,3.001147,10.000334,0.999970,-0.001950,-0.007519,-0.000109
1592805652985356,9.999898,3.000670,10.000341,0.999970,-0.001942,-0.007508,-0.000113
1592805653030143,9.999931,3.000814,10.000178,0.999970,-0.001942,-0.007491,-0.000109
1592805653075357,9.999474,3.001192,10.000031,0.999970,-0.001961,-0.007495,-0.000115
1592805653126233,9.999746,3.000944,10.000324,0.999970,-0.001966,-0.007547,-0.000146
1592805653177339,9.999887,3.000690,10.000487,0.999969,-0.001941,-0.007578,-0.000155
1592805653223962,10.000042,3.000587,10.000396,0.999969,-0.001934,-0.007574,-0.000174
1592805653268997,10.000148,3.000817,10.000430,0.999969,-0.001951,-0.007565,-0.000160
1592805653314307,10.000062,3.000550,10.000330,0.999970,-0.001944,-0.007560,-0.000174
1592805653365521,10.000076,3.000957,10.000503,0.999970,-0.001947,-0.007555,-0.000173
1592805653417275,9.999887,3.000692,10.000497,0.999970,-0.001936,-0.007557,-0.000172
1592805653468879,9.999972,3.000762,10.000332,0.999970,-0.001937,-0.007516,-0.000140
1592805653514448,9.999998,3.000738,10.000475,0.999970,-0.001901,-0.007539,-0.000149
1592805653559473,9.999918,3.000778,10.000481,0.999970,-0.001888,-0.007545,-0.000156
1592805653605174,9.999736,3.001077,10.000362,0.999970,-0.001894,-0.007524,-0.000162
1592805653650693,9.999935,3.000793,10.000176,0.999970,-0.001893,-0.007530,-0.000180
1592805653696071,9.999822,3.001004,10.000345,0.999970,-0.001919,-0.007533,-0.000154
1592805653741129,10.000062,3.000654,10.000351,0.999969,-0.001908,-0.007581,-0.000161
1592805653785051,9.999877,3.000741,10.000293,0.999969,-0.001906,-0.007577,-0.000162
1592805653835539,9.999960,3.001063,10.000499,0.999969,-0.001909,-0.007576,-0.000201
1592805653886313,10.000046,3.000818,10.000799,0.999969,-0.001882,-0.007596,-0.000221
1592805653936397,10.000174,3.000944,10.000435,0.999970,-0.001893,-0.007570,-0.000214
1592805653987005,10.000126,3.000697,10.000501,0.999969,-0.001879,-0.007589,-0.000238
1592805654038459,10.000298,3.000919,10.000546,0.999969,-0.001901,-0.007592,-0.000207
1592805654091171,9.999845,3.001100,10.000797,0.999969,-0.001906,-0.007588,-0.000212
1592805654138318,10.000008,3.001050,10.000578,0.999969,-0.001900,-0.007573,-0.000218
1592805654188285,10.000180,3.000702,10.000311,0.999969,-0.001900,-0.007596,-0.000203
1592805654240406,10.000277,3.000878,10.000458,0.999969,-0.001896,-0.007615,-0.000228
1592805654292811,10.000089,3.000642,10.000654,0.999969,-0.001898,-0.007603,-0.000253
1592805654345278,10.000200,3.000452,10.000400,0.999969,-0.001900,-0.007611,-0.000223
1592805654400217,10.000154,3.000696,10.000218,0.999969,-0.001933,-0.007569,-0.000200
1592805654457610,10.000144,3.000679,10.000345,0.999969,-0.001942,-0.007579,-0.000170
1592805654509458,10.000141,3.000906,10.000519,0.999969,-0.001919,-0.007586,-0.000187
1592805654560823,10.000086,3.000731,10.000267,0.999970,-0.001889,-0.007564,-0.000210
1592805654606969,9.999944,3.000818,10.000348,0.999970,-0.001891,-0.007551,-0.000208
1592805654655820,10.000231,3.000934,10.000535,0.999970,-0.001854,-0.007562,-0.000236
1592805654703015,10.000328,3.000900,10.000436,0.999970,-0.001874,-0.007554,-0.000212
1592805654746824,10.000163,3.000614,10.000535,0.999970,-0.001859,-0.007569,-0.000204
1592805654791717,10.000196,3.000659,10.000453,0.999970,-0.001869,-0.007548,-0.000213
1592805654836544,10.000199,3.000861,10.000508,0.999970,-0.001870,-0.007569,-0.000226
1592805654881439,10.000018,3.000850,10.000542,0.999969,-0.001897,-0.007600,-0.000189
1592805654929592,9.999874,3.000813,10.000466,0.999969,-0.001886,-0.007604,-0.000196
1592805654994725,9.999870,3.000761,10.000442,0.999970,-0.001904,-0.007573,-0.000211
1592805655051219,10.000130,3.000531,10.000404,0.999969,-0.001875,-0.007584,-0.000222
1592805655097588,10.000365,3.000820,10.000305,0.999970,-0.001865,-0.007570,-0.000192
1592805655143540,10.000191,3.000725,10.000409,0.999970,-0.001888,-0.007560,-0.000179
1592805655189474,10.000055,3.000791,10.000572,0.999969,-0.001867,-0.007586,-0.000187
1592805655234648,9.999862,3.000921,10.000719,0.999970,-0.001885,-0.007555,-0.000179
1592805655287585,10.000044,3.000753,10.000284,0.999970,-0.001891,-0.007505,-0.000167
1592805655340531,10.000163,3.000486,10.000116,0.999970,-0.001888,-0.007497,-0.000166
1592805655392473,9.999972,3.001117,10.000384,0.999970,-0.001889,-0.007547,-0.000163
1592805655443557,10.000006,3.001180,10.000331,0.999970,-0.001892,-0.007548,-0.000179
1592805655488942,10.000021,3.000689,10.000534,0.999970,-0.001912,-0.007561,-0.000157
1592805655534288,10.000034,3.000746,10.000395,0.999970,-0.001901,-0.007563,-0.000164
1592805655579080,10.000083,3.000554,10.000286,0.999970,-0.001908,-0.007551,-0.000139
1592805655623052,10.000163,3.000809,10.000378,0.999970,-0.001923,-0.007535,-0.000132
1592805655669593,9.999839,3.001204,10.000355,0.999970,-0.001933,-0.007506,-0.000133
1592805655713655,9.999886,3.000786,10.000520,0.999970,-0.001918,-0.007534,-0.000132
1592805655757875,9.999869,3.000848,10.000294,0.999970,-0.001911,-0.007497,-0.000122
1592805655806581,9.999895,3.000919,10.000052,0.999970,-0.001881,-0.007519,-0.000110
1592805655856365,9.999878,3.001158,10.000424,0.999970,-0.001902,-0.007499,-0.000132
1592805655905948,9.999906,3.001370,10.000396,0.999970,-0.001910,-0.007525,-0.000110
1592805655954553,9.999820,3.000696,10.000346,0.999970,-0.001927,-0.007530,-0.000140
1592805655999282,9.999936,3.000912,10.000175,0.999970,-0.001909,-0.007545,-0.000091
1592805656044697,9.999758,3.000693,10.000419,0.999970,-0.001919,-0.007548,-0.000091
1592805656089158,9.999846,3.000703,10.000319,0.999970,-0.001892,-0.007562,-0.000088
1592805656139881,9.999871,3.001105,10.000193,0.999970,-0.001875,-0.007573,-0.000090
1592805656190932,9.999840,3.000832,10.000162,0.999970,-0.001877,-0.007561,-0.000088
1592805656235990,9.999770,3.001216,10.000490,0.999970,-0.001876,-0.007570,-0.000127
1592805656283053,9.999826,3.000801,10.000350,0.999970,-0.001901,-0.007552,-0.000123
1592805656335042,9.999817,3.000923,10.000470,0.999970,-0.001893,-0.007548,-0.000128
1592805656380980,9.999806,3.000808,10.000691,0.999970,-0.001887,-0.007559,-0.000170
1592805656426654,10.000005,3.000816,10.000698,0.999970,-0.001860,-0.007564,-0.000159
1592805656471620,9.999837,3.001046,10.000393,0.999969,-0.001872,-0.007583,-0.000143
1592805656517132,9.999965,3.000748,10.000277,0.999969,-0.001906,-0.007583,-0.000142
1592805656562224,9.999915,3.000829,10.000478,0.999970,-0.001899,-0.007577,-0.000140
1592805656608583,9.999856,3.000849,10.000401,0.999969,-0.001910,-0.007581,-0.000119
1592805656654038,9.999952,3.000880,10.000378,0.999970,-0.001873,-0.007562,-0.000122
1592805656698476,10.000065,3.000791,10.000271,0.999970,-0.001886,-0.007552,-0.000101
1592805656742528,9.999914,3.001077,10.000428,0.999970,-0.001871,-0.007538,-0.000109
1592805656792889,9.999961,3.000948,10.000332,0.999970,-0.001877,-0.007534,-0.000128
1592805656842508,9.999902,3.001194,10.000276,0.999970,-0.001865,-0.007529,-0.000130
1592805656892032,9.999910,3.000963,10.000305,0.999970,-0.001879,-0.007538,-0.000146
1592805656936564,10.000022,3.001105,10.000417,0.999970,-0.001906,-0.007518,-0.000165
1592805656980413,10.000116,3.000597,10.000189,0.999970,-0.001894,-0.007531,-0.000163
1592805657025200,10.000166,3.000662,10.000271,0.999970,-0.001906,-0.007510,-0.000145
1592805657069340,10.000026,3.000849,10.000208,0.999970,-0.001910,-0.007533,-0.000115
1592805657114877,9.999800,3.000694,10.000405,0.999970,-0.001931,-0.007546,-0.000140
1592805657159664,9.999816,3.000715,10.000181,0.999969,-0.001911,-0.007578,-0.000129
1592805657210449,10.000120,3.000488,10.000216,0.999970,-0.001914,-0.007577,-0.000150
1592805657261480,10.000065,3.000759,10.000177,0.999969,-0.001919,-0.007586,-0.000182
1592805657312728,10.000112,3.000556,10.000348,0.999969,-0.001904,-0.007578,-0.000170
1592805657358759,10.000056,3.000781,10.000525,0.999970,-0.001901,-0.007569,-0.000161
1592805657404243,10.000142,3.001005,10.000771,0.999970,-0.001892,-0.007549,-0.000187
1592805657456909,10.000154,3.000725,10.000195,0.999970,-0.001870,-0.007500,-0.000170
1592805657508475,9.999974,3.000720,10.000164,0.999970,-0.001886,-0.007505,-0.000150
1592805657559328,9.999877,3.000943,10.000476,0.999970,-0.001897,-0.007507,-0.000134
1592805657604788,9.999747,3.001204,10.000529,0.999970,-0.001910,-0.007534,-0.000149
1592805657651457,9.999729,3.000933,10.000374,0.999970,-0.001899,-0.007544,-0.000153
1592805657700459,9.999854,3.000923,10.000441,0.999970,-0.001911,-0.007514,-0.000144
1592805657745831,10.000006,3.000640,10.000421,0.999970,-0.001896,-0.007525,-0.000166
1592805657790040,10.000060,3.000992,10.000531,0.999970,-0.001895,-0.007535,-0.000191
1592805657833594,9.999935,3.000947,10.000532,0.999970,-0.001918,-0.007524,-0.000186
1592805657883960,10.000100,3.000684,10.000327,0.999970,-0.001905,-0.007560,-0.000173
1592805657934199,9.999993,3.000957,10.000622,0.999970,-0.001897,-0.007556,-0.000200
1592805657984617,10.000074,3.000628,10.000359,0.999970,-0.001884,-0.007553,-0.000177
1592805658034589,9.999885,3.001023,10.000334,0.999970,-0.001909,-0.007559,-0.000187
1592805658078201,10.000081,3.000671,10.000432,0.999970,-0.001952,-0.007555,-0.000199
1592805658126528,10.000064,3.000718,10.000395,0.999970,-0.001962,-0.007553,-0.000199
1592805658180780,10.000135,3.000541,10.000273,0.999970,-0.001971,-0.007543,-0.000197
1592805658231099,10.000087,3.000795,10.000247,0.999970,-0.001984,-0.007528,-0.000204
1592805658284805,10.000153,3.000571,10.000467,0.999970,-0.002010,-0.007529,-0.000192
1592805658339061,10.000165,3.000699,10.000491,0.999970,-0.001988,-0.007552,-0.000168
1592805658392904,10.000111,3.000598,10.000541,0.999970,-0.001985,-0.007538,-0.000188
1592805658439764,10.000058,3.000729,10.000485,0.999970,-0.001993,-0.007539,-0.000190
1592805658486617,9.999903,3.000528,10.000463,0.999970,-0.001974,-0.007539,-0.000201
1592805658539940,10.000075,3.000863,10.000314,0.999970,-0.001990,-0.007530,-0.000198
1592805658587747,10.000252,3.000678,10.000466,0.999970,-0.001952,-0.007539,-0.000212
1592805658633955,10.000039,3.000847,10.000481,0.999970,-0.001958,-0.007530,-0.000206
1592805658681258,9.999958,3.000528,10.000538,0.999970,-0.001947,-0.007553,-0.000201
1592805658726691,10.000172,3.000566,10.000466,0.999970,-0.001951,-0.007549,-0.000218
1592805658772394,9.999916,3.000780,10.000492,0.999970,-0.001951,-0.007553,-0.000235
1592805658818559,10.000248,3.000490,10.000479,0.999970,-0.001914,-0.007521,-0.000214
1592805658864279,10.000302,3.000732,10.000396,0.999970,-0.001918,-0.007533,-0.000196
1592805658908373,10.000064,3.000463,10.000386,0.999970,-0.001958,-0.007515,-0.000182
1592805658952513,10.000178,3.000614,10.000356,0.999970,-0.001972,-0.007504,-0.000163
1592805658996758,10.000051,3.000684,10.000377,0.999970,-0.001945,-0.007513,-0.000168
1592805659041422,10.000017,3.000803,10.000236,0.999970,-0.001937,-0.007539,-0.000198
1592805659090329,10.000184,3.000489,10.000257,0.999970,-0.001937,-0.007512,-0.000190
1592805659137195,10.000186,3.000937,10.000435,0.999970,-0.001943,-0.007503,-0.000154
1592805659183310,9.999852,3.000756,10.000656,0.999970,-0.001948,-0.007509,-0.000176
1592805659229340,9.999821,3.000818,10.000340,0.999970,-0.001939,-0.007503,-0.000179
1592805659274789,10.000023,3.000941,10.000154,0.999970,-0.001910,-0.007497,-0.000183
1592805659320408,10.000155,3.000678,10.000214,0.999970,-0.001884,-0.007511,-0.000196
1592805659367198,10.000083,3.000902,10.000254,0.999970,-0.001875,-0.007524,-0.000204
1592805659412941,9.999969,3.000853,10.000518,0.999970,-0.001905,-0.007532,-0.000185
1592805659457542,9.999982,3.000761,10.000378,0.999970,-0.001873,-0.007530,-0.000191
1592805659503661,10.000018,3.000844,10.000357,0.999970,-0.001884,-0.007518,-0.000175
1592805659550668,9.999974,3.000689,10.000326,0.999970,-0.001913,-0.007513,-0.000161
1592805659596773,9.999931,3.000791,10.000349,0.999970,-0.001947,-0.007487,-0.000128
1592805659642563,9.999975,3.000849,10.000512,0.999970,-0.001937,-0.007502,-0.000129
1592805659687981,9.999991,3.000848,10.000300,0.999970,-0.001931,-0.007477,-0.000125
1592805659733423,9.999798,3.001081,10.000550,0.999970,-0.001944,-0.007508,-0.000114
1592805659777931,9.999885,3.000568,10.000239,0.999970,-0.001963,-0.007472,-0.000102
1592805659822273,9.999906,3.000694,9.999900,0.999970,-0.001937,-0.007486,-0.000061
1592805659866266,10.000020,3.000928,10.000248,0.999970,-0.001941,-0.007472,-0.000050
1592805659911705,9.999853,3.000676,10.000285,0.999970,-0.001914,-0.007490,-0.000052
1592805659956016,9.999785,3.000741,10.000389,0.999970,-0.001954,-0.007505,-0.000052
1592805659999685,9.999665,3.000845,10.000476,0.999970,-0.001939,-0.007481,-0.000074
1592805660044056,9.999653,3.000933,10.000557,0.999970,-0.001930,-0.007466,-0.000103
1592805660088733,9.999626,3.000951,10.000312,0.999970,-0.001911,-0.007476,-0.000119
1592805660133945,9.999882,3.000842,10.000215,0.999970,-0.001924,-0.007470,-0.000110
1592805660178931,9.999792,3.000653,10.000273,0.999970,-0.001908,-0.007468,-0.000097
1592805660223170,9.999863,3.000772,10.000134,0.999970,-0.001894,-0.007474,-0.000088
1592805660269289,9.999921,3.000863,10.000268,0.999970,-0.001905,-0.007474,-0.000100
1592805660314656,9.999880,3.000810,10.000207,0.999970,-0.001908,-0.007473,-0.000110
1592805660361035,9.999944,3.000897,10.000216,0.999970,-0.001909,-0.007501,-0.000089
1592805660406003,9.999892,3.000965,10.000211,0.999970,-0.001892,-0.007498,-0.000085
1592805660449934,9.999841,3.000800,10.000280,0.999970,-0.001924,-0.007500,-0.000100
1592805660493798,9.999763,3.000842,10.000229,0.999970,-0.001892,-0.007543,-0.000133
1592805660541470,9.999712,3.000648,10.000233,0.999970,-0.001929,-0.007518,-0.000139
1592805660593877,9.999853,3.000757,10.000273,0.999970,-0.001923,-0.007527,-0.000143
1592805660641757,9.999932,3.000723,10.000355,0.999970,-0.001953,-0.007496,-0.000143
1592805660687048,9.999839,3.000931,10.000320,0.999970,-0.001951,-0.007499,-0.000149
1592805660732532,9.999845,3.000914,10.000504,0.999970,-0.001951,-0.007491,-0.000120
1592805660777167,10.000027,3.000536,10.000396,0.999970,-0.001937,-0.007514,-0.000136
1592805660821078,10.000033,3.000557,10.000175,0.999970,-0.001926,-0.007496,-0.000132
1592805660865792,10.000057,3.000897,10.000307,0.999970,-0.001937,-0.007511,-0.000156
1592805660909180,10.000178,3.000817,10.000393,0.999970,-0.001917,-0.007556,-0.000189
1592805660952970,10.000224,3.000441,10.000407,0.999970,-0.001922,-0.007539,-0.000198
1592805661004150,10.000258,3.000825,10.000286,0.999970,-0.001911,-0.007532,-0.000208
1592805661063300,10.000291,3.000630,10.000222,0.999970,-0.001939,-0.007482,-0.000169
1592805661119074,10.000153,3.000573,10.000167,0.999970,-0.001940,-0.007502,-0.000154
1592805661165835,10.000193,3.000911,10.000292,0.999970,-0.001944,-0.007527,-0.000170
1592805661210918,10.000176,3.000548,10.000531,0.999970,-0.001976,-0.007507,-0.000163
1592805661260780,9.999862,3.000850,10.000381,0.999970,-0.001966,-0.007519,-0.000156
1592805661312741,10.000049,3.000404,10.000275,0.999970,-0.001988,-0.007516,-0.000149
1592805661365500,10.000017,3.000751,10.000241,0.999970,-0.001993,-0.007520,-0.000131
1592805661414281,9.999968,3.000481,10.000379,0.999970,-0.001981,-0.007527,-0.000133
1592805661458665,9.999971,3.000752,10.000453,0.999970,-0.001978,-0.007529,-0.000135
1592805661502929,9.999990,3.000761,10.000481,0.999970,-0.001960,-0.007525,-0.000123
1592805661551111,9.999974,3.000634,10.000175,0.999970,-0.001938,-0.007545,-0.000135
1592805661596728,10.000081,3.000562,10.000118,0.999970,-0.001932,-0.007553,-0.000165
1592805661641654,10.000275,3.000793,10.000148,0.999970,-0.001931,-0.007547,-0.000147
1592805661686715,9.999738,3.000839,10.000510,0.999970,-0.001942,-0.007536,-0.000159
1592805661734340,9.999969,3.000849,10.000392,0.999970,-0.001949,-0.007548,-0.000184
1592805661784548,10.000073,3.000451,10.000287,0.999969,-0.001963,-0.007565,-0.000197
1592805661831556,10.000262,3.000629,10.000408,0.999970,-0.001931,-0.007548,-0.000194
1592805661883096,10.000294,3.000488,10.000353,0.999970,-0.001932,-0.007510,-0.000211
1592805661931379,10.000218,3.000931,10.000457,0.999970,-0.001938,-0.007527,-0.000203
1592805661978217,10.000128,3.000885,10.000479,0.999970,-0.001928,-0.007513,-0.000185
1592805662022413,9.999966,3.000631,10.000198,0.999970,-0.001933,-0.007510,-0.000178
1592805662067701,9.999931,3.000707,10.000368,0.999970,-0.001924,-0.007507,-0.000194
1592805662111314,9.999954,3.000667,10.000646,0.999970,-0.001914,-0.007522,-0.000207
1592805662154891,10.000116,3.000740,10.000389,0.999970,-0.001932,-0.007521,-0.000191
1592805662198606,10.000183,3.000698,10.000337,0.999970,-0.001922,-0.007523,-0.000174
1592805662242311,10.000078,3.000851,10.000467,0.999970,-0.001906,-0.007489,-0.000196
1592805662286665,9.999967,3.000655,10.000484,0.999970,-0.001932,-0.007504,-0.000185
1592805662332202,9.999995,3.000822,10.000655,0.999970,-0.001914,-0.007533,-0.000233
1592805662377517,10.000248,3.000578,10.000374,0.999970,-0.001952,-0.007482,-0.000222
1592805662427194,10.000173,3.000667,10.000381,0.999970,-0.001939,-0.007491,-0.000211
1592805662477353,10.000090,3.000615,10.000311,0.999970,-0.001928,-0.007476,-0.000190
1592805662528751,10.000181,3.000695,10.000342,0.999970,-0.001914,-0.007471,-0.000197
1592805662578642,10.000015,3.000650,10.000645,0.999970,-0.001923,-0.007479,-0.000208
1592805662629166,9.999973,3.001061,10.000808,0.999970,-0.001922,-0.007501,-0.000171
1592805662679096,10.000097,3.000581,10.000287,0.999970,-0.001906,-0.007509,-0.000157
1592805662729331,10.000025,3.000813,10.000157,0.999970,-0.001900,-0.007545,-0.000189
1592805662775098,9.999882,3.000684,10.000535,0.999970,-0.001912,-0.007540,-0.000193
1592805662818243,10.000020,3.000650,10.000564,0.999970,-0.001911,-0.007542,-0.000214
1592805662862152,10.000072,3.000705,10.000549,0.999970,-0.001915,-0.007565,-0.000224
1592805662905287,10.000060,3.000962,10.000499,0.999969,-0.001911,-0.007581,-0.000233
1592805662948582,10.000111,3.000517,10.000471,0.999969,-0.001927,-0.007569,-0.000209
1592805662991427,10.000010,3.000549,10.000692,0.999969,-0.001925,-0.007579,-0.000208
1592805663035221,9.999928,3.000991,10.000584,0.999970,-0.001916,-0.007547,-0.000200
1592805663079755,10.000109,3.000580,10.000315,0.999970,-0.001956,-0.007561,-0.000171
1592805663125085,10.000247,3.000418,9.999985,0.999970,-0.001954,-0.007519,-0.000185
1592805663170277,10.000109,3.000803,10.000241,0.999970,-0.001977,-0.007491,-0.000155
1592805663228001,10.000109,3.000606,10.000366,0.999970,-0.001967,-0.007490,-0.000189
1592805663286802,10.000131,3.000661,10.000640,0.999970,-0.001914,-0.007496,-0.000202
1592805663346086,10.000142,3.000818,10.000415,0.999970,-0.001920,-0.007480,-0.000177
1592805663390803,10.000137,3.000845,10.000381,0.999970,-0.001905,-0.007485,-0.000184
1592805663436399,10.000152,3.000728,10.000252,0.999970,-0.001923,-0.007503,-0.000179
1592805663487182,10.000233,3.000503,10.000119,0.999970,-0.001932,-0.007486,-0.000181
1592805663535897,10.000058,3.000723,10.000223,0.999970,-0.001931,-0.007472,-0.000193
1592805663586874,10.000113,3.000697,10.000207,0.999970,-0.001959,-0.007453,-0.000168
1592805663632538,9.999897,3.000815,10.000387,0.999970,-0.001981,-0.007447,-0.000172
1592805663677779,9.999933,3.000907,10.000613,0.999970,-0.001973,-0.007451,-0.000148
1592805663722797,9.999936,3.000612,10.000227,0.999970,-0.001956,-0.007476,-0.000139
1592805663767806,9.999840,3.000753,10.000219,0.999970,-0.001975,-0.007481,-0.000138
1592805663811286,9.999973,3.000544,10.000162,0.999970,-0.001984,-0.007465,-0.000121
1592805663854731,10.000010,3.000691,10.000457,0.999970,-0.001966,-0.007479,-0.000137
1592805663898741,9.999728,3.001011,10.000316,0.999970,-0.001992,-0.007474,-0.000146
1592805663942233,9.999922,3.001015,10.000383,0.999970,-0.001964,-0.007501,-0.000144
1592805663986353,10.000013,3.000506,10.000211,0.999970,-0.001995,-0.007492,-0.000167
1592805664030619,10.000031,3.000549,10.000166,0.999970,-0.001970,-0.007492,-0.000167
1592805664074704,10.000149,3.000617,10.000141,0.999970,-0.001963,-0.007486,-0.000169
1592805664119351,10.000023,3.000614,10.000355,0.999970,-0.001998,-0.007469,-0.000112
1592805664163702,10.000033,3.000549,10.000132,0.999970,-0.002001,-0.007488,-0.000100
1592805664208768,9.999857,3.000636,10.000217,0.999970,-0.001959,-0.007446,-0.000126
1592805664258910,9.999932,3.000662,10.000272,0.999970,-0.002000,-0.007465,-0.000113
1592805664304923,9.999905,3.001034,10.000228,0.999970,-0.001976,-0.007471,-0.000099
1592805664349852,9.999738,3.000627,10.000278,0.999970,-0.002003,-0.007444,-0.000100
1592805664395056,9.999820,3.000426,10.000321,0.999970,-0.002021,-0.007466,-0.000125
1592805664440576,9.999587,3.000867,10.000526,0.999970,-0.001989,-0.007477,-0.000119
1592805664485606,10.000032,3.000598,10.000324,0.999970,-0.001993,-0.007455,-0.000168
1592805664529430,9.999969,3.000732,10.000453,0.999970,-0.001999,-0.007507,-0.000168
1592805664572577,10.000047,3.000813,10.000452,0.999970,-0.001986,-0.007504,-0.000189
1592805664617607,10.000119,3.000434,10.000340,0.999970,-0.001994,-0.007513,-0.000186
1592805664661522,9.999926,3.000574,10.000715,0.999970,-0.002004,-0.007492,-0.000196
1592805664705925,10.000103,3.000535,10.000536,0.999970,-0.001983,-0.007519,-0.000188
1592805664749575,10.000162,3.000382,10.000339,0.999970,-0.001954,-0.007510,-0.000173
1592805664796869,10.000003,3.000651,10.000320,0.999970,-0.001996,-0.007508,-0.000188
1592805664846714,10.000099,3.000498,10.000362,0.999970,-0.001987,-0.007531,-0.000169
1592805664894154,10.000174,3.000570,10.000432,0.999970,-0.001988,-0.007526,-0.000151
1592805664937990,10.000129,3.000668,10.000444,0.999970,-0.001968,-0.007525,-0.000143
1592805664981283,9.999987,3.000528,10.000423,0.999970,-0.001974,-0.007529,-0.000138
1592805665024928,9.999959,3.000566,10.000212,0.999970,-0.001975,-0.007521,-0.000147
1592805665069903,9.999708,3.000993,10.000416,0.999970,-0.001961,-0.007542,-0.000196
1592805665113405,10.000216,3.000648,10.000391,0.999970,-0.001967,-0.007494,-0.000170
1592805665156925,10.000260,3.000468,10.000396,0.999970,-0.001956,-0.007493,-0.000166
1592805665201126,10.000229,3.000496,10.000116,0.999970,-0.001954,-0.007498,-0.000135
1592805665245994,10.000175,3.000525,10.000452,0.999970,-0.001926,-0.007508,-0.000166
1592805665291260,10.000068,3.000771,10.000357,0.999970,-0.001920,-0.007519,-0.000209
1592805665336762,10.000128,3.000829,10.000591,0.999970,-0.001931,-0.007510,-0.000175
1592805665382069,10.000133,3.000705,10.000483,0.999970,-0.001893,-0.007517,-0.000215
1592805665427370,10.000107,3.001122,10.000545,0.999970,-0.001898,-0.007533,-0.000219
1592805665472735,9.999891,3.000962,10.000411,0.999970,-0.001915,-0.007521,-0.000203
1592805665517209,10.000168,3.000589,10.000567,0.999970,-0.001904,-0.007545,-0.000223
1592805665560758,10.000283,3.000573,10.000432,0.999970,-0.001913,-0.007547,-0.000214
1592805665608224,10.000278,3.000884,10.000167,0.999970,-0.001897,-0.007545,-0.000172
1592805665662292,10.000053,3.000583,10.000331,0.999970,-0.001915,-0.007520,-0.000143
1592805665708078,10.000064,3.000978,10.000545,0.999970,-0.001916,-0.007537,-0.000145
1592805665752534,9.999764,3.000679,10.000284,0.999970,-0.001937,-0.007528,-0.000145
1592805665795978,9.999725,3.000903,10.000499,0.999970,-0.001914,-0.007536,-0.000131
1592805665839894,9.999759,3.000798,10.000340,0.999970,-0.001932,-0.007525,-0.000123
1592805665882914,9.999670,3.000745,10.000417,0.999970,-0.001931,-0.007511,-0.000116
1592805665925898,9.999878,3.000749,10.000424,0.999970,-0.001931,-0.007489,-0.000109
1592805665968645,9.999674,3.001072,10.000392,0.999970,-0.001949,-0.007465,-0.000110
1592805666011605,9.999902,3.000607,10.000305,0.999970,-0.001966,-0.007485,-0.000142
1592805666055499,10.000120,3.000516,10.000240,0.999970,-0.001981,-0.007466,-0.000128
1592805666099228,10.000108,3.000654,10.000404,0.999970,-0.001964,-0.007488,-0.000124
1592805666142487,9.999722,3.000767,10.000623,0.999970,-0.001956,-0.007511,-0.000118
1592805666186508,9.999746,3.000775,10.000498,0.999970,-0.001977,-0.007526,-0.000145
1592805666230001,9.999842,3.000755,10.000562,0.999970,-0.001956,-0.007558,-0.000165
1592805666273596,10.000052,3.000846,10.000507,0.999970,-0.001977,-0.007539,-0.000154
1592805666318289,10.000196,3.000273,10.000244,0.999970,-0.001943,-0.007527,-0.000160
1592805666362474,10.000256,3.000494,10.000346,0.999970,-0.001980,-0.007542,-0.000203
1592805666407619,10.000347,3.000684,10.000416,0.999970,-0.001992,-0.007541,-0.000182
1592805666451707,10.000180,3.000406,10.000387,0.999970,-0.001978,-0.007545,-0.000212
1592805666495540,10.000230,3.000336,10.000051,0.999970,-0.001969,-0.007532,-0.000190
1592805666539572,10.000076,3.000562,10.000292,0.999970,-0.001978,-0.007533,-0.000174
1592805666585533,10.000241,3.000491,10.000160,0.999970,-0.001981,-0.007516,-0.000139
1592805666635516,10.000072,3.000677,10.000395,0.999970,-0.001965,-0.007503,-0.000132
1592805666686805,9.999987,3.000466,9.999962,0.999970,-0.002004,-0.007480,-0.000144
1592805666733239,9.999996,3.000720,10.000040,0.999970,-0.002020,-0.007439,-0.000120
1592805666777037,9.999970,3.000553,10.000309,0.999970,-0.002014,-0.007455,-0.000085
1592805666821547,9.999899,3.000587,10.000346,0.999970,-0.002003,-0.007442,-0.000082
1592805666864601,9.999822,3.000698,10.000439,0.999970,-0.002019,-0.007427,-0.000085
1592805666907163,9.999834,3.001042,10.000397,0.999970,-0.002013,-0.007443,-0.000066
1592805666949963,9.999829,3.000655,10.000261,0.999970,-0.002002,-0.007451,-0.000101
1592805666993374,9.999984,3.000708,10.000113,0.999970,-0.001998,-0.007423,-0.000113
1592805667036766,10.000034,3.000624,10.000022,0.999971,-0.001989,-0.007403,-0.000101
1592805667080777,9.999754,3.000979,10.000377,0.999971,-0.001990,-0.007403,-0.000089
1592805667124641,9.999927,3.000805,10.000308,0.999970,-0.001963,-0.007426,-0.000107
1592805667168695,9.999815,3.000832,10.000080,0.999971,-0.001950,-0.007420,-0.000127
1592805667212715,10.000009,3.000686,10.000543,0.999970,-0.001960,-0.007440,-0.000138
1592805667257617,9.999999,3.000990,10.000616,0.999970,-0.001939,-0.007452,-0.000136
1592805667302050,10.000098,3.000966,10.000520,0.999970,-0.001956,-0.007429,-0.000129
1592805667347383,9.999742,3.000713,10.000244,0.999970,-0.001942,-0.007458,-0.000151
1592805667392875,9.999877,3.000820,10.000240,0.999970,-0.001973,-0.007442,-0.000131
1592805667438371,9.999983,3.000793,10.000530,0.999970,-0.001914,-0.007451,-0.000112
1592805667483391,9.999898,3.000667,10.000052,0.999970,-0.001913,-0.007457,-0.000128
1592805667527991,10.000127,3.000914,10.000134,0.999970,-0.001920,-0.007444,-0.000109
1592805667575410,9.999937,3.000772,10.000379,0.999970,-0.001930,-0.007452,-0.000110
1592805667624024,9.999757,3.000783,10.000375,0.999971,-0.001937,-0.007429,-0.000129
1592805667668074,9.999924,3.000857,10.000581,0.999970,-0.001945,-0.007437,-0.000160
1592805667711714,10.000009,3.000799,10.000335,0.999971,-0.001983,-0.007407,-0.000159
1592805667755451,10.000002,3.000622,10.000188,0.999971,-0.001965,-0.007419,-0.000156
1592805667799184,10.000092,3.000815,10.000279,0.999971,-0.001980,-0.007415,-0.000144
1592805667842908,10.000044,3.001095,10.000260,0.999970,-0.001963,-0.007442,-0.000170
1592805667886212,9.999947,3.000391,10.000218,0.999970,-0.001969,-0.007458,-0.000159
1592805667929783,10.000002,3.000619,10.000262,0.999970,-0.001960,-0.007483,-0.000166
1592805667973661,10.000114,3.000725,10.000362,0.999970,-0.001940,-0.007469,-0.000177
1592805668017374,9.999864,3.000764,10.000667,0.999970,-0.001943,-0.007483,-0.000194
1592805668061053,9.999820,3.000964,10.000621,0.999970,-0.001948,-0.007457,-0.000172
1592805668105512,9.999982,3.000976,10.000692,0.999970,-0.001912,-0.007450,-0.000161
1592805668149464,10.000093,3.000647,10.000497,0.999970,-0.001936,-0.007439,-0.000189
1592805668193418,10.000119,3.000864,10.000438,0.999970,-0.001948,-0.007435,-0.000160
1592805668238025,10.000054,3.000907,10.000335,0.999970,-0.001961,-0.007445,-0.000175
1592805668283517,10.000101,3.000695,10.000291,0.999970,-0.001961,-0.007430,-0.000171
1592805668329397,9.999859,3.000795,10.000364,0.999970,-0.001976,-0.007441,-0.000190
1592805668376183,10.000125,3.000607,10.000491,0.999970,-0.001957,-0.007452,-0.000184
1592805668422451,10.000072,3.000684,10.000479,0.999970,-0.001950,-0.007449,-0.000144
1592805668468000,10.000042,3.000517,10.000415,0.999970,-0.001961,-0.007434,-0.000150
1592805668512841,10.000011,3.000566,10.000149,0.999970,-0.001983,-0.007444,-0.000148
1592805668557782,10.000136,3.000622,10.000052,0.999970,-0.001982,-0.007439,-0.000129
1592805668602689,9.999955,3.000817,10.000341,0.999970,-0.001986,-0.007460,-0.000133
1592805668648677,10.000020,3.000636,10.000402,0.999970,-0.001986,-0.007469,-0.000145
1592805668696271,10.000096,3.000489,10.000400,0.999970,-0.001991,-0.007458,-0.000163
1592805668740771,9.999977,3.000508,10.000112,0.999970,-0.001980,-0.007477,-0.000170
1592805668784683,9.999921,3.000511,10.000362,0.999970,-0.001972,-0.007477,-0.000184
1592805668832709,9.999784,3.000811,10.000613,0.999970,-0.002017,-0.007477,-0.000167
1592805668884471,9.999974,3.000463,10.000504,0.999970,-0.002027,-0.007470,-0.000170
1592805668928780,10.000134,3.000453,10.000303,0.999970,-0.002006,-0.007475,-0.000177
1592805668976757,10.000093,3.000355,10.000307,0.999970,-0.002026,-0.007460,-0.000168
1592805669032303,10.000079,3.000648,10.000489,0.999970,-0.002032,-0.007452,-0.000178
1592805669084109,10.000224,3.000419,10.000154,0.999970,-0.002005,-0.007458,-0.000151
1592805669132778,10.000111,3.000597,10.000169,0.999970,-0.002007,-0.007431,-0.000130
1592805669178665,10.000033,3.000796,10.000246,0.999970,-0.001987,-0.007453,-0.000104
1592805669224866,9.999845,3.000638,10.000390,0.999970,-0.002007,-0.007464,-0.000115
1592805669270370,9.999927,3.000658,10.000288,0.999970,-0.001981,-0.007469,-0.000105
1592805669314971,10.000067,3.000607,10.000423,0.999970,-0.001958,-0.007488,-0.000100
1592805669360914,9.999971,3.000527,10.000231,0.999970,-0.001951,-0.007485,-0.000102
1592805669405939,9.999811,3.000852,10.000286,0.999970,-0.001953,-0.007501,-0.000110
1592805669454428,9.999944,3.000571,10.000384,0.999970,-0.001982,-0.007495,-0.000142
1592805669505950,9.999711,3.000854,10.000573,0.999970,-0.001974,-0.007506,-0.000121
1592805669556564,10.000073,3.000440,10.000335,0.999970,-0.001976,-0.007505,-0.000160
1592805669601712,10.000199,3.000749,10.000399,0.999970,-0.001960,-0.007513,-0.000151
1592805669647269,9.999990,3.000571,10.000401,0.999970,-0.001959,-0.007476,-0.000158
1592805669693035,10.000042,3.000668,10.000333,0.999970,-0.001960,-0.007453,-0.000147
1592805669738484,9.999966,3.000821,10.000327,0.999970,-0.001940,-0.007460,-0.000177
1592805669787378,10.000207,3.000639,10.000524,0.999970,-0.001958,-0.007457,-0.000174
1592805669832343,10.000176,3.000715,10.000533,0.999970,-0.001980,-0.007453,-0.000146
1592805669877291,10.000034,3.001034,10.000871,0.999970,-0.001983,-0.007452,-0.000129
1592805669925017,9.999867,3.000482,10.000443,0.999970,-0.002003,-0.007443,-0.000126
1592805669970175,9.999867,3.000792,10.000118,0.999970,-0.001992,-0.007427,-0.000116
1592805670014164,9.999807,3.000665,10.000252,0.999971,-0.001983,-0.007414,-0.000143
1592805670057944,9.999790,3.000730,10.000222,0.999971,-0.001972,-0.007421,-0.000146
1592805670102598,9.999909,3.000796,10.000257,0.999971,-0.001949,-0.007418,-0.000171
1592805670147725,9.999816,3.000921,10.000492,0.999970,-0.001978,-0.007436,-0.000189
1592805670194078,9.999926,3.000866,10.000461,0.999970,-0.001980,-0.007434,-0.000181
1592805670240052,10.000053,3.000779,10.000508,0.999970,-0.001968,-0.007438,-0.000193
1592805670286593,10.000161,3.000357,10.000575,0.999970,-0.001957,-0.007454,-0.000175
1592805670333264,10.000149,3.000775,10.000466,0.999970,-0.001941,-0.007450,-0.000161
1592805670380084,10.000008,3.000625,10.000346,0.999970,-0.001924,-0.007443,-0.000143
1592805670426167,9.999763,3.000865,10.000328,0.999970,-0.001926,-0.007454,-0.000166
1592805670472303,9.999902,3.001002,10.000012,0.999970,-0.001972,-0.007459,-0.000166
1592805670517141,10.000091,3.000615,10.000323,0.999970,-0.002000,-0.007456,-0.000145
1592805670562443,9.999907,3.000842,10.000799,0.999970,-0.001972,-0.007492,-0.000140
1592805670612482,9.999850,3.000548,10.000615,0.999970,-0.001978,-0.007499,-0.000160
