1592804360923792,9.999783,3.001633,10.000367,0.999966,-0.003074,-0.007691,0.000181
1592804360977930,9.999649,3.001157,10.000168,0.999966,-0.003153,-0.007633,0.000175
1592804361024299,9.999512,3.001773,10.000273,0.999966,-0.003167,-0.007670,0.000155
1592804361067359,9.999594,3.001826,10.000387,0.999965,-0.003134,-0.007726,0.000182
1592804361108904,9.999661,3.001258,10.000354,0.999965,-0.003102,-0.007772,0.000168
1592804361147680,9.999654,3.001297,10.000373,0.999965,-0.003098,-0.007768,0.000169
1592804361189760,9.999609,3.001569,10.000380,0.999965,-0.003101,-0.007760,0.000156
1592804361229349,9.999918,3.001560,10.000409,0.999965,-0.003039,-0.007786,0.000154
1592804361271329,9.999836,3.001929,10.000332,0.999965,-0.003047,-0.007804,0.000157
1592804361310340,9.999798,3.001122,10.000291,0.999965,-0.003047,-0.007785,0.000165
1592804361346144,9.999783,3.000993,10.000274,0.999965,-0.003089,-0.007747,0.000144
1592804361381272,9.999689,3.001116,10.000252,0.999965,-0.003124,-0.007727,0.000134
1592804361419391,9.999710,3.001197,10.000485,0.999965,-0.003114,-0.007769,0.000121
1592804361459359,9.999755,3.001595,10.000567,0.999965,-0.003088,-0.007752,0.000120
1592804361499629,9.999801,3.001672,10.000423,0.999965,-0.003099,-0.007731,0.000118
1592804361541485,9.999976,3.000831,10.000298,0.999966,-0.003056,-0.007700,0.000094
1592804361583844,9.999864,3.001288,10.000411,0.999965,-0.003084,-0.007743,0.000111
1592804361622127,9.999808,3.001406,10.000338,0.999965,-0.003087,-0.007733,0.000135
1592804361661310,9.999643,3.001614,10.000202,0.999966,-0.003105,-0.007701,0.000155
1592804361699765,9.999493,3.001662,10.000064,0.999966,-0.003124,-0.007678,0.000134
1592804361739745,9.999825,3.001062,10.000387,0.999965,-0.003011,-0.007757,0.000143
1592804361777394,9.999830,3.001002,10.000280,0.999966,-0.003042,-0.007725,0.000136
1592804361812648,9.999793,3.000964,10.000392,0.999965,-0.003059,-0.007725,0.000141
1592804361847841,9.999836,3.001157,10.000166,0.999966,-0.003024,-0.007731,0.000130
1592804361886336,9.999767,3.001462,10.000245,0.999965,-0.003015,-0.007776,0.000149
1592804361925714,9.999935,3.001440,10.000183,0.999966,-0.002984,-0.007750,0.000172
1592804361966459,9.999770,3.001720,10.000146,0.999965,-0.003025,-0.007747,0.000179
1592804362007566,9.999752,3.001049,10.000167,0.999965,-0.003036,-0.007749,0.000174
1592804362049110,9.999654,3.001412,10.000302,0.999965,-0.003060,-0.007743,0.000190
1592804362089490,9.999608,3.001758,10.000290,0.999965,-0.003068,-0.007739,0.000184
1592804362131207,9.999689,3.001599,10.000299,0.999966,-0.003050,-0.007721,0.000193
1592804362173742,9.999669,3.000998,10.000182,0.999966,-0.003083,-0.007701,0.000189
1592804362217180,9.999797,3.001107,10.000209,0.999966,-0.003030,-0.007724,0.000177
1592804362258847,9.999714,3.001369,10.000380,0.999965,-0.003007,-0.007765,0.000167
1592804362299362,9.999661,3.001830,10.000669,0.999965,-0.003042,-0.007797,0.000186
1592804362337047,9.999855,3.001975,10.000203,0.999966,-0.002994,-0.007719,0.000168
1592804362373223,9.999660,3.001036,10.000223,0.999966,-0.003052,-0.007712,0.000183
1592804362407975,9.999604,3.001163,10.000209,0.999966,-0.003045,-0.007722,0.000207
1592804362444411,9.999800,3.001146,10.000268,0.999966,-0.003011,-0.007727,0.000172
1592804362480269,9.999883,3.001193,10.000052,0.999966,-0.003018,-0.007687,0.000201
1592804362516374,9.999720,3.001329,10.000390,0.999965,-0.003048,-0.007768,0.000192
1592804362551505,9.999624,3.001573,10.000554,0.999965,-0.003026,-0.007814,0.000173
1592804362586300,9.999626,3.001593,10.000468,0.999965,-0.003021,-0.007782,0.000190
1592804362621416,9.999801,3.001321,10.000422,0.999965,-0.002986,-0.007778,0.000173
1592804362657852,9.999650,3.001339,10.000040,0.999966,-0.003018,-0.007723,0.000224
1592804362703547,9.999641,3.000833,10.000159,0.999965,-0.003045,-0.007749,0.000218
1592804362741290,9.999540,3.000994,10.000046,0.999966,-0.003075,-0.007697,0.000236
1592804362778853,9.999492,3.001294,10.000177,0.999965,-0.003075,-0.007756,0.000203
1592804362817021,9.999501,3.001357,10.000340,0.999965,-0.003091,-0.007731,0.000205
1592804362853729,9.999589,3.001205,10.000421,0.999965,-0.003080,-0.007745,0.000214
1592804362890287,9.999599,3.001374,10.000349,0.999965,-0.003093,-0.007733,0.000212
1592804362925429,9.999727,3.001441,10.000194,0.999966,-0.003048,-0.007697,0.000206
1592804362960661,9.999640,3.001366,10.000299,0.999966,-0.003072,-0.007698,0.000191
1592804362995979,9.999730,3.001297,10.000193,0.999966,-0.003044,-0.007692,0.000194
1592804363035046,9.999833,3.001389,10.000042,0.999966,-0.003027,-0.007693,0.000190
1592804363072172,9.999701,3.001061,10.000476,0.999965,-0.003048,-0.007734,0.000165
1592804363109432,9.999849,3.000968,10.000307,0.999966,-0.003022,-0.007706,0.000183
1592804363145812,9.999779,3.001160,10.000316,0.999966,-0.003035,-0.007717,0.000179
1592804363182161,9.999742,3.001142,10.000390,0.999966,-0.003060,-0.007694,0.000167
1592804363219167,9.999662,3.001263,10.000447,0.999966,-0.003049,-0.007709,0.000145
1592804363255993,9.999809,3.001359,10.000179,0.999966,-0.003033,-0.007687,0.000171
1592804363293960,9.999760,3.001634,10.000096,0.999966,-0.003022,-0.007678,0.000165
1592804363336307,9.999620,3.001903,10.000289,0.999966,-0.003035,-0.007719,0.000173
1592804363377033,9.999623,3.001313,10.000265,0.999966,-0.003052,-0.007717,0.000193
1592804363417407,9.999578,3.001316,10.000465,0.999965,-0.003071,-0.007743,0.000185
1592804363455148,9.999725,3.001297,10.000169,0.999966,-0.003053,-0.007720,0.000183
1592804363490845,9.999742,3.001133,10.000172,0.999966,-0.003060,-0.007705,0.000202
1592804363525833,9.999811,3.001334,10.000493,0.999965,-0.003045,-0.007738,0.000176
1592804363564202,9.999594,3.001559,10.000291,0.999966,-0.003075,-0.007708,0.000185
1592804363602507,9.999639,3.001104,10.000236,0.999966,-0.003064,-0.007691,0.000167
1592804363639798,9.999771,3.000917,10.000246,0.999966,-0.003032,-0.007670,0.000151
1592804363677218,9.999807,3.001170,10.000496,0.999966,-0.003033,-0.007695,0.000147
1592804363714611,9.999768,3.001328,10.000601,0.999966,-0.003049,-0.007711,0.000112
1592804363751314,9.999781,3.001207,10.000434,0.999966,-0.003042,-0.007709,0.000093
1592804363789556,9.999704,3.001269,10.000390,0.999966,-0.003082,-0.007666,0.000085
1592804363830177,10.000052,3.001147,10.000352,0.999966,-0.003043,-0.007658,0.000105
1592804363872536,9.999876,3.000976,10.000364,0.999966,-0.003085,-0.007655,0.000122
1592804363948519,9.999825,3.001263,10.000337,0.999966,-0.003081,-0.007683,0.000083
1592804363989049,9.999769,3.001310,10.000321,0.999966,-0.003099,-0.007687,0.000093
1592804364027914,9.999844,3.001403,10.000486,0.999966,-0.003081,-0.007709,0.000110
1592804364068868,9.999874,3.001427,10.000603,0.999965,-0.003078,-0.007750,0.000085
1592804364112107,9.999953,3.000976,10.000299,0.999966,-0.003050,-0.007689,0.000093
1592804364149031,9.999993,3.000887,10.000398,0.999965,-0.003060,-0.007728,0.000094
1592804364185481,9.999929,3.001036,10.000401,0.999966,-0.003081,-0.007710,0.000108
1592804364221884,10.000111,3.000987,10.000536,0.999966,-0.003066,-0.007711,0.000073
1592804364258983,9.999948,3.001481,10.000640,0.999965,-0.003098,-0.007741,0.000064
1592804364295048,10.000054,3.001306,10.000552,0.999965,-0.003089,-0.007717,0.000088
1592804364332123,9.999940,3.001424,10.000443,0.999965,-0.003079,-0.007737,0.000085
1592804364368273,9.999814,3.001457,10.000405,0.999965,-0.003094,-0.007717,0.000063
1592804364404947,10.000119,3.000545,10.000483,0.999965,-0.003091,-0.007719,0.000055
1592804364441468,10.000173,3.000831,10.000484,0.999965,-0.003093,-0.007712,0.000012
1592804364477190,10.000036,3.000939,10.000596,0.999965,-0.003103,-0.007725,0.000007
1592804364513882,10.000156,3.000980,10.000435,0.999966,-0.003080,-0.007712,0.000056
1592804364549292,9.999998,3.001060,10.000575,0.999966,-0.003104,-0.007687,0.000071
1592804364583492,9.999906,3.001167,10.000667,0.999965,-0.003112,-0.007705,0.000064
1592804364619630,9.999866,3.001117,10.000464,0.999965,-0.003121,-0.007703,0.000058
1592804364654347,9.999949,3.001164,10.000536,0.999966,-0.003109,-0.007692,0.000052
1592804364688599,9.999858,3.001295,10.000546,0.999965,-0.003100,-0.007708,0.000052
1592804364723162,10.000008,3.001172,10.000294,0.999966,-0.003074,-0.007683,0.000056
1592804364759413,10.000149,3.001035,10.000243,0.999966,-0.003044,-0.007692,0.000055
1592804364802924,10.000161,3.000619,10.000285,0.999966,-0.003040,-0.007680,0.000075
1592804364846261,9.999978,3.001178,10.000604,0.999965,-0.003046,-0.007759,0.000067
1592804364883453,9.999903,3.001331,10.000551,0.999965,-0.003058,-0.007756,0.000070
1592804364921795,9.999933,3.001382,10.000483,0.999965,-0.003063,-0.007723,0.000069
1592804364958750,9.999867,3.001268,10.000454,0.999965,-0.003061,-0.007737,0.000074
1592804364996439,9.999814,3.001495,10.000502,0.999966,-0.003060,-0.007708,0.000065
1592804365034560,9.999858,3.001258,10.000383,0.999965,-0.003082,-0.007722,0.000051
1592804365077649,10.000117,3.000863,10.000427,0.999966,-0.003054,-0.007697,0.000070
1592804365114732,10.000196,3.000900,10.000360,0.999966,-0.003053,-0.007687,0.000072
1592804365152906,10.000199,3.000861,10.000321,0.999966,-0.003044,-0.007687,0.000062
1592804365192507,9.999959,3.001051,10.000187,0.999966,-0.003060,-0.007679,0.000066
1592804365230801,9.999889,3.001537,10.000368,0.999966,-0.003093,-0.007649,0.000050
1592804365267994,9.999911,3.001456,10.000418,0.999966,-0.003085,-0.007641,0.000065
1592804365309277,9.999975,3.000954,10.000478,0.999966,-0.003072,-0.007634,0.000099
1592804365355889,9.999924,3.001436,10.000381,0.999966,-0.003077,-0.007617,0.000073
1592804365397015,9.999816,3.001646,10.000379,0.999966,-0.003100,-0.007644,0.000087
1592804365440101,9.999943,3.000881,10.000318,0.999966,-0.003099,-0.007632,0.000083
1592804365480063,10.000064,3.000953,10.000429,0.999966,-0.003098,-0.007670,0.000076
1592804365518900,9.999930,3.001040,10.000478,0.999966,-0.003094,-0.007687,0.000077
1592804365556913,9.999920,3.001096,10.000707,0.999966,-0.003101,-0.007701,0.000050
1592804365594104,9.999765,3.001061,10.000514,0.999966,-0.003147,-0.007677,0.000057
1592804365633837,10.000089,3.001044,10.000561,0.999966,-0.003125,-0.007691,0.000060
1592804365671524,9.999928,3.000879,10.000377,0.999966,-0.003112,-0.007677,0.000078
1592804365709767,9.999832,3.000940,10.000192,0.999966,-0.003156,-0.007641,0.000113
1592804365748873,9.999755,3.000780,10.000297,0.999966,-0.003159,-0.007665,0.000133
1592804365785557,9.999656,3.001135,10.000557,0.999965,-0.003157,-0.007691,0.000133
1592804365821163,9.999631,3.001199,10.000598,0.999966,-0.003141,-0.007688,0.000122
1592804365855306,9.999703,3.001062,10.000545,0.999966,-0.003116,-0.007685,0.000132
1592804365890062,9.999775,3.001301,10.000602,0.999966,-0.003096,-0.007709,0.000133
1592804365927244,9.999794,3.001320,10.000341,0.999966,-0.003107,-0.007674,0.000141
1592804365966764,9.999758,3.001671,10.000491,0.999966,-0.003095,-0.007674,0.000176
1592804366007575,9.999687,3.000897,10.000272,0.999966,-0.003111,-0.007641,0.000158
1592804366051498,9.999698,3.000990,10.000197,0.999966,-0.003120,-0.007663,0.000149
1592804366092655,9.999945,3.001159,10.000407,0.999966,-0.003092,-0.007679,0.000162
1592804366131799,9.999814,3.001386,10.000438,0.999966,-0.003103,-0.007672,0.000150
1592804366173529,9.999799,3.000719,10.000374,0.999966,-0.003094,-0.007641,0.000168
1592804366214808,9.999891,3.001090,10.000218,0.999966,-0.003082,-0.007650,0.000129
1592804366254923,9.999858,3.001177,10.000336,0.999966,-0.003095,-0.007673,0.000119
1592804366298751,9.999858,3.001401,10.000479,0.999966,-0.003067,-0.007701,0.000122
1592804366337316,9.999818,3.000571,10.000335,0.999966,-0.003106,-0.007677,0.000126
1592804366373730,9.999838,3.000583,10.000379,0.999966,-0.003110,-0.007681,0.000143
1592804366411230,9.999802,3.000838,10.000341,0.999966,-0.003137,-0.007674,0.000167
1592804366449683,9.999581,3.000918,10.000256,0.999966,-0.003152,-0.007681,0.000173
1592804366494848,9.999571,3.001300,10.000512,0.999966,-0.003122,-0.007686,0.000175
1592804366540237,9.999633,3.000794,10.000402,0.999966,-0.003109,-0.007655,0.000174
1592804366582041,9.999609,3.001005,10.000455,0.999966,-0.003102,-0.007656,0.000201
1592804366619287,9.999610,3.001153,10.000286,0.999966,-0.003115,-0.007636,0.000204
1592804366657080,9.999752,3.001032,10.000157,0.999966,-0.003106,-0.007596,0.000235
1592804366694519,9.999707,3.001292,9.999947,0.999966,-0.003104,-0.007587,0.000249
1592804366731359,9.999641,3.001260,10.000172,0.999966,-0.003110,-0.007595,0.000226
1592804366769679,9.999513,3.000874,10.000182,0.999966,-0.003105,-0.007582,0.000222
1592804366809338,9.999580,3.001029,10.000145,0.999967,-0.003097,-0.007578,0.000208
1592804366846881,9.999569,3.001057,10.000207,0.999967,-0.003098,-0.007578,0.000172
1592804366884248,9.999766,3.001237,10.000331,0.999967,-0.003071,-0.007585,0.000188
1592804366921722,9.999752,3.001189,10.000314,0.999967,-0.003073,-0.007577,0.000162
1592804366957795,9.999676,3.001270,10.000338,0.999966,-0.003087,-0.007608,0.000155
1592804366993717,9.999631,3.001279,10.000272,0.999966,-0.003082,-0.007601,0.000126
1592804367031320,9.999753,3.001530,10.000338,0.999967,-0.003060,-0.007598,0.000147
1592804367070615,9.999968,3.000698,10.000312,0.999966,-0.003056,-0.007614,0.000133
1592804367112892,9.999820,3.001018,10.000235,0.999966,-0.003045,-0.007647,0.000149
1592804367155272,9.999721,3.001128,10.000184,0.999966,-0.003069,-0.007628,0.000159
1592804367193940,9.999598,3.001379,10.000099,0.999966,-0.003098,-0.007598,0.000153
1592804367232764,9.999638,3.001401,10.000137,0.999966,-0.003097,-0.007637,0.000176
1592804367270624,9.999830,3.001495,10.000130,0.999966,-0.003087,-0.007604,0.000182
1592804367308936,9.999866,3.000852,10.000350,0.999966,-0.003073,-0.007626,0.000182
1592804367348809,9.999732,3.001100,10.000427,0.999966,-0.003063,-0.007646,0.000186
1592804367387880,9.999670,3.001393,10.000604,0.999966,-0.003056,-0.007657,0.000180
1592804367427087,9.999765,3.001385,10.000483,0.999966,-0.003061,-0.007635,0.000173
1592804367465439,9.999690,3.001517,10.000390,0.999966,-0.003060,-0.007621,0.000178
1592804367503590,9.999859,3.000672,10.000319,0.999966,-0.003071,-0.007617,0.000177
1592804367539778,9.999722,3.000795,10.000050,0.999966,-0.003077,-0.007600,0.000178
1592804367576036,9.999675,3.000642,10.000247,0.999966,-0.003062,-0.007633,0.000152
1592804367612586,9.999648,3.000866,10.000453,0.999966,-0.003067,-0.007644,0.000137
1592804367648760,9.999763,3.001053,10.000393,0.999966,-0.003074,-0.007627,0.000128
1592804367684892,9.999847,3.001034,10.000413,0.999966,-0.003057,-0.007635,0.000125
1592804367720351,9.999837,3.001165,10.000380,0.999966,-0.003089,-0.007664,0.000136
1592804367755109,9.999819,3.001095,10.000326,0.999966,-0.003103,-0.007637,0.000141
1592804367790501,9.999759,3.001250,10.000470,0.999966,-0.003089,-0.007666,0.000133
1592804367825851,9.999978,3.000882,10.000412,0.999966,-0.003087,-0.007654,0.000132
1592804367861231,10.000097,3.001056,10.000225,0.999966,-0.003086,-0.007638,0.000132
1592804367897580,10.000125,3.000984,10.000263,0.999966,-0.003073,-0.007666,0.000131
1592804367932068,9.999922,3.000853,10.000301,0.999966,-0.003096,-0.007610,0.000113
1592804367968178,9.999720,3.000761,10.000249,0.999966,-0.003128,-0.007596,0.000127
1592804368004349,9.999795,3.000722,10.000270,0.999966,-0.003152,-0.007628,0.000113
1592804368043967,9.999709,3.000879,10.000116,0.999966,-0.003151,-0.007613,0.000117
1592804368083218,9.999757,3.001001,10.000154,0.999966,-0.003159,-0.007612,0.000106
1592804368120850,9.999733,3.001073,10.000292,0.999966,-0.003167,-0.007625,0.000101
1592804368157373,9.999785,3.000727,10.000402,0.999966,-0.003173,-0.007596,0.000134
1592804368193773,9.999984,3.001027,10.000572,0.999966,-0.003170,-0.007618,0.000118
1592804368232157,9.999795,3.001128,10.000568,0.999966,-0.003188,-0.007617,0.000133
1592804368269899,9.999825,3.000628,10.000336,0.999966,-0.003135,-0.007634,0.000141
1592804368309491,9.999677,3.000862,10.000437,0.999966,-0.003132,-0.007637,0.000115
1592804368346756,9.999638,3.000802,10.000298,0.999966,-0.003142,-0.007612,0.000108
1592804368383575,9.999676,3.000931,10.000239,0.999966,-0.003115,-0.007625,0.000126
1592804368419728,9.999856,3.000820,10.000414,0.999966,-0.003096,-0.007646,0.000128
1592804368456217,9.999855,3.000820,10.000462,0.999966,-0.003094,-0.007652,0.000112
1592804368492173,9.999848,3.000855,10.000537,0.999966,-0.003126,-0.007664,0.000096
1592804368527780,9.999815,3.001201,10.000223,0.999966,-0.003152,-0.007646,0.000126
1592804368564230,9.999861,3.001294,10.000342,0.999966,-0.003155,-0.007638,0.000113
1592804368600327,9.999846,3.001117,10.000336,0.999966,-0.003154,-0.007646,0.000120
1592804368636678,9.999861,3.001225,10.000430,0.999966,-0.003158,-0.007644,0.000138
1592804368672215,9.999820,3.000631,10.000273,0.999966,-0.003127,-0.007626,0.000143
1592804368709032,9.999674,3.000720,10.000278,0.999966,-0.003126,-0.007632,0.000133
1592804368746585,9.999648,3.000861,10.000288,0.999966,-0.003144,-0.007645,0.000150
1592804368781959,9.999850,3.000832,10.000412,0.999966,-0.003101,-0.007649,0.000146
1592804368819589,9.999707,3.000897,10.000242,0.999966,-0.003118,-0.007640,0.000156
1592804368856127,9.999800,3.000903,10.000427,0.999966,-0.003111,-0.007670,0.000154
1592804368891997,9.999780,3.000733,10.000317,0.999966,-0.003141,-0.007663,0.000128
1592804368927890,9.999745,3.001096,10.000105,0.999966,-0.003111,-0.007639,0.000136
1592804368963401,9.999931,3.001078,10.000132,0.999966,-0.003103,-0.007606,0.000135
1592804368998511,9.999960,3.001240,10.000327,0.999966,-0.003094,-0.007614,0.000115
1592804369035878,9.999860,3.001543,10.000438,0.999966,-0.003105,-0.007615,0.000093
1592804369075334,9.999930,3.000871,10.000654,0.999966,-0.003097,-0.007653,0.000092
1592804369114780,9.999926,3.001010,10.000505,0.999966,-0.003078,-0.007638,0.000080
1592804369153156,9.999912,3.001099,10.000256,0.999967,-0.003070,-0.007594,0.000077
1592804369193805,9.999964,3.001254,10.000282,0.999966,-0.003073,-0.007619,0.000062
1592804369232613,9.999949,3.001438,10.000609,0.999966,-0.003081,-0.007621,0.000072
1592804369273159,9.999949,3.000691,10.000180,0.999966,-0.003077,-0.007612,0.000091
1592804369310653,9.999990,3.000840,10.000307,0.999966,-0.003074,-0.007615,0.000138
1592804369349080,9.999872,3.001035,10.000237,0.999966,-0.003056,-0.007621,0.000144
1592804369387219,9.999975,3.001105,10.000201,0.999966,-0.003044,-0.007623,0.000154
1592804369424566,10.000035,3.001004,10.000230,0.999966,-0.003058,-0.007620,0.000141
1592804369460876,10.000000,3.001211,10.000296,0.999966,-0.003059,-0.007637,0.000158
1592804369497346,9.999762,3.001436,10.000187,0.999966,-0.003080,-0.007631,0.000147
1592804369532963,9.999627,3.001168,10.000295,0.999966,-0.003082,-0.007618,0.000152
1592804369567450,9.999631,3.001467,10.000529,0.999966,-0.003077,-0.007646,0.000144
1592804369604591,9.999743,3.000733,10.000344,0.999966,-0.003068,-0.007628,0.000140
1592804369641910,9.999761,3.000867,10.000434,0.999966,-0.003092,-0.007622,0.000145
1592804369678325,9.999946,3.000706,10.000390,0.999967,-0.003071,-0.007591,0.000129
1592804369715197,9.999929,3.000793,10.000299,0.999966,-0.003073,-0.007624,0.000124
1592804369751811,9.999806,3.001120,10.000340,0.999966,-0.003076,-0.007648,0.000119
1592804369787995,9.999978,3.001198,10.000244,0.999966,-0.003089,-0.007613,0.000137
1592804369823519,9.999907,3.001224,10.000240,0.999966,-0.003104,-0.007610,0.000155
1592804369858922,9.999778,3.001105,10.000303,0.999966,-0.003131,-0.007610,0.000130
1592804369894743,9.999826,3.000999,10.000323,0.999966,-0.003148,-0.007590,0.000129
1592804369930953,9.999788,3.001006,10.000393,0.999966,-0.003128,-0.007617,0.000127
1592804369966117,9.999792,3.000868,10.000406,0.999966,-0.003152,-0.007603,0.000109
1592804370002173,9.999908,3.000475,10.000385,0.999966,-0.003150,-0.007617,0.000160
1592804370043150,9.999784,3.000565,10.000251,0.999966,-0.003149,-0.007613,0.000148
1592804370082869,9.999817,3.000778,10.000204,0.999966,-0.003117,-0.007588,0.000171
1592804370123350,9.999763,3.001032,10.000241,0.999966,-0.003102,-0.007598,0.000151
1592804370161032,9.999741,3.001283,10.000367,0.999966,-0.003111,-0.007626,0.000143
1592804370198777,9.999724,3.001467,10.000401,0.999966,-0.003092,-0.007628,0.000174
1592804370236720,9.999787,3.000801,10.000507,0.999966,-0.003078,-0.007628,0.000124
1592804370273111,9.999806,3.000653,10.000445,0.999966,-0.003100,-0.007640,0.000168
1592804370308841,9.999811,3.000760,10.000354,0.999966,-0.003110,-0.007638,0.000141
1592804370345481,9.999688,3.000835,10.000210,0.999966,-0.003130,-0.007632,0.000138
1592804370382413,9.999741,3.000932,10.000198,0.999966,-0.003117,-0.007609,0.000182
1592804370418480,9.999739,3.000919,10.000556,0.999966,-0.003118,-0.007613,0.000139
1592804370455461,9.999740,3.000954,10.000289,0.999966,-0.003124,-0.007587,0.000152
1592804370492091,9.999931,3.001098,10.000230,0.999966,-0.003122,-0.007588,0.000177
1592804370529420,9.999859,3.001078,10.000153,0.999967,-0.003121,-0.007572,0.000173
1592804370565690,9.999725,3.001008,10.000169,0.999967,-0.003126,-0.007565,0.000149
1592804370602181,9.999841,3.000858,10.000131,0.999966,-0.003115,-0.007592,0.000167
1592804370638918,9.999886,3.000823,10.000257,0.999966,-0.003124,-0.007598,0.000152
1592804370676776,9.999816,3.000477,10.000365,0.999966,-0.003156,-0.007615,0.000162
1592804370711951,9.999693,3.000773,10.000367,0.999966,-0.003149,-0.007623,0.000157
1592804370748004,9.999641,3.000644,10.000242,0.999966,-0.003180,-0.007629,0.000154
1592804370784476,9.999639,3.000761,10.000333,0.999966,-0.003163,-0.007630,0.000154
1592804370821534,9.999660,3.001091,10.000353,0.999966,-0.003138,-0.007634,0.000167
1592804370859443,9.999869,3.000829,10.000272,0.999966,-0.003133,-0.007626,0.000162
1592804370895975,9.999763,3.001065,10.000273,0.999966,-0.003139,-0.007637,0.000163
1592804370931256,9.999562,3.001047,10.000128,0.999966,-0.003141,-0.007633,0.000178
1592804370967555,9.999608,3.001214,10.000433,0.999966,-0.003139,-0.007644,0.000156
1592804371005490,9.999670,3.001208,10.000311,0.999966,-0.003144,-0.007657,0.000148
1592804371048653,9.999742,3.000818,10.000504,0.999966,-0.003126,-0.007646,0.000132
1592804371087645,9.999982,3.000938,10.000329,0.999966,-0.003117,-0.007613,0.000162
1592804371126905,10.000087,3.000770,10.000151,0.999966,-0.003130,-0.007584,0.000164
1592804371164956,9.999907,3.000803,10.000333,0.999966,-0.003153,-0.007599,0.000141
1592804371202921,9.999759,3.001150,10.000423,0.999966,-0.003176,-0.007592,0.000140
1592804371240018,9.999895,3.000618,10.000300,0.999966,-0.003144,-0.007603,0.000106
1592804371277275,10.000011,3.000777,10.000286,0.999966,-0.003152,-0.007590,0.000118
1592804371314599,9.999894,3.000808,10.000423,0.999966,-0.003134,-0.007610,0.000102
1592804371353049,9.999875,3.000773,10.000524,0.999966,-0.003148,-0.007597,0.000122
1592804371389471,9.999798,3.000948,10.000588,0.999966,-0.003159,-0.007603,0.000078
1592804371425229,9.999907,3.000703,10.000625,0.999966,-0.003128,-0.007614,0.000085
1592804371461071,9.999903,3.000980,10.000477,0.999966,-0.003107,-0.007625,0.000063
1592804371498208,9.999804,3.001262,10.000516,0.999966,-0.003104,-0.007614,0.000088
1592804371536373,9.999881,3.000422,10.000414,0.999966,-0.003105,-0.007588,0.000064
1592804371575103,9.999949,3.000693,10.000364,0.999966,-0.003109,-0.007593,0.000051
1592804371612477,10.000086,3.000696,10.000450,0.999966,-0.003112,-0.007595,0.000078
1592804371651763,10.000009,3.001014,10.000740,0.999966,-0.003121,-0.007625,0.000084
1592804371690388,10.000000,3.000865,10.000422,0.999966,-0.003139,-0.007598,0.000072
1592804371725664,10.000007,3.000712,10.000308,0.999966,-0.003146,-0.007617,0.000090
1592804371760491,9.999957,3.000681,10.000306,0.999966,-0.003155,-0.007643,0.000115
1592804371796133,10.000103,3.000740,10.000401,0.999966,-0.003150,-0.007634,0.000105
1592804371832433,9.999987,3.000895,10.000580,0.999966,-0.003145,-0.007660,0.000101
1592804371867085,10.000063,3.001054,10.000169,0.999966,-0.003150,-0.007662,0.000091
1592804371903991,9.999963,3.001017,10.000327,0.999966,-0.003151,-0.007660,0.000073
1592804371940206,9.999907,3.000747,10.000485,0.999966,-0.003133,-0.007635,0.000084
1592804371976819,9.999927,3.000836,10.000621,0.999966,-0.003126,-0.007637,0.000083
1592804372013524,9.999912,3.000781,10.000285,0.999966,-0.003148,-0.007621,0.000113
1592804372051526,9.999809,3.000995,10.000229,0.999966,-0.003145,-0.007609,0.000130
1592804372089239,9.999977,3.000792,10.000512,0.999966,-0.003140,-0.007623,0.000127
1592804372127037,9.999829,3.000889,10.000380,0.999966,-0.003158,-0.007623,0.000109
1592804372168565,9.999694,3.001074,10.000229,0.999966,-0.003190,-0.007613,0.000115
1592804372210338,9.999887,3.000502,10.000254,0.999966,-0.003168,-0.007588,0.000090
1592804372249538,9.999742,3.000738,10.000177,0.999966,-0.003187,-0.007615,0.000085
1592804372289138,9.999911,3.000758,10.000029,0.999966,-0.003181,-0.007588,0.000094
1592804372325572,9.999960,3.000832,9.999890,0.999966,-0.003186,-0.007575,0.000101
1592804372361666,9.999864,3.000872,10.000172,0.999966,-0.003208,-0.007591,0.000093
1592804372399944,9.999824,3.001076,10.000154,0.999966,-0.003211,-0.007594,0.000069
1592804372443668,9.999943,3.000627,10.000291,0.999966,-0.003183,-0.007605,0.000100
1592804372482517,9.999885,3.000557,10.000336,0.999966,-0.003190,-0.007620,0.000102
1592804372519115,9.999874,3.000483,10.000418,0.999966,-0.003189,-0.007643,0.000081
1592804372554690,9.999917,3.000767,10.000474,0.999966,-0.003175,-0.007633,0.000088
1592804372592362,10.000120,3.000873,10.000299,0.999966,-0.003158,-0.007650,0.000100
1592804372631600,10.000133,3.000878,10.000142,0.999966,-0.003156,-0.007655,0.000100
1592804372668888,10.000010,3.000998,10.000324,0.999966,-0.003149,-0.007654,0.000125
1592804372705657,9.999883,3.000731,10.000555,0.999966,-0.003124,-0.007662,0.000137
1592804372742206,9.999813,3.000673,10.000327,0.999966,-0.003117,-0.007640,0.000156
1592804372779909,9.999834,3.000862,10.000437,0.999966,-0.003132,-0.007612,0.000165
1592804372816262,9.999670,3.000832,10.000284,0.999966,-0.003160,-0.007567,0.000163
1592804372853289,9.999750,3.000840,10.000371,0.999966,-0.003154,-0.007577,0.000149
1592804372890007,9.999649,3.001035,10.000082,0.999966,-0.003180,-0.007585,0.000148
1592804372925983,9.999668,3.000940,10.000490,0.999966,-0.003168,-0.007622,0.000128
1592804372961685,9.999682,3.001034,10.000546,0.999966,-0.003184,-0.007645,0.000122
1592804372996661,9.999690,3.000954,10.000524,0.999966,-0.003158,-0.007636,0.000102
1592804373034377,9.999922,3.000462,10.000251,0.999966,-0.003158,-0.007612,0.000137
1592804373073976,9.999911,3.000561,10.000273,0.999966,-0.003134,-0.007654,0.000158
1592804373113927,9.999828,3.000654,10.000299,0.999966,-0.003167,-0.007662,0.000162
1592804373152840,9.999765,3.000865,10.000696,0.999966,-0.003146,-0.007671,0.000169
1592804373189974,9.999755,3.000924,10.000233,0.999966,-0.003151,-0.007649,0.000172
1592804373227118,9.999730,3.001055,10.000294,0.999966,-0.003137,-0.007668,0.000154
1592804373262004,9.999679,3.001101,10.000200,0.999966,-0.003140,-0.007658,0.000136
1592804373299257,9.999892,3.000851,10.000301,0.999966,-0.003132,-0.007664,0.000105
1592804373335192,9.999871,3.000928,10.000302,0.999966,-0.003141,-0.007651,0.000135
1592804373371691,9.999864,3.000622,10.000378,0.999966,-0.003126,-0.007641,0.000102
1592804373409318,9.999920,3.000861,10.000559,0.999966,-0.003102,-0.007668,0.000132
1592804373446213,9.999805,3.000788,10.000661,0.999966,-0.003120,-0.007666,0.000132
1592804373483047,9.999787,3.000793,10.000391,0.999966,-0.003119,-0.007637,0.000149
1592804373519928,9.999706,3.000889,10.000397,0.999966,-0.003168,-0.007627,0.000143
1592804373555390,9.999901,3.000753,10.000230,0.999966,-0.003173,-0.007613,0.000174
1592804373592033,9.999789,3.000693,10.000309,0.999966,-0.003178,-0.007603,0.000186
1592804373631107,9.999671,3.001008,10.000271,0.999966,-0.003170,-0.007620,0.000160
1592804373669963,9.999828,3.001017,10.000100,0.999966,-0.003157,-0.007635,0.000156
1592804373709154,9.999809,3.000563,10.000321,0.999966,-0.003157,-0.007640,0.000160
1592804373750834,9.999731,3.000892,10.000263,0.999966,-0.003167,-0.007632,0.000181
1592804373788666,9.999708,3.001041,10.000258,0.999966,-0.003160,-0.007624,0.000153
1592804373825040,9.999659,3.000968,10.000227,0.999966,-0.003168,-0.007627,0.000138
1592804373860055,9.999706,3.000984,10.000435,0.999966,-0.003155,-0.007623,0.000113
1592804373896174,9.999711,3.001008,10.000472,0.999966,-0.003142,-0.007618,0.000124
1592804373933507,9.999877,3.000872,10.000391,0.999966,-0.003147,-0.007596,0.000130
1592804373971142,9.999865,3.000691,10.000383,0.999966,-0.003132,-0.007616,0.000152
1592804374008348,9.999813,3.000697,10.000409,0.999966,-0.003125,-0.007624,0.000158
1592804374047853,9.999850,3.000846,10.000271,0.999966,-0.003122,-0.007587,0.000152
1592804374086045,9.999820,3.000876,10.000253,0.999966,-0.003131,-0.007644,0.000162
1592804374125267,9.999647,3.001000,10.000062,0.999966,-0.003162,-0.007610,0.000173
1592804374163445,9.999701,3.001188,10.000197,0.999966,-0.003127,-0.007605,0.000151
1592804374200059,9.999662,3.000849,10.000326,0.999966,-0.003158,-0.007622,0.000172
1592804374236417,9.999713,3.000893,10.000346,0.999966,-0.003177,-0.007641,0.000186
1592804374272319,9.999663,3.000501,10.000386,0.999966,-0.003180,-0.007648,0.000202
1592804374309369,9.999656,3.000713,10.000176,0.999966,-0.003180,-0.007620,0.000196
1592804374346472,9.999627,3.000560,10.000199,0.999966,-0.003221,-0.007601,0.000195
1592804374383382,9.999616,3.000790,10.000246,0.999966,-0.003168,-0.007615,0.000192
1592804374419080,9.999632,3.001114,10.000303,0.999966,-0.003172,-0.007600,0.000197
1592804374456944,9.999627,3.000803,10.000452,0.999966,-0.003192,-0.007602,0.000166
1592804374493754,9.999648,3.000996,10.000213,0.999966,-0.003195,-0.007606,0.000123
1592804374530492,9.999722,3.000750,10.000117,0.999966,-0.003202,-0.007602,0.000106
1592804374571687,9.999907,3.000438,10.000504,0.999966,-0.003199,-0.007637,0.000120
1592804374613844,10.000083,3.000637,10.000415,0.999966,-0.003193,-0.007597,0.000157
1592804374649721,9.999914,3.000633,10.000346,0.999966,-0.003190,-0.007615,0.000145
1592804374685046,9.999946,3.000695,10.000418,0.999966,-0.003170,-0.007632,0.000102
1592804374721111,9.999826,3.000851,10.000633,0.999966,-0.003167,-0.007660,0.000088
1592804374756677,9.999792,3.000831,10.000386,0.999966,-0.003153,-0.007643,0.000115
1592804374793420,9.999822,3.000943,10.000513,0.999966,-0.003155,-0.007642,0.000117
1592804374829449,9.999840,3.000805,10.000563,0.999966,-0.003154,-0.007661,0.000111
1592804374867417,9.999984,3.000849,10.000456,0.999966,-0.003142,-0.007638,0.000115
1592804374903809,9.999906,3.000577,10.000473,0.999966,-0.003138,-0.007644,0.000093
1592804374942021,9.999925,3.000566,10.000460,0.999966,-0.003129,-0.007632,0.000117
1592804374982862,9.999874,3.000789,10.000464,0.999966,-0.003124,-0.007651,0.000103
1592804375027958,9.999828,3.000854,10.000508,0.999966,-0.003114,-0.007623,0.000117
1592804375074161,9.999721,3.000626,10.000403,0.999966,-0.003134,-0.007624,0.000137
1592804375115101,9.999681,3.000745,10.000328,0.999966,-0.003137,-0.007617,0.000096
1592804375158057,9.999744,3.000947,10.000055,0.999966,-0.003138,-0.007611,0.000100
1592804375198843,9.999862,3.000974,10.000010,0.999966,-0.003127,-0.007614,0.000055
1592804375237200,9.999991,3.001206,10.000320,0.999966,-0.003112,-0.007643,0.000070
1592804375276549,10.000055,3.000599,10.000555,0.999966,-0.003121,-0.007620,0.000089
1592804375314442,10.000086,3.000557,10.000405,0.999966,-0.003134,-0.007610,0.000095
1592804375351903,10.000050,3.000530,10.000546,0.999966,-0.003141,-0.007617,0.000084
1592804375388994,10.000016,3.000548,10.000345,0.999966,-0.003163,-0.007596,0.000102
1592804375426395,9.999881,3.000926,10.000433,0.999966,-0.003155,-0.007594,0.000084
1592804375462512,9.999840,3.000824,10.000379,0.999966,-0.003162,-0.007604,0.000098
1592804375498334,10.000085,3.000881,10.000291,0.999966,-0.003118,-0.007629,0.000090
1592804375533698,10.000015,3.000844,10.000302,0.999966,-0.003139,-0.007632,0.000102
1592804375569106,9.999998,3.000928,10.000451,0.999966,-0.003150,-0.007634,0.000087
1592804375605997,9.999963,3.000354,10.000288,0.999966,-0.003151,-0.007661,0.000099
1592804375643966,9.999913,3.000314,10.000229,0.999966,-0.003185,-0.007651,0.000110
1592804375681275,9.999910,3.000581,10.000423,0.999966,-0.003177,-0.007630,0.000124
1592804375718861,9.999764,3.000687,10.000376,0.999966,-0.003190,-0.007612,0.000136
1592804375756487,9.999764,3.000804,10.000434,0.999966,-0.003168,-0.007597,0.000108
1592804375793914,9.999729,3.000734,10.000485,0.999966,-0.003203,-0.007559,0.000128
1592804375829784,9.999897,3.000710,10.000401,0.999967,-0.003217,-0.007535,0.000127
1592804375866759,9.999843,3.000722,10.000460,0.999966,-0.003222,-0.007570,0.000121
1592804375905611,9.999762,3.000714,10.000488,0.999966,-0.003228,-0.007590,0.000109
1592804375945789,9.999799,3.000505,10.000545,0.999966,-0.003205,-0.007620,0.000131
1592804375984728,9.999773,3.000629,10.000549,0.999966,-0.003226,-0.007618,0.000156
1592804376026096,9.999757,3.000717,10.000408,0.999966,-0.003235,-0.007618,0.000153
1592804376070087,9.999733,3.000913,10.000299,0.999966,-0.003242,-0.007601,0.000150
1592804376115171,9.999754,3.000645,10.000422,0.999966,-0.003221,-0.007603,0.000158
1592804376156272,9.999698,3.000561,10.000197,0.999966,-0.003215,-0.007604,0.000149
1592804376200184,9.999669,3.000848,10.000279,0.999966,-0.003195,-0.007598,0.000135
1592804376239992,9.999731,3.000692,10.000374,0.999966,-0.003191,-0.007614,0.000148
1592804376282048,9.999785,3.000825,10.000384,0.999966,-0.003173,-0.007634,0.000113
1592804376323273,9.999777,3.000736,10.000333,0.999966,-0.003160,-0.007623,0.000117
1592804376362358,9.999774,3.000868,10.000259,0.999966,-0.003171,-0.007639,0.000095
1592804376398824,9.999854,3.000973,10.000543,0.999966,-0.003179,-0.007614,0.000096
1592804376435059,9.999976,3.000850,10.000555,0.999966,-0.003194,-0.007622,0.000102
1592804376471010,9.999911,3.000826,10.000365,0.999966,-0.003201,-0.007586,0.000117
1592804376507320,9.999741,3.000494,10.000239,0.999966,-0.003229,-0.007536,0.000131
1592804376545383,9.999787,3.000455,10.000202,0.999966,-0.003227,-0.007563,0.000133
1592804376582861,9.999684,3.000764,10.000229,0.999966,-0.003229,-0.007565,0.000130
1592804376619771,9.999705,3.000794,10.000150,0.999966,-0.003222,-0.007574,0.000129
1592804376658442,9.999875,3.000844,10.000461,0.999966,-0.003218,-0.007600,0.000137
1592804376696707,9.999802,3.000830,10.000465,0.999966,-0.003232,-0.007585,0.000142
1592804376741754,9.999738,3.000612,10.000390,0.999966,-0.003254,-0.007569,0.000147
1592804376787521,9.999764,3.000694,10.000122,0.999966,-0.003255,-0.007559,0.000136
1592804376826601,9.999884,3.000463,10.000277,0.999966,-0.003220,-0.007560,0.000108
1592804376865246,9.999780,3.000675,10.000237,0.999966,-0.003210,-0.007579,0.000122
1592804376908705,9.999838,3.000602,10.000373,0.999966,-0.003194,-0.007590,0.000127
1592804376952163,9.999852,3.000547,10.000352,0.999966,-0.003195,-0.007591,0.000107
1592804376991013,9.999964,3.000471,10.000217,0.999966,-0.003179,-0.007617,0.000106
1592804377030492,9.999880,3.000850,10.000348,0.999966,-0.003176,-0.007645,0.000114
1592804377069244,9.999883,3.000946,10.000274,0.999966,-0.003224,-0.007643,0.000119
1592804377114735,9.999763,3.000506,10.000343,0.999966,-0.003222,-0.007624,0.000136
1592804377153974,9.999828,3.000444,10.000245,0.999966,-0.003242,-0.007640,0.000140
1592804377190814,9.999804,3.000618,10.000482,0.999965,-0.003260,-0.007640,0.000145
1592804377227165,9.999707,3.000673,10.000281,0.999966,-0.003237,-0.007629,0.000170
1592804377262887,9.999711,3.000817,10.000634,0.999966,-0.003199,-0.007601,0.000151
1592804377299507,9.999763,3.001014,10.000499,0.999966,-0.003178,-0.007611,0.000142
1592804377337302,9.999699,3.000602,10.000197,0.999966,-0.003198,-0.007612,0.000162
1592804377374133,9.999731,3.000507,10.000202,0.999966,-0.003186,-0.007601,0.000199
1592804377411905,9.999745,3.000548,10.000225,0.999966,-0.003172,-0.007599,0.000193
1592804377447423,9.999859,3.000592,10.000033,0.999966,-0.003158,-0.007581,0.000212
1592804377483573,9.999781,3.000781,10.000258,0.999966,-0.003171,-0.007574,0.000234
1592804377520819,9.999720,3.000806,10.000303,0.999966,-0.003175,-0.007588,0.000236
1592804377556888,9.999613,3.000913,10.000377,0.999966,-0.003169,-0.007608,0.000242
1592804377593483,9.999578,3.001019,10.000360,0.999966,-0.003153,-0.007586,0.000222
1592804377629665,9.999547,3.000808,10.000246,0.999966,-0.003155,-0.007577,0.000257
1592804377666465,9.999433,3.000935,10.000066,0.999966,-0.003179,-0.007568,0.000243
1592804377701920,9.999445,3.001252,9.999992,0.999966,-0.003149,-0.007570,0.000266
1592804377738012,9.999460,3.000540,10.000192,0.999966,-0.003191,-0.007585,0.000245
1592804377774513,9.999518,3.000550,10.000411,0.999966,-0.003181,-0.007558,0.000250
1592804377819183,9.999570,3.000808,10.000329,0.999967,-0.003148,-0.007552,0.000233
1592804377861292,9.999592,3.001036,10.000477,0.999966,-0.003145,-0.007579,0.000231
1592804377902353,9.999567,3.000968,10.000359,0.999967,-0.003179,-0.007546,0.000219
1592804377942227,9.999555,3.000668,10.000213,0.999966,-0.003197,-0.007557,0.000214
1592804377983960,9.999631,3.000737,10.000225,0.999966,-0.003190,-0.007551,0.000202
1592804378023265,9.999640,3.000941,10.000196,0.999966,-0.003188,-0.007581,0.000192
1592804378061921,9.999735,3.000781,10.000233,0.999966,-0.003169,-0.007608,0.000177
1592804378098532,9.999724,3.000755,10.000129,0.999966,-0.003192,-0.007608,0.000172
1592804378135851,9.999770,3.000537,10.000343,0.999966,-0.003199,-0.007608,0.000136
1592804378172579,9.999789,3.000532,10.000322,0.999966,-0.003200,-0.007606,0.000148
1592804378211643,10.000020,3.000378,10.000121,0.999966,-0.003190,-0.007625,0.000142
1592804378249456,9.999917,3.000582,10.000237,0.999966,-0.003216,-0.007610,0.000160
1592804378286219,9.999912,3.000581,10.000460,0.999966,-0.003203,-0.007616,0.000139
1592804378323808,9.999873,3.000586,10.000363,0.999966,-0.003194,-0.007647,0.000180
1592804378360255,9.999803,3.000855,10.000456,0.999966,-0.003198,-0.007664,0.000161
1592804378395977,9.999718,3.001034,10.000596,0.999966,-0.003182,-0.007661,0.000167
1592804378431785,9.999756,3.000943,10.000428,0.999966,-0.003160,-0.007651,0.000192
1592804378466623,9.999784,3.000944,10.000224,0.999966,-0.003159,-0.007665,0.000185
1592804378502599,9.999779,3.001050,10.000225,0.999966,-0.003176,-0.007665,0.000154
1592804378539248,9.999763,3.000515,10.000310,0.999966,-0.003177,-0.007673,0.000134
1592804378575498,9.999844,3.000526,10.000361,0.999966,-0.003169,-0.007657,0.000161
1592804378613301,9.999817,3.000543,10.000351,0.999966,-0.003158,-0.007661,0.000160
1592804378649176,9.999876,3.000548,10.000546,0.999966,-0.003171,-0.007654,0.000157
1592804378685397,9.999756,3.000363,10.000556,0.999966,-0.003190,-0.007642,0.000106
1592804378719816,9.999750,3.000532,10.000424,0.999966,-0.003188,-0.007645,0.000125
1592804378754156,9.999810,3.000514,10.000545,0.999966,-0.003209,-0.007644,0.000102
1592804378790490,9.999907,3.000741,10.000422,0.999966,-0.003200,-0.007643,0.000092
1592804378826448,9.999887,3.000777,10.000436,0.999966,-0.003198,-0.007667,0.000097
1592804378862438,9.999980,3.000448,10.000453,0.999965,-0.003213,-0.007671,0.000102
1592804378897270,9.999936,3.000566,10.000311,0.999966,-0.003213,-0.007645,0.000132
1592804378932280,9.999909,3.000712,10.000460,0.999966,-0.003222,-0.007633,0.000146
1592804378966207,10.000016,3.000703,10.000336,0.999966,-0.003209,-0.007634,0.000118
1592804379000261,10.000011,3.000770,10.000355,0.999966,-0.003231,-0.007607,0.000112
1592804379039746,9.999785,3.000565,10.000319,0.999966,-0.003191,-0.007620,0.000114
1592804379082495,9.999890,3.000477,10.000419,0.999966,-0.003157,-0.007635,0.000111
1592804379124096,9.999879,3.000434,10.000459,0.999966,-0.003178,-0.007642,0.000109
1592804379167293,9.999898,3.000692,10.000427,0.999966,-0.003156,-0.007657,0.000110
1592804379211358,9.999943,3.000551,10.000400,0.999966,-0.003160,-0.007641,0.000094
1592804379255366,9.999975,3.000696,10.000360,0.999966,-0.003173,-0.007631,0.000119
1592804379296773,9.999935,3.000771,10.000329,0.999966,-0.003212,-0.007625,0.000079
1592804379333846,9.999873,3.000852,10.000461,0.999966,-0.003183,-0.007618,0.000090
1592804379370576,9.999978,3.000423,10.000436,0.999966,-0.003195,-0.007627,0.000124
1592804379407995,9.999866,3.000505,10.000460,0.999966,-0.003186,-0.007637,0.000117
1592804379445506,9.999784,3.000555,10.000132,0.999966,-0.003198,-0.007619,0.000126
1592804379484331,9.999800,3.000675,10.000114,0.999966,-0.003190,-0.007616,0.000153
1592804379521731,9.999784,3.000656,10.000256,0.999966,-0.003188,-0.007595,0.000170
1592804379559457,9.999783,3.000599,10.000174,0.999966,-0.003185,-0.007604,0.000154
1592804379596659,9.999829,3.000525,10.000381,0.999966,-0.003193,-0.007597,0.000140
1592804379634883,9.999805,3.000853,10.000355,0.999966,-0.003210,-0.007593,0.000166
1592804379670942,9.999740,3.000602,10.000401,0.999966,-0.003201,-0.007620,0.000152
1592804379708850,9.999738,3.000407,10.000288,0.999966,-0.003202,-0.007605,0.000145
1592804379747966,9.999772,3.000360,10.000237,0.999966,-0.003225,-0.007614,0.000140
1592804379785723,9.999754,3.000663,10.000135,0.999966,-0.003230,-0.007612,0.000118
1592804379822930,9.999801,3.000692,10.000201,0.999966,-0.003238,-0.007633,0.000116
1592804379859328,9.999903,3.000694,10.000505,0.999966,-0.003226,-0.007638,0.000102
1592804379894924,9.999899,3.000690,10.000417,0.999966,-0.003222,-0.007628,0.000093
1592804379930864,9.999886,3.000563,10.000254,0.999966,-0.003224,-0.007629,0.000090
1592804379967480,9.999992,3.000625,10.000545,0.999966,-0.003233,-0.007618,0.000090
1592804380005029,9.999932,3.000458,10.000426,0.999966,-0.003228,-0.007632,0.000082
1592804380045048,10.000063,3.000271,10.000626,0.999966,-0.003205,-0.007648,0.000083
1592804380084574,10.000035,3.000480,10.000382,0.999966,-0.003236,-0.007587,0.000127
1592804380123740,9.999996,3.000652,10.000350,0.999966,-0.003229,-0.007602,0.000103
1592804380161420,9.999921,3.000746,10.000197,0.999966,-0.003222,-0.007582,0.000123
1592804380199758,9.999836,3.000730,10.000497,0.999966,-0.003245,-0.007616,0.000130
1592804380239891,9.999928,3.000380,10.000223,0.999966,-0.003224,-0.007594,0.000135
1592804380279711,9.999890,3.000556,10.000480,0.999966,-0.003221,-0.007606,0.000144
1592804380319565,9.999781,3.000743,10.000556,0.999966,-0.003208,-0.007624,0.000114
1592804380359464,9.999982,3.000635,10.000425,0.999966,-0.003200,-0.007602,0.000107
1592804380399505,9.999841,3.000816,10.000401,0.999966,-0.003202,-0.007608,0.000107
1592804380438884,9.999889,3.000506,10.000581,0.999966,-0.003193,-0.007634,0.000093
1592804380478651,10.000023,3.000591,10.000485,0.999966,-0.003180,-0.007639,0.000091
1592804380521748,9.999970,3.000634,10.000392,0.999966,-0.003201,-0.007600,0.000079
1592804380565411,10.000051,3.000533,10.000461,0.999966,-0.003195,-0.007578,0.000099
1592804380604778,10.000093,3.000512,10.000401,0.999966,-0.003183,-0.007560,0.000113
1592804380645031,9.999981,3.000504,10.000384,0.999966,-0.003206,-0.007572,0.000118
1592804380684873,9.999875,3.000762,10.000363,0.999966,-0.003195,-0.007574,0.000095
1592804380723624,9.999907,3.000909,10.000276,0.999966,-0.003213,-0.007559,0.000108
1592804380763622,9.999887,3.000768,10.000538,0.999966,-0.003225,-0.007565,0.000101
1592804380803066,10.000008,3.000815,10.000517,0.999966,-0.003202,-0.007589,0.000078
1592804380841829,9.999911,3.000443,10.000253,0.999967,-0.003222,-0.007514,0.000133
1592804380881711,9.999802,3.000588,10.000381,0.999967,-0.003203,-0.007534,0.000140
1592804380921645,9.999770,3.000542,10.000377,0.999966,-0.003203,-0.007554,0.000104
1592804380961260,9.999835,3.000743,10.000435,0.999966,-0.003211,-0.007575,0.000133
1592804381000554,9.999801,3.000948,10.000194,0.999967,-0.003207,-0.007537,0.000126
1592804381040143,9.999826,3.000633,10.000449,0.999966,-0.003219,-0.007535,0.000100
1592804381079626,9.999861,3.000717,10.000354,0.999966,-0.003216,-0.007561,0.000127
1592804381118737,9.999808,3.000827,10.000678,0.999966,-0.003218,-0.007556,0.000116
1592804381158233,9.999858,3.000575,10.000799,0.999966,-0.003223,-0.007541,0.000137
1592804381197540,9.999814,3.000820,10.000492,0.999967,-0.003240,-0.007519,0.000152
1592804381237926,9.999654,3.000707,10.000242,0.999966,-0.003247,-0.007547,0.000164
1592804381279884,9.999726,3.000391,10.000109,0.999966,-0.003249,-0.007570,0.000151
1592804381321201,9.999830,3.000432,10.000180,0.999966,-0.003234,-0.007541,0.000156
1592804381362676,9.999752,3.000677,10.000237,0.999966,-0.003271,-0.007531,0.000156
1592804381403911,9.999769,3.000467,10.000396,0.999966,-0.003274,-0.007562,0.000165
1592804381445515,9.999759,3.000568,10.000390,0.999966,-0.003257,-0.007570,0.000136
1592804381486953,9.999701,3.000636,10.000373,0.999966,-0.003279,-0.007570,0.000114
1592804381528207,9.999792,3.000723,10.000417,0.999966,-0.003265,-0.007595,0.000107
1592804381568172,9.999784,3.000250,10.000426,0.999966,-0.003254,-0.007627,0.000119
1592804381607873,9.999919,3.000423,10.000401,0.999966,-0.003265,-0.007622,0.000122
1592804381647119,9.999907,3.000444,10.000572,0.999966,-0.003260,-0.007602,0.000118
1592804381686186,9.999848,3.000256,10.000419,0.999966,-0.003240,-0.007596,0.000136
1592804381725476,10.000021,3.000278,10.000329,0.999966,-0.003248,-0.007615,0.000149
1592804381765141,9.999812,3.000727,10.000321,0.999966,-0.003212,-0.007613,0.000126
1592804381804793,9.999784,3.000366,10.000223,0.999966,-0.003244,-0.007576,0.000145
1592804381844337,9.999926,3.000545,10.000351,0.999966,-0.003248,-0.007575,0.000151
1592804381883875,9.999903,3.000666,10.000633,0.999966,-0.003257,-0.007587,0.000144
1592804381923025,9.999775,3.000592,10.000537,0.999966,-0.003235,-0.007567,0.000166
1592804381963014,9.999702,3.000573,10.000377,0.999966,-0.003233,-0.007565,0.000154
1592804382002198,9.999624,3.000620,10.000316,0.999966,-0.003234,-0.007537,0.000179
1592804382042778,9.999726,3.000548,10.000196,0.999967,-0.003226,-0.007519,0.000178
1592804382082893,9.999702,3.000682,10.000368,0.999966,-0.003226,-0.007538,0.000177
1592804382121896,9.999704,3.000635,10.000306,0.999966,-0.003211,-0.007537,0.000163
1592804382161177,9.999713,3.000624,10.000315,0.999966,-0.003213,-0.007539,0.000146
1592804382200959,9.999766,3.000913,10.000542,0.999966,-0.003223,-0.007559,0.000121
1592804382240912,9.999892,3.000632,10.000492,0.999966,-0.003201,-0.007551,0.000116
1592804382280854,9.999902,3.000638,10.000365,0.999967,-0.003206,-0.007523,0.000096
1592804382321040,9.999987,3.000563,10.000115,0.999967,-0.003214,-0.007500,0.000103
1592804382361030,10.000073,3.000541,10.000437,0.999966,-0.003217,-0.007536,0.000112
1592804382401537,10.000181,3.000360,10.000430,0.999966,-0.003246,-0.007558,0.000094
1592804382442774,9.999857,3.000587,10.000538,0.999966,-0.003231,-0.007538,0.000108
1592804382488914,9.999880,3.000813,10.000582,0.999966,-0.003246,-0.007550,0.000117
1592804382528906,9.999852,3.000846,10.000600,0.999966,-0.003259,-0.007540,0.000137
1592804382569024,9.999666,3.000895,10.000493,0.999966,-0.003261,-0.007568,0.000117
1592804382607718,9.999859,3.000464,10.000307,0.999966,-0.003236,-0.007586,0.000140
1592804382647476,9.999896,3.000300,10.000477,0.999966,-0.003243,-0.007596,0.000121
1592804382687284,9.999906,3.000424,10.000439,0.999966,-0.003236,-0.007592,0.000108
1592804382726840,10.000010,3.000292,10.000458,0.999966,-0.003255,-0.007595,0.000120
1592804382766344,9.999969,3.000610,10.000497,0.999966,-0.003214,-0.007624,0.000123
1592804382805464,9.999871,3.000393,10.000293,0.999966,-0.003247,-0.007616,0.000128
1592804382845045,9.999864,3.000510,10.000292,0.999966,-0.003246,-0.007619,0.000121
1592804382885087,9.999843,3.000565,10.000259,0.999966,-0.003256,-0.007584,0.000118
1592804382924328,9.999866,3.000446,10.000308,0.999966,-0.003265,-0.007605,0.000143
1592804382963741,9.999781,3.000567,10.000151,0.999966,-0.003276,-0.007604,0.000103
1592804383002962,9.999767,3.000664,10.000362,0.999966,-0.003274,-0.007592,0.000117
1592804383043088,10.000011,3.000191,10.000394,0.999966,-0.003255,-0.007601,0.000142
1592804383082375,10.000072,3.000252,10.000605,0.999966,-0.003242,-0.007617,0.000117
1592804383123886,10.000005,3.000565,10.000500,0.999966,-0.003249,-0.007611,0.000154
1592804383171915,9.999793,3.000509,10.000319,0.999966,-0.003241,-0.007621,0.000152
1592804383215998,9.999696,3.000551,10.000216,0.999966,-0.003243,-0.007616,0.000149
1592804383259504,9.999732,3.000625,10.000197,0.999966,-0.003228,-0.007626,0.000146
1592804383304686,9.999708,3.000923,10.000373,0.999966,-0.003234,-0.007617,0.000141
1592804383346648,9.999872,3.000248,10.000457,0.999966,-0.003224,-0.007621,0.000118
1592804383387423,9.999839,3.000367,10.000237,0.999966,-0.003200,-0.007625,0.000124
1592804383428005,9.999920,3.000571,10.000471,0.999966,-0.003188,-0.007614,0.000133
1592804383469432,9.999925,3.000846,10.000354,0.999966,-0.003189,-0.007602,0.000120
1592804383512654,9.999900,3.000588,10.000416,0.999966,-0.003200,-0.007598,0.000133
1592804383554303,9.999769,3.000751,10.000420,0.999966,-0.003215,-0.007563,0.000146
1592804383595802,9.999886,3.000584,10.000460,0.999966,-0.003232,-0.007561,0.000158
1592804383637211,9.999851,3.000815,10.000504,0.999966,-0.003234,-0.007553,0.000145
1592804383677884,9.999825,3.000301,10.000312,0.999966,-0.003253,-0.007565,0.000149
1592804383719119,9.999808,3.000543,10.000452,0.999966,-0.003226,-0.007569,0.000145
1592804383760147,9.999789,3.000603,10.000440,0.999966,-0.003229,-0.007557,0.000150
1592804383801263,9.999667,3.000880,10.000478,0.999966,-0.003240,-0.007569,0.000149
1592804383841387,9.999671,3.000499,10.000297,0.999966,-0.003236,-0.007579,0.000162
1592804383881412,9.999722,3.000577,10.000189,0.999966,-0.003242,-0.007545,0.000164
1592804383920987,9.999767,3.000635,10.000178,0.999966,-0.003257,-0.007551,0.000165
1592804383961659,9.999935,3.000558,10.000248,0.999966,-0.003291,-0.007524,0.000183
1592804384005103,9.999819,3.000735,10.000638,0.999966,-0.003284,-0.007550,0.000171
1592804384044810,9.999699,3.000391,10.000261,0.999966,-0.003266,-0.007573,0.000164
1592804384085808,9.999746,3.000453,10.000347,0.999966,-0.003246,-0.007579,0.000188
1592804384131273,9.999707,3.000757,10.000486,0.999966,-0.003234,-0.007570,0.000192
1592804384172967,9.999649,3.000556,10.000266,0.999966,-0.003237,-0.007593,0.000207
1592804384214139,9.999635,3.000526,10.000453,0.999966,-0.003261,-0.007555,0.000171
