1591913709034543,9.999001,3.001081,10.000466,0.999960,0.003620,-0.008233,0.000128
1591913709112021,9.999284,3.001657,9.999914,0.999961,0.003796,-0.007987,0.000114
1591913709162254,9.999610,3.000799,9.999804,0.999961,0.003831,-0.007997,0.000113
1591913709206507,9.999448,3.001097,10.000119,0.999960,0.003794,-0.008110,0.000073
1591913709243950,9.999425,3.001164,10.000166,0.999960,0.003791,-0.008095,0.000087
1591913709284047,9.999347,3.001549,10.000055,0.999961,0.003757,-0.008051,0.000105
1591913709319794,9.999327,3.001961,10.000067,0.999961,0.003751,-0.008033,0.000134
1591913709355612,9.998937,3.002068,10.000527,0.999960,0.003673,-0.008152,0.000158
1591913709392388,9.999003,3.001001,10.000256,0.999961,0.003632,-0.008053,0.000148
1591913709430143,9.999470,3.001283,10.000362,0.999960,0.003798,-0.008077,0.000113
1591913709471532,9.999418,3.001194,10.000042,0.999962,0.003751,-0.007915,0.000088
1591913709508048,9.999051,3.001253,10.000151,0.999962,0.003642,-0.007911,0.000081
1591913709544535,9.999280,3.001522,9.999801,0.999962,0.003691,-0.007864,0.000073
1591913709586911,9.998930,3.002069,10.000194,0.999961,0.003669,-0.007991,0.000076
1591913709627502,9.999317,3.000928,10.000117,0.999961,0.003773,-0.008023,0.000096
1591913709667315,9.999775,3.000837,9.999768,0.999961,0.003843,-0.007908,0.000104
1591913709708231,9.999355,3.001350,10.000089,0.999961,0.003727,-0.007988,0.000104
1591913709748096,9.999272,3.001518,10.000221,0.999961,0.003731,-0.008004,0.000100
1591913709786381,9.999415,3.001575,9.999967,0.999962,0.003769,-0.007925,0.000125
1591913709824784,9.999074,3.000987,10.000162,0.999961,0.003683,-0.007969,0.000136
1591913709862436,9.998745,3.000929,10.000622,0.999961,0.003633,-0.008035,0.000164
1591913709899632,9.998865,3.001230,10.000231,0.999962,0.003682,-0.007965,0.000144
1591913709945592,9.998932,3.001544,10.000199,0.999961,0.003752,-0.007947,0.000140
1591913710012197,9.999887,3.001105,9.999677,0.999962,0.003877,-0.007825,0.000157
1591913710079386,9.999078,3.001640,10.000212,0.999962,0.003686,-0.007909,0.000190
1591913710151228,9.999208,3.001136,10.000082,0.999962,0.003713,-0.007897,0.000157
1591913710192200,9.998841,3.001990,10.000313,0.999962,0.003685,-0.007957,0.000160
1591913710232093,9.999281,3.000936,10.000088,0.999962,0.003758,-0.007905,0.000140
1591913710273314,9.999133,3.001188,10.000104,0.999962,0.003769,-0.007916,0.000106
1591913710309229,9.999144,3.001366,10.000033,0.999961,0.003767,-0.007932,0.000095
1591913710346268,9.999197,3.001478,10.000051,0.999961,0.003739,-0.007942,0.000099
1591913710415149,9.999180,3.001467,10.000137,0.999961,0.003741,-0.007989,0.000063
1591913710486964,9.999544,3.001154,10.000261,0.999961,0.003824,-0.007953,0.000103
1591913710523133,9.999502,3.000829,9.999947,0.999962,0.003796,-0.007905,0.000127
1591913710557626,9.999431,3.001708,9.999934,0.999962,0.003790,-0.007895,0.000125
1591913710592708,9.999527,3.001734,9.999836,0.999962,0.003797,-0.007895,0.000124
1591913710627674,9.999000,3.000703,10.000400,0.999961,0.003697,-0.008034,0.000121
1591913710661242,9.999039,3.000654,10.000264,0.999961,0.003686,-0.008014,0.000095
1591913710694090,9.999437,3.000868,9.999947,0.999961,0.003782,-0.007951,0.000111
1591913710728202,9.999300,3.001044,10.000050,0.999961,0.003765,-0.007970,0.000119
1591913710761067,9.999706,3.000843,9.999907,0.999961,0.003839,-0.007983,0.000147
1591913710794829,9.999386,3.000916,10.000305,0.999961,0.003752,-0.008054,0.000156
1591913710828081,9.999618,3.000775,9.999888,0.999961,0.003779,-0.007963,0.000164
1591913710861782,9.999923,3.000683,10.000057,0.999961,0.003821,-0.007990,0.000165
1591913710895463,9.999404,3.000950,10.000063,0.999961,0.003727,-0.007961,0.000195
1591913710949214,9.999221,3.001452,10.000369,0.999961,0.003744,-0.007977,0.000163
1591913710982346,9.998792,3.001608,10.000233,0.999962,0.003683,-0.007922,0.000162
1591913711014696,9.998929,3.001616,10.000286,0.999962,0.003711,-0.007914,0.000176
1591913711083237,9.999492,3.001456,9.999983,0.999962,0.003772,-0.007902,0.000145
1591913711119740,9.999655,3.000958,10.000008,0.999962,0.003766,-0.007909,0.000135
1591913711155454,9.999756,3.001580,10.000118,0.999961,0.003791,-0.007943,0.000145
1591913711189921,9.999338,3.001710,9.999896,0.999961,0.003751,-0.007936,0.000150
1591913711223618,9.998894,3.000959,10.000312,0.999961,0.003662,-0.007998,0.000167
1591913711257589,9.999056,3.000898,10.000212,0.999961,0.003716,-0.007978,0.000121
1591913711292609,9.998995,3.000931,10.000339,0.999961,0.003712,-0.008006,0.000121
1591913711349918,9.999688,3.001307,10.000199,0.999961,0.003818,-0.008002,0.000119
1591913711383332,9.999639,3.001907,10.000372,0.999961,0.003817,-0.008023,0.000120
1591913711416954,9.999340,3.001456,10.000656,0.999960,0.003776,-0.008068,0.000137
1591913711484462,9.999398,3.001826,10.000179,0.999961,0.003772,-0.007986,0.000184
1591913711519134,9.999015,3.001495,10.000149,0.999961,0.003715,-0.007969,0.000178
1591913711551711,9.999661,3.001318,10.000106,0.999961,0.003790,-0.007970,0.000153
1591913711616535,9.999204,3.001450,10.000113,0.999961,0.003749,-0.007996,0.000175
1591913711682458,9.998973,3.001482,10.000149,0.999961,0.003723,-0.008036,0.000173
1591913711758176,9.999774,3.000592,9.999646,0.999961,0.003769,-0.008000,0.000112
1591913711793805,9.999702,3.000692,9.999885,0.999961,0.003751,-0.008030,0.000122
1591913711827096,9.999691,3.000614,9.999909,0.999961,0.003742,-0.007973,0.000136
1591913711885828,9.999240,3.001419,10.000275,0.999961,0.003720,-0.008019,0.000149
1591913711951028,9.998958,3.001501,10.000152,0.999962,0.003718,-0.007948,0.000143
1591913712017820,9.999032,3.001449,10.000188,0.999961,0.003724,-0.007952,0.000102
1591913712053627,9.999263,3.001445,10.000100,0.999961,0.003790,-0.007953,0.000096
1591913712092067,9.999294,3.000908,10.000007,0.999961,0.003767,-0.007983,0.000068
1591913712155992,9.999448,3.001427,10.000071,0.999961,0.003790,-0.007959,0.000115
1591913712190611,9.999599,3.001401,9.999930,0.999961,0.003821,-0.007989,0.000122
1591913712225228,9.999507,3.001566,9.999879,0.999961,0.003815,-0.007975,0.000116
1591913712288689,9.999199,3.001671,10.000232,0.999961,0.003779,-0.007971,0.000067
1591913712323514,9.999149,3.001343,10.000115,0.999961,0.003742,-0.007954,0.000063
1591913712357259,9.998978,3.000971,10.000320,0.999961,0.003731,-0.007976,0.000072
1591913712391155,9.999006,3.000883,10.000278,0.999961,0.003747,-0.007976,0.000068
1591913712424889,9.998855,3.001617,10.000348,0.999961,0.003754,-0.007974,0.000071
1591913712459364,9.998940,3.000878,10.000319,0.999961,0.003714,-0.007982,0.000065
1591913712492951,9.998875,3.000910,10.000485,0.999961,0.003720,-0.008024,0.000076
1591913712526280,9.999197,3.000818,10.000139,0.999961,0.003772,-0.007983,0.000024
1591913712559357,9.999328,3.000703,10.000124,0.999961,0.003773,-0.007950,0.000058
1591913712592954,9.999401,3.000834,10.000055,0.999961,0.003779,-0.007996,0.000032
1591913712625697,9.999378,3.001580,10.000093,0.999961,0.003780,-0.007998,0.000055
1591913712659554,9.999510,3.000557,10.000007,0.999961,0.003754,-0.007973,0.000070
1591913712693236,9.999314,3.000698,10.000124,0.999961,0.003701,-0.007996,0.000050
1591913712727178,9.999669,3.001008,10.000211,0.999961,0.003727,-0.007960,0.000078
1591913712760483,9.999530,3.000630,9.999979,0.999962,0.003737,-0.007931,0.000092
1591913712794652,9.999400,3.000703,9.999990,0.999962,0.003718,-0.007945,0.000100
1591913712827983,9.999533,3.000677,9.999942,0.999961,0.003766,-0.007981,0.000058
1591913712862007,9.999492,3.000739,9.999919,0.999961,0.003769,-0.008017,0.000077
1591913712894561,9.999843,3.000665,10.000223,0.999960,0.003791,-0.008065,0.000052
1591913712956720,9.999408,3.000611,10.000128,0.999961,0.003716,-0.008019,0.000069
1591913712990555,9.999241,3.000753,10.000083,0.999961,0.003720,-0.008012,0.000079
1591913713025673,9.999352,3.000825,10.000025,0.999961,0.003735,-0.007992,0.000048
1591913713059204,9.999587,3.000718,9.999916,0.999961,0.003757,-0.007982,0.000086
1591913713094099,9.999600,3.000617,9.999942,0.999961,0.003776,-0.007977,0.000131
1591913713128012,9.999440,3.000857,10.000144,0.999961,0.003741,-0.007972,0.000155
1591913713162590,9.999263,3.000517,10.000217,0.999961,0.003705,-0.007994,0.000127
1591913713224949,9.998896,3.001599,10.000295,0.999961,0.003723,-0.007991,0.000085
1591913713291999,9.999310,3.000736,10.000132,0.999961,0.003772,-0.007935,0.000099
1591913713326051,9.999349,3.000741,10.000066,0.999961,0.003777,-0.007950,0.000125
1591913713358384,9.999352,3.000794,10.000030,0.999961,0.003756,-0.007948,0.000128
1591913713392418,9.999583,3.000636,9.999908,0.999961,0.003771,-0.007957,0.000146
1591913713426691,9.998857,3.001058,10.000542,0.999961,0.003752,-0.008003,0.000179
1591913713460703,9.998572,3.001155,10.000793,0.999961,0.003719,-0.007961,0.000143
1591913713495271,9.999334,3.000902,10.000332,0.999962,0.003796,-0.007895,0.000129
1591913713527819,9.999350,3.000675,10.000357,0.999962,0.003801,-0.007881,0.000140
1591913713561139,9.999387,3.000817,10.000364,0.999962,0.003800,-0.007896,0.000123
1591913713594804,9.999651,3.000886,10.000234,0.999961,0.003847,-0.007930,0.000085
1591913713628280,9.999586,3.000970,10.000318,0.999961,0.003825,-0.007958,0.000087
1591913713661915,9.999685,3.001059,10.000249,0.999961,0.003829,-0.007927,0.000092
1591913713695681,9.999247,3.001077,10.000421,0.999961,0.003798,-0.007941,0.000080
1591913713729179,9.999708,3.000813,10.000219,0.999961,0.003823,-0.007944,0.000098
1591913713761980,9.999606,3.000917,10.000223,0.999961,0.003837,-0.007969,0.000126
1591913713794311,9.999286,3.000851,10.000554,0.999961,0.003829,-0.007997,0.000143
1591913713827237,9.998899,3.001046,10.000761,0.999961,0.003810,-0.008012,0.000137
1591913713896931,9.999192,3.000992,10.000396,0.999961,0.003819,-0.007936,0.000122
1591913713963015,9.999815,3.000852,10.000323,0.999961,0.003847,-0.007927,0.000098
1591913714028108,9.999846,3.000815,10.000106,0.999961,0.003856,-0.007918,0.000111
1591913714070997,9.999841,3.001305,10.000078,0.999961,0.003871,-0.007919,0.000123
1591913714106260,9.999884,3.001485,10.000016,0.999961,0.003859,-0.007903,0.000105
1591913714160897,9.999674,3.000703,10.000063,0.999961,0.003832,-0.007897,0.000079
1591913714195362,9.999457,3.001115,10.000341,0.999961,0.003830,-0.007916,0.000085
1591913714229892,9.999465,3.000970,10.000503,0.999961,0.003803,-0.007911,0.000089
1591913714263995,9.999792,3.000771,10.000116,0.999962,0.003823,-0.007898,0.000081
1591913714302086,9.999938,3.000872,10.000009,0.999961,0.003848,-0.007942,0.000089
1591913714364660,9.999605,3.001208,10.000339,0.999961,0.003798,-0.007957,0.000062
1591913714432652,9.999808,3.000895,10.000422,0.999961,0.003804,-0.007959,0.000085
1591913714501696,9.999514,3.000935,10.000304,0.999961,0.003772,-0.007980,0.000087
1591913714539117,9.999327,3.001098,9.999913,0.999962,0.003768,-0.007921,0.000079
1591913714574469,9.999658,3.000950,10.000049,0.999962,0.003804,-0.007908,0.000075
1591913714609994,9.999687,3.001281,10.000390,0.999961,0.003821,-0.007904,0.000107
1591913714644376,9.999625,3.001300,10.000181,0.999961,0.003823,-0.007905,0.000093
1591913714696386,9.999377,3.000993,10.000356,0.999961,0.003791,-0.007929,0.000035
1591913714765397,9.999546,3.001114,10.000152,0.999961,0.003794,-0.007935,0.000061
1591913714801653,9.999928,3.001055,10.000165,0.999961,0.003782,-0.007944,0.000069
1591913714840523,10.000093,3.000784,9.999921,0.999962,0.003818,-0.007896,0.000066
1591913714896513,9.999949,3.000679,10.000156,0.999961,0.003820,-0.007939,0.000097
1591913714929582,9.999628,3.000825,10.000339,0.999961,0.003797,-0.007992,0.000105
1591913714961982,9.999641,3.000753,10.000202,0.999961,0.003817,-0.008012,0.000085
1591913714994702,9.999183,3.001047,10.000669,0.999960,0.003804,-0.008041,0.000097
1591913715029079,9.999173,3.000945,10.000172,0.999961,0.003798,-0.007992,0.000091
1591913715065176,10.000362,3.000790,9.999943,0.999961,0.003889,-0.007993,0.000081
1591913715101887,10.000230,3.000883,10.000059,0.999960,0.003866,-0.008039,0.000062
1591913715168298,10.000221,3.000856,10.000062,0.999960,0.003845,-0.008092,0.000028
1591913715234689,10.000162,3.000664,10.000651,0.999960,0.003817,-0.008086,0.000041
1591913715269217,10.000006,3.001101,10.000372,0.999960,0.003796,-0.008054,0.000054
1591913715302569,9.999790,3.000911,10.000418,0.999960,0.003771,-0.008056,0.000049
1591913715366939,10.000110,3.000659,10.000039,0.999960,0.003796,-0.008071,-0.000007
1591913715401116,10.000002,3.001058,10.000106,0.999960,0.003776,-0.008071,0.000009
1591913715433998,10.000397,3.000473,10.000099,0.999960,0.003793,-0.008045,-0.000014
1591913715466758,10.000437,3.000335,10.000087,0.999961,0.003786,-0.008002,0.000007
1591913715499581,10.000321,3.000482,10.000041,0.999961,0.003792,-0.007972,-0.000016
1591913715574612,9.999881,3.000983,10.000278,0.999961,0.003736,-0.007990,0.000013
1591913715611359,9.999804,3.001133,10.000243,0.999961,0.003734,-0.008009,0.000035
1591913715644604,9.999766,3.000948,10.000154,0.999961,0.003734,-0.008001,0.000028
1591913715679141,10.000189,3.000903,10.000242,0.999961,0.003775,-0.007967,0.000024
1591913715714180,10.000474,3.001007,10.000106,0.999961,0.003805,-0.007984,0.000009
1591913715747678,10.000026,3.001249,10.000103,0.999961,0.003786,-0.007987,0.000011
1591913715780198,10.000151,3.001304,10.000367,0.999961,0.003763,-0.008018,-0.000023
1591913715835820,9.999882,3.000777,10.000406,0.999961,0.003755,-0.008055,-0.000043
1591913715868718,10.000454,3.000694,10.000421,0.999960,0.003798,-0.008038,-0.000022
1591913715900162,10.000087,3.000631,10.000505,0.999961,0.003782,-0.008021,-0.000028
1591913715968255,10.000533,3.000416,9.999963,0.999961,0.003796,-0.007986,-0.000057
1591913716038692,10.000298,3.000963,10.000120,0.999961,0.003805,-0.007961,-0.000041
1591913716073794,9.999949,3.001199,10.000427,0.999961,0.003776,-0.007983,-0.000019
1591913716108022,10.000086,3.001349,10.000249,0.999961,0.003771,-0.007940,0.000002
1591913716170937,10.000031,3.000717,10.000046,0.999961,0.003796,-0.007931,0.000039
1591913716204716,9.999964,3.000926,9.999933,0.999961,0.003800,-0.007962,0.000077
1591913716239678,9.999701,3.000947,10.000194,0.999961,0.003788,-0.007985,0.000079
1591913716304813,9.999270,3.000949,10.000645,0.999961,0.003778,-0.007989,0.000078
1591913716371643,9.999570,3.000893,10.000293,0.999961,0.003852,-0.007979,0.000076
1591913716404810,9.999486,3.001176,10.000321,0.999961,0.003838,-0.007958,0.000065
1591913716438174,9.999957,3.001118,10.000550,0.999961,0.003850,-0.008006,0.000066
1591913716471685,10.000032,3.000865,10.000194,0.999961,0.003843,-0.007984,0.000102
1591913716504286,10.000162,3.000699,10.000296,0.999961,0.003818,-0.007980,0.000078
1591913716537870,10.000337,3.000921,10.000012,0.999961,0.003804,-0.007945,0.000072
1591913716571041,10.000337,3.000908,9.999924,0.999961,0.003808,-0.007933,0.000084
1591913716638878,10.000138,3.001008,9.999974,0.999961,0.003770,-0.007955,0.000037
1591913716672291,10.000173,3.000840,10.000117,0.999961,0.003793,-0.007953,0.000060
1591913716707654,9.999901,3.000972,10.000397,0.999961,0.003789,-0.007972,0.000079
1591913716740449,9.999872,3.000791,10.000246,0.999961,0.003770,-0.007956,0.000089
1591913716773086,9.999709,3.000925,10.000216,0.999961,0.003793,-0.007944,0.000090
1591913716805003,9.999672,3.000805,10.000170,0.999961,0.003776,-0.007927,0.000083
1591913716838174,9.999662,3.000933,10.000216,0.999961,0.003769,-0.007957,0.000068
1591913716907824,9.999609,3.001179,10.000532,0.999961,0.003755,-0.008038,0.000092
1591913716941677,9.999456,3.001039,10.000528,0.999961,0.003767,-0.008035,0.000067
1591913716974021,9.999635,3.000929,10.000171,0.999961,0.003787,-0.008008,0.000057
1591913717041626,9.999762,3.000897,10.000415,0.999961,0.003817,-0.008028,0.000071
1591913717107880,10.000031,3.000936,10.000070,0.999961,0.003798,-0.007990,0.000060
1591913717144408,10.000114,3.000896,9.999965,0.999961,0.003783,-0.007987,0.000076
1591913717183452,9.999837,3.001182,10.000177,0.999961,0.003790,-0.008013,0.000066
1591913717218829,9.999768,3.001191,10.000462,0.999961,0.003776,-0.008030,0.000077
1591913717252722,9.999660,3.001760,10.000654,0.999961,0.003755,-0.008046,0.000091
1591913717307573,9.999304,3.001037,10.000419,0.999961,0.003730,-0.008021,0.000047
1591913717342038,9.999184,3.001009,10.000436,0.999961,0.003730,-0.008009,0.000058
1591913717375850,9.999654,3.000699,10.000378,0.999961,0.003735,-0.008023,0.000050
1591913717409210,10.000191,3.000937,9.999817,0.999961,0.003771,-0.008007,0.000030
1591913717443455,10.000134,3.000845,9.999970,0.999961,0.003785,-0.007986,0.000074
1591913717477311,10.000028,3.000889,10.000024,0.999961,0.003782,-0.007967,0.000072
1591913717510702,10.000164,3.000917,10.000031,0.999961,0.003783,-0.007987,0.000060
1591913717544774,9.999729,3.001013,10.000272,0.999961,0.003757,-0.008009,0.000047
1591913717577166,10.000120,3.000892,10.000260,0.999961,0.003784,-0.008026,0.000052
1591913717610850,9.999671,3.001048,10.000541,0.999961,0.003757,-0.008022,0.000034
1591913717644430,9.999590,3.000900,10.000440,0.999961,0.003753,-0.007997,0.000023
1591913717677725,9.999874,3.000893,10.000402,0.999961,0.003777,-0.007977,0.000036
1591913717710737,10.000153,3.000936,10.000463,0.999961,0.003773,-0.007977,0.000030
1591913717744391,10.000134,3.000764,10.000186,0.999961,0.003774,-0.007941,0.000062
1591913717777263,10.000118,3.001268,10.000010,0.999961,0.003762,-0.007929,0.000081
1591913717810737,10.000076,3.000988,9.999930,0.999962,0.003766,-0.007906,0.000079
1591913717843221,9.999420,3.000908,9.999925,0.999962,0.003744,-0.007903,0.000085
1591913717876395,9.999269,3.001111,10.000319,0.999961,0.003734,-0.007942,0.000096
1591913717909029,9.998962,3.001162,10.000800,0.999961,0.003727,-0.007959,0.000072
1591913717978646,9.999387,3.001286,10.000502,0.999962,0.003740,-0.007891,0.000095
1591913718015594,9.999518,3.001559,10.000335,0.999962,0.003738,-0.007899,0.000102
1591913718050306,9.999650,3.001284,10.000244,0.999962,0.003750,-0.007910,0.000103
1591913718085004,9.999668,3.001019,10.000199,0.999962,0.003736,-0.007922,0.000086
1591913718121424,9.999896,3.001320,10.000064,0.999962,0.003753,-0.007917,0.000075
1591913718157666,9.999798,3.000678,10.000443,0.999961,0.003751,-0.007950,0.000085
1591913718192382,9.999886,3.000560,10.000139,0.999962,0.003759,-0.007919,0.000066
1591913718226681,10.000132,3.000500,10.000251,0.999961,0.003789,-0.007946,0.000054
1591913718260649,9.999719,3.000699,10.000093,0.999961,0.003762,-0.007936,0.000073
1591913718311728,9.999860,3.001001,10.000070,0.999962,0.003731,-0.007932,0.000087
1591913718345217,9.999674,3.001150,10.000013,0.999961,0.003749,-0.007945,0.000109
1591913718378284,9.999527,3.000928,10.000147,0.999962,0.003717,-0.007927,0.000087
1591913718411678,9.999470,3.000865,10.000485,0.999962,0.003714,-0.007894,0.000086
1591913718446849,9.999411,3.001066,10.000553,0.999962,0.003725,-0.007918,0.000094
1591913718511786,10.000404,3.000545,9.999936,0.999962,0.003722,-0.007888,0.000118
1591913718545438,9.999995,3.001021,9.999922,0.999962,0.003710,-0.007888,0.000131
1591913718580574,9.999717,3.001111,10.000172,0.999962,0.003719,-0.007910,0.000131
1591913718647023,9.999667,3.001002,10.000200,0.999962,0.003711,-0.007875,0.000118
1591913718680605,9.999554,3.000958,10.000351,0.999962,0.003713,-0.007866,0.000122
1591913718713443,10.000003,3.000699,10.000187,0.999962,0.003728,-0.007888,0.000115
1591913718746987,9.999805,3.001362,10.000019,0.999962,0.003734,-0.007888,0.000083
1591913718780400,9.999932,3.001143,9.999907,0.999962,0.003719,-0.007938,0.000078
1591913718813338,10.000052,3.000856,10.000065,0.999962,0.003758,-0.007929,0.000054
1591913718847157,9.999870,3.001294,10.000102,0.999962,0.003733,-0.007907,0.000042
1591913718883433,9.999648,3.001185,10.000353,0.999961,0.003747,-0.007943,0.000030
1591913718916260,9.999564,3.001129,10.000503,0.999961,0.003742,-0.007978,0.000018
1591913718981983,9.999705,3.001031,10.000246,0.999961,0.003753,-0.007945,0.000036
1591913719049577,10.000374,3.001000,10.000540,0.999961,0.003801,-0.007992,0.000010
1591913719116122,10.000216,3.000786,10.000184,0.999961,0.003789,-0.007968,0.000039
1591913719183871,9.999534,3.000912,10.000481,0.999961,0.003727,-0.007945,0.000071
1591913719249623,9.999613,3.001406,10.000199,0.999962,0.003757,-0.007913,0.000038
1591913719285232,10.000009,3.001437,9.999918,0.999962,0.003785,-0.007889,0.000039
1591913719318573,9.999660,3.001277,10.000176,0.999962,0.003757,-0.007925,0.000048
1591913719352002,9.999534,3.001088,10.000507,0.999961,0.003754,-0.007944,0.000046
1591913719384044,9.999680,3.001364,10.000149,0.999961,0.003732,-0.007958,0.000059
1591913719458980,10.000026,3.000598,10.000128,0.999961,0.003778,-0.007977,0.000076
1591913719495970,9.999583,3.000617,10.000364,0.999961,0.003734,-0.007984,0.000063
1591913719530113,9.999635,3.000986,10.000612,0.999961,0.003741,-0.007980,0.000050
1591913719563706,9.999718,3.000703,10.000436,0.999961,0.003737,-0.007973,0.000020
1591913719598275,9.999722,3.000580,10.000573,0.999961,0.003730,-0.007995,0.000010
1591913719633671,9.999479,3.000733,10.000657,0.999961,0.003736,-0.008030,0.000001
1591913719667680,9.999951,3.000448,10.000135,0.999961,0.003760,-0.008005,0.000024
1591913719717956,10.000159,3.000686,10.000140,0.999961,0.003773,-0.008002,0.000016
1591913719751826,10.000201,3.000921,10.000055,0.999961,0.003765,-0.008042,0.000020
1591913719784551,9.999860,3.001171,10.000307,0.999960,0.003753,-0.008083,0.000056
1591913719853236,10.000112,3.000922,10.000188,0.999960,0.003775,-0.008093,0.000062
1591913719889352,10.000113,3.000313,10.000106,0.999960,0.003777,-0.008054,0.000053
1591913719927083,9.999923,3.000587,10.000260,0.999961,0.003775,-0.008018,0.000059
1591913719963159,9.999947,3.000602,10.000237,0.999961,0.003781,-0.008024,0.000052
1591913719997483,10.000114,3.000378,10.000065,0.999961,0.003771,-0.007989,0.000072
1591913720033301,10.000046,3.000491,10.000072,0.999961,0.003780,-0.007964,0.000082
1591913720069835,9.999456,3.000898,10.000397,0.999961,0.003782,-0.007983,0.000073
1591913720120165,9.999188,3.001328,10.000678,0.999961,0.003803,-0.007981,0.000057
1591913720155872,9.999286,3.001060,10.000646,0.999961,0.003772,-0.007962,0.000043
1591913720189971,9.999853,3.000935,10.000275,0.999962,0.003776,-0.007923,0.000038
1591913720252666,10.000156,3.001093,10.000833,0.999962,0.003771,-0.007867,0.000039
1591913720325221,9.999578,3.000747,10.000332,0.999962,0.003719,-0.007940,-0.000029
1591913720390160,9.999932,3.000988,10.000424,0.999962,0.003711,-0.007931,0.000021
1591913720458019,9.999827,3.000594,10.000349,0.999962,0.003738,-0.007922,0.000037
1591913720493129,10.000172,3.000479,10.000336,0.999961,0.003743,-0.007956,0.000071
1591913720527738,9.999995,3.000455,10.000171,0.999962,0.003746,-0.007930,0.000065
1591913720565199,10.000031,3.000539,10.000096,0.999962,0.003761,-0.007910,0.000086
1591913720602465,9.999985,3.000698,10.000113,0.999962,0.003750,-0.007887,0.000090
1591913720640609,10.000260,3.000465,10.000029,0.999962,0.003758,-0.007901,0.000036
1591913720677488,10.000010,3.000905,10.000190,0.999962,0.003736,-0.007928,0.000064
1591913720713400,9.999681,3.001314,10.000478,0.999962,0.003692,-0.007932,0.000052
1591913720748964,9.999871,3.001065,10.000175,0.999962,0.003704,-0.007918,0.000062
1591913720785771,9.999739,3.001055,10.000270,0.999962,0.003734,-0.007939,0.000071
1591913720822434,9.999888,3.000386,10.000431,0.999962,0.003728,-0.007899,0.000064
1591913720859273,9.999813,3.000453,10.000458,0.999962,0.003705,-0.007901,0.000054
1591913720926602,9.999855,3.000518,10.000149,0.999962,0.003680,-0.007879,0.000046
1591913720963415,10.000063,3.000392,10.000051,0.999962,0.003691,-0.007897,0.000009
1591913720998264,10.000312,3.000738,10.000032,0.999962,0.003726,-0.007897,0.000011
1591913721033316,10.000514,3.000427,10.000119,0.999962,0.003704,-0.007903,0.000012
1591913721069631,10.000137,3.000502,10.000263,0.999962,0.003714,-0.007918,0.000014
1591913721107377,10.000519,3.000471,10.000106,0.999962,0.003738,-0.007882,0.000028
1591913721144916,10.000193,3.000628,10.000128,0.999962,0.003762,-0.007828,0.000026
1591913721180772,10.000090,3.001173,10.000150,0.999962,0.003754,-0.007835,0.000016
1591913721216049,9.999789,3.001143,10.000127,0.999962,0.003728,-0.007841,0.000036
1591913721258263,10.000002,3.000480,10.000469,0.999962,0.003760,-0.007823,0.000035
1591913721326560,9.999909,3.000578,9.999967,0.999962,0.003774,-0.007826,0.000035
1591913721363024,10.000117,3.000578,9.999883,0.999962,0.003771,-0.007842,0.000026
1591913721398990,9.999896,3.000536,10.000302,0.999962,0.003767,-0.007854,0.000035
1591913721432446,9.999783,3.001015,10.000303,0.999962,0.003787,-0.007875,0.000042
1591913721468133,10.000077,3.000893,10.000104,0.999962,0.003792,-0.007878,0.000046
1591913721502842,9.999861,3.000746,10.000121,0.999962,0.003780,-0.007859,0.000066
1591913721536368,9.999825,3.000670,10.000319,0.999962,0.003775,-0.007877,0.000071
1591913721596155,9.999866,3.000517,10.000255,0.999962,0.003749,-0.007878,0.000094
1591913721632145,9.999745,3.000667,10.000309,0.999962,0.003773,-0.007872,0.000069
1591913721667572,9.999900,3.000617,10.000228,0.999962,0.003785,-0.007858,0.000089
1591913721703308,9.999659,3.000752,10.000276,0.999962,0.003772,-0.007838,0.000082
1591913721737209,9.999613,3.000755,10.000203,0.999962,0.003771,-0.007816,0.000092
1591913721795572,9.999813,3.000754,10.000213,0.999962,0.003799,-0.007881,0.000117
1591913721833023,9.999828,3.000678,10.000205,0.999962,0.003797,-0.007892,0.000096
1591913721868411,10.000176,3.000638,9.999926,0.999962,0.003760,-0.007903,0.000080
1591913721901905,10.000367,3.000445,9.999784,0.999962,0.003766,-0.007883,0.000104
1591913721934914,10.001002,3.000009,9.999800,0.999962,0.003746,-0.007880,0.000068
1591913721997450,10.000457,3.000458,10.000483,0.999962,0.003713,-0.007906,0.000072
1591913722032305,9.999887,3.000555,10.000329,0.999962,0.003690,-0.007914,0.000026
1591913722068771,10.000080,3.000453,10.000257,0.999962,0.003689,-0.007909,-0.000011
1591913722129735,10.000422,3.000523,10.000163,0.999962,0.003727,-0.007865,-0.000015
1591913722195582,10.000396,3.000534,9.999902,0.999962,0.003732,-0.007891,0.000021
1591913722266250,10.000292,3.000790,9.999994,0.999962,0.003711,-0.007921,0.000055
1591913722331915,10.000309,3.000249,10.000219,0.999962,0.003688,-0.007922,0.000026
1591913722400970,10.000294,3.000444,10.000127,0.999962,0.003703,-0.007920,0.000025
1591913722436473,10.000873,3.000430,10.000032,0.999962,0.003721,-0.007907,0.000005
1591913722469953,10.000740,3.000449,9.999872,0.999962,0.003704,-0.007908,-0.000004
1591913722503605,10.000291,3.000569,10.000140,0.999962,0.003719,-0.007897,-0.000002
1591913722536273,10.000194,3.000810,10.000132,0.999962,0.003698,-0.007885,0.000012
1591913722570053,9.999990,3.000628,10.000198,0.999962,0.003707,-0.007886,0.000029
1591913722603231,9.999575,3.000755,10.000534,0.999961,0.003744,-0.007946,0.000047
1591913722664965,10.000243,3.000415,10.000282,0.999962,0.003722,-0.007898,0.000045
1591913722735319,10.000093,3.000529,10.000114,0.999962,0.003742,-0.007897,0.000030
1591913722774530,9.999861,3.000583,10.000225,0.999962,0.003750,-0.007886,0.000003
1591913722809221,9.999859,3.000764,10.000055,0.999962,0.003758,-0.007908,-0.000016
1591913722841798,9.999986,3.000669,10.000117,0.999962,0.003775,-0.007922,-0.000028
1591913722873445,10.000027,3.000979,10.000264,0.999962,0.003764,-0.007905,-0.000029
1591913722932811,10.000449,3.000442,10.000050,0.999961,0.003756,-0.007937,-0.000015
1591913722999906,10.000346,3.000365,10.000068,0.999962,0.003733,-0.007919,-0.000037
1591913723068108,10.000345,3.000478,10.000357,0.999962,0.003757,-0.007902,0.000005
1591913723136946,10.000594,3.000633,10.000402,0.999962,0.003737,-0.007904,-0.000001
1591913723173131,10.000067,3.000578,10.000510,0.999962,0.003688,-0.007854,0.000005
1591913723207350,10.000005,3.000550,10.000348,0.999962,0.003653,-0.007866,-0.000022
1591913723242128,9.999831,3.000740,10.000391,0.999963,0.003667,-0.007847,-0.000051
1591913723276437,10.000350,3.000386,10.000169,0.999963,0.003661,-0.007838,-0.000030
1591913723311643,10.000072,3.000932,10.000234,0.999962,0.003668,-0.007857,-0.000004
1591913723345976,9.999912,3.000830,10.000261,0.999963,0.003662,-0.007852,0.000008
1591913723401926,9.999648,3.000622,10.000178,0.999963,0.003680,-0.007837,0.000024
1591913723471356,9.999907,3.000610,9.999966,0.999963,0.003685,-0.007801,0.000044
1591913723507242,10.000157,3.000669,10.000335,0.999963,0.003684,-0.007831,0.000033
1591913723542128,10.000462,3.000559,10.000397,0.999962,0.003699,-0.007846,0.000017
1591913723603414,10.000453,3.000402,9.999990,0.999962,0.003687,-0.007852,0.000011
1591913723637916,10.000228,3.000717,10.000260,0.999962,0.003710,-0.007861,-0.000011
1591913723671475,9.999855,3.000754,10.000278,0.999962,0.003698,-0.007856,-0.000011
1591913723737221,9.999563,3.000881,10.000118,0.999962,0.003700,-0.007845,0.000022
1591913723771900,9.999703,3.000712,10.000303,0.999962,0.003699,-0.007846,-0.000002
1591913723804927,10.000079,3.000517,10.000266,0.999963,0.003694,-0.007820,0.000005
1591913723838293,10.000109,3.000620,10.000130,0.999963,0.003674,-0.007790,0.000018
1591913723871769,10.000616,3.000365,9.999865,0.999963,0.003674,-0.007761,0.000029
1591913723937397,9.999745,3.000671,10.000343,0.999963,0.003677,-0.007805,0.000018
1591913723971518,9.999605,3.000898,10.000117,0.999963,0.003698,-0.007835,0.000017
1591913724003979,9.999979,3.000746,9.999871,0.999963,0.003707,-0.007829,0.000023
1591913724078840,10.000216,3.000622,10.000182,0.999963,0.003713,-0.007823,0.000081
1591913724117310,10.000163,3.000649,10.000173,0.999963,0.003695,-0.007814,0.000094
1591913724154566,9.999784,3.001130,9.999983,0.999963,0.003696,-0.007824,0.000079
1591913724189616,9.999801,3.000745,10.000217,0.999963,0.003707,-0.007808,0.000067
1591913724223445,9.999979,3.000709,10.000195,0.999962,0.003742,-0.007837,0.000077
1591913724257880,9.999969,3.001255,10.000245,0.999962,0.003728,-0.007832,0.000065
1591913724292417,10.000007,3.000392,10.000104,0.999962,0.003743,-0.007849,0.000086
1591913724326584,10.000099,3.000306,10.000025,0.999962,0.003715,-0.007845,0.000074
1591913724361315,9.999945,3.000361,10.000242,0.999963,0.003707,-0.007813,0.000086
1591913724395501,9.999794,3.000524,10.000328,0.999962,0.003693,-0.007844,0.000076
1591913724428606,9.999269,3.000771,10.000772,0.999962,0.003667,-0.007881,0.000076
1591913724462926,9.999546,3.000542,10.000581,0.999962,0.003669,-0.007862,0.000096
1591913724495984,9.999785,3.000686,10.000237,0.999962,0.003677,-0.007851,0.000090
1591913724529482,10.000093,3.000630,10.000057,0.999963,0.003676,-0.007829,0.000076
1591913724562974,10.000329,3.000594,10.000247,0.999963,0.003664,-0.007835,0.000092
1591913724596427,10.000130,3.000400,10.000134,0.999962,0.003671,-0.007886,0.000118
1591913724629346,10.000057,3.000408,10.000144,0.999962,0.003663,-0.007884,0.000106
1591913724671795,9.999774,3.000651,10.000374,0.999962,0.003676,-0.007898,0.000109
1591913724745552,9.999519,3.000763,10.000157,0.999963,0.003639,-0.007840,0.000123
1591913724810632,9.999730,3.000822,10.000051,0.999963,0.003643,-0.007822,0.000122
1591913724845623,9.999494,3.000840,10.000278,0.999963,0.003627,-0.007849,0.000134
1591913724878811,9.999614,3.000755,10.000412,0.999963,0.003605,-0.007852,0.000104
1591913724912511,9.999591,3.000811,10.000403,0.999962,0.003599,-0.007884,0.000098
1591913724944901,9.999051,3.000926,10.000716,0.999963,0.003613,-0.007863,0.000103
1591913725007789,9.999344,3.000707,10.000431,0.999963,0.003622,-0.007792,0.000124
1591913725077196,9.999258,3.000842,10.000354,0.999963,0.003641,-0.007762,0.000126
1591913725112669,9.999450,3.000838,10.000273,0.999963,0.003643,-0.007766,0.000150
1591913725147404,9.999340,3.001078,10.000266,0.999963,0.003643,-0.007802,0.000138
1591913725210281,9.999732,3.000751,10.000344,0.999963,0.003655,-0.007847,0.000120
1591913725246352,10.000044,3.000532,10.000247,0.999963,0.003634,-0.007857,0.000083
1591913725281854,10.000206,3.000829,10.000033,0.999963,0.003666,-0.007832,0.000073
1591913725315246,10.000069,3.000756,10.000114,0.999963,0.003662,-0.007837,0.000089
1591913725351662,9.999987,3.000962,10.000087,0.999963,0.003662,-0.007846,0.000069
1591913725390444,9.999765,3.001019,10.000107,0.999963,0.003634,-0.007851,0.000057
1591913725427452,10.000016,3.000376,10.000306,0.999962,0.003654,-0.007866,0.000034
1591913725462197,10.000139,3.000358,10.000076,0.999962,0.003675,-0.007868,0.000032
1591913725494531,10.000050,3.000488,10.000306,0.999962,0.003664,-0.007886,0.000043
1591913725527119,9.999756,3.000400,10.000331,0.999962,0.003679,-0.007881,0.000012
1591913725558676,9.999784,3.000610,10.000446,0.999962,0.003685,-0.007878,0.000009
1591913725609550,9.999634,3.000896,10.000436,0.999962,0.003666,-0.007855,0.000029
1591913725641960,9.999971,3.000966,10.000153,0.999962,0.003670,-0.007875,0.000032
1591913725675866,10.000025,3.000685,10.000474,0.999962,0.003675,-0.007882,0.000051
1591913725708856,10.000368,3.000405,10.000242,0.999962,0.003693,-0.007879,0.000034
1591913725742140,10.000120,3.000665,10.000827,0.999962,0.003679,-0.007910,0.000049
1591913725775847,10.000002,3.000634,10.000463,0.999962,0.003720,-0.007921,0.000085
1591913725811709,10.000028,3.000669,10.000045,0.999962,0.003694,-0.007913,0.000079
1591913725878398,9.999498,3.000930,10.000415,0.999962,0.003695,-0.007936,0.000041
1591913725947987,9.999954,3.000985,10.000402,0.999962,0.003682,-0.007919,0.000044
1591913725983481,10.000154,3.000658,10.000359,0.999962,0.003693,-0.007911,0.000037
1591913726016503,9.999849,3.000713,10.000412,0.999962,0.003692,-0.007922,0.000047
1591913726052497,10.000085,3.000687,10.000085,0.999962,0.003670,-0.007949,0.000034
1591913726089004,9.999945,3.001276,10.000065,0.999962,0.003677,-0.007938,0.000011
1591913726123750,10.000404,2.999936,10.000057,0.999962,0.003659,-0.007926,0.000027
1591913726158643,10.000396,3.000301,10.000048,0.999962,0.003701,-0.007905,0.000002
1591913726215201,10.000138,3.000530,10.000481,0.999962,0.003672,-0.007904,0.000030
1591913726250641,10.000021,3.001016,10.000235,0.999962,0.003648,-0.007917,0.000050
1591913726285286,9.999969,3.000761,10.000268,0.999962,0.003665,-0.007914,0.000053
1591913726349515,10.000048,3.000705,10.000033,0.999962,0.003668,-0.007877,0.000066
1591913726414045,9.999537,3.000835,10.000369,0.999962,0.003675,-0.007891,0.000069
1591913726448510,9.999768,3.001132,10.000159,0.999962,0.003697,-0.007889,0.000062
1591913726481148,9.999654,3.000922,10.000428,0.999962,0.003692,-0.007939,0.000036
1591913726514949,9.999946,3.000781,10.000569,0.999962,0.003738,-0.007909,0.000043
1591913726547336,10.000365,3.000730,10.000221,0.999961,0.003759,-0.007941,0.000029
1591913726580751,10.000477,3.000602,10.000451,0.999961,0.003749,-0.007941,0.000014
1591913726614034,10.000029,3.000643,10.000487,0.999962,0.003735,-0.007941,0.000025
1591913726647158,9.999995,3.000661,10.000544,0.999961,0.003717,-0.007949,0.000014
1591913726681008,9.999704,3.000859,10.000647,0.999962,0.003715,-0.007909,0.000018
1591913726714562,9.999522,3.001027,10.000467,0.999962,0.003715,-0.007885,-0.000009
1591913726747272,10.000099,3.000962,10.000011,0.999962,0.003746,-0.007852,-0.000002
1591913726780330,10.000304,3.000982,9.999888,0.999962,0.003761,-0.007861,0.000015
1591913726814913,10.000786,3.000380,9.999998,0.999962,0.003739,-0.007878,0.000011
1591913726883875,10.000463,3.000860,10.000094,0.999962,0.003722,-0.007887,0.000061
1591913726918703,10.000033,3.000718,10.000282,0.999962,0.003697,-0.007874,0.000081
1591913726951204,10.000557,3.000760,9.999988,0.999962,0.003695,-0.007861,0.000062
1591913727021921,9.999497,3.000983,10.000397,0.999962,0.003671,-0.007857,0.000067
1591913727085384,9.999920,3.001103,10.000019,0.999962,0.003676,-0.007874,0.000071
1591913727152452,10.000658,3.000175,10.000074,0.999962,0.003713,-0.007879,0.000046
1591913727190432,10.000228,3.000260,10.000241,0.999962,0.003686,-0.007857,0.000054
1591913727224870,10.000240,3.000695,10.000280,0.999962,0.003683,-0.007856,0.000057
1591913727284916,9.999701,3.000722,10.000314,0.999963,0.003661,-0.007819,0.000061
1591913727320713,9.999652,3.000911,10.000221,0.999963,0.003679,-0.007791,0.000074
1591913727358707,9.999917,3.000441,10.000034,0.999963,0.003673,-0.007810,0.000051
1591913727394858,10.000348,3.000385,10.000156,0.999963,0.003711,-0.007827,0.000063
1591913727431081,10.000083,3.000426,10.000092,0.999963,0.003718,-0.007802,0.000072
1591913727485245,9.999957,3.000810,10.000437,0.999962,0.003696,-0.007857,0.000035
1591913727519405,9.999984,3.001076,10.000150,0.999963,0.003710,-0.007830,0.000057
1591913727554825,10.000138,3.000293,10.000165,0.999962,0.003745,-0.007862,0.000075
1591913727621171,10.000131,3.000674,10.000125,0.999962,0.003702,-0.007845,0.000085
1591913727658299,9.999537,3.000837,10.000506,0.999962,0.003709,-0.007852,0.000062
1591913727691129,10.000026,3.000365,10.000154,0.999963,0.003719,-0.007810,0.000040
1591913727725672,10.000041,3.000459,10.000019,0.999962,0.003739,-0.007837,0.000045
1591913727758242,10.000114,3.000521,10.000181,0.999962,0.003728,-0.007822,0.000040
1591913727791860,10.000037,3.000431,10.000306,0.999963,0.003703,-0.007833,0.000018
1591913727824565,10.000177,3.000247,10.000211,0.999962,0.003713,-0.007835,0.000017
1591913727857089,9.999995,3.000330,10.000208,0.999963,0.003691,-0.007824,0.000003
1591913727889873,10.000053,3.000314,10.000154,0.999963,0.003712,-0.007828,0.000004
1591913727922866,10.000037,3.000754,10.000136,0.999963,0.003708,-0.007806,0.000020
1591913727956397,10.000887,3.000597,9.999864,0.999963,0.003726,-0.007801,0.000003
1591913728022015,10.000283,3.000926,10.000166,0.999963,0.003691,-0.007757,0.000003
1591913728058975,10.000543,3.000623,9.999760,0.999963,0.003714,-0.007741,-0.000004
1591913728093311,10.000182,3.000623,10.000055,0.999963,0.003690,-0.007750,0.000055
1591913728128097,10.000311,3.000359,9.999990,0.999963,0.003669,-0.007732,0.000043
1591913728163563,10.000139,3.000381,10.000127,0.999963,0.003670,-0.007748,0.000054
1591913728198617,9.999780,3.000427,10.000321,0.999963,0.003674,-0.007743,0.000044
1591913728232403,9.999955,3.000702,10.000133,0.999963,0.003695,-0.007742,0.000025
1591913728266336,9.999565,3.000700,10.000519,0.999963,0.003680,-0.007776,0.000026
1591913728300200,9.999985,3.000435,10.000242,0.999963,0.003699,-0.007752,0.000031
1591913728334043,10.000049,3.000395,10.000175,0.999963,0.003711,-0.007750,0.000014
1591913728369028,10.000026,3.000483,10.000159,0.999963,0.003698,-0.007756,0.000028
1591913728403657,10.000453,3.000293,10.000083,0.999963,0.003681,-0.007724,0.000018
1591913728437475,10.000099,3.000512,10.000264,0.999963,0.003683,-0.007742,0.000052
1591913728472969,9.999661,3.000623,10.000422,0.999963,0.003694,-0.007766,0.000031
1591913728507571,10.000026,3.000615,10.000193,0.999963,0.003696,-0.007756,0.000066
1591913728542673,10.000121,3.000433,10.000117,0.999963,0.003669,-0.007732,0.000087
1591913728577827,9.999849,3.000923,10.000058,0.999964,0.003650,-0.007728,0.000075
1591913728623421,9.999981,3.000531,10.000081,0.999964,0.003628,-0.007739,0.000081
1591913728658646,9.999871,3.000393,10.000149,0.999963,0.003644,-0.007745,0.000079
1591913728692347,10.000107,3.000306,10.000417,0.999964,0.003651,-0.007726,0.000077
1591913728725780,9.999761,3.000405,10.000330,0.999963,0.003687,-0.007711,0.000064
1591913728758554,10.000007,3.000617,10.000213,0.999964,0.003679,-0.007696,0.000073
1591913728791228,9.999907,3.000480,10.000116,0.999964,0.003666,-0.007697,0.000056
1591913728824563,9.999875,3.000430,10.000268,0.999964,0.003649,-0.007705,0.000081
1591913728857519,9.999835,3.000859,10.000297,0.999964,0.003650,-0.007694,0.000090
1591913728892335,9.999551,3.000806,10.000318,0.999963,0.003663,-0.007742,0.000047
1591913728958577,9.999870,3.000390,10.000043,0.999963,0.003649,-0.007748,0.000061
1591913729027474,10.000035,3.000262,10.000313,0.999963,0.003648,-0.007790,0.000029
1591913729064877,10.000081,3.000278,10.000083,0.999963,0.003626,-0.007779,0.000092
1591913729100627,10.000082,3.000278,10.000148,0.999963,0.003642,-0.007807,0.000079
1591913729135216,10.000091,3.000674,10.000151,0.999963,0.003624,-0.007785,0.000093
1591913729170007,10.000252,3.000597,9.999985,0.999963,0.003614,-0.007809,0.000079
1591913729205361,9.999796,3.000497,10.000255,0.999963,0.003597,-0.007822,0.000095
1591913729241868,9.999582,3.000806,10.000597,0.999963,0.003621,-0.007855,0.000104
1591913729280253,10.000241,3.000717,10.000111,0.999963,0.003635,-0.007785,0.000116
1591913729315158,9.999626,3.000713,10.000477,0.999963,0.003621,-0.007783,0.000103
1591913729352732,9.999372,3.000881,10.000272,0.999963,0.003624,-0.007775,0.000125
1591913729388054,9.999235,3.001008,10.000387,0.999963,0.003624,-0.007767,0.000108
1591913729426315,9.999792,3.000355,10.000172,0.999963,0.003626,-0.007810,0.000106
