1592806609852052,5.000010,1.000527,4.999659,0.999968,-0.002566,-0.007567,0.000091
1592806609908876,5.000019,1.000290,4.999667,0.999968,-0.002589,-0.007518,0.000102
1592806609954447,5.000033,1.000571,4.999707,0.999968,-0.002599,-0.007533,0.000082
1592806609996133,5.000014,1.000132,4.999633,0.999968,-0.002618,-0.007504,0.000090
1592806610040077,5.000002,1.000322,4.999614,0.999969,-0.002607,-0.007495,0.000058
1592806610085756,5.000035,1.000472,4.999549,0.999969,-0.002581,-0.007498,0.000078
1592806610132671,5.000055,1.000840,4.999669,0.999968,-0.002578,-0.007539,0.000072
1592806610176419,5.000022,1.000268,4.999557,0.999969,-0.002580,-0.007480,0.000109
1592806610225145,5.000017,1.000597,4.999629,0.999969,-0.002606,-0.007465,0.000098
1592806610266160,5.000016,1.000140,4.999572,0.999969,-0.002608,-0.007467,0.000107
1592806610307136,5.000003,1.000229,4.999597,0.999969,-0.002630,-0.007440,0.000108
1592806610356456,4.999992,1.000631,4.999501,0.999969,-0.002629,-0.007414,0.000134
1592806610404453,5.000012,1.000203,4.999546,0.999969,-0.002633,-0.007415,0.000105
1592806610452547,4.999991,1.000464,4.999602,0.999969,-0.002656,-0.007401,0.000104
1592806610502542,4.999999,1.000188,4.999611,0.999969,-0.002620,-0.007407,0.000110
1592806610548703,4.999979,1.000485,4.999583,0.999969,-0.002631,-0.007386,0.000091
1592806610591805,4.999985,1.000548,4.999647,0.999969,-0.002634,-0.007395,0.000099
1592806610634327,4.999979,1.000160,4.999505,0.999969,-0.002613,-0.007397,0.000102
1592806610675676,5.000021,1.000221,4.999536,0.999969,-0.002643,-0.007385,0.000104
1592806610716106,5.000018,1.000323,4.999242,0.999970,-0.002648,-0.007320,0.000087
1592806610758181,5.000049,1.000539,4.999591,0.999969,-0.002615,-0.007413,0.000105
1592806610801074,5.000002,1.000157,4.999629,0.999969,-0.002620,-0.007391,0.000099
1592806610842561,4.999991,1.000278,4.999538,0.999969,-0.002620,-0.007384,0.000133
1592806610883853,5.000000,1.000388,4.999129,0.999970,-0.002623,-0.007308,0.000122
1592806610926932,5.000023,1.000510,4.999553,0.999969,-0.002635,-0.007399,0.000147
1592806610966458,4.999995,1.000097,4.999540,0.999969,-0.002631,-0.007417,0.000133
1592806611010481,4.999997,1.000212,4.999223,0.999970,-0.002659,-0.007309,0.000160
1592806611057951,4.999999,1.000430,4.999633,0.999969,-0.002646,-0.007394,0.000152
1592806611106835,4.999994,1.000180,4.999559,0.999969,-0.002642,-0.007373,0.000148
1592806611154272,5.000005,1.000495,4.999635,0.999969,-0.002629,-0.007374,0.000122
1592806611199549,5.000029,1.000125,4.999514,0.999970,-0.002622,-0.007342,0.000119
1592806611242184,5.000044,1.000172,4.999517,0.999970,-0.002630,-0.007341,0.000106
1592806611285774,5.000032,1.000394,4.999520,0.999969,-0.002610,-0.007386,0.000085
1592806611331955,5.000036,1.000618,4.999564,0.999969,-0.002619,-0.007364,0.000104
1592806611379010,5.000003,1.000314,4.999511,0.999970,-0.002627,-0.007331,0.000094
1592806611421713,5.000002,1.000435,4.999529,0.999970,-0.002627,-0.007346,0.000113
1592806611462887,5.000034,1.000530,4.999476,0.999969,-0.002638,-0.007364,0.000102
1592806611505590,5.000009,1.000165,4.999506,0.999969,-0.002650,-0.007372,0.000093
1592806611551709,4.999993,1.000370,4.999490,0.999969,-0.002640,-0.007352,0.000095
1592806611602218,4.999998,1.000087,4.999520,0.999970,-0.002658,-0.007330,0.000083
1592806611649023,5.000018,1.000411,4.999515,0.999970,-0.002630,-0.007329,0.000079
1592806611694701,5.000010,1.000543,4.999530,0.999970,-0.002647,-0.007318,0.000115
1592806611739802,5.000034,1.000135,4.999448,0.999970,-0.002653,-0.007314,0.000118
1592806611792269,5.000001,1.000552,4.999560,0.999969,-0.002649,-0.007367,0.000114
1592806611840608,5.000032,1.000148,4.999510,0.999969,-0.002657,-0.007365,0.000086
1592806611893236,5.000011,1.000547,4.999554,0.999969,-0.002637,-0.007359,0.000067
1592806611937949,5.000029,1.000178,4.999546,0.999969,-0.002657,-0.007379,0.000043
1592806611984867,5.000041,1.000435,4.999514,0.999969,-0.002648,-0.007372,0.000066
1592806612027993,4.999999,1.000012,4.999476,0.999969,-0.002653,-0.007387,0.000067
1592806612073033,5.000033,1.000184,4.999470,0.999969,-0.002635,-0.007374,0.000052
1592806612116667,4.999999,1.000314,4.999475,0.999969,-0.002645,-0.007410,0.000066
1592806612160760,5.000005,1.000494,4.999485,0.999969,-0.002653,-0.007433,0.000066
1592806612206616,5.000032,1.000080,4.999418,0.999969,-0.002634,-0.007413,0.000054
1592806612252485,5.000021,1.000336,4.999546,0.999969,-0.002639,-0.007429,0.000058
1592806612300002,5.000024,1.000043,4.999514,0.999969,-0.002631,-0.007436,0.000053
1592806612345611,5.000009,1.000216,4.999405,0.999969,-0.002625,-0.007433,0.000065
1592806612392025,5.000010,1.000454,4.999426,0.999969,-0.002596,-0.007436,0.000067
1592806612438744,5.000003,1.000135,4.999432,0.999969,-0.002641,-0.007413,0.000055
1592806612488336,4.999996,1.000503,4.999382,0.999969,-0.002637,-0.007417,0.000077
1592806612541795,5.000021,1.000147,4.999472,0.999969,-0.002656,-0.007419,0.000067
1592806612589697,5.000041,1.000367,4.999530,0.999969,-0.002647,-0.007401,0.000060
1592806612638463,5.000010,1.000128,4.999463,0.999969,-0.002656,-0.007392,0.000036
1592806612686573,5.000023,1.000440,4.999526,0.999969,-0.002643,-0.007395,0.000053
1592806612734934,5.000034,1.000038,4.999475,0.999969,-0.002656,-0.007384,0.000100
1592806612783069,5.000004,1.000288,4.999516,0.999969,-0.002628,-0.007402,0.000065
1592806612831010,5.000007,1.000602,4.999433,0.999969,-0.002634,-0.007396,0.000049
1592806612878372,5.000014,1.000237,4.999514,0.999969,-0.002635,-0.007386,0.000075
1592806612924844,5.000010,1.000363,4.999382,0.999969,-0.002644,-0.007413,0.000057
1592806612972114,5.000014,1.000181,4.999555,0.999969,-0.002649,-0.007439,0.000092
1592806613019024,5.000006,1.000357,4.999513,0.999969,-0.002640,-0.007460,0.000096
1592806613065907,5.000015,0.999989,4.999501,0.999969,-0.002656,-0.007476,0.000087
1592806613112870,4.999985,1.000183,4.999547,0.999969,-0.002647,-0.007450,0.000112
1592806613159653,4.999978,1.000401,4.999476,0.999969,-0.002647,-0.007430,0.000121
1592806613206088,5.000002,1.000030,4.999075,0.999969,-0.002654,-0.007391,0.000111
1592806613252755,5.000063,1.000330,4.999505,0.999969,-0.002673,-0.007447,0.000111
1592806613309328,5.000000,1.000158,4.999540,0.999969,-0.002696,-0.007448,0.000088
1592806613364482,5.000023,1.000405,4.999033,0.999969,-0.002670,-0.007403,0.000085
1592806613413881,5.000010,1.000246,4.999474,0.999969,-0.002650,-0.007455,0.000092
1592806613462976,5.000017,0.999998,4.999498,0.999969,-0.002669,-0.007443,0.000116
1592806613508124,4.999992,1.000148,4.999457,0.999969,-0.002672,-0.007429,0.000100
1592806613552490,5.000020,1.000361,4.999460,0.999969,-0.002655,-0.007445,0.000099
1592806613597636,5.000014,1.000048,4.999455,0.999969,-0.002657,-0.007443,0.000088
1592806613646287,5.000013,1.000206,4.999440,0.999969,-0.002667,-0.007440,0.000102
1592806613698826,4.999991,1.000461,4.999523,0.999969,-0.002663,-0.007455,0.000093
1592806613745872,5.000010,1.000178,4.999489,0.999969,-0.002676,-0.007452,0.000084
1592806613788971,4.999998,1.000418,4.999394,0.999969,-0.002684,-0.007442,0.000081
1592806613832495,5.000005,0.999986,4.999426,0.999969,-0.002694,-0.007465,0.000073
1592806613874993,5.000031,1.000121,4.999443,0.999969,-0.002695,-0.007456,0.000065
1592806613918732,4.999999,1.000267,4.999482,0.999969,-0.002692,-0.007465,0.000114
1592806613962044,4.999999,1.000401,4.999463,0.999969,-0.002685,-0.007460,0.000123
1592806614005365,5.000024,1.000066,4.999356,0.999969,-0.002659,-0.007462,0.000099
1592806614050702,5.000021,1.000306,4.999522,0.999969,-0.002657,-0.007447,0.000109
1592806614096514,5.000042,1.000539,4.999525,0.999969,-0.002652,-0.007465,0.000092
1592806614141922,5.000011,1.000178,4.999555,0.999969,-0.002669,-0.007448,0.000116
1592806614189841,4.999999,1.000326,4.999536,0.999969,-0.002658,-0.007423,0.000131
1592806614246117,5.000026,1.000230,4.999464,0.999969,-0.002642,-0.007429,0.000122
1592806614297071,5.000010,0.999990,4.999402,0.999969,-0.002647,-0.007426,0.000130
1592806614347447,5.000030,1.000223,4.999516,0.999969,-0.002653,-0.007415,0.000100
1592806614393139,5.000049,1.000407,4.999437,0.999969,-0.002665,-0.007438,0.000066
1592806614440112,5.000022,1.000095,4.999439,0.999969,-0.002685,-0.007448,0.000067
1592806614486384,5.000024,1.000386,4.999491,0.999969,-0.002678,-0.007464,0.000075
1592806614532484,5.000046,1.000533,4.999383,0.999969,-0.002662,-0.007443,0.000087
1592806614577790,5.000033,1.000187,4.999428,0.999969,-0.002659,-0.007442,0.000116
1592806614624001,5.000029,1.000333,4.999500,0.999969,-0.002680,-0.007428,0.000147
1592806614671247,5.000009,1.000034,4.999028,0.999969,-0.002686,-0.007397,0.000151
1592806614717234,5.000031,1.000253,4.999328,0.999969,-0.002676,-0.007438,0.000165
1592806614763268,4.999973,1.000537,4.999468,0.999969,-0.002688,-0.007429,0.000177
1592806614809861,4.999975,1.000137,4.999497,0.999969,-0.002672,-0.007454,0.000179
1592806614859187,4.999966,1.000295,4.999476,0.999969,-0.002664,-0.007441,0.000158
1592806614915668,5.000022,1.000266,4.999454,0.999969,-0.002671,-0.007434,0.000144
1592806614965319,5.000009,1.000039,4.999373,0.999969,-0.002696,-0.007433,0.000145
1592806615011864,5.000024,1.000167,4.999432,0.999969,-0.002696,-0.007428,0.000120
1592806615057421,5.000017,1.000301,4.999458,0.999969,-0.002694,-0.007409,0.000122
1592806615104069,5.000009,1.000071,4.999460,0.999969,-0.002699,-0.007410,0.000132
1592806615150277,4.999976,1.000176,4.999054,0.999969,-0.002702,-0.007384,0.000154
1592806615197429,4.999988,0.999907,4.999184,0.999969,-0.002730,-0.007393,0.000157
1592806615244893,5.000039,1.000062,4.999439,0.999969,-0.002729,-0.007413,0.000174
1592806615292061,5.000008,1.000417,4.999494,0.999969,-0.002729,-0.007426,0.000168
1592806615339514,4.999991,1.000056,4.999480,0.999969,-0.002728,-0.007442,0.000164
1592806615387179,5.000010,1.000248,4.999556,0.999969,-0.002725,-0.007427,0.000102
1592806615434068,5.000023,0.999970,4.999362,0.999969,-0.002732,-0.007448,0.000129
1592806615487243,5.000006,1.000204,4.999455,0.999969,-0.002731,-0.007452,0.000097
1592806615539227,5.000028,0.999982,4.999444,0.999968,-0.002742,-0.007473,0.000108
1592806615595184,5.000001,0.999983,4.999393,0.999968,-0.002700,-0.007478,0.000111
1592806615647058,5.000015,1.000146,4.999418,0.999969,-0.002695,-0.007448,0.000093
1592806615693772,5.000020,1.000295,4.999503,0.999969,-0.002694,-0.007435,0.000095
1592806615739464,5.000031,1.000003,4.999490,0.999969,-0.002678,-0.007435,0.000125
1592806615785220,5.000043,1.000218,4.999517,0.999969,-0.002666,-0.007423,0.000107
1592806615830411,5.000009,0.999949,4.999418,0.999969,-0.002659,-0.007425,0.000120
1592806615875630,5.000009,1.000096,4.999464,0.999969,-0.002663,-0.007403,0.000140
1592806615925767,4.999983,1.000351,4.999434,0.999969,-0.002624,-0.007422,0.000106
1592806615975272,5.000022,1.000122,4.999434,0.999969,-0.002630,-0.007456,0.000066
1592806616020792,5.000037,1.000268,4.999492,0.999969,-0.002661,-0.007458,0.000084
1592806616065618,5.000004,0.999941,4.999465,0.999969,-0.002694,-0.007455,0.000080
1592806616111707,5.000024,1.000082,4.999383,0.999969,-0.002676,-0.007453,0.000104
1592806616159401,5.000017,1.000483,4.999365,0.999968,-0.002705,-0.007474,0.000080
1592806616205623,5.000031,1.000018,4.999407,0.999969,-0.002683,-0.007470,0.000085
1592806616251353,5.000036,1.000208,4.999516,0.999968,-0.002668,-0.007484,0.000065
1592806616297677,5.000016,0.999967,4.999423,0.999968,-0.002691,-0.007474,0.000076
1592806616343394,4.999986,1.000048,4.999402,0.999969,-0.002679,-0.007453,0.000095
1592806616390213,5.000032,1.000314,4.999482,0.999969,-0.002679,-0.007456,0.000045
1592806616436714,5.000047,0.999951,4.999369,0.999969,-0.002677,-0.007474,0.000074
1592806616482419,5.000061,1.000121,4.999567,0.999968,-0.002680,-0.007472,0.000075
1592806616529021,5.000007,1.000470,4.999489,0.999968,-0.002704,-0.007478,0.000051
1592806616576138,5.000018,1.000190,4.999523,0.999968,-0.002701,-0.007486,0.000040
1592806616623568,5.000014,1.000195,4.999525,0.999968,-0.002671,-0.007510,0.000021
1592806616673458,5.000054,1.000017,4.999422,0.999968,-0.002651,-0.007518,0.000026
1592806616725510,5.000034,1.000284,4.999500,0.999968,-0.002661,-0.007497,0.000062
1592806616774916,5.000010,1.000090,4.999499,0.999969,-0.002669,-0.007471,0.000056
1592806616826504,5.000018,1.000293,4.999431,0.999969,-0.002663,-0.007475,0.000055
1592806616875078,5.000010,1.000036,4.999370,0.999969,-0.002679,-0.007429,0.000065
1592806616932192,5.000030,1.000403,4.999430,0.999969,-0.002664,-0.007452,0.000042
1592806616985802,5.000032,1.000217,4.999449,0.999969,-0.002661,-0.007468,0.000053
1592806617040593,5.000024,1.000058,4.999450,0.999969,-0.002644,-0.007442,0.000071
1592806617097308,5.000017,1.000355,4.999438,0.999968,-0.002630,-0.007498,0.000056
1592806617148508,5.000022,1.000185,4.999426,0.999969,-0.002629,-0.007466,0.000056
1592806617200619,5.000038,1.000003,4.999542,0.999969,-0.002633,-0.007487,0.000056
1592806617251871,5.000021,1.000192,4.999569,0.999969,-0.002621,-0.007488,0.000069
1592806617300179,5.000013,0.999949,4.999473,0.999969,-0.002644,-0.007466,0.000065
1592806617349487,5.000006,1.000196,4.999444,0.999969,-0.002647,-0.007472,0.000093
1592806617402343,5.000044,0.999962,4.999382,0.999969,-0.002657,-0.007459,0.000093
1592806617456271,5.000000,1.000208,4.999421,0.999969,-0.002651,-0.007440,0.000070
1592806617507440,5.000025,1.000022,4.999344,0.999969,-0.002645,-0.007453,0.000085
1592806617555155,5.000042,1.000226,4.999567,0.999969,-0.002643,-0.007442,0.000096
1592806617602011,5.000023,0.999900,4.999447,0.999969,-0.002686,-0.007430,0.000110
1592806617650535,5.000022,1.000174,4.999412,0.999969,-0.002703,-0.007454,0.000152
1592806617702215,5.000006,0.999954,4.999384,0.999969,-0.002681,-0.007455,0.000149
1592806617752855,5.000004,1.000131,4.999401,0.999969,-0.002700,-0.007445,0.000137
1592806617802312,5.000023,0.999951,4.999370,0.999969,-0.002705,-0.007459,0.000120
1592806617850370,5.000029,1.000127,4.999467,0.999968,-0.002698,-0.007467,0.000119
1592806617898943,5.000015,0.999985,4.999401,0.999969,-0.002700,-0.007466,0.000130
1592806617945286,5.000031,1.000126,4.999416,0.999969,-0.002696,-0.007439,0.000130
1592806617992112,5.000027,1.000232,4.999432,0.999969,-0.002721,-0.007418,0.000152
1592806618039080,5.000009,1.000006,4.999398,0.999969,-0.002710,-0.007432,0.000132
1592806618085620,5.000014,1.000204,4.999479,0.999969,-0.002694,-0.007433,0.000153
1592806618135369,5.000023,1.000009,4.999396,0.999969,-0.002700,-0.007432,0.000158
1592806618183979,5.000010,1.000156,4.999372,0.999969,-0.002717,-0.007423,0.000112
1592806618232730,5.000040,0.999946,4.999403,0.999969,-0.002706,-0.007447,0.000100
1592806618281103,5.000014,1.000080,4.999389,0.999969,-0.002705,-0.007457,0.000116
1592806618328837,5.000006,0.999886,4.999364,0.999969,-0.002729,-0.007436,0.000126
1592806618376944,5.000018,0.999966,4.999452,0.999969,-0.002720,-0.007426,0.000111
1592806618425850,5.000029,1.000292,4.999514,0.999969,-0.002718,-0.007439,0.000123
1592806618474083,5.000007,1.000014,4.999394,0.999969,-0.002723,-0.007416,0.000116
1592806618522833,4.999974,1.000143,4.998997,0.999969,-0.002725,-0.007374,0.000127
1592806618569258,5.000021,0.999976,4.999392,0.999969,-0.002680,-0.007396,0.000123
1592806618619871,5.000009,1.000208,4.999444,0.999969,-0.002688,-0.007374,0.000124
1592806618677087,5.000002,1.000079,4.999465,0.999969,-0.002704,-0.007381,0.000122
1592806618728243,4.999978,1.000300,4.999362,0.999969,-0.002688,-0.007417,0.000107
1592806618784585,5.000022,1.000154,4.999374,0.999969,-0.002680,-0.007400,0.000128
1592806618837353,5.000021,0.999988,4.999403,0.999969,-0.002714,-0.007377,0.000120
1592806618889424,5.000008,1.000215,4.999438,0.999969,-0.002678,-0.007401,0.000117
1592806618943502,5.000004,1.000051,4.999441,0.999969,-0.002691,-0.007406,0.000104
1592806618990608,5.000025,1.000187,4.999579,0.999969,-0.002688,-0.007413,0.000096
1592806619035589,4.999996,0.999927,4.999443,0.999969,-0.002677,-0.007431,0.000088
1592806619080804,4.999995,1.000105,4.999419,0.999969,-0.002660,-0.007428,0.000087
1592806619126541,5.000024,1.000183,4.999408,0.999969,-0.002654,-0.007422,0.000100
1592806619172407,5.000016,0.999970,4.999343,0.999969,-0.002680,-0.007429,0.000127
1592806619220034,5.000015,1.000073,4.999346,0.999969,-0.002686,-0.007392,0.000137
1592806619266771,5.000004,0.999984,4.999435,0.999969,-0.002696,-0.007398,0.000133
1592806619313662,5.000001,1.000050,4.999352,0.999969,-0.002706,-0.007392,0.000137
1592806619360934,4.999977,1.000203,4.999424,0.999969,-0.002702,-0.007423,0.000139
1592806619407700,5.000013,1.000017,4.999442,0.999969,-0.002695,-0.007416,0.000085
1592806619453399,5.000027,1.000159,4.999414,0.999969,-0.002705,-0.007411,0.000095
1592806619503392,5.000014,0.999964,4.999386,0.999969,-0.002705,-0.007414,0.000083
1592806619559091,4.999986,1.000201,4.999485,0.999969,-0.002713,-0.007431,0.000069
1592806619608931,5.000046,0.999978,4.999391,0.999969,-0.002699,-0.007455,0.000057
1592806619659097,5.000073,1.000111,4.999294,0.999969,-0.002695,-0.007450,0.000037
1592806619710824,5.000020,0.999997,4.999425,0.999969,-0.002711,-0.007453,0.000083
1592806619767328,5.000017,0.999981,4.999435,0.999968,-0.002704,-0.007464,0.000083
1592806619818192,5.000056,1.000121,4.999413,0.999969,-0.002700,-0.007451,0.000117
1592806619867555,5.000019,0.999947,4.999419,0.999968,-0.002685,-0.007489,0.000112
1592806619915823,5.000013,1.000048,4.999396,0.999969,-0.002673,-0.007478,0.000109
1592806619964054,5.000013,1.000304,4.999316,0.999968,-0.002704,-0.007489,0.000120
1592806620013566,5.000016,0.999995,4.999365,0.999968,-0.002693,-0.007480,0.000078
1592806620061718,5.000026,0.999873,4.999436,0.999968,-0.002708,-0.007473,0.000078
1592806620111673,5.000041,1.000043,4.999465,0.999968,-0.002707,-0.007497,0.000062
1592806620159389,5.000026,1.000159,4.999378,0.999968,-0.002713,-0.007487,0.000093
1592806620208312,5.000011,0.999989,4.999390,0.999968,-0.002705,-0.007483,0.000108
1592806620261766,5.000001,1.000339,4.999440,0.999968,-0.002698,-0.007508,0.000117
1592806620315432,5.000016,1.000037,4.999359,0.999968,-0.002686,-0.007480,0.000100
1592806620366819,5.000003,0.999873,4.998972,0.999968,-0.002702,-0.007485,0.000122
1592806620418827,5.000032,1.000075,4.999359,0.999968,-0.002716,-0.007494,0.000090
1592806620472683,5.000038,0.999965,4.999461,0.999968,-0.002678,-0.007516,0.000082
1592806620525910,5.000037,1.000288,4.999458,0.999968,-0.002670,-0.007511,0.000092
1592806620580602,5.000017,1.000056,4.999371,0.999968,-0.002684,-0.007486,0.000111
1592806620635022,5.000021,0.999889,4.999416,0.999968,-0.002706,-0.007490,0.000105
1592806620687855,5.000022,1.000090,4.999399,0.999968,-0.002695,-0.007492,0.000137
1592806620740219,5.000027,0.999971,4.999364,0.999968,-0.002728,-0.007503,0.000131
1592806620792800,5.000006,1.000192,4.999435,0.999968,-0.002719,-0.007553,0.000111
1592806620845186,5.000034,1.000030,4.999373,0.999968,-0.002705,-0.007529,0.000141
1592806620897194,5.000040,1.000264,4.999412,0.999968,-0.002713,-0.007527,0.000149
1592806620949152,4.999990,1.000038,4.999406,0.999968,-0.002715,-0.007529,0.000157
1592806621002787,5.000035,0.999912,4.999416,0.999968,-0.002758,-0.007505,0.000156
1592806621054269,5.000023,1.000103,4.999422,0.999968,-0.002746,-0.007500,0.000167
1592806621104972,5.000009,0.999904,4.999379,0.999968,-0.002730,-0.007502,0.000148
1592806621159117,5.000009,1.000190,4.999415,0.999968,-0.002755,-0.007517,0.000150
1592806621215741,5.000026,1.000104,4.999448,0.999968,-0.002723,-0.007518,0.000102
1592806621266918,5.000016,0.999909,4.999423,0.999968,-0.002729,-0.007500,0.000122
1592806621317808,5.000006,1.000130,4.999358,0.999968,-0.002717,-0.007510,0.000093
1592806621369048,5.000059,0.999875,4.999391,0.999968,-0.002685,-0.007501,0.000104
1592806621418634,5.000042,1.000118,4.999434,0.999968,-0.002701,-0.007476,0.000115
1592806621471279,5.000007,0.999945,4.999444,0.999968,-0.002689,-0.007475,0.000101
1592806621520319,5.000029,1.000100,4.999402,0.999969,-0.002675,-0.007476,0.000104
1592806621576635,5.000037,1.000021,4.999274,0.999969,-0.002665,-0.007476,0.000133
1592806621631994,5.000028,0.999902,4.999376,0.999969,-0.002653,-0.007481,0.000134
1592806621680722,5.000016,1.000054,4.999435,0.999969,-0.002671,-0.007467,0.000156
1592806621729236,4.999985,1.000238,4.999351,0.999969,-0.002674,-0.007454,0.000142
1592806621777484,5.000031,0.999994,4.999447,0.999969,-0.002696,-0.007470,0.000157
1592806621826132,5.000018,1.000169,4.999401,0.999968,-0.002674,-0.007485,0.000152
1592806621874621,5.000026,0.999929,4.999374,0.999969,-0.002683,-0.007470,0.000116
1592806621923083,5.000038,1.000198,4.999364,0.999969,-0.002682,-0.007453,0.000123
1592806621971718,5.000029,0.999931,4.999436,0.999969,-0.002696,-0.007466,0.000110
1592806622018103,5.000034,1.000080,4.999362,0.999968,-0.002703,-0.007464,0.000099
1592806622067588,5.000012,0.999913,4.999419,0.999969,-0.002708,-0.007462,0.000100
1592806622118639,4.999985,1.000073,4.999477,0.999969,-0.002707,-0.007464,0.000107
1592806622169513,5.000025,0.999922,4.999426,0.999969,-0.002700,-0.007456,0.000096
1592806622218243,5.000019,1.000006,4.998966,0.999969,-0.002700,-0.007458,0.000109
1592806622267714,5.000020,0.999898,4.999477,0.999968,-0.002710,-0.007492,0.000115
1592806622316102,4.999989,1.000094,4.999516,0.999968,-0.002706,-0.007496,0.000125
1592806622366130,4.999989,0.999866,4.999314,0.999968,-0.002718,-0.007473,0.000105
1592806622419036,5.000028,1.000059,4.999380,0.999968,-0.002731,-0.007462,0.000109
1592806622480541,5.000025,0.999992,4.999388,0.999969,-0.002731,-0.007451,0.000141
1592806622538460,5.000026,0.999925,4.999341,0.999968,-0.002712,-0.007464,0.000120
1592806622592504,5.000032,1.000152,4.999357,0.999968,-0.002708,-0.007467,0.000124
1592806622649680,5.000027,1.000099,4.999437,0.999969,-0.002688,-0.007456,0.000113
1592806622706203,5.000026,0.999956,4.999497,0.999968,-0.002689,-0.007478,0.000085
1592806622757170,5.000024,1.000123,4.999475,0.999968,-0.002682,-0.007504,0.000082
1592806622807551,5.000021,0.999884,4.999339,0.999968,-0.002708,-0.007464,0.000110
1592806622859282,5.000043,1.000165,4.999400,0.999968,-0.002687,-0.007502,0.000097
1592806622915464,5.000051,0.999936,4.999054,0.999968,-0.002688,-0.007492,0.000081
1592806622965632,5.000022,0.999904,4.999476,0.999968,-0.002709,-0.007512,0.000074
1592806623011153,5.000004,1.000064,4.999521,0.999968,-0.002694,-0.007542,0.000050
1592806623057294,5.000007,1.000149,4.999403,0.999968,-0.002709,-0.007539,0.000087
1592806623104628,5.000011,0.999894,4.999368,0.999968,-0.002720,-0.007547,0.000078
1592806623153134,5.000031,0.999989,4.999369,0.999968,-0.002729,-0.007505,0.000082
1592806623200740,5.000038,0.999957,4.999338,0.999968,-0.002740,-0.007497,0.000089
1592806623248578,5.000008,0.999993,4.999426,0.999968,-0.002735,-0.007489,0.000091
1592806623298380,4.999998,0.999880,4.999337,0.999968,-0.002738,-0.007468,0.000092
1592806623346896,5.000036,1.000007,4.999424,0.999968,-0.002732,-0.007495,0.000102
1592806623395388,5.000039,1.000208,4.999381,0.999968,-0.002733,-0.007508,0.000100
1592806623443671,5.000010,0.999979,4.999430,0.999968,-0.002701,-0.007521,0.000108
1592806623491794,5.000001,1.000180,4.999338,0.999968,-0.002705,-0.007501,0.000124
1592806623540115,5.000002,0.999936,4.999359,0.999968,-0.002684,-0.007537,0.000113
1592806623587160,5.000004,1.000023,4.999381,0.999968,-0.002697,-0.007520,0.000103
1592806623635412,5.000032,0.999893,4.999427,0.999968,-0.002693,-0.007534,0.000094
1592806623682737,5.000015,1.000038,4.999441,0.999968,-0.002729,-0.007540,0.000077
1592806623729390,5.000016,1.000183,4.999445,0.999968,-0.002730,-0.007529,0.000085
1592806623776353,5.000014,0.999947,4.999386,0.999968,-0.002724,-0.007522,0.000094
1592806623822803,5.000038,1.000072,4.999273,0.999968,-0.002725,-0.007490,0.000080
1592806623869781,5.000036,0.999953,4.999388,0.999968,-0.002746,-0.007522,0.000099
1592806623916584,5.000038,0.999966,4.999310,0.999968,-0.002767,-0.007494,0.000073
1592806623963202,5.000025,0.999847,4.999394,0.999968,-0.002751,-0.007496,0.000098
1592806624010110,5.000029,0.999979,4.999341,0.999968,-0.002763,-0.007490,0.000119
1592806624057094,5.000032,1.000060,4.999327,0.999968,-0.002757,-0.007469,0.000127
1592806624104496,5.000038,0.999881,4.999368,0.999968,-0.002728,-0.007493,0.000110
1592806624152910,5.000024,1.000110,4.999353,0.999968,-0.002709,-0.007506,0.000127
1592806624201345,5.000012,0.999900,4.999441,0.999968,-0.002729,-0.007508,0.000140
1592806624249536,5.000016,1.000048,4.999394,0.999968,-0.002751,-0.007490,0.000142
1592806624298788,5.000013,0.999874,4.999403,0.999968,-0.002760,-0.007503,0.000130
1592806624346757,5.000002,0.999951,4.999449,0.999968,-0.002711,-0.007497,0.000098
1592806624394961,5.000000,1.000185,4.999344,0.999968,-0.002731,-0.007510,0.000074
1592806624443317,5.000037,0.999998,4.999391,0.999968,-0.002734,-0.007563,0.000103
1592806624491376,4.999994,1.000118,4.999329,0.999968,-0.002754,-0.007533,0.000086
1592806624539111,5.000036,0.999942,4.999400,0.999968,-0.002750,-0.007544,0.000092
1592806624586574,5.000013,1.000114,4.999438,0.999968,-0.002758,-0.007549,0.000078
1592806624635636,5.000055,0.999848,4.999320,0.999968,-0.002757,-0.007528,0.000078
1592806624687358,5.000062,1.000022,4.999483,0.999968,-0.002768,-0.007515,0.000089
1592806624742300,5.000007,1.000047,4.999506,0.999968,-0.002774,-0.007516,0.000107
1592806624803471,5.000017,0.999892,4.999386,0.999968,-0.002742,-0.007546,0.000090
1592806624856523,5.000016,1.000109,4.999457,0.999968,-0.002770,-0.007556,0.000116
1592806624917487,5.000013,1.000059,4.999391,0.999968,-0.002752,-0.007519,0.000129
1592806624978093,5.000003,1.000010,4.999480,0.999968,-0.002764,-0.007501,0.000133
1592806625030774,5.000023,1.000125,4.999422,0.999968,-0.002730,-0.007489,0.000126
1592806625085397,5.000002,1.000162,4.999414,0.999968,-0.002701,-0.007510,0.000099
1592806625144273,5.000022,0.999963,4.999383,0.999968,-0.002716,-0.007507,0.000105
1592806625203944,5.000012,0.999941,4.999440,0.999968,-0.002710,-0.007515,0.000103
1592806625258150,5.000007,1.000150,4.999522,0.999968,-0.002706,-0.007511,0.000121
1592806625312224,5.000025,0.999990,4.999387,0.999968,-0.002716,-0.007492,0.000159
1592806625371323,4.999995,0.999924,4.999370,0.999968,-0.002705,-0.007474,0.000151
1592806625431890,5.000017,0.999897,4.999403,0.999969,-0.002728,-0.007457,0.000144
1592806625486934,5.000029,1.000138,4.999402,0.999969,-0.002717,-0.007456,0.000151
1592806625542410,5.000034,0.999915,4.999371,0.999968,-0.002741,-0.007459,0.000154
1592806625599253,5.000025,0.999867,4.999378,0.999968,-0.002735,-0.007490,0.000164
1592806625654861,5.000010,1.000024,4.999426,0.999968,-0.002764,-0.007476,0.000147
1592806625709613,5.000027,0.999937,4.999409,0.999968,-0.002746,-0.007478,0.000168
1592806625764531,5.000011,1.000180,4.999443,0.999968,-0.002741,-0.007462,0.000166
1592806625817207,5.000026,1.000095,4.999398,0.999968,-0.002746,-0.007474,0.000187
1592806625870224,4.999995,0.999842,4.999303,0.999968,-0.002748,-0.007492,0.000199
1592806625922654,5.000005,1.000123,4.999298,0.999968,-0.002749,-0.007496,0.000168
1592806625976606,4.999987,1.000029,4.999476,0.999968,-0.002760,-0.007513,0.000184
1592806626030028,4.999988,1.000108,4.999449,0.999968,-0.002731,-0.007505,0.000163
1592806626087005,5.000028,1.000082,4.999349,0.999968,-0.002762,-0.007514,0.000176
1592806626146187,5.000002,0.999994,4.999308,0.999968,-0.002749,-0.007543,0.000147
1592806626201841,5.000069,0.999857,4.999302,0.999968,-0.002743,-0.007544,0.000144
1592806626257437,5.000059,1.000166,4.999410,0.999968,-0.002695,-0.007565,0.000141
1592806626312946,5.000031,1.000012,4.999400,0.999968,-0.002702,-0.007577,0.000135
1592806626368441,5.000020,0.999860,4.999382,0.999968,-0.002717,-0.007594,0.000129
1592806626424115,5.000018,1.000121,4.999440,0.999967,-0.002693,-0.007612,0.000129
1592806626479736,5.000025,0.999954,4.999353,0.999968,-0.002711,-0.007584,0.000105
1592806626535411,5.000017,1.000261,4.999431,0.999968,-0.002678,-0.007595,0.000123
1592806626591218,5.000027,1.000109,4.999374,0.999968,-0.002678,-0.007611,0.000100
1592806626646216,5.000027,0.999971,4.999391,0.999968,-0.002696,-0.007605,0.000106
1592806626700223,4.999998,0.999828,4.999432,0.999967,-0.002700,-0.007625,0.000072
1592806626750175,4.999993,0.999952,4.999452,0.999967,-0.002706,-0.007646,0.000050
1592806626797224,5.000026,0.999831,4.999438,0.999967,-0.002725,-0.007619,0.000059
1592806626844122,5.000036,0.999959,4.999393,0.999967,-0.002745,-0.007612,0.000054
1592806626891824,5.000015,1.000028,4.999371,0.999967,-0.002721,-0.007603,0.000041
1592806626940678,5.000065,0.999909,4.999371,0.999967,-0.002726,-0.007597,0.000037
1592806626987200,5.000073,1.000004,4.999488,0.999967,-0.002730,-0.007632,0.000036
1592806627033874,5.000027,0.999849,4.999415,0.999967,-0.002751,-0.007597,0.000052
1592806627080346,5.000028,0.999925,4.998991,0.999968,-0.002764,-0.007538,0.000076
1592806627128600,5.000069,1.000025,4.999338,0.999968,-0.002767,-0.007565,0.000072
1592806627183431,5.000014,0.999995,4.999480,0.999968,-0.002728,-0.007556,0.000092
1592806627233180,5.000014,0.999858,4.999398,0.999968,-0.002738,-0.007544,0.000093
1592806627282232,5.000026,0.999956,4.999431,0.999968,-0.002751,-0.007556,0.000071
1592806627332561,5.000043,1.000063,4.999363,0.999968,-0.002733,-0.007571,0.000065
1592806627385289,5.000022,1.000001,4.999481,0.999968,-0.002724,-0.007580,0.000064
1592806627437056,5.000028,0.999866,4.999411,0.999967,-0.002726,-0.007594,0.000056
1592806627486087,5.000014,1.000099,4.999401,0.999968,-0.002748,-0.007577,0.000077
1592806627535198,5.000021,0.999918,4.999353,0.999968,-0.002758,-0.007573,0.000077
1592806627583077,5.000027,1.000024,4.999490,0.999968,-0.002769,-0.007569,0.000042
1592806627632555,5.000030,0.999836,4.999323,0.999968,-0.002728,-0.007576,0.000057
1592806627687298,5.000038,0.999978,4.999296,0.999968,-0.002740,-0.007556,0.000093
1592806627743130,5.000026,0.999926,4.999446,0.999968,-0.002741,-0.007556,0.000098
1592806627793512,5.000006,1.000083,4.999512,0.999968,-0.002761,-0.007574,0.000132
1592806627843846,5.000045,0.999882,4.999359,0.999968,-0.002731,-0.007570,0.000096
1592806627897003,5.000028,1.000184,4.999415,0.999967,-0.002728,-0.007590,0.000103
1592806627947290,5.000040,0.999924,4.999338,0.999968,-0.002733,-0.007575,0.000087
1592806627995306,5.000012,1.000109,4.999606,0.999968,-0.002721,-0.007593,0.000065
1592806628043545,5.000032,0.999923,4.999428,0.999968,-0.002717,-0.007582,0.000110
1592806628093274,5.000020,1.000104,4.999563,0.999968,-0.002719,-0.007578,0.000120
1592806628142626,5.000035,0.999923,4.999373,0.999968,-0.002750,-0.007568,0.000087
1592806628196218,5.000024,1.000118,4.999294,0.999968,-0.002738,-0.007572,0.000082
1592806628253393,5.000044,0.999995,4.999392,0.999968,-0.002739,-0.007529,0.000102
1592806628304588,5.000016,0.999940,4.999423,0.999968,-0.002752,-0.007549,0.000103
1592806628357169,4.999997,1.000020,4.999437,0.999968,-0.002705,-0.007535,0.000149
1592806628409026,5.000021,0.999910,4.999262,0.999968,-0.002704,-0.007537,0.000128
1592806628456613,5.000003,1.000023,4.999352,0.999968,-0.002719,-0.007529,0.000122
1592806628503750,5.000020,0.999769,4.999038,0.999968,-0.002720,-0.007550,0.000111
1592806628552092,5.000065,0.999987,4.999373,0.999968,-0.002751,-0.007582,0.000109
1592806628600873,5.000013,0.999847,4.999399,0.999967,-0.002763,-0.007583,0.000116
1592806628653596,5.000012,0.999996,4.999379,0.999967,-0.002756,-0.007591,0.000108
1592806628701319,5.000043,0.999778,4.999308,0.999968,-0.002744,-0.007553,0.000108
1592806628749339,5.000027,0.999916,4.999322,0.999968,-0.002721,-0.007531,0.000100
1592806628797405,5.000018,0.999826,4.999370,0.999968,-0.002738,-0.007528,0.000107
1592806628847064,5.000018,0.999966,4.999404,0.999968,-0.002770,-0.007520,0.000117
1592806628900115,5.000015,0.999866,4.999426,0.999968,-0.002750,-0.007524,0.000079
1592806628954921,5.000020,1.000044,4.999285,0.999968,-0.002747,-0.007508,0.000095
1592806629005301,5.000028,0.999880,4.999389,0.999968,-0.002790,-0.007514,0.000107
1592806629056138,5.000002,1.000042,4.999404,0.999968,-0.002776,-0.007534,0.000104
1592806629102057,5.000009,0.999897,4.999431,0.999968,-0.002745,-0.007541,0.000082
1592806629148686,5.000014,0.999996,4.999410,0.999968,-0.002743,-0.007550,0.000109
1592806629195725,5.000034,1.000190,4.999384,0.999968,-0.002698,-0.007572,0.000127
1592806629242707,5.000036,0.999929,4.999386,0.999968,-0.002697,-0.007544,0.000115
1592806629295510,5.000018,1.000086,4.999349,0.999968,-0.002691,-0.007565,0.000117
1592806629343116,5.000009,0.999910,4.999426,0.999968,-0.002721,-0.007564,0.000145
1592806629391877,5.000011,1.000133,4.999483,0.999968,-0.002743,-0.007516,0.000146
1592806629441100,5.000026,0.999930,4.999426,0.999968,-0.002741,-0.007545,0.000154
1592806629490318,5.000009,1.000105,4.999344,0.999968,-0.002730,-0.007556,0.000148
1592806629539345,5.000017,0.999846,4.999387,0.999968,-0.002736,-0.007542,0.000165
1592806629586493,5.000013,0.999996,4.999405,0.999968,-0.002726,-0.007562,0.000140
1592806629634566,5.000021,0.999848,4.999436,0.999968,-0.002723,-0.007572,0.000140
1592806629683883,5.000001,0.999948,4.999454,0.999968,-0.002748,-0.007574,0.000130
1592806629737508,5.000014,0.999800,4.999382,0.999968,-0.002731,-0.007583,0.000130
1592806629795283,5.000018,1.000051,4.999348,0.999968,-0.002754,-0.007574,0.000122
1592806629846373,5.000060,0.999893,4.999325,0.999968,-0.002740,-0.007558,0.000107
1592806629898632,5.000024,0.999845,4.999422,0.999968,-0.002754,-0.007574,0.000128
1592806629946858,5.000005,0.999974,4.999356,0.999968,-0.002762,-0.007561,0.000137
1592806629993370,5.000010,1.000101,4.999443,0.999968,-0.002789,-0.007524,0.000128
1592806630046077,5.000030,0.999905,4.999387,0.999968,-0.002832,-0.007524,0.000141
1592806630103426,5.000030,0.999865,4.999338,0.999968,-0.002821,-0.007513,0.000126
1592806630159196,5.000035,1.000095,4.999411,0.999968,-0.002843,-0.007491,0.000096
1592806630214372,5.000022,0.999832,4.998956,0.999968,-0.002819,-0.007473,0.000148
1592806630269335,5.000020,0.999892,4.999365,0.999968,-0.002800,-0.007476,0.000130
1592806630319643,5.000016,1.000013,4.999401,0.999968,-0.002804,-0.007473,0.000124
1592806630369025,5.000029,0.999875,4.999387,0.999968,-0.002761,-0.007531,0.000105
1592806630416644,5.000010,0.999923,4.999313,0.999968,-0.002766,-0.007549,0.000082
1592806630465251,5.000018,0.999790,4.999305,0.999968,-0.002765,-0.007533,0.000064
1592806630514944,5.000028,0.999860,4.999286,0.999968,-0.002783,-0.007546,0.000062
1592806630563002,5.000054,1.000148,4.999381,0.999968,-0.002792,-0.007545,0.000095
1592806630612669,5.000031,1.000004,4.999370,0.999968,-0.002789,-0.007559,0.000098
1592806630660975,5.000040,1.000001,4.999496,0.999968,-0.002774,-0.007564,0.000088
1592806630708365,5.000034,0.999889,4.999290,0.999968,-0.002756,-0.007577,0.000115
1592806630755347,5.000042,0.999985,4.999298,0.999967,-0.002766,-0.007585,0.000101
1592806630802423,5.000023,0.999842,4.999361,0.999968,-0.002770,-0.007559,0.000094
1592806630848229,5.000030,1.000047,4.999386,0.999967,-0.002784,-0.007573,0.000092
1592806630893956,5.000035,1.000072,4.999289,0.999967,-0.002774,-0.007586,0.000100
1592806630939812,5.000032,0.999869,4.999372,0.999967,-0.002775,-0.007593,0.000094
1592806630986383,5.000030,0.999960,4.999415,0.999967,-0.002788,-0.007583,0.000096
1592806631032599,5.000045,0.999807,4.999359,0.999967,-0.002792,-0.007598,0.000084
1592806631080582,5.000016,0.999976,4.999372,0.999967,-0.002809,-0.007619,0.000081
1592806631128151,5.000029,1.000144,4.999497,0.999967,-0.002812,-0.007595,0.000098
1592806631175029,5.000000,0.999844,4.999331,0.999967,-0.002800,-0.007601,0.000080
1592806631221971,5.000024,0.999970,4.999447,0.999967,-0.002794,-0.007599,0.000083
1592806631269202,5.000022,0.999766,4.999275,0.999967,-0.002788,-0.007625,0.000093
1592806631316808,5.000023,0.999939,4.999407,0.999967,-0.002800,-0.007611,0.000092
1592806631363722,4.999985,1.000136,4.999512,0.999967,-0.002786,-0.007619,0.000091
1592806631410503,5.000012,0.999889,4.999447,0.999967,-0.002785,-0.007630,0.000073
1592806631457241,5.000039,0.999991,4.999378,0.999967,-0.002788,-0.007640,0.000080
1592806631503963,5.000026,0.999790,4.999285,0.999967,-0.002743,-0.007612,0.000106
1592806631552021,4.999992,1.000017,4.999406,0.999967,-0.002744,-0.007632,0.000093
1592806631600509,5.000035,0.999859,4.999368,0.999967,-0.002697,-0.007647,0.000114
1592806631647368,5.000007,0.999935,4.999348,0.999967,-0.002723,-0.007616,0.000140
1592806631694794,4.999990,1.000078,4.999474,0.999967,-0.002734,-0.007621,0.000134
1592806631742145,5.000013,0.999876,4.999344,0.999968,-0.002734,-0.007577,0.000119
1592806631789756,4.999981,0.999957,4.998976,0.999968,-0.002737,-0.007562,0.000132
1592806631838362,5.000036,0.999915,4.999444,0.999967,-0.002743,-0.007600,0.000152
1592806631886700,5.000021,1.000010,4.999471,0.999967,-0.002765,-0.007592,0.000127
1592806631935446,5.000036,0.999787,4.999379,0.999967,-0.002758,-0.007618,0.000120
1592806631983901,5.000005,0.999970,4.999406,0.999967,-0.002739,-0.007648,0.000093
1592806632030765,5.000006,0.999931,4.998952,0.999967,-0.002737,-0.007640,0.000110
1592806632077811,5.000009,0.999896,4.999414,0.999967,-0.002752,-0.007638,0.000111
1592806632125554,5.000002,1.000001,4.999507,0.999967,-0.002733,-0.007632,0.000113
1592806632173460,5.000036,0.999910,4.999397,0.999967,-0.002758,-0.007612,0.000125
1592806632222289,5.000011,1.000018,4.999420,0.999967,-0.002743,-0.007649,0.000091
1592806632271101,5.000041,0.999798,4.999417,0.999967,-0.002735,-0.007647,0.000109
1592806632325243,5.000023,0.999985,4.999418,0.999967,-0.002741,-0.007602,0.000113
1592806632373625,5.000001,0.999858,4.999363,0.999967,-0.002740,-0.007608,0.000151
1592806632423050,5.000012,1.000077,4.999423,0.999967,-0.002753,-0.007619,0.000175
1592806632472167,5.000001,0.999874,4.999323,0.999967,-0.002749,-0.007635,0.000189
1592806632520628,5.000017,0.999957,4.999346,0.999967,-0.002753,-0.007619,0.000206
1592806632568964,5.000013,0.999791,4.999335,0.999967,-0.002755,-0.007633,0.000190
1592806632616448,5.000016,0.999969,4.999312,0.999967,-0.002738,-0.007628,0.000169
1592806632663466,5.000038,0.999790,4.999391,0.999967,-0.002743,-0.007667,0.000142
1592806632710925,5.000024,0.999931,4.999428,0.999967,-0.002721,-0.007667,0.000117
1592806632764306,5.000026,1.000069,4.999449,0.999967,-0.002720,-0.007680,0.000147
1592806632823108,5.000042,1.000069,4.999364,0.999967,-0.002708,-0.007643,0.000110
1592806632878108,5.000028,0.999858,4.999345,0.999967,-0.002718,-0.007645,0.000130
1592806632927930,5.000003,1.000067,4.999386,0.999967,-0.002697,-0.007655,0.000137
1592806632976935,5.000033,0.999931,4.999362,0.999967,-0.002715,-0.007619,0.000119
1592806633024765,5.000039,0.999986,4.999417,0.999967,-0.002705,-0.007641,0.000104
1592806633072319,5.000030,0.999869,4.999386,0.999967,-0.002706,-0.007618,0.000109
1592806633120194,5.000009,0.999955,4.999370,0.999967,-0.002710,-0.007648,0.000109
1592806633169650,5.000033,0.999834,4.999387,0.999967,-0.002750,-0.007653,0.000111
1592806633219019,5.000031,0.999879,4.999385,0.999967,-0.002731,-0.007630,0.000144
1592806633268852,5.000003,0.999843,4.999393,0.999967,-0.002736,-0.007625,0.000124
1592806633319908,5.000011,0.999975,4.999437,0.999967,-0.002724,-0.007620,0.000125
1592806633371001,5.000010,0.999886,4.999363,0.999967,-0.002715,-0.007603,0.000128
1592806633421709,5.000021,0.999971,4.999388,0.999967,-0.002736,-0.007592,0.000111
1592806633472941,5.000038,0.999892,4.999363,0.999967,-0.002725,-0.007627,0.000118
1592806633532190,5.000021,0.999828,4.999368,0.999967,-0.002735,-0.007627,0.000116
1592806633590144,5.000034,0.999974,4.999426,0.999967,-0.002738,-0.007627,0.000123
1592806633643236,5.000029,0.999888,4.999285,0.999967,-0.002741,-0.007639,0.000091
1592806633695256,5.000008,1.000048,4.999324,0.999967,-0.002739,-0.007672,0.000061
1592806633742330,5.000041,0.999878,4.999380,0.999967,-0.002754,-0.007671,0.000072
1592806633791479,5.000043,0.999977,4.999423,0.999967,-0.002747,-0.007664,0.000079
1592806633840986,5.000041,0.999866,4.999369,0.999967,-0.002731,-0.007656,0.000082
1592806633890214,5.000017,1.000043,4.999405,0.999967,-0.002735,-0.007666,0.000069
1592806633939204,5.000031,0.999885,4.999419,0.999967,-0.002745,-0.007656,0.000092
1592806633988337,5.000054,1.000005,4.999333,0.999967,-0.002760,-0.007658,0.000099
1592806634037575,5.000032,0.999841,4.999360,0.999967,-0.002792,-0.007630,0.000096
1592806634086663,5.000012,0.999988,4.999413,0.999967,-0.002807,-0.007627,0.000094
1592806634134770,5.000026,0.999841,4.999331,0.999967,-0.002809,-0.007619,0.000076
1592806634182683,5.000026,0.999890,4.999379,0.999967,-0.002794,-0.007642,0.000081
1592806634230214,5.000017,0.999773,4.999343,0.999967,-0.002782,-0.007607,0.000102
1592806634278795,5.000005,0.999876,4.999332,0.999967,-0.002772,-0.007643,0.000103
1592806634326481,5.000058,1.000049,4.999418,0.999967,-0.002798,-0.007656,0.000080
1592806634374411,5.000018,0.999803,4.999411,0.999967,-0.002794,-0.007648,0.000083
1592806634420860,5.000027,0.999883,4.999352,0.999967,-0.002780,-0.007651,0.000059
1592806634467241,5.000027,0.999800,4.999363,0.999967,-0.002746,-0.007631,0.000060
1592806634512961,5.000009,0.999965,4.999410,0.999967,-0.002725,-0.007668,0.000066
1592806634559696,5.000015,1.000112,4.999394,0.999967,-0.002741,-0.007634,0.000062
1592806634606695,5.000028,0.999834,4.999284,0.999967,-0.002730,-0.007624,0.000061
1592806634653422,5.000071,1.000110,4.999375,0.999967,-0.002744,-0.007625,0.000071
1592806634699958,5.000025,0.999774,4.999361,0.999967,-0.002762,-0.007613,0.000045
1592806634747484,5.000040,0.999888,4.999475,0.999967,-0.002780,-0.007593,0.000039
1592806634793282,4.999994,0.999916,4.999031,0.999968,-0.002796,-0.007545,0.000061
1592806634839793,5.000030,0.999868,4.999445,0.999967,-0.002768,-0.007590,0.000051
1592806634884229,5.000036,0.999948,4.999475,0.999968,-0.002780,-0.007575,0.000067
1592806634929131,5.000039,0.999964,4.999356,0.999968,-0.002803,-0.007561,0.000082
1592806634974056,5.000032,0.999802,4.999296,0.999968,-0.002793,-0.007535,0.000087
1592806635018925,5.000041,0.999974,4.999384,0.999968,-0.002801,-0.007541,0.000108
1592806635064652,5.000033,0.999795,4.999334,0.999967,-0.002784,-0.007576,0.000116
1592806635111117,5.000029,0.999875,4.999348,0.999967,-0.002794,-0.007582,0.000123
1592806635157524,5.000004,0.999920,4.999357,0.999967,-0.002789,-0.007580,0.000101
1592806635205287,5.000051,0.999863,4.999397,0.999967,-0.002782,-0.007615,0.000096
1592806635253575,5.000033,0.999953,4.999335,0.999967,-0.002788,-0.007630,0.000082
1592806635301146,5.000051,0.999776,4.999304,0.999967,-0.002778,-0.007640,0.000096
1592806635347773,5.000029,0.999838,4.999387,0.999967,-0.002801,-0.007645,0.000093
1592806635395032,4.999988,1.000046,4.999252,0.999967,-0.002794,-0.007639,0.000103
1592806635442514,5.000017,0.999861,4.999334,0.999967,-0.002823,-0.007638,0.000136
1592806635491140,5.000022,0.999983,4.999382,0.999967,-0.002802,-0.007637,0.000144
1592806635538056,5.000028,0.999807,4.999338,0.999967,-0.002759,-0.007651,0.000140
1592806635584476,5.000020,0.999909,4.999390,0.999967,-0.002780,-0.007637,0.000132
1592806635630608,5.000009,0.999802,4.999358,0.999967,-0.002762,-0.007628,0.000139
1592806635677121,5.000007,0.999900,4.999295,0.999967,-0.002766,-0.007611,0.000150
1592806635725692,4.999987,0.999990,4.999411,0.999967,-0.002751,-0.007621,0.000157
1592806635772016,5.000024,0.999829,4.999357,0.999967,-0.002736,-0.007637,0.000150
1592806635818473,4.999998,0.999922,4.999352,0.999967,-0.002722,-0.007646,0.000117
1592806635864766,5.000036,0.999784,4.999391,0.999967,-0.002761,-0.007655,0.000098
1592806635910758,5.000026,0.999896,4.999399,0.999967,-0.002752,-0.007664,0.000101
1592806635958458,5.000019,1.000023,4.999380,0.999967,-0.002756,-0.007676,0.000121
1592806636009118,5.000013,0.999876,4.999370,0.999967,-0.002770,-0.007656,0.000117
1592806636055674,5.000028,1.000000,4.999326,0.999967,-0.002777,-0.007642,0.000156
1592806636102274,5.000018,0.999800,4.999368,0.999967,-0.002779,-0.007634,0.000169
1592806636148434,5.000013,0.999986,4.999416,0.999967,-0.002791,-0.007653,0.000188
1592806636195587,4.999985,0.999994,4.999339,0.999967,-0.002780,-0.007669,0.000191
1592806636243105,5.000008,0.999892,4.999351,0.999967,-0.002788,-0.007685,0.000171
1592806636290286,4.999998,0.999806,4.998914,0.999967,-0.002794,-0.007674,0.000190
1592806636338019,5.000019,0.999830,4.999432,0.999967,-0.002786,-0.007690,0.000149
1592806636385073,5.000019,0.999933,4.999482,0.999967,-0.002773,-0.007680,0.000134
1592806636432511,5.000031,0.999783,4.999274,0.999967,-0.002786,-0.007661,0.000126
1592806636480088,4.999992,0.999921,4.999419,0.999967,-0.002753,-0.007659,0.000131
1592806636527472,4.999980,0.999995,4.999402,0.999967,-0.002773,-0.007636,0.000120
1592806636575497,5.000015,0.999869,4.999374,0.999967,-0.002789,-0.007602,0.000131
1592806636623086,5.000004,1.000014,4.999377,0.999967,-0.002768,-0.007624,0.000121
1592806636671078,5.000020,0.999808,4.999376,0.999967,-0.002745,-0.007643,0.000162
1592806636718835,4.999999,0.999900,4.999433,0.999967,-0.002768,-0.007659,0.000179
1592806636765214,5.000023,0.999768,4.999343,0.999967,-0.002765,-0.007641,0.000150
1592806636812124,5.000039,0.999817,4.999356,0.999967,-0.002786,-0.007632,0.000143
1592806636857887,5.000043,0.999954,4.999316,0.999967,-0.002792,-0.007624,0.000153
1592806636904614,5.000003,0.999846,4.999405,0.999967,-0.002785,-0.007638,0.000113
1592806636950921,5.000028,0.999907,4.999378,0.999967,-0.002787,-0.007647,0.000101
1592806636997141,5.000042,1.000014,4.999398,0.999967,-0.002790,-0.007688,0.000091
1592806637043141,5.000041,0.999862,4.999275,0.999967,-0.002797,-0.007674,0.000079
1592806637088984,5.000036,0.999905,4.999294,0.999967,-0.002805,-0.007663,0.000085
1592806637135427,5.000027,0.999820,4.999395,0.999967,-0.002811,-0.007671,0.000071
1592806637182244,5.000007,0.999901,4.999431,0.999967,-0.002836,-0.007644,0.000088
1592806637229765,5.000010,0.999757,4.999351,0.999967,-0.002814,-0.007640,0.000084
1592806637278887,5.000003,0.999904,4.999409,0.999967,-0.002770,-0.007653,0.000085
1592806637326727,4.999988,0.999970,4.999328,0.999967,-0.002802,-0.007613,0.000087
1592806637373875,5.000017,0.999847,4.999357,0.999967,-0.002767,-0.007624,0.000100
1592806637422206,4.999998,0.999948,4.999316,0.999967,-0.002769,-0.007627,0.000062
1592806637469846,5.000038,0.999811,4.999358,0.999967,-0.002767,-0.007666,0.000058
1592806637517824,5.000022,0.999908,4.999423,0.999967,-0.002796,-0.007623,0.000053
1592806637564821,5.000041,0.999781,4.999384,0.999967,-0.002787,-0.007619,0.000054
1592806637613014,5.000046,0.999922,4.999402,0.999967,-0.002780,-0.007641,0.000073
1592806637668512,5.000012,0.999740,4.999307,0.999967,-0.002781,-0.007620,0.000098
1592806637720484,5.000010,0.999906,4.999406,0.999967,-0.002773,-0.007632,0.000057
1592806637767407,5.000019,0.999805,4.999283,0.999967,-0.002786,-0.007640,0.000049
1592806637814136,5.000008,0.999913,4.999359,0.999967,-0.002765,-0.007634,0.000072
1592806637860484,5.000007,1.000041,4.999393,0.999967,-0.002775,-0.007632,0.000080
1592806637906846,5.000015,0.999831,4.999314,0.999967,-0.002770,-0.007622,0.000078
1592806637953135,5.000040,0.999967,4.999394,0.999967,-0.002789,-0.007653,0.000068
1592806637998475,5.000030,0.999793,4.999368,0.999967,-0.002774,-0.007649,0.000111
1592806638046224,5.000021,0.999870,4.999352,0.999967,-0.002776,-0.007656,0.000105
1592806638093017,5.000011,1.000078,4.999370,0.999967,-0.002764,-0.007688,0.000097
1592806638139571,5.000020,0.999867,4.999367,0.999967,-0.002767,-0.007698,0.000095
1592806638185632,5.000033,0.999981,4.999465,0.999967,-0.002765,-0.007706,0.000081
1592806638232586,5.000047,0.999762,4.999352,0.999966,-0.002770,-0.007707,0.000076
1592806638281661,5.000060,0.999880,4.999321,0.999967,-0.002775,-0.007692,0.000070
1592806638329130,5.000048,0.999972,4.999238,0.999967,-0.002755,-0.007697,0.000072
1592806638377595,5.000030,0.999844,4.999314,0.999967,-0.002747,-0.007673,0.000074
1592806638424850,5.000026,0.999927,4.999345,0.999967,-0.002772,-0.007666,0.000086
1592806638472241,5.000014,0.999830,4.999462,0.999967,-0.002741,-0.007709,0.000086
1592806638519210,5.000022,0.999915,4.999429,0.999967,-0.002752,-0.007709,0.000115
1592806638565251,5.000039,1.000106,4.999360,0.999966,-0.002752,-0.007717,0.000117
1592806638611605,5.000040,0.999913,4.999319,0.999967,-0.002758,-0.007710,0.000098
1592806638658041,5.000043,0.999889,4.999185,0.999967,-0.002771,-0.007682,0.000077
1592806638704456,5.000026,0.999770,4.999332,0.999967,-0.002740,-0.007693,0.000092
1592806638751679,5.000029,0.999914,4.999405,0.999967,-0.002753,-0.007697,0.000075
1592806638797659,5.000019,0.999767,4.999381,0.999967,-0.002774,-0.007702,0.000082
1592806638843402,5.000033,0.999856,4.999359,0.999967,-0.002759,-0.007678,0.000094
1592806638889299,5.000006,0.999967,4.999306,0.999967,-0.002762,-0.007694,0.000107
1592806638935823,5.000011,0.999804,4.999375,0.999967,-0.002774,-0.007680,0.000093
1592806638982182,5.000031,0.999872,4.999349,0.999967,-0.002777,-0.007662,0.000063
1592806639029238,5.000031,0.999967,4.999462,0.999967,-0.002792,-0.007644,0.000081
1592806639078799,5.000028,0.999870,4.999292,0.999967,-0.002794,-0.007606,0.000090
1592806639127791,5.000034,0.999994,4.999404,0.999967,-0.002784,-0.007619,0.000116
1592806639174562,5.000022,0.999860,4.999390,0.999967,-0.002802,-0.007632,0.000097
1592806639223112,5.000012,0.999820,4.998998,0.999967,-0.002787,-0.007653,0.000122
1592806639269747,5.000032,0.999798,4.999364,0.999967,-0.002765,-0.007692,0.000092
1592806639317515,5.000046,0.999965,4.999385,0.999967,-0.002776,-0.007700,0.000083
1592806639364297,5.000044,1.000004,4.999450,0.999966,-0.002753,-0.007736,0.000084
1592806639412092,5.000051,0.999852,4.999342,0.999966,-0.002746,-0.007736,0.000097
1592806639459750,5.000033,0.999985,4.999329,0.999967,-0.002727,-0.007696,0.000089
1592806639507199,5.000036,0.999842,4.999304,0.999967,-0.002725,-0.007685,0.000111
1592806639554230,5.000006,0.999927,4.999461,0.999967,-0.002740,-0.007681,0.000103
1592806639601581,5.000045,0.999807,4.999367,0.999967,-0.002755,-0.007680,0.000110
1592806639649459,5.000010,0.999877,4.999253,0.999967,-0.002757,-0.007653,0.000088
1592806639721181,5.000025,0.999970,4.999404,0.999967,-0.002788,-0.007623,0.000089
1592806639768936,5.000025,0.999839,4.999351,0.999967,-0.002767,-0.007634,0.000097
1592806639818071,5.000026,0.999928,4.999352,0.999967,-0.002774,-0.007632,0.000108
1592806639866035,5.000055,0.999750,4.999321,0.999967,-0.002785,-0.007636,0.000107
1592806639913532,5.000033,0.999842,4.999415,0.999967,-0.002800,-0.007628,0.000117
1592806639962225,5.000000,1.000064,4.999437,0.999967,-0.002786,-0.007632,0.000112
1592806640011170,5.000022,0.999874,4.999409,0.999967,-0.002813,-0.007647,0.000104
1592806640060326,5.000058,1.000008,4.999430,0.999966,-0.002814,-0.007703,0.000116
1592806640120709,5.000037,0.999890,4.999401,0.999967,-0.002813,-0.007652,0.000138
1592806640182838,5.000015,0.999845,4.999366,0.999967,-0.002828,-0.007632,0.000152
1592806640240159,5.000005,0.999854,4.999292,0.999967,-0.002825,-0.007632,0.000122
1592806640295271,5.000029,0.999962,4.999395,0.999967,-0.002812,-0.007625,0.000124
1592806640358484,5.000017,0.999953,4.999356,0.999967,-0.002809,-0.007639,0.000092
1592806640413043,5.000027,0.999876,4.999360,0.999967,-0.002810,-0.007672,0.000077
1592806640465110,5.000011,0.999782,4.999344,0.999967,-0.002820,-0.007665,0.000078
1592806640516936,5.000018,0.999863,4.999320,0.999967,-0.002826,-0.007663,0.000101
1592806640567150,5.000018,0.999787,4.999306,0.999967,-0.002813,-0.007644,0.000113
1592806640617853,5.000036,0.999920,4.999429,0.999967,-0.002829,-0.007647,0.000102
1592806640667516,5.000007,0.999782,4.999300,0.999967,-0.002838,-0.007664,0.000125
1592806640716423,5.000016,0.999826,4.999360,0.999967,-0.002809,-0.007671,0.000132
1592806640766323,5.000049,0.999768,4.999273,0.999967,-0.002803,-0.007656,0.000153
