1591914494244528,9.999269,3.002083,9.999096,0.999950,0.001596,-0.009872,0.000183
1591914494300817,9.999349,3.001648,9.998984,0.999949,0.001587,-0.009963,0.000164
1591914494344425,9.999166,3.002157,9.999216,0.999948,0.001547,-0.010046,0.000162
1591914494382201,9.999248,3.002139,9.998540,0.999950,0.001550,-0.009860,0.000152
1591914494419277,9.999302,3.002377,9.999409,0.999948,0.001599,-0.010119,0.000109
1591914494457320,9.999509,3.002640,10.000630,0.999945,0.001623,-0.010371,0.000107
1591914494494443,9.999798,3.002735,10.000366,0.999946,0.001672,-0.010256,0.000102
1591914494537132,9.999280,3.001823,10.000274,0.999947,0.001586,-0.010183,0.000141
1591914494579309,9.998765,3.001852,9.999317,0.999950,0.001499,-0.009918,0.000142
1591914494623307,9.999381,3.002224,9.999142,0.999950,0.001625,-0.009897,0.000175
1591914494659095,9.999521,3.002452,9.998896,0.999950,0.001649,-0.009866,0.000204
1591914494695783,9.999246,3.001481,9.998970,0.999950,0.001569,-0.009898,0.000207
1591914494752242,9.999220,3.002428,9.998713,0.999950,0.001556,-0.009919,0.000224
1591914494814076,9.998962,3.001780,9.998638,0.999950,0.001499,-0.009936,0.000242
1591914494873756,9.998429,3.001678,9.997790,0.999951,0.001396,-0.009771,0.000236
1591914494933623,9.998659,3.001313,9.998913,0.999948,0.001529,-0.010080,0.000257
1591914494972590,9.998857,3.001690,9.999940,0.999946,0.001555,-0.010260,0.000214
1591914495011097,9.999050,3.001780,9.999846,0.999947,0.001559,-0.010179,0.000216
1591914495048580,9.999366,3.001739,9.999733,0.999948,0.001588,-0.010114,0.000192
1591914495086428,9.999407,3.002310,10.000340,0.999947,0.001579,-0.010181,0.000158
1591914495125177,9.999282,3.002372,9.999876,0.999948,0.001564,-0.010118,0.000170
1591914495161996,9.999556,3.001543,9.999970,0.999948,0.001618,-0.010102,0.000162
1591914495199182,9.999886,3.001144,9.999686,0.999949,0.001634,-0.010011,0.000154
1591914495236033,10.000178,3.001589,9.999356,0.999949,0.001695,-0.009990,0.000177
1591914495273606,9.999617,3.002067,10.000019,0.999948,0.001563,-0.010086,0.000150
1591914495312302,9.999667,3.002237,10.001164,0.999946,0.001568,-0.010259,0.000120
1591914495355550,9.999742,3.002508,10.000300,0.999948,0.001540,-0.010088,0.000109
1591914495394272,9.999445,3.002349,9.999815,0.999949,0.001488,-0.009995,0.000111
1591914495435495,9.999311,3.001757,9.999543,0.999949,0.001481,-0.009977,0.000105
1591914495477657,9.999578,3.001724,9.999032,0.999950,0.001525,-0.009926,0.000094
1591914495515308,9.999743,3.001959,9.999309,0.999949,0.001538,-0.009956,0.000092
1591914495553334,10.000049,3.001896,9.998794,0.999950,0.001592,-0.009910,0.000121
1591914495592036,10.000300,3.002375,9.999031,0.999949,0.001637,-0.009959,0.000112
1591914495628456,10.000002,3.001469,9.999394,0.999949,0.001598,-0.010013,0.000070
1591914495666370,9.999928,3.001485,9.999579,0.999948,0.001588,-0.010036,0.000102
1591914495714151,10.000072,3.001756,9.999880,0.999948,0.001585,-0.010070,0.000100
1591914495749669,10.000149,3.001949,9.999368,0.999949,0.001584,-0.009985,0.000094
1591914495784300,10.000443,3.002097,10.000614,0.999947,0.001623,-0.010148,0.000063
1591914495819861,9.999888,3.002149,9.999788,0.999949,0.001575,-0.010018,0.000089
1591914495854261,9.999890,3.002167,10.000005,0.999948,0.001577,-0.010049,0.000054
1591914495893105,9.999427,3.002199,9.999447,0.999949,0.001515,-0.009978,0.000075
1591914495927252,10.000061,3.001303,10.001347,0.999947,0.001604,-0.010199,0.000074
1591914495962299,10.000500,3.001374,10.000044,0.999949,0.001651,-0.009955,0.000086
1591914496017328,10.000599,3.001736,10.000125,0.999949,0.001648,-0.009971,0.000053
1591914496053020,10.000294,3.001983,9.999839,0.999949,0.001618,-0.009954,0.000066
1591914496090475,10.000479,3.001975,9.999440,0.999950,0.001635,-0.009911,0.000106
1591914496127393,9.999613,3.001077,9.999226,0.999950,0.001495,-0.009859,0.000123
1591914496162280,9.999582,3.000760,9.999932,0.999949,0.001503,-0.009979,0.000125
1591914496198729,9.999649,3.001100,9.999804,0.999949,0.001521,-0.009956,0.000089
1591914496232843,9.999877,3.001301,9.999760,0.999950,0.001526,-0.009937,0.000092
1591914496269251,10.000438,3.001524,9.999523,0.999950,0.001592,-0.009901,0.000078
1591914496315734,10.000508,3.001729,9.999514,0.999950,0.001561,-0.009883,0.000084
1591914496349716,10.000474,3.001411,9.999816,0.999950,0.001531,-0.009921,0.000050
1591914496381676,9.999670,3.001574,9.999193,0.999951,0.001451,-0.009820,0.000055
1591914496414116,9.999682,3.001366,9.999562,0.999951,0.001427,-0.009836,0.000055
1591914496447118,9.999907,3.001312,10.000065,0.999950,0.001444,-0.009892,0.000061
1591914496494502,9.999761,3.001068,9.999855,0.999950,0.001428,-0.009863,0.000088
1591914496527088,9.999754,3.002022,9.999928,0.999950,0.001426,-0.009855,0.000088
1591914496560197,9.999719,3.000833,10.000257,0.999950,0.001394,-0.009883,0.000082
1591914496592264,9.999719,3.001698,10.000386,0.999950,0.001381,-0.009900,0.000083
1591914496625136,9.999365,3.000781,9.999754,0.999951,0.001372,-0.009830,0.000098
1591914496658419,9.999305,3.001605,9.999778,0.999951,0.001365,-0.009838,0.000082
1591914496690963,9.999868,3.001927,10.000618,0.999950,0.001417,-0.009914,0.000076
1591914496738224,10.000097,3.001160,10.001109,0.999949,0.001484,-0.009961,0.000072
1591914496774510,10.000753,3.001290,10.001556,0.999949,0.001525,-0.009951,0.000078
1591914496808071,10.000286,3.001251,10.000531,0.999951,0.001438,-0.009826,0.000036
1591914496841243,10.000645,3.001195,9.999965,0.999951,0.001438,-0.009772,0.000055
1591914496876582,9.999918,3.001361,9.999637,0.999952,0.001381,-0.009742,0.000050
1591914496909165,9.999913,3.001439,9.999385,0.999952,0.001361,-0.009724,0.000052
1591914496941761,9.999989,3.001741,9.999946,0.999951,0.001344,-0.009771,0.000062
1591914496975841,10.000062,3.001532,9.999742,0.999952,0.001367,-0.009744,0.000039
1591914497040842,10.000194,3.001246,9.999497,0.999952,0.001395,-0.009729,0.000061
1591914497078367,9.999807,3.001199,10.000435,0.999951,0.001387,-0.009844,0.000074
1591914497115051,9.999844,3.001344,10.000197,0.999951,0.001370,-0.009794,0.000090
1591914497151300,10.000522,3.001431,10.000905,0.999950,0.001428,-0.009857,0.000069
1591914497186816,9.999279,3.001510,9.999875,0.999952,0.001305,-0.009728,0.000057
1591914497221960,9.999446,3.001484,9.998994,0.999952,0.001345,-0.009680,0.000037
1591914497257253,9.999019,3.001703,9.999557,0.999952,0.001332,-0.009739,0.000022
1591914497292178,9.999376,3.001477,9.999662,0.999951,0.001366,-0.009786,0.000013
1591914497327291,10.000064,3.001717,10.000431,0.999950,0.001423,-0.009855,0.000028
1591914497362468,10.000778,3.001067,9.999555,0.999951,0.001500,-0.009759,0.000046
1591914497396796,10.000653,3.000921,9.999210,0.999951,0.001473,-0.009768,0.000061
1591914497429936,10.000380,3.001049,9.999326,0.999951,0.001446,-0.009796,0.000044
1591914497463869,10.000666,3.000928,10.000368,0.999950,0.001468,-0.009920,0.000047
1591914497521324,10.000690,3.001532,10.001465,0.999949,0.001444,-0.009963,0.000055
1591914497555638,10.000187,3.001948,10.000748,0.999950,0.001386,-0.009869,0.000044
1591914497588664,9.999969,3.001949,10.000937,0.999950,0.001381,-0.009895,0.000017
1591914497642129,9.999843,3.001281,10.000272,0.999951,0.001356,-0.009819,0.000019
1591914497675702,9.999644,3.001151,10.000076,0.999951,0.001347,-0.009794,0.000028
1591914497708730,10.000048,3.001348,9.999508,0.999951,0.001422,-0.009759,0.000029
1591914497743749,9.999790,3.001412,9.998849,0.999952,0.001393,-0.009744,0.000043
1591914497777357,9.999487,3.001030,9.999600,0.999951,0.001379,-0.009836,0.000033
1591914497810356,10.000065,3.001024,9.999806,0.999951,0.001413,-0.009838,0.000036
1591914497842712,10.000137,3.000954,10.000132,0.999950,0.001421,-0.009862,0.000037
1591914497875183,10.000148,3.001241,9.999936,0.999951,0.001405,-0.009813,0.000057
1591914497908654,9.999858,3.001189,9.998719,0.999952,0.001367,-0.009721,0.000078
1591914497941125,10.000668,3.001179,9.998787,0.999951,0.001435,-0.009749,0.000095
1591914497974145,10.000559,3.001060,10.001016,0.999950,0.001407,-0.009925,0.000076
1591914498007675,10.000219,3.001145,10.000442,0.999950,0.001389,-0.009876,0.000080
1591914498063828,9.999688,3.000925,9.999774,0.999951,0.001382,-0.009795,0.000065
1591914498097792,9.999633,3.001040,9.999936,0.999951,0.001380,-0.009814,0.000043
1591914498132992,9.999704,3.000944,9.999870,0.999951,0.001381,-0.009793,0.000063
1591914498183674,10.000277,3.001435,10.000309,0.999950,0.001379,-0.009860,0.000097
1591914498244384,9.999827,3.001173,9.999787,0.999951,0.001371,-0.009799,0.000110
1591914498302984,9.999281,3.000960,9.999248,0.999951,0.001326,-0.009796,0.000153
1591914498366626,9.999629,3.000821,9.999277,0.999951,0.001339,-0.009759,0.000136
1591914498400943,9.999868,3.000890,10.000473,0.999950,0.001358,-0.009877,0.000119
1591914498434844,9.999618,3.001297,9.999907,0.999951,0.001352,-0.009834,0.000111
1591914498484914,9.999594,3.001310,9.999914,0.999951,0.001333,-0.009774,0.000098
1591914498518628,10.000124,3.001618,10.001277,0.999951,0.001383,-0.009854,0.000093
1591914498554134,10.000419,3.001394,10.000711,0.999951,0.001403,-0.009796,0.000086
1591914498609464,9.999846,3.001622,9.997326,0.999953,0.001358,-0.009569,0.000109
1591914498645176,10.000043,3.001508,9.998692,0.999952,0.001356,-0.009698,0.000126
1591914498679525,10.000691,3.001446,10.000590,0.999951,0.001389,-0.009832,0.000102
1591914498716386,10.000297,3.001239,10.001318,0.999950,0.001382,-0.009888,0.000049
1591914498753888,10.000334,3.001535,10.001735,0.999950,0.001385,-0.009904,0.000004
1591914498790024,10.000088,3.001828,10.001209,0.999950,0.001403,-0.009879,-0.000006
1591914498826233,9.999749,3.001726,9.999774,0.999951,0.001395,-0.009811,0.000018
1591914498859676,9.999977,3.001504,9.999159,0.999951,0.001418,-0.009751,0.000014
1591914498906268,9.999394,3.001073,9.999510,0.999950,0.001441,-0.009877,0.000049
1591914498939712,10.000260,3.001039,10.000185,0.999950,0.001454,-0.009894,0.000076
1591914498973234,10.000517,3.001447,9.998417,0.999952,0.001423,-0.009699,0.000090
1591914499006548,10.000322,3.001191,9.999212,0.999951,0.001434,-0.009751,0.000093
1591914499043294,10.000344,3.001600,9.999916,0.999948,0.001307,-0.010098,0.000081
1591914499080311,10.000185,3.001998,10.000363,0.999949,0.001483,-0.009960,-0.000044
1591914499115656,10.000548,3.001904,9.999148,0.999952,0.001814,-0.009620,-0.000071
1591914499151102,10.000557,3.002023,9.999726,0.999951,0.001720,-0.009788,0.000147
1591914499187629,9.999495,3.002367,9.998918,0.999949,0.001208,-0.009997,0.000152
1591914499225388,9.999897,3.002699,9.998232,0.999952,0.001234,-0.009725,0.000174
1591914499259934,9.999804,3.002120,9.998428,0.999953,0.001454,-0.009572,0.000194
1591914499293683,9.999753,3.001398,9.999308,0.999947,0.001453,-0.010194,0.000331
1591914499328426,9.999531,3.001222,9.999249,0.999946,0.001395,-0.010336,0.000328
1591914499389427,9.997441,3.001367,9.996406,0.999956,0.000983,-0.009335,0.000429
1591914499423831,9.997761,3.001204,9.998467,0.999958,0.001075,-0.009121,0.000381
1591914499459944,9.998313,3.002389,9.998678,0.999950,0.001554,-0.009862,0.000372
1591914499495802,9.998675,3.001866,9.997651,0.999951,0.001490,-0.009743,0.000242
1591914499529728,9.997643,3.001695,9.997106,0.999947,0.001299,-0.010183,0.000298
1591914499562485,9.998029,3.001131,9.997430,0.999948,0.001278,-0.010092,0.000545
1591914499595850,9.997875,3.000617,9.998163,0.999948,0.001197,-0.010139,0.000356
1591914499629279,9.998282,3.000898,9.997785,0.999947,0.001374,-0.010191,0.000347
1591914499662336,9.999172,3.001091,9.999125,0.999939,0.001774,-0.010858,0.000473
1591914499695441,9.999241,3.001267,10.000313,0.999934,0.001910,-0.011322,0.000303
1591914499728321,9.999391,3.001180,10.000085,0.999931,0.001898,-0.011546,0.000427
1591914499761160,9.999029,3.001416,9.998953,0.999925,0.001733,-0.012090,0.000467
1591914499794736,9.999210,3.001629,9.999225,0.999921,0.001735,-0.012471,0.000406
1591914499827437,9.998743,3.002211,9.999449,0.999897,0.001683,-0.014257,0.000355
1591914499869358,9.998529,3.002851,10.000190,0.999895,0.001365,-0.014441,0.000396
1591914499931713,9.998483,3.002455,10.001359,0.999900,0.001472,-0.014064,0.000530
1591914499965881,9.998631,3.002037,10.001214,0.999895,0.001835,-0.014387,0.000014
1591914499998542,9.999815,3.001807,10.000667,0.999895,0.001971,-0.014383,0.000094
1591914500053700,9.998158,3.003217,9.999782,0.999901,0.001662,-0.013995,0.000193
1591914500089979,9.997873,3.002784,9.999812,0.999906,0.001295,-0.013680,0.000453
1591914500125044,9.997545,3.002635,9.999596,0.999897,0.000735,-0.014358,0.000327
1591914500166341,9.996504,3.002532,10.000501,0.999884,0.000487,-0.015199,-0.000035
1591914500201613,9.996526,3.002585,10.000896,0.999877,0.000073,-0.015702,-0.000098
1591914500240729,9.995473,3.002218,10.000566,0.999870,-0.000141,-0.016133,-0.000297
1591914500279503,9.996151,3.002702,10.000088,0.999868,0.000103,-0.016250,-0.000885
1591914500314875,9.996679,3.002020,9.998611,0.999866,0.000337,-0.016324,-0.000986
1591914500351121,9.996429,3.002373,9.999967,0.999862,0.000674,-0.016591,-0.001001
1591914500384529,9.996491,3.002093,10.000732,0.999858,0.000466,-0.016835,-0.001146
1591914500423041,9.996882,3.001976,10.000156,0.999855,0.000523,-0.016985,-0.001266
1591914500456837,9.997416,3.002491,10.000878,0.999854,0.000684,-0.017010,-0.001137
1591914500490529,9.997707,3.002208,10.000434,0.999859,0.001042,-0.016718,-0.001270
1591914500527839,9.998343,3.002537,10.000666,0.999862,0.001375,-0.016522,-0.001233
1591914500562134,9.998130,3.002470,10.000312,0.999866,0.001425,-0.016320,-0.000663
1591914500598976,9.998472,3.002457,10.000586,0.999862,0.001303,-0.016566,-0.000747
1591914500631739,9.998873,3.002087,10.000474,0.999847,0.001222,-0.016965,-0.004053
1591914500665267,9.998490,3.002044,9.999174,0.999822,0.001483,-0.017645,-0.006523
1591914500713135,9.999112,3.002198,9.998655,0.999743,0.002080,-0.018195,-0.013332
1591914500746270,9.998485,3.002391,9.998695,0.999723,0.002365,-0.018210,-0.014710
1591914500779672,9.999529,3.002037,9.997961,0.999717,0.002449,-0.018212,-0.015100
1591914500833720,10.000397,3.001333,9.998218,0.999724,0.002264,-0.017689,-0.015291
1591914500866968,10.001310,3.002484,9.998044,0.999725,0.002302,-0.017654,-0.015279
1591914500899324,10.001640,3.002568,9.998436,0.999715,0.002342,-0.018011,-0.015481
1591914500932997,10.001719,3.003411,9.999031,0.999711,0.002141,-0.018286,-0.015466
1591914500966105,10.001471,3.003418,9.999365,0.999708,0.002028,-0.018595,-0.015276
1591914500998659,10.001335,3.002984,9.999118,0.999707,0.001837,-0.018916,-0.014977
1591914501034079,10.001796,3.002607,9.998660,0.999717,0.002098,-0.018809,-0.014413
1591914501077223,10.000933,3.002924,9.998098,0.999727,0.001854,-0.018580,-0.014074
1591914501113447,10.000662,3.002360,9.998940,0.999727,0.001660,-0.018668,-0.013931
1591914501148575,10.000770,3.003314,9.999949,0.999726,0.001893,-0.018832,-0.013739
1591914501184128,10.001454,3.004033,9.999228,0.999726,0.002024,-0.018734,-0.013910
1591914501220196,10.002119,3.003719,9.999179,0.999737,0.002196,-0.018577,-0.013267
1591914501257455,10.001475,3.004455,9.999628,0.999739,0.002028,-0.018484,-0.013256
1591914501292028,10.001541,3.002989,10.000613,0.999742,0.002094,-0.018637,-0.012839
1591914501326020,10.002220,3.002563,10.000148,0.999744,0.002275,-0.018597,-0.012647
1591914501378637,10.002550,3.003291,10.000340,0.999738,0.002427,-0.018995,-0.012519
1591914501413337,10.001589,3.003117,9.999430,0.999746,0.002682,-0.018932,-0.011925
1591914501447326,10.001247,3.002649,9.999016,0.999759,0.002773,-0.018670,-0.011236
1591914501497682,10.002719,3.002942,9.999062,0.999771,0.003073,-0.018319,-0.010607
1591914501530922,10.002269,3.003023,9.998363,0.999771,0.002695,-0.018565,-0.010323
1591914501564739,10.001989,3.003472,9.998104,0.999775,0.002628,-0.018321,-0.010396
1591914501598403,10.002280,3.003000,9.999284,0.999739,0.002780,-0.018807,-0.012633
1591914501631558,10.001740,3.003228,10.000099,0.999729,0.003265,-0.018292,-0.014032
1591914501677165,10.001126,3.003442,9.999346,0.999742,0.003375,-0.017654,-0.013905
1591914501742266,10.001681,3.002307,10.001150,0.999762,0.003064,-0.016920,-0.013390
1591914501777433,10.002404,3.002196,10.001592,0.999784,0.003228,-0.017202,-0.011250
1591914501811550,10.002448,3.002650,10.000649,0.999789,0.003416,-0.016791,-0.011326
1591914501859103,10.002884,3.001698,9.999398,0.999841,0.003326,-0.017379,0.002021
1591914501921023,10.003772,3.000652,10.001575,0.999839,0.002952,-0.017669,0.000995
1591914501955008,10.001055,3.002144,10.003526,0.999851,0.002469,-0.017028,0.001560
1591914501987829,10.001037,3.002995,10.004801,0.999852,0.002046,-0.017011,0.001341
1591914502041936,10.000160,3.003481,10.001689,0.999851,0.002140,-0.017118,0.000838
1591914502102118,10.000482,3.002830,10.000036,0.999861,0.002648,-0.016415,0.000792
1591914502137596,9.999783,3.002975,10.000250,0.999868,0.002773,-0.016005,0.000786
1591914502172947,10.000271,3.002352,9.999517,0.999871,0.002997,-0.015741,0.000806
1591914502220837,10.001072,3.003391,10.000610,0.999868,0.003105,-0.015928,0.000763
1591914502282291,10.000541,3.003006,10.000198,0.999862,0.003050,-0.016335,0.000625
1591914502317499,10.000826,3.003304,10.000933,0.999858,0.002942,-0.016585,0.000640
1591914502351637,10.000558,3.003212,10.001062,0.999856,0.002687,-0.016712,0.000779
1591914502385305,10.000389,3.003065,10.001041,0.999858,0.002669,-0.016612,0.000835
1591914502419211,10.000896,3.003237,10.001237,0.999854,0.002794,-0.016823,0.000831
1591914502452627,10.001174,3.003225,10.001332,0.999854,0.002761,-0.016848,0.001059
1591914502485953,10.001282,3.003532,10.001518,0.999859,0.002623,-0.016499,0.001448
1591914502518569,10.001185,3.003194,10.001174,0.999862,0.002521,-0.016363,0.001503
1591914502550951,10.000086,3.002551,10.001493,0.999858,0.002512,-0.016593,0.001712
1591914502583600,10.000292,3.003740,10.001918,0.999855,0.002590,-0.016786,0.001561
1591914502615992,10.000991,3.003335,10.001961,0.999851,0.002647,-0.016998,0.001690
1591914502649359,10.002346,3.003800,10.002996,0.999845,0.002987,-0.017262,0.001583
1591914502682732,10.002604,3.003700,10.002068,0.999840,0.002968,-0.017555,0.001424
1591914502715506,10.001288,3.002608,9.999917,0.999850,0.002801,-0.017051,0.001079
1591914502748447,10.001134,3.002327,10.000465,0.999855,0.002693,-0.016795,0.001295
1591914502781534,10.002435,3.002943,10.000255,0.999849,0.002850,-0.017085,0.001050
1591914502815056,10.000818,3.003295,10.000664,0.999850,0.002680,-0.017058,0.001177
1591914502848531,10.000171,3.003465,10.001141,0.999853,0.002548,-0.016851,0.002043
1591914502880853,10.000837,3.003576,10.002806,0.999848,0.002911,-0.017059,0.001978
1591914502913473,10.001238,3.003171,10.003623,0.999841,0.003211,-0.017418,0.001887
1591914502946549,10.000980,3.003103,10.002669,0.999836,0.003284,-0.017702,0.001763
1591914502978716,10.000902,3.002936,10.002011,0.999847,0.003296,-0.017069,0.001971
1591914503012283,10.000899,3.002304,10.002452,0.999846,0.003448,-0.017130,0.001719
1591914503066219,10.000220,3.003071,10.002521,0.999848,0.003182,-0.017094,0.001310
1591914503103574,10.000230,3.002925,10.002240,0.999853,0.002898,-0.016860,0.001375
1591914503144682,10.000332,3.002586,10.002493,0.999852,0.002900,-0.016876,0.001701
1591914503187311,10.001409,3.002596,10.002101,0.999840,0.003167,-0.017518,0.001470
1591914503222849,10.001592,3.002268,10.001575,0.999845,0.003371,-0.017218,0.001537
1591914503261103,10.001478,3.002069,10.001089,0.999845,0.003333,-0.017251,0.001506
1591914503299594,10.001691,3.001904,10.002344,0.999844,0.003368,-0.017248,0.001776
1591914503333347,10.001114,3.002191,10.001814,0.999845,0.003161,-0.017284,0.001446
1591914503369373,10.001049,3.003166,10.001810,0.999848,0.002990,-0.017132,0.001441
1591914503403612,10.001656,3.003349,10.002649,0.999842,0.003196,-0.017402,0.001707
1591914503437292,10.002342,3.002733,10.002604,0.999838,0.003353,-0.017612,0.001646
1591914503488038,10.001354,3.003429,10.001732,0.999835,0.003215,-0.017797,0.001706
1591914503522465,10.001343,3.001898,10.001082,0.999841,0.002865,-0.017489,0.001771
1591914503556286,10.001103,3.002456,10.000668,0.999847,0.002658,-0.017158,0.001899
1591914503589792,10.001077,3.002158,10.001310,0.999846,0.002394,-0.017309,0.001942
1591914503623530,10.000706,3.002041,10.000465,0.999844,0.002320,-0.017401,0.001936
1591914503665389,10.000718,3.002608,10.000138,0.999848,0.002478,-0.017125,0.001991
1591914503729261,10.000813,3.002734,10.000870,0.999850,0.002710,-0.017003,0.002067
1591914503763665,10.001596,3.002587,10.001070,0.999844,0.002821,-0.017294,0.002084
1591914503797219,10.001879,3.002965,10.000672,0.999845,0.002464,-0.017216,0.002812
1591914503847432,10.002022,3.002919,10.000675,0.999820,0.002289,-0.017971,-0.005581
1591914503881467,10.001436,3.003712,10.003181,0.999787,0.002231,-0.019869,-0.005208
1591914503914216,10.003253,3.005274,10.001294,0.999762,0.002683,-0.020914,-0.005560
1591914503948069,10.003342,3.003747,10.003981,0.999736,0.002647,-0.022149,-0.005564
1591914503981841,10.003331,3.003391,10.003273,0.999740,0.002764,-0.021861,-0.005827
1591914504016270,10.002347,3.002881,10.003302,0.999739,0.002492,-0.022105,-0.005158
1591914504053930,10.001781,3.002486,10.003165,0.999748,0.002235,-0.021734,-0.005240
1591914504090648,10.001505,3.002491,10.003225,0.999745,0.002075,-0.021854,-0.005354
1591914504127373,10.002237,3.002322,10.003350,0.999741,0.002180,-0.021934,-0.005719
1591914504162644,10.002045,3.002278,10.003226,0.999726,0.002260,-0.022658,-0.005451
1591914504199716,10.001382,3.002613,10.003873,0.999734,0.002033,-0.022351,-0.005387
1591914504234469,10.000853,3.002589,10.003948,0.999724,0.001563,-0.022786,-0.005581
1591914504270099,10.000479,3.002373,10.003685,0.999721,0.001294,-0.022933,-0.005529
1591914504304483,10.000259,3.002257,10.002997,0.999724,0.001418,-0.022758,-0.005738
1591914504341041,10.000348,3.002939,10.002868,0.999718,0.001418,-0.023010,-0.005694
1591914504376815,10.000554,3.002969,10.002453,0.999722,0.001343,-0.022878,-0.005625
1591914504411844,10.000370,3.002887,10.002398,0.999703,0.001343,-0.023748,-0.005360
1591914504448010,10.000668,3.002687,10.003036,0.999631,0.001850,-0.026721,-0.004428
1591914504482948,10.001603,3.002811,10.005006,0.999099,0.005783,-0.041905,-0.003552
1591914504521205,10.001156,3.005797,10.004775,0.998962,0.007650,-0.044702,-0.004288
1591914504559040,10.000698,3.002902,10.003670,0.998965,0.007806,-0.044565,-0.004624
1591914504593330,10.000911,3.001506,10.003377,0.999005,0.010991,-0.042929,-0.004946
1591914504625984,10.001070,3.002001,10.002915,0.999012,0.011194,-0.042692,-0.005222
1591914504659666,10.000074,3.001948,10.003201,0.998999,0.010005,-0.043242,-0.005613
1591914504692823,10.001616,3.002036,10.003963,0.998996,0.011778,-0.042826,-0.005923
1591914504725747,10.001827,3.001889,10.003745,0.998994,0.011248,-0.043022,-0.005832
1591914504758786,10.001806,3.001794,10.004443,0.999025,0.007435,-0.043307,-0.004377
1591914504791838,10.001945,3.002027,10.004254,0.998976,0.002462,-0.045097,-0.002562
1591914504824153,10.002442,3.002747,10.004486,0.998961,0.002474,-0.045440,-0.002311
1591914504857348,10.001853,3.002044,10.004813,0.998926,0.002215,-0.046262,-0.001623
1591914504889438,10.001861,3.002565,10.004883,0.998925,0.002205,-0.046304,0.000832
1591914504921703,10.001651,3.002564,10.004093,0.998898,0.002171,-0.046872,0.001409
1591914504953998,10.002160,3.001945,10.004960,0.998842,0.002259,-0.048045,-0.000717
1591914504991645,10.001086,3.001717,10.004271,0.999076,0.002270,-0.042888,0.001717
1591914505026736,10.001868,3.000625,10.004846,0.998972,0.002669,-0.044848,0.006066
1591914505065696,10.002184,3.001640,10.005614,0.999027,0.002925,-0.043342,0.007656
1591914505101591,10.002417,3.000913,10.005769,0.999052,0.004355,-0.041896,0.010992
1591914505137381,10.001650,3.000636,10.003886,0.999270,0.003289,-0.037741,0.005011
1591914505172593,10.000518,2.999246,10.003208,0.999481,0.003234,-0.031720,0.004584
1591914505209217,10.001889,2.998323,10.003815,0.999309,0.007205,-0.035153,0.009731
1591914505244827,10.003043,2.999682,10.005455,0.999102,0.013275,-0.038747,0.010852
1591914505279807,10.003314,2.999249,10.004642,0.998890,0.020154,-0.041305,0.010310
1591914505315161,10.003221,2.997479,10.003982,0.998768,0.024621,-0.040281,0.015321
1591914505354722,10.005838,2.992888,10.002416,0.998785,0.031097,-0.035111,0.015121
1591914505389596,10.008151,2.988599,10.002007,0.998612,0.038248,-0.034341,0.011443
1591914505423637,10.009937,2.984029,10.000789,0.998569,0.041402,-0.031066,0.013473
1591914505457465,10.013594,2.979400,9.998176,0.998553,0.044006,-0.028259,0.012516
1591914505490923,10.017092,2.973745,9.996332,0.998494,0.046283,-0.027367,0.010873
1591914505524326,10.020418,2.969283,9.993783,0.998344,0.049855,-0.027587,0.007900
1591914505557597,10.023949,2.961311,9.990445,0.998314,0.053301,-0.022809,0.002777
1591914505593935,10.027119,2.954062,9.989478,0.998296,0.055039,-0.019355,-0.000653
1591914505627764,10.031023,2.946297,9.987311,0.998197,0.057797,-0.016198,-0.000355
1591914505661547,10.034469,2.935998,9.984910,0.998015,0.062063,-0.010613,-0.001638
1591914505695228,10.036294,2.926822,9.981450,0.997744,0.066695,-0.006403,-0.004182
1591914505728530,10.039371,2.914811,9.972169,0.997389,0.071983,-0.002603,-0.005124
1591914505762367,10.039111,2.903831,9.968227,0.997064,0.076354,0.003183,-0.004921
1591914505795521,10.038227,2.889945,9.962386,0.996358,0.084654,0.007961,-0.006370
1591914505828917,10.036599,2.878272,9.956044,0.995346,0.095277,0.007332,-0.012465
1591914505862769,10.032879,2.866410,9.947380,0.994238,0.104610,0.010292,-0.021029
1591914505895879,10.025880,2.851169,9.936921,0.993303,0.109939,0.016677,-0.031391
1591914505928902,10.022367,2.838813,9.927094,0.992464,0.115524,0.018793,-0.036266
1591914505961535,10.021898,2.827828,9.913936,0.991457,0.120943,0.023249,-0.042947
1591914506249126,9.989638,2.804175,9.834660,0.967806,0.183366,-0.007276,-0.172264
1591914506288234,9.979920,2.804829,9.827911,0.973390,0.168401,0.012610,-0.154901
1591914506323056,9.984179,2.803682,9.833246,0.976156,0.162305,0.024013,-0.142130
1591914506420470,9.995039,2.797717,9.855682,0.979729,0.178330,0.007492,-0.090957
1591914506459900,10.001096,2.796755,9.862994,0.982781,0.175720,0.009392,-0.056348
1591914506497193,10.004662,2.800850,9.868059,0.986941,0.152043,0.033665,-0.041190
1591914506530825,10.007207,2.804483,9.871515,0.988856,0.138096,0.043854,-0.034195
1591914506565016,10.011617,2.808966,9.876299,0.990486,0.121187,0.059356,-0.026989
1591914506599317,10.016399,2.810501,9.880002,0.991698,0.104975,0.072029,-0.018079
1591914506633234,10.020028,2.813212,9.883373,0.992319,0.088907,0.085497,-0.009394
1591914506667181,10.025077,2.815051,9.889388,0.992671,0.071056,0.097708,0.002997
1591914506700440,10.028619,2.815723,9.892456,0.992167,0.055815,0.111019,0.012811
1591914506740359,10.033623,2.813393,9.895427,0.991743,0.052174,0.115699,0.018354
1591914506802651,10.039558,2.810205,9.905869,0.989328,0.044663,0.130803,0.046108
1591914506836923,10.042908,2.807988,9.908969,0.988846,0.043230,0.134503,0.047162
1591914506869812,10.041493,2.804505,9.905842,0.989392,0.047010,0.129682,0.045559
1591914506902767,10.040390,2.802845,9.898842,0.989773,0.050823,0.125545,0.044787
1591914506935644,10.040286,2.802393,9.889323,0.991218,0.061128,0.112496,0.033081
1591914506968855,10.037874,2.803349,9.877467,0.992153,0.070235,0.102201,0.015979
1591914507001860,10.039599,2.804899,9.868941,0.992587,0.075988,0.094851,-0.000043
1591914507036693,10.038279,2.806054,9.861160,0.992933,0.080391,0.085613,-0.017090
1591914507073627,10.036039,2.805804,9.850884,0.992622,0.085803,0.077198,-0.037159
1591914507109616,10.034727,2.806454,9.837946,0.991276,0.090316,0.071656,-0.063874
1591914507144252,10.036194,2.804941,9.830013,0.989772,0.094429,0.072404,-0.078695
1591914507179963,10.033900,2.799360,9.821185,0.988793,0.100804,0.067716,-0.086845
1591914507215561,10.033177,2.796684,9.818839,0.988463,0.099784,0.071899,-0.088404
1591914507251770,10.036377,2.791358,9.816432,0.988017,0.099639,0.078288,-0.088117
1591914507287205,10.042149,2.786882,9.814114,0.987179,0.101183,0.082743,-0.091620
1591914507323144,10.047618,2.782589,9.810785,0.986886,0.099370,0.090393,-0.089507
1591914507361955,10.056870,2.778431,9.807289,0.986906,0.097875,0.099855,-0.080413
1591914507396555,10.068886,2.778260,9.803544,0.986777,0.095562,0.105560,-0.077432
1591914507433018,10.077085,2.775959,9.799993,0.986842,0.090302,0.112291,-0.073342
1591914507471741,10.088694,2.774804,9.797175,0.987258,0.081968,0.117361,-0.069496
1591914507506961,10.098728,2.774859,9.794696,0.987791,0.068866,0.124782,-0.062902
1591914507541804,10.107290,2.773190,9.792226,0.987501,0.057451,0.136581,-0.053736
1591914507584187,10.121575,2.770987,9.788895,0.987310,0.050590,0.142003,-0.049941
1591914507617866,10.130168,2.767864,9.787584,0.986723,0.047866,0.147941,-0.046896
1591914507653795,10.141846,2.763406,9.787918,0.986311,0.045639,0.152986,-0.041273
1591914507688829,10.150876,2.757972,9.788807,0.986264,0.046306,0.155391,-0.031501
1591914507723154,10.158015,2.755251,9.788687,0.985813,0.046408,0.159569,-0.023615
1591914507763917,10.171659,2.753559,9.783754,0.985210,0.046710,0.163991,-0.016898
1591914507796744,10.181043,2.752606,9.780829,0.984564,0.046958,0.168174,-0.012071
1591914507829896,10.190749,2.750623,9.777173,0.983112,0.044754,0.177301,-0.007238
1591914507863388,10.200565,2.749707,9.772964,0.981407,0.041177,0.187449,-0.002945
1591914507897093,10.209176,2.750316,9.768926,0.979910,0.037812,0.195817,-0.001713
1591914507930413,10.217789,2.751278,9.763821,0.978541,0.031240,0.203644,-0.003168
1591914507964058,10.225617,2.754137,9.758264,0.977597,0.023703,0.209100,-0.004489
1591914507997186,10.232902,2.755125,9.754168,0.977231,0.020447,0.211171,-0.002992
1591914508031706,10.243073,2.757785,9.751577,0.977292,0.018627,0.211077,0.000208
1591914508067549,10.252521,2.759834,9.749385,0.977453,0.019580,0.210205,0.004031
1591914508103275,10.262310,2.762422,9.746861,0.977129,0.022830,0.211332,0.006024
1591914508138563,10.271121,2.764843,9.743732,0.977250,0.028552,0.210001,0.008150
1591914508186518,10.282485,2.767940,9.742935,0.977372,0.039752,0.207170,0.015639
1591914508248817,10.298176,2.770339,9.742795,0.977370,0.056291,0.202716,0.022016
1591914508284109,10.307034,2.772878,9.743340,0.977503,0.062515,0.199193,0.030028
1591914508318265,10.314935,2.775283,9.743675,0.977901,0.070360,0.193817,0.034567
1591914508353489,10.322412,2.778478,9.743134,0.978062,0.076516,0.190302,0.036405
1591914508387320,10.328234,2.781327,9.743705,0.978275,0.081094,0.186715,0.039223
1591914508421421,10.334120,2.784170,9.744767,0.979138,0.085788,0.179674,0.040577
1591914508455484,10.339481,2.787961,9.745253,0.980170,0.086612,0.173544,0.040578
1591914508489277,10.345261,2.791661,9.746796,0.981025,0.082845,0.169983,0.042814
1591914508549877,10.350871,2.795291,9.747839,0.981480,0.076470,0.169904,0.044516
1591914508611429,10.356771,2.794948,9.747936,0.981369,0.074997,0.169614,0.050218
1591914508646337,10.360882,2.793950,9.749933,0.981425,0.077162,0.167119,0.054063
1591914508680585,10.364802,2.792267,9.749676,0.981048,0.079819,0.166751,0.058036
1591914508727682,10.366879,2.788380,9.750834,0.980474,0.083727,0.166911,0.061648
1591914508790541,10.366972,2.788919,9.753856,0.980226,0.081759,0.167860,0.065547
1591914508822920,10.366972,2.790200,9.753588,0.980609,0.075833,0.168282,0.065850
1591914508855546,10.368546,2.791263,9.752018,0.981327,0.070229,0.167479,0.063370
1591914508909860,10.367685,2.790987,9.746558,0.980153,0.055505,0.178704,0.065451
1591914508971417,10.366697,2.792554,9.736230,0.977404,0.044991,0.196971,0.062130
1591914509005236,10.367409,2.792030,9.729847,0.974855,0.042370,0.210111,0.060957
1591914509040311,10.368553,2.792026,9.721976,0.973066,0.041382,0.219770,0.055956
1591914509078411,10.369000,2.793431,9.714457,0.971181,0.041452,0.230178,0.045900
1591914509114337,10.368266,2.793823,9.706911,0.968385,0.041565,0.242668,0.040202
1591914509151945,10.367087,2.795270,9.697556,0.966212,0.040976,0.252611,0.030716
1591914509187759,10.365717,2.796510,9.689474,0.964744,0.043213,0.258893,0.019382
1591914509223080,10.362808,2.797775,9.685257,0.963347,0.043789,0.264197,0.015636
1591914509271150,10.367467,2.798592,9.678845,0.961286,0.045536,0.271603,0.009354
1591914509332549,10.368685,2.799518,9.673558,0.961051,0.052323,0.271362,0.002486
1591914509394435,10.371576,2.799057,9.669529,0.959828,0.056070,0.274930,0.000346
1591914509428703,10.372961,2.799754,9.669197,0.960931,0.058096,0.270624,0.000332
1591914509464960,10.374846,2.801550,9.669197,0.961358,0.058291,0.269051,0.002280
1591914509499932,10.375449,2.802211,9.667555,0.961881,0.058735,0.267084,0.001190
1591914509532986,10.375298,2.803662,9.667613,0.963099,0.058786,0.262649,0.000551
1591914509572323,10.376148,2.805929,9.668110,0.964275,0.058775,0.258297,0.001691
1591914509605868,10.377969,2.806780,9.668633,0.965433,0.059142,0.253852,0.000886
1591914509639413,10.378461,2.808386,9.669665,0.966166,0.057455,0.251414,0.003659
1591914509692932,10.381713,2.808241,9.669269,0.966892,0.058178,0.248419,0.004720
1591914509726212,10.382723,2.809066,9.669155,0.966866,0.059910,0.248114,0.004526
1591914509759496,10.384219,2.809155,9.667718,0.966675,0.060865,0.248586,0.006339
1591914509792020,10.387080,2.808800,9.667407,0.966634,0.063260,0.248106,0.007730
1591914509824096,10.388067,2.809256,9.666937,0.966380,0.064595,0.248742,0.008077
1591914509859774,10.389268,2.809768,9.665171,0.965680,0.065952,0.251103,0.007802
1591914509894310,10.390924,2.808018,9.663374,0.965366,0.067808,0.251805,0.008079
1591914509931094,10.392715,2.807461,9.661400,0.964829,0.069205,0.253459,0.008564
1591914509963743,10.394129,2.807583,9.660970,0.964422,0.070708,0.254585,0.008779
1591914510000859,10.395999,2.807532,9.659937,0.964654,0.072965,0.253055,0.009031
1591914510036026,10.396746,2.808155,9.659642,0.964759,0.075015,0.252012,0.010178
1591914510072760,10.398350,2.807856,9.657842,0.964332,0.077374,0.252863,0.011741
1591914510108693,10.399622,2.806931,9.657516,0.963899,0.080331,0.253588,0.011799
1591914510143259,10.401470,2.804747,9.656273,0.962608,0.083451,0.257355,0.013833
1591914510179213,10.404160,2.801607,9.655010,0.960942,0.089129,0.261530,0.015777
1591914510213061,10.407467,2.798600,9.653215,0.959228,0.095451,0.265519,0.016446
1591914510276550,10.409164,2.794094,9.648247,0.955787,0.103407,0.274719,0.017517
1591914510311516,10.408354,2.792016,9.645813,0.954770,0.105536,0.277552,0.015531
1591914510344850,10.408079,2.791111,9.643506,0.953802,0.106100,0.280709,0.014399
1591914510521094,10.408248,2.788394,9.630382,0.949926,0.101340,0.295546,0.004871
1591914510557640,10.408564,2.785853,9.628208,0.949300,0.100096,0.297971,0.004867
1591914510601546,10.411179,2.783888,9.626035,0.948104,0.098548,0.302270,0.004495
1591914510745159,10.416894,2.777184,9.619299,0.941541,0.097102,0.322345,0.012820
1591914510803007,10.419561,2.774568,9.619965,0.939928,0.090587,0.328438,0.021383
1591914511054746,10.413926,2.767126,9.605865,0.938272,0.086855,0.334705,0.008629
1591914511107640,10.410808,2.769152,9.604467,0.939718,0.086784,0.330754,0.000950
1591914511212248,10.406627,2.770464,9.604118,0.942572,0.080697,0.323853,-0.012843
1591914511247796,10.406186,2.771410,9.603716,0.943826,0.082402,0.319258,-0.021853
1591914511283971,10.405334,2.771313,9.603052,0.945133,0.085442,0.314112,-0.027500
1591914511316305,10.404349,2.771912,9.603515,0.946208,0.087176,0.309526,-0.035848
1591914511348671,10.403358,2.771613,9.603492,0.945973,0.089474,0.309069,-0.040072
1591914511380473,10.403383,2.770509,9.601530,0.946840,0.091576,0.305450,-0.042525
1591914511413410,10.405124,2.770195,9.601906,0.947626,0.092610,0.302213,-0.045783
1591914511447803,10.404534,2.770554,9.602634,0.947945,0.092811,0.300904,-0.047373
1591914511479168,10.405336,2.770101,9.602508,0.948930,0.092282,0.297674,-0.049060
1591914511510941,10.405916,2.770428,9.603993,0.950349,0.092095,0.292303,-0.053975
1591914511542541,10.404631,2.772131,9.604877,0.950926,0.090559,0.289490,-0.061108
1591914511574787,10.403312,2.772950,9.604499,0.951072,0.089478,0.288345,-0.065670
1591914511609726,10.402235,2.772336,9.604150,0.952351,0.091543,0.282178,-0.070871
1591914511641764,10.401540,2.773225,9.604937,0.953152,0.094556,0.276363,-0.078642
1591914511673646,10.400665,2.772611,9.604900,0.952823,0.097329,0.275436,-0.082405
1591914511706330,10.402595,2.770094,9.604835,0.952630,0.103506,0.272241,-0.087564
1591914511738769,10.403768,2.769126,9.603750,0.951942,0.112416,0.268710,-0.094673
1591914511770868,10.403505,2.767070,9.601567,0.949625,0.121388,0.268363,-0.107045
1591914511803700,10.401766,2.765945,9.600574,0.947297,0.124354,0.270165,-0.119065
1591914511837618,10.401010,2.765530,9.597246,0.944394,0.126929,0.272267,-0.133713
1591914511871263,10.398883,2.765788,9.592375,0.940786,0.129667,0.273861,-0.152014
1591914511903720,10.394214,2.766173,9.588305,0.937951,0.129895,0.275384,-0.165947
1591914511936800,10.390694,2.767808,9.584764,0.935054,0.128553,0.278506,-0.177715
1591914511969900,10.390381,2.766325,9.585562,0.932827,0.128941,0.281142,-0.184845
1591914512003168,10.391664,2.764805,9.587370,0.931128,0.129481,0.280647,-0.193581
1591914512040166,10.389993,2.764819,9.587654,0.928668,0.129426,0.280916,-0.204724
1591914512077029,10.390724,2.764359,9.587383,0.926286,0.128533,0.284078,-0.211598
1591914512114973,10.390543,2.762797,9.587613,0.923779,0.129087,0.285193,-0.220530
1591914512151335,10.390007,2.762033,9.589131,0.921990,0.129870,0.285397,-0.227193
1591914512186229,10.389563,2.762191,9.589197,0.920255,0.129608,0.286749,-0.232612
1591914512221016,10.391226,2.763323,9.589473,0.918023,0.128440,0.288267,-0.240084
1591914512256786,10.392243,2.765144,9.585687,0.915518,0.128000,0.287414,-0.250672
1591914512291619,10.391797,2.766792,9.583441,0.914464,0.128583,0.284764,-0.257161
1591914512325106,10.392048,2.768207,9.582873,0.912207,0.127432,0.285685,-0.264619
1591914512359652,10.393554,2.766390,9.581487,0.910149,0.127284,0.284463,-0.272962
1591914512394974,10.394738,2.767801,9.580721,0.909744,0.128265,0.281193,-0.277207
1591914512429765,10.395762,2.767268,9.582484,0.909648,0.128051,0.281522,-0.277287
1591914512463473,10.395555,2.765851,9.582392,0.909381,0.127231,0.281031,-0.279033
1591914512496704,10.395041,2.765881,9.582253,0.909106,0.126596,0.279486,-0.281759
1591914512530263,10.395094,2.766548,9.582376,0.908677,0.126713,0.277847,-0.284695
1591914512563507,10.395218,2.767857,9.581162,0.908178,0.126693,0.276754,-0.287347
1591914512596797,10.394043,2.768023,9.581366,0.907786,0.126172,0.274420,-0.291032
1591914512630234,10.393110,2.769267,9.581228,0.907961,0.125766,0.271213,-0.293653
1591914512663885,10.391488,2.769475,9.582241,0.907983,0.125251,0.269318,-0.295545
1591914512697855,10.390285,2.768706,9.582932,0.907593,0.124416,0.268294,-0.298018
1591914512731463,10.390147,2.768543,9.583394,0.908297,0.124460,0.267029,-0.296988
1591914512764496,10.391800,2.766935,9.586999,0.911681,0.126046,0.265290,-0.287352
1591914512797869,10.393213,2.765109,9.589790,0.915757,0.130773,0.264700,-0.272435
1591914512831005,10.395203,2.763636,9.590978,0.919891,0.137537,0.266594,-0.252611
1591914512864119,10.397237,2.761469,9.592740,0.924204,0.142451,0.268045,-0.231745
1591914512897536,10.400728,2.758657,9.595812,0.928277,0.142556,0.271055,-0.210972
1591914512930533,10.405802,2.757600,9.592781,0.932628,0.140928,0.277121,-0.183164
1591914512962650,10.409854,2.757045,9.591829,0.936032,0.139955,0.280011,-0.160781
1591914512995612,10.416409,2.757583,9.593110,0.941068,0.137672,0.278644,-0.133400
1591914513032494,10.423159,2.759403,9.595181,0.945583,0.134688,0.278236,-0.101573
1591914513068851,10.428288,2.760942,9.597733,0.949644,0.130178,0.276287,-0.069962
1591914513104614,10.437279,2.763782,9.599942,0.951869,0.129150,0.273962,-0.047020
1591914513139748,10.449739,2.766771,9.602614,0.952808,0.130302,0.272862,-0.026937
1591914513175408,10.465609,2.771618,9.602738,0.954004,0.132553,0.268447,-0.015566
1591914513209502,10.477809,2.776850,9.603843,0.956768,0.136818,0.256638,-0.003598
1591914513338588,10.476044,2.771688,9.612654,0.962551,0.138045,0.231801,0.026600
1591914513415808,10.469851,2.772983,9.613210,0.967381,0.117719,0.223073,0.023540
1591914513540176,10.468008,2.777090,9.614822,0.978213,0.092745,0.184456,0.021786
1591914513616564,10.466408,2.780114,9.627481,0.986287,0.072270,0.147431,0.016693
1591914513741047,10.464759,2.789932,9.642952,0.995409,0.057567,0.075596,0.011517
1591914513821929,10.461945,2.801334,9.658220,0.997331,0.046955,0.047294,0.029834
1591914513933262,10.459710,2.804596,9.661621,0.997284,0.060707,0.025578,0.032942
1591914514155326,10.449629,2.802809,9.666275,0.997303,0.062044,0.027946,0.027519
1591914514213503,10.449138,2.801061,9.667463,0.996871,0.066271,0.029506,0.031388
1591914514357378,10.442131,2.800158,9.670248,0.996053,0.070256,0.032805,0.043208
1591914514415605,10.439254,2.801794,9.671630,0.995972,0.072555,0.030680,0.042836
1591914514449854,10.438148,2.802710,9.672904,0.995820,0.073929,0.030729,0.043954
1591914514484409,10.437304,2.803711,9.673649,0.995752,0.074196,0.030111,0.045450
1591914514518805,10.437047,2.804748,9.674346,0.995657,0.074081,0.030334,0.047537
1591914514552535,10.437521,2.805321,9.674680,0.995661,0.073836,0.029683,0.048224
1591914514587107,10.438080,2.806713,9.674673,0.995783,0.072788,0.027554,0.048567
1591914514637273,10.439596,2.807974,9.676703,0.995972,0.068593,0.026244,0.051439
1591914514670984,10.440654,2.808603,9.677276,0.996170,0.065519,0.024945,0.052247
1591914514704956,10.440993,2.809401,9.677144,0.996408,0.062522,0.022920,0.052311
1591914514740462,10.440141,2.810277,9.676990,0.996647,0.059828,0.021356,0.051560
1591914514774510,10.439097,2.812205,9.676991,0.997022,0.056916,0.017857,0.048874
1591914514808350,10.438125,2.813710,9.676860,0.997415,0.054699,0.012224,0.044964
1591914514842486,10.437286,2.814804,9.676463,0.997620,0.053065,0.009647,0.042961
1591914514875661,10.436704,2.815897,9.676636,0.997818,0.050353,0.007566,0.042032
1591914514909678,10.435867,2.816879,9.676547,0.998132,0.048239,-0.001047,0.037465
1591914514943194,10.434479,2.818799,9.675565,0.998250,0.050857,-0.015265,0.026047
1591914514976848,10.433090,2.821118,9.674036,0.998119,0.051658,-0.029729,0.014338
1591914515012082,10.431035,2.822625,9.671373,0.997910,0.050353,-0.039924,0.006740
1591914515137313,10.429083,2.824079,9.670884,0.997707,0.030283,-0.060452,-0.002965
1591914515352836,10.425344,2.829035,9.666744,0.996521,0.025182,-0.078866,-0.009566
1591914515407523,10.426773,2.828716,9.668152,0.996487,0.025750,-0.079271,-0.008109
1591914515558446,10.426470,2.831852,9.668524,0.996025,0.027735,-0.084052,-0.010045
1591914515610063,10.426624,2.831705,9.668687,0.996143,0.026349,-0.083130,-0.009716
1591914515747712,10.426002,2.831192,9.668591,0.995906,0.028609,-0.084568,-0.014194
1591914515787791,10.426375,2.830372,9.669425,0.996265,0.027678,-0.080844,-0.012418
1591914515822529,10.427118,2.829096,9.669299,0.996591,0.027858,-0.076869,-0.010986
1591914515857694,10.426980,2.827943,9.668637,0.996758,0.029559,-0.074068,-0.010695
1591914515891346,10.426701,2.827463,9.668207,0.996832,0.032184,-0.072018,-0.010169
1591914515924587,10.426503,2.827206,9.668015,0.996947,0.033458,-0.069906,-0.009483
1591914515958203,10.426649,2.827443,9.668694,0.997093,0.034911,-0.067203,-0.008447
1591914515992299,10.426661,2.826761,9.669037,0.997242,0.036494,-0.064212,-0.007312
1591914516028656,10.426537,2.826116,9.668910,0.997388,0.036373,-0.062043,-0.006660
1591914516065765,10.426258,2.826414,9.669685,0.997467,0.036059,-0.061046,-0.005723
1591914516102060,10.426027,2.826057,9.670367,0.997634,0.035459,-0.058819,-0.003176
1591914516138397,10.425432,2.825510,9.671353,0.997762,0.034829,-0.057070,-0.001119
1591914516176194,10.424417,2.825219,9.672540,0.997800,0.034167,-0.056822,0.000159
1591914516212908,10.423201,2.825064,9.673585,0.997966,0.032698,-0.054692,0.002133
1591914516250635,10.421700,2.823900,9.675442,0.998221,0.031127,-0.050622,0.004923
1591914516289040,10.419870,2.821239,9.677390,0.998402,0.030567,-0.047108,0.006385
1591914516326215,10.416368,2.817149,9.680391,0.998550,0.031917,-0.043133,0.004404
1591914516361163,10.412705,2.814039,9.683871,0.998713,0.033759,-0.037752,0.002897
1591914516401166,10.407447,2.808984,9.688436,0.998883,0.034502,-0.032254,0.001271
1591914516436530,10.401413,2.805757,9.692613,0.999013,0.033573,-0.029038,-0.001829
1591914516470904,10.393891,2.802321,9.698360,0.999166,0.031145,-0.025944,-0.004918
1591914516505756,10.384724,2.798595,9.704977,0.999132,0.032329,-0.024668,-0.008987
1591914516542544,10.373967,2.795402,9.712662,0.998997,0.034452,-0.024236,-0.015178
1591914516577876,10.362841,2.794394,9.719378,0.998834,0.036958,-0.024236,-0.019448
1591914516612649,10.350235,2.792119,9.728949,0.998705,0.038711,-0.023777,-0.022885
1591914516647258,10.337239,2.790471,9.738675,0.998540,0.040634,-0.023555,-0.026674
1591914516681912,10.323569,2.786921,9.748145,0.998376,0.042557,-0.024774,-0.028636
1591914516716923,10.310571,2.786107,9.758633,0.998188,0.042759,-0.025302,-0.033947
1591914516752416,10.295854,2.783729,9.770388,0.997884,0.046075,-0.028858,-0.035669
1591914516788618,10.280128,2.783270,9.781208,0.997794,0.046507,-0.028927,-0.037515
1591914516931937,10.206198,2.778098,9.832270,0.995901,0.063309,-0.045724,-0.045627
1591914516968396,10.187738,2.778363,9.844300,0.995225,0.068579,-0.052248,-0.045753
1591914517003321,10.169224,2.780088,9.855987,0.994753,0.070707,-0.056778,-0.047354
1591914517040503,10.149408,2.784469,9.870327,0.994844,0.071902,-0.057812,-0.042100
1591914517077434,10.133236,2.790210,9.883857,0.995307,0.067479,-0.058509,-0.037243
1591914517113485,10.119061,2.797801,9.895947,0.995989,0.059115,-0.058401,-0.033174
1591914517150392,10.103550,2.808464,9.908619,0.996912,0.049242,-0.056168,-0.024228
1591914517187370,10.092195,2.819590,9.916704,0.997236,0.042666,-0.056962,-0.021358
1591914517227986,10.077258,2.834311,9.928072,0.997603,0.032574,-0.058454,-0.017614
1591914517263492,10.065804,2.846069,9.937376,0.998066,0.022221,-0.055898,-0.015673
1591914517303499,10.055060,2.861102,9.948034,0.998137,0.015771,-0.056964,-0.015149
1591914517343487,10.046715,2.875937,9.958687,0.997845,0.013292,-0.063590,-0.009236
1591914517378049,10.041639,2.886112,9.967076,0.997354,0.012182,-0.071455,-0.005568
1591914517414505,10.034211,2.896960,9.974693,0.996812,0.008046,-0.079354,0.001825
1591914517449534,10.031305,2.905582,9.983048,0.996383,0.006397,-0.084602,0.004717
1591914517483659,10.027247,2.911285,9.988429,0.995898,0.006597,-0.089785,0.009088
1591914517517925,10.023829,2.917223,9.994624,0.994894,0.009513,-0.100165,0.007881
1591914517551430,10.018289,2.923775,9.999666,0.993493,0.011679,-0.113157,0.005520
1591914517586039,10.010863,2.931297,10.002037,0.992238,0.009685,-0.123806,0.006522
1591914517619985,10.006642,2.938614,10.001509,0.992103,0.000764,-0.125367,0.003818
1591914517654386,10.004766,2.945310,10.002196,0.992191,-0.010289,-0.124290,0.001864
1591914517715923,10.004907,2.957158,10.004941,0.991510,-0.022039,-0.128144,-0.001283
1591914517750638,10.005830,2.963082,10.006458,0.990847,-0.025532,-0.132535,-0.002180
1591914517784234,10.006476,2.968398,10.008782,0.990301,-0.029529,-0.135738,-0.002531
1591914517817571,10.007197,2.973544,10.009022,0.989932,-0.031870,-0.137864,-0.003488
1591914517851332,10.007552,2.978021,10.010884,0.989198,-0.031373,-0.143126,-0.004259
1591914517884765,10.007043,2.980272,10.011686,0.988159,-0.025022,-0.151166,-0.008006
1591914517918333,10.005393,2.981497,10.012485,0.987375,-0.017057,-0.156876,-0.013793
1591914517951393,10.002563,2.979289,10.011886,0.986497,-0.008514,-0.162579,-0.017870
1591914517985132,9.999119,2.978848,10.011141,0.985731,-0.003797,-0.166738,-0.022779
1591914518020429,9.996959,2.981505,10.012463,0.986048,-0.005520,-0.164249,-0.026471
1591914518056734,9.998711,2.984215,10.012394,0.986241,-0.006582,-0.162685,-0.028632
1591914518095126,10.001089,2.986491,10.009775,0.986436,-0.007607,-0.161235,-0.029825
1591914518140695,10.000702,2.988053,10.009025,0.986679,-0.008906,-0.159347,-0.031524
1591914518177577,9.999823,2.989326,10.008732,0.986984,-0.011012,-0.157171,-0.032234
1591914518213567,9.999721,2.990086,10.007594,0.987096,-0.012058,-0.156159,-0.033323
1591914518260698,10.000455,2.988182,10.009246,0.988032,-0.011133,-0.150100,-0.033758
1591914518299162,10.000904,2.989014,10.008384,0.989529,-0.013915,-0.140079,-0.031881
1591914518336105,10.001438,2.988769,10.009270,0.990482,-0.014733,-0.133410,-0.030505
1591914518375307,10.002078,2.989116,10.009542,0.991084,-0.011996,-0.129955,-0.026828
1591914518410168,10.001938,2.989876,10.008575,0.991416,-0.010399,-0.127422,-0.027394
1591914518451851,9.998955,2.990192,10.007426,0.991908,-0.010487,-0.123212,-0.028749
1591914518487103,9.997132,2.990407,10.005469,0.992132,-0.012327,-0.121072,-0.029385
1591914518522155,9.995380,2.990966,10.003099,0.991664,-0.013419,-0.123790,-0.033134
1591914518558809,9.994735,2.992855,10.001193,0.992084,-0.016780,-0.119980,-0.033051
1591914518593411,9.994235,2.993433,10.001391,0.992106,-0.019643,-0.119252,-0.033436
1591914518628507,9.993499,2.993166,10.001054,0.992547,-0.017017,-0.116046,-0.033066
1591914518664214,9.992826,2.993372,10.002297,0.993005,-0.014197,-0.112858,-0.031663
1591914518698620,9.993660,2.993120,10.003385,0.993444,-0.010952,-0.109908,-0.029499
1591914518732934,9.994392,2.992998,10.005945,0.994051,-0.009706,-0.105287,-0.026123
1591914518766599,9.995694,2.993489,10.009826,0.994730,-0.008882,-0.099807,-0.021719
1591914518800859,9.995949,2.993471,10.011611,0.994581,-0.008202,-0.101276,-0.022016
1591914518834853,9.993211,2.995413,10.008876,0.996126,-0.012070,-0.083325,-0.025385
1591914518868609,9.991281,2.993014,10.007683,0.996848,-0.013586,-0.074145,-0.024746
1591914518902161,9.992311,2.991834,10.006294,0.997323,-0.012644,-0.068332,-0.022758
1591914518935965,9.994199,2.994016,10.005890,0.998096,-0.010616,-0.058376,-0.016823
1591914518979452,9.997115,2.993944,10.006624,0.998413,-0.004281,-0.054478,-0.013617
1591914519045314,9.994037,2.996442,10.003934,0.998788,-0.001487,-0.047602,-0.012467
1591914519083494,9.993918,2.997470,10.004683,0.999001,-0.002299,-0.042887,-0.012352
1591914519119937,9.994271,2.997514,10.004655,0.998988,-0.002470,-0.043114,-0.012559
1591914519157440,9.993409,2.998038,10.003569,0.999071,-0.002792,-0.041072,-0.012729
1591914519194104,9.993360,2.998385,10.002294,0.998931,-0.000791,-0.042954,-0.017083
1591914519230751,9.993389,2.998334,10.001299,0.998949,-0.001200,-0.042466,-0.017188
1591914519266247,9.994336,2.999224,10.000163,0.998887,-0.000455,-0.043376,-0.018499
1591914519301705,9.994143,2.999524,9.999270,0.998886,-0.000529,-0.043291,-0.018781
1591914519336526,9.994223,3.000930,9.998764,0.998871,-0.000684,-0.043754,-0.018498
1591914519370966,9.994164,3.000461,9.999312,0.998916,-0.000636,-0.043635,-0.016208
1591914519406397,9.995223,3.000150,9.999893,0.998961,-0.000721,-0.043651,-0.013068
1591914519441430,9.995005,2.999800,10.000952,0.998954,-0.000720,-0.044681,-0.009648
1591914519478380,9.995898,3.000376,10.002484,0.998974,0.000097,-0.045177,-0.003079
1591914519522962,9.996036,2.999280,10.000908,0.999066,0.000320,-0.043171,0.001603
1591914519557488,9.995004,2.998625,10.004258,0.998944,0.000731,-0.045584,0.005658
1591914519592761,9.994274,2.999835,10.002610,0.998999,0.000837,-0.043306,0.011196
1591914519643538,9.995983,3.000005,10.001659,0.998970,0.000786,-0.042478,0.015914
1591914519706368,9.996392,3.000393,10.002032,0.998931,0.000861,-0.041689,0.019961
1591914519742837,9.998083,3.000013,10.002218,0.998654,0.000951,-0.042055,0.030354
1591914519778266,9.998646,2.999020,10.002987,0.998552,0.001417,-0.043436,0.031718
1591914519812744,9.997155,2.998945,10.002209,0.998466,0.001042,-0.044477,0.032952
1591914519847472,9.997587,3.000179,10.001798,0.998479,0.000663,-0.044149,0.033026
1591914519884387,9.996186,3.001003,10.000179,0.998519,0.000477,-0.043431,0.032763
1591914519918363,9.996243,3.001454,9.999949,0.998491,0.000320,-0.044166,0.032635
1591914519952365,9.996193,3.002065,9.999988,0.998517,0.000622,-0.043941,0.032125
1591914519986157,9.996070,3.000859,10.000566,0.998555,0.001036,-0.043810,0.031099
1591914520020569,9.995502,3.000631,10.001179,0.998625,0.001407,-0.043510,0.029222
1591914520056500,9.994781,3.000382,10.001373,0.998592,0.001077,-0.044163,0.029377
1591914520091873,9.995233,3.001412,10.002773,0.998613,0.000918,-0.043753,0.029284
1591914520130141,9.996971,3.001529,10.002408,0.998616,0.000495,-0.043743,0.029181
1591914520187392,9.996573,3.002017,10.001150,0.998929,-0.002125,-0.040791,0.021736
1591914520225009,9.994916,3.001900,10.002431,0.998899,0.000120,-0.043183,0.018313
1591914520261327,9.993194,3.003051,10.001397,0.998947,-0.000397,-0.042060,0.018302
1591914520302153,9.997205,3.001793,10.003098,0.998945,0.000124,-0.042416,0.017617
1591914520337936,9.998286,3.002170,10.004174,0.998947,-0.000243,-0.042333,0.017702
1591914520374060,9.998636,3.001951,10.004402,0.998973,-0.001102,-0.041698,0.017689
1591914520410388,9.999637,3.002733,10.004310,0.998970,-0.000037,-0.041892,0.017440
1591914520445908,9.999576,3.001878,10.003429,0.998990,-0.000425,-0.041379,0.017489
1591914520481140,9.997857,3.001064,10.003541,0.999046,-0.001551,-0.039967,0.017539
1591914520516424,9.997375,3.000741,10.003462,0.999163,-0.004952,-0.036874,0.017030
1591914520551164,9.996572,3.000728,10.004152,0.998983,-0.004428,-0.041785,0.016344
1591914520610305,9.996737,3.002176,10.003750,0.999066,-0.000354,-0.040832,0.014122
1591914520645793,9.997422,3.001920,10.003819,0.999093,0.001736,-0.040139,0.014130
1591914520680453,9.997773,3.001220,10.004848,0.999113,0.001549,-0.039163,0.015392
1591914520715428,9.998348,3.001259,10.004469,0.999076,0.001296,-0.040242,0.015051
1591914520750008,9.998206,3.002289,10.005258,0.999056,0.001648,-0.040569,0.015470
1591914520787941,9.997898,3.002754,10.004362,0.999053,0.001348,-0.040404,0.016079
1591914520822506,9.997736,3.002662,10.003573,0.999080,0.001568,-0.039796,0.015883
1591914520857785,9.996741,3.002524,10.003503,0.999109,0.001019,-0.039196,0.015648
1591914520910091,9.996387,3.002304,10.003881,0.999104,0.001092,-0.039136,0.016049
1591914520944891,9.996337,3.002416,10.004776,0.998975,0.000326,-0.041616,0.017812
1591914520979560,9.997313,3.003890,10.004717,0.998848,-0.000593,-0.044612,0.017666
1591914521013984,9.997478,3.005351,10.003217,0.998843,-0.000945,-0.044978,0.017023
1591914521051080,9.998977,3.004544,10.001981,0.998829,-0.000124,-0.045243,0.017120
1591914521089209,9.999316,3.002685,10.002238,0.998881,0.000448,-0.044013,0.017292
1591914521128056,9.999866,3.002011,10.002568,0.998831,0.000807,-0.044810,0.018117
1591914521165573,9.999565,3.002435,10.003328,0.998803,0.000312,-0.045155,0.018824
1591914521205046,9.999239,3.002117,10.002918,0.998814,-0.000250,-0.044865,0.018913
1591914521240542,9.997762,3.002572,10.003352,0.998755,-0.001067,-0.046227,0.018720
1591914521277222,9.997172,3.002435,10.003592,0.998730,-0.001497,-0.046737,0.018779
1591914521314540,9.997003,3.003109,10.003824,0.998764,-0.002047,-0.045983,0.018773
1591914521350089,9.998365,3.003318,10.003659,0.998787,-0.001438,-0.045449,0.018907
1591914521389998,9.999393,3.003220,10.004832,0.998781,-0.001327,-0.045712,0.018580
1591914521425169,9.998935,3.003232,10.003519,0.998799,-0.001064,-0.045474,0.018227
1591914521460310,9.998176,3.003082,10.003901,0.998795,-0.001356,-0.045502,0.018316
1591914521497845,9.997725,3.003152,10.004945,0.998834,-0.001290,-0.044622,0.018385
1591914521533337,9.997377,3.002675,10.004755,0.998838,-0.001694,-0.044570,0.018237
1591914521567476,9.996145,3.002717,10.003954,0.998937,-0.001524,-0.042360,0.018088
1591914521601645,9.997358,3.002366,10.004323,0.999228,-0.001832,-0.034750,0.018224
1591914521636110,9.997818,3.002096,10.000819,0.999882,-0.002301,-0.010833,0.010689
1591914521694205,9.998869,3.006679,10.003875,0.999855,-0.002241,-0.011134,0.012714
1591914521729614,9.999401,3.006621,10.002226,0.999862,-0.001174,-0.011814,0.011657
1591914521764815,9.998941,3.005589,10.002102,0.999867,-0.001353,-0.011140,0.011808
1591914521799220,9.998454,3.005086,10.001977,0.999850,-0.000838,-0.012081,0.012420
1591914521833345,9.998216,3.004356,10.001377,0.999850,-0.001138,-0.012197,0.012247
1591914521868295,9.998793,3.004100,10.001615,0.999840,-0.001478,-0.012858,0.012357
1591914521902754,9.997105,3.002506,10.000928,0.999816,-0.001429,-0.014100,0.012967
1591914521936748,9.997020,3.002270,10.001410,0.999814,-0.001275,-0.014455,0.012697
1591914521971055,9.997472,3.002519,10.000920,0.999813,-0.001316,-0.014666,0.012562
1591914522004823,9.998058,3.002614,10.000270,0.999803,-0.001174,-0.015038,0.012915
1591914522055452,9.998775,3.004219,10.000784,0.999789,-0.001442,-0.015975,0.012873
1591914522116780,9.999045,3.003016,10.001656,0.999785,-0.001375,-0.016316,0.012758
1591914522158027,9.999284,3.002738,10.000892,0.999787,-0.001238,-0.016369,0.012539
1591914522197703,9.999345,3.002380,10.001835,0.999792,-0.000876,-0.016071,0.012541
1591914522232696,9.998954,3.002674,10.001102,0.999791,-0.000673,-0.016163,0.012482
1591914522268748,9.999598,3.002911,10.000499,0.999794,-0.000376,-0.015950,0.012551
1591914522304212,9.999544,3.002290,10.000368,0.999809,-0.000063,-0.014917,0.012633
1591914522357343,10.000945,3.002419,10.000599,0.999814,-0.000224,-0.014800,0.012330
1591914522393475,10.000658,3.002076,10.000585,0.999815,-0.000208,-0.014739,0.012372
1591914522428903,10.001403,3.002306,10.000981,0.999821,-0.000394,-0.014425,0.012194
1591914522464957,10.000039,3.002452,10.001175,0.999841,-0.000656,-0.013768,0.011333
1591914522500290,9.999822,3.002579,10.001390,0.999847,-0.000523,-0.013725,0.010831
1591914522535100,10.000196,3.002494,10.001393,0.999879,-0.000432,-0.012144,0.009738
1591914522569807,10.000134,3.001701,10.001893,0.999930,0.000410,-0.007947,0.008749
1591914522604805,10.000711,3.001362,10.003285,0.999945,0.001755,-0.005955,0.008470
1591914522639425,10.000060,3.001453,10.002438,0.999954,0.001311,-0.005801,0.007525
1591914522673848,9.999759,3.002301,10.001716,0.999957,0.000404,-0.005514,0.007491
1591914522708809,9.999772,3.002701,10.000627,0.999959,-0.000204,-0.005504,0.007223
1591914522743262,9.998910,3.002414,10.000825,0.999964,-0.000483,-0.004524,0.007122
1591914522777667,9.999690,3.002158,10.001389,0.999968,-0.000500,-0.003525,0.007235
1591914522812653,9.999859,3.003016,10.001547,0.999968,-0.000650,-0.002888,0.007411
1591914522847664,10.001066,3.002971,10.003940,0.999965,-0.000708,-0.003602,0.007581
1591914522885664,10.000993,3.002820,10.002348,0.999949,-0.000238,-0.005578,0.008389
1591914522921255,10.000043,3.003239,10.000749,0.999928,-0.000173,-0.007504,0.009391
1591914522957113,9.999335,3.003124,9.999413,0.999915,-0.000229,-0.007788,0.010425
1591914522991106,9.998646,3.001302,9.998220,0.999900,-0.000455,-0.008586,0.011234
1591914523027675,10.000888,3.002476,9.998920,0.999897,0.000233,-0.009161,0.011018
1591914523080626,10.001700,3.001632,9.998775,0.999897,0.001263,-0.009070,0.011066
1591914523117572,10.001451,3.000692,9.997561,0.999924,0.001866,-0.005526,0.010858
1591914523155194,10.001531,3.000320,9.997972,0.999934,0.001438,-0.003707,0.010737
1591914523200710,10.001046,3.000557,9.999378,0.999933,0.001308,-0.004368,0.010651
1591914523236531,10.000446,3.001704,9.999021,0.999934,0.001148,-0.003884,0.010710
1591914523271955,10.000534,3.001066,9.998471,0.999936,0.001157,-0.003715,0.010646
1591914523306758,10.000084,3.001536,9.998403,0.999937,0.001098,-0.003380,0.010656
1591914523341080,9.999850,3.001395,9.999402,0.999936,0.001026,-0.003590,0.010710
1591914523375629,10.001216,3.001976,9.999362,0.999936,0.001166,-0.003644,0.010646
1591914523409876,10.001313,3.002187,9.998781,0.999937,0.001273,-0.003488,0.010567
1591914523445077,10.001020,3.001988,9.998941,0.999937,0.001217,-0.003357,0.010632
1591914523480511,10.000914,3.001978,9.999183,0.999936,0.001247,-0.003378,0.010702
1591914523515236,10.000762,3.001752,9.998868,0.999936,0.001180,-0.003457,0.010679
1591914523549707,10.001228,3.001705,9.999107,0.999937,0.001132,-0.003427,0.010637
1591914523584560,10.000113,3.002180,9.998969,0.999937,0.001195,-0.003260,0.010643
1591914523620682,10.001150,3.002479,9.999834,0.999938,0.001503,-0.003449,0.010487
1591914523656233,10.001000,3.002545,10.000540,0.999937,0.001627,-0.003865,0.010462
1591914523697582,10.001480,3.002291,10.000084,0.999936,0.001747,-0.004188,0.010394
1591914523737175,10.002847,3.002294,9.998951,0.999936,0.001952,-0.004001,0.010380
1591914523772839,10.001864,3.002211,9.999076,0.999937,0.001623,-0.003737,0.010488
1591914523813225,10.001230,3.001675,10.000654,0.999938,0.001360,-0.003848,0.010391
1591914523862344,10.000543,3.000703,9.999917,0.999936,0.001399,-0.003951,0.010507
1591914523899075,10.001070,3.001968,10.000293,0.999934,0.001578,-0.004239,0.010518
1591914523939096,10.001866,3.002514,9.999316,0.999935,0.001664,-0.004155,0.010466
1591914523978705,10.000899,3.001771,9.999117,0.999935,0.001403,-0.003741,0.010662
1591914524015668,9.999703,3.001230,9.998810,0.999937,0.001102,-0.003586,0.010622
1591914524058586,10.000114,3.002487,9.999729,0.999936,0.000991,-0.003670,0.010654
1591914524096263,10.001333,3.002662,9.999714,0.999936,0.001159,-0.003537,0.010692
1591914524133780,10.001074,3.001856,9.999380,0.999935,0.001111,-0.003688,0.010750
1591914524170311,10.000604,3.001618,9.999311,0.999936,0.000976,-0.003643,0.010679
1591914524224306,10.000427,3.001899,9.999485,0.999935,0.001050,-0.003553,0.010773
1591914524261565,10.000957,3.001299,10.000289,0.999938,0.001269,-0.003828,0.010356
1591914524298245,10.001216,3.001564,10.002099,0.999934,0.001315,-0.003977,0.010689
1591914524334199,10.000078,3.001570,10.000412,0.999935,0.001395,-0.004099,0.010553
1591914524371501,10.000274,3.001568,9.999578,0.999935,0.001094,-0.003885,0.010665
1591914524408301,9.999976,3.001301,9.999523,0.999936,0.001073,-0.003652,0.010628
1591914524447993,9.999342,3.001215,9.999042,0.999935,0.001045,-0.003672,0.010758
1591914524488338,9.999614,3.001827,9.998568,0.999936,0.001238,-0.003659,0.010670
1591914524527023,9.999475,3.002287,9.998977,0.999935,0.001115,-0.003591,0.010775
1591914524564409,10.000676,3.002304,9.999537,0.999937,0.001130,-0.003601,0.010567
1591914524600542,10.001392,3.002366,10.000220,0.999937,0.001172,-0.003829,0.010493
1591914524646568,10.001005,3.002585,10.001292,0.999938,0.001150,-0.004009,0.010359
1591914524683442,10.000672,3.002729,10.001134,0.999937,0.001092,-0.004259,0.010303
1591914524720103,9.999879,3.002528,10.001838,0.999937,0.001024,-0.004542,0.010223
1591914524761574,9.999544,3.001869,9.999415,0.999937,0.000525,-0.003070,0.010767
1591914524797708,10.001163,3.002248,10.000281,0.999940,0.001463,-0.004453,0.009907
1591914524839286,10.002396,3.002144,10.003624,0.999938,0.001318,-0.004238,0.010217
1591914524880275,10.001888,3.002388,10.005886,0.999934,0.001652,-0.005610,0.009838
1591914524916623,10.001791,3.001623,10.004941,0.999931,0.001626,-0.005517,0.010230
1591914524957169,9.999873,3.001617,10.002700,0.999933,0.001236,-0.004983,0.010349
1591914525007627,9.998375,3.002801,9.997024,0.999937,0.000538,-0.003079,0.010794
1591914525044635,9.999046,3.002073,9.997421,0.999938,0.000384,-0.002512,0.010799
1591914525086579,10.000752,3.001650,10.000544,0.999936,0.000749,-0.003285,0.010786
1591914525126375,10.001147,3.001268,10.001607,0.999933,0.001081,-0.004052,0.010755
1591914525162402,10.000347,3.001817,10.000504,0.999937,0.000972,-0.003567,0.010563
1591914525203803,10.000233,3.001404,10.000436,0.999937,0.000661,-0.003456,0.010692
1591914525249566,10.000392,3.001660,10.001768,0.999933,0.000969,-0.004115,0.010768
1591914525310904,10.000329,3.002926,10.000362,0.999938,0.001052,-0.003525,0.010507
1591914525347601,9.999356,3.003408,9.999210,0.999941,0.000735,-0.002787,0.010497
1591914525383472,10.000215,3.002882,9.999777,0.999933,0.000890,-0.003544,0.011017
1591914525431027,10.000513,3.001843,10.000352,0.999935,0.001157,-0.003715,0.010680
1591914525468760,9.999807,3.001846,9.999123,0.999936,0.000846,-0.003548,0.010748
1591914525509345,9.998924,3.001683,9.999308,0.999937,0.000692,-0.003315,0.010749
1591914525548462,10.000224,3.002468,9.999672,0.999938,0.000881,-0.003353,0.010617
1591914525585058,10.000705,3.002246,10.001218,0.999938,0.000972,-0.003353,0.010591
1591914525626167,10.000552,3.002747,10.000575,0.999936,0.000843,-0.003578,0.010683
1591914525667004,10.000252,3.002043,9.998652,0.999937,0.000801,-0.003379,0.010701
1591914525703720,10.000124,3.002079,9.998592,0.999938,0.000871,-0.003033,0.010642
1591914525740211,9.999693,3.001202,10.000448,0.999934,0.000677,-0.003740,0.010827
1591914525791423,10.000320,3.002490,9.999910,0.999936,0.000865,-0.003539,0.010693
1591914525851292,10.000987,3.003347,9.999966,0.999939,0.000860,-0.003374,0.010471
1591914525912052,10.001078,3.002081,10.000654,0.999944,0.000777,-0.003289,0.010001
1591914525973730,10.000123,3.001808,9.999857,0.999943,0.000892,-0.003518,0.010010
1591914526008215,10.000425,3.002077,9.998343,0.999942,0.000710,-0.003373,0.010223
1591914526044999,10.000928,3.001952,9.998928,0.999939,0.000729,-0.003281,0.010526
1591914526082030,10.001333,3.001949,9.998616,0.999938,0.000747,-0.003428,0.010612
1591914526119070,10.001580,3.002101,9.999347,0.999938,0.000814,-0.003376,0.010600
1591914526159637,10.001117,3.002159,9.999425,0.999938,0.000849,-0.003316,0.010602
1591914526200744,10.000569,3.001953,9.999898,0.999936,0.000865,-0.003553,0.010700
1591914526238237,10.000559,3.002144,10.000695,0.999937,0.000807,-0.003678,0.010559
1591914526277574,10.001013,3.002222,10.000128,0.999938,0.000880,-0.003607,0.010472
1591914526314729,10.001463,3.001967,10.000336,0.999937,0.000800,-0.003667,0.010558
1591914526351666,10.000755,3.003039,10.000711,0.999941,0.000917,-0.003691,0.010186
1591914526389381,10.000482,3.003052,9.999386,0.999942,0.000997,-0.003371,0.010136
1591914526427277,10.000094,3.001809,9.999591,0.999945,0.001030,-0.003153,0.009925
1591914526465210,10.000228,3.001688,10.000295,0.999945,0.000630,-0.003269,0.009903
1591914526502620,10.001034,3.001882,10.000090,0.999947,0.000854,-0.003351,0.009707
1591914526540541,10.001500,3.002486,9.999821,0.999947,0.001086,-0.003506,0.009575
1591914526578051,10.001603,3.002550,10.000209,0.999949,0.000985,-0.003713,0.009303
1591914526619048,10.001620,3.002074,9.999904,0.999953,0.001093,-0.003579,0.008923
1591914526658944,10.000775,3.001423,9.998858,0.999955,0.001257,-0.003431,0.008768
1591914526699593,10.000474,3.001462,9.998466,0.999955,0.001325,-0.003271,0.008759
1591914526737461,10.000984,3.002712,9.999744,0.999957,0.001319,-0.003141,0.008605
1591914526774590,10.000946,3.001708,9.999041,0.999958,0.001442,-0.003237,0.008409
1591914526812274,10.001172,3.002402,9.999182,0.999960,0.001539,-0.003188,0.008234
1591914526849788,10.001081,3.002212,9.998129,0.999962,0.001560,-0.003144,0.007989
1591914526886805,10.000555,3.003124,9.997311,0.999962,0.001528,-0.002954,0.008006
1591914526936551,10.001143,3.002977,9.997417,0.999965,0.001660,-0.002828,0.007680
1591914526997164,10.000519,3.001426,9.998253,0.999967,0.001635,-0.002859,0.007481
1591914527059569,10.000964,3.002058,9.999519,0.999965,0.001417,-0.002991,0.007649
1591914527116155,10.000726,3.001021,9.998973,0.999966,0.001007,-0.003125,0.007573
1591914527153163,10.000593,3.001627,9.999745,0.999963,0.000922,-0.003216,0.007996
1591914527195498,10.001492,3.001634,9.998888,0.999955,0.000997,-0.003367,0.008831
1591914527235125,10.001899,3.001828,9.999049,0.999949,0.000909,-0.003328,0.009513
1591914527271470,10.002110,3.001766,9.999013,0.999944,0.000912,-0.003130,0.010110
1591914527314001,10.001783,3.001371,9.999841,0.999941,0.000937,-0.003059,0.010381
1591914527359301,10.000811,3.001424,10.000816,0.999941,0.001066,-0.003310,0.010343
1591914527418779,10.000625,3.002256,10.000763,0.999939,0.001128,-0.003670,0.010336
1591914527455283,9.999221,3.002504,10.000519,0.999940,0.001069,-0.003503,0.010369
1591914527491801,10.000037,3.001508,9.999471,0.999939,0.000978,-0.003440,0.010450
1591914527528361,10.000855,3.002235,9.999403,0.999939,0.001107,-0.003555,0.010380
1591914527566286,10.001366,3.001509,9.999787,0.999940,0.001052,-0.003525,0.010336
1591914527602790,10.000624,3.000517,9.999581,0.999939,0.000978,-0.003480,0.010428
1591914527660648,10.000712,3.000834,9.999650,0.999939,0.001012,-0.003535,0.010385
1591914527697193,10.000661,3.001004,9.999228,0.999939,0.001072,-0.003579,0.010436
1591914527733205,10.001084,3.002154,9.998745,0.999939,0.001059,-0.003489,0.010390
1591914527780370,10.000911,3.001847,10.000893,0.999940,0.001112,-0.003535,0.010359
1591914527817897,10.000257,3.000921,10.000059,0.999940,0.001052,-0.003575,0.010349
1591914527858001,10.000883,3.002221,9.999174,0.999940,0.001086,-0.003546,0.010349
1591914527900503,10.001445,3.001062,9.998570,0.999939,0.001092,-0.003614,0.010401
1591914527960996,10.001665,3.001698,9.998841,0.999939,0.001124,-0.003562,0.010379
1591914528023500,10.001022,3.002651,9.999440,0.999939,0.001132,-0.003572,0.010421
1591914528080192,10.000445,3.001258,10.000305,0.999938,0.001129,-0.003671,0.010423
1591914528117598,10.000562,3.001914,9.999842,0.999938,0.001147,-0.003725,0.010473
1591914528154583,9.999557,3.000532,9.999765,0.999937,0.001151,-0.003785,0.010532
1591914528203281,10.001433,3.001010,10.001091,0.999938,0.001139,-0.003712,0.010451
1591914528239307,10.001449,3.001325,10.000068,0.999938,0.001140,-0.003676,0.010459
1591914528275215,10.001260,3.001115,10.000161,0.999938,0.001142,-0.003717,0.010425
1591914528322799,10.001259,3.000788,10.000216,0.999938,0.001137,-0.003717,0.010413
1591914528381485,10.000445,3.001807,9.998954,0.999938,0.001119,-0.003684,0.010439
1591914528444041,10.000818,3.001071,9.999012,0.999938,0.001141,-0.003692,0.010459
1591914528479322,10.000781,3.001267,9.999247,0.999938,0.001175,-0.003727,0.010470
1591914528515797,10.000992,3.001143,9.998738,0.999938,0.001138,-0.003712,0.010455
1591914528553630,10.001054,3.001242,9.999166,0.999938,0.001161,-0.003711,0.010458
1591914528590841,9.999985,3.000710,9.999533,0.999937,0.001147,-0.003709,0.010505
1591914528628065,10.000261,3.000364,9.999604,0.999937,0.001141,-0.003720,0.010492
1591914528668461,10.000073,3.000548,9.999537,0.999937,0.001092,-0.003704,0.010516
1591914528709209,10.000757,3.001122,9.999642,0.999937,0.001129,-0.003723,0.010498
1591914528750280,10.000563,3.000980,10.000431,0.999938,0.001115,-0.003733,0.010464
1591914528791886,10.000102,3.000507,10.001083,0.999938,0.001135,-0.003732,0.010461
1591914528829920,10.000916,3.000874,10.000446,0.999938,0.001092,-0.003693,0.010461
1591914528870309,10.000799,3.000656,9.999969,0.999938,0.001055,-0.003692,0.010447
1591914528906592,10.001475,3.001278,9.999543,0.999938,0.001051,-0.003667,0.010441
1591914528943945,10.001364,3.001889,9.998937,0.999939,0.001036,-0.003654,0.010403
1591914528985551,10.000426,3.001920,9.998790,0.999939,0.001009,-0.003658,0.010395
1591914529022738,10.000734,3.001485,9.998317,0.999939,0.001020,-0.003640,0.010411
1591914529060095,10.000041,3.000786,9.999098,0.999938,0.001013,-0.003620,0.010442
1591914529097516,10.000501,3.000937,10.000133,0.999939,0.001024,-0.003640,0.010407
1591914529134290,10.000795,3.001271,10.000051,0.999939,0.001052,-0.003648,0.010401
1591914529172140,10.001293,3.001229,9.999482,0.999939,0.001063,-0.003656,0.010405
1591914529210016,10.001471,3.001530,9.999194,0.999939,0.001071,-0.003609,0.010380
1591914529247748,10.001114,3.000891,9.999635,0.999939,0.001060,-0.003651,0.010389
1591914529286789,10.000245,3.001343,10.000537,0.999938,0.001095,-0.003676,0.010425
1591914529324154,10.000747,3.001724,10.000068,0.999938,0.001071,-0.003672,0.010442
1591914529362205,10.000913,3.001030,10.000881,0.999939,0.001074,-0.003635,0.010415
1591914529399918,10.000627,3.000693,10.000566,0.999938,0.001051,-0.003669,0.010440
1591914529437720,10.001087,3.000758,10.000582,0.999938,0.001060,-0.003692,0.010425
1591914529482262,10.000855,3.000778,9.999629,0.999938,0.001029,-0.003698,0.010418
1591914529525368,10.000980,3.000749,9.999622,0.999939,0.001065,-0.003656,0.010406
1591914529564376,10.000895,3.000302,9.999401,0.999939,0.001046,-0.003623,0.010429
1591914529603443,10.000239,3.000020,9.999336,0.999938,0.001056,-0.003675,0.010442
1591914529649614,10.000326,3.000487,9.999707,0.999938,0.001069,-0.003694,0.010433
1591914529688224,9.999928,3.000642,9.999279,0.999938,0.001047,-0.003701,0.010458
1591914529725735,9.999596,3.001112,9.999347,0.999938,0.001016,-0.003676,0.010474
1591914529770899,9.999936,3.000878,9.998786,0.999938,0.001030,-0.003680,0.010498
1591914529808166,10.000336,3.000999,9.999651,0.999938,0.000995,-0.003671,0.010474
1591914529845472,9.999947,3.000761,9.999392,0.999938,0.000999,-0.003656,0.010508
1591914529882613,9.999510,3.000620,9.999791,0.999937,0.000971,-0.003645,0.010539
1591914529920088,9.999474,3.000918,10.000561,0.999938,0.000961,-0.003672,0.010482
1591914529957182,10.000220,3.001233,10.000332,0.999938,0.000967,-0.003674,0.010484
1591914530010661,9.999827,3.001215,9.999656,0.999938,0.000996,-0.003615,0.010465
1591914530047291,9.999754,3.000284,10.000217,0.999938,0.000968,-0.003648,0.010493
1591914530086205,9.999422,3.000267,9.999757,0.999938,0.000956,-0.003673,0.010458
1591914530131357,10.000213,3.000451,9.999124,0.999938,0.000993,-0.003673,0.010515
1591914530191308,10.000675,3.001592,9.998961,0.999938,0.000980,-0.003713,0.010489
1591914530253724,10.001009,3.001765,9.998815,0.999938,0.001023,-0.003687,0.010501
1591914530292798,9.999237,2.999913,9.999984,0.999937,0.000984,-0.003767,0.010560
1591914530331232,9.999416,3.000296,9.999627,0.999937,0.001016,-0.003776,0.010523
1591914530373740,9.999476,3.001444,9.999025,0.999937,0.001022,-0.003754,0.010533
1591914530436471,10.000592,3.001181,9.999035,0.999937,0.001065,-0.003783,0.010550
1591914530475398,10.000734,3.000885,9.999290,0.999936,0.001057,-0.003848,0.010563
1591914530514644,10.000914,3.000475,9.999972,0.999936,0.001051,-0.003853,0.010597
1591914530554513,10.000846,3.001256,9.999568,0.999936,0.001051,-0.003796,0.010562
1591914530616011,10.000020,3.001634,9.998844,0.999936,0.001086,-0.003785,0.010595
1591914530655369,9.999367,3.001060,9.999616,0.999936,0.001086,-0.003797,0.010592
1591914530694181,9.999009,3.000037,9.999532,0.999936,0.001023,-0.003806,0.010622
1591914530735311,9.999817,3.000038,9.998802,0.999936,0.001018,-0.003809,0.010657
1591914530794995,9.998882,3.000812,9.998802,0.999935,0.001036,-0.003784,0.010695
1591914530856719,9.999146,3.000643,9.998661,0.999935,0.001042,-0.003775,0.010742
1591914530895222,9.999960,3.000465,9.998666,0.999935,0.001064,-0.003787,0.010704
1591914530933619,9.999881,3.001307,9.998330,0.999935,0.001124,-0.003797,0.010682
1591914530971890,9.999633,3.000675,9.998129,0.999935,0.001127,-0.003799,0.010687
1591914531008891,10.000197,3.000619,9.998672,0.999935,0.001108,-0.003775,0.010672
1591914531047849,10.000148,3.000876,9.999846,0.999936,0.001078,-0.003754,0.010659
1591914531087600,10.000628,3.001472,9.999661,0.999935,0.001076,-0.003748,0.010687
1591914531126811,9.999865,3.000530,9.999619,0.999935,0.001040,-0.003744,0.010677
1591914531166395,9.999690,3.000278,9.999631,0.999935,0.001040,-0.003727,0.010691
1591914531206434,9.999337,3.000595,9.999153,0.999936,0.001057,-0.003724,0.010664
1591914531246328,9.999422,3.001059,9.999112,0.999936,0.001072,-0.003685,0.010658
1591914531292307,9.999826,3.000764,9.999794,0.999936,0.001097,-0.003761,0.010641
1591914531332771,10.000055,3.000988,9.999477,0.999936,0.001092,-0.003749,0.010620
1591914531373433,9.999178,3.001524,9.998320,0.999935,0.001076,-0.003766,0.010671
1591914531412998,9.999465,3.001177,9.998559,0.999936,0.001052,-0.003717,0.010673
1591914531456014,10.000191,3.001055,9.998744,0.999936,0.001055,-0.003679,0.010675
1591914531495655,9.999948,3.000784,9.999361,0.999936,0.001051,-0.003676,0.010638
1591914531535994,10.000084,3.001202,9.999250,0.999936,0.001060,-0.003634,0.010649
1591914531575812,9.999614,3.000986,9.999698,0.999936,0.001045,-0.003672,0.010632
1591914531615856,9.999688,3.000890,9.999522,0.999936,0.001041,-0.003696,0.010613
1591914531656106,9.999561,3.001327,9.999377,0.999936,0.001048,-0.003711,0.010621
1591914531696745,10.000006,3.000835,9.999502,0.999936,0.001067,-0.003710,0.010639
1591914531736919,9.999331,3.000643,9.999603,0.999936,0.001075,-0.003741,0.010638
1591914531775400,9.999395,3.000977,9.999417,0.999936,0.001083,-0.003745,0.010670
1591914531820854,9.999654,3.001344,9.998857,0.999936,0.001114,-0.003707,0.010655
1591914531863273,9.999901,3.000940,10.000046,0.999936,0.001087,-0.003700,0.010629
1591914531904684,10.000440,3.001451,9.999329,0.999936,0.001096,-0.003695,0.010611
1591914531944687,10.000568,3.001367,9.999239,0.999936,0.001074,-0.003706,0.010606
1591914532002464,10.000126,3.001168,9.999205,0.999937,0.001081,-0.003675,0.010585
1591914532041978,10.000011,3.001266,9.999395,0.999937,0.001100,-0.003645,0.010558
1591914532080510,9.999914,3.001039,10.000008,0.999937,0.001071,-0.003658,0.010523
1591914532123188,9.999456,3.000910,9.999315,0.999937,0.001051,-0.003666,0.010522
1591914532162865,10.000706,3.000377,9.999532,0.999937,0.001030,-0.003663,0.010529
1591914532202891,10.000466,3.000509,9.999446,0.999937,0.001015,-0.003656,0.010533
1591914532244254,10.000077,3.000344,9.999626,0.999937,0.001020,-0.003681,0.010535
1591914532284120,10.000122,3.000210,9.999510,0.999937,0.001002,-0.003673,0.010564
1591914532324220,10.000531,3.001144,9.999640,0.999937,0.001015,-0.003634,0.010534
1591914532364911,10.000431,3.000795,9.999732,0.999937,0.001017,-0.003647,0.010588
1591914532405718,10.000086,3.000444,9.999006,0.999937,0.001007,-0.003655,0.010592
1591914532450006,10.000114,3.000164,9.998736,0.999937,0.001023,-0.003659,0.010603
1591914532492179,10.000509,3.001236,9.999316,0.999937,0.001029,-0.003644,0.010566
1591914532531971,9.999854,3.001647,9.999184,0.999937,0.001045,-0.003663,0.010571
1591914532572177,10.000259,3.001592,9.998737,0.999937,0.001093,-0.003671,0.010519
1591914532611618,10.000664,3.001463,9.998548,0.999937,0.001094,-0.003686,0.010523
1591914532650491,10.000945,3.001370,9.999239,0.999937,0.001103,-0.003680,0.010526
1591914532689027,10.000352,3.001181,9.999372,0.999937,0.001100,-0.003669,0.010527
1591914532727732,10.000875,3.000723,9.999387,0.999938,0.001092,-0.003675,0.010502
1591914532784502,10.000717,3.000402,9.999517,0.999938,0.001093,-0.003702,0.010472
1591914532822945,10.000045,3.000603,9.999034,0.999937,0.001058,-0.003761,0.010539
1591914532860762,10.001203,3.001147,9.998745,0.999937,0.001084,-0.003684,0.010528
1591914532898221,10.001267,3.001129,9.998594,0.999937,0.001082,-0.003685,0.010527
1591914532936274,10.001357,3.001336,9.999748,0.999937,0.001107,-0.003715,0.010540
1591914532974103,10.000957,3.001096,9.999464,0.999937,0.001079,-0.003740,0.010526
1591914533024019,10.000731,3.001989,9.999108,0.999937,0.001103,-0.003709,0.010533
1591914533085755,10.001307,3.001946,9.999620,0.999938,0.001116,-0.003656,0.010494
1591914533122845,10.001436,3.001399,9.999351,0.999938,0.001121,-0.003654,0.010495
1591914533160217,10.000377,3.000409,9.999489,0.999938,0.001132,-0.003670,0.010483
1591914533197943,10.000524,3.000598,9.999531,0.999938,0.001145,-0.003685,0.010473
1591914533235882,10.001033,3.000843,9.999466,0.999938,0.001165,-0.003720,0.010458
1591914533274269,10.001034,3.001391,9.999060,0.999938,0.001180,-0.003745,0.010445
1591914533312022,10.001077,3.001748,9.998644,0.999937,0.001192,-0.003769,0.010472
1591914533350737,10.001708,3.002257,9.998336,0.999938,0.001214,-0.003727,0.010455
1591914533389594,10.000707,3.001463,9.999233,0.999938,0.001209,-0.003721,0.010449
1591914533428625,10.000948,3.001013,10.000119,0.999938,0.001153,-0.003704,0.010440
1591914533467964,10.000895,3.000350,10.000604,0.999938,0.001141,-0.003713,0.010457
1591914533507386,10.000447,3.000074,10.000870,0.999938,0.001104,-0.003720,0.010469
1591914533545332,10.000060,3.000010,10.000888,0.999938,0.001078,-0.003689,0.010486
1591914533584555,10.000575,3.000792,10.000009,0.999937,0.001085,-0.003710,0.010512
1591914533628193,10.000936,3.001121,9.999684,0.999937,0.001111,-0.003763,0.010512
1591914533666541,10.001351,3.001367,9.999271,0.999937,0.001104,-0.003750,0.010498
1591914533705003,10.001194,3.001066,9.999136,0.999937,0.001122,-0.003779,0.010475
1591914533743177,10.000487,3.000874,9.999894,0.999938,0.001081,-0.003726,0.010464
1591914533782275,10.000187,3.000378,9.999615,0.999937,0.001047,-0.003729,0.010491
1591914533820289,10.000329,3.000878,9.998568,0.999937,0.001059,-0.003719,0.010499
1591914533858377,9.999666,3.001117,9.999157,0.999937,0.001096,-0.003715,0.010493
1591914533899528,10.000536,3.001620,9.999869,0.999938,0.001122,-0.003679,0.010477
1591914533938865,10.000584,3.001868,10.000107,0.999938,0.001115,-0.003675,0.010479
1591914533978034,10.000536,3.001637,10.000441,0.999938,0.001124,-0.003666,0.010451
1591914534016826,10.000681,3.001090,9.999914,0.999938,0.001101,-0.003676,0.010461
1591914534056768,10.000611,3.000610,9.999582,0.999938,0.001082,-0.003664,0.010463
1591914534094912,10.000916,3.001030,9.999815,0.999938,0.001071,-0.003655,0.010452
1591914534132220,10.001118,3.001870,9.999808,0.999938,0.001071,-0.003646,0.010456
1591914534170202,10.000896,3.001146,9.999496,0.999938,0.001050,-0.003680,0.010502
1591914534207705,10.000833,3.000900,9.999993,0.999938,0.001029,-0.003661,0.010508
1591914534246056,10.000251,3.000219,9.999637,0.999937,0.001017,-0.003698,0.010511
1591914534283430,10.000793,3.000511,9.999571,0.999938,0.001025,-0.003699,0.010496
1591914534320312,10.000227,3.000369,9.999464,0.999937,0.001010,-0.003695,0.010544
1591914534359600,10.000320,3.000273,9.999683,0.999936,0.000997,-0.003758,0.010587
1591914534398716,9.999824,3.000257,9.999634,0.999936,0.000965,-0.003775,0.010606
1591914534437499,10.000096,3.000644,9.998503,0.999936,0.000974,-0.003753,0.010623
1591914534476092,10.000548,3.001330,9.998323,0.999937,0.000977,-0.003706,0.010589
1591914534514981,10.000332,3.001128,9.998603,0.999936,0.000993,-0.003761,0.010608
1591914534554231,10.000248,2.999804,9.998381,0.999936,0.000995,-0.003806,0.010640
1591914534592598,10.000448,3.000082,9.998738,0.999936,0.001010,-0.003811,0.010652
