1591033133141185,5.000000,3.000000,5.000000,0.999929,-0.003838,-0.011306,-0.000144
1591033133169737,5.000036,3.000368,5.000021,0.999945,-0.002219,-0.010208,-0.000084
1591033133200951,5.000169,3.000844,4.999875,0.999946,-0.002203,-0.010109,-0.000091
1591033133233327,5.000134,3.000796,4.999944,0.999975,0.000317,-0.007072,-0.000103
1591033133267778,5.000198,3.001014,4.999941,0.999979,0.000656,-0.006436,-0.000106
1591033133302288,5.000482,3.000987,4.998963,0.999996,0.001254,-0.002564,-0.000111
1591033133335825,5.000243,3.000988,4.999724,0.999964,-0.000712,-0.008421,-0.000107
1591033133367337,5.000272,3.001050,4.999618,0.999966,-0.000974,-0.008167,-0.000098
1591033133400812,5.000155,3.001071,4.999954,0.999951,-0.001594,-0.009733,-0.000105
1591033133434689,5.000140,3.001007,4.999773,0.999955,-0.001793,-0.009321,-0.000126
1591033133467559,5.000287,3.001115,4.999646,0.999955,-0.001546,-0.009404,-0.000155
1591033133500706,5.000056,3.000991,5.000403,0.999937,-0.002168,-0.011023,-0.000177
1591033133534925,5.000151,3.001033,5.000088,0.999944,-0.002114,-0.010344,-0.000195
1591033133568576,5.000254,3.001212,4.999542,0.999953,-0.001977,-0.009444,-0.000266
1591033133601838,5.000173,3.001623,4.999327,0.999954,-0.002176,-0.009379,-0.000240
1591033133634858,4.999887,3.001663,4.999726,0.999947,-0.002477,-0.010035,-0.000243
1591033133670272,5.000235,3.001911,4.999601,0.999948,-0.002131,-0.009987,-0.000275
1591033133702283,5.000222,3.001704,4.999491,0.999948,-0.002180,-0.009968,-0.000243
1591033133736549,5.000362,3.001746,4.999066,0.999950,-0.002100,-0.009787,-0.000255
1591033133769795,5.000400,3.001712,4.999148,0.999948,-0.002109,-0.009939,-0.000266
1591033133804612,5.000133,3.001635,4.999213,0.999946,-0.002346,-0.010098,-0.000260
1591033133837997,5.000286,3.001972,4.999628,0.999943,-0.002252,-0.010395,-0.000299
1591033133871386,5.000018,3.002050,4.999870,0.999942,-0.002399,-0.010512,-0.000263
1591033133905377,5.000343,3.002347,5.000187,0.999941,-0.002157,-0.010669,-0.000258
1591033133937685,5.000490,3.002297,4.999756,0.999944,-0.002059,-0.010345,-0.000272
1591033133970803,5.000198,3.002253,4.999493,0.999945,-0.002244,-0.010211,-0.000261
1591033134005817,5.000123,3.002104,4.999423,0.999945,-0.002296,-0.010195,-0.000272
1591033134042250,5.000408,3.001923,4.999249,0.999946,-0.002148,-0.010155,-0.000254
1591033134076414,5.000197,3.001826,4.999292,0.999946,-0.002239,-0.010175,-0.000244
1591033134108006,5.000020,3.002116,4.999677,0.999943,-0.002308,-0.010419,-0.000243
1591033134142655,5.000368,3.002167,4.999803,0.999943,-0.002132,-0.010423,-0.000264
1591033134177879,5.000672,3.002270,4.999910,0.999943,-0.002053,-0.010450,-0.000253
1591033134211926,5.000508,3.002295,4.999641,0.999945,-0.002147,-0.010311,-0.000277
1591033134244251,5.000331,3.002135,4.999719,0.999944,-0.002243,-0.010307,-0.000282
1591033134274836,5.000662,3.002110,4.999440,0.999946,-0.002114,-0.010213,-0.000275
1591033134320263,5.000751,3.002351,4.999469,0.999945,-0.002107,-0.010227,-0.000307
1591033134347400,5.000416,3.002030,4.999496,0.999945,-0.002228,-0.010236,-0.000304
1591033134376782,5.000470,3.002229,4.999659,0.999944,-0.002224,-0.010303,-0.000303
1591033134408872,5.000032,3.002059,4.999480,0.999944,-0.002358,-0.010280,-0.000276
1591033134443676,4.999870,3.001922,4.999184,0.999945,-0.002360,-0.010188,-0.000255
1591033134476820,5.000257,3.002314,4.999630,0.999944,-0.002213,-0.010336,-0.000222
1591033134510955,5.000442,3.002258,4.999348,0.999945,-0.002151,-0.010298,-0.000227
1591033134545138,5.000174,3.002121,4.999260,0.999945,-0.002243,-0.010292,-0.000213
1591033134575086,4.999727,3.001956,4.999508,0.999943,-0.002377,-0.010414,-0.000203
1591033134610565,4.999883,3.001985,4.999156,0.999944,-0.002272,-0.010327,-0.000169
1591033134644542,4.999912,3.002107,4.999430,0.999943,-0.002236,-0.010395,-0.000186
1591033134678482,4.999844,3.001875,4.999278,0.999944,-0.002249,-0.010363,-0.000166
1591033134710040,4.999908,3.001885,4.999292,0.999943,-0.002228,-0.010407,-0.000182
1591033134745557,4.999805,3.002018,4.999242,0.999944,-0.002234,-0.010374,-0.000160
1591033134778732,5.000218,3.001828,4.999467,0.999944,-0.002138,-0.010399,-0.000145
1591033134811690,5.000360,3.002227,4.999640,0.999943,-0.002108,-0.010440,-0.000132
1591033134845749,5.000430,3.002290,5.000253,0.999942,-0.002125,-0.010566,-0.000116
1591033134878475,4.999945,3.002108,5.000020,0.999943,-0.002254,-0.010481,-0.000118
1591033134913158,4.999757,3.002043,4.999869,0.999943,-0.002307,-0.010424,-0.000131
1591033134946997,4.999566,3.001928,4.999248,0.999945,-0.002317,-0.010245,-0.000116
1591033134980246,4.999819,3.002234,4.999310,0.999945,-0.002240,-0.010261,-0.000112
1591033135013454,4.999714,3.001808,4.999732,0.999943,-0.002281,-0.010391,-0.000110
1591033135049307,4.999635,3.002165,4.999824,0.999943,-0.002276,-0.010395,-0.000118
1591033135085068,5.000008,3.002289,4.999984,0.999944,-0.002192,-0.010391,-0.000121
1591033135119917,4.999877,3.002149,4.999199,0.999945,-0.002229,-0.010232,-0.000141
1591033135152143,5.000017,3.001988,4.999212,0.999945,-0.002220,-0.010263,-0.000135
1591033135187934,5.000038,3.002337,4.999522,0.999944,-0.002229,-0.010333,-0.000156
1591033135219700,5.000296,3.002553,4.999652,0.999944,-0.002198,-0.010365,-0.000174
1591033135252033,5.000312,3.002208,5.000103,0.999943,-0.002223,-0.010444,-0.000158
1591033135286297,5.000206,3.002341,4.999734,0.999944,-0.002242,-0.010360,-0.000158
1591033135319655,4.999984,3.002232,4.999170,0.999945,-0.002276,-0.010253,-0.000188
1591033135352858,4.999817,3.002026,4.999468,0.999944,-0.002321,-0.010331,-0.000191
1591033135382209,4.999581,3.001975,4.999291,0.999944,-0.002342,-0.010321,-0.000210
1591033135411600,4.999760,3.001808,4.999248,0.999944,-0.002253,-0.010331,-0.000186
1591033135441455,5.000245,3.001693,4.999346,0.999944,-0.002161,-0.010359,-0.000165
1591033135470996,5.000237,3.001576,4.999606,0.999944,-0.002160,-0.010406,-0.000162
1591033135498098,5.000082,3.001283,4.999781,0.999943,-0.002221,-0.010437,-0.000130
1591033135527248,5.000123,3.001327,5.000000,0.999943,-0.002206,-0.010484,-0.000146
1591033135556483,5.000124,3.002291,5.000093,0.999943,-0.002210,-0.010444,-0.000134
1591033135589866,4.999702,3.001196,4.999376,0.999944,-0.002302,-0.010315,-0.000137
1591033135622523,4.999629,3.002154,4.999326,0.999944,-0.002296,-0.010336,-0.000155
1591033135656070,5.000212,3.001121,4.999255,0.999944,-0.002198,-0.010321,-0.000152
1591033135689073,5.000279,3.001199,4.999351,0.999944,-0.002210,-0.010354,-0.000141
1591033135722869,5.000357,3.002147,4.999316,0.999944,-0.002223,-0.010338,-0.000145
1591033135755640,5.000039,3.002145,4.999550,0.999943,-0.002278,-0.010390,-0.000146
1591033135789477,5.000088,3.001273,5.000114,0.999942,-0.002256,-0.010492,-0.000141
1591033135822851,5.000062,3.002216,5.000266,0.999943,-0.002255,-0.010480,-0.000134
1591033135856053,5.000039,3.001215,4.999805,0.999944,-0.002268,-0.010360,-0.000117
1591033135888901,4.999853,3.001436,4.999510,0.999944,-0.002268,-0.010334,-0.000171
1591033135923084,4.999798,3.002450,4.999459,0.999944,-0.002268,-0.010348,-0.000178
1591033135956028,5.000019,3.002337,4.999764,0.999944,-0.002217,-0.010388,-0.000176
1591033135990397,5.000028,3.001171,4.999249,0.999945,-0.002235,-0.010290,-0.000162
1591033136024241,4.999976,3.001230,4.999560,0.999944,-0.002264,-0.010337,-0.000168
1591033136059120,5.000017,3.001469,4.999795,0.999944,-0.002257,-0.010362,-0.000200
1591033136092959,5.000056,3.001503,5.000014,0.999944,-0.002255,-0.010376,-0.000210
1591033136124913,5.000142,3.001462,4.999808,0.999944,-0.002256,-0.010332,-0.000221
1591033136160384,5.000033,3.001451,4.999812,0.999944,-0.002263,-0.010338,-0.000192
1591033136191289,5.000168,3.001440,4.999614,0.999944,-0.002257,-0.010304,-0.000214
1591033136224792,5.000014,3.001307,4.999421,0.999945,-0.002301,-0.010281,-0.000187
1591033136261284,5.000149,3.001337,4.999314,0.999945,-0.002293,-0.010285,-0.000183
1591033136291542,5.000060,3.001310,4.999695,0.999944,-0.002315,-0.010340,-0.000184
1591033136326062,4.999963,3.001458,4.999845,0.999944,-0.002307,-0.010362,-0.000167
1591033136359041,4.999806,3.001394,4.999805,0.999944,-0.002333,-0.010346,-0.000175
1591033136394751,4.999784,3.001445,4.999619,0.999945,-0.002345,-0.010258,-0.000149
1591033136424089,4.999980,3.001436,4.999649,0.999945,-0.002300,-0.010265,-0.000200
1591033136460512,5.000095,3.001441,4.999558,0.999944,-0.002284,-0.010297,-0.000194
1591033136493988,4.999734,3.001385,4.999932,0.999944,-0.002337,-0.010361,-0.000184
1591033136526565,4.999941,3.001196,4.999593,0.999945,-0.002312,-0.010280,-0.000170
1591033136559645,4.999780,3.001447,4.999600,0.999944,-0.002334,-0.010289,-0.000187
1591033136593940,4.999973,3.001617,4.999559,0.999944,-0.002267,-0.010330,-0.000186
1591033136628414,4.999952,3.001606,4.999829,0.999944,-0.002276,-0.010367,-0.000186
1591033136661307,4.999952,3.001301,5.000045,0.999943,-0.002296,-0.010391,-0.000183
1591033136695011,4.999978,3.001471,4.999917,0.999944,-0.002319,-0.010341,-0.000210
1591033136729317,5.000069,3.001503,4.999578,0.999944,-0.002279,-0.010293,-0.000191
1591033136762535,5.000142,3.001311,4.999654,0.999944,-0.002281,-0.010326,-0.000171
1591033136794882,5.000314,3.001380,4.999616,0.999944,-0.002270,-0.010355,-0.000142
1591033136828480,5.000147,3.001338,4.999374,0.999944,-0.002292,-0.010318,-0.000148
1591033136863048,5.000085,3.001327,4.999409,0.999944,-0.002286,-0.010359,-0.000139
1591033136895875,5.000138,3.001518,4.999699,0.999944,-0.002274,-0.010383,-0.000147
1591033136928932,5.000035,3.001429,4.999914,0.999943,-0.002302,-0.010375,-0.000214
1591033136962940,4.999915,3.001311,4.999495,0.999944,-0.002254,-0.010339,-0.000222
1591033136996405,4.999840,3.001010,4.999337,0.999944,-0.002245,-0.010368,-0.000211
1591033137032027,4.999925,3.001064,4.999759,0.999943,-0.002215,-0.010417,-0.000178
1591033137066513,4.999965,3.001024,4.999828,0.999943,-0.002216,-0.010441,-0.000157
1591033137099923,5.000050,3.001244,4.999284,0.999944,-0.002214,-0.010377,-0.000177
1591033137133389,5.000171,3.001461,4.999459,0.999944,-0.002223,-0.010389,-0.000177
1591033137166000,5.000014,3.001277,4.999474,0.999943,-0.002233,-0.010399,-0.000182
1591033137199706,5.000106,3.001353,4.999739,0.999943,-0.002261,-0.010425,-0.000216
1591033137232902,4.999963,3.001271,4.999728,0.999943,-0.002276,-0.010405,-0.000186
1591033137267216,4.999699,3.001004,4.999336,0.999943,-0.002288,-0.010383,-0.000204
1591033137299509,5.000199,3.001338,4.999780,0.999943,-0.002248,-0.010400,-0.000216
1591033137332048,5.000130,3.001301,4.999887,0.999943,-0.002300,-0.010393,-0.000209
1591033137365873,5.000053,3.001471,4.999859,0.999943,-0.002315,-0.010392,-0.000215
1591033137400271,5.000362,3.001541,4.999966,0.999944,-0.002257,-0.010379,-0.000201
1591033137434185,5.000232,3.001592,4.999777,0.999943,-0.002258,-0.010394,-0.000183
1591033137467447,4.999849,3.001488,4.999849,0.999944,-0.002301,-0.010370,-0.000178
1591033137500507,4.999673,3.001320,4.999762,0.999944,-0.002311,-0.010359,-0.000176
1591033137533928,5.000180,3.001318,4.999599,0.999944,-0.002256,-0.010330,-0.000168
1591033137567597,4.999905,3.001447,4.999656,0.999944,-0.002266,-0.010329,-0.000186
1591033137601095,5.000026,3.001410,4.999661,0.999944,-0.002232,-0.010361,-0.000206
1591033137634019,4.999931,3.001312,4.999414,0.999944,-0.002242,-0.010341,-0.000194
1591033137668960,5.000178,3.001486,4.999495,0.999944,-0.002213,-0.010383,-0.000176
1591033137703198,5.000212,3.001479,4.999775,0.999943,-0.002181,-0.010422,-0.000165
1591033137736354,4.999810,3.001211,4.999368,0.999944,-0.002233,-0.010373,-0.000189
1591033137768541,4.999989,3.001127,4.999514,0.999944,-0.002228,-0.010359,-0.000205
1591033137803359,5.000210,3.001268,4.999643,0.999943,-0.002234,-0.010407,-0.000193
1591033137836290,4.999854,3.001227,4.999690,0.999943,-0.002286,-0.010412,-0.000185
1591033137871480,4.999903,3.001212,4.999194,0.999943,-0.002287,-0.010413,-0.000194
1591033137903659,5.000059,3.001269,4.999249,0.999943,-0.002282,-0.010403,-0.000167
1591033137937293,4.999897,3.001378,4.999666,0.999943,-0.002330,-0.010415,-0.000174
1591033137970711,5.000121,3.001330,4.999303,0.999943,-0.002314,-0.010378,-0.000175
1591033138004900,5.000030,3.001276,4.999481,0.999943,-0.002336,-0.010417,-0.000183
1591033138040953,5.000143,3.001369,4.999424,0.999943,-0.002311,-0.010402,-0.000176
1591033138074614,5.000072,3.001590,4.999293,0.999943,-0.002315,-0.010396,-0.000190
1591033138108284,5.000136,3.001570,4.999283,0.999943,-0.002319,-0.010403,-0.000173
1591033138141685,5.000121,3.001346,4.999635,0.999943,-0.002317,-0.010426,-0.000157
1591033138177458,4.999928,3.001619,4.999556,0.999943,-0.002351,-0.010411,-0.000157
1591033138207433,4.999885,3.001587,4.999783,0.999943,-0.002340,-0.010403,-0.000180
1591033138241377,4.999857,3.001544,4.999682,0.999943,-0.002348,-0.010386,-0.000195
1591033138274846,4.999861,3.001533,4.999678,0.999943,-0.002326,-0.010375,-0.000194
1591033138307460,5.000104,3.001556,4.999541,0.999944,-0.002306,-0.010366,-0.000191
1591033138342862,4.999976,3.001561,4.999588,0.999944,-0.002297,-0.010363,-0.000187
1591033138376525,4.999753,3.001325,4.999594,0.999944,-0.002313,-0.010372,-0.000155
1591033138410791,5.000284,3.001750,4.999666,0.999944,-0.002269,-0.010373,-0.000211
1591033138444447,5.000278,3.001906,4.999550,0.999944,-0.002291,-0.010341,-0.000236
1591033138475616,5.000181,3.001667,4.999499,0.999943,-0.002290,-0.010378,-0.000230
1591033138510325,5.000218,3.001476,4.999399,0.999943,-0.002341,-0.010370,-0.000225
1591033138544504,5.000400,3.001555,4.999337,0.999944,-0.002319,-0.010364,-0.000247
1591033138576121,5.000309,3.001503,4.999612,0.999943,-0.002337,-0.010378,-0.000226
1591033138611280,5.000248,3.001440,4.999212,0.999944,-0.002342,-0.010358,-0.000223
1591033138644315,5.000178,3.001440,4.999174,0.999944,-0.002370,-0.010351,-0.000209
1591033138679184,5.000174,3.001775,4.999385,0.999944,-0.002352,-0.010351,-0.000250
1591033138710470,5.000026,3.001738,4.999456,0.999944,-0.002345,-0.010350,-0.000246
1591033138747459,5.000133,3.002081,4.999707,0.999943,-0.002336,-0.010400,-0.000243
1591033138778011,5.000246,3.001889,4.999813,0.999943,-0.002337,-0.010378,-0.000219
1591033138813104,5.000094,3.001678,4.999632,0.999944,-0.002321,-0.010362,-0.000218
1591033138845609,5.000086,3.001689,4.999888,0.999943,-0.002340,-0.010386,-0.000193
1591033138879789,5.000251,3.001546,4.999876,0.999944,-0.002327,-0.010368,-0.000207
1591033138913692,5.000075,3.001615,4.999971,0.999943,-0.002326,-0.010400,-0.000181
1591033138945824,5.000006,3.001585,4.999695,0.999944,-0.002298,-0.010341,-0.000169
1591033138980669,4.999794,3.001739,4.999227,0.999944,-0.002340,-0.010298,-0.000213
1591033139014178,4.999848,3.001846,4.999226,0.999944,-0.002354,-0.010317,-0.000210
1591033139050382,4.999968,3.001722,4.999168,0.999944,-0.002366,-0.010323,-0.000211
1591033139083339,4.999700,3.001486,4.999526,0.999943,-0.002359,-0.010369,-0.000221
1591033139117480,4.999977,3.001834,4.999766,0.999943,-0.002341,-0.010392,-0.000203
1591033139151253,5.000114,3.001660,4.999621,0.999943,-0.002289,-0.010397,-0.000215
1591033139185637,5.000051,3.001890,4.999781,0.999943,-0.002328,-0.010397,-0.000192
1591033139218907,5.000151,3.001860,4.999780,0.999943,-0.002317,-0.010385,-0.000155
1591033139252142,4.999897,3.001619,4.999635,0.999944,-0.002331,-0.010358,-0.000140
1591033139283027,4.999983,3.001799,4.999774,0.999944,-0.002350,-0.010333,-0.000131
1591033139317442,4.999835,3.001780,4.999587,0.999944,-0.002381,-0.010289,-0.000117
1591033139350008,4.999797,3.001815,4.999568,0.999944,-0.002377,-0.010299,-0.000121
1591033139384769,4.999640,3.001801,4.999593,0.999944,-0.002358,-0.010288,-0.000116
1591033139417396,4.999709,3.002070,4.999624,0.999944,-0.002346,-0.010309,-0.000117
1591033139451214,4.999709,3.002068,4.999589,0.999944,-0.002342,-0.010315,-0.000116
1591033139483232,4.999739,3.002141,4.999750,0.999944,-0.002331,-0.010341,-0.000104
1591033139518109,4.999567,3.001944,4.999533,0.999944,-0.002334,-0.010339,-0.000102
1591033139551046,4.999604,3.001835,4.999640,0.999944,-0.002339,-0.010332,-0.000140
1591033139585169,4.999953,3.001725,4.999754,0.999944,-0.002311,-0.010346,-0.000116
1591033139617620,5.000217,3.001647,4.999650,0.999944,-0.002282,-0.010348,-0.000108
1591033139652385,4.999774,3.001589,4.999547,0.999944,-0.002330,-0.010345,-0.000120
1591033139687417,4.999915,3.001952,4.999754,0.999943,-0.002328,-0.010375,-0.000140
1591033139719488,4.999953,3.001786,4.999605,0.999944,-0.002338,-0.010338,-0.000137
1591033139752308,4.999674,3.001722,4.999753,0.999944,-0.002341,-0.010340,-0.000136
1591033139786535,5.000064,3.002031,4.999963,0.999944,-0.002332,-0.010342,-0.000128
1591033139820713,4.999888,3.002117,4.999692,0.999944,-0.002379,-0.010320,-0.000112
