1592803685209103,9.999605,3.001204,9.999716,0.999954,0.004973,-0.008219,0.000188
1592803685305580,9.999705,3.001069,9.999653,0.999953,0.005081,-0.008213,0.000152
1592803685385545,9.999747,3.001424,9.999758,0.999953,0.005105,-0.008197,0.000154
1592803685459095,9.999805,3.000748,9.999484,0.999954,0.005055,-0.008166,0.000172
1592803685531271,9.999649,3.000892,9.999671,0.999953,0.005010,-0.008247,0.000167
1592803685599518,9.999699,3.000871,9.999777,0.999953,0.005048,-0.008282,0.000146
1592803685664608,9.999823,3.000842,9.999867,0.999953,0.005089,-0.008280,0.000114
1592803685733318,9.999865,3.000948,9.999667,0.999953,0.005078,-0.008246,0.000127
1592803685800644,9.999754,3.000900,9.999744,0.999953,0.005041,-0.008283,0.000158
1592803685865417,9.999706,3.000869,9.999660,0.999953,0.005036,-0.008268,0.000180
1592803685928182,9.999695,3.000838,9.999758,0.999953,0.005036,-0.008278,0.000180
1592803685987816,9.999727,3.001374,9.999841,0.999953,0.005046,-0.008329,0.000154
1592803686066522,9.999677,3.000793,9.999660,0.999953,0.005013,-0.008288,0.000193
1592803686155287,9.999624,3.001311,9.999537,0.999953,0.005023,-0.008261,0.000197
1592803686234921,9.999667,3.000986,9.999762,0.999953,0.005010,-0.008285,0.000180
1592803686309959,9.999660,3.001148,9.999649,0.999953,0.005026,-0.008249,0.000173
1592803686381846,9.999650,3.001182,9.999643,0.999954,0.005010,-0.008245,0.000168
1592803686451147,9.999907,3.001230,9.999389,0.999954,0.005062,-0.008198,0.000170
1592803686516243,9.999589,3.001156,9.999546,0.999954,0.004988,-0.008226,0.000169
1592803686582567,9.999576,3.001144,9.999666,0.999954,0.004988,-0.008226,0.000219
1592803686648068,9.999527,3.001184,9.999565,0.999954,0.005009,-0.008229,0.000186
1592803686713635,9.999646,3.001248,9.999575,0.999953,0.005061,-0.008223,0.000136
1592803686776744,9.999846,3.001066,9.999843,0.999953,0.005109,-0.008245,0.000176
1592803686842552,9.999803,3.001158,9.999625,0.999953,0.005074,-0.008223,0.000169
1592803686906726,9.999886,3.001004,9.999464,0.999954,0.005068,-0.008190,0.000182
1592803686970865,9.999554,3.000952,9.999595,0.999954,0.005011,-0.008204,0.000204
1592803687044754,9.999610,3.001179,9.999681,0.999953,0.005035,-0.008252,0.000190
1592803687124341,9.999847,3.001224,9.999695,0.999953,0.005071,-0.008246,0.000180
1592803687207371,9.999644,3.001033,9.999722,0.999953,0.005044,-0.008257,0.000167
1592803687290068,9.999632,3.001391,9.999642,0.999954,0.005029,-0.008186,0.000145
1592803687377179,9.999779,3.001260,9.999602,0.999953,0.005075,-0.008217,0.000086
1592803687463931,9.999868,3.000749,9.999950,0.999953,0.005068,-0.008292,0.000103
1592803687538410,9.999799,3.000893,9.999795,0.999953,0.005051,-0.008256,0.000113
1592803687618083,9.999734,3.001271,9.999783,0.999953,0.005055,-0.008275,0.000126
1592803687694885,9.999729,3.000689,9.999800,0.999953,0.005019,-0.008238,0.000139
1592803687770755,9.999728,3.000881,9.999702,0.999953,0.005019,-0.008263,0.000121
1592803687842590,9.999789,3.001009,9.999661,0.999953,0.005044,-0.008254,0.000080
1592803687911757,9.999789,3.001084,9.999639,0.999953,0.005057,-0.008255,0.000094
1592803687984401,9.999857,3.001104,9.999929,0.999953,0.005051,-0.008254,0.000137
1592803688055867,9.999819,3.001253,9.999780,0.999954,0.005050,-0.008217,0.000123
1592803688131971,9.999666,3.000879,9.999558,0.999953,0.005064,-0.008236,0.000166
1592803688207828,9.999806,3.000967,9.999758,0.999953,0.005083,-0.008251,0.000096
1592803688288757,9.999883,3.001329,9.999800,0.999953,0.005099,-0.008290,0.000061
1592803688365523,9.999879,3.000739,9.999771,0.999953,0.005062,-0.008276,0.000099
1592803688449461,9.999907,3.001066,9.999876,0.999953,0.005057,-0.008254,0.000068
1592803688527909,9.999788,3.000698,9.999792,0.999954,0.005005,-0.008209,0.000091
1592803688600132,9.999802,3.000724,9.999702,0.999954,0.005009,-0.008224,0.000103
1592803688672058,9.999988,3.000833,9.999365,0.999954,0.005025,-0.008166,0.000142
1592803688740035,9.999629,3.000897,9.999614,0.999954,0.004974,-0.008188,0.000148
1592803688807025,9.999664,3.000921,9.999632,0.999954,0.004995,-0.008214,0.000191
1592803688884159,9.999648,3.001157,9.999570,0.999954,0.005026,-0.008218,0.000184
1592803688965000,9.999739,3.000645,9.999619,0.999953,0.005032,-0.008258,0.000165
1592803689047562,9.999683,3.001025,9.999672,0.999953,0.005035,-0.008281,0.000170
1592803689130404,9.999729,3.000653,9.999696,0.999953,0.005023,-0.008258,0.000155
1592803689207067,9.999739,3.000854,9.999776,0.999954,0.004985,-0.008254,0.000161
1592803689283565,9.999596,3.000906,9.999650,0.999954,0.004943,-0.008253,0.000148
1592803689357569,9.999743,3.001224,9.999692,0.999954,0.004947,-0.008253,0.000158
1592803689431969,9.999594,3.000684,9.999729,0.999954,0.004934,-0.008220,0.000166
1592803689502481,9.999612,3.000818,9.999733,0.999954,0.004973,-0.008218,0.000150
1592803689569168,9.999737,3.000764,9.999583,0.999954,0.005024,-0.008219,0.000115
1592803689637530,10.000014,3.000775,9.999477,0.999954,0.005032,-0.008206,0.000100
1592803689705325,10.000026,3.000754,9.999559,0.999954,0.005034,-0.008224,0.000086
1592803689773744,9.999800,3.000884,9.999863,0.999954,0.005007,-0.008240,0.000125
1592803689841084,9.999906,3.000855,9.999527,0.999954,0.004987,-0.008193,0.000156
1592803689907021,9.999621,3.000882,9.999560,0.999954,0.004979,-0.008187,0.000179
1592803689975384,9.999595,3.001051,9.999551,0.999954,0.004992,-0.008224,0.000159
1592803690050421,9.999759,3.001068,9.999667,0.999954,0.004987,-0.008200,0.000164
1592803690135625,9.999700,3.000808,9.999630,0.999954,0.004986,-0.008217,0.000168
1592803690222560,9.999638,3.001065,9.999539,0.999954,0.004982,-0.008215,0.000175
1592803690297986,9.999709,3.000648,9.999563,0.999954,0.004994,-0.008201,0.000184
1592803690369476,9.999681,3.000698,9.999717,0.999954,0.005003,-0.008229,0.000143
1592803690440711,9.999864,3.000901,9.999815,0.999954,0.005018,-0.008219,0.000166
1592803690510175,9.999704,3.000955,9.999777,0.999954,0.005002,-0.008213,0.000182
1592803690588766,9.999630,3.001166,9.999728,0.999954,0.004986,-0.008215,0.000168
1592803690671868,9.999662,3.000802,9.999581,0.999954,0.005014,-0.008221,0.000178
1592803690740737,9.999662,3.000823,9.999713,0.999953,0.005003,-0.008276,0.000145
1592803690811077,9.999744,3.000816,9.999882,0.999953,0.005017,-0.008273,0.000105
1592803690884455,9.999863,3.000960,9.999805,0.999954,0.005001,-0.008229,0.000131
1592803690955055,9.999827,3.001018,9.999736,0.999954,0.004990,-0.008226,0.000127
1592803691028923,9.999892,3.000508,9.999472,0.999954,0.004984,-0.008211,0.000154
1592803691126335,9.999654,3.000670,9.999714,0.999954,0.004991,-0.008238,0.000175
1592803691217839,9.999671,3.000970,9.999729,0.999954,0.004977,-0.008264,0.000150
1592803691298993,9.999734,3.000625,9.999655,0.999954,0.004955,-0.008270,0.000149
1592803691386592,9.999675,3.000939,9.999802,0.999953,0.004979,-0.008265,0.000164
1592803691472198,9.999769,3.000759,9.999695,0.999954,0.004986,-0.008225,0.000169
1592803691549102,9.999715,3.001052,9.999789,0.999954,0.004978,-0.008240,0.000156
1592803691622021,9.999740,3.001058,9.999670,0.999954,0.004974,-0.008210,0.000118
1592803691694909,9.999847,3.000557,9.999761,0.999953,0.004995,-0.008269,0.000124
1592803691765418,9.999775,3.000643,9.999762,0.999954,0.004997,-0.008246,0.000126
1592803691837453,9.999788,3.000719,9.999643,0.999953,0.004990,-0.008260,0.000125
1592803691909148,9.999809,3.000795,9.999713,0.999953,0.004993,-0.008274,0.000101
1592803691978792,9.999885,3.000857,10.000012,0.999953,0.004986,-0.008273,0.000117
1592803692054699,9.999743,3.001042,9.999741,0.999954,0.004984,-0.008253,0.000110
1592803692129414,9.999786,3.000585,9.999772,0.999954,0.004956,-0.008244,0.000107
1592803692206057,9.999722,3.000702,9.999675,0.999954,0.004970,-0.008227,0.000149
1592803692279533,9.999685,3.000771,9.999789,0.999954,0.004944,-0.008245,0.000157
1592803692351810,9.999682,3.000843,9.999813,0.999953,0.004958,-0.008282,0.000116
1592803692422355,9.999803,3.001006,9.999863,0.999953,0.004977,-0.008280,0.000097
1592803692496381,9.999904,3.000520,9.999825,0.999953,0.005003,-0.008253,0.000090
1592803692563445,9.999868,3.000616,9.999848,0.999954,0.004990,-0.008249,0.000089
1592803692634538,9.999816,3.000715,9.999836,0.999954,0.004957,-0.008234,0.000134
1592803692702370,9.999720,3.000600,9.999733,0.999954,0.004953,-0.008234,0.000136
1592803692769078,9.999783,3.000616,9.999574,0.999954,0.004964,-0.008190,0.000163
1592803692835573,9.999643,3.000660,9.999570,0.999954,0.004936,-0.008172,0.000178
1592803692902299,9.999709,3.000636,9.999681,0.999954,0.004977,-0.008206,0.000150
1592803692969168,9.999728,3.000564,9.999594,0.999954,0.004946,-0.008183,0.000175
1592803693041875,9.999681,3.000663,9.999521,0.999954,0.004949,-0.008192,0.000178
1592803693117266,9.999709,3.000882,9.999671,0.999954,0.004972,-0.008253,0.000173
1592803693192139,9.999686,3.000956,9.999673,0.999954,0.004958,-0.008232,0.000165
1592803693266465,9.999696,3.000628,9.999632,0.999954,0.004997,-0.008217,0.000162
1592803693338892,9.999686,3.000778,9.999716,0.999954,0.004952,-0.008197,0.000164
1592803693408966,9.999733,3.000793,9.999617,0.999954,0.004977,-0.008184,0.000172
1592803693476997,9.999869,3.000652,9.999503,0.999954,0.004976,-0.008204,0.000166
1592803693544835,9.999722,3.000751,9.999749,0.999954,0.004997,-0.008206,0.000185
1592803693614017,9.999676,3.000957,9.999632,0.999954,0.004987,-0.008204,0.000177
1592803693682699,9.999741,3.000879,9.999772,0.999954,0.005004,-0.008220,0.000184
1592803693750650,9.999752,3.000934,9.999531,0.999954,0.004984,-0.008206,0.000197
1592803693814896,9.999711,3.000805,9.999623,0.999954,0.004952,-0.008218,0.000185
1592803693880605,9.999660,3.000763,9.999712,0.999954,0.004943,-0.008195,0.000206
1592803693945077,9.999555,3.000783,9.999550,0.999954,0.004939,-0.008165,0.000198
1592803694010068,9.999584,3.000785,9.999607,0.999954,0.004965,-0.008205,0.000208
1592803694088465,9.999723,3.001014,9.999822,0.999954,0.004934,-0.008207,0.000197
1592803694169050,9.999635,3.000600,9.999479,0.999954,0.004939,-0.008187,0.000182
1592803694253691,9.999647,3.000861,9.999673,0.999954,0.004929,-0.008202,0.000157
1592803694327394,9.999729,3.000482,9.999704,0.999954,0.004921,-0.008198,0.000156
1592803694400504,9.999759,3.000553,9.999666,0.999954,0.004926,-0.008186,0.000172
1592803694472815,9.999657,3.000720,9.999738,0.999954,0.004927,-0.008184,0.000181
1592803694541167,9.999604,3.000668,9.999623,0.999954,0.004934,-0.008174,0.000174
1592803694610082,9.999741,3.000722,9.999497,0.999954,0.004951,-0.008173,0.000167
1592803694675964,9.999776,3.000796,9.999574,0.999954,0.004936,-0.008200,0.000166
1592803694742316,9.999573,3.000796,9.999721,0.999954,0.004892,-0.008213,0.000151
1592803694812036,9.999676,3.000708,9.999710,0.999954,0.004879,-0.008220,0.000157
1592803694878878,9.999697,3.000654,9.999708,0.999954,0.004910,-0.008243,0.000131
1592803694945831,9.999761,3.000667,9.999870,0.999954,0.004926,-0.008245,0.000131
1592803695022566,9.999866,3.000861,9.999965,0.999954,0.004938,-0.008211,0.000133
1592803695111135,9.999725,3.000742,9.999713,0.999954,0.004941,-0.008220,0.000114
1592803695196902,9.999778,3.000472,9.999624,0.999954,0.004960,-0.008216,0.000154
1592803695276317,9.999746,3.000720,9.999717,0.999954,0.004962,-0.008225,0.000173
1592803695353852,9.999602,3.000917,9.999584,0.999954,0.004938,-0.008184,0.000169
1592803695427232,9.999661,3.000489,9.999604,0.999954,0.004916,-0.008194,0.000153
1592803695504173,9.999771,3.000561,9.999806,0.999954,0.004937,-0.008218,0.000127
1592803695578395,9.999796,3.000714,9.999769,0.999954,0.004925,-0.008206,0.000100
1592803695646869,9.999894,3.000712,9.999859,0.999954,0.004921,-0.008203,0.000056
1592803695718483,10.000154,3.000821,9.999769,0.999954,0.004932,-0.008183,0.000084
1592803695791209,9.999816,3.000993,9.999985,0.999954,0.004936,-0.008226,0.000094
1592803695860671,9.999792,3.000931,9.999739,0.999954,0.004948,-0.008219,0.000123
1592803695929022,9.999719,3.000374,9.999737,0.999954,0.004955,-0.008230,0.000153
1592803696000990,9.999709,3.000609,9.999506,0.999954,0.004965,-0.008191,0.000148
1592803696098007,9.999703,3.000553,9.999634,0.999954,0.004968,-0.008183,0.000160
1592803696180574,9.999874,3.000801,9.999340,0.999954,0.004994,-0.008180,0.000209
1592803696262538,9.999705,3.000472,9.999743,0.999954,0.004980,-0.008183,0.000173
1592803696345951,9.999660,3.000823,9.999620,0.999954,0.004947,-0.008165,0.000174
1592803696431108,9.999822,3.000525,9.999763,0.999955,0.004937,-0.008136,0.000144
1592803696510926,9.999664,3.000769,9.999591,0.999955,0.004898,-0.008139,0.000141
1592803696583831,9.999704,3.000798,9.999527,0.999955,0.004938,-0.008155,0.000156
1592803696656278,9.999619,3.000903,9.999567,0.999955,0.004935,-0.008161,0.000133
1592803696727724,9.999814,3.000461,9.999752,0.999954,0.004932,-0.008187,0.000117
1592803696798582,9.999837,3.000482,9.999432,0.999954,0.004933,-0.008186,0.000147
1592803696869903,9.999754,3.000508,9.999729,0.999954,0.004932,-0.008193,0.000172
1592803696940982,9.999620,3.000672,9.999610,0.999955,0.004918,-0.008162,0.000189
1592803697010315,9.999648,3.000666,9.999654,0.999955,0.004889,-0.008141,0.000195
1592803697091490,9.999597,3.000921,9.999578,0.999955,0.004886,-0.008173,0.000152
1592803697171746,9.999642,3.000644,9.999747,0.999955,0.004886,-0.008196,0.000136
1592803697253745,9.999643,3.000795,9.999845,0.999954,0.004911,-0.008217,0.000119
1592803697333417,9.999777,3.000509,9.999789,0.999954,0.004931,-0.008189,0.000123
1592803697412923,9.999700,3.000667,9.999415,0.999954,0.004947,-0.008164,0.000137
1592803697486892,9.999691,3.000735,9.999601,0.999954,0.004940,-0.008190,0.000145
1592803697562030,9.999705,3.000428,9.999670,0.999954,0.004933,-0.008193,0.000130
1592803697639322,9.999805,3.000377,9.999750,0.999954,0.004929,-0.008229,0.000119
1592803697712796,9.999732,3.000541,9.999676,0.999954,0.004887,-0.008200,0.000164
1592803697785600,9.999626,3.000877,9.999583,0.999954,0.004921,-0.008209,0.000186
1592803697859877,9.999713,3.000472,9.999560,0.999954,0.004959,-0.008204,0.000173
1592803697937189,9.999738,3.000565,9.999734,0.999954,0.004959,-0.008189,0.000143
1592803698013464,9.999682,3.000595,9.999707,0.999954,0.004932,-0.008198,0.000154
1592803698099204,9.999657,3.000558,9.999662,0.999954,0.004942,-0.008233,0.000136
1592803698182771,9.999849,3.000584,9.999831,0.999954,0.004958,-0.008233,0.000130
1592803698262711,9.999671,3.000484,9.999589,0.999954,0.004944,-0.008204,0.000161
1592803698346851,9.999732,3.000596,9.999686,0.999954,0.004935,-0.008216,0.000195
1592803698424624,9.999668,3.000769,9.999664,0.999954,0.004912,-0.008196,0.000183
1592803698499345,9.999590,3.000471,9.999515,0.999955,0.004918,-0.008157,0.000164
1592803698575261,9.999757,3.000678,9.999627,0.999955,0.004960,-0.008144,0.000132
1592803698649393,9.999784,3.000805,9.999880,0.999954,0.004951,-0.008166,0.000134
1592803698723693,9.999850,3.000895,9.999829,0.999955,0.004936,-0.008156,0.000152
1592803698798821,9.999925,3.000466,9.999441,0.999955,0.004900,-0.008172,0.000126
1592803698872223,9.999730,3.000452,9.999718,0.999954,0.004915,-0.008208,0.000136
1592803698944919,9.999708,3.000617,9.999698,0.999954,0.004919,-0.008203,0.000125
1592803699020232,9.999735,3.000804,9.999745,0.999954,0.004946,-0.008248,0.000112
1592803699103795,9.999924,3.000459,9.999569,0.999954,0.004902,-0.008209,0.000132
1592803699187078,9.999697,3.000674,9.999766,0.999955,0.004877,-0.008200,0.000132
1592803699270113,9.999712,3.000459,9.999744,0.999955,0.004838,-0.008151,0.000164
1592803699350557,9.999762,3.000712,9.999766,0.999955,0.004878,-0.008156,0.000171
1592803699426770,9.999657,3.000699,9.999437,0.999955,0.004854,-0.008137,0.000194
1592803699502671,9.999642,3.000475,9.999625,0.999955,0.004872,-0.008134,0.000192
1592803699581555,9.999600,3.000775,9.999609,0.999955,0.004901,-0.008133,0.000183
1592803699656242,9.999608,3.000901,9.999599,0.999955,0.004942,-0.008144,0.000166
1592803699730103,9.999826,3.000439,9.999877,0.999955,0.004909,-0.008180,0.000131
1592803699809361,9.999613,3.000616,9.999639,0.999955,0.004883,-0.008184,0.000147
1592803699889065,9.999742,3.000790,9.999721,0.999955,0.004875,-0.008191,0.000118
1592803699969297,9.999756,3.000569,9.999720,0.999954,0.004900,-0.008188,0.000146
1592803700047463,9.999780,3.000470,9.999696,0.999955,0.004897,-0.008173,0.000144
1592803700135659,9.999719,3.000572,9.999672,0.999955,0.004897,-0.008174,0.000180
1592803700228640,9.999596,3.000518,9.999624,0.999955,0.004892,-0.008179,0.000191
1592803700317397,9.999613,3.000684,9.999569,0.999954,0.004915,-0.008186,0.000198
1592803700410261,9.999767,3.000554,9.999702,0.999955,0.004920,-0.008165,0.000195
1592803700493744,9.999686,3.000396,9.999638,0.999955,0.004885,-0.008166,0.000165
1592803700580641,9.999645,3.000638,9.999661,0.999955,0.004877,-0.008140,0.000201
1592803700666995,9.999584,3.000444,9.999495,0.999955,0.004864,-0.008098,0.000234
1592803700756727,9.999535,3.000778,9.999434,0.999955,0.004861,-0.008115,0.000222
1592803700835135,9.999596,3.000437,9.999386,0.999955,0.004887,-0.008155,0.000217
1592803700908711,9.999589,3.000517,9.999517,0.999955,0.004866,-0.008144,0.000247
1592803700992219,9.999517,3.000394,9.999564,0.999955,0.004869,-0.008127,0.000238
1592803701093790,9.999671,3.000415,9.999753,0.999955,0.004916,-0.008148,0.000210
1592803701214990,9.999694,3.000650,9.999630,0.999955,0.004926,-0.008152,0.000217
1592803701338674,9.999582,3.000579,9.999588,0.999955,0.004946,-0.008135,0.000221
1592803701417659,9.999619,3.000724,9.999583,0.999955,0.004964,-0.008113,0.000225
1592803701495565,9.999666,3.000977,9.999617,0.999955,0.004981,-0.008135,0.000190
1592803701571040,9.999737,3.000510,9.999614,0.999955,0.004952,-0.008128,0.000163
1592803701648374,9.999749,3.000685,9.999569,0.999955,0.004931,-0.008128,0.000166
1592803701718500,9.999930,3.000682,9.999420,0.999955,0.004930,-0.008149,0.000152
1592803701791789,9.999684,3.000766,9.999628,0.999955,0.004919,-0.008153,0.000179
1592803701866627,9.999696,3.000459,9.999747,0.999955,0.004919,-0.008141,0.000180
1592803701939959,9.999646,3.000564,9.999546,0.999955,0.004905,-0.008178,0.000164
1592803702013581,9.999739,3.000562,9.999657,0.999955,0.004885,-0.008182,0.000176
1592803702096902,9.999728,3.000435,9.999647,0.999955,0.004882,-0.008200,0.000139
1592803702179322,9.999787,3.000488,9.999683,0.999955,0.004876,-0.008186,0.000104
1592803702258816,9.999851,3.000684,9.999739,0.999954,0.004876,-0.008228,0.000112
1592803702335967,9.999740,3.000421,9.999729,0.999955,0.004876,-0.008198,0.000129
1592803702414198,9.999708,3.000533,9.999854,0.999955,0.004887,-0.008195,0.000153
1592803702487675,9.999654,3.000737,9.999732,0.999954,0.004898,-0.008196,0.000135
1592803702562451,9.999722,3.000933,9.999707,0.999954,0.004942,-0.008215,0.000103
1592803702636108,9.999859,3.000492,9.999714,0.999954,0.004916,-0.008194,0.000089
1592803702715506,9.999931,3.000610,9.999685,0.999955,0.004897,-0.008172,0.000106
1592803702790653,9.999824,3.000640,9.999928,0.999954,0.004885,-0.008204,0.000090
1592803702862780,9.999792,3.000332,9.999608,0.999955,0.004876,-0.008174,0.000078
1592803702935163,9.999804,3.000417,9.999697,0.999954,0.004900,-0.008200,0.000108
1592803703007129,9.999749,3.000482,9.999769,0.999954,0.004892,-0.008201,0.000153
1592803703104090,9.999691,3.000443,9.999599,0.999955,0.004892,-0.008171,0.000137
1592803703193903,9.999741,3.000696,9.999694,0.999955,0.004910,-0.008174,0.000125
1592803703271845,9.999776,3.000456,9.999646,0.999954,0.004899,-0.008197,0.000116
1592803703367237,9.999764,3.000480,9.999689,0.999954,0.004896,-0.008193,0.000136
1592803703452287,9.999688,3.000601,9.999601,0.999955,0.004878,-0.008194,0.000124
1592803703527357,9.999740,3.000396,9.999652,0.999955,0.004870,-0.008143,0.000142
1592803703601168,9.999675,3.000471,9.999603,0.999955,0.004881,-0.008156,0.000150
1592803703680582,9.999755,3.000640,9.999663,0.999955,0.004887,-0.008175,0.000130
1592803703761400,9.999929,3.000644,9.999671,0.999954,0.004887,-0.008218,0.000121
1592803703833838,9.999760,3.000365,9.999557,0.999954,0.004887,-0.008212,0.000141
1592803703907667,9.999641,3.000469,9.999638,0.999955,0.004899,-0.008158,0.000150
1592803703988693,9.999684,3.000625,9.999729,0.999955,0.004873,-0.008144,0.000168
1592803704070968,9.999676,3.000476,9.999542,0.999955,0.004864,-0.008142,0.000158
1592803704157507,9.999694,3.000696,9.999656,0.999955,0.004843,-0.008159,0.000160
1592803704242041,9.999770,3.000446,9.999804,0.999955,0.004838,-0.008184,0.000139
1592803704330090,9.999702,3.000416,9.999660,0.999955,0.004876,-0.008191,0.000149
1592803704409042,9.999764,3.000470,9.999734,0.999955,0.004900,-0.008184,0.000152
1592803704487390,9.999629,3.000643,9.999856,0.999955,0.004864,-0.008184,0.000172
1592803704570342,9.999667,3.000399,9.999585,0.999955,0.004862,-0.008138,0.000206
1592803704653004,9.999569,3.000558,9.999487,0.999955,0.004866,-0.008108,0.000221
1592803704727766,9.999800,3.000718,9.999199,0.999955,0.004868,-0.008086,0.000205
1592803704801635,9.999583,3.000473,9.999661,0.999955,0.004837,-0.008115,0.000176
1592803704871897,9.999684,3.000469,9.999581,0.999955,0.004861,-0.008126,0.000167
1592803704949411,9.999755,3.000580,9.999805,0.999955,0.004846,-0.008136,0.000134
1592803705022837,9.999767,3.000594,9.999391,0.999955,0.004847,-0.008105,0.000152
1592803705107589,9.999690,3.000535,9.999718,0.999955,0.004871,-0.008111,0.000165
1592803705196666,9.999677,3.000454,9.999520,0.999956,0.004893,-0.008057,0.000191
1592803705285366,9.999661,3.000713,9.999634,0.999955,0.004874,-0.008090,0.000169
1592803705368117,9.999729,3.000391,9.999694,0.999955,0.004890,-0.008147,0.000162
1592803705453474,9.999697,3.000561,9.999761,0.999955,0.004873,-0.008153,0.000193
1592803705532380,9.999610,3.000364,9.999509,0.999955,0.004855,-0.008158,0.000181
1592803705604858,9.999716,3.000419,9.999708,0.999955,0.004874,-0.008185,0.000157
1592803705682413,9.999721,3.000531,9.999449,0.999955,0.004849,-0.008113,0.000152
1592803705762200,9.999716,3.000767,9.999794,0.999955,0.004850,-0.008126,0.000135
1592803705843148,9.999723,3.000571,9.999668,0.999955,0.004861,-0.008146,0.000146
1592803705928258,9.999739,3.000634,9.999575,0.999955,0.004851,-0.008131,0.000144
1592803706002516,9.999707,3.000432,9.999691,0.999955,0.004857,-0.008141,0.000153
1592803706093603,9.999747,3.000325,9.999594,0.999955,0.004894,-0.008155,0.000138
1592803706180055,9.999718,3.000594,9.999663,0.999955,0.004866,-0.008126,0.000152
1592803706265387,9.999705,3.000418,9.999534,0.999955,0.004913,-0.008135,0.000144
1592803706351519,9.999804,3.000648,9.999841,0.999955,0.004903,-0.008143,0.000131
1592803706430302,9.999685,3.000360,9.999552,0.999955,0.004895,-0.008156,0.000120
1592803706507085,9.999840,3.000403,9.999608,0.999955,0.004899,-0.008171,0.000136
1592803706598860,9.999704,3.000468,9.999578,0.999955,0.004874,-0.008163,0.000177
1592803706691771,9.999619,3.000597,9.999447,0.999955,0.004869,-0.008182,0.000177
1592803706773576,9.999666,3.000432,9.999694,0.999954,0.004862,-0.008216,0.000125
1592803706862926,9.999701,3.000256,9.999595,0.999955,0.004873,-0.008187,0.000190
1592803706958361,9.999670,3.000671,9.999688,0.999955,0.004886,-0.008187,0.000173
1592803707052932,9.999790,3.000571,9.999698,0.999955,0.004867,-0.008162,0.000167
1592803707137719,9.999653,3.000439,9.999543,0.999955,0.004866,-0.008185,0.000195
1592803707220885,9.999689,3.000542,9.999670,0.999954,0.004897,-0.008231,0.000176
1592803707299619,9.999762,3.000323,9.999625,0.999954,0.004923,-0.008215,0.000194
1592803707388488,9.999584,3.000613,9.999720,0.999955,0.004875,-0.008187,0.000222
1592803707465195,9.999625,3.000326,9.999532,0.999954,0.004890,-0.008225,0.000202
1592803707539352,9.999685,3.000491,9.999725,0.999955,0.004864,-0.008183,0.000209
1592803707617585,9.999707,3.000522,9.999706,0.999955,0.004847,-0.008155,0.000214
1592803707709564,9.999602,3.000542,9.999694,0.999955,0.004832,-0.008109,0.000210
1592803707812740,9.999536,3.000594,9.999607,0.999955,0.004871,-0.008134,0.000177
1592803707895272,9.999655,3.000319,9.999507,0.999955,0.004859,-0.008127,0.000196
1592803707978324,9.999583,3.000591,9.999578,0.999955,0.004850,-0.008115,0.000174
1592803708064978,9.999721,3.000353,9.999563,0.999955,0.004835,-0.008140,0.000167
1592803708147305,9.999654,3.000588,9.999540,0.999955,0.004841,-0.008108,0.000169
1592803708228488,9.999675,3.000365,9.999580,0.999955,0.004855,-0.008116,0.000165
1592803708308862,9.999743,3.000512,9.999661,0.999955,0.004853,-0.008095,0.000202
1592803708384860,9.999702,3.000523,9.999605,0.999955,0.004862,-0.008126,0.000191
1592803708461333,9.999590,3.000755,9.999551,0.999955,0.004853,-0.008136,0.000187
1592803708541687,9.999727,3.000329,9.999661,0.999955,0.004852,-0.008152,0.000187
1592803708632123,9.999703,3.000428,9.999690,0.999955,0.004841,-0.008123,0.000178
1592803708710981,9.999639,3.000389,9.999621,0.999955,0.004853,-0.008121,0.000171
1592803708785591,9.999631,3.000604,9.999742,0.999955,0.004834,-0.008112,0.000176
1592803708857906,9.999663,3.000678,9.999649,0.999955,0.004876,-0.008108,0.000143
1592803708928649,9.999690,3.000716,9.999557,0.999955,0.004885,-0.008127,0.000129
1592803709001557,9.999728,3.000489,9.999627,0.999955,0.004867,-0.008183,0.000157
1592803709093629,9.999808,3.000531,9.999740,0.999955,0.004837,-0.008170,0.000172
1592803709178127,9.999716,3.000457,9.999737,0.999955,0.004831,-0.008153,0.000194
1592803709261550,9.999623,3.000321,9.999519,0.999955,0.004818,-0.008118,0.000189
1592803709343871,9.999640,3.000485,9.999647,0.999955,0.004827,-0.008126,0.000162
1592803709432511,9.999619,3.000401,9.999520,0.999955,0.004854,-0.008138,0.000170
1592803709519756,9.999665,3.000596,9.999559,0.999955,0.004897,-0.008131,0.000142
1592803709603722,9.999747,3.000388,9.999714,0.999955,0.004883,-0.008132,0.000153
1592803709686505,9.999658,3.000562,9.999525,0.999955,0.004860,-0.008105,0.000146
1592803709759911,9.999718,3.000534,9.999654,0.999955,0.004879,-0.008145,0.000166
1592803709837221,9.999650,3.000486,9.999594,0.999955,0.004873,-0.008137,0.000135
1592803709926303,9.999700,3.000397,9.999673,0.999955,0.004849,-0.008140,0.000102
1592803710023590,9.999811,3.000548,9.999842,0.999955,0.004840,-0.008116,0.000125
1592803710113948,9.999681,3.000458,9.999618,0.999955,0.004821,-0.008155,0.000125
1592803710197758,9.999748,3.000258,9.999719,0.999955,0.004815,-0.008155,0.000096
1592803710276467,9.999763,3.000357,9.999608,0.999955,0.004832,-0.008156,0.000104
1592803710360365,9.999744,3.000496,9.999660,0.999955,0.004825,-0.008169,0.000095
1592803710448567,9.999763,3.000502,9.999695,0.999955,0.004828,-0.008192,0.000107
1592803710525936,9.999759,3.000661,9.999746,0.999955,0.004835,-0.008196,0.000103
1592803710599928,9.999792,3.000322,9.999835,0.999955,0.004844,-0.008182,0.000120
1592803710677409,9.999704,3.000321,9.999719,0.999955,0.004858,-0.008138,0.000185
1592803710754657,9.999638,3.000533,9.999512,0.999955,0.004873,-0.008148,0.000184
1592803710830001,9.999610,3.000619,9.999653,0.999955,0.004871,-0.008134,0.000192
1592803710907119,9.999931,3.000432,9.999506,0.999955,0.004864,-0.008100,0.000186
1592803710981667,9.999635,3.000309,9.999600,0.999955,0.004880,-0.008092,0.000211
1592803711071482,9.999562,3.000463,9.999471,0.999956,0.004861,-0.008069,0.000210
1592803711166096,9.999688,3.000443,9.999610,0.999956,0.004872,-0.008069,0.000180
1592803711256622,9.999650,3.000633,9.999515,0.999956,0.004856,-0.008085,0.000178
1592803711343568,9.999667,3.000513,9.999571,0.999955,0.004867,-0.008100,0.000209
1592803711424250,9.999658,3.000590,9.999467,0.999955,0.004866,-0.008106,0.000197
1592803711498885,9.999674,3.000439,9.999669,0.999955,0.004863,-0.008109,0.000213
1592803711577180,9.999612,3.000418,9.999550,0.999955,0.004828,-0.008105,0.000224
1592803711660586,9.999598,3.000270,9.999599,0.999955,0.004818,-0.008122,0.000235
1592803711742813,9.999494,3.000410,9.999468,0.999956,0.004827,-0.008096,0.000224
1592803711822102,9.999660,3.000538,9.999679,0.999956,0.004827,-0.008088,0.000238
1592803711893959,9.999500,3.000611,9.999318,0.999956,0.004825,-0.008103,0.000216
1592803711969003,9.999581,3.000402,9.999649,0.999955,0.004816,-0.008135,0.000226
1592803712051048,9.999542,3.000471,9.999496,0.999955,0.004827,-0.008138,0.000245
1592803712148884,9.999631,3.000498,9.999595,0.999955,0.004879,-0.008093,0.000212
1592803712240405,9.999690,3.000472,9.999386,0.999955,0.004905,-0.008135,0.000200
1592803712326402,9.999559,3.000614,9.999733,0.999956,0.004842,-0.008097,0.000189
1592803712409460,9.999748,3.000450,9.999705,0.999956,0.004836,-0.008069,0.000189
1592803712493031,9.999676,3.000520,9.999643,0.999956,0.004853,-0.008074,0.000223
1592803712581076,9.999611,3.000324,9.999444,0.999956,0.004825,-0.008097,0.000207
1592803712662120,9.999644,3.000546,9.999705,0.999955,0.004855,-0.008097,0.000174
1592803712744909,9.999805,3.000339,9.999777,0.999955,0.004859,-0.008144,0.000135
1592803712819266,9.999743,3.000467,9.999821,0.999956,0.004852,-0.008089,0.000136
1592803712895758,9.999742,3.000348,9.999744,0.999955,0.004851,-0.008128,0.000115
1592803712968858,9.999866,3.000312,9.999763,0.999955,0.004858,-0.008102,0.000108
1592803713048210,9.999723,3.000447,9.999587,0.999955,0.004849,-0.008128,0.000127
1592803713134427,9.999736,3.000329,9.999685,0.999955,0.004846,-0.008132,0.000124
1592803713219369,9.999828,3.000466,9.999819,0.999955,0.004859,-0.008113,0.000129
1592803713300188,9.999725,3.000369,9.999641,0.999955,0.004881,-0.008111,0.000140
1592803713380350,9.999795,3.000481,9.999683,0.999955,0.004895,-0.008103,0.000124
1592803713455539,9.999786,3.000566,9.999911,0.999955,0.004894,-0.008113,0.000144
1592803713542109,9.999681,3.000340,9.999603,0.999955,0.004898,-0.008139,0.000122
1592803713618480,9.999871,3.000458,9.999774,0.999955,0.004907,-0.008166,0.000111
1592803713698308,9.999787,3.000382,9.999706,0.999955,0.004885,-0.008114,0.000135
1592803713774034,9.999731,3.000437,9.999705,0.999956,0.004843,-0.008074,0.000143
1592803713846922,9.999763,3.000475,9.999704,0.999955,0.004849,-0.008110,0.000135
1592803713917086,9.999782,3.000473,9.999676,0.999955,0.004835,-0.008124,0.000125
1592803713994165,9.999839,3.000515,9.999968,0.999955,0.004843,-0.008148,0.000112
1592803714084845,9.999784,3.000477,9.999788,0.999955,0.004843,-0.008159,0.000100
1592803714168428,9.999760,3.000325,9.999659,0.999955,0.004843,-0.008184,0.000137
1592803714254126,9.999681,3.000449,9.999631,0.999955,0.004865,-0.008154,0.000146
1592803714335190,9.999595,3.000384,9.999523,0.999955,0.004843,-0.008122,0.000196
1592803714418818,9.999922,3.000442,9.999498,0.999955,0.004826,-0.008155,0.000181
1592803714497635,9.999719,3.000239,9.999677,0.999955,0.004863,-0.008140,0.000171
1592803714578338,9.999664,3.000455,9.999637,0.999955,0.004835,-0.008136,0.000190
1592803714656220,9.999673,3.000394,9.999747,0.999955,0.004880,-0.008116,0.000195
1592803714734310,9.999842,3.000389,9.999321,0.999956,0.004869,-0.008074,0.000214
1592803714813188,9.999571,3.000471,9.999494,0.999956,0.004848,-0.008081,0.000213
1592803714889047,9.999652,3.000543,9.999638,0.999956,0.004831,-0.008067,0.000213
1592803714962821,9.999618,3.000319,9.999565,0.999956,0.004844,-0.008052,0.000199
1592803715042887,9.999631,3.000393,9.999537,0.999956,0.004830,-0.008049,0.000196
1592803715129289,9.999658,3.000311,9.999571,0.999956,0.004832,-0.008073,0.000193
1592803715212746,9.999724,3.000448,9.999696,0.999956,0.004852,-0.008046,0.000165
1592803715299266,9.999706,3.000357,9.999630,0.999956,0.004833,-0.008018,0.000194
1592803715387533,9.999556,3.000592,9.999413,0.999956,0.004813,-0.008029,0.000186
1592803715468393,9.999619,3.000273,9.999593,0.999956,0.004802,-0.008112,0.000199
1592803715550336,9.999606,3.000374,9.999600,0.999956,0.004781,-0.008118,0.000180
1592803715646319,9.999650,3.000466,9.999569,0.999956,0.004764,-0.008105,0.000176
1592803715732981,9.999667,3.000296,9.999703,0.999956,0.004780,-0.008094,0.000175
1592803715807931,9.999679,3.000332,9.999652,0.999956,0.004822,-0.008107,0.000137
1592803715886310,9.999736,3.000532,9.999722,0.999955,0.004820,-0.008117,0.000142
1592803715971276,9.999749,3.000368,9.999639,0.999956,0.004824,-0.008074,0.000163
1592803716048934,9.999677,3.000472,9.999612,0.999956,0.004817,-0.008066,0.000165
1592803716136479,9.999716,3.000326,9.999679,0.999955,0.004826,-0.008106,0.000135
1592803716224003,9.999768,3.000517,9.999686,0.999955,0.004869,-0.008096,0.000186
1592803716315287,9.999735,3.000411,9.999714,0.999955,0.004855,-0.008125,0.000158
1592803716399399,9.999722,3.000252,9.999702,0.999956,0.004803,-0.008113,0.000128
1592803716483141,9.999766,3.000384,9.999822,0.999956,0.004810,-0.008095,0.000140
1592803716572435,9.999696,3.000374,9.999702,0.999956,0.004820,-0.008104,0.000172
1592803716662820,9.999646,3.000265,9.999631,0.999956,0.004802,-0.008110,0.000188
1592803716750781,9.999646,3.000086,9.999619,0.999955,0.004793,-0.008151,0.000179
1592803716832099,9.999668,3.000221,9.999799,0.999956,0.004797,-0.008092,0.000143
1592803716916120,9.999635,3.000438,9.999627,0.999956,0.004790,-0.008103,0.000145
1592803717006289,9.999708,3.000395,9.999468,0.999956,0.004839,-0.008098,0.000146
1592803717099908,9.999762,3.000316,9.999846,0.999956,0.004846,-0.008085,0.000118
1592803717185359,9.999766,3.000473,9.999722,0.999956,0.004831,-0.008062,0.000111
1592803717268229,9.999767,3.000311,9.999795,0.999956,0.004817,-0.008066,0.000093
1592803717347435,9.999973,3.000397,9.999467,0.999956,0.004809,-0.008082,0.000110
1592803717421045,9.999779,3.000550,9.999776,0.999956,0.004799,-0.008105,0.000128
1592803717497335,9.999667,3.000300,9.999646,0.999956,0.004810,-0.008068,0.000121
1592803717571533,9.999720,3.000373,9.999683,0.999956,0.004838,-0.008078,0.000160
1592803717645071,9.999953,3.000344,9.999445,0.999955,0.004855,-0.008100,0.000192
1592803717719685,9.999842,3.000385,9.999154,0.999956,0.004842,-0.008072,0.000189
1592803717795450,9.999590,3.000301,9.999488,0.999956,0.004839,-0.008077,0.000173
1592803717870537,9.999652,3.000346,9.999635,0.999956,0.004839,-0.008082,0.000159
1592803717955474,10.000068,3.000548,9.999446,0.999955,0.004862,-0.008094,0.000157
1592803718038019,9.999706,3.000375,9.999563,0.999956,0.004857,-0.008070,0.000173
1592803718131139,9.999578,3.000343,9.999639,0.999956,0.004816,-0.008079,0.000223
1592803718220291,9.999650,3.000424,9.999497,0.999956,0.004814,-0.008096,0.000228
1592803718310509,9.999798,3.000314,9.999528,0.999956,0.004832,-0.008082,0.000220
1592803718387911,9.999596,3.000483,9.999559,0.999956,0.004817,-0.008086,0.000251
1592803718468221,9.999584,3.000289,9.999459,0.999956,0.004813,-0.008080,0.000233
1592803718548717,9.999620,3.000389,9.999520,0.999956,0.004804,-0.008079,0.000230
1592803718623051,9.999605,3.000506,9.999578,0.999956,0.004811,-0.008109,0.000179
1592803718700626,9.999659,3.000309,9.999585,0.999956,0.004817,-0.008091,0.000178
1592803718774922,9.999952,3.000299,9.999505,0.999956,0.004828,-0.008095,0.000135
1592803718850817,9.999714,3.000390,9.999600,0.999956,0.004805,-0.008046,0.000152
1592803718927899,9.999642,3.000600,9.999575,0.999956,0.004826,-0.008058,0.000127
1592803718998477,9.999778,3.000299,9.999679,0.999956,0.004845,-0.008068,0.000127
1592803719085550,9.999776,3.000436,9.999639,0.999956,0.004837,-0.008084,0.000158
1592803719172177,9.999693,3.000248,9.999643,0.999956,0.004827,-0.008096,0.000201
1592803719257403,9.999697,3.000476,9.999800,0.999956,0.004837,-0.008090,0.000204
1592803719340776,9.999617,3.000365,9.999476,0.999956,0.004826,-0.008067,0.000197
1592803719430031,9.999667,3.000302,9.999592,0.999956,0.004826,-0.008090,0.000141
1592803719508472,9.999750,3.000362,9.999470,0.999956,0.004831,-0.008093,0.000149
1592803719586401,9.999712,3.000420,9.999599,0.999956,0.004858,-0.008083,0.000145
1592803719664454,9.999739,3.000266,9.999710,0.999955,0.004830,-0.008143,0.000134
1592803719739573,9.999754,3.000217,9.999783,0.999955,0.004823,-0.008143,0.000140
1592803719814243,9.999841,3.000392,9.999810,0.999955,0.004821,-0.008119,0.000172
1592803719886856,9.999652,3.000434,9.999527,0.999956,0.004822,-0.008080,0.000186
1592803719961412,9.999773,3.000537,9.999602,0.999956,0.004817,-0.008093,0.000189
1592803720040915,9.999677,3.000346,9.999644,0.999956,0.004813,-0.008041,0.000142
1592803720137143,9.999702,3.000297,9.999652,0.999956,0.004805,-0.008062,0.000130
1592803720231562,9.999943,3.000265,9.999466,0.999956,0.004819,-0.008056,0.000143
1592803720315237,9.999692,3.000488,9.999681,0.999956,0.004823,-0.008066,0.000152
1592803720395428,9.999721,3.000497,9.999668,0.999956,0.004853,-0.008081,0.000163
1592803720469879,9.999907,3.000257,9.999400,0.999955,0.004854,-0.008122,0.000165
1592803720547493,9.999604,3.000351,9.999365,0.999956,0.004819,-0.008100,0.000151
1592803720622935,9.999757,3.000452,9.999831,0.999956,0.004808,-0.008116,0.000149
1592803720701585,9.999732,3.000311,9.999660,0.999956,0.004783,-0.008060,0.000143
1592803720774745,9.999705,3.000255,9.999526,0.999956,0.004798,-0.008056,0.000141
1592803720850285,9.999663,3.000499,9.999447,0.999956,0.004819,-0.008076,0.000172
1592803720924257,9.999631,3.000409,9.999728,0.999956,0.004795,-0.008054,0.000192
1592803720998499,9.999647,3.000225,9.999514,0.999956,0.004782,-0.008071,0.000199
1592803721083142,9.999561,3.000435,9.999552,0.999956,0.004805,-0.008064,0.000174
1592803721169508,9.999702,3.000307,9.999657,0.999956,0.004782,-0.008058,0.000168
1592803721251397,9.999759,3.000476,9.999611,0.999956,0.004779,-0.008036,0.000173
1592803721342042,9.999629,3.000366,9.999516,0.999957,0.004745,-0.008026,0.000157
1592803721421599,9.999722,3.000302,9.999706,0.999957,0.004753,-0.008006,0.000188
1592803721499708,9.999562,3.000293,9.999421,0.999956,0.004764,-0.008030,0.000181
1592803721585118,9.999676,3.000386,9.999405,0.999957,0.004750,-0.007996,0.000180
1592803721678409,9.999605,3.000397,9.999626,0.999957,0.004766,-0.008014,0.000200
1592803721767642,9.999613,3.000353,9.999580,0.999956,0.004785,-0.008047,0.000193
1592803721854507,9.999697,3.000335,9.999562,0.999956,0.004820,-0.008095,0.000184
1592803721943057,9.999849,3.000340,9.999793,0.999956,0.004804,-0.008086,0.000186
1592803722037918,9.999635,3.000327,9.999632,0.999956,0.004802,-0.008039,0.000195
1592803722131118,9.999587,3.000517,9.999468,0.999957,0.004759,-0.007995,0.000224
1592803722216778,9.999672,3.000389,9.999681,0.999956,0.004809,-0.008013,0.000174
1592803722304001,9.999664,3.000385,9.999417,0.999956,0.004815,-0.007994,0.000207
1592803722391806,9.999738,3.000445,9.999544,0.999956,0.004818,-0.008018,0.000200
1592803722473727,9.999697,3.000414,9.999541,0.999956,0.004811,-0.008009,0.000205
1592803722555934,9.999532,3.000483,9.999502,0.999956,0.004779,-0.008009,0.000214
1592803722636906,9.999623,3.000411,9.999561,0.999956,0.004809,-0.008037,0.000195
1592803722719941,9.999532,3.000513,9.999519,0.999956,0.004806,-0.008078,0.000228
1592803722797941,9.999638,3.000241,9.999483,0.999956,0.004808,-0.008061,0.000221
1592803722871984,9.999717,3.000132,9.999550,0.999956,0.004767,-0.008069,0.000235
1592803722944858,9.999584,3.000290,9.999416,0.999956,0.004758,-0.008029,0.000241
1592803723026471,9.999689,3.000529,9.999730,0.999956,0.004791,-0.008052,0.000184
1592803723119077,9.999713,3.000471,9.999442,0.999956,0.004806,-0.008075,0.000183
1592803723204929,9.999641,3.000231,9.999640,0.999956,0.004784,-0.008066,0.000185
1592803723289753,9.999620,3.000435,9.999860,0.999956,0.004793,-0.008033,0.000216
1592803723370230,9.999715,3.000267,9.999679,0.999956,0.004819,-0.008066,0.000196
1592803723453084,9.999760,3.000484,9.999735,0.999955,0.004826,-0.008115,0.000167
1592803723539184,9.999652,3.000254,9.999509,0.999956,0.004807,-0.008041,0.000178
1592803723620507,9.999635,3.000440,9.999400,0.999956,0.004836,-0.008056,0.000164
1592803723709629,9.999787,3.000278,9.999778,0.999956,0.004857,-0.008079,0.000133
1592803723793292,9.999901,3.000494,9.999762,0.999956,0.004844,-0.008071,0.000139
1592803723873667,9.999690,3.000405,9.999579,0.999956,0.004821,-0.008055,0.000176
1592803723948503,9.999627,3.000391,9.999643,0.999956,0.004806,-0.008047,0.000144
1592803724029749,9.999752,3.000587,9.999709,0.999956,0.004816,-0.008066,0.000128
1592803724121012,9.999857,3.000465,9.999720,0.999956,0.004824,-0.008088,0.000126
1592803724207373,9.999819,3.000377,9.999640,0.999956,0.004802,-0.008080,0.000141
1592803724289619,9.999743,3.000382,9.999646,0.999956,0.004800,-0.008090,0.000130
1592803724368874,9.999804,3.000293,9.999508,0.999956,0.004794,-0.008082,0.000145
1592803724448801,9.999662,3.000450,9.999847,0.999956,0.004804,-0.008075,0.000141
1592803724524163,9.999747,3.000338,9.999633,0.999956,0.004789,-0.008063,0.000177
1592803724598157,9.999697,3.000253,9.999571,0.999956,0.004813,-0.008100,0.000155
1592803724673288,9.999717,3.000385,9.999693,0.999956,0.004813,-0.008091,0.000154
1592803724749140,9.999763,3.000330,9.999812,0.999955,0.004828,-0.008113,0.000161
1592803724822866,9.999721,3.000409,9.999586,0.999955,0.004823,-0.008109,0.000145
1592803724895640,9.999696,3.000302,9.999680,0.999956,0.004799,-0.008079,0.000151
1592803724974511,9.999983,3.000182,9.999477,0.999956,0.004822,-0.008089,0.000158
1592803725057701,9.999701,3.000474,9.999717,0.999956,0.004798,-0.008077,0.000195
1592803725143645,9.999627,3.000268,9.999732,0.999956,0.004791,-0.008064,0.000169
1592803725228512,9.999665,3.000484,9.999596,0.999956,0.004814,-0.008069,0.000186
1592803725309803,9.999642,3.000337,9.999504,0.999956,0.004823,-0.008067,0.000171
1592803725386945,9.999681,3.000479,9.999537,0.999956,0.004807,-0.008041,0.000193
1592803725471492,9.999732,3.000288,9.999723,0.999956,0.004803,-0.008007,0.000172
1592803725556553,9.999669,3.000484,9.999383,0.999956,0.004797,-0.008039,0.000183
1592803725632848,9.999811,3.000248,9.999537,0.999956,0.004808,-0.008012,0.000152
1592803725710358,9.999627,3.000483,9.999693,0.999956,0.004813,-0.008008,0.000147
1592803725790359,9.999663,3.000463,9.999755,0.999956,0.004853,-0.007986,0.000178
1592803725870508,9.999804,3.000326,9.999713,0.999956,0.004818,-0.007992,0.000168
1592803725953500,9.999709,3.000429,9.999687,0.999956,0.004804,-0.008027,0.000178
1592803726049585,9.999746,3.000346,9.999681,0.999956,0.004804,-0.008009,0.000169
1592803726150731,9.999695,3.000469,9.999559,0.999957,0.004811,-0.007966,0.000165
1592803726245699,9.999659,3.000382,9.999383,0.999957,0.004755,-0.008009,0.000167
1592803726327370,9.999776,3.000329,9.999784,0.999957,0.004789,-0.008006,0.000111
1592803726408658,9.999788,3.000344,9.999544,0.999956,0.004787,-0.008052,0.000117
1592803726486188,9.999780,3.000333,9.999592,0.999956,0.004800,-0.008063,0.000128
1592803726561208,9.999831,3.000502,9.999831,0.999956,0.004811,-0.008051,0.000115
1592803726634680,9.999786,3.000305,9.999681,0.999956,0.004763,-0.008067,0.000142
1592803726706814,9.999719,3.000245,9.999546,0.999956,0.004768,-0.008052,0.000140
1592803726780846,9.999736,3.000341,9.999563,0.999956,0.004760,-0.008036,0.000152
1592803726860603,9.999774,3.000072,9.999669,0.999957,0.004779,-0.008007,0.000170
1592803726934005,9.999728,3.000274,9.999670,0.999957,0.004771,-0.007989,0.000181
1592803727007156,9.999655,3.000356,9.999469,0.999956,0.004781,-0.008031,0.000175
1592803727095577,9.999599,3.000467,9.999663,0.999956,0.004755,-0.008061,0.000153
1592803727178636,9.999728,3.000243,9.999775,0.999956,0.004764,-0.008028,0.000129
1592803727263059,9.999809,3.000547,9.999710,0.999956,0.004777,-0.008013,0.000197
1592803727343235,9.999587,3.000327,9.999495,0.999956,0.004770,-0.008030,0.000184
1592803727425521,9.999602,3.000398,9.999471,0.999956,0.004756,-0.008056,0.000182
1592803727503506,9.999701,3.000191,9.999670,0.999956,0.004779,-0.008062,0.000174
1592803727583669,9.999672,3.000365,9.999757,0.999956,0.004762,-0.008063,0.000157
1592803727662553,9.999796,3.000414,9.999790,0.999956,0.004764,-0.008081,0.000187
1592803727736680,9.999643,3.000203,9.999482,0.999956,0.004763,-0.008064,0.000181
1592803727809663,9.999683,3.000339,9.999592,0.999956,0.004776,-0.008084,0.000154
1592803727888261,9.999754,3.000307,9.999534,0.999956,0.004764,-0.008062,0.000122
1592803727972827,9.999784,3.000237,9.999743,0.999956,0.004761,-0.008082,0.000143
1592803728073610,9.999691,3.000242,9.999701,0.999956,0.004789,-0.008062,0.000164
1592803728171536,9.999635,3.000214,9.999752,0.999956,0.004800,-0.008092,0.000142
1592803728256288,9.999772,3.000393,9.999791,0.999956,0.004797,-0.008089,0.000103
1592803728339228,9.999769,3.000274,9.999706,0.999956,0.004789,-0.008090,0.000174
1592803728418641,9.999689,3.000455,9.999462,0.999956,0.004807,-0.008079,0.000212
1592803728494310,9.999685,3.000372,9.999708,0.999956,0.004797,-0.008037,0.000223
1592803728568387,9.999619,3.000402,9.999493,0.999956,0.004777,-0.008035,0.000193
1592803728643673,9.999680,3.000309,9.999530,0.999956,0.004792,-0.008074,0.000172
1592803728719949,9.999731,3.000313,9.999615,0.999956,0.004809,-0.008056,0.000189
1592803728791725,9.999717,3.000346,9.999579,0.999956,0.004798,-0.008049,0.000213
1592803728862649,9.999616,3.000243,9.999543,0.999956,0.004761,-0.008028,0.000217
1592803728935707,9.999680,3.000258,9.999599,0.999956,0.004784,-0.008018,0.000205
1592803729006750,9.999669,3.000251,9.999779,0.999956,0.004829,-0.008017,0.000210
1592803729099336,9.999622,3.000327,9.999426,0.999956,0.004808,-0.008010,0.000231
1592803729189516,9.999556,3.000384,9.999390,0.999957,0.004770,-0.007981,0.000200
1592803729287190,9.999728,3.000356,9.999735,0.999957,0.004772,-0.008015,0.000200
1592803729383211,9.999659,3.000431,9.999652,0.999956,0.004802,-0.008028,0.000192
1592803729474769,9.999970,3.000242,9.999493,0.999956,0.004816,-0.007997,0.000161
1592803729565713,9.999745,3.000304,9.999662,0.999957,0.004776,-0.007991,0.000166
1592803729656022,9.999643,3.000422,9.999521,0.999956,0.004806,-0.008007,0.000202
1592803729735597,9.999739,3.000311,9.999635,0.999956,0.004799,-0.008028,0.000160
1592803729811284,9.999799,3.000313,9.999710,0.999956,0.004792,-0.008013,0.000162
1592803729886479,9.999753,3.000375,9.999517,0.999956,0.004805,-0.008019,0.000183
1592803729961861,9.999829,3.000211,9.999658,0.999956,0.004791,-0.008010,0.000159
1592803730045304,9.999724,3.000321,9.999765,0.999956,0.004799,-0.008009,0.000139
1592803730138813,9.999796,3.000302,9.999809,0.999956,0.004797,-0.008006,0.000132
1592803730232081,9.999799,3.000247,9.999611,0.999956,0.004811,-0.008055,0.000137
1592803730314537,9.999956,3.000353,9.999393,0.999956,0.004830,-0.008044,0.000142
1592803730396660,9.999675,3.000447,9.999846,0.999956,0.004812,-0.008087,0.000099
1592803730475932,9.999846,3.000281,9.999763,0.999956,0.004793,-0.008099,0.000117
1592803730553471,9.999870,3.000374,9.999800,0.999956,0.004785,-0.008104,0.000164
1592803730627562,9.999676,3.000345,9.999886,0.999956,0.004777,-0.008117,0.000208
1592803730701531,9.999665,3.000265,9.999579,0.999956,0.004802,-0.008071,0.000229
1592803730778427,9.999614,3.000271,9.999725,0.999956,0.004764,-0.008043,0.000217
1592803730860767,9.999571,3.000346,9.999632,0.999957,0.004774,-0.008009,0.000198
1592803730948131,9.999699,3.000466,9.999559,0.999957,0.004778,-0.007990,0.000256
1592803731039225,9.999621,3.000208,9.999446,0.999956,0.004775,-0.008015,0.000209
1592803731146648,9.999616,3.000324,9.999615,0.999956,0.004771,-0.008033,0.000178
1592803731236686,9.999717,3.000328,9.999773,0.999956,0.004770,-0.008051,0.000139
1592803731314892,9.999689,3.000204,9.999769,0.999956,0.004747,-0.008071,0.000147
1592803731392134,9.999666,3.000454,9.999471,0.999956,0.004747,-0.008084,0.000187
1592803731471217,9.999647,3.000187,9.999552,0.999956,0.004759,-0.008081,0.000185
1592803731547466,9.999657,3.000284,9.999513,0.999956,0.004760,-0.008076,0.000175
1592803731621816,9.999782,3.000341,9.999686,0.999956,0.004774,-0.008062,0.000148
1592803731698816,9.999693,3.000150,9.999712,0.999956,0.004740,-0.008037,0.000180
1592803731773319,9.999548,3.000263,9.999454,0.999957,0.004740,-0.008020,0.000210
1592803731847668,9.999608,3.000294,9.999537,0.999957,0.004729,-0.008013,0.000210
1592803731921799,9.999724,3.000196,9.999734,0.999956,0.004774,-0.008068,0.000183
1592803731997847,9.999738,3.000220,9.999681,0.999956,0.004755,-0.008046,0.000179
1592803732085439,9.999800,3.000365,9.999770,0.999956,0.004742,-0.008058,0.000145
1592803732173644,9.999666,3.000233,9.999614,0.999957,0.004741,-0.008024,0.000225
1592803732257290,9.999550,3.000421,9.999479,0.999956,0.004761,-0.008024,0.000219
1592803732340735,9.999954,3.000261,9.999598,0.999956,0.004775,-0.008017,0.000229
1592803732423057,9.999517,3.000426,9.999607,0.999957,0.004777,-0.007977,0.000246
1592803732500583,9.999596,3.000319,9.999675,0.999957,0.004776,-0.007973,0.000202
1592803732579892,9.999739,3.000319,9.999640,0.999957,0.004794,-0.007975,0.000196
1592803732656366,9.999637,3.000480,9.999640,0.999957,0.004804,-0.007993,0.000200
1592803732732828,9.999664,3.000340,9.999587,0.999956,0.004816,-0.008007,0.000177
1592803732807181,9.999786,3.000274,9.999381,0.999956,0.004820,-0.008009,0.000186
1592803732881106,9.999719,3.000313,9.999558,0.999956,0.004815,-0.008001,0.000202
1592803732953197,9.999608,3.000322,9.999645,0.999956,0.004810,-0.008019,0.000204
1592803733029041,9.999647,3.000388,9.999411,0.999956,0.004786,-0.008036,0.000208
1592803733116622,9.999662,3.000256,9.999489,0.999956,0.004783,-0.008033,0.000183
1592803733200859,9.999710,3.000214,9.999609,0.999956,0.004762,-0.008032,0.000191
1592803733283809,9.999661,3.000274,9.999667,0.999957,0.004764,-0.008004,0.000214
1592803733363718,9.999519,3.000511,9.999475,0.999956,0.004776,-0.008021,0.000202
1592803733451137,9.999756,3.000282,9.999753,0.999956,0.004792,-0.008036,0.000198
1592803733545187,9.999727,3.000264,9.999664,0.999956,0.004776,-0.008041,0.000203
1592803733625396,9.999640,3.000379,9.999692,0.999956,0.004778,-0.008042,0.000212
1592803733700087,9.999650,3.000216,9.999536,0.999956,0.004762,-0.008035,0.000201
1592803733774043,9.999686,3.000202,9.999762,0.999956,0.004772,-0.008021,0.000181
1592803733847425,9.999622,3.000292,9.999656,0.999956,0.004778,-0.008046,0.000178
1592803733924508,9.999818,3.000365,9.999391,0.999957,0.004753,-0.008018,0.000161
1592803734000498,9.999734,3.000232,9.999811,0.999956,0.004773,-0.008014,0.000162
1592803734094552,9.999696,3.000412,9.999587,0.999957,0.004761,-0.007994,0.000194
1592803734174195,9.999596,3.000039,9.999619,0.999956,0.004790,-0.008030,0.000162
1592803734255513,9.999761,3.000476,9.999634,0.999956,0.004786,-0.008046,0.000182
1592803734335530,9.999650,3.000195,9.999653,0.999956,0.004777,-0.008036,0.000182
1592803734420096,9.999721,3.000343,9.999663,0.999956,0.004766,-0.008045,0.000129
1592803734512305,9.999750,3.000224,9.999656,0.999956,0.004739,-0.008047,0.000148
1592803734596742,9.999636,3.000286,9.999717,0.999956,0.004731,-0.008041,0.000149
1592803734682385,9.999710,3.000242,9.999617,0.999956,0.004757,-0.008036,0.000169
1592803734755256,9.999803,3.000320,9.999729,0.999956,0.004777,-0.008048,0.000194
1592803734827682,9.999671,3.000364,9.999759,0.999956,0.004780,-0.008070,0.000160
1592803734901347,9.999837,3.000156,9.999676,0.999956,0.004784,-0.008055,0.000148
1592803734973646,9.999669,3.000221,9.999640,0.999956,0.004789,-0.008042,0.000150
1592803735052866,9.999760,3.000339,9.999731,0.999956,0.004801,-0.008045,0.000126
1592803735141007,9.999782,3.000228,9.999728,0.999956,0.004780,-0.008024,0.000097
1592803735225124,9.999748,3.000414,9.999647,0.999956,0.004753,-0.008041,0.000132
1592803735309000,9.999781,3.000270,9.999724,0.999956,0.004777,-0.008066,0.000123
1592803735401021,9.999996,3.000154,9.999659,0.999956,0.004774,-0.008032,0.000085
1592803735480272,9.999771,3.000298,9.999666,0.999956,0.004767,-0.008074,0.000066
1592803735562400,9.999879,3.000363,9.999813,0.999956,0.004776,-0.008046,0.000096
1592803735637945,9.999783,3.000312,9.999827,0.999957,0.004748,-0.008028,0.000113
1592803735720716,9.999859,3.000242,9.999823,0.999956,0.004781,-0.008027,0.000102
1592803735801655,9.999721,3.000183,9.999614,0.999957,0.004779,-0.008010,0.000127
1592803735877789,9.999729,3.000270,9.999789,0.999956,0.004793,-0.008015,0.000146
1592803735949790,9.999657,3.000268,9.999580,0.999956,0.004793,-0.008020,0.000180
1592803736030886,9.999758,3.000425,9.999769,0.999956,0.004802,-0.008028,0.000168
1592803736120233,9.999796,3.000314,9.999731,0.999957,0.004755,-0.008000,0.000149
1592803736211460,9.999675,3.000266,9.999784,0.999957,0.004770,-0.007990,0.000184
1592803736296564,9.999685,3.000583,9.999477,0.999957,0.004804,-0.007963,0.000206
1592803736378679,9.999891,3.000297,9.999146,0.999957,0.004794,-0.007936,0.000193
1592803736455048,9.999739,3.000320,9.999672,0.999957,0.004786,-0.007963,0.000168
1592803736531548,9.999672,3.000428,9.999596,0.999957,0.004775,-0.007945,0.000168
1592803736604899,9.999763,3.000271,9.999605,0.999957,0.004774,-0.007988,0.000167
1592803736677575,9.999554,3.000369,9.999639,0.999957,0.004771,-0.007996,0.000173
1592803736752445,9.999619,3.000435,9.999531,0.999957,0.004774,-0.008012,0.000202
1592803736831331,9.999601,3.000343,9.999549,0.999957,0.004778,-0.007997,0.000205
1592803736912935,9.999627,3.000340,9.999590,0.999957,0.004781,-0.007996,0.000223
1592803736986323,9.999626,3.000305,9.999699,0.999956,0.004793,-0.008012,0.000207
1592803737073044,9.999693,3.000327,9.999710,0.999957,0.004755,-0.007995,0.000207
1592803737160994,9.999576,3.000254,9.999651,0.999957,0.004740,-0.007980,0.000231
1592803737242080,9.999643,3.000348,9.999550,0.999957,0.004723,-0.007990,0.000214
1592803737321024,9.999735,3.000394,9.999699,0.999957,0.004767,-0.007982,0.000210
1592803737401002,9.999708,3.000105,9.999721,0.999957,0.004753,-0.007982,0.000201
1592803737479133,9.999569,3.000455,9.999569,0.999957,0.004726,-0.007976,0.000210
1592803737556610,9.999627,3.000351,9.999677,0.999957,0.004705,-0.007961,0.000250
1592803737633465,9.999599,3.000167,9.999555,0.999957,0.004736,-0.008012,0.000213
1592803737706682,9.999582,3.000228,9.999525,0.999957,0.004718,-0.008004,0.000217
1592803737782630,9.999812,3.000277,9.999307,0.999957,0.004725,-0.007988,0.000181
1592803737856746,9.999641,3.000327,9.999413,0.999957,0.004723,-0.007995,0.000157
1592803737933537,9.999738,3.000124,9.999836,0.999957,0.004751,-0.008022,0.000135
1592803738020063,9.999753,3.000287,9.999720,0.999957,0.004743,-0.008013,0.000166
1592803738112275,9.999690,3.000209,9.999635,0.999957,0.004756,-0.007992,0.000185
1592803738197451,9.999673,3.000248,9.999621,0.999957,0.004765,-0.008015,0.000174
1592803738282671,9.999933,3.000205,9.999413,0.999957,0.004755,-0.008007,0.000153
1592803738362178,9.999794,3.000512,9.999821,0.999956,0.004774,-0.008017,0.000146
1592803738441246,9.999724,3.000304,9.999620,0.999957,0.004764,-0.008016,0.000186
1592803738520309,9.999682,3.000409,9.999620,0.999956,0.004744,-0.008028,0.000167
1592803738598785,9.999722,3.000145,9.999722,0.999957,0.004768,-0.007994,0.000165
1592803738678035,9.999703,3.000360,9.999701,0.999957,0.004777,-0.008002,0.000140
1592803738756585,9.999901,3.000353,9.999669,0.999956,0.004796,-0.008015,0.000158
1592803738834631,9.999728,3.000129,9.999701,0.999956,0.004751,-0.008029,0.000183
1592803738911414,9.999673,3.000301,9.999652,0.999956,0.004775,-0.008027,0.000207
1592803738993947,9.999527,3.000358,9.999518,0.999956,0.004769,-0.008044,0.000186
1592803739098762,9.999735,3.000322,9.999835,0.999956,0.004756,-0.008064,0.000225
1592803739196873,9.999627,3.000358,9.999701,0.999956,0.004742,-0.008064,0.000244
1592803739288058,9.999601,3.000182,9.999756,0.999957,0.004703,-0.008028,0.000244
1592803739376200,9.999537,3.000155,9.999510,0.999956,0.004721,-0.008074,0.000235
1592803739453590,9.999344,3.000218,9.999859,0.999956,0.004737,-0.008094,0.000199
1592803739532611,9.999795,3.000204,9.999742,0.999956,0.004757,-0.008065,0.000172
1592803739608141,9.999697,3.000014,9.999727,0.999956,0.004759,-0.008060,0.000175
1592803739686507,9.999640,3.000389,9.999700,0.999956,0.004756,-0.008056,0.000142
1592803739761028,9.999801,3.000257,9.999754,0.999956,0.004772,-0.008079,0.000136
1592803739834631,9.999796,3.000136,9.999848,0.999956,0.004745,-0.008042,0.000149
1592803739907477,9.999721,3.000184,9.999766,0.999957,0.004732,-0.008020,0.000167
1592803739981585,9.999865,3.000251,9.999636,0.999957,0.004740,-0.008010,0.000178
1592803740071532,9.999703,3.000301,9.999739,0.999957,0.004747,-0.007971,0.000174
1592803740157063,9.999662,3.000350,9.999688,0.999957,0.004759,-0.007967,0.000192
1592803740242509,9.999682,3.000244,9.999627,0.999957,0.004779,-0.007964,0.000161
1592803740324939,9.999745,3.000346,9.999712,0.999957,0.004756,-0.007926,0.000153
1592803740408584,9.999630,3.000289,9.999683,0.999957,0.004787,-0.007952,0.000148
1592803740487765,9.999754,3.000299,9.999793,0.999957,0.004788,-0.007944,0.000134
1592803740565161,9.999875,3.000541,9.999810,0.999957,0.004761,-0.007949,0.000153
1592803740637102,9.999727,3.000348,9.999856,0.999957,0.004784,-0.007959,0.000183
1592803740709917,9.999601,3.000339,9.999668,0.999957,0.004772,-0.007946,0.000201
1592803740785630,9.999647,3.000351,9.999534,0.999957,0.004789,-0.007977,0.000203
1592803740859987,9.999700,3.000451,9.999548,0.999957,0.004789,-0.007976,0.000204
1592803740937615,9.999856,3.000212,9.999861,0.999956,0.004779,-0.008011,0.000162
1592803741016672,9.999683,3.000268,9.999663,0.999957,0.004731,-0.008010,0.000227
1592803741103864,9.999644,3.000174,9.999854,0.999956,0.004770,-0.008033,0.000163
1592803741186249,9.999687,3.000259,9.999696,0.999956,0.004760,-0.008041,0.000154
1592803741269360,9.999713,3.000074,9.999770,0.999956,0.004746,-0.008039,0.000169
1592803741351878,9.999642,3.000203,9.999731,0.999957,0.004736,-0.008025,0.000158
1592803741429367,9.999749,3.000410,9.999597,0.999957,0.004732,-0.008007,0.000171
1592803741507095,9.999725,3.000209,9.999771,0.999957,0.004741,-0.008027,0.000134
1592803741589908,9.999778,3.000273,9.999804,0.999957,0.004729,-0.008021,0.000135
1592803741676591,9.999613,3.000247,9.999799,0.999956,0.004746,-0.008032,0.000150
1592803741757073,9.999883,3.000342,9.999896,0.999956,0.004775,-0.008019,0.000106
1592803741835749,9.999704,3.000251,9.999598,0.999957,0.004765,-0.007988,0.000130
1592803741920892,9.999774,3.000342,9.999841,0.999957,0.004746,-0.008008,0.000122
1592803741997206,9.999784,3.000384,9.999734,0.999957,0.004753,-0.008015,0.000158
1592803742098786,9.999755,3.000288,9.999681,0.999957,0.004759,-0.007994,0.000162
1592803742191025,9.999759,3.000328,9.999758,0.999957,0.004748,-0.007983,0.000169
1592803742275806,9.999669,3.000172,9.999767,0.999957,0.004744,-0.007972,0.000161
1592803742356763,9.999776,3.000341,9.999873,0.999957,0.004748,-0.007962,0.000193
1592803742436244,9.999713,3.000023,9.999777,0.999957,0.004729,-0.007964,0.000191
1592803742521065,9.999679,3.000334,9.999766,0.999957,0.004749,-0.007975,0.000196
1592803742601043,9.999704,3.000261,9.999697,0.999957,0.004789,-0.007983,0.000198
1592803742678411,9.999623,3.000222,9.999716,0.999957,0.004771,-0.008001,0.000198
1592803742756610,9.999740,3.000002,9.999815,0.999957,0.004754,-0.008012,0.000192
1592803742832254,9.999693,3.000229,9.999578,0.999956,0.004770,-0.008026,0.000183
1592803742908820,9.999707,3.000191,9.999697,0.999957,0.004690,-0.008000,0.000206
1592803742986695,9.999701,3.000103,9.999631,0.999957,0.004691,-0.007983,0.000183
1592803743075204,9.999581,3.000325,9.999774,0.999957,0.004718,-0.007984,0.000180
1592803743159945,9.999727,3.000370,9.999735,0.999957,0.004699,-0.007954,0.000190
1592803743249933,9.999635,3.000421,9.999738,0.999957,0.004720,-0.007937,0.000194
1592803743344416,9.999767,3.000030,9.999601,0.999957,0.004749,-0.007952,0.000160
1592803743423148,9.999687,3.000410,9.999945,0.999957,0.004750,-0.007984,0.000133
1592803743502796,9.999793,3.000269,9.999666,0.999957,0.004735,-0.007954,0.000172
1592803743577750,9.999728,3.000144,9.999512,0.999957,0.004730,-0.007930,0.000218
1592803743653520,9.999576,3.000306,9.999597,0.999957,0.004722,-0.007936,0.000210
1592803743727047,9.999614,3.000346,9.999599,0.999957,0.004724,-0.007951,0.000210
1592803743801771,9.999572,3.000200,9.999587,0.999957,0.004735,-0.007986,0.000250
1592803743879175,9.999567,3.000206,9.999605,0.999957,0.004729,-0.007960,0.000257
1592803743953594,9.999683,3.000343,9.999568,0.999957,0.004721,-0.007982,0.000229
1592803744027475,9.999633,3.000345,9.999485,0.999957,0.004757,-0.007967,0.000257
1592803744112841,9.999619,3.000254,9.999743,0.999956,0.004779,-0.008008,0.000210
1592803744195814,9.999709,3.000358,9.999556,0.999957,0.004790,-0.007997,0.000253
1592803744276342,9.999603,3.000236,9.999592,0.999957,0.004777,-0.007974,0.000219
1592803744357322,9.999587,3.000367,9.999561,0.999957,0.004796,-0.007949,0.000242
1592803744437959,9.999599,3.000250,9.999444,0.999957,0.004779,-0.007961,0.000214
1592803744516256,9.999736,3.000338,9.999783,0.999957,0.004773,-0.008005,0.000159
1592803744605074,9.999992,3.000140,9.999624,0.999957,0.004713,-0.007957,0.000199
1592803744688202,9.999607,3.000280,9.999796,0.999957,0.004711,-0.007943,0.000218
1592803744771219,9.999569,3.000190,9.999591,0.999958,0.004697,-0.007935,0.000222
1592803744858758,9.999867,3.000261,9.999451,0.999958,0.004704,-0.007931,0.000217
1592803744938763,9.999542,3.000273,9.999533,0.999957,0.004720,-0.007968,0.000180
1592803745023071,9.999699,3.000249,9.999772,0.999957,0.004706,-0.007939,0.000195
1592803745129579,9.999663,3.000360,9.999690,0.999957,0.004706,-0.007978,0.000156
1592803745222802,9.999711,3.000229,9.999777,0.999957,0.004737,-0.007992,0.000112
1592803745306932,9.999902,3.000132,9.999826,0.999957,0.004721,-0.007952,0.000147
1592803745387388,9.999741,3.000365,9.999712,0.999957,0.004750,-0.007981,0.000153
1592803745467071,9.999754,3.000290,9.999779,0.999957,0.004784,-0.007996,0.000136
1592803745552002,9.999789,3.000224,9.999734,0.999957,0.004782,-0.008001,0.000148
1592803745630210,9.999768,3.000269,9.999697,0.999957,0.004781,-0.007997,0.000158
1592803745712868,9.999985,3.000181,9.999634,0.999957,0.004752,-0.007948,0.000159
1592803745801294,9.999704,3.000230,9.999478,0.999957,0.004749,-0.007957,0.000149
1592803745896416,9.999825,3.000319,9.999911,0.999957,0.004746,-0.008000,0.000156
1592803745993701,9.999774,3.000283,9.999853,0.999957,0.004717,-0.007986,0.000201
1592803746120573,9.999724,3.000338,9.999612,0.999957,0.004754,-0.007968,0.000176
1592803746231419,9.999815,3.000212,9.999754,0.999956,0.004790,-0.008022,0.000147
1592803746324642,9.999840,3.000289,9.999930,0.999957,0.004790,-0.007987,0.000132
1592803746415664,9.999771,3.000380,9.999579,0.999957,0.004775,-0.007999,0.000125
1592803746497267,9.999919,3.000424,9.999906,0.999957,0.004790,-0.007983,0.000135
1592803746573649,9.999778,3.000224,9.999709,0.999957,0.004747,-0.007978,0.000113
1592803746646876,9.999841,3.000324,9.999806,0.999957,0.004766,-0.007979,0.000100
1592803746722131,9.999835,3.000287,9.999672,0.999957,0.004733,-0.007991,0.000107
1592803746796560,9.999959,3.000217,9.999382,0.999957,0.004761,-0.007965,0.000098
1592803746873269,9.999794,3.000342,9.999800,0.999957,0.004788,-0.007963,0.000097
1592803746946204,9.999828,3.000314,9.999970,0.999957,0.004766,-0.007975,0.000111
1592803747023168,9.999762,3.000303,9.999554,0.999957,0.004754,-0.007972,0.000153
1592803747113550,9.999769,3.000361,9.999815,0.999957,0.004743,-0.007965,0.000148
1592803747199259,9.999704,3.000480,9.999516,0.999957,0.004747,-0.007928,0.000137
1592803747285043,9.999753,2.999789,9.999630,0.999957,0.004728,-0.007989,0.000146
1592803747369290,9.999803,3.000258,9.999868,0.999957,0.004700,-0.007992,0.000127
1592803747450282,9.999728,2.999862,9.999817,0.999957,0.004683,-0.007981,0.000144
1592803747529389,9.999724,3.000372,9.999735,0.999957,0.004702,-0.007965,0.000145
1592803747608641,9.999701,3.000175,9.999789,0.999957,0.004703,-0.007943,0.000172
1592803747682354,9.999749,3.000228,9.999663,0.999958,0.004682,-0.007935,0.000173
1592803747757334,9.999643,3.000372,9.999806,0.999958,0.004683,-0.007933,0.000200
1592803747830732,9.999644,3.000425,9.999604,0.999958,0.004682,-0.007932,0.000229
1592803747905251,9.999591,3.000238,9.999525,0.999957,0.004694,-0.007937,0.000206
1592803747979467,9.999609,3.000150,9.999529,0.999958,0.004690,-0.007922,0.000202
1592803748065964,9.999654,3.000191,9.999639,0.999958,0.004712,-0.007904,0.000223
1592803748154697,9.999565,3.000278,9.999522,0.999958,0.004702,-0.007907,0.000268
1592803748237921,9.999551,3.000256,9.999619,0.999958,0.004698,-0.007918,0.000248
1592803748318461,9.999689,3.000307,9.999747,0.999958,0.004709,-0.007930,0.000221
1592803748396972,9.999682,3.000211,9.999567,0.999957,0.004741,-0.007932,0.000206
1592803748479935,9.999599,3.000346,9.999676,0.999958,0.004693,-0.007920,0.000215
1592803748558169,9.999593,3.000274,9.999550,0.999958,0.004697,-0.007919,0.000195
1592803748634362,9.999612,3.000216,9.999489,0.999957,0.004721,-0.007922,0.000189
1592803748706875,9.999803,3.000243,9.999713,0.999957,0.004720,-0.007942,0.000167
1592803748786259,9.999733,3.000335,9.999636,0.999958,0.004754,-0.007902,0.000166
1592803748861206,9.999743,3.000506,9.999681,0.999957,0.004761,-0.007925,0.000193
1592803748933478,9.999866,3.000392,9.999741,0.999957,0.004751,-0.007951,0.000157
1592803749008364,9.999689,3.000241,9.999716,0.999957,0.004770,-0.007969,0.000173
1592803749083171,9.999642,3.000158,9.999627,0.999957,0.004756,-0.007965,0.000175
1592803749155932,9.999787,3.000230,9.999756,0.999957,0.004735,-0.007954,0.000202
1592803749227953,9.999750,3.000343,9.999682,0.999957,0.004739,-0.007932,0.000169
1592803749312078,9.999818,2.999942,9.999848,0.999958,0.004730,-0.007919,0.000166
1592803749405783,9.999645,3.000265,9.999658,0.999957,0.004722,-0.007938,0.000135
1592803749497226,9.999763,3.000325,9.999679,0.999957,0.004714,-0.007931,0.000128
1592803749586688,9.999811,3.000226,9.999761,0.999957,0.004744,-0.007942,0.000151
1592803749674520,9.999773,3.000182,9.999730,0.999957,0.004749,-0.007950,0.000179
1592803749761178,9.999695,3.000266,9.999649,0.999957,0.004750,-0.007960,0.000151
1592803749851809,9.999840,3.000266,9.999790,0.999957,0.004749,-0.007963,0.000179
1592803749946309,9.999684,3.000249,9.999795,0.999958,0.004708,-0.007925,0.000184
1592803750050641,9.999604,3.000275,9.999527,0.999958,0.004724,-0.007907,0.000204
1592803750137077,9.999670,3.000260,9.999722,0.999957,0.004729,-0.007955,0.000196
1592803750239243,9.999780,3.000221,9.999867,0.999957,0.004750,-0.007970,0.000177
1592803750315227,9.999671,3.000155,9.999800,0.999957,0.004764,-0.008006,0.000174
1592803750393298,9.999730,3.000178,9.999674,0.999957,0.004722,-0.007996,0.000193
1592803750468359,9.999726,3.000183,9.999693,0.999957,0.004729,-0.007997,0.000183
1592803750544731,9.999671,3.000249,9.999449,0.999957,0.004718,-0.007995,0.000215
1592803750621705,9.999592,3.000139,9.999580,0.999957,0.004691,-0.008010,0.000228
1592803750697923,9.999686,3.000125,9.999897,0.999957,0.004681,-0.007995,0.000196
1592803750774923,9.999669,3.000161,9.999706,0.999957,0.004704,-0.007984,0.000212
1592803750856586,9.999649,3.000298,9.999665,0.999958,0.004682,-0.007949,0.000197
1592803750947041,9.999685,3.000111,9.999719,0.999957,0.004723,-0.007942,0.000244
1592803751023763,9.999590,3.000432,9.999655,0.999957,0.004711,-0.007949,0.000206
1592803751111363,9.999668,3.000237,9.999829,0.999958,0.004712,-0.007900,0.000223
1592803751197890,9.999621,3.000174,9.999504,0.999957,0.004744,-0.007918,0.000235
1592803751285144,9.999699,3.000326,9.999727,0.999957,0.004748,-0.007923,0.000236
1592803751373594,9.999609,3.000171,9.999607,0.999958,0.004723,-0.007915,0.000239
1592803751463141,9.999430,3.000320,9.999462,0.999958,0.004711,-0.007928,0.000254
1592803751542794,9.999617,3.000247,9.999588,0.999958,0.004688,-0.007918,0.000227
1592803751621203,9.999497,3.000250,9.999702,0.999958,0.004685,-0.007888,0.000207
1592803751699552,9.999629,3.000377,9.999661,0.999958,0.004662,-0.007892,0.000201
1592803751776044,9.999584,3.000232,9.999607,0.999958,0.004660,-0.007878,0.000212
1592803751852686,9.999530,3.000261,9.999444,0.999958,0.004661,-0.007940,0.000163
1592803751930057,9.999675,3.000266,9.999670,0.999957,0.004682,-0.007995,0.000122
1592803752011249,9.999860,3.000080,9.999847,0.999957,0.004690,-0.007966,0.000126
1592803752115956,9.999786,3.000159,9.999775,0.999957,0.004722,-0.007961,0.000158
1592803752201137,9.999633,3.000298,9.999617,0.999957,0.004721,-0.007937,0.000174
1592803752284328,9.999698,3.000265,9.999725,0.999958,0.004706,-0.007921,0.000160
1592803752371992,9.999743,3.000214,9.999720,0.999958,0.004691,-0.007908,0.000141
1592803752455303,9.999666,3.000236,9.999545,0.999958,0.004727,-0.007911,0.000155
1592803752533175,9.999715,3.000261,9.999799,0.999957,0.004738,-0.007953,0.000140
1592803752609235,9.999867,3.000172,9.999934,0.999957,0.004751,-0.007935,0.000131
1592803752683300,9.999806,3.000237,9.999866,0.999957,0.004772,-0.007946,0.000124
1592803752759712,9.999810,3.000428,9.999818,0.999957,0.004776,-0.007960,0.000128
1592803752833376,9.999889,3.000096,9.999970,0.999957,0.004713,-0.007981,0.000098
1592803752909590,9.999769,3.000159,9.999823,0.999957,0.004744,-0.007966,0.000094
1592803752982906,9.999775,3.000124,9.999567,0.999957,0.004726,-0.007924,0.000128
1592803753077953,9.999851,3.000247,9.999506,0.999957,0.004723,-0.007945,0.000114
1592803753173308,9.999744,3.000165,9.999781,0.999958,0.004692,-0.007941,0.000150
1592803753256575,9.999685,3.000288,9.999624,0.999958,0.004696,-0.007903,0.000175
1592803753339870,9.999771,3.000194,9.999893,0.999957,0.004718,-0.007933,0.000191
1592803753420027,9.999690,3.000242,9.999826,0.999957,0.004743,-0.007961,0.000166
1592803753496969,9.999760,3.000368,9.999779,0.999957,0.004719,-0.007980,0.000157
1592803753573166,9.999744,2.999870,9.999701,0.999957,0.004722,-0.007979,0.000131
1592803753646246,9.999749,3.000241,9.999688,0.999958,0.004679,-0.007949,0.000160
1592803753719495,9.999898,3.000137,9.999350,0.999958,0.004694,-0.007923,0.000171
1592803753794697,9.999764,3.000265,9.999751,0.999957,0.004715,-0.007957,0.000173
1592803753866410,9.999605,3.000183,9.999778,0.999958,0.004699,-0.007912,0.000190
1592803753940365,9.999757,3.000243,9.999774,0.999958,0.004691,-0.007888,0.000184
1592803754016543,9.999537,3.000313,9.999434,0.999958,0.004693,-0.007907,0.000200
1592803754114598,9.999683,3.000241,9.999643,0.999958,0.004695,-0.007896,0.000213
1592803754197890,9.999634,3.000300,9.999694,0.999958,0.004704,-0.007912,0.000207
1592803754283154,9.999625,3.000281,9.999593,0.999958,0.004693,-0.007902,0.000221
1592803754362460,9.999641,3.000033,9.999597,0.999957,0.004694,-0.007937,0.000251
1592803754442255,9.999506,3.000296,9.999547,0.999957,0.004713,-0.007928,0.000250
1592803754522615,9.999546,3.000196,9.999563,0.999958,0.004696,-0.007929,0.000248
1592803754601662,9.999680,3.000140,9.999671,0.999958,0.004673,-0.007951,0.000237
1592803754681279,9.999687,3.000123,9.999671,0.999958,0.004713,-0.007900,0.000236
1592803754755220,9.999599,3.000374,9.999500,0.999958,0.004721,-0.007908,0.000224
1592803754829644,9.999566,3.000282,9.999556,0.999958,0.004714,-0.007893,0.000246
1592803754902299,9.999769,3.000186,9.999692,0.999958,0.004706,-0.007887,0.000214
1592803754977386,9.999570,3.000242,9.999585,0.999958,0.004727,-0.007866,0.000213
1592803755068000,9.999710,3.000179,9.999835,0.999958,0.004728,-0.007909,0.000177
1592803755170188,9.999701,3.000264,9.999692,0.999958,0.004721,-0.007908,0.000173
1592803755546600,9.999716,3.000223,9.999636,0.999957,0.004739,-0.007972,0.000230
1592803755630446,9.999683,3.000228,9.999674,0.999957,0.004737,-0.008001,0.000193
1592803755711124,9.999799,3.000123,9.999865,0.999957,0.004704,-0.007997,0.000179
1592803755786975,9.999799,3.000151,9.999706,0.999957,0.004695,-0.007977,0.000164
1592803755862889,9.999753,3.000271,9.999693,0.999957,0.004677,-0.007950,0.000150
1592803755945341,9.999734,3.000184,9.999848,0.999958,0.004666,-0.007955,0.000169
1592803756040335,9.999721,3.000131,9.999659,0.999958,0.004691,-0.007914,0.000163
1592803756146297,9.999649,3.000221,9.999738,0.999957,0.004725,-0.007928,0.000191
1592803756237476,9.999652,3.000230,9.999578,0.999958,0.004732,-0.007917,0.000178
1592803756319209,9.999717,3.000199,9.999658,0.999958,0.004743,-0.007901,0.000182
1592803756403984,9.999967,3.000107,9.999407,0.999957,0.004753,-0.007926,0.000172
1592803756483501,9.999709,3.000333,9.999787,0.999958,0.004712,-0.007910,0.000151
1592803756558834,9.999851,3.000249,9.999895,0.999957,0.004733,-0.007930,0.000115
1592803756636210,9.999806,3.000223,9.999826,0.999957,0.004707,-0.007944,0.000128
1592803756716764,9.999789,3.000069,9.999925,0.999957,0.004710,-0.007958,0.000123
