1592805569207423,9.999161,3.002196,10.000541,0.999966,-0.001570,-0.008045,0.000112
1592805569262412,9.999284,3.001840,10.000187,0.999967,-0.001602,-0.007916,0.000133
1592805569302011,9.999238,3.001951,9.999941,0.999968,-0.001631,-0.007853,0.000113
1592805569340844,9.999266,3.002012,9.999996,0.999968,-0.001610,-0.007876,0.000118
1592805569378579,9.999136,3.002336,9.999990,0.999967,-0.001625,-0.007930,0.000091
1592805569422125,9.999204,3.002343,10.000045,0.999967,-0.001606,-0.007909,0.000122
1592805569459309,9.999426,3.001836,9.999949,0.999968,-0.001581,-0.007876,0.000130
1592805569495444,9.999398,3.001970,10.000382,0.999967,-0.001609,-0.007984,0.000123
1592805569536109,9.999299,3.002095,10.000460,0.999967,-0.001633,-0.007987,0.000121
1592805569574124,9.999133,3.002255,10.000355,0.999967,-0.001709,-0.007929,0.000107
1592805569610300,9.999119,3.002256,10.000222,0.999967,-0.001707,-0.007886,0.000149
1592805569644675,9.999112,3.002270,10.000248,0.999967,-0.001721,-0.007888,0.000143
1592805569681341,9.999033,3.002284,10.000113,0.999967,-0.001736,-0.007882,0.000120
1592805569717209,9.999220,3.002253,10.000087,0.999967,-0.001701,-0.007908,0.000111
1592805569754631,9.999243,3.002597,10.000165,0.999967,-0.001680,-0.007929,0.000111
1592805569791482,9.999435,3.002355,10.000320,0.999967,-0.001635,-0.007967,0.000074
1592805569827355,9.999336,3.002656,10.000895,0.999966,-0.001633,-0.008048,0.000075
1592805569863660,9.999303,3.001869,10.000138,0.999967,-0.001675,-0.007906,0.000066
1592805569900769,9.999208,3.002040,10.000285,0.999967,-0.001681,-0.007955,0.000079
1592805569941371,9.999147,3.002123,10.000248,0.999967,-0.001680,-0.007927,0.000077
1592805569983457,9.999330,3.002474,10.000309,0.999967,-0.001643,-0.007939,0.000078
1592805570024054,9.999408,3.002706,10.000520,0.999967,-0.001601,-0.008008,0.000059
1592805570064006,9.999327,3.001845,10.000134,0.999967,-0.001653,-0.007919,0.000066
1592805570107337,9.999296,3.001992,10.000240,0.999967,-0.001637,-0.007953,0.000083
1592805570149188,9.999520,3.002301,9.999935,0.999967,-0.001585,-0.007938,0.000097
1592805570194073,9.999307,3.001837,10.000080,0.999967,-0.001665,-0.007947,0.000078
1592805570240731,9.999437,3.002056,10.000208,0.999967,-0.001667,-0.007979,0.000078
1592805570283948,9.999316,3.002339,10.000305,0.999967,-0.001672,-0.008002,0.000055
1592805570326627,9.999150,3.002597,10.000338,0.999967,-0.001716,-0.007988,0.000063
1592805570368333,9.999253,3.001946,10.000223,0.999967,-0.001723,-0.007935,0.000079
1592805570410732,9.999210,3.002074,10.000220,0.999967,-0.001744,-0.007949,0.000063
1592805570454364,9.999202,3.002287,10.000304,0.999967,-0.001726,-0.007967,0.000108
1592805570500358,9.999428,3.001766,10.000116,0.999967,-0.001704,-0.007935,0.000102
1592805570540755,9.999607,3.001863,10.000069,0.999967,-0.001696,-0.007928,0.000091
1592805570584828,9.999249,3.002292,10.000113,0.999967,-0.001736,-0.007932,0.000079
1592805570630234,9.999184,3.001847,10.000254,0.999967,-0.001748,-0.007991,0.000086
1592805570672160,9.999434,3.001897,10.000249,0.999967,-0.001682,-0.007977,0.000072
1592805570716102,9.999431,3.002192,10.000141,0.999967,-0.001729,-0.007926,0.000068
1592805570756313,9.999244,3.002557,10.000104,0.999967,-0.001745,-0.007965,0.000052
1592805570795167,9.999406,3.001675,10.000082,0.999967,-0.001735,-0.007950,0.000067
1592805570835669,9.999358,3.001879,10.000274,0.999967,-0.001713,-0.007971,0.000069
1592805570877500,9.999478,3.002105,10.000237,0.999967,-0.001703,-0.007972,0.000040
1592805570916377,9.999415,3.002161,10.000206,0.999967,-0.001739,-0.007955,0.000063
1592805570952466,9.999175,3.002365,10.000189,0.999967,-0.001788,-0.007943,0.000046
1592805570990683,9.999296,3.002290,10.000092,0.999967,-0.001747,-0.007915,0.000045
1592805571031163,9.999330,3.001959,10.000252,0.999967,-0.001768,-0.007956,0.000055
1592805571069827,9.999263,3.001950,10.000402,0.999967,-0.001768,-0.007969,0.000078
1592805571108907,9.999469,3.002044,10.000366,0.999967,-0.001738,-0.007947,0.000049
1592805571149635,9.998913,3.002372,10.000233,0.999967,-0.001815,-0.007941,0.000067
1592805571185730,9.998985,3.002313,10.000357,0.999967,-0.001774,-0.007973,0.000081
1592805571223314,9.999425,3.002427,10.000503,0.999967,-0.001741,-0.007978,0.000072
1592805571259736,9.999407,3.001617,10.000127,0.999967,-0.001768,-0.007944,0.000085
1592805571296673,9.999400,3.001678,10.000402,0.999966,-0.001750,-0.008005,0.000067
1592805571336750,9.999284,3.001751,10.000181,0.999966,-0.001772,-0.007999,0.000061
1592805571379891,9.999086,3.002081,10.000312,0.999967,-0.001792,-0.007970,0.000058
1592805571428919,9.999245,3.001847,10.000085,0.999967,-0.001743,-0.007942,0.000066
1592805571475260,9.999307,3.002110,10.000268,0.999967,-0.001730,-0.007980,0.000040
1592805571517387,9.999575,3.002161,10.000191,0.999967,-0.001693,-0.007977,0.000025
1592805571557180,9.999444,3.001627,10.000252,0.999967,-0.001702,-0.008009,0.000027
1592805571593017,9.999417,3.001700,10.000224,0.999967,-0.001721,-0.007995,0.000007
1592805571628987,9.999422,3.001743,10.000157,0.999967,-0.001726,-0.007976,0.000020
1592805571662890,9.999393,3.001697,10.000142,0.999967,-0.001736,-0.007986,0.000032
1592805571700024,9.999484,3.001728,10.000134,0.999967,-0.001752,-0.007975,0.000073
1592805571740201,9.999451,3.001824,10.000122,0.999967,-0.001763,-0.007951,0.000079
1592805571778943,9.999348,3.001947,10.000028,0.999967,-0.001805,-0.007924,0.000066
1592805571816634,9.999421,3.002306,10.000494,0.999966,-0.001802,-0.007994,0.000039
1592805571853972,9.999242,3.002204,10.000264,0.999967,-0.001818,-0.007987,0.000050
1592805571894676,9.999521,3.001607,10.000257,0.999967,-0.001775,-0.007983,0.000031
1592805571938595,9.999557,3.001889,10.000587,0.999967,-0.001743,-0.008003,-0.000009
1592805571991749,9.999312,3.001677,10.000459,0.999967,-0.001780,-0.008000,-0.000015
1592805572035337,9.999357,3.001827,10.000470,0.999966,-0.001730,-0.008015,-0.000031
1592805572078735,9.999485,3.002048,10.000493,0.999966,-0.001726,-0.008030,-0.000024
1592805572120784,9.999801,3.001971,10.000595,0.999966,-0.001668,-0.008037,-0.000069
1592805572161800,9.999656,3.001408,10.000338,0.999967,-0.001709,-0.008000,-0.000020
1592805572201039,9.999483,3.001720,10.000255,0.999967,-0.001711,-0.007996,-0.000035
1592805572242048,9.999632,3.001839,10.000651,0.999966,-0.001705,-0.008052,-0.000080
1592805572280529,9.999563,3.001981,10.000311,0.999966,-0.001720,-0.008011,-0.000083
1592805572317247,9.999602,3.001725,10.000390,0.999967,-0.001718,-0.008001,-0.000077
1592805572355736,9.999577,3.002213,10.000341,0.999966,-0.001709,-0.008043,-0.000090
1592805572393833,9.999857,3.001361,10.000854,0.999966,-0.001720,-0.008087,-0.000132
1592805572428807,9.999961,3.001323,10.000794,0.999966,-0.001750,-0.008048,-0.000145
1592805572464627,9.999940,3.001321,10.000573,0.999966,-0.001757,-0.008022,-0.000120
1592805572503458,9.999926,3.001523,10.000615,0.999966,-0.001770,-0.008023,-0.000122
1592805572539519,9.999877,3.001504,10.000521,0.999966,-0.001776,-0.008034,-0.000147
1592805572574825,10.000005,3.001340,10.000279,0.999966,-0.001814,-0.007997,-0.000132
1592805572610759,10.000156,3.001424,10.000359,0.999967,-0.001822,-0.007976,-0.000121
1592805572646511,10.000070,3.001672,10.000601,0.999966,-0.001823,-0.008049,-0.000141
1592805572682226,9.999831,3.001639,10.000789,0.999966,-0.001839,-0.008058,-0.000138
1592805572719875,10.000001,3.001590,10.000663,0.999966,-0.001862,-0.008070,-0.000146
1592805572756903,10.000005,3.001669,10.000642,0.999966,-0.001896,-0.008043,-0.000145
1592805572792870,10.000057,3.000879,10.000552,0.999966,-0.001881,-0.008040,-0.000136
1592805572828449,9.999906,3.001044,10.000600,0.999966,-0.001936,-0.008050,-0.000132
1592805572863960,9.999983,3.000942,10.000544,0.999966,-0.001927,-0.008018,-0.000142
1592805572899511,10.000021,3.000907,10.000443,0.999966,-0.001938,-0.007996,-0.000137
1592805572934356,9.999982,3.000903,10.000525,0.999966,-0.001927,-0.008019,-0.000169
1592805572969769,9.999904,3.001002,10.000559,0.999966,-0.001923,-0.008027,-0.000157
1592805573004676,10.000116,3.001046,10.000649,0.999966,-0.001905,-0.008055,-0.000207
1592805573041821,9.999996,3.001213,10.000577,0.999966,-0.001897,-0.008069,-0.000189
1592805573081583,9.999941,3.001349,10.000792,0.999965,-0.001922,-0.008082,-0.000224
1592805573120902,10.000088,3.001387,10.000565,0.999966,-0.001931,-0.008051,-0.000209
1592805573161081,10.000103,3.000941,10.000771,0.999966,-0.001941,-0.008075,-0.000199
1592805573199679,10.000115,3.000780,10.000768,0.999965,-0.001954,-0.008090,-0.000213
1592805573237056,10.000175,3.000769,10.000596,0.999966,-0.001966,-0.008042,-0.000182
1592805573275486,10.000039,3.000968,10.000719,0.999966,-0.001984,-0.008052,-0.000167
1592805573315670,10.000051,3.000992,10.000566,0.999966,-0.002000,-0.008025,-0.000161
1592805573352897,10.000257,3.000968,10.000400,0.999966,-0.001965,-0.008044,-0.000187
1592805573390322,10.000104,3.001200,10.000347,0.999966,-0.001982,-0.008051,-0.000189
1592805573426292,10.000082,3.000677,10.000692,0.999965,-0.001968,-0.008071,-0.000162
1592805573461917,10.000127,3.000795,10.000743,0.999966,-0.002001,-0.008040,-0.000143
1592805573498448,9.999983,3.000752,10.000710,0.999966,-0.002029,-0.008046,-0.000123
1592805573534912,10.000037,3.000746,10.000449,0.999966,-0.002020,-0.007985,-0.000105
1592805573570534,9.999940,3.000836,10.000594,0.999966,-0.002016,-0.008025,-0.000095
1592805573606731,9.999904,3.000961,10.000570,0.999966,-0.001991,-0.008032,-0.000143
1592805573642678,9.999735,3.000961,10.000484,0.999966,-0.002006,-0.008013,-0.000148
1592805573678025,9.999747,3.001109,10.000442,0.999966,-0.001972,-0.008030,-0.000151
1592805573714397,9.999954,3.001086,10.000470,0.999966,-0.001951,-0.008033,-0.000171
1592805573751248,10.000144,3.001096,10.000704,0.999966,-0.001916,-0.008045,-0.000192
1592805573786902,10.000132,3.001158,10.000633,0.999966,-0.001918,-0.008037,-0.000188
1592805573823432,10.000199,3.001256,10.000684,0.999966,-0.001932,-0.008028,-0.000182
1592805573859446,9.999952,3.001430,10.000797,0.999966,-0.001955,-0.008032,-0.000162
1592805573897866,10.000275,3.000790,10.000517,0.999966,-0.001941,-0.007987,-0.000129
1592805573937085,10.000132,3.000841,10.000318,0.999966,-0.001965,-0.007979,-0.000100
1592805573973329,9.999909,3.000908,10.000332,0.999966,-0.001973,-0.007976,-0.000084
1592805574010084,9.999877,3.001053,10.000540,0.999966,-0.001978,-0.007993,-0.000076
1592805574050830,9.999828,3.001110,10.000396,0.999966,-0.001976,-0.007985,-0.000085
1592805574093025,9.999598,3.001448,10.000415,0.999966,-0.001959,-0.007988,-0.000091
1592805574134910,9.999705,3.001022,10.000593,0.999966,-0.001939,-0.007980,-0.000089
1592805574173137,9.999900,3.001064,10.000445,0.999966,-0.001927,-0.007967,-0.000102
1592805574211355,9.999959,3.001282,10.000523,0.999967,-0.001932,-0.007957,-0.000110
1592805574248935,9.999989,3.001235,10.000343,0.999967,-0.001930,-0.007954,-0.000110
1592805574285920,10.000015,3.001082,10.000185,0.999967,-0.001942,-0.007947,-0.000078
1592805574323258,9.999972,3.001326,10.000430,0.999966,-0.001955,-0.007963,-0.000069
1592805574360223,9.999885,3.000830,10.000693,0.999966,-0.001941,-0.007997,-0.000073
1592805574395016,10.000037,3.000738,10.000461,0.999966,-0.001937,-0.007974,-0.000056
1592805574430460,9.999933,3.000817,10.000373,0.999966,-0.001932,-0.007967,-0.000043
1592805574465857,9.999968,3.000997,10.000516,0.999966,-0.001913,-0.008011,-0.000070
1592805574501910,9.999792,3.001048,10.000742,0.999966,-0.001924,-0.008042,-0.000068
1592805574536925,9.999859,3.001049,10.000505,0.999966,-0.001933,-0.008011,-0.000067
1592805574571458,9.999778,3.000934,10.000371,0.999966,-0.001928,-0.007989,-0.000015
1592805574607804,9.999575,3.001016,10.000372,0.999966,-0.001930,-0.008022,-0.000033
1592805574642915,9.999508,3.001050,10.000429,0.999966,-0.001930,-0.008027,-0.000039
1592805574678453,9.999717,3.001173,10.000516,0.999966,-0.001921,-0.008024,-0.000035
1592805574716616,9.999925,3.001177,10.000445,0.999966,-0.001902,-0.008052,-0.000070
1592805574753168,9.999847,3.001147,10.000481,0.999966,-0.001892,-0.008056,-0.000068
1592805574789451,9.999854,3.001383,10.000377,0.999966,-0.001898,-0.008070,-0.000071
1592805574825360,9.999845,3.000722,10.000741,0.999966,-0.001891,-0.008086,-0.000101
1592805574860473,9.999951,3.000741,10.000534,0.999966,-0.001881,-0.008086,-0.000136
1592805574896680,9.999980,3.000647,10.000587,0.999966,-0.001898,-0.008077,-0.000147
1592805574932641,10.000083,3.000599,10.000354,0.999966,-0.001883,-0.008049,-0.000134
1592805574969437,10.000050,3.000878,10.000656,0.999965,-0.001906,-0.008094,-0.000163
1592805575006254,10.000061,3.000896,10.000485,0.999966,-0.001908,-0.008059,-0.000161
1592805575046281,10.000119,3.001011,10.000453,0.999966,-0.001886,-0.008078,-0.000170
1592805575085541,9.999815,3.001159,10.000676,0.999965,-0.001924,-0.008085,-0.000163
1592805575124820,9.999814,3.000515,10.000685,0.999966,-0.001903,-0.008067,-0.000198
1592805575164950,9.999936,3.000810,10.000826,0.999966,-0.001909,-0.008037,-0.000189
1592805575203218,10.000116,3.000759,10.000759,0.999966,-0.001939,-0.008019,-0.000176
1592805575240796,10.000157,3.000872,10.000713,0.999966,-0.001923,-0.008039,-0.000190
1592805575277678,10.000252,3.000924,10.000717,0.999966,-0.001928,-0.008017,-0.000210
1592805575314325,10.000370,3.000838,10.000364,0.999966,-0.001925,-0.008000,-0.000233
1592805575349050,10.000290,3.000904,10.000219,0.999966,-0.001932,-0.007981,-0.000220
1592805575383003,10.000371,3.000870,10.000287,0.999966,-0.001928,-0.007992,-0.000204
1592805575420179,10.000334,3.000994,10.000252,0.999966,-0.001906,-0.007973,-0.000210
1592805575456527,10.000407,3.001098,10.000512,0.999966,-0.001898,-0.008022,-0.000204
1592805575493124,10.000258,3.001127,10.000654,0.999966,-0.001914,-0.008036,-0.000214
1592805575529899,10.000101,3.000575,10.000608,0.999966,-0.001928,-0.008007,-0.000207
1592805575566299,10.000071,3.000555,10.000704,0.999966,-0.001926,-0.008016,-0.000203
1592805575602394,10.000205,3.000630,10.000602,0.999966,-0.001915,-0.007984,-0.000200
1592805575639295,10.000340,3.000837,10.000492,0.999966,-0.001881,-0.007994,-0.000183
1592805575675977,10.000263,3.000886,10.000523,0.999966,-0.001884,-0.007973,-0.000157
1592805575712180,10.000212,3.001093,10.000794,0.999966,-0.001868,-0.008037,-0.000152
1592805575748541,10.000117,3.001164,10.000595,0.999966,-0.001877,-0.008033,-0.000169
1592805575786046,10.000170,3.001128,10.000384,0.999966,-0.001904,-0.008029,-0.000129
1592805575822405,10.000216,3.001086,10.000385,0.999966,-0.001926,-0.008011,-0.000150
1592805575859058,9.999790,3.001301,10.000560,0.999966,-0.001903,-0.008014,-0.000148
1592805575894521,9.999967,3.000607,10.000401,0.999966,-0.001917,-0.008024,-0.000158
1592805575929666,10.000045,3.000698,10.000565,0.999966,-0.001891,-0.008022,-0.000160
1592805575963835,10.000051,3.000616,10.000555,0.999966,-0.001873,-0.008029,-0.000151
1592805575999569,10.000172,3.000784,10.000586,0.999966,-0.001836,-0.008008,-0.000148
1592805576034891,10.000141,3.000731,10.000493,0.999966,-0.001850,-0.008027,-0.000123
1592805576074700,10.000019,3.000837,10.000518,0.999966,-0.001864,-0.008024,-0.000108
1592805576114551,9.999924,3.001081,10.000666,0.999966,-0.001853,-0.008029,-0.000125
1592805576155354,9.999930,3.001207,10.000710,0.999966,-0.001833,-0.008017,-0.000138
1592805576195078,10.000045,3.000615,10.000511,0.999967,-0.001813,-0.007983,-0.000147
1592805576234240,10.000134,3.000769,10.000441,0.999967,-0.001824,-0.007976,-0.000150
1592805576275261,10.000004,3.000967,10.000474,0.999967,-0.001855,-0.007972,-0.000153
1592805576321063,10.000000,3.001304,10.000684,0.999967,-0.001834,-0.007971,-0.000146
1592805576363697,9.999791,3.000951,10.000708,0.999966,-0.001878,-0.007996,-0.000128
1592805576402584,10.000042,3.000824,10.000552,0.999966,-0.001885,-0.007980,-0.000136
1592805576442586,10.000185,3.000715,10.000399,0.999966,-0.001875,-0.007990,-0.000129
1592805576485489,10.000175,3.001022,10.000413,0.999966,-0.001869,-0.007989,-0.000129
1592805576528145,10.000307,3.000545,10.000631,0.999966,-0.001860,-0.008028,-0.000114
1592805576565619,10.000180,3.000667,10.000715,0.999966,-0.001839,-0.008027,-0.000133
1592805576600789,9.999729,3.000854,10.000646,0.999966,-0.001866,-0.008002,-0.000129
1592805576636920,9.999915,3.000905,10.000655,0.999966,-0.001849,-0.008001,-0.000150
1592805576673070,10.000167,3.000830,10.000395,0.999967,-0.001827,-0.007949,-0.000156
1592805576709291,9.999976,3.000957,10.000589,0.999967,-0.001844,-0.007970,-0.000143
1592805576745253,9.999993,3.000925,10.000707,0.999967,-0.001866,-0.007966,-0.000154
1592805576781908,10.000042,3.000777,10.000506,0.999967,-0.001863,-0.007961,-0.000162
1592805576819212,9.999986,3.001089,10.000673,0.999967,-0.001855,-0.007953,-0.000155
1592805576854865,9.999980,3.001040,10.000705,0.999967,-0.001879,-0.007931,-0.000149
1592805576889641,10.000028,3.001167,10.000514,0.999967,-0.001857,-0.007923,-0.000144
1592805576928555,9.999821,3.000836,10.000684,0.999967,-0.001853,-0.007926,-0.000126
1592805576965619,9.999885,3.000822,10.000698,0.999967,-0.001847,-0.007927,-0.000144
1592805577002779,9.999866,3.000942,10.000611,0.999967,-0.001849,-0.007943,-0.000135
1592805577040177,9.999950,3.001050,10.000657,0.999967,-0.001826,-0.007946,-0.000126
1592805577078967,9.999973,3.001025,10.000542,0.999967,-0.001853,-0.007952,-0.000135
1592805577116039,9.999877,3.001008,10.000445,0.999967,-0.001841,-0.007943,-0.000145
1592805577152743,9.999990,3.000969,10.000305,0.999967,-0.001854,-0.007912,-0.000141
1592805577190610,9.999855,3.001173,10.000426,0.999967,-0.001864,-0.007920,-0.000135
1592805577228434,10.000068,3.000720,10.000509,0.999967,-0.001830,-0.007934,-0.000146
1592805577263575,10.000027,3.000763,10.000423,0.999967,-0.001865,-0.007944,-0.000159
1592805577302910,10.000073,3.000849,10.000683,0.999967,-0.001865,-0.007967,-0.000144
1592805577339025,10.000077,3.000763,10.000493,0.999967,-0.001885,-0.007940,-0.000140
1592805577375628,9.999978,3.000847,10.000796,0.999967,-0.001864,-0.007963,-0.000133
1592805577411324,9.999947,3.000938,10.000785,0.999967,-0.001870,-0.007964,-0.000129
1592805577447738,10.000011,3.000936,10.000792,0.999967,-0.001849,-0.007976,-0.000132
1592805577484568,9.999781,3.001120,10.000780,0.999967,-0.001849,-0.007958,-0.000147
1592805577522357,9.999974,3.001148,10.000789,0.999967,-0.001848,-0.007949,-0.000121
1592805577559659,10.000037,3.000527,10.000353,0.999967,-0.001854,-0.007935,-0.000125
1592805577596705,10.000006,3.000633,10.000438,0.999967,-0.001844,-0.007937,-0.000132
1592805577633215,10.000170,3.000696,10.000329,0.999967,-0.001842,-0.007925,-0.000111
1592805577667676,10.000100,3.000786,10.000269,0.999967,-0.001858,-0.007916,-0.000147
1592805577704146,10.000112,3.000932,10.000374,0.999967,-0.001839,-0.007935,-0.000146
1592805577740638,10.000077,3.000802,10.000555,0.999967,-0.001846,-0.007930,-0.000115
1592805577777076,9.999972,3.000915,10.000472,0.999967,-0.001827,-0.007928,-0.000114
1592805577811767,10.000225,3.000795,10.000309,0.999967,-0.001851,-0.007878,-0.000122
1592805577846100,9.999845,3.000971,10.000316,0.999967,-0.001860,-0.007892,-0.000112
1592805577880602,9.999983,3.000872,10.000441,0.999967,-0.001851,-0.007878,-0.000145
1592805577915649,9.999870,3.001021,10.000521,0.999967,-0.001858,-0.007859,-0.000119
1592805577950946,9.999765,3.001222,10.000903,0.999967,-0.001860,-0.007882,-0.000126
1592805577986843,9.999845,3.001316,10.000658,0.999967,-0.001841,-0.007868,-0.000124
1592805578026986,9.999758,3.000732,10.000501,0.999967,-0.001856,-0.007860,-0.000099
1592805578065878,9.999798,3.000815,10.000698,0.999967,-0.001852,-0.007898,-0.000096
1592805578103330,9.999883,3.000862,10.000400,0.999967,-0.001852,-0.007859,-0.000060
1592805578141991,9.999730,3.001122,10.000561,0.999967,-0.001862,-0.007854,-0.000089
1592805578179910,9.999810,3.001023,10.000496,0.999968,-0.001850,-0.007848,-0.000094
1592805578217347,9.999827,3.001170,10.000460,0.999967,-0.001852,-0.007869,-0.000086
1592805578256130,9.999758,3.001244,10.000554,0.999967,-0.001835,-0.007882,-0.000083
1592805578293696,9.999777,3.000815,10.000677,0.999967,-0.001818,-0.007912,-0.000128
1592805578330870,9.999803,3.000870,10.000755,0.999967,-0.001823,-0.007954,-0.000138
1592805578367977,9.999817,3.000869,10.000663,0.999967,-0.001823,-0.007947,-0.000139
1592805578404775,10.000009,3.000933,10.000679,0.999967,-0.001805,-0.007956,-0.000127
1592805578440898,9.999988,3.000762,10.000504,0.999967,-0.001826,-0.007927,-0.000102
1592805578476254,10.000020,3.000740,10.000447,0.999967,-0.001819,-0.007919,-0.000134
1592805578512195,10.000138,3.000899,10.000312,0.999967,-0.001827,-0.007927,-0.000112
1592805578547688,9.999906,3.001013,10.000478,0.999967,-0.001855,-0.007924,-0.000123
1592805578582558,9.999866,3.000969,10.000479,0.999967,-0.001868,-0.007921,-0.000114
1592805578617261,9.999901,3.001044,10.000746,0.999967,-0.001858,-0.007960,-0.000112
1592805578652302,9.999923,3.000979,10.000648,0.999967,-0.001850,-0.007957,-0.000107
1592805578694881,10.000031,3.000547,10.000542,0.999967,-0.001842,-0.007951,-0.000127
1592805578733581,9.999990,3.000607,10.000419,0.999967,-0.001880,-0.007969,-0.000143
1592805578771935,10.000069,3.000597,10.000310,0.999967,-0.001865,-0.007975,-0.000132
1592805578811988,10.000142,3.000632,10.000317,0.999967,-0.001861,-0.007953,-0.000120
1592805578849045,10.000157,3.000715,10.000532,0.999967,-0.001850,-0.007977,-0.000136
1592805578888794,9.999926,3.000975,10.000924,0.999966,-0.001840,-0.008003,-0.000159
1592805578926139,10.000107,3.000504,10.000661,0.999967,-0.001843,-0.007968,-0.000169
1592805578963316,10.000049,3.000598,10.000599,0.999967,-0.001855,-0.007979,-0.000196
1592805578998753,10.000237,3.000546,10.000480,0.999967,-0.001869,-0.007955,-0.000195
1592805579037222,10.000213,3.000658,10.000844,0.999967,-0.001868,-0.007961,-0.000188
1592805579076159,10.000178,3.000723,10.000758,0.999967,-0.001861,-0.007954,-0.000216
1592805579114121,10.000050,3.000788,10.000718,0.999967,-0.001889,-0.007955,-0.000201
1592805579152478,10.000253,3.000823,10.000724,0.999967,-0.001879,-0.007957,-0.000192
1592805579191871,10.000237,3.000361,10.000442,0.999967,-0.001872,-0.007963,-0.000184
1592805579230986,10.000317,3.000447,10.000309,0.999967,-0.001880,-0.007946,-0.000173
1592805579268206,10.000340,3.000429,10.000338,0.999967,-0.001874,-0.007954,-0.000176
1592805579307334,10.000297,3.000441,10.000201,0.999967,-0.001884,-0.007950,-0.000119
1592805579344864,10.000231,3.000596,10.000451,0.999967,-0.001899,-0.007963,-0.000122
1592805579383163,10.000094,3.000767,10.000489,0.999967,-0.001908,-0.007952,-0.000105
1592805579428816,10.000227,3.000334,10.000525,0.999967,-0.001902,-0.007949,-0.000154
1592805579466160,10.000132,3.000434,10.000470,0.999967,-0.001920,-0.007949,-0.000112
1592805579502901,10.000149,3.000485,10.000594,0.999967,-0.001892,-0.007947,-0.000134
1592805579540711,10.000015,3.000569,10.000614,0.999967,-0.001883,-0.007950,-0.000127
1592805579576262,9.999790,3.000867,10.000636,0.999967,-0.001897,-0.007961,-0.000134
1592805579611382,10.000128,3.000664,10.000329,0.999967,-0.001855,-0.007953,-0.000120
1592805579646185,10.000128,3.000731,10.000371,0.999967,-0.001868,-0.007923,-0.000153
1592805579680730,10.000103,3.000824,10.000548,0.999967,-0.001868,-0.007885,-0.000148
1592805579716559,10.000008,3.000947,10.000725,0.999967,-0.001850,-0.007896,-0.000159
1592805579752933,10.000000,3.001056,10.000813,0.999967,-0.001851,-0.007919,-0.000170
1592805579789332,10.000027,3.001018,10.000801,0.999967,-0.001871,-0.007936,-0.000166
1592805579825570,9.999978,3.001143,10.000788,0.999967,-0.001855,-0.007929,-0.000156
1592805579860935,10.000176,3.000530,10.000483,0.999967,-0.001864,-0.007916,-0.000164
1592805579896723,10.000049,3.000538,10.000667,0.999967,-0.001862,-0.007920,-0.000168
1592805579931686,10.000357,3.000478,10.000419,0.999967,-0.001858,-0.007922,-0.000170
1592805579967650,10.000600,3.000420,10.000442,0.999967,-0.001860,-0.007937,-0.000150
1592805580003895,10.000209,3.000512,10.000703,0.999967,-0.001875,-0.007946,-0.000143
1592805580044085,10.000043,3.000575,10.000635,0.999967,-0.001865,-0.007953,-0.000145
1592805580082524,9.999969,3.000663,10.000391,0.999967,-0.001883,-0.007923,-0.000133
1592805580121749,9.999991,3.000887,10.000374,0.999967,-0.001859,-0.007938,-0.000173
1592805580159489,10.000061,3.000933,10.000357,0.999967,-0.001852,-0.007957,-0.000156
1592805580198476,10.000063,3.000495,10.000329,0.999967,-0.001852,-0.007942,-0.000128
1592805580233935,10.000109,3.000555,10.000493,0.999967,-0.001831,-0.007946,-0.000122
1592805580270174,9.999884,3.000793,10.000734,0.999967,-0.001834,-0.007953,-0.000103
1592805580305376,10.000028,3.000677,10.000494,0.999967,-0.001841,-0.007914,-0.000116
1592805580341973,9.999919,3.000825,10.000597,0.999967,-0.001832,-0.007886,-0.000113
1592805580378141,10.000044,3.000873,10.000521,0.999967,-0.001873,-0.007906,-0.000115
1592805580414377,9.999818,3.000944,10.000402,0.999967,-0.001879,-0.007892,-0.000087
1592805580451245,9.999770,3.000885,10.000372,0.999967,-0.001902,-0.007893,-0.000098
1592805580488353,9.999937,3.000777,10.000173,0.999967,-0.001892,-0.007897,-0.000122
1592805580524401,10.000251,3.000781,10.000343,0.999967,-0.001881,-0.007899,-0.000124
1592805580561470,10.000167,3.000513,10.000472,0.999967,-0.001852,-0.007922,-0.000130
1592805580598693,10.000211,3.000485,10.000395,0.999967,-0.001837,-0.007919,-0.000118
1592805580633531,10.000051,3.000575,10.000612,0.999967,-0.001841,-0.007918,-0.000118
1592805580669336,10.000040,3.000584,10.000578,0.999967,-0.001828,-0.007921,-0.000117
1592805580704824,10.000115,3.000651,10.000554,0.999967,-0.001851,-0.007916,-0.000110
1592805580740341,10.000215,3.000593,10.000300,0.999967,-0.001868,-0.007897,-0.000126
1592805580776105,10.000108,3.000733,10.000388,0.999967,-0.001907,-0.007906,-0.000134
1592805580811453,10.000024,3.000626,10.000405,0.999967,-0.001867,-0.007933,-0.000124
1592805580846942,9.999964,3.000600,10.000333,0.999967,-0.001862,-0.007924,-0.000119
1592805580883076,9.999980,3.000699,10.000441,0.999967,-0.001853,-0.007915,-0.000140
1592805580918299,10.000021,3.000949,10.000732,0.999967,-0.001826,-0.007927,-0.000149
1592805580953540,10.000073,3.000923,10.000632,0.999967,-0.001852,-0.007935,-0.000114
1592805580990631,9.999967,3.001069,10.000572,0.999967,-0.001853,-0.007919,-0.000088
1592805581028977,9.999774,3.001032,10.000436,0.999967,-0.001884,-0.007908,-0.000105
1592805581068421,10.000068,3.000547,10.000462,0.999967,-0.001874,-0.007921,-0.000101
1592805581105990,10.000072,3.000602,10.000465,0.999967,-0.001849,-0.007874,-0.000095
1592805581143261,9.999849,3.000789,10.000703,0.999967,-0.001890,-0.007892,-0.000124
1592805581180018,9.999907,3.000898,10.000725,0.999967,-0.001903,-0.007865,-0.000128
1592805581216646,9.999969,3.000867,10.000676,0.999967,-0.001876,-0.007862,-0.000133
1592805581253532,9.999972,3.000803,10.000417,0.999967,-0.001874,-0.007867,-0.000105
1592805581287751,10.000042,3.000778,10.000565,0.999967,-0.001895,-0.007875,-0.000087
1592805581323789,9.999904,3.000934,10.000532,0.999967,-0.001869,-0.007898,-0.000105
1592805581360506,10.000115,3.000433,10.000610,0.999967,-0.001858,-0.007906,-0.000146
1592805581396744,10.000141,3.000352,10.000434,0.999967,-0.001871,-0.007881,-0.000120
1592805581433058,10.000083,3.000464,10.000388,0.999967,-0.001871,-0.007886,-0.000127
1592805581469966,10.000029,3.000639,10.000458,0.999967,-0.001875,-0.007896,-0.000111
1592805581509624,9.999940,3.000798,10.000613,0.999967,-0.001844,-0.007910,-0.000128
1592805581550642,10.000053,3.000920,10.000540,0.999967,-0.001850,-0.007883,-0.000117
1592805581595254,10.000007,3.000568,10.000485,0.999967,-0.001832,-0.007902,-0.000108
1592805581632277,10.000072,3.000607,10.000209,0.999967,-0.001857,-0.007876,-0.000087
1592805581669220,10.000025,3.000508,10.000291,0.999967,-0.001869,-0.007872,-0.000091
1592805581707331,9.999979,3.000594,10.000509,0.999967,-0.001860,-0.007889,-0.000133
1592805581744707,10.000066,3.000752,10.000440,0.999967,-0.001862,-0.007874,-0.000118
1592805581780791,10.000007,3.000653,10.000467,0.999967,-0.001871,-0.007859,-0.000087
1592805581816742,10.000007,3.000826,10.000546,0.999967,-0.001896,-0.007853,-0.000062
1592805581852931,10.000175,3.000752,10.000228,0.999968,-0.001885,-0.007819,-0.000058
1592805581890173,9.999968,3.000825,10.000084,0.999968,-0.001909,-0.007812,-0.000064
1592805581927790,9.999949,3.000955,10.000231,0.999968,-0.001887,-0.007828,-0.000072
1592805581963144,9.999954,3.000536,10.000496,0.999968,-0.001884,-0.007839,-0.000097
1592805581998818,9.999956,3.000591,10.000463,0.999968,-0.001857,-0.007851,-0.000120
1592805582039657,9.999779,3.000663,10.000356,0.999968,-0.001886,-0.007817,-0.000123
1592805582081121,9.999880,3.000876,10.000500,0.999968,-0.001861,-0.007832,-0.000120
1592805582124554,10.000090,3.001154,10.000918,0.999967,-0.001845,-0.007860,-0.000115
1592805582163538,9.999946,3.000620,10.000601,0.999968,-0.001840,-0.007838,-0.000119
1592805582200274,9.999806,3.000797,10.000653,0.999967,-0.001834,-0.007880,-0.000132
1592805582237349,10.000052,3.000608,10.000304,0.999968,-0.001834,-0.007852,-0.000154
1592805582273155,10.000251,3.000454,10.000249,0.999967,-0.001832,-0.007876,-0.000144
1592805582308117,10.000298,3.000533,10.000255,0.999967,-0.001817,-0.007878,-0.000111
1592805582345018,10.000173,3.000705,10.000421,0.999967,-0.001811,-0.007915,-0.000135
1592805582381142,9.999925,3.000880,10.000629,0.999967,-0.001797,-0.007903,-0.000138
1592805582418101,10.000076,3.000852,10.000595,0.999967,-0.001800,-0.007900,-0.000136
1592805582453208,9.999965,3.000988,10.000637,0.999967,-0.001791,-0.007891,-0.000135
1592805582489251,10.000180,3.000904,10.000328,0.999968,-0.001815,-0.007859,-0.000129
1592805582526148,10.000182,3.001019,10.000485,0.999968,-0.001815,-0.007827,-0.000138
1592805582563394,10.000116,3.000664,10.000721,0.999967,-0.001858,-0.007851,-0.000145
1592805582601547,10.000061,3.000650,10.000583,0.999968,-0.001831,-0.007841,-0.000153
1592805582640481,9.999907,3.000730,10.000371,0.999968,-0.001845,-0.007840,-0.000173
1592805582680478,10.000053,3.000718,10.000437,0.999968,-0.001862,-0.007825,-0.000191
1592805582721680,10.000135,3.000993,10.000429,0.999967,-0.001878,-0.007845,-0.000225
1592805582760397,10.000248,3.000355,10.000524,0.999968,-0.001846,-0.007846,-0.000197
1592805582801644,10.000217,3.000498,10.000725,0.999967,-0.001855,-0.007859,-0.000183
1592805582842562,10.000140,3.000574,10.000717,0.999967,-0.001870,-0.007857,-0.000176
1592805582882195,10.000097,3.000772,10.000927,0.999967,-0.001860,-0.007896,-0.000187
1592805582928153,10.000197,3.000420,10.000579,0.999967,-0.001846,-0.007908,-0.000205
1592805582970380,10.000302,3.000441,10.000458,0.999967,-0.001834,-0.007896,-0.000206
1592805583014462,10.000367,3.000607,10.000260,0.999967,-0.001817,-0.007888,-0.000195
1592805583055926,10.000315,3.000657,10.000247,0.999967,-0.001830,-0.007861,-0.000158
1592805583096119,10.000219,3.000429,10.000448,0.999967,-0.001837,-0.007875,-0.000178
1592805583136119,10.000209,3.000511,10.000607,0.999967,-0.001818,-0.007926,-0.000197
1592805583177236,10.000250,3.000683,10.000532,0.999967,-0.001862,-0.007904,-0.000174
1592805583217607,10.000041,3.000904,10.000717,0.999967,-0.001853,-0.007926,-0.000172
1592805583265668,10.000209,3.000404,10.000494,0.999967,-0.001851,-0.007907,-0.000192
1592805583304371,10.000174,3.000494,10.000512,0.999967,-0.001856,-0.007889,-0.000223
1592805583340043,10.000233,3.000547,10.000672,0.999967,-0.001874,-0.007876,-0.000224
1592805583379051,10.000191,3.000611,10.000685,0.999967,-0.001876,-0.007870,-0.000206
1592805583415394,10.000330,3.000564,10.000489,0.999968,-0.001863,-0.007843,-0.000206
1592805583452817,10.000142,3.000793,10.000607,0.999967,-0.001848,-0.007869,-0.000196
1592805583491666,10.000352,3.000819,10.000604,0.999967,-0.001875,-0.007862,-0.000205
1592805583530373,10.000242,3.000390,10.000500,0.999968,-0.001873,-0.007839,-0.000202
1592805583569499,10.000238,3.000465,10.000619,0.999967,-0.001868,-0.007857,-0.000190
1592805583606906,10.000091,3.000695,10.000717,0.999968,-0.001881,-0.007820,-0.000188
1592805583642497,10.000164,3.000707,10.000579,0.999967,-0.001863,-0.007853,-0.000186
1592805583678883,10.000032,3.000807,10.000515,0.999968,-0.001852,-0.007841,-0.000196
1592805583716727,10.000148,3.000644,10.000362,0.999967,-0.001865,-0.007852,-0.000192
1592805583756817,9.999991,3.000844,10.000520,0.999967,-0.001859,-0.007857,-0.000210
1592805583797292,10.000219,3.000447,10.000416,0.999967,-0.001848,-0.007855,-0.000216
1592805583838108,10.000154,3.000672,10.000828,0.999967,-0.001866,-0.007872,-0.000234
1592805583875356,10.000246,3.000615,10.000635,0.999968,-0.001869,-0.007838,-0.000208
1592805583913391,10.000222,3.000714,10.000473,0.999968,-0.001846,-0.007841,-0.000188
1592805583949496,10.000297,3.000788,10.000539,0.999967,-0.001864,-0.007876,-0.000186
1592805583986317,10.000268,3.000651,10.000552,0.999967,-0.001858,-0.007852,-0.000150
1592805584027610,10.000134,3.000379,10.000429,0.999967,-0.001888,-0.007842,-0.000116
1592805584070609,9.999980,3.000535,10.000578,0.999967,-0.001878,-0.007862,-0.000108
1592805584110859,10.000014,3.000556,10.000452,0.999967,-0.001892,-0.007852,-0.000103
1592805584149951,9.999979,3.000671,10.000498,0.999967,-0.001882,-0.007863,-0.000125
1592805584189384,10.000150,3.000823,10.000555,0.999968,-0.001904,-0.007830,-0.000124
1592805584229322,9.999990,3.000353,10.000432,0.999968,-0.001929,-0.007806,-0.000080
1592805584267680,9.999927,3.000452,10.000405,0.999968,-0.001918,-0.007805,-0.000063
1592805584306793,9.999920,3.000577,10.000399,0.999968,-0.001918,-0.007812,-0.000055
1592805584345752,9.999877,3.000679,10.000243,0.999968,-0.001916,-0.007797,-0.000050
1592805584382801,10.000019,3.000630,10.000262,0.999968,-0.001947,-0.007784,-0.000043
1592805584418816,10.000046,3.000798,10.000376,0.999968,-0.001920,-0.007796,-0.000069
1592805584455839,10.000022,3.000748,10.000301,0.999968,-0.001908,-0.007800,-0.000065
1592805584493380,9.999970,3.000349,10.000438,0.999968,-0.001943,-0.007789,-0.000086
1592805584529938,10.000112,3.000264,10.000317,0.999968,-0.001952,-0.007781,-0.000070
1592805584567785,10.000038,3.000408,10.000525,0.999968,-0.001942,-0.007792,-0.000105
1592805584604702,10.000094,3.000393,10.000660,0.999968,-0.001927,-0.007793,-0.000146
1592805584641685,10.000127,3.000626,10.000608,0.999968,-0.001912,-0.007809,-0.000122
1592805584679625,10.000025,3.000742,10.000765,0.999968,-0.001949,-0.007806,-0.000136
1592805584717197,10.000017,3.000628,10.000561,0.999968,-0.001937,-0.007787,-0.000096
1592805584762022,10.000079,3.000462,10.000266,0.999968,-0.001902,-0.007796,-0.000083
1592805584802885,10.000033,3.000483,10.000220,0.999968,-0.001928,-0.007780,-0.000103
1592805584846034,10.000029,3.000550,10.000328,0.999968,-0.001922,-0.007813,-0.000100
1592805584888734,9.999990,3.000659,10.000262,0.999968,-0.001946,-0.007791,-0.000069
1592805584939111,10.000169,3.000445,10.000376,0.999968,-0.001933,-0.007781,-0.000077
1592805584987588,10.000050,3.000651,10.000470,0.999968,-0.001942,-0.007788,-0.000094
1592805585032323,10.000049,3.000389,10.000311,0.999968,-0.001935,-0.007759,-0.000092
1592805585076664,10.000056,3.000693,10.000500,0.999968,-0.001925,-0.007784,-0.000105
1592805585121111,9.999905,3.000803,10.000545,0.999968,-0.001919,-0.007758,-0.000079
1592805585167501,9.999787,3.000581,10.000431,0.999968,-0.001909,-0.007736,-0.000074
1592805585211446,9.999861,3.000641,10.000289,0.999968,-0.001888,-0.007739,-0.000076
1592805585258994,9.999921,3.000840,10.000041,0.999968,-0.001882,-0.007715,-0.000075
1592805585309047,9.999919,3.000660,10.000486,0.999968,-0.001913,-0.007771,-0.000049
1592805585357214,9.999942,3.000939,10.000288,0.999968,-0.001896,-0.007791,-0.000040
1592805585401503,9.999960,3.000515,10.000342,0.999968,-0.001856,-0.007829,-0.000054
1592805585450533,9.999763,3.000773,10.000275,0.999968,-0.001854,-0.007818,-0.000052
1592805585500123,9.999909,3.000469,10.000345,0.999968,-0.001832,-0.007818,-0.000084
1592805585541774,9.999902,3.000715,10.000457,0.999968,-0.001854,-0.007839,-0.000090
1592805585583838,9.999973,3.000818,10.000247,0.999968,-0.001840,-0.007826,-0.000095
1592805585624524,10.000069,3.000689,10.000414,0.999968,-0.001849,-0.007843,-0.000122
1592805585665800,10.000160,3.000434,10.000348,0.999968,-0.001877,-0.007843,-0.000140
1592805585706004,10.000082,3.000471,10.000624,0.999968,-0.001873,-0.007847,-0.000127
1592805585748649,10.000187,3.000604,10.000850,0.999968,-0.001879,-0.007836,-0.000144
1592805585805840,10.000063,3.000631,10.000757,0.999967,-0.001875,-0.007855,-0.000150
1592805585874018,10.000013,3.000534,10.000601,0.999967,-0.001871,-0.007845,-0.000138
1592805585934501,10.000182,3.000333,10.000325,0.999968,-0.001879,-0.007793,-0.000133
1592805585987761,10.000191,3.000611,10.000211,0.999968,-0.001892,-0.007827,-0.000119
1592805586036345,9.999883,3.000633,10.000503,0.999967,-0.001898,-0.007853,-0.000164
1592805586092397,10.000006,3.000808,10.000542,0.999967,-0.001891,-0.007856,-0.000157
1592805586149775,10.000373,3.000593,10.000481,0.999967,-0.001894,-0.007869,-0.000174
1592805586204507,10.000302,3.000410,10.000809,0.999967,-0.001896,-0.007882,-0.000195
1592805586253401,10.000136,3.000479,10.000584,0.999967,-0.001915,-0.007847,-0.000216
1592805586298217,10.000288,3.000241,10.000615,0.999967,-0.001875,-0.007852,-0.000212
1592805586341030,10.000348,3.000393,10.000416,0.999967,-0.001891,-0.007841,-0.000193
1592805586382892,10.000308,3.000551,10.000518,0.999968,-0.001905,-0.007818,-0.000207
1592805586426300,10.000212,3.000292,10.000526,0.999968,-0.001908,-0.007813,-0.000177
1592805586469898,10.000290,3.000289,10.000468,0.999968,-0.001918,-0.007813,-0.000172
1592805586514208,10.000243,3.000489,10.000542,0.999968,-0.001905,-0.007818,-0.000164
1592805586572818,10.000221,3.000347,10.000500,0.999967,-0.001921,-0.007834,-0.000155
1592805586630699,10.000272,3.000280,10.000487,0.999967,-0.001894,-0.007845,-0.000155
1592805586680598,10.000051,3.000783,10.000575,0.999968,-0.001887,-0.007832,-0.000194
1592805586730135,10.000314,3.000250,10.000299,0.999968,-0.001862,-0.007821,-0.000215
1592805586771990,10.000148,3.000486,10.000572,0.999968,-0.001887,-0.007829,-0.000187
1592805586812954,10.000215,3.000601,10.000620,0.999968,-0.001898,-0.007825,-0.000172
1592805586854240,10.000125,3.000576,10.000604,0.999967,-0.001910,-0.007838,-0.000171
1592805586896289,10.000140,3.000311,10.000434,0.999967,-0.001888,-0.007844,-0.000180
1592805586939679,10.000159,3.000387,10.000457,0.999968,-0.001873,-0.007849,-0.000168
1592805586980150,10.000181,3.000623,10.000675,0.999967,-0.001866,-0.007854,-0.000175
1592805587021962,10.000370,3.000501,10.000473,0.999967,-0.001886,-0.007844,-0.000186
1592805587069024,10.000238,3.000461,10.000620,0.999967,-0.001882,-0.007863,-0.000184
1592805587116047,10.000311,3.000479,10.000357,0.999967,-0.001902,-0.007859,-0.000186
1592805587160952,10.000198,3.000171,10.000444,0.999967,-0.001896,-0.007859,-0.000181
1592805587206774,10.000223,3.000322,10.000448,0.999967,-0.001900,-0.007857,-0.000189
1592805587250593,10.000077,3.000642,10.000646,0.999967,-0.001884,-0.007892,-0.000183
1592805587294422,10.000187,3.000311,10.000430,0.999967,-0.001877,-0.007880,-0.000164
1592805587338455,10.000160,3.000456,10.000544,0.999967,-0.001880,-0.007872,-0.000187
1592805587381661,10.000220,3.000332,10.000359,0.999967,-0.001883,-0.007851,-0.000177
1592805587425379,10.000120,3.000788,10.000564,0.999967,-0.001880,-0.007883,-0.000187
1592805587467827,9.999979,3.000425,10.000697,0.999967,-0.001912,-0.007858,-0.000162
1592805587509461,10.000002,3.000520,10.000511,0.999967,-0.001932,-0.007847,-0.000184
1592805587551008,9.999968,3.000570,10.000491,0.999968,-0.001922,-0.007807,-0.000203
1592805587592537,10.000051,3.000661,10.000581,0.999968,-0.001916,-0.007803,-0.000187
1592805587634519,10.000298,3.000401,10.000422,0.999968,-0.001909,-0.007784,-0.000173
1592805587676139,10.000050,3.000553,10.000576,0.999968,-0.001906,-0.007770,-0.000181
1592805587717421,9.999921,3.000714,10.000669,0.999968,-0.001888,-0.007835,-0.000165
1592805587758390,9.999973,3.000837,10.000772,0.999968,-0.001869,-0.007836,-0.000180
1592805587801009,10.000297,3.000438,10.000332,0.999968,-0.001881,-0.007815,-0.000162
1592805587842835,10.000467,3.000342,10.000236,0.999968,-0.001866,-0.007818,-0.000175
1592805587884400,10.000434,3.000499,10.000369,0.999968,-0.001853,-0.007826,-0.000179
1592805587926921,10.000294,3.000718,10.000664,0.999968,-0.001828,-0.007827,-0.000166
1592805587971219,10.000148,3.000534,10.000534,0.999968,-0.001844,-0.007823,-0.000201
1592805588014243,10.000163,3.000740,10.000433,0.999968,-0.001867,-0.007800,-0.000188
1592805588059849,10.000331,3.000292,10.000554,0.999968,-0.001850,-0.007795,-0.000167
1592805588105004,10.000357,3.000396,10.000350,0.999968,-0.001856,-0.007774,-0.000155
1592805588148345,10.000312,3.000365,10.000389,0.999968,-0.001879,-0.007789,-0.000171
1592805588191048,10.000068,3.000683,10.000382,0.999968,-0.001902,-0.007783,-0.000193
1592805588236444,10.000269,3.000311,10.000428,0.999968,-0.001895,-0.007801,-0.000178
1592805588279272,10.000190,3.000512,10.000467,0.999968,-0.001908,-0.007772,-0.000168
1592805588321367,10.000222,3.000564,10.000340,0.999968,-0.001904,-0.007790,-0.000186
1592805588361811,10.000110,3.000303,10.000491,0.999968,-0.001908,-0.007782,-0.000169
1592805588406093,10.000190,3.000438,10.000575,0.999968,-0.001915,-0.007805,-0.000154
1592805588449160,10.000237,3.000569,10.000522,0.999968,-0.001884,-0.007809,-0.000144
1592805588490044,10.000057,3.000675,10.000473,0.999968,-0.001874,-0.007794,-0.000136
1592805588531559,10.000092,3.000386,10.000375,0.999968,-0.001860,-0.007814,-0.000137
1592805588574884,10.000187,3.000497,10.000297,0.999968,-0.001850,-0.007787,-0.000121
1592805588617329,10.000104,3.000667,10.000479,0.999968,-0.001874,-0.007777,-0.000141
1592805588669523,10.000028,3.000612,10.000658,0.999968,-0.001879,-0.007788,-0.000143
1592805588713280,9.999968,3.000687,10.000566,0.999968,-0.001882,-0.007783,-0.000129
1592805588755245,9.999867,3.000702,10.000481,0.999968,-0.001882,-0.007779,-0.000115
1592805588802930,9.999973,3.000532,10.000448,0.999968,-0.001874,-0.007810,-0.000109
1592805588843957,9.999877,3.000696,10.000650,0.999968,-0.001885,-0.007757,-0.000110
1592805588885177,9.999967,3.000778,10.000466,0.999968,-0.001886,-0.007756,-0.000095
1592805588927411,9.999978,3.000876,10.000507,0.999968,-0.001875,-0.007761,-0.000105
1592805588971564,9.999990,3.000585,10.000530,0.999968,-0.001870,-0.007771,-0.000109
1592805589011597,10.000050,3.000703,10.000510,0.999968,-0.001864,-0.007758,-0.000117
1592805589057669,9.999916,3.000846,10.000731,0.999968,-0.001879,-0.007785,-0.000144
1592805589103974,10.000454,3.000306,10.000107,0.999968,-0.001896,-0.007749,-0.000134
1592805589147291,10.000423,3.000310,10.000222,0.999968,-0.001895,-0.007752,-0.000148
1592805589191861,10.000400,3.000731,10.000209,0.999968,-0.001896,-0.007731,-0.000142
1592805589235701,10.000299,3.000267,10.000357,0.999968,-0.001893,-0.007720,-0.000125
1592805589280426,9.999995,3.000590,10.000531,0.999968,-0.001892,-0.007739,-0.000104
1592805589324354,10.000063,3.000782,10.000408,0.999968,-0.001879,-0.007718,-0.000101
1592805589369777,9.999769,3.000614,10.000395,0.999968,-0.001878,-0.007719,-0.000095
1592805589414799,10.000058,3.000741,10.000463,0.999968,-0.001886,-0.007757,-0.000103
1592805589460748,9.999816,3.000842,10.000586,0.999968,-0.001892,-0.007757,-0.000103
1592805589505900,10.000135,3.000449,10.000312,0.999968,-0.001873,-0.007772,-0.000097
1592805589550948,10.000161,3.000489,10.000208,0.999968,-0.001882,-0.007720,-0.000092
1592805589596360,10.000017,3.000437,10.000551,0.999968,-0.001874,-0.007780,-0.000113
1592805589642222,10.000019,3.000448,10.000481,0.999968,-0.001886,-0.007767,-0.000122
1592805589687342,10.000301,3.000516,10.000326,0.999968,-0.001891,-0.007762,-0.000115
1592805589732648,9.999930,3.000409,10.000394,0.999968,-0.001895,-0.007777,-0.000140
1592805589781439,10.000153,3.000502,10.000542,0.999968,-0.001891,-0.007767,-0.000115
1592805589834370,10.000127,3.000334,10.000515,0.999968,-0.001890,-0.007775,-0.000142
1592805589878573,10.000081,3.000607,10.000532,0.999968,-0.001884,-0.007783,-0.000110
1592805589923081,9.999979,3.000876,10.000432,0.999968,-0.001887,-0.007771,-0.000138
1592805589967696,10.000041,3.000475,10.000377,0.999968,-0.001905,-0.007767,-0.000118
1592805590011892,10.000208,3.000541,10.000293,0.999968,-0.001872,-0.007780,-0.000141
1592805590058063,10.000260,3.000714,10.000285,0.999968,-0.001897,-0.007788,-0.000127
1592805590119120,10.000155,3.000522,10.000385,0.999968,-0.001908,-0.007823,-0.000141
1592805590173620,10.000263,3.000336,10.000572,0.999968,-0.001882,-0.007831,-0.000174
1592805590227587,10.000208,3.000256,10.000611,0.999968,-0.001884,-0.007822,-0.000162
1592805590274106,10.000082,3.000414,10.000545,0.999968,-0.001897,-0.007799,-0.000155
1592805590321049,9.999974,3.000664,10.000696,0.999968,-0.001876,-0.007799,-0.000153
1592805590369157,10.000059,3.000537,10.000689,0.999968,-0.001851,-0.007814,-0.000157
1592805590426443,9.999897,3.000919,10.000649,0.999968,-0.001875,-0.007839,-0.000158
1592805590474546,10.000031,3.000484,10.000595,0.999968,-0.001844,-0.007828,-0.000159
1592805590523148,9.999954,3.000658,10.000445,0.999968,-0.001859,-0.007830,-0.000177
1592805590571887,10.000269,3.000308,10.000543,0.999968,-0.001857,-0.007840,-0.000163
1592805590620351,10.000459,3.000396,10.000581,0.999967,-0.001826,-0.007862,-0.000159
1592805590668140,10.000394,3.000292,10.000473,0.999968,-0.001849,-0.007851,-0.000129
1592805590715035,10.000334,3.000409,10.000441,0.999967,-0.001851,-0.007865,-0.000147
1592805590761924,9.999987,3.000398,10.000513,0.999967,-0.001885,-0.007850,-0.000132
1592805590808949,10.000013,3.000363,10.000630,0.999967,-0.001905,-0.007859,-0.000146
1592805590857723,10.000090,3.000616,10.000696,0.999968,-0.001858,-0.007850,-0.000170
1592805590905261,10.000116,3.000398,10.000559,0.999968,-0.001870,-0.007828,-0.000159
1592805590952742,10.000299,3.000596,10.000527,0.999968,-0.001851,-0.007835,-0.000133
1592805591000746,10.000155,3.000323,10.000219,0.999968,-0.001873,-0.007794,-0.000105
1592805591048549,10.000227,3.000558,10.000258,0.999968,-0.001855,-0.007787,-0.000090
1592805591097494,10.000097,3.000448,10.000400,0.999968,-0.001867,-0.007787,-0.000085
1592805591146213,10.000128,3.000595,10.000241,0.999968,-0.001875,-0.007782,-0.000087
1592805591204322,10.000365,3.000360,10.000483,0.999968,-0.001863,-0.007794,-0.000114
1592805591262035,10.000189,3.000371,10.000512,0.999968,-0.001854,-0.007811,-0.000121
1592805591320948,10.000171,3.000557,10.000357,0.999968,-0.001880,-0.007826,-0.000141
1592805591380342,10.000114,3.000460,10.000303,0.999968,-0.001868,-0.007832,-0.000120
1592805591429087,10.000113,3.000680,10.000284,0.999968,-0.001836,-0.007799,-0.000122
1592805591479059,10.000162,3.000525,10.000273,0.999968,-0.001899,-0.007777,-0.000090
1592805591527422,9.999917,3.000372,10.000401,0.999968,-0.001922,-0.007763,-0.000083
1592805591576039,10.000023,3.000442,10.000460,0.999968,-0.001930,-0.007772,-0.000088
1592805591624839,10.000022,3.000595,10.000522,0.999968,-0.001900,-0.007777,-0.000091
1592805591673324,9.999875,3.000532,10.000711,0.999968,-0.001908,-0.007802,-0.000113
1592805591722305,10.000031,3.000440,10.000277,0.999968,-0.001936,-0.007782,-0.000106
1592805591770508,10.000010,3.000405,10.000623,0.999968,-0.001974,-0.007798,-0.000123
1592805591818687,9.999913,3.000417,10.000497,0.999968,-0.001975,-0.007775,-0.000110
1592805591865796,10.000152,3.000040,10.000330,0.999968,-0.001955,-0.007777,-0.000103
1592805591912731,10.000311,3.000137,10.000251,0.999968,-0.001948,-0.007761,-0.000127
1592805591960313,10.000241,3.000543,10.000439,0.999968,-0.001942,-0.007788,-0.000137
1592805592007741,10.000317,3.000309,10.000634,0.999968,-0.001950,-0.007786,-0.000123
1592805592056020,10.000036,3.000580,10.000363,0.999968,-0.001945,-0.007760,-0.000139
1592805592103392,10.000091,3.000368,10.000492,0.999968,-0.001930,-0.007772,-0.000168
1592805592151737,10.000116,3.000539,10.000431,0.999968,-0.001926,-0.007740,-0.000143
1592805592199929,10.000087,3.000431,10.000522,0.999968,-0.001899,-0.007747,-0.000133
1592805592247484,10.000087,3.000530,10.000502,0.999968,-0.001902,-0.007754,-0.000138
1592805592295525,10.000102,3.000365,10.000408,0.999968,-0.001865,-0.007754,-0.000097
1592805592343598,10.000216,3.000442,10.000340,0.999968,-0.001874,-0.007782,-0.000102
1592805592392168,10.000317,3.000671,10.000564,0.999968,-0.001865,-0.007801,-0.000081
1592805592449758,9.999959,3.000584,10.000460,0.999968,-0.001871,-0.007800,-0.000115
1592805592503039,10.000001,3.000412,10.000463,0.999968,-0.001851,-0.007808,-0.000115
1592805592571416,10.000042,3.000448,10.000562,0.999968,-0.001862,-0.007792,-0.000114
1592805592638569,10.000205,3.000343,10.000299,0.999968,-0.001858,-0.007773,-0.000125
1592805592698593,10.000176,3.000386,10.000308,0.999968,-0.001833,-0.007777,-0.000135
1592805592745182,10.000277,3.000496,10.000289,0.999968,-0.001860,-0.007748,-0.000139
1592805592808601,10.000269,3.000483,10.000547,0.999968,-0.001851,-0.007762,-0.000139
1592805592855542,10.000196,3.000619,10.000752,0.999968,-0.001841,-0.007767,-0.000137
1592805592902161,10.000137,3.000406,10.000475,0.999968,-0.001832,-0.007743,-0.000170
1592805592948711,10.000109,3.000634,10.000448,0.999968,-0.001860,-0.007769,-0.000176
1592805593004194,10.000192,3.000393,10.000593,0.999968,-0.001837,-0.007784,-0.000173
1592805593051311,10.000134,3.000604,10.000599,0.999968,-0.001838,-0.007795,-0.000157
1592805593098598,10.000038,3.000428,10.000506,0.999968,-0.001859,-0.007813,-0.000136
1592805593146823,10.000180,3.000508,10.000468,0.999968,-0.001875,-0.007788,-0.000117
1592805593205414,10.000042,3.000506,10.000673,0.999968,-0.001890,-0.007786,-0.000120
1592805593263797,10.000291,3.000212,10.000460,0.999968,-0.001877,-0.007758,-0.000146
1592805593322069,10.000273,3.000704,10.000296,0.999968,-0.001859,-0.007737,-0.000129
1592805593380114,9.999903,3.000614,10.000548,0.999968,-0.001870,-0.007744,-0.000137
1592805593437931,10.000251,3.000383,10.000543,0.999968,-0.001902,-0.007731,-0.000172
1592805593498652,10.000133,3.000268,10.000439,0.999968,-0.001900,-0.007736,-0.000158
1592805593566294,9.999958,3.000545,10.000820,0.999968,-0.001855,-0.007749,-0.000171
1592805593620488,9.999906,3.000638,10.000441,0.999968,-0.001869,-0.007747,-0.000177
1592805593674362,10.000433,3.000363,10.000498,0.999968,-0.001890,-0.007767,-0.000184
1592805593731228,10.000207,3.000230,10.000589,0.999968,-0.001899,-0.007756,-0.000164
1592805593787751,10.000160,3.000641,10.000446,0.999968,-0.001890,-0.007777,-0.000158
1592805593843246,10.000263,3.000448,10.000586,0.999968,-0.001885,-0.007791,-0.000176
1592805593898214,10.000360,3.000124,10.000297,0.999968,-0.001888,-0.007753,-0.000193
1592805593945120,10.000360,3.000397,10.000333,0.999968,-0.001879,-0.007757,-0.000175
1592805593994568,10.000150,3.000321,10.000566,0.999968,-0.001878,-0.007760,-0.000171
1592805594048393,10.000015,3.000488,10.000375,0.999968,-0.001893,-0.007732,-0.000184
1592805594105223,10.000205,3.000490,10.000644,0.999968,-0.001886,-0.007744,-0.000177
1592805594161881,10.000134,3.000332,10.000402,0.999968,-0.001871,-0.007745,-0.000195
1592805594220114,10.000264,3.000604,10.000546,0.999968,-0.001859,-0.007778,-0.000200
1592805594277617,10.000379,3.000432,10.000525,0.999968,-0.001831,-0.007745,-0.000197
1592805594334617,10.000255,3.000402,10.000440,0.999968,-0.001828,-0.007752,-0.000170
1592805594392211,10.000151,3.000697,10.000480,0.999968,-0.001836,-0.007750,-0.000195
1592805594450755,10.000117,3.000553,10.000423,0.999968,-0.001852,-0.007738,-0.000198
1592805594509444,10.000182,3.000559,10.000646,0.999968,-0.001864,-0.007751,-0.000160
1592805594567800,10.000216,3.000322,10.000475,0.999968,-0.001859,-0.007751,-0.000198
1592805594625267,10.000152,3.000536,10.000180,0.999968,-0.001905,-0.007734,-0.000196
1592805594682880,10.000372,3.000463,10.000422,0.999968,-0.001899,-0.007738,-0.000196
1592805594740996,10.000299,3.000327,10.000573,0.999968,-0.001902,-0.007751,-0.000163
1592805594797930,10.000296,3.000179,10.000517,0.999968,-0.001917,-0.007736,-0.000160
1592805594847102,10.000090,3.000434,10.000518,0.999968,-0.001897,-0.007724,-0.000151
1592805594909237,10.000157,3.000569,10.000862,0.999968,-0.001923,-0.007749,-0.000149
1592805594976838,10.000201,3.000325,10.000453,0.999968,-0.001935,-0.007708,-0.000144
1592805595044385,10.000175,3.000350,10.000405,0.999968,-0.001958,-0.007717,-0.000134
1592805595107164,10.000236,3.000226,10.000335,0.999968,-0.001945,-0.007720,-0.000127
1592805595164811,10.000120,3.000293,10.000403,0.999968,-0.001929,-0.007725,-0.000160
1592805595223430,10.000075,3.000556,10.000489,0.999968,-0.001941,-0.007718,-0.000158
1592805595281028,10.000313,3.000452,10.000659,0.999968,-0.001925,-0.007755,-0.000166
1592805595338909,10.000360,3.000153,10.000362,0.999968,-0.001929,-0.007746,-0.000156
1592805595399303,10.000175,3.000228,10.000498,0.999968,-0.001943,-0.007731,-0.000117
1592805595458035,9.999959,3.000502,10.000437,0.999968,-0.001928,-0.007707,-0.000084
1592805595515470,9.999720,3.000479,10.000230,0.999969,-0.001956,-0.007688,-0.000063
1592805595573572,9.999814,3.000432,10.000336,0.999968,-0.001949,-0.007723,-0.000091
1592805595631756,10.000080,3.000270,10.000486,0.999968,-0.001948,-0.007717,-0.000099
1592805595690582,10.000160,3.000509,10.000481,0.999969,-0.001940,-0.007679,-0.000081
1592805595749914,10.000159,3.000457,10.000464,0.999969,-0.001911,-0.007702,-0.000068
1592805595812351,10.000157,3.000368,10.000245,0.999968,-0.001932,-0.007730,-0.000067
1592805595877555,10.000107,3.000456,10.000211,0.999968,-0.001931,-0.007728,-0.000090
1592805595935594,10.000014,3.000288,10.000129,0.999969,-0.001908,-0.007707,-0.000075
1592805595993182,10.000021,3.000347,10.000425,0.999968,-0.001937,-0.007734,-0.000075
1592805596049491,10.000124,3.000501,10.000455,0.999968,-0.001919,-0.007725,-0.000067
1592805596098195,10.000014,3.000335,10.000434,0.999968,-0.001890,-0.007736,-0.000073
1592805596146784,9.999875,3.000572,10.000574,0.999968,-0.001900,-0.007751,-0.000076
1592805596195915,10.000171,3.000388,10.000576,0.999968,-0.001878,-0.007736,-0.000109
1592805596244426,10.000278,3.000466,10.000447,0.999968,-0.001869,-0.007738,-0.000132
1592805596294336,10.000057,3.000352,10.000419,0.999968,-0.001868,-0.007731,-0.000129
1592805596342565,10.000208,3.000482,10.000370,0.999968,-0.001865,-0.007736,-0.000126
1592805596390966,9.999931,3.000715,10.000444,0.999968,-0.001894,-0.007718,-0.000121
1592805596439291,10.000259,3.000400,10.000556,0.999969,-0.001855,-0.007721,-0.000144
1592805596496641,10.000192,3.000255,10.000389,0.999968,-0.001898,-0.007713,-0.000113
1592805596545087,10.000204,3.000431,10.000463,0.999969,-0.001882,-0.007708,-0.000137
1592805596593683,10.000343,3.000323,10.000615,0.999968,-0.001897,-0.007731,-0.000114
1592805596642505,10.000181,3.000495,10.000540,0.999968,-0.001888,-0.007731,-0.000113
1592805596690891,10.000098,3.000583,10.000618,0.999968,-0.001892,-0.007756,-0.000121
1592805596738433,10.000010,3.000374,10.000664,0.999968,-0.001891,-0.007764,-0.000147
1592805596786278,10.000062,3.000452,10.000328,0.999968,-0.001856,-0.007778,-0.000148
1592805596832810,10.000208,3.000348,10.000453,0.999968,-0.001878,-0.007748,-0.000175
1592805596879978,10.000220,3.000455,10.000639,0.999968,-0.001869,-0.007752,-0.000164
1592805596926968,10.000341,3.000232,10.000339,0.999969,-0.001858,-0.007701,-0.000174
1592805596973852,10.000362,3.000401,10.000583,0.999968,-0.001858,-0.007746,-0.000172
1592805597020819,10.000276,3.000556,10.000617,0.999968,-0.001835,-0.007770,-0.000209
1592805597067499,10.000319,3.000330,10.000640,0.999968,-0.001884,-0.007760,-0.000227
1592805597114909,10.000354,3.000177,10.000373,0.999968,-0.001896,-0.007780,-0.000237
1592805597163019,10.000312,3.000224,10.000591,0.999968,-0.001919,-0.007767,-0.000228
1592805597211725,10.000154,3.000463,10.000603,0.999968,-0.001925,-0.007775,-0.000207
1592805597259979,10.000167,3.000480,10.000707,0.999968,-0.001929,-0.007760,-0.000177
1592805597320075,10.000260,3.000247,10.000276,0.999968,-0.001926,-0.007746,-0.000181
1592805597372363,10.000235,3.000297,10.000494,0.999968,-0.001899,-0.007750,-0.000166
1592805597423962,10.000325,3.000423,10.000287,0.999968,-0.001882,-0.007756,-0.000166
1592805597476398,10.000197,3.000318,10.000600,0.999968,-0.001894,-0.007778,-0.000159
1592805597527413,10.000098,3.000241,10.000538,0.999968,-0.001898,-0.007762,-0.000137
1592805597577001,10.000407,3.000242,10.000355,0.999968,-0.001924,-0.007739,-0.000154
1592805597626852,10.000269,3.000115,10.000255,0.999968,-0.001919,-0.007745,-0.000140
1592805597676739,10.000258,3.000295,10.000581,0.999968,-0.001927,-0.007755,-0.000170
1592805597726642,10.000442,3.000054,10.000287,0.999968,-0.001949,-0.007723,-0.000143
1592805597776648,10.000440,3.000130,10.000196,0.999968,-0.001937,-0.007729,-0.000149
1592805597825807,10.000310,3.000352,10.000319,0.999968,-0.001938,-0.007706,-0.000127
1592805597878833,10.000252,3.000191,10.000500,0.999968,-0.001955,-0.007712,-0.000144
1592805597930305,10.000314,3.000113,10.000504,0.999968,-0.001972,-0.007740,-0.000163
1592805597980189,10.000246,3.000293,10.000616,0.999968,-0.001988,-0.007735,-0.000174
1592805598035246,10.000304,3.000064,10.000563,0.999968,-0.001993,-0.007727,-0.000162
1592805598088076,10.000259,3.000194,10.000343,0.999968,-0.001998,-0.007740,-0.000169
1592805598148046,10.000196,3.000252,10.000549,0.999968,-0.001971,-0.007729,-0.000170
1592805598199820,10.000237,3.000122,10.000442,0.999968,-0.001960,-0.007721,-0.000159
1592805598262613,10.000205,3.000263,10.000712,0.999968,-0.001925,-0.007752,-0.000188
1592805598325398,10.000273,3.000449,10.000423,0.999968,-0.001908,-0.007717,-0.000153
1592805598377944,10.000263,3.000388,10.000500,0.999969,-0.001883,-0.007712,-0.000158
1592805598430937,10.000338,3.000344,10.000213,0.999969,-0.001893,-0.007670,-0.000104
1592805598483344,10.000363,3.000369,10.000194,0.999969,-0.001898,-0.007682,-0.000134
1592805598539249,10.000169,3.000153,10.000474,0.999969,-0.001900,-0.007699,-0.000127
1592805598592154,9.999996,3.000512,10.000428,0.999968,-0.001861,-0.007742,-0.000158
1592805598645305,10.000291,3.000494,10.000468,0.999968,-0.001876,-0.007719,-0.000140
1592805598699923,10.000110,3.000434,10.000763,0.999968,-0.001881,-0.007761,-0.000167
1592805598756395,10.000079,3.000514,10.000702,0.999968,-0.001881,-0.007777,-0.000159
1592805598807952,10.000134,3.000283,10.000484,0.999968,-0.001894,-0.007748,-0.000166
1592805598857131,10.000225,3.000466,10.000623,0.999968,-0.001885,-0.007749,-0.000184
1592805598906404,10.000302,3.000347,10.000171,0.999968,-0.001902,-0.007724,-0.000177
1592805598955307,10.000309,3.000583,10.000154,0.999968,-0.001901,-0.007712,-0.000187
1592805599012924,10.000412,3.000302,10.000323,0.999969,-0.001900,-0.007681,-0.000183
1592805599071561,10.000244,3.000386,10.000488,0.999969,-0.001911,-0.007697,-0.000181
1592805599121647,10.000398,3.000473,10.000677,0.999969,-0.001892,-0.007683,-0.000178
1592805599171833,10.000353,3.000498,10.000538,0.999969,-0.001887,-0.007688,-0.000203
1592805599221511,10.000470,3.000539,10.000644,0.999969,-0.001892,-0.007694,-0.000205
1592805599272436,10.000413,3.000336,10.000557,0.999969,-0.001865,-0.007684,-0.000213
1592805599323238,10.000417,3.000588,10.000216,0.999969,-0.001886,-0.007658,-0.000186
1592805599373446,10.000336,3.000529,10.000365,0.999969,-0.001940,-0.007672,-0.000204
1592805599433329,10.000132,3.000338,10.000648,0.999969,-0.001934,-0.007657,-0.000166
1592805599491006,10.000124,3.000430,10.000374,0.999969,-0.001927,-0.007615,-0.000150
1592805599549008,10.000224,3.000564,10.000199,0.999969,-0.001892,-0.007632,-0.000153
1592805599601405,10.000015,3.000463,10.000533,0.999969,-0.001894,-0.007647,-0.000129
