1592805986204213,9.999985,3.000957,10.000381,0.999970,-0.002254,-0.007371,-0.000062
1592805986262500,10.000011,3.000765,10.000287,0.999970,-0.002232,-0.007382,-0.000038
1592805986309650,9.999989,3.000309,10.000286,0.999971,-0.002269,-0.007324,-0.000047
1592805986350047,9.999997,3.000445,10.000277,0.999971,-0.002268,-0.007312,-0.000027
1592805986387487,9.999977,3.000553,10.000311,0.999970,-0.002243,-0.007350,-0.000031
1592805986426434,9.999963,3.000769,10.000326,0.999970,-0.002259,-0.007375,0.000020
1592805986462121,9.999995,3.000690,10.000285,0.999971,-0.002249,-0.007317,0.000027
1592805986499671,9.999992,3.000805,10.000138,0.999971,-0.002231,-0.007292,0.000021
1592805986537152,9.999975,3.001041,10.000291,0.999971,-0.002236,-0.007314,0.000015
1592805986572712,9.999972,3.000354,10.000328,0.999971,-0.002261,-0.007322,-0.000018
1592805986612418,9.999971,3.000435,10.000309,0.999971,-0.002248,-0.007324,-0.000015
1592805986651382,9.999970,3.000551,10.000294,0.999971,-0.002254,-0.007307,-0.000029
1592805986691164,9.999979,3.000759,10.000246,0.999971,-0.002265,-0.007326,-0.000020
1592805986730522,9.999991,3.000782,10.000722,0.999970,-0.002277,-0.007444,-0.000040
1592805986770219,9.999958,3.000812,10.000323,0.999970,-0.002286,-0.007344,-0.000039
1592805986808756,9.999997,3.000319,10.000259,0.999971,-0.002277,-0.007334,-0.000054
1592805986846990,10.000008,3.000654,10.000251,0.999970,-0.002273,-0.007336,-0.000054
1592805986891439,9.999980,3.000682,10.000273,0.999970,-0.002307,-0.007373,-0.000065
1592805986929683,9.999966,3.000718,10.000268,0.999970,-0.002286,-0.007389,-0.000075
1592805986965654,9.999993,3.000908,10.000761,0.999970,-0.002268,-0.007461,-0.000069
1592805987001590,9.999946,3.000853,10.000363,0.999970,-0.002287,-0.007346,-0.000070
1592805987042440,9.999982,3.000405,10.000280,0.999971,-0.002283,-0.007328,-0.000035
1592805987083737,9.999975,3.000462,10.000342,0.999970,-0.002288,-0.007377,-0.000058
1592805987124814,9.999993,3.000541,10.000321,0.999971,-0.002254,-0.007327,-0.000046
1592805987163994,9.999962,3.000760,10.000350,0.999971,-0.002250,-0.007340,-0.000042
1592805987203719,9.999940,3.000858,10.000432,0.999970,-0.002275,-0.007355,-0.000028
1592805987242628,9.999999,3.000302,10.000340,0.999971,-0.002263,-0.007292,-0.000020
1592805987282055,9.999966,3.000478,10.000338,0.999971,-0.002276,-0.007302,-0.000045
1592805987321991,9.999977,3.000612,10.000339,0.999971,-0.002256,-0.007298,-0.000022
1592805987365242,9.999985,3.000845,10.000395,0.999971,-0.002250,-0.007301,-0.000021
1592805987405530,9.999983,3.000340,10.000330,0.999971,-0.002258,-0.007292,-0.000013
1592805987444060,9.999963,3.000439,10.000350,0.999971,-0.002241,-0.007296,-0.000032
1592805987484871,9.999967,3.000455,10.000319,0.999971,-0.002221,-0.007300,-0.000015
1592805987522685,9.999967,3.000609,10.000293,0.999971,-0.002247,-0.007289,-0.000023
1592805987561730,9.999990,3.000684,10.000324,0.999971,-0.002255,-0.007315,-0.000037
1592805987599501,9.999979,3.000708,10.000278,0.999971,-0.002237,-0.007310,-0.000040
1592805987635770,9.999978,3.000890,10.000213,0.999971,-0.002246,-0.007325,-0.000039
1592805987671000,9.999985,3.000812,10.000341,0.999971,-0.002251,-0.007333,-0.000027
1592805987707467,9.999984,3.000327,10.000281,0.999971,-0.002243,-0.007311,-0.000029
1592805987743439,9.999971,3.000355,10.000335,0.999971,-0.002240,-0.007322,-0.000055
1592805987779637,9.999979,3.000375,10.000323,0.999971,-0.002220,-0.007338,-0.000053
1592805987815902,9.999992,3.000476,10.000277,0.999971,-0.002229,-0.007348,-0.000082
1592805987852295,9.999985,3.000506,10.000335,0.999971,-0.002218,-0.007343,-0.000077
1592805987887586,9.999986,3.000595,10.000639,0.999970,-0.002212,-0.007392,-0.000068
1592805987924166,9.999961,3.000604,10.000396,0.999971,-0.002207,-0.007336,-0.000032
1592805987960604,10.000008,3.000642,10.000246,0.999971,-0.002187,-0.007320,-0.000049
1592805988000127,9.999988,3.000861,10.000235,0.999971,-0.002175,-0.007352,-0.000047
1592805988043840,10.000011,3.000306,10.000272,0.999971,-0.002194,-0.007356,-0.000048
1592805988087812,9.999986,3.000528,10.000306,0.999970,-0.002194,-0.007359,-0.000073
1592805988129771,9.999988,3.000762,10.000761,0.999970,-0.002220,-0.007436,-0.000066
1592805988171158,9.999961,3.000273,10.000311,0.999971,-0.002204,-0.007349,-0.000054
1592805988210317,10.000004,3.000380,10.000255,0.999971,-0.002212,-0.007350,-0.000078
1592805988247398,10.000028,3.000371,10.000176,0.999971,-0.002209,-0.007351,-0.000088
1592805988288923,10.000018,3.000481,10.000257,0.999970,-0.002213,-0.007376,-0.000112
1592805988331973,9.999972,3.000715,10.000404,0.999970,-0.002225,-0.007371,-0.000072
1592805988378078,9.999990,3.000320,10.000311,0.999971,-0.002200,-0.007351,-0.000074
1592805988419000,10.000005,3.000488,10.000347,0.999971,-0.002190,-0.007362,-0.000048
1592805988456473,9.999978,3.000588,10.000350,0.999970,-0.002180,-0.007402,-0.000064
1592805988493925,9.999964,3.000691,10.000381,0.999970,-0.002188,-0.007395,-0.000104
1592805988532757,9.999969,3.000744,10.000371,0.999970,-0.002193,-0.007408,-0.000110
1592805988573993,9.999993,3.000338,10.000294,0.999970,-0.002203,-0.007411,-0.000111
1592805988619587,9.999983,3.000625,10.000711,0.999970,-0.002210,-0.007482,-0.000113
1592805988662361,9.999950,3.000714,10.000481,0.999970,-0.002216,-0.007432,-0.000094
1592805988702051,9.999995,3.000771,10.000284,0.999970,-0.002204,-0.007420,-0.000067
1592805988742381,10.000008,3.000306,10.000269,0.999970,-0.002200,-0.007401,-0.000062
1592805988781545,10.000016,3.000396,10.000359,0.999970,-0.002225,-0.007386,-0.000048
1592805988823707,9.999979,3.000617,10.000383,0.999970,-0.002252,-0.007372,-0.000033
1592805988861874,9.999958,3.000623,10.000352,0.999970,-0.002228,-0.007383,-0.000028
1592805988900288,9.999985,3.000766,10.000216,0.999970,-0.002252,-0.007359,-0.000031
1592805988938645,9.999992,3.000314,10.000310,0.999970,-0.002227,-0.007360,-0.000047
1592805988975088,9.999969,3.000360,10.000360,0.999970,-0.002268,-0.007392,-0.000056
1592805989012431,9.999978,3.000353,10.000344,0.999970,-0.002257,-0.007382,-0.000053
1592805989053072,9.999991,3.000482,10.000370,0.999970,-0.002234,-0.007403,-0.000047
1592805989093134,9.999982,3.000795,10.000631,0.999970,-0.002261,-0.007421,-0.000040
1592805989141583,9.999995,3.000327,10.000257,0.999970,-0.002279,-0.007342,-0.000059
1592805989188044,9.999994,3.000565,10.000279,0.999970,-0.002240,-0.007376,-0.000081
1592805989229886,10.000006,3.000684,10.000332,0.999970,-0.002229,-0.007387,-0.000089
1592805989267807,9.999996,3.000714,10.000254,0.999970,-0.002232,-0.007399,-0.000103
1592805989305720,9.999995,3.000286,10.000325,0.999970,-0.002223,-0.007383,-0.000107
1592805989342172,10.000014,3.000319,10.000297,0.999970,-0.002215,-0.007369,-0.000089
1592805989379257,9.999994,3.000400,10.000283,0.999970,-0.002231,-0.007383,-0.000097
1592805989418111,10.000007,3.000516,10.000334,0.999970,-0.002230,-0.007386,-0.000113
1592805989462110,9.999988,3.000580,10.000339,0.999970,-0.002245,-0.007383,-0.000098
1592805989504765,9.999989,3.000273,10.000299,0.999970,-0.002225,-0.007372,-0.000083
1592805989544036,10.000000,3.000381,10.000380,0.999970,-0.002207,-0.007411,-0.000127
1592805989581384,9.999989,3.000424,10.000418,0.999970,-0.002229,-0.007371,-0.000083
1592805989619545,9.999996,3.000452,10.000328,0.999970,-0.002240,-0.007359,-0.000083
1592805989656958,10.000005,3.000485,10.000267,0.999971,-0.002265,-0.007338,-0.000090
1592805989697145,9.999983,3.000599,10.000312,0.999970,-0.002261,-0.007383,-0.000098
1592805989736990,10.000013,3.000721,10.000353,0.999970,-0.002255,-0.007388,-0.000065
1592805989774828,9.999992,3.000293,10.000386,0.999970,-0.002283,-0.007392,-0.000065
1592805989812406,9.999950,3.000443,10.000367,0.999970,-0.002279,-0.007380,-0.000032
1592805989852216,9.999968,3.000465,10.000311,0.999970,-0.002295,-0.007356,-0.000045
1592805989892532,10.000009,3.000710,10.000738,0.999970,-0.002284,-0.007380,-0.000057
1592805989932454,9.999936,3.000731,10.000291,0.999970,-0.002262,-0.007345,-0.000063
1592805989969128,9.999935,3.000740,10.000324,0.999971,-0.002252,-0.007339,-0.000060
1592805990006127,10.000022,3.000243,10.000225,0.999971,-0.002234,-0.007345,-0.000058
1592805990047615,9.999989,3.000399,10.000364,0.999970,-0.002231,-0.007408,-0.000084
1592805990086098,9.999999,3.000442,10.000373,0.999970,-0.002227,-0.007413,-0.000093
1592805990126447,10.000012,3.000524,10.000354,0.999970,-0.002247,-0.007383,-0.000078
1592805990165280,9.999998,3.000678,10.000378,0.999970,-0.002249,-0.007393,-0.000105
1592805990202903,9.999994,3.000248,10.000301,0.999970,-0.002241,-0.007370,-0.000125
1592805990242774,10.000025,3.000356,10.000399,0.999970,-0.002234,-0.007349,-0.000087
1592805990284937,9.999987,3.000434,10.000484,0.999970,-0.002268,-0.007355,-0.000030
1592805990325823,9.999956,3.000509,10.000406,0.999971,-0.002273,-0.007321,-0.000044
1592805990366255,9.999998,3.000686,10.000379,0.999970,-0.002272,-0.007342,-0.000046
1592805990405112,9.999978,3.000243,10.000357,0.999970,-0.002272,-0.007365,-0.000049
1592805990442795,9.999979,3.000374,10.000341,0.999970,-0.002277,-0.007360,-0.000045
1592805990479430,10.000007,3.000266,10.000278,0.999971,-0.002288,-0.007326,-0.000040
1592805990517812,10.000001,3.000546,10.000698,0.999970,-0.002263,-0.007350,-0.000044
1592805990556038,9.999962,3.000530,10.000330,0.999971,-0.002284,-0.007290,-0.000023
1592805990593429,9.999980,3.000543,10.000251,0.999971,-0.002276,-0.007290,-0.000037
1592805990632218,9.999992,3.000725,10.000256,0.999971,-0.002266,-0.007307,-0.000034
1592805990670068,10.000004,3.000685,10.000315,0.999971,-0.002240,-0.007334,-0.000050
1592805990707704,10.000003,3.000266,10.000265,0.999971,-0.002246,-0.007329,-0.000058
1592805990744667,9.999978,3.000329,10.000341,0.999971,-0.002247,-0.007320,-0.000053
1592805990783276,9.999988,3.000484,10.000333,0.999971,-0.002245,-0.007331,-0.000034
1592805990821995,9.999965,3.000547,10.000343,0.999971,-0.002235,-0.007344,-0.000033
1592805990861326,9.999949,3.000642,10.000360,0.999970,-0.002213,-0.007355,-0.000043
1592805990900960,9.999978,3.000600,10.000327,0.999971,-0.002220,-0.007322,-0.000028
1592805990937479,9.999995,3.000350,10.000652,0.999970,-0.002189,-0.007370,-0.000004
1592805990973406,9.999939,3.000275,10.000383,0.999971,-0.002233,-0.007333,-0.000007
1592805991008437,9.999956,3.000256,10.000246,0.999971,-0.002233,-0.007310,-0.000033
1592805991047160,9.999999,3.000422,10.000250,0.999971,-0.002253,-0.007345,-0.000020
1592805991085352,10.000023,3.000400,10.000328,0.999970,-0.002212,-0.007378,-0.000048
1592805991122162,10.000030,3.000489,10.000282,0.999970,-0.002236,-0.007379,-0.000025
1592805991160208,10.000020,3.000473,10.000274,0.999970,-0.002268,-0.007367,-0.000025
1592805991198950,9.999992,3.000653,10.000278,0.999970,-0.002278,-0.007370,-0.000024
1592805991240467,10.000002,3.000790,10.000202,0.999970,-0.002288,-0.007360,-0.000008
1592805991284034,9.999978,3.000340,10.000244,0.999970,-0.002270,-0.007356,-0.000022
1592805991323267,9.999979,3.000519,10.000348,0.999970,-0.002258,-0.007357,-0.000038
1592805991366376,9.999985,3.000691,10.000377,0.999971,-0.002250,-0.007348,-0.000049
1592805991403104,10.000000,3.000785,10.000286,0.999970,-0.002260,-0.007344,-0.000030
1592805991439975,9.999974,3.000293,10.000366,0.999971,-0.002224,-0.007336,-0.000017
1592805991476073,9.999976,3.000363,10.000340,0.999970,-0.002258,-0.007349,-0.000028
1592805991512089,9.999992,3.000359,10.000334,0.999970,-0.002272,-0.007355,-0.000045
1592805991548602,9.999995,3.000357,10.000347,0.999970,-0.002268,-0.007380,-0.000049
1592805991588565,10.000031,3.000488,10.000710,0.999970,-0.002269,-0.007386,-0.000042
1592805991627459,10.000250,3.000609,10.000256,0.999970,-0.002230,-0.007363,-0.000055
1592805991665428,9.999889,3.000773,10.000216,0.999970,-0.002275,-0.007361,-0.000025
1592805991701613,9.999882,3.000744,10.000344,0.999970,-0.002271,-0.007354,-0.000022
1592805991737657,10.000000,3.000273,10.000278,0.999971,-0.002268,-0.007334,-0.000037
1592805991775557,9.999997,3.000420,10.000664,0.999970,-0.002258,-0.007381,-0.000031
1592805991813166,9.999940,3.000425,10.000347,0.999970,-0.002276,-0.007359,-0.000046
1592805991851579,10.000217,3.000433,10.000127,0.999970,-0.002232,-0.007368,-0.000035
1592805991893522,9.999909,3.000456,10.000256,0.999970,-0.002270,-0.007405,-0.000053
1592805991936919,9.999990,3.000302,10.000668,0.999970,-0.002235,-0.007432,-0.000087
1592805991974302,9.999986,3.000233,10.000401,0.999970,-0.002231,-0.007405,-0.000081
1592805992010492,9.999987,3.000234,10.000300,0.999970,-0.002261,-0.007390,-0.000077
1592805992053517,10.000014,3.000329,10.000231,0.999970,-0.002268,-0.007383,-0.000067
1592805992096438,10.000019,3.000639,10.000268,0.999970,-0.002272,-0.007381,-0.000047
1592805992136453,10.000011,3.000210,10.000285,0.999970,-0.002293,-0.007409,-0.000061
1592805992175502,9.999997,3.000264,10.000254,0.999970,-0.002300,-0.007353,-0.000032
1592805992216148,9.999969,3.000369,10.000289,0.999970,-0.002294,-0.007349,-0.000020
1592805992255149,9.999985,3.000393,10.000234,0.999970,-0.002270,-0.007348,-0.000052
1592805992292777,9.999984,3.000564,10.000276,0.999970,-0.002243,-0.007372,-0.000059
1592805992330175,9.999972,3.000638,10.000323,0.999970,-0.002255,-0.007386,-0.000090
1592805992367211,9.999988,3.000701,10.000305,0.999970,-0.002232,-0.007404,-0.000087
1592805992405679,10.000013,3.000232,10.000254,0.999970,-0.002255,-0.007365,-0.000082
1592805992442983,9.999991,3.000277,10.000424,0.999970,-0.002248,-0.007393,-0.000087
1592805992481552,9.999990,3.000378,10.000330,0.999970,-0.002237,-0.007370,-0.000093
1592805992519702,9.999987,3.000483,10.000282,0.999970,-0.002239,-0.007396,-0.000098
1592805992560179,9.999992,3.000467,10.000354,0.999970,-0.002259,-0.007425,-0.000097
1592805992606898,9.999985,3.000298,10.000374,0.999970,-0.002253,-0.007395,-0.000104
1592805992646040,10.000002,3.000344,10.000425,0.999970,-0.002241,-0.007429,-0.000147
1592805992682620,10.000006,3.000308,10.000404,0.999970,-0.002225,-0.007415,-0.000133
1592805992719654,10.000022,3.000398,10.000305,0.999970,-0.002243,-0.007409,-0.000094
1592805992756126,10.000010,3.000405,10.000319,0.999970,-0.002223,-0.007423,-0.000096
1592805992795414,10.000000,3.000596,10.000353,0.999970,-0.002220,-0.007449,-0.000107
1592805992834903,9.999991,3.000778,10.000815,0.999970,-0.002229,-0.007442,-0.000110
1592805992873996,9.999980,3.000236,10.000261,0.999970,-0.002224,-0.007373,-0.000115
1592805992912907,9.999990,3.000293,10.000313,0.999970,-0.002221,-0.007422,-0.000131
1592805992978896,9.999996,3.000364,10.000338,0.999970,-0.002208,-0.007400,-0.000157
1592805993023679,10.000003,3.000547,10.000319,0.999970,-0.002211,-0.007392,-0.000136
1592805993067975,10.000016,3.000560,10.000361,0.999970,-0.002216,-0.007389,-0.000122
1592805993109527,10.000004,3.000256,10.000298,0.999970,-0.002253,-0.007369,-0.000105
1592805993150104,10.000003,3.000386,10.000343,0.999970,-0.002242,-0.007349,-0.000125
1592805993191864,9.999979,3.000473,10.000378,0.999970,-0.002230,-0.007357,-0.000106
1592805993233948,9.999974,3.000629,10.000343,0.999970,-0.002233,-0.007367,-0.000101
1592805993275694,10.000030,3.000279,10.000300,0.999970,-0.002261,-0.007356,-0.000081
1592805993314398,10.000015,3.000356,10.000367,0.999970,-0.002253,-0.007360,-0.000078
1592805993353795,9.999990,3.000418,10.000277,0.999971,-0.002252,-0.007335,-0.000095
1592805993393393,9.999974,3.000497,10.000430,0.999970,-0.002284,-0.007358,-0.000100
1592805993434705,10.000016,3.000664,10.000328,0.999970,-0.002289,-0.007378,-0.000100
1592805993473954,9.999979,3.000238,10.000409,0.999970,-0.002308,-0.007347,-0.000116
1592805993513216,9.999984,3.000317,10.000355,0.999970,-0.002319,-0.007336,-0.000107
1592805993552704,10.000004,3.000365,10.000298,0.999970,-0.002296,-0.007339,-0.000094
1592805993591396,9.999985,3.000442,10.000276,0.999970,-0.002286,-0.007348,-0.000087
1592805993631751,9.999970,3.000529,10.000319,0.999971,-0.002255,-0.007318,-0.000071
1592805993670133,9.999942,3.000595,10.000417,0.999971,-0.002284,-0.007298,-0.000062
1592805993707403,9.999977,3.000261,10.000389,0.999971,-0.002255,-0.007301,-0.000068
1592805993745375,10.000000,3.000291,10.000286,0.999971,-0.002269,-0.007299,-0.000044
1592805993784492,9.999993,3.000394,10.000357,0.999971,-0.002271,-0.007278,-0.000070
1592805993823323,9.999997,3.000434,10.000282,0.999971,-0.002266,-0.007261,-0.000081
1592805993864158,9.999980,3.000598,10.000382,0.999971,-0.002277,-0.007227,-0.000093
1592805993914218,10.000002,3.000343,10.000363,0.999971,-0.002282,-0.007278,-0.000083
1592805993966705,10.000022,3.000700,10.000744,0.999971,-0.002264,-0.007285,-0.000023
1592805994016179,10.000006,3.000283,10.000173,0.999971,-0.002265,-0.007245,-0.000045
1592805994071128,10.000003,3.000544,10.000262,0.999971,-0.002269,-0.007262,-0.000058
1592805994123128,9.999988,3.000486,10.000319,0.999971,-0.002273,-0.007293,-0.000080
1592805994173836,9.999995,3.000326,10.000657,0.999971,-0.002264,-0.007317,-0.000099
1592805994218551,9.999993,3.000423,10.000370,0.999971,-0.002270,-0.007293,-0.000083
1592805994262377,10.000012,3.000587,10.000207,0.999971,-0.002269,-0.007282,-0.000077
1592805994306086,9.999994,3.000201,10.000310,0.999971,-0.002296,-0.007278,-0.000056
1592805994350017,9.999979,3.000403,10.000366,0.999971,-0.002311,-0.007267,-0.000033
1592805994390661,9.999972,3.000409,10.000349,0.999971,-0.002323,-0.007257,-0.000033
1592805994433334,9.999991,3.000564,10.000400,0.999971,-0.002322,-0.007283,-0.000001
1592805994476721,9.999994,3.000258,10.000327,0.999971,-0.002317,-0.007289,-0.000028
1592805994520475,10.000005,3.000356,10.000312,0.999971,-0.002304,-0.007288,-0.000026
1592805994563382,9.999967,3.000545,10.000179,0.999971,-0.002302,-0.007276,-0.000029
1592805994606115,9.999981,3.000173,10.000379,0.999971,-0.002298,-0.007284,-0.000060
1592805994649155,9.999974,3.000381,10.000348,0.999971,-0.002283,-0.007285,-0.000046
1592805994699392,10.000003,3.000578,10.000374,0.999971,-0.002263,-0.007312,-0.000065
1592805994748863,9.999993,3.000447,10.000752,0.999970,-0.002257,-0.007349,-0.000053
1592805994790368,9.999976,3.000539,10.000778,0.999970,-0.002245,-0.007343,-0.000062
1592805994837061,10.000004,3.000203,10.000243,0.999971,-0.002284,-0.007309,-0.000066
1592805994883642,10.000002,3.000295,10.000316,0.999971,-0.002269,-0.007322,-0.000070
1592805994927740,10.000046,3.000478,10.000373,0.999971,-0.002280,-0.007308,-0.000059
1592805994971042,9.999993,3.000596,10.000377,0.999971,-0.002285,-0.007301,-0.000009
1592805995012056,9.999962,3.000275,10.000297,0.999971,-0.002267,-0.007261,-0.000026
1592805995057560,9.999967,3.000443,10.000273,0.999971,-0.002265,-0.007294,-0.000018
1592805995105470,9.999991,3.000185,10.000282,0.999971,-0.002265,-0.007284,-0.000014
1592805995150893,9.999976,3.000278,10.000301,0.999971,-0.002272,-0.007264,-0.000019
1592805995203783,9.999978,3.000220,10.000369,0.999971,-0.002282,-0.007275,-0.000079
1592805995247350,10.000009,3.000312,10.000254,0.999971,-0.002297,-0.007277,-0.000108
1592805995293904,10.000038,3.000487,10.000330,0.999971,-0.002299,-0.007301,-0.000085
1592805995339712,9.999990,3.000207,10.000327,0.999971,-0.002323,-0.007299,-0.000075
1592805995392485,10.000011,3.000421,10.000369,0.999971,-0.002316,-0.007318,-0.000086
1592805995446341,9.999981,3.000285,10.000274,0.999971,-0.002314,-0.007296,-0.000078
1592805995494415,9.999988,3.000436,10.000329,0.999971,-0.002311,-0.007279,-0.000065
1592805995537750,9.999981,3.000209,10.000349,0.999971,-0.002303,-0.007294,-0.000039
1592805995579341,9.999988,3.000269,10.000312,0.999971,-0.002309,-0.007293,-0.000057
1592805995623217,9.999981,3.000475,10.000321,0.999971,-0.002323,-0.007303,-0.000020
1592805995663995,9.999960,3.000513,10.000399,0.999970,-0.002323,-0.007330,-0.000043
1592805995710030,9.999997,3.000172,10.000326,0.999971,-0.002306,-0.007314,-0.000032
1592805995755674,9.999997,3.000482,10.000287,0.999971,-0.002287,-0.007298,-0.000032
1592805995805733,9.999989,3.000233,10.000309,0.999971,-0.002307,-0.007294,-0.000059
1592805995850548,9.999989,3.000383,10.000415,0.999971,-0.002289,-0.007295,-0.000048
1592805995892397,10.000008,3.000486,10.000401,0.999971,-0.002292,-0.007314,-0.000064
1592805995935749,10.000019,3.000295,10.000660,0.999971,-0.002296,-0.007288,-0.000074
1592805995977718,9.999963,3.000269,10.000323,0.999971,-0.002288,-0.007261,-0.000118
1592805996021168,9.999997,3.000396,10.000272,0.999971,-0.002282,-0.007255,-0.000128
1592805996068809,10.000018,3.000525,10.000358,0.999971,-0.002264,-0.007246,-0.000161
1592805996113307,10.000010,3.000307,10.000381,0.999971,-0.002285,-0.007248,-0.000149
1592805996157797,9.999985,3.000408,10.000419,0.999971,-0.002287,-0.007215,-0.000119
1592805996204487,10.000002,3.000230,10.000315,0.999971,-0.002256,-0.007240,-0.000104
1592805996246907,9.999981,3.000395,10.000796,0.999971,-0.002268,-0.007280,-0.000110
1592805996288570,9.999979,3.000377,10.000350,0.999971,-0.002261,-0.007256,-0.000101
1592805996332624,10.000003,3.000581,10.000321,0.999971,-0.002242,-0.007285,-0.000093
1592805996374431,9.999993,3.000181,10.000363,0.999971,-0.002260,-0.007276,-0.000101
1592805996416198,9.999992,3.000367,10.000252,0.999971,-0.002281,-0.007257,-0.000098
1592805996461502,9.999993,3.000461,10.000324,0.999971,-0.002295,-0.007259,-0.000082
1592805996512324,10.000015,3.000313,10.000339,0.999971,-0.002266,-0.007253,-0.000057
1592805996556393,9.999983,3.000398,10.000360,0.999971,-0.002280,-0.007265,-0.000046
1592805996602894,9.999973,3.000479,10.000312,0.999971,-0.002283,-0.007216,-0.000024
1592805996647857,9.999983,3.000360,10.000368,0.999971,-0.002284,-0.007211,-0.000066
1592805996690400,9.999980,3.000418,10.000383,0.999972,-0.002306,-0.007194,-0.000048
1592805996734688,9.999972,3.000195,10.000314,0.999972,-0.002307,-0.007191,-0.000067
1592805996778102,9.999990,3.000269,10.000372,0.999972,-0.002321,-0.007188,-0.000092
1592805996821655,10.000064,3.000481,10.000670,0.999971,-0.002306,-0.007209,-0.000094
1592805996864738,10.000010,3.000523,10.000351,0.999972,-0.002323,-0.007191,-0.000088
1592805996914332,9.999981,3.000369,10.000330,0.999972,-0.002346,-0.007186,-0.000059
1592805996958428,9.999960,3.000482,10.000367,0.999971,-0.002336,-0.007227,-0.000069
1592805997008662,9.999990,3.000205,10.000328,0.999971,-0.002327,-0.007250,-0.000035
1592805997059687,10.000006,3.000483,10.000279,0.999971,-0.002322,-0.007282,-0.000057
1592805997110308,9.999966,3.000327,10.000381,0.999971,-0.002316,-0.007276,-0.000074
1592805997154885,9.999970,3.000395,10.000373,0.999971,-0.002326,-0.007286,-0.000078
1592805997200025,9.999979,3.000538,10.000348,0.999971,-0.002334,-0.007259,-0.000026
1592805997244299,9.999990,3.000237,10.000242,0.999971,-0.002314,-0.007255,0.000007
1592805997287888,9.999990,3.000394,10.000381,0.999971,-0.002327,-0.007277,0.000004
1592805997340639,9.999990,3.000208,10.000291,0.999971,-0.002342,-0.007246,-0.000020
1592805997389363,10.000002,3.000392,10.000306,0.999971,-0.002342,-0.007264,-0.000010
1592805997438640,9.999988,3.000231,10.000307,0.999971,-0.002357,-0.007278,-0.000032
1592805997479477,9.999990,3.000306,10.000411,0.999970,-0.002377,-0.007307,-0.000059
1592805997529889,10.000000,3.000441,10.000417,0.999971,-0.002347,-0.007296,-0.000079
1592805997572418,9.999987,3.000180,10.000330,0.999970,-0.002353,-0.007321,-0.000084
1592805997615606,10.000009,3.000284,10.000325,0.999971,-0.002366,-0.007303,-0.000074
1592805997659356,10.000009,3.000433,10.000397,0.999971,-0.002365,-0.007300,-0.000093
1592805997710230,9.999978,3.000233,10.000338,0.999971,-0.002350,-0.007277,-0.000081
1592805997754714,10.000000,3.000352,10.000316,0.999971,-0.002354,-0.007291,-0.000059
1592805997794880,10.000002,3.000494,10.000353,0.999971,-0.002330,-0.007300,-0.000080
1592805997832230,9.999982,3.000524,10.000335,0.999970,-0.002326,-0.007325,-0.000073
1592805997870718,9.999995,3.000149,10.000365,0.999971,-0.002318,-0.007320,-0.000075
1592805997907524,9.999987,3.000188,10.000394,0.999971,-0.002287,-0.007318,-0.000071
1592805997944633,10.000017,3.000214,10.000355,0.999971,-0.002281,-0.007310,-0.000071
1592805997981012,10.000028,3.000279,10.000286,0.999971,-0.002295,-0.007302,-0.000025
1592805998020152,10.000294,3.000288,10.000297,0.999971,-0.002259,-0.007294,-0.000014
1592805998063520,9.999947,3.000560,10.000222,0.999971,-0.002278,-0.007320,-0.000044
1592805998103451,9.999984,3.000209,10.000338,0.999971,-0.002292,-0.007299,-0.000033
1592805998141915,9.999995,3.000208,10.000339,0.999971,-0.002295,-0.007320,-0.000034
1592805998180226,9.999995,3.000208,10.000316,0.999971,-0.002284,-0.007310,-0.000037
1592805998219138,9.999985,3.000339,10.000241,0.999971,-0.002293,-0.007274,-0.000044
1592805998258255,10.000006,3.000450,10.000354,0.999971,-0.002268,-0.007302,-0.000064
1592805998298492,9.999990,3.000624,10.000343,0.999971,-0.002267,-0.007297,-0.000074
1592805998335483,9.999972,3.000149,10.000359,0.999971,-0.002275,-0.007258,-0.000075
1592805998372836,9.999991,3.000238,10.000276,0.999971,-0.002265,-0.007244,-0.000086
1592805998409342,10.000012,3.000230,10.000248,0.999971,-0.002296,-0.007210,-0.000077
1592805998446051,10.000022,3.000281,10.000291,0.999971,-0.002305,-0.007217,-0.000050
1592805998481877,10.000007,3.000330,10.000347,0.999971,-0.002312,-0.007216,-0.000043
1592805998518562,10.000010,3.000441,10.000769,0.999971,-0.002325,-0.007239,-0.000077
1592805998556500,9.999995,3.000300,10.000318,0.999971,-0.002319,-0.007223,-0.000092
1592805998598750,10.000021,3.000508,10.000254,0.999971,-0.002306,-0.007238,-0.000095
1592805998645539,10.000000,3.000251,10.000296,0.999971,-0.002291,-0.007267,-0.000103
1592805998686007,10.000004,3.000338,10.000249,0.999971,-0.002292,-0.007258,-0.000118
1592805998723669,9.999981,3.000397,10.000474,0.999971,-0.002305,-0.007301,-0.000120
1592805998766339,10.000004,3.000483,10.000330,0.999971,-0.002314,-0.007293,-0.000094
1592805998807466,9.999997,3.000262,10.000353,0.999971,-0.002307,-0.007279,-0.000083
1592805998844856,10.000001,3.000261,10.000340,0.999971,-0.002319,-0.007276,-0.000104
1592805998882793,10.000003,3.000335,10.000371,0.999971,-0.002328,-0.007298,-0.000094
1592805998919801,10.000000,3.000211,10.000405,0.999971,-0.002306,-0.007301,-0.000108
1592805998956837,10.000003,3.000323,10.000312,0.999971,-0.002318,-0.007286,-0.000101
1592805998992495,9.999995,3.000432,10.000400,0.999971,-0.002325,-0.007308,-0.000096
1592805999032157,9.999983,3.000508,10.000398,0.999970,-0.002330,-0.007331,-0.000128
1592805999075227,10.000002,3.000217,10.000399,0.999971,-0.002310,-0.007300,-0.000074
1592805999114386,9.999992,3.000241,10.000372,0.999971,-0.002326,-0.007315,-0.000076
1592805999152157,9.999986,3.000316,10.000321,0.999971,-0.002302,-0.007292,-0.000076
1592805999191544,9.999991,3.000381,10.000351,0.999971,-0.002274,-0.007302,-0.000088
1592805999233747,10.000034,3.000564,10.000301,0.999971,-0.002269,-0.007279,-0.000097
1592805999276361,10.000010,3.000208,10.000327,0.999971,-0.002306,-0.007266,-0.000096
1592805999313714,10.000008,3.000181,10.000250,0.999971,-0.002309,-0.007261,-0.000070
1592805999351429,9.999994,3.000348,10.000388,0.999971,-0.002307,-0.007287,-0.000074
1592805999388412,9.999997,3.000413,10.000338,0.999971,-0.002302,-0.007276,-0.000054
1592805999426480,10.000008,3.000381,10.000288,0.999971,-0.002292,-0.007279,-0.000061
1592805999465732,10.000026,3.000415,10.000271,0.999971,-0.002289,-0.007253,-0.000042
1592805999503838,9.999988,3.000196,10.000372,0.999971,-0.002321,-0.007221,-0.000039
1592805999539430,9.999990,3.000211,10.000326,0.999971,-0.002311,-0.007203,-0.000038
1592805999578384,9.999986,3.000174,10.000349,0.999971,-0.002306,-0.007204,-0.000045
1592805999615074,9.999969,3.000233,10.000304,0.999971,-0.002309,-0.007213,-0.000036
1592805999652926,10.000019,3.000330,10.000210,0.999971,-0.002316,-0.007232,-0.000051
1592805999688800,10.000037,3.000423,10.000354,0.999971,-0.002332,-0.007221,-0.000061
1592805999725415,10.000027,3.000336,10.000302,0.999971,-0.002325,-0.007230,-0.000086
1592805999761865,9.999969,3.000478,10.000332,0.999971,-0.002316,-0.007239,-0.000072
1592805999798863,10.000010,3.000436,10.000386,0.999971,-0.002337,-0.007254,-0.000068
1592805999836244,10.000002,3.000159,10.000329,0.999971,-0.002328,-0.007231,-0.000064
1592805999872717,10.000000,3.000216,10.000381,0.999971,-0.002327,-0.007246,-0.000065
1592805999909112,9.999991,3.000179,10.000316,0.999971,-0.002342,-0.007222,-0.000070
1592805999946006,10.000002,3.000309,10.000404,0.999971,-0.002323,-0.007211,-0.000079
1592805999982858,10.000008,3.000348,10.000366,0.999971,-0.002299,-0.007244,-0.000078
1592806000020583,10.000005,3.000383,10.000361,0.999971,-0.002286,-0.007265,-0.000081
1592806000059662,9.999981,3.000353,10.000480,0.999971,-0.002310,-0.007263,-0.000075
1592806000100902,9.999996,3.000164,10.000406,0.999971,-0.002308,-0.007287,-0.000062
1592806000140809,9.999998,3.000193,10.000327,0.999971,-0.002295,-0.007272,-0.000068
1592806000179603,9.999987,3.000175,10.000346,0.999971,-0.002343,-0.007262,-0.000091
1592806000217448,10.000005,3.000314,10.000344,0.999971,-0.002344,-0.007229,-0.000055
1592806000258465,10.000297,3.000337,10.000251,0.999971,-0.002321,-0.007211,-0.000068
1592806000300891,9.999959,3.000250,10.000668,0.999971,-0.002352,-0.007236,-0.000082
1592806000341999,9.999958,3.000312,10.000469,0.999971,-0.002335,-0.007241,-0.000051
1592806000377799,9.999990,3.000211,10.000249,0.999971,-0.002333,-0.007196,-0.000070
1592806000414540,10.000034,3.000192,10.000202,0.999972,-0.002345,-0.007179,-0.000073
1592806000452101,10.000012,3.000345,10.000270,0.999971,-0.002340,-0.007212,-0.000065
1592806000492421,10.000275,3.000378,10.000221,0.999971,-0.002339,-0.007198,-0.000086
1592806000529184,9.999903,3.000376,10.000393,0.999971,-0.002357,-0.007196,-0.000086
1592806000564747,9.999907,3.000424,10.000342,0.999972,-0.002350,-0.007177,-0.000078
1592806000600824,9.999999,3.000221,10.000685,0.999971,-0.002364,-0.007183,-0.000057
1592806000637356,9.999974,3.000172,10.000360,0.999972,-0.002379,-0.007170,-0.000053
1592806000674195,9.999976,3.000157,10.000249,0.999971,-0.002363,-0.007204,-0.000049
1592806000711536,9.999994,3.000131,10.000263,0.999971,-0.002383,-0.007204,-0.000055
1592806000747897,10.000021,3.000215,10.000281,0.999971,-0.002336,-0.007224,-0.000062
1592806000784946,10.000024,3.000365,10.000677,0.999971,-0.002320,-0.007256,-0.000109
1592806000822444,9.999938,3.000317,10.000370,0.999971,-0.002352,-0.007221,-0.000117
1592806000859737,9.999965,3.000499,10.000409,0.999971,-0.002354,-0.007256,-0.000113
1592806000894883,9.999969,3.000441,10.000308,0.999971,-0.002357,-0.007231,-0.000077
1592806000930376,9.999972,3.000425,10.000285,0.999971,-0.002369,-0.007228,-0.000104
1592806000965215,9.999978,3.000393,10.000332,0.999971,-0.002389,-0.007230,-0.000124
1592806001002102,10.000002,3.000138,10.000358,0.999971,-0.002377,-0.007207,-0.000096
1592806001041789,10.000010,3.000224,10.000269,0.999972,-0.002361,-0.007167,-0.000083
1592806001081974,10.000021,3.000246,10.000320,0.999972,-0.002358,-0.007180,-0.000073
1592806001121994,9.999995,3.000350,10.000373,0.999971,-0.002380,-0.007180,-0.000084
1592806001159612,10.000031,3.000420,10.000333,0.999971,-0.002370,-0.007180,-0.000062
1592806001197189,10.000004,3.000390,10.000313,0.999972,-0.002362,-0.007173,-0.000076
1592806001236513,9.999994,3.000198,10.000263,0.999972,-0.002339,-0.007166,-0.000041
1592806001283116,9.999991,3.000290,10.000334,0.999972,-0.002335,-0.007147,-0.000030
1592806001323690,10.000008,3.000403,10.000289,0.999972,-0.002347,-0.007158,-0.000018
1592806001361156,9.999950,3.000409,10.000319,0.999972,-0.002331,-0.007171,-0.000030
1592806001400508,9.999988,3.000083,10.000276,0.999972,-0.002347,-0.007162,-0.000056
1592806001438670,10.000009,3.000167,10.000293,0.999972,-0.002332,-0.007176,-0.000063
1592806001477213,10.000007,3.000238,10.000394,0.999972,-0.002330,-0.007186,-0.000043
1592806001517575,10.000043,3.000258,10.000240,0.999971,-0.002342,-0.007195,-0.000049
1592806001555469,10.000037,3.000307,10.000297,0.999972,-0.002331,-0.007184,-0.000052
1592806001594070,10.000018,3.000389,10.000299,0.999971,-0.002354,-0.007185,-0.000077
1592806001635426,9.999988,3.000148,10.000310,0.999972,-0.002354,-0.007177,-0.000070
1592806001674088,9.999988,3.000166,10.000342,0.999972,-0.002372,-0.007177,-0.000069
1592806001711068,10.000004,3.000215,10.000360,0.999971,-0.002380,-0.007187,-0.000044
1592806001748990,9.999987,3.000260,10.000338,0.999971,-0.002393,-0.007172,-0.000054
1592806001787020,10.000016,3.000266,10.000296,0.999971,-0.002381,-0.007187,-0.000043
1592806001826557,9.999992,3.000279,10.000332,0.999971,-0.002374,-0.007209,-0.000058
1592806001866943,9.999990,3.000356,10.000251,0.999971,-0.002377,-0.007198,-0.000038
1592806001905617,10.000000,3.000139,10.000278,0.999972,-0.002360,-0.007176,-0.000034
1592806001941367,9.999965,3.000181,10.000373,0.999971,-0.002390,-0.007183,-0.000043
1592806001980817,9.999990,3.000278,10.000411,0.999971,-0.002362,-0.007195,-0.000054
1592806002021956,9.999986,3.000358,10.000366,0.999972,-0.002365,-0.007164,-0.000056
1592806002064447,9.999983,3.000437,10.000272,0.999972,-0.002370,-0.007154,-0.000045
1592806002108329,9.999994,3.000206,10.000340,0.999972,-0.002341,-0.007139,-0.000051
1592806002148839,10.000006,3.000388,10.000331,0.999972,-0.002377,-0.007134,-0.000039
1592806002185506,10.000010,3.000285,10.000364,0.999972,-0.002356,-0.007136,-0.000035
1592806002223620,9.999983,3.000355,10.000314,0.999972,-0.002364,-0.007159,-0.000039
1592806002262577,9.999982,3.000403,10.000329,0.999972,-0.002365,-0.007173,-0.000068
1592806002306326,9.999991,3.000152,10.000311,0.999972,-0.002381,-0.007167,-0.000058
1592806002344782,9.999984,3.000195,10.000367,0.999971,-0.002363,-0.007184,-0.000057
1592806002383831,9.999995,3.000287,10.000333,0.999971,-0.002366,-0.007205,-0.000046
1592806002422527,10.000002,3.000327,10.000325,0.999971,-0.002369,-0.007203,-0.000049
1592806002461907,10.000004,3.000340,10.000383,0.999972,-0.002380,-0.007161,-0.000043
1592806002500681,9.999993,3.000145,10.000307,0.999972,-0.002340,-0.007162,-0.000061
1592806002540132,9.999979,3.000134,10.000387,0.999972,-0.002346,-0.007159,-0.000048
1592806002577065,10.000005,3.000232,10.000341,0.999972,-0.002344,-0.007180,-0.000073
1592806002613462,10.000008,3.000288,10.000374,0.999972,-0.002329,-0.007182,-0.000080
1592806002653090,9.999996,3.000327,10.000430,0.999971,-0.002342,-0.007191,-0.000112
1592806002690844,10.000008,3.000340,10.000332,0.999971,-0.002354,-0.007218,-0.000106
1592806002731420,9.999998,3.000416,10.000306,0.999971,-0.002336,-0.007220,-0.000095
1592806002772308,10.000008,3.000107,10.000361,0.999971,-0.002342,-0.007191,-0.000089
1592806002809133,9.999998,3.000208,10.000327,0.999971,-0.002340,-0.007201,-0.000077
1592806002844376,10.000019,3.000165,10.000253,0.999971,-0.002326,-0.007200,-0.000074
1592806002879751,10.000254,3.000309,10.000683,0.999971,-0.002302,-0.007226,-0.000066
1592806002914754,9.999915,3.000280,10.000381,0.999971,-0.002311,-0.007203,-0.000053
1592806002954337,9.999907,3.000315,10.000324,0.999971,-0.002316,-0.007215,-0.000055
1592806002992703,9.999990,3.000396,10.000323,0.999971,-0.002316,-0.007235,-0.000043
1592806003040585,9.999990,3.000131,10.000278,0.999971,-0.002318,-0.007234,-0.000082
1592806003083092,10.000006,3.000324,10.000341,0.999971,-0.002321,-0.007240,-0.000097
1592806003121875,10.000023,3.000299,10.000301,0.999971,-0.002327,-0.007202,-0.000098
1592806003160758,10.000021,3.000504,10.000733,0.999971,-0.002303,-0.007228,-0.000086
1592806003200558,9.999993,3.000421,10.000319,0.999971,-0.002294,-0.007210,-0.000060
1592806003239599,10.000011,3.000190,10.000315,0.999971,-0.002311,-0.007209,-0.000081
1592806003278079,10.000008,3.000291,10.000342,0.999971,-0.002302,-0.007213,-0.000095
1592806003315679,10.000010,3.000262,10.000335,0.999971,-0.002315,-0.007216,-0.000090
1592806003353041,10.000012,3.000367,10.000248,0.999971,-0.002317,-0.007247,-0.000100
1592806003391359,10.000009,3.000467,10.000781,0.999971,-0.002328,-0.007271,-0.000099
1592806003429898,9.999958,3.000445,10.000367,0.999971,-0.002336,-0.007253,-0.000083
1592806003466982,10.000012,3.000122,10.000268,0.999971,-0.002338,-0.007252,-0.000076
1592806003504814,10.000014,3.000170,10.000273,0.999971,-0.002332,-0.007264,-0.000077
1592806003541420,9.999989,3.000195,10.000289,0.999971,-0.002337,-0.007277,-0.000066
1592806003578283,9.999985,3.000211,10.000286,0.999971,-0.002362,-0.007269,-0.000045
1592806003615743,9.999990,3.000230,10.000403,0.999971,-0.002366,-0.007279,-0.000048
1592806003651297,9.999992,3.000250,10.000327,0.999971,-0.002361,-0.007272,-0.000062
1592806003687994,9.999999,3.000309,10.000353,0.999971,-0.002341,-0.007246,-0.000053
1592806003724800,10.000017,3.000331,10.000226,0.999971,-0.002342,-0.007244,-0.000078
1592806003763270,10.000037,3.000477,10.000639,0.999971,-0.002334,-0.007257,-0.000101
1592806003802424,10.000021,3.000149,10.000296,0.999971,-0.002322,-0.007249,-0.000095
1592806003840490,10.000016,3.000145,10.000310,0.999971,-0.002319,-0.007258,-0.000109
1592806003879302,10.000010,3.000198,10.000381,0.999971,-0.002312,-0.007259,-0.000107
1592806003918871,10.000036,3.000325,10.000360,0.999971,-0.002316,-0.007256,-0.000087
1592806003956092,10.000028,3.000282,10.000343,0.999971,-0.002297,-0.007237,-0.000069
1592806003992067,9.999977,3.000324,10.000318,0.999971,-0.002339,-0.007216,-0.000055
1592806004031602,9.999981,3.000462,10.000372,0.999971,-0.002346,-0.007193,-0.000046
1592806004072372,10.000005,3.000183,10.000340,0.999972,-0.002341,-0.007182,-0.000050
1592806004112606,9.999990,3.000228,10.000320,0.999971,-0.002341,-0.007201,-0.000047
1592806004151770,10.000020,3.000247,10.000284,0.999971,-0.002344,-0.007193,-0.000038
1592806004189845,10.000003,3.000490,10.000769,0.999971,-0.002338,-0.007194,-0.000059
1592806004228710,9.999944,3.000357,10.000412,0.999972,-0.002350,-0.007178,-0.000098
1592806004273928,10.000010,3.000187,10.000323,0.999971,-0.002363,-0.007190,-0.000088
1592806004313954,10.000029,3.000252,10.000283,0.999971,-0.002348,-0.007199,-0.000098
1592806004355664,9.999982,3.000274,10.000252,0.999971,-0.002346,-0.007206,-0.000095
1592806004396341,9.999995,3.000389,10.000319,0.999971,-0.002345,-0.007196,-0.000092
1592806004436862,9.999990,3.000178,10.000386,0.999971,-0.002347,-0.007200,-0.000079
1592806004477483,9.999987,3.000206,10.000372,0.999971,-0.002344,-0.007216,-0.000079
1592806004517761,9.999991,3.000252,10.000330,0.999971,-0.002332,-0.007190,-0.000077
1592806004558559,9.999996,3.000357,10.000381,0.999971,-0.002342,-0.007194,-0.000077
1592806004599794,10.000007,3.000368,10.000362,0.999971,-0.002335,-0.007186,-0.000062
1592806004641083,10.000010,3.000191,10.000303,0.999972,-0.002351,-0.007169,-0.000075
1592806004687622,10.000015,3.000301,10.000347,0.999972,-0.002367,-0.007141,-0.000070
1592806004730959,9.999989,3.000106,10.000303,0.999972,-0.002367,-0.007152,-0.000044
1592806004780828,9.999927,3.000308,10.000349,0.999972,-0.002360,-0.007182,-0.000041
1592806004823801,9.999982,3.000319,10.000343,0.999971,-0.002369,-0.007174,-0.000021
1592806004865284,9.999998,3.000408,10.000373,0.999971,-0.002342,-0.007192,-0.000040
1592806004905747,9.999998,3.000186,10.000381,0.999972,-0.002359,-0.007176,-0.000018
1592806004949764,9.999992,3.000287,10.000346,0.999972,-0.002375,-0.007168,-0.000026
1592806004992484,9.999994,3.000335,10.000353,0.999972,-0.002357,-0.007153,-0.000044
1592806005035151,10.000001,3.000129,10.000247,0.999972,-0.002376,-0.007135,-0.000038
1592806005077570,9.999989,3.000295,10.000653,0.999972,-0.002364,-0.007126,-0.000047
1592806005123174,9.999982,3.000234,10.000353,0.999972,-0.002364,-0.007104,-0.000025
1592806005169675,9.999959,3.000148,10.000360,0.999972,-0.002369,-0.007128,-0.000013
1592806005214205,9.999991,3.000191,10.000261,0.999972,-0.002377,-0.007125,-0.000051
1592806005258682,10.000025,3.000283,10.000212,0.999972,-0.002374,-0.007120,-0.000046
1592806005304459,10.000005,3.000129,10.000300,0.999972,-0.002373,-0.007125,-0.000044
1592806005350087,9.999992,3.000264,10.000352,0.999972,-0.002376,-0.007130,-0.000046
1592806005395273,9.999996,3.000358,10.000354,0.999972,-0.002407,-0.007128,-0.000045
1592806005440205,10.000009,3.000183,10.000348,0.999972,-0.002403,-0.007163,-0.000058
1592806005483998,9.999970,3.000255,10.000437,0.999971,-0.002409,-0.007174,-0.000037
1592806005529705,9.999989,3.000275,10.000322,0.999971,-0.002381,-0.007183,-0.000083
1592806005573884,9.999977,3.000113,10.000304,0.999971,-0.002377,-0.007172,-0.000102
1592806005618873,9.999989,3.000234,10.000309,0.999972,-0.002368,-0.007168,-0.000095
1592806005662539,9.999997,3.000310,10.000421,0.999972,-0.002354,-0.007151,-0.000087
1592806005707217,9.999987,3.000167,10.000362,0.999972,-0.002371,-0.007122,-0.000076
1592806005753101,10.000005,3.000365,10.000725,0.999972,-0.002393,-0.007149,-0.000072
1592806005796038,9.999984,3.000386,10.000416,0.999972,-0.002384,-0.007142,-0.000039
1592806005839633,10.000013,3.000250,10.000635,0.999972,-0.002374,-0.007128,-0.000068
1592806005885022,9.999994,3.000317,10.000412,0.999972,-0.002401,-0.007115,-0.000052
1592806005926817,9.999994,3.000319,10.000266,0.999972,-0.002399,-0.007099,-0.000048
1592806005970097,10.000026,3.000115,10.000247,0.999972,-0.002407,-0.007110,-0.000070
1592806006012966,10.000027,3.000164,10.000297,0.999972,-0.002400,-0.007116,-0.000074
1592806006055411,10.000012,3.000251,10.000315,0.999972,-0.002392,-0.007131,-0.000084
1592806006099251,10.000020,3.000120,10.000295,0.999972,-0.002376,-0.007130,-0.000069
1592806006141706,10.000011,3.000187,10.000336,0.999972,-0.002370,-0.007143,-0.000075
1592806006187733,10.000010,3.000252,10.000351,0.999972,-0.002366,-0.007136,-0.000073
1592806006231453,10.000000,3.000336,10.000216,0.999972,-0.002385,-0.007111,-0.000042
1592806006275270,9.999999,3.000146,10.000267,0.999972,-0.002392,-0.007104,-0.000040
1592806006319003,9.999987,3.000293,10.000290,0.999972,-0.002389,-0.007087,-0.000026
1592806006362326,9.999974,3.000395,10.000372,0.999972,-0.002390,-0.007097,-0.000020
1592806006407438,9.999972,3.000191,10.000309,0.999972,-0.002369,-0.007110,-0.000061
1592806006454193,9.999946,3.000309,10.000352,0.999972,-0.002378,-0.007099,-0.000063
1592806006497832,9.999973,3.000380,10.000307,0.999972,-0.002348,-0.007105,-0.000079
1592806006541620,9.999983,3.000216,10.000372,0.999972,-0.002360,-0.007140,-0.000056
1592806006584717,10.000009,3.000252,10.000307,0.999972,-0.002350,-0.007112,-0.000067
1592806006629802,10.000009,3.000357,10.000316,0.999972,-0.002372,-0.007139,-0.000091
1592806006673217,9.999994,3.000265,10.000359,0.999972,-0.002340,-0.007123,-0.000119
1592806006716728,10.000000,3.000252,10.000404,0.999972,-0.002348,-0.007130,-0.000130
1592806006760324,10.000027,3.000346,10.000375,0.999972,-0.002341,-0.007124,-0.000124
1592806006803077,10.000012,3.000173,10.000267,0.999972,-0.002369,-0.007118,-0.000082
1592806006847950,10.000016,3.000255,10.000330,0.999972,-0.002396,-0.007141,-0.000079
1592806006891038,10.000005,3.000296,10.000339,0.999972,-0.002393,-0.007162,-0.000046
1592806006933877,9.999995,3.000137,10.000279,0.999972,-0.002393,-0.007160,-0.000044
1592806006976825,9.999992,3.000163,10.000322,0.999972,-0.002410,-0.007153,-0.000045
1592806007019826,9.999981,3.000271,10.000398,0.999972,-0.002410,-0.007149,-0.000051
1592806007063286,9.999974,3.000360,10.000321,0.999972,-0.002424,-0.007154,-0.000024
1592806007106107,9.999969,3.000128,10.000334,0.999971,-0.002423,-0.007170,-0.000040
1592806007147925,9.999978,3.000280,10.000382,0.999972,-0.002415,-0.007156,-0.000039
1592806007190439,10.000010,3.000225,10.000243,0.999971,-0.002400,-0.007164,-0.000025
1592806007232641,9.999996,3.000219,10.000667,0.999971,-0.002387,-0.007194,-0.000014
1592806007272944,9.999986,3.000164,10.000371,0.999971,-0.002377,-0.007174,-0.000015
1592806007313431,10.000011,3.000203,10.000176,0.999972,-0.002377,-0.007158,-0.000027
1592806007354019,10.000016,3.000221,10.000247,0.999972,-0.002383,-0.007154,-0.000050
1592806007395107,10.000000,3.000352,10.000302,0.999972,-0.002393,-0.007151,-0.000052
1592806007435701,10.000001,3.000180,10.000308,0.999972,-0.002400,-0.007155,-0.000045
1592806007477219,9.999968,3.000164,10.000400,0.999972,-0.002397,-0.007153,-0.000056
1592806007517145,9.999990,3.000231,10.000356,0.999972,-0.002395,-0.007134,-0.000082
1592806007556487,10.000011,3.000270,10.000400,0.999972,-0.002374,-0.007135,-0.000088
1592806007595253,10.000029,3.000326,10.000320,0.999972,-0.002376,-0.007131,-0.000070
1592806007634310,10.000246,3.000187,10.000663,0.999972,-0.002362,-0.007128,-0.000068
1592806007675437,9.999941,3.000195,10.000310,0.999972,-0.002377,-0.007139,-0.000066
1592806007715488,9.999914,3.000222,10.000314,0.999972,-0.002376,-0.007161,-0.000070
1592806007754890,9.999979,3.000238,10.000267,0.999972,-0.002378,-0.007167,-0.000050
1592806007794205,10.000067,3.000481,10.000572,0.999971,-0.002373,-0.007207,-0.000067
1592806007833824,10.000010,3.000137,10.000278,0.999972,-0.002394,-0.007147,-0.000059
1592806007872929,10.000013,3.000122,10.000223,0.999971,-0.002379,-0.007196,-0.000081
1592806007911315,10.000001,3.000274,10.000672,0.999971,-0.002378,-0.007187,-0.000078
1592806007949064,9.999976,3.000195,10.000305,0.999972,-0.002407,-0.007160,-0.000075
1592806007987144,10.000007,3.000191,10.000175,0.999972,-0.002395,-0.007143,-0.000036
1592806008026715,10.000053,3.000261,10.000208,0.999972,-0.002394,-0.007129,-0.000038
1592806008066508,10.000026,3.000138,10.000333,0.999972,-0.002401,-0.007122,-0.000075
1592806008106803,10.000010,3.000150,10.000400,0.999972,-0.002394,-0.007099,-0.000068
1592806008145547,9.999996,3.000138,10.000291,0.999972,-0.002417,-0.007076,-0.000065
1592806008184740,9.999992,3.000239,10.000278,0.999972,-0.002407,-0.007060,-0.000075
1592806008225851,9.999990,3.000323,10.000367,0.999972,-0.002428,-0.007072,-0.000098
1592806008266438,10.000011,3.000113,10.000340,0.999972,-0.002380,-0.007081,-0.000112
1592806008307008,10.000005,3.000105,10.000355,0.999972,-0.002412,-0.007081,-0.000113
1592806008346740,10.000015,3.000214,10.000279,0.999972,-0.002414,-0.007080,-0.000109
1592806008387072,10.000004,3.000260,10.000335,0.999972,-0.002390,-0.007094,-0.000104
1592806008427559,10.000003,3.000401,10.000345,0.999972,-0.002357,-0.007115,-0.000094
1592806008468962,10.000012,3.000110,10.000313,0.999972,-0.002349,-0.007097,-0.000066
1592806008510662,9.999982,3.000185,10.000382,0.999972,-0.002346,-0.007113,-0.000052
1592806008550701,9.999987,3.000208,10.000253,0.999972,-0.002344,-0.007145,-0.000074
1592806008591563,9.999982,3.000309,10.000358,0.999972,-0.002345,-0.007163,-0.000035
1592806008631813,9.999997,3.000107,10.000349,0.999972,-0.002347,-0.007151,-0.000066
1592806008672427,10.000010,3.000156,10.000351,0.999972,-0.002362,-0.007155,-0.000037
1592806008722513,9.999992,3.000304,10.000340,0.999972,-0.002366,-0.007153,-0.000014
1592806008764303,9.999969,3.000362,10.000306,0.999972,-0.002386,-0.007140,-0.000011
1592806008811417,10.000007,3.000252,10.000283,0.999972,-0.002384,-0.007126,-0.000040
1592806008855268,10.000012,3.000304,10.000248,0.999972,-0.002391,-0.007101,-0.000032
1592806008896959,9.999985,3.000105,10.000334,0.999972,-0.002388,-0.007101,-0.000030
1592806008942206,9.999977,3.000176,10.000280,0.999972,-0.002388,-0.007115,-0.000059
1592806008989050,9.999994,3.000184,10.000298,0.999972,-0.002370,-0.007101,-0.000071
1592806009031761,9.999991,3.000084,10.000338,0.999972,-0.002402,-0.007091,-0.000081
1592806009078497,10.000006,3.000197,10.000268,0.999972,-0.002380,-0.007100,-0.000099
1592806009126396,10.000029,3.000275,10.000250,0.999972,-0.002370,-0.007116,-0.000071
1592806009170451,9.999995,3.000183,10.000356,0.999972,-0.002352,-0.007147,-0.000058
1592806009219710,9.999981,3.000263,10.000335,0.999972,-0.002377,-0.007137,-0.000079
1592806009261145,10.000019,3.000353,10.000313,0.999972,-0.002340,-0.007162,-0.000088
1592806009301504,10.000017,3.000128,10.000322,0.999972,-0.002352,-0.007148,-0.000061
1592806009342147,9.999993,3.000204,10.000403,0.999972,-0.002335,-0.007178,-0.000080
1592806009381386,9.999994,3.000244,10.000377,0.999972,-0.002374,-0.007175,-0.000043
1592806009421216,9.999995,3.000231,10.000342,0.999971,-0.002357,-0.007194,-0.000055
1592806009462731,9.999990,3.000293,10.000319,0.999972,-0.002363,-0.007169,-0.000052
1592806009503171,9.999999,3.000120,10.000219,0.999972,-0.002363,-0.007140,-0.000054
1592806009543745,9.999997,3.000132,10.000270,0.999972,-0.002364,-0.007137,-0.000024
1592806009584092,9.999991,3.000264,10.000321,0.999972,-0.002373,-0.007114,-0.000020
1592806009624255,9.999994,3.000240,10.000369,0.999972,-0.002371,-0.007116,-0.000022
1592806009663320,9.999975,3.000353,10.000276,0.999972,-0.002370,-0.007129,-0.000034
1592806009702473,10.000001,3.000103,10.000269,0.999972,-0.002377,-0.007088,-0.000059
1592806009743078,9.999995,3.000196,10.000336,0.999972,-0.002365,-0.007095,-0.000073
1592806009782116,10.000020,3.000211,10.000272,0.999972,-0.002406,-0.007067,-0.000098
1592806009822176,10.000027,3.000282,10.000380,0.999972,-0.002403,-0.007066,-0.000077
1592806009864195,10.000018,3.000315,10.000208,0.999972,-0.002414,-0.007071,-0.000058
1592806009909972,9.999992,3.000138,10.000257,0.999972,-0.002428,-0.007060,-0.000036
1592806009953424,10.000012,3.000257,10.000322,0.999972,-0.002451,-0.007073,-0.000048
1592806009993041,9.999985,3.000277,10.000341,0.999972,-0.002454,-0.007117,-0.000074
1592806010033266,9.999990,3.000364,10.000394,0.999972,-0.002460,-0.007143,-0.000069
1592806010072585,10.000007,3.000139,10.000298,0.999971,-0.002448,-0.007168,-0.000081
1592806010112291,9.999997,3.000139,10.000361,0.999971,-0.002445,-0.007180,-0.000071
1592806010152651,10.000015,3.000233,10.000367,0.999971,-0.002439,-0.007193,-0.000053
1592806010193750,10.000036,3.000433,10.000773,0.999971,-0.002425,-0.007185,-0.000057
1592806010235273,10.000026,3.000103,10.000197,0.999971,-0.002395,-0.007185,-0.000039
1592806010285159,10.000029,3.000217,10.000244,0.999972,-0.002379,-0.007164,-0.000042
1592806010331187,9.999995,3.000126,10.000389,0.999972,-0.002374,-0.007149,-0.000032
1592806010379019,10.000001,3.000254,10.000401,0.999972,-0.002373,-0.007167,-0.000050
1592806010424573,10.000032,3.000224,10.000220,0.999972,-0.002433,-0.007140,-0.000042
1592806010464900,9.999995,3.000090,10.000310,0.999972,-0.002420,-0.007121,-0.000055
1592806010505138,9.999979,3.000130,10.000320,0.999972,-0.002418,-0.007113,-0.000082
1592806010545162,10.000011,3.000185,10.000342,0.999972,-0.002411,-0.007134,-0.000052
1592806010584272,10.000029,3.000224,10.000281,0.999972,-0.002417,-0.007109,-0.000051
1592806010623850,10.000013,3.000202,10.000232,0.999972,-0.002415,-0.007139,-0.000084
1592806010663728,9.999999,3.000080,10.000278,0.999972,-0.002428,-0.007112,-0.000082
1592806010703137,9.999998,3.000088,10.000302,0.999972,-0.002399,-0.007094,-0.000090
1592806010743247,9.999986,3.000202,10.000441,0.999972,-0.002398,-0.007133,-0.000104
1592806010782696,9.999986,3.000201,10.000325,0.999972,-0.002409,-0.007101,-0.000087
1592806010822323,9.999982,3.000317,10.000466,0.999972,-0.002390,-0.007080,-0.000066
1592806010862440,10.000012,3.000247,10.000299,0.999972,-0.002394,-0.007086,-0.000071
1592806010901798,9.999996,3.000130,10.000289,0.999972,-0.002426,-0.007090,-0.000102
1592806010941204,9.999997,3.000139,10.000428,0.999972,-0.002409,-0.007120,-0.000087
1592806010980496,9.999994,3.000197,10.000333,0.999972,-0.002455,-0.007080,-0.000069
1592806011020066,10.000011,3.000242,10.000286,0.999972,-0.002471,-0.007072,-0.000103
1592806011060190,9.999991,3.000256,10.000294,0.999972,-0.002467,-0.007053,-0.000084
1592806011101090,9.999996,3.000066,10.000245,0.999972,-0.002452,-0.007032,-0.000089
1592806011141239,9.999974,3.000200,10.000319,0.999972,-0.002462,-0.007023,-0.000109
1592806011181444,9.999967,3.000162,10.000383,0.999972,-0.002423,-0.007045,-0.000082
1592806011221934,9.999975,3.000259,10.000380,0.999972,-0.002418,-0.007066,-0.000079
1592806011263112,9.999986,3.000239,10.000323,0.999972,-0.002431,-0.007047,-0.000069
1592806011304804,10.000020,3.000127,10.000208,0.999972,-0.002405,-0.007056,-0.000074
1592806011345851,10.000009,3.000215,10.000263,0.999973,-0.002379,-0.007025,-0.000039
1592806011386108,10.000008,3.000200,10.000356,0.999972,-0.002390,-0.007035,-0.000044
1592806011427204,9.999983,3.000330,10.000353,0.999972,-0.002382,-0.007056,-0.000072
1592806011467873,9.999991,3.000092,10.000323,0.999972,-0.002401,-0.007039,-0.000081
1592806011508789,10.000024,3.000153,10.000427,0.999972,-0.002369,-0.007069,-0.000090
1592806011549490,9.999990,3.000260,10.000294,0.999972,-0.002371,-0.007074,-0.000106
1592806011589995,10.000018,3.000245,10.000321,0.999972,-0.002386,-0.007082,-0.000098
1592806011632866,10.000027,3.000125,10.000333,0.999972,-0.002411,-0.007073,-0.000081
1592806011678970,10.000016,3.000108,10.000279,0.999972,-0.002433,-0.007073,-0.000114
1592806011718622,10.000040,3.000243,10.000322,0.999972,-0.002446,-0.007052,-0.000075
1592806011758421,10.000009,3.000197,10.000352,0.999972,-0.002458,-0.007046,-0.000054
1592806011797727,9.999992,3.000107,10.000290,0.999972,-0.002462,-0.007012,-0.000059
1592806011836696,10.000006,3.000128,10.000314,0.999972,-0.002452,-0.007043,-0.000106
1592806011876611,10.000020,3.000170,10.000321,0.999972,-0.002423,-0.007050,-0.000102
1592806011915853,10.000031,3.000231,10.000296,0.999972,-0.002432,-0.007076,-0.000100
1592806011955018,10.000015,3.000353,10.000709,0.999972,-0.002417,-0.007073,-0.000078
1592806011994478,9.999957,3.000271,10.000291,0.999972,-0.002448,-0.007047,-0.000030
1592806012033854,10.000006,3.000090,10.000259,0.999972,-0.002437,-0.007060,-0.000016
1592806012073631,9.999979,3.000112,10.000263,0.999972,-0.002449,-0.007055,-0.000025
1592806012112950,9.999977,3.000075,10.000148,0.999972,-0.002425,-0.007021,-0.000029
1592806012152795,10.000014,3.000289,10.000255,0.999972,-0.002430,-0.007036,-0.000031
1592806012197598,10.000012,3.000077,10.000346,0.999972,-0.002432,-0.007050,-0.000044
1592806012242363,10.000023,3.000147,10.000320,0.999972,-0.002448,-0.007045,-0.000073
1592806012282873,10.000012,3.000297,10.000394,0.999972,-0.002443,-0.007042,-0.000064
1592806012323494,9.999998,3.000304,10.000322,0.999972,-0.002429,-0.007024,-0.000064
1592806012363982,9.999993,3.000080,10.000346,0.999972,-0.002425,-0.007038,-0.000063
1592806012404527,10.000014,3.000141,10.000261,0.999972,-0.002430,-0.007021,-0.000061
1592806012444818,10.000019,3.000118,10.000214,0.999972,-0.002423,-0.007028,-0.000044
1592806012485338,10.000009,3.000245,10.000316,0.999972,-0.002433,-0.007016,-0.000043
1592806012526211,10.000010,3.000351,10.000327,0.999972,-0.002435,-0.007026,-0.000052
1592806012567675,10.000005,3.000096,10.000285,0.999972,-0.002431,-0.007067,-0.000062
1592806012617183,10.000004,3.000181,10.000242,0.999972,-0.002473,-0.007046,-0.000053
1592806012662309,9.999986,3.000108,10.000267,0.999972,-0.002502,-0.007041,-0.000046
1592806012707046,9.999990,3.000126,10.000242,0.999972,-0.002483,-0.007024,-0.000027
1592806012756669,9.999994,3.000256,10.000281,0.999972,-0.002460,-0.007026,-0.000013
1592806012797818,9.999975,3.000093,10.000391,0.999972,-0.002458,-0.007038,-0.000016
1592806012838142,9.999985,3.000122,10.000249,0.999972,-0.002449,-0.007045,-0.000031
1592806012877699,9.999991,3.000158,10.000279,0.999972,-0.002458,-0.007065,-0.000034
1592806012917497,9.999990,3.000196,10.000227,0.999972,-0.002444,-0.007053,-0.000014
1592806012957141,9.999964,3.000179,10.000240,0.999972,-0.002413,-0.007073,-0.000011
1592806012996446,9.999998,3.000120,10.000295,0.999972,-0.002400,-0.007070,-0.000034
1592806013038086,9.999989,3.000118,10.000267,0.999972,-0.002391,-0.007044,-0.000023
1592806013078222,10.000034,3.000260,10.000627,0.999972,-0.002415,-0.007064,-0.000019
1592806013117760,9.999974,3.000260,10.000328,0.999972,-0.002440,-0.007077,-0.000028
1592806013158022,9.999957,3.000221,10.000270,0.999972,-0.002440,-0.007088,-0.000017
1592806013198056,9.999986,3.000097,10.000332,0.999972,-0.002427,-0.007082,-0.000025
1592806013238444,9.999982,3.000095,10.000304,0.999972,-0.002423,-0.007075,-0.000006
1592806013280692,10.000000,3.000166,10.000336,0.999972,-0.002421,-0.007101,-0.000000
1592806013321614,10.000020,3.000261,10.000286,0.999972,-0.002424,-0.007104,-0.000019
1592806013362521,10.000034,3.000276,10.000210,0.999972,-0.002437,-0.007127,-0.000029
1592806013403668,9.999984,3.000115,10.000273,0.999972,-0.002433,-0.007120,-0.000059
1592806013444248,9.999972,3.000132,10.000292,0.999972,-0.002435,-0.007084,-0.000069
1592806013485842,9.999994,3.000297,10.000373,0.999972,-0.002426,-0.007054,-0.000053
1592806013527122,9.999995,3.000402,10.000287,0.999972,-0.002443,-0.007068,-0.000076
1592806013568806,10.000003,3.000091,10.000258,0.999972,-0.002420,-0.007044,-0.000023
1592806013617591,10.000004,3.000250,10.000187,0.999972,-0.002414,-0.007057,-0.000051
1592806013659394,9.999983,3.000383,10.000271,0.999972,-0.002414,-0.007092,-0.000091
1592806013700164,10.000012,3.000151,10.000676,0.999972,-0.002409,-0.007073,-0.000072
1592806013740545,9.999976,3.000169,10.000347,0.999972,-0.002397,-0.007040,-0.000090
1592806013783748,10.000019,3.000175,10.000226,0.999972,-0.002380,-0.007059,-0.000085
1592806013826223,10.000018,3.000266,10.000141,0.999972,-0.002382,-0.007068,-0.000101
1592806013865495,10.000011,3.000148,10.000413,0.999972,-0.002393,-0.007070,-0.000073
1592806013905772,10.000019,3.000176,10.000312,0.999972,-0.002391,-0.007060,-0.000083
1592806013945331,10.000016,3.000218,10.000368,0.999972,-0.002389,-0.007080,-0.000046
1592806013985442,9.999994,3.000297,10.000417,0.999972,-0.002350,-0.007094,-0.000074
1592806014025157,10.000031,3.000265,10.000344,0.999972,-0.002358,-0.007097,-0.000092
1592806014065157,10.000004,3.000166,10.000331,0.999972,-0.002387,-0.007077,-0.000079
1592806014104975,9.999996,3.000199,10.000402,0.999972,-0.002398,-0.007095,-0.000076
1592806014144630,10.000009,3.000165,10.000357,0.999972,-0.002393,-0.007101,-0.000090
1592806014184261,10.000018,3.000201,10.000353,0.999972,-0.002420,-0.007079,-0.000089
1592806014229852,10.000004,3.000072,10.000327,0.999972,-0.002420,-0.007102,-0.000079
1592806014276492,9.999984,3.000144,10.000250,0.999972,-0.002411,-0.007090,-0.000049
1592806014326416,9.999973,3.000225,10.000279,0.999972,-0.002399,-0.007091,-0.000063
1592806014368716,10.000008,3.000120,10.000359,0.999972,-0.002411,-0.007086,-0.000038
1592806014408663,9.999993,3.000173,10.000343,0.999972,-0.002389,-0.007095,-0.000041
1592806014457711,9.999977,3.000155,10.000298,0.999972,-0.002383,-0.007098,-0.000069
1592806014498586,10.000010,3.000044,10.000310,0.999972,-0.002376,-0.007104,-0.000073
1592806014538389,10.000006,3.000133,10.000309,0.999972,-0.002389,-0.007079,-0.000048
1592806014577486,10.000036,3.000064,10.000240,0.999972,-0.002429,-0.007049,-0.000056
1592806014616879,10.000022,3.000162,10.000246,0.999972,-0.002412,-0.007020,-0.000069
1592806014656165,9.999991,3.000242,10.000273,0.999973,-0.002425,-0.007003,-0.000054
1592806014696140,10.000015,3.000087,10.000292,0.999972,-0.002433,-0.007028,-0.000052
1592806014735593,9.999995,3.000157,10.000348,0.999973,-0.002433,-0.007007,-0.000076
1592806014776131,9.999980,3.000226,10.000332,0.999972,-0.002462,-0.007022,-0.000045
1592806014817072,9.999984,3.000247,10.000351,0.999972,-0.002449,-0.007024,-0.000051
1592806014858329,10.000009,3.000226,10.000347,0.999972,-0.002432,-0.007031,-0.000065
1592806014898668,9.999983,3.000079,10.000305,0.999972,-0.002440,-0.007034,-0.000055
1592806014939895,10.000031,3.000099,10.000263,0.999972,-0.002421,-0.007033,-0.000082
1592806014981063,10.000011,3.000136,10.000340,0.999972,-0.002444,-0.007036,-0.000092
1592806015022576,10.000003,3.000189,10.000359,0.999972,-0.002441,-0.007031,-0.000099
1592806015065554,9.999990,3.000078,10.000335,0.999972,-0.002437,-0.007066,-0.000071
1592806015108583,9.999996,3.000101,10.000317,0.999972,-0.002436,-0.007074,-0.000075
1592806015150767,10.000029,3.000148,10.000278,0.999972,-0.002438,-0.007066,-0.000082
1592806015194613,9.999995,3.000041,10.000367,0.999972,-0.002428,-0.007072,-0.000083
1592806015237724,10.000008,3.000113,10.000348,0.999972,-0.002413,-0.007068,-0.000091
1592806015280112,10.000014,3.000194,10.000277,0.999972,-0.002406,-0.007066,-0.000084
1592806015324480,10.000020,3.000247,10.000257,0.999973,-0.002398,-0.007019,-0.000098
1592806015368788,9.999985,3.000064,10.000316,0.999973,-0.002405,-0.007011,-0.000099
1592806015412054,9.999992,3.000215,10.000340,0.999973,-0.002400,-0.007003,-0.000100
1592806015455099,9.999992,3.000308,10.000319,0.999973,-0.002397,-0.006992,-0.000094
1592806015499093,10.000028,3.000188,10.000637,0.999973,-0.002379,-0.007013,-0.000086
1592806015543463,9.999984,3.000228,10.000488,0.999972,-0.002388,-0.007036,-0.000066
1592806015587025,10.000000,3.000255,10.000305,0.999972,-0.002373,-0.007069,-0.000080
1592806015632029,10.000014,3.000279,10.000192,0.999972,-0.002397,-0.007066,-0.000095
1592806015673235,10.000010,3.000100,10.000369,0.999972,-0.002402,-0.007054,-0.000095
1592806015716176,9.999993,3.000180,10.000412,0.999972,-0.002379,-0.007047,-0.000128
1592806015756319,10.000051,3.000351,10.000657,0.999972,-0.002390,-0.007046,-0.000106
1592806015796985,9.999989,3.000250,10.000405,0.999973,-0.002394,-0.007018,-0.000087
1592806015838214,10.000011,3.000119,10.000233,0.999972,-0.002415,-0.007029,-0.000063
1592806015877526,10.000004,3.000170,10.000290,0.999972,-0.002410,-0.007033,-0.000065
1592806015920179,10.000024,3.000225,10.000336,0.999972,-0.002442,-0.007053,-0.000071
1592806015962291,10.000028,3.000216,10.000295,0.999972,-0.002465,-0.007047,-0.000055
1592806016000771,9.999994,3.000096,10.000323,0.999972,-0.002452,-0.007030,-0.000051
1592806016041169,10.000003,3.000135,10.000310,0.999972,-0.002446,-0.007010,-0.000049
1592806016081585,10.000001,3.000302,10.000221,0.999972,-0.002443,-0.007011,-0.000039
1592806016123775,10.000015,3.000285,10.000137,0.999973,-0.002446,-0.007006,-0.000036
1592806016165320,9.999972,3.000066,10.000359,0.999972,-0.002438,-0.007020,-0.000055
1592806016207841,9.999982,3.000161,10.000263,0.999972,-0.002449,-0.007028,-0.000077
1592806016250327,9.999997,3.000196,10.000324,0.999972,-0.002435,-0.007047,-0.000058
1592806016291198,10.000022,3.000183,10.000255,0.999972,-0.002436,-0.007034,-0.000030
1592806016332656,10.000001,3.000076,10.000319,0.999972,-0.002427,-0.007045,-0.000044
1592806016375146,10.000001,3.000133,10.000357,0.999972,-0.002456,-0.007056,-0.000077
1592806016417347,10.000033,3.000225,10.000324,0.999972,-0.002451,-0.007057,-0.000056
1592806016458768,10.000013,3.000257,10.000386,0.999972,-0.002447,-0.007049,-0.000061
1592806016499779,10.000001,3.000101,10.000323,0.999972,-0.002430,-0.007069,-0.000073
1592806016540471,10.000001,3.000129,10.000297,0.999972,-0.002436,-0.007037,-0.000070
1592806016582304,9.999982,3.000237,10.000270,0.999972,-0.002443,-0.007051,-0.000057
1592806016623188,9.999957,3.000243,10.000393,0.999972,-0.002450,-0.007048,-0.000050
1592806016663798,9.999998,3.000062,10.000308,0.999972,-0.002427,-0.007021,-0.000068
1592806016704437,10.000015,3.000110,10.000272,0.999972,-0.002436,-0.007024,-0.000068
1592806016745000,10.000016,3.000133,10.000332,0.999972,-0.002431,-0.007021,-0.000074
1592806016786109,10.000045,3.000287,10.000751,0.999972,-0.002443,-0.007026,-0.000093
1592806016825299,9.999983,3.000254,10.000312,0.999972,-0.002457,-0.007024,-0.000084
1592806016865537,9.999996,3.000307,10.000226,0.999973,-0.002450,-0.007003,-0.000102
1592806016905106,10.000005,3.000074,10.000274,0.999973,-0.002442,-0.007009,-0.000096
1592806016945951,10.000001,3.000188,10.000349,0.999973,-0.002446,-0.007000,-0.000085
1592806016988514,10.000019,3.000226,10.000287,0.999972,-0.002439,-0.007009,-0.000061
1592806017029860,9.999983,3.000058,10.000347,0.999973,-0.002468,-0.006995,-0.000055
1592806017070091,9.999975,3.000122,10.000326,0.999973,-0.002475,-0.006971,-0.000053
1592806017110665,9.999974,3.000146,10.000295,0.999973,-0.002504,-0.006966,-0.000037
1592806017151601,9.999975,3.000295,10.000365,0.999972,-0.002485,-0.007007,-0.000029
1592806017193234,9.999998,3.000187,10.000208,0.999973,-0.002460,-0.006973,-0.000034
1592806017237175,9.999984,3.000158,10.000381,0.999973,-0.002451,-0.007001,-0.000050
1592806017279689,9.999997,3.000139,10.000400,0.999973,-0.002459,-0.006996,-0.000008
1592806017321810,9.999984,3.000235,10.000212,0.999973,-0.002457,-0.006990,-0.000040
1592806017368318,10.000025,3.000165,10.000661,0.999972,-0.002461,-0.007015,-0.000038
1592806017411658,9.999948,3.000182,10.000404,0.999973,-0.002461,-0.006985,-0.000027
1592806017452617,9.999967,3.000128,10.000240,0.999972,-0.002452,-0.007008,-0.000055
1592806017494244,10.000017,3.000256,10.000117,0.999973,-0.002441,-0.006999,-0.000054
1592806017535497,10.000017,3.000023,10.000254,0.999973,-0.002443,-0.006963,-0.000061
1592806017576783,10.000024,3.000153,10.000191,0.999973,-0.002466,-0.006951,-0.000094
1592806017619462,9.999994,3.000208,10.000257,0.999973,-0.002450,-0.006949,-0.000085
1592806017660835,10.000032,3.000356,10.000353,0.999973,-0.002466,-0.006945,-0.000082
1592806017700988,9.999993,3.000161,10.000306,0.999973,-0.002480,-0.006943,-0.000054
1592806017741388,9.999987,3.000238,10.000322,0.999973,-0.002465,-0.006956,-0.000062
1592806017783799,10.000026,3.000270,10.000566,0.999973,-0.002459,-0.006948,-0.000048
1592806017825076,9.999949,3.000291,10.000300,0.999973,-0.002474,-0.006968,-0.000033
1592806017867624,10.000014,3.000019,10.000265,0.999973,-0.002487,-0.006988,-0.000052
1592806017908457,9.999999,3.000112,10.000264,0.999973,-0.002488,-0.006961,-0.000084
1592806017949681,9.999993,3.000267,10.000332,0.999972,-0.002476,-0.006999,-0.000074
1592806017990229,10.000021,3.000233,10.000348,0.999973,-0.002458,-0.006984,-0.000077
1592806018030692,10.000008,3.000133,10.000340,0.999972,-0.002490,-0.007011,-0.000051
1592806018071536,10.000013,3.000126,10.000317,0.999972,-0.002469,-0.007001,-0.000057
1592806018112286,9.999997,3.000151,10.000360,0.999972,-0.002463,-0.007011,-0.000068
1592806018152846,9.999994,3.000127,10.000256,0.999973,-0.002465,-0.006985,-0.000086
1592806018193438,10.000001,3.000207,10.000269,0.999973,-0.002476,-0.006990,-0.000071
1592806018233656,10.000003,3.000076,10.000253,0.999972,-0.002494,-0.007013,-0.000082
1592806018274187,10.000010,3.000116,10.000325,0.999972,-0.002496,-0.007029,-0.000087
1592806018315509,10.000001,3.000173,10.000312,0.999972,-0.002475,-0.007006,-0.000075
1592806018357191,10.000012,3.000242,10.000315,0.999972,-0.002465,-0.007020,-0.000102
1592806018398792,10.000241,3.000088,10.000278,0.999972,-0.002451,-0.007014,-0.000111
1592806018440494,9.999949,3.000169,10.000351,0.999972,-0.002450,-0.007036,-0.000090
1592806018481425,9.999943,3.000155,10.000274,0.999972,-0.002434,-0.007026,-0.000071
1592806018521751,9.999981,3.000190,10.000240,0.999972,-0.002430,-0.007025,-0.000064
1592806018562508,9.999998,3.000098,10.000340,0.999972,-0.002443,-0.007010,-0.000046
1592806018603348,10.000024,3.000078,10.000235,0.999973,-0.002463,-0.007003,-0.000065
1592806018645125,9.999977,3.000198,10.000418,0.999972,-0.002455,-0.007047,-0.000039
1592806018686768,9.999991,3.000221,10.000288,0.999972,-0.002468,-0.007018,-0.000033
1592806018728657,9.999983,3.000298,10.000463,0.999972,-0.002436,-0.007010,-0.000031
1592806018768415,9.999969,3.000115,10.000365,0.999973,-0.002447,-0.007010,-0.000044
1592806018807783,10.000009,3.000094,10.000188,0.999972,-0.002453,-0.007018,-0.000031
1592806018847316,10.000008,3.000082,10.000085,0.999972,-0.002477,-0.007003,-0.000022
1592806018887004,9.999980,3.000233,10.000380,0.999973,-0.002464,-0.006994,-0.000064
1592806018926597,10.000007,3.000200,10.000299,0.999972,-0.002462,-0.007000,-0.000074
1592806018966558,9.999994,3.000100,10.000339,0.999972,-0.002453,-0.007022,-0.000086
1592806019006179,9.999992,3.000125,10.000345,0.999972,-0.002451,-0.007012,-0.000074
1592806019045928,10.000008,3.000203,10.000397,0.999972,-0.002440,-0.007042,-0.000099
1592806019085631,9.999980,3.000134,10.000348,0.999972,-0.002456,-0.007037,-0.000101
1592806019125442,10.000016,3.000220,10.000365,0.999972,-0.002456,-0.007021,-0.000088
1592806019167131,10.000005,3.000077,10.000356,0.999972,-0.002450,-0.007012,-0.000089
1592806019209046,10.000033,3.000106,10.000282,0.999973,-0.002431,-0.007011,-0.000058
1592806019250541,10.000008,3.000190,10.000360,0.999972,-0.002436,-0.007015,-0.000057
1592806019291942,10.000005,3.000283,10.000327,0.999972,-0.002449,-0.007045,-0.000096
1592806019332430,10.000010,3.000008,10.000327,0.999973,-0.002430,-0.007008,-0.000079
1592806019372660,10.000040,3.000104,10.000276,0.999973,-0.002439,-0.007003,-0.000078
1592806019413240,9.999977,3.000196,10.000395,0.999972,-0.002459,-0.007033,-0.000058
1592806019454304,10.000005,3.000240,10.000344,0.999972,-0.002472,-0.007020,-0.000047
1592806019494278,10.000013,3.000073,10.000334,0.999972,-0.002480,-0.006994,-0.000023
1592806019534903,10.000009,3.000033,10.000177,0.999972,-0.002500,-0.007003,-0.000024
1592806019575979,10.000017,3.000186,10.000640,0.999973,-0.002481,-0.006991,-0.000029
1592806019617020,9.999987,3.000217,10.000239,0.999973,-0.002481,-0.006992,-0.000033
1592806019656197,9.999997,3.000225,10.000177,0.999972,-0.002475,-0.006999,-0.000047
1592806019695949,9.999998,3.000040,10.000316,0.999973,-0.002469,-0.006989,-0.000058
1592806019735362,10.000003,3.000095,10.000320,0.999972,-0.002465,-0.007036,-0.000046
1592806019775207,9.999995,3.000200,10.000363,0.999972,-0.002465,-0.007038,-0.000041
1592806019814945,10.000009,3.000119,10.000251,0.999972,-0.002476,-0.007013,-0.000036
1592806019854654,10.000039,3.000149,10.000256,0.999973,-0.002463,-0.006995,-0.000035
1592806019940514,10.000020,3.000147,10.000596,0.999973,-0.002467,-0.006946,-0.000039
1592806019981487,9.999963,3.000163,10.000298,0.999973,-0.002455,-0.006938,-0.000060
1592806020023707,9.999989,3.000246,10.000400,0.999973,-0.002438,-0.006967,-0.000044
1592806020064335,10.000232,3.000025,10.000192,0.999973,-0.002433,-0.006974,-0.000048
1592806020105541,9.999961,3.000108,10.000362,0.999973,-0.002415,-0.007004,-0.000068
1592806020147599,9.999954,3.000186,10.000368,0.999973,-0.002423,-0.006995,-0.000039
1592806020189099,9.999986,3.000227,10.000240,0.999973,-0.002429,-0.007000,-0.000049
1592806020235568,9.999998,3.000067,10.000316,0.999973,-0.002441,-0.006998,-0.000046
1592806020280048,10.000014,3.000222,10.000227,0.999973,-0.002432,-0.006992,-0.000039
1592806020328290,9.999981,3.000051,10.000338,0.999973,-0.002451,-0.006994,-0.000043
1592806020378946,9.999998,3.000180,10.000355,0.999973,-0.002469,-0.006986,-0.000039
1592806020427381,10.000010,3.000289,10.000342,0.999973,-0.002436,-0.006971,-0.000036
1592806020470860,10.000000,3.000071,10.000331,0.999973,-0.002447,-0.006961,-0.000072
1592806020514726,10.000311,3.000175,10.000234,0.999973,-0.002451,-0.006969,-0.000094
1592806020559031,9.999962,3.000280,10.000273,0.999973,-0.002466,-0.006950,-0.000063
