1592804442006363,9.999741,3.001944,10.000154,0.999966,-0.003152,-0.007623,0.000022
1592804442048528,9.999841,3.001107,10.000430,0.999965,-0.003163,-0.007711,0.000037
1592804442076781,9.999829,3.001934,10.000435,0.999966,-0.003157,-0.007679,0.000050
1592804442112236,9.999761,3.000959,10.000465,0.999965,-0.003163,-0.007697,0.000076
1592804442148233,9.999765,3.000837,10.000159,0.999966,-0.003169,-0.007650,0.000060
1592804442185456,9.999867,3.001050,10.000299,0.999966,-0.003158,-0.007666,0.000078
1592804442223990,9.999696,3.001402,10.000250,0.999966,-0.003181,-0.007634,0.000063
1592804442256177,9.999669,3.001505,10.000463,0.999965,-0.003187,-0.007689,0.000045
1592804442286848,9.999720,3.001489,10.000538,0.999965,-0.003178,-0.007685,0.000058
1592804442319047,9.999684,3.001335,10.000336,0.999966,-0.003176,-0.007637,0.000049
1592804442351562,9.999753,3.001252,10.000039,0.999966,-0.003171,-0.007614,0.000057
1592804442382602,9.999702,3.001232,10.000222,0.999965,-0.003177,-0.007696,0.000040
1592804442420630,9.999719,3.001378,10.000256,0.999965,-0.003180,-0.007712,0.000058
1592804442453316,9.999830,3.001178,10.000323,0.999965,-0.003149,-0.007724,0.000067
1592804442483618,9.999938,3.000810,10.000128,0.999966,-0.003161,-0.007664,0.000071
1592804442514052,9.999681,3.000941,10.000190,0.999966,-0.003205,-0.007649,0.000055
1592804442554062,9.999664,3.001214,10.000300,0.999966,-0.003187,-0.007671,0.000043
1592804442590016,9.999655,3.001395,10.000336,0.999965,-0.003208,-0.007677,0.000038
1592804442620658,9.999760,3.001329,10.000474,0.999965,-0.003183,-0.007697,0.000058
1592804442653251,9.999704,3.001192,10.000308,0.999965,-0.003214,-0.007665,0.000047
1592804442684481,9.999724,3.001107,10.000512,0.999965,-0.003202,-0.007710,0.000030
1592804442715755,9.999824,3.000969,10.000443,0.999965,-0.003159,-0.007686,0.000034
1592804442746634,9.999823,3.000931,10.000432,0.999966,-0.003166,-0.007673,0.000041
1592804442776295,9.999777,3.001652,10.000460,0.999965,-0.003170,-0.007686,0.000024
1592804442803918,9.999764,3.001644,10.000563,0.999965,-0.003152,-0.007723,0.000025
1592804442831922,9.999867,3.001452,10.000447,0.999966,-0.003111,-0.007697,0.000033
1592804442859780,9.999858,3.001389,10.000536,0.999966,-0.003111,-0.007696,0.000039
1592804442887618,9.999774,3.001214,10.000241,0.999966,-0.003129,-0.007675,0.000047
1592804442915683,9.999908,3.001093,10.000322,0.999966,-0.003100,-0.007686,0.000040
1592804442944379,9.999746,3.001049,10.000224,0.999966,-0.003142,-0.007676,0.000046
1592804442972618,9.999684,3.001647,10.000206,0.999966,-0.003155,-0.007677,0.000060
1592804443000852,9.999716,3.001642,10.000459,0.999965,-0.003148,-0.007709,0.000082
1592804443031817,9.999585,3.001498,10.000154,0.999966,-0.003174,-0.007663,0.000079
1592804443064249,9.999615,3.001609,10.000050,0.999966,-0.003160,-0.007647,0.000092
1592804443099877,9.999799,3.001271,9.999865,0.999966,-0.003096,-0.007664,0.000066
1592804443131358,9.999726,3.001467,10.000271,0.999965,-0.003104,-0.007707,0.000091
1592804443164402,9.999709,3.001473,10.000314,0.999965,-0.003103,-0.007737,0.000066
1592804443194699,9.999811,3.001281,10.000480,0.999965,-0.003077,-0.007760,0.000062
1592804443224777,9.999687,3.001221,10.000229,0.999965,-0.003116,-0.007729,0.000058
1592804443255002,9.999726,3.001376,10.000340,0.999965,-0.003095,-0.007732,0.000046
1592804443286804,9.999777,3.001320,10.000389,0.999965,-0.003103,-0.007746,0.000064
1592804443317178,9.999709,3.001157,10.000407,0.999965,-0.003122,-0.007715,0.000068
1592804443349245,9.999654,3.001062,10.000559,0.999965,-0.003138,-0.007701,0.000097
1592804443379156,9.999568,3.001082,10.000151,0.999966,-0.003144,-0.007666,0.000078
1592804443408192,9.999489,3.001705,10.000111,0.999966,-0.003118,-0.007672,0.000070
1592804443437872,9.999550,3.001727,10.000130,0.999966,-0.003125,-0.007671,0.000058
1592804443466873,9.999631,3.001476,10.000386,0.999965,-0.003102,-0.007730,0.000057
1592804443496151,9.999722,3.001484,10.000538,0.999965,-0.003060,-0.007749,0.000069
1592804443525518,9.999745,3.001389,10.000403,0.999965,-0.003105,-0.007750,0.000067
1592804443556108,9.999742,3.001121,10.000458,0.999965,-0.003115,-0.007770,0.000061
1592804443585399,9.999725,3.000756,10.000045,0.999965,-0.003124,-0.007723,0.000049
1592804443614513,9.999823,3.000723,10.000010,0.999965,-0.003112,-0.007726,0.000071
1592804443643904,9.999808,3.000885,10.000093,0.999965,-0.003125,-0.007756,0.000065
1592804443674415,9.999788,3.001613,10.000021,0.999965,-0.003115,-0.007731,0.000054
1592804443708029,9.999801,3.001505,10.000366,0.999965,-0.003120,-0.007738,0.000028
1592804443741302,9.999946,3.001659,10.000210,0.999965,-0.003098,-0.007724,0.000054
1592804443773609,9.999801,3.001817,10.000344,0.999965,-0.003084,-0.007725,0.000068
1592804443805463,9.999867,3.001550,10.000424,0.999965,-0.003092,-0.007780,0.000054
1592804443839931,9.999931,3.001352,10.000020,0.999965,-0.003117,-0.007743,0.000053
1592804443873430,9.999821,3.001565,9.999848,0.999965,-0.003105,-0.007720,0.000044
1592804443906057,9.999705,3.001680,10.000186,0.999965,-0.003136,-0.007785,0.000021
1592804443937713,9.999756,3.001710,10.000303,0.999965,-0.003141,-0.007803,0.000031
1592804443969489,9.999759,3.001652,10.000516,0.999965,-0.003130,-0.007810,0.000016
1592804444000079,9.999808,3.001246,10.000323,0.999965,-0.003134,-0.007811,0.000022
1592804444029534,9.999822,3.001280,10.000133,0.999965,-0.003146,-0.007778,0.000015
1592804444059566,9.999710,3.001209,10.000258,0.999965,-0.003155,-0.007785,0.000031
1592804444087660,9.999850,3.000998,10.000372,0.999965,-0.003150,-0.007806,0.000026
1592804444116836,9.999885,3.000775,10.000236,0.999965,-0.003162,-0.007765,0.000033
1592804444147611,9.999988,3.000636,10.000201,0.999965,-0.003138,-0.007787,0.000019
1592804444180612,9.999871,3.000879,10.000667,0.999964,-0.003154,-0.007823,0.000019
1592804444213949,9.999874,3.000932,10.000697,0.999964,-0.003147,-0.007841,-0.000010
1592804444246744,9.999887,3.000696,10.000434,0.999965,-0.003157,-0.007789,-0.000002
1592804444278789,9.999873,3.000887,10.000488,0.999965,-0.003140,-0.007808,0.000005
1592804444307737,9.999825,3.001610,10.000495,0.999965,-0.003129,-0.007815,0.000005
1592804444337909,9.999868,3.001276,10.000426,0.999965,-0.003130,-0.007784,-0.000023
1592804444368465,9.999836,3.001456,10.000368,0.999965,-0.003130,-0.007755,-0.000022
1592804444397022,9.999803,3.001329,10.000212,0.999965,-0.003140,-0.007744,-0.000021
1592804444430577,9.999882,3.001403,10.000252,0.999965,-0.003127,-0.007756,-0.000010
1592804444468494,9.999978,3.001412,10.000195,0.999965,-0.003111,-0.007742,-0.000014
1592804444503495,9.999919,3.001482,10.000424,0.999965,-0.003108,-0.007740,-0.000015
1592804444538943,9.999899,3.001642,10.000189,0.999965,-0.003124,-0.007700,0.000025
1592804444569483,9.999876,3.001532,10.000351,0.999965,-0.003133,-0.007709,0.000023
1592804444675143,9.999795,3.001391,10.000135,0.999965,-0.003135,-0.007769,0.000003
1592804444767269,9.999937,3.001083,10.000265,0.999965,-0.003135,-0.007762,0.000011
1592804444868934,9.999697,3.001386,10.000496,0.999964,-0.003138,-0.007827,0.000038
1592804444897140,9.999740,3.001322,10.000250,0.999965,-0.003119,-0.007797,0.000036
1592804444926512,9.999791,3.000937,10.000139,0.999965,-0.003144,-0.007794,0.000047
1592804444955338,10.000024,3.000636,10.000069,0.999965,-0.003115,-0.007790,0.000017
1592804444983880,9.999856,3.000870,10.000120,0.999965,-0.003118,-0.007792,0.000012
1592804445013150,9.999958,3.000954,10.000087,0.999965,-0.003121,-0.007781,-0.000052
1592804445043981,9.999978,3.000726,10.000288,0.999965,-0.003128,-0.007799,-0.000041
1592804445073170,9.999975,3.001393,10.000322,0.999965,-0.003142,-0.007795,-0.000041
1592804445102152,10.000017,3.001248,10.000302,0.999965,-0.003126,-0.007799,-0.000043
1592804445131672,9.999965,3.001266,10.000434,0.999965,-0.003128,-0.007778,-0.000034
1592804445162765,10.000006,3.001118,10.000360,0.999965,-0.003140,-0.007781,-0.000027
1592804445193117,10.000051,3.001018,10.000359,0.999965,-0.003142,-0.007797,0.000002
1592804445222142,9.999886,3.001112,10.000354,0.999965,-0.003149,-0.007784,0.000008
1592804445252382,10.000077,3.000904,10.000386,0.999965,-0.003151,-0.007785,0.000030
1592804445280940,9.999919,3.000798,10.000408,0.999965,-0.003154,-0.007803,0.000016
1592804445309938,9.999866,3.001490,10.000463,0.999965,-0.003136,-0.007800,0.000013
1592804445337883,9.999832,3.001513,10.000261,0.999965,-0.003121,-0.007757,0.000058
1592804445367416,9.999885,3.001397,10.000237,0.999965,-0.003110,-0.007753,0.000055
1592804445398363,9.999825,3.001293,10.000508,0.999965,-0.003145,-0.007774,0.000063
1592804445427895,9.999774,3.001280,10.000294,0.999965,-0.003159,-0.007741,0.000061
1592804445458211,9.999875,3.001215,10.000306,0.999965,-0.003132,-0.007748,0.000080
1592804445494816,9.999850,3.001071,10.000311,0.999965,-0.003142,-0.007755,0.000081
1592804445529749,9.999634,3.001298,10.000187,0.999965,-0.003148,-0.007739,0.000069
1592804445564980,9.999680,3.001150,10.000219,0.999965,-0.003131,-0.007728,0.000085
1592804445599780,9.999700,3.001412,10.000355,0.999965,-0.003133,-0.007736,0.000083
1592804445633812,9.999642,3.001376,10.000282,0.999965,-0.003146,-0.007752,0.000059
1592804445667676,9.999567,3.001351,10.000340,0.999965,-0.003145,-0.007769,0.000058
1592804445701453,9.999923,3.001459,10.000307,0.999965,-0.003121,-0.007791,0.000041
1592804445734630,9.999799,3.001444,10.000169,0.999965,-0.003145,-0.007773,0.000070
1592804445768526,9.999813,3.001185,10.000360,0.999965,-0.003128,-0.007811,0.000071
1592804445801739,9.999924,3.001143,10.000337,0.999965,-0.003122,-0.007807,0.000072
1592804445835092,9.999901,3.001150,10.000365,0.999965,-0.003124,-0.007814,0.000076
1592804445865024,9.999830,3.001142,10.000340,0.999965,-0.003149,-0.007801,0.000073
1592804445896401,9.999788,3.001302,10.000425,0.999965,-0.003140,-0.007781,0.000087
1592804445929916,9.999769,3.001160,10.000257,0.999965,-0.003157,-0.007765,0.000104
1592804445963886,9.999660,3.000976,10.000184,0.999965,-0.003169,-0.007747,0.000103
1592804445994678,9.999595,3.001136,10.000010,0.999965,-0.003169,-0.007719,0.000077
1592804446027772,9.999574,3.001063,10.000175,0.999965,-0.003144,-0.007763,0.000070
1592804446062569,9.999667,3.001176,10.000361,0.999965,-0.003144,-0.007785,0.000078
1592804446094780,9.999734,3.001259,10.000348,0.999965,-0.003140,-0.007777,0.000064
1592804446127456,9.999726,3.001361,10.000384,0.999965,-0.003150,-0.007753,0.000073
1592804446158696,9.999664,3.001102,10.000397,0.999965,-0.003163,-0.007748,0.000053
1592804446189893,9.999774,3.000944,10.000292,0.999965,-0.003135,-0.007748,0.000050
1592804446220262,9.999755,3.000995,10.000277,0.999965,-0.003140,-0.007721,0.000040
1592804446248460,9.999851,3.001091,10.000237,0.999965,-0.003133,-0.007749,0.000053
1592804446278371,9.999768,3.000939,10.000443,0.999965,-0.003134,-0.007759,0.000054
1592804446311503,9.999769,3.001000,10.000501,0.999965,-0.003123,-0.007746,0.000057
1592804446342770,9.999722,3.001680,10.000552,0.999965,-0.003123,-0.007726,0.000058
1592804446374590,9.999663,3.001523,10.000130,0.999965,-0.003148,-0.007694,0.000062
1592804446405150,9.999690,3.001307,10.000362,0.999965,-0.003142,-0.007724,0.000071
1592804446436377,9.999735,3.001338,10.000393,0.999965,-0.003126,-0.007749,0.000050
1592804446466502,9.999843,3.001293,10.000823,0.999965,-0.003138,-0.007791,0.000037
1592804446496527,9.999741,3.001374,10.000299,0.999965,-0.003133,-0.007753,0.000040
1592804446527405,9.999735,3.001199,10.000457,0.999965,-0.003132,-0.007756,0.000036
1592804446557234,9.999777,3.001001,10.000257,0.999965,-0.003128,-0.007741,0.000031
1592804446586888,9.999873,3.000923,10.000405,0.999965,-0.003129,-0.007777,0.000033
1592804446615558,9.999825,3.000952,10.000234,0.999965,-0.003123,-0.007755,0.000024
1592804446649145,9.999828,3.000755,10.000402,0.999965,-0.003127,-0.007767,0.000022
1592804446678610,9.999862,3.000853,10.000670,0.999965,-0.003107,-0.007793,0.000029
1592804446707460,9.999838,3.001483,10.000780,0.999965,-0.003104,-0.007788,0.000038
1592804446736582,9.999916,3.001150,10.000483,0.999965,-0.003107,-0.007772,0.000038
1592804446765494,9.999728,3.001354,10.000371,0.999965,-0.003123,-0.007782,0.000037
1592804446794189,9.999802,3.001163,10.000413,0.999965,-0.003127,-0.007807,0.000050
1592804446824704,9.999804,3.001169,10.000230,0.999965,-0.003124,-0.007795,0.000037
1592804446858425,9.999823,3.001160,10.000507,0.999965,-0.003118,-0.007825,0.000025
1592804446889513,9.999783,3.000884,10.000520,0.999965,-0.003117,-0.007825,0.000019
1592804446921914,9.999841,3.000974,10.000392,0.999965,-0.003138,-0.007811,0.000009
1592804446954060,9.999867,3.000786,10.000513,0.999965,-0.003145,-0.007794,0.000028
1592804446990772,9.999766,3.000972,10.000493,0.999965,-0.003170,-0.007806,0.000035
1592804447026879,9.999814,3.001146,10.000468,0.999965,-0.003174,-0.007807,0.000058
1592804447062896,9.999732,3.001098,10.000392,0.999965,-0.003163,-0.007815,0.000062
1592804447098116,9.999819,3.000896,10.000406,0.999964,-0.003155,-0.007829,0.000026
1592804447133232,9.999864,3.000982,10.000256,0.999965,-0.003131,-0.007810,0.000037
1592804447166027,9.999892,3.001055,10.000024,0.999965,-0.003132,-0.007766,0.000026
1592804447201601,9.999724,3.001107,10.000319,0.999965,-0.003115,-0.007809,0.000017
1592804447233374,9.999784,3.001083,10.000254,0.999965,-0.003110,-0.007833,0.000011
1592804447265608,9.999929,3.001119,10.000314,0.999965,-0.003112,-0.007831,0.000011
1592804447296595,9.999854,3.001199,10.000442,0.999965,-0.003128,-0.007811,0.000002
1592804447326079,9.999859,3.001037,10.000236,0.999965,-0.003136,-0.007784,0.000008
1592804447355551,9.999977,3.000930,10.000267,0.999965,-0.003138,-0.007780,-0.000023
1592804447383874,10.000047,3.000858,10.000350,0.999965,-0.003111,-0.007791,-0.000017
1592804447414588,9.999919,3.000977,10.000348,0.999965,-0.003113,-0.007797,-0.000010
1592804447445106,9.999949,3.000894,10.000629,0.999965,-0.003089,-0.007823,-0.000020
1592804447480394,9.999969,3.000931,10.000540,0.999965,-0.003120,-0.007823,-0.000021
1592804447513326,10.000006,3.000658,10.000366,0.999965,-0.003134,-0.007810,-0.000020
1592804447547203,9.999964,3.000755,10.000416,0.999965,-0.003128,-0.007806,-0.000034
1592804447579401,10.000148,3.000744,10.000381,0.999965,-0.003141,-0.007790,-0.000007
1592804447609907,10.000006,3.000707,10.000329,0.999965,-0.003154,-0.007766,0.000003
1592804447641223,9.999990,3.001296,10.000307,0.999965,-0.003170,-0.007765,0.000010
1592804447672874,9.999835,3.001078,10.000381,0.999965,-0.003198,-0.007767,0.000019
1592804447704648,9.999805,3.001212,10.000282,0.999965,-0.003181,-0.007766,0.000016
1592804447735739,9.999989,3.000856,10.000615,0.999965,-0.003190,-0.007788,0.000007
1592804447766206,9.999941,3.000996,10.000627,0.999964,-0.003201,-0.007803,-0.000008
1592804447797692,9.999935,3.000806,10.000334,0.999965,-0.003195,-0.007790,-0.000001
1592804447827189,9.999925,3.000687,10.000393,0.999965,-0.003215,-0.007787,-0.000021
1592804447855770,9.999996,3.000656,10.000449,0.999965,-0.003220,-0.007786,-0.000031
1592804447885624,10.000083,3.000542,10.000237,0.999965,-0.003238,-0.007776,-0.000015
1592804447914934,9.999967,3.000448,10.000248,0.999965,-0.003225,-0.007766,-0.000011
1592804447943692,9.999992,3.000396,10.000253,0.999965,-0.003210,-0.007761,-0.000035
1592804447973704,9.999964,3.000874,10.000273,0.999965,-0.003229,-0.007768,-0.000045
1592804448005148,9.999896,3.001222,10.000351,0.999965,-0.003213,-0.007767,-0.000025
1592804448037176,9.999920,3.001025,10.000273,0.999965,-0.003227,-0.007765,-0.000051
1592804448068512,9.999933,3.001024,10.000444,0.999964,-0.003203,-0.007814,-0.000067
1592804448098049,10.000155,3.000996,10.000554,0.999964,-0.003197,-0.007830,-0.000037
1592804448127651,10.000081,3.001009,10.000428,0.999965,-0.003175,-0.007804,-0.000034
1592804448157017,10.000107,3.000739,10.000347,0.999965,-0.003157,-0.007797,-0.000040
1592804448186111,10.000018,3.000882,10.000480,0.999965,-0.003162,-0.007803,-0.000025
1592804448215902,10.000055,3.000619,10.000506,0.999965,-0.003144,-0.007772,-0.000043
1592804448244678,10.000138,3.000560,10.000571,0.999965,-0.003149,-0.007784,-0.000023
1592804448273965,10.000161,3.001094,10.000669,0.999965,-0.003131,-0.007781,-0.000007
1592804448305653,10.000055,3.001073,10.000667,0.999965,-0.003150,-0.007802,-0.000013
1592804448338834,10.000000,3.001428,10.000497,0.999965,-0.003156,-0.007811,0.000006
1592804448370875,9.999871,3.001354,10.000237,0.999965,-0.003137,-0.007815,-0.000009
1592804448403311,9.999846,3.001191,10.000157,0.999965,-0.003168,-0.007776,-0.000022
1592804448433435,10.000001,3.000959,10.000235,0.999965,-0.003150,-0.007761,-0.000009
1592804448462089,9.999947,3.001009,10.000347,0.999965,-0.003150,-0.007782,0.000008
1592804448494283,10.000093,3.000801,10.000301,0.999965,-0.003158,-0.007798,-0.000003
1592804448523242,10.000136,3.000784,10.000525,0.999965,-0.003141,-0.007816,-0.000008
1592804448551646,9.999965,3.000805,10.000594,0.999965,-0.003167,-0.007804,0.000002
1592804448579392,9.999921,3.000681,10.000488,0.999965,-0.003194,-0.007769,-0.000005
1592804448608013,9.999869,3.001292,10.000522,0.999965,-0.003193,-0.007760,0.000019
1592804448636110,10.000019,3.001067,10.000490,0.999965,-0.003185,-0.007764,-0.000000
1592804448663858,10.000020,3.001102,10.000579,0.999965,-0.003160,-0.007768,-0.000005
1592804448691433,10.000098,3.000864,10.000429,0.999965,-0.003172,-0.007772,0.000017
1592804448719727,9.999936,3.000792,10.000383,0.999965,-0.003186,-0.007778,0.000001
1592804448747682,9.999935,3.000550,10.000390,0.999965,-0.003174,-0.007761,-0.000014
1592804448775282,9.999898,3.000990,10.000426,0.999965,-0.003179,-0.007754,-0.000004
1592804448807643,9.999820,3.000725,10.000579,0.999965,-0.003196,-0.007775,0.000009
1592804448835318,9.999766,3.001211,10.000608,0.999965,-0.003186,-0.007783,0.000018
1592804448869339,9.999768,3.001003,10.000699,0.999965,-0.003174,-0.007769,0.000031
1592804448897128,9.999729,3.000979,10.000331,0.999965,-0.003159,-0.007751,0.000040
1592804448924872,9.999791,3.000935,10.000485,0.999965,-0.003171,-0.007786,0.000047
1592804448952231,9.999815,3.000813,10.000298,0.999965,-0.003164,-0.007771,0.000033
1592804448980591,9.999802,3.000731,10.000160,0.999965,-0.003187,-0.007750,0.000067
1592804449008287,9.999770,3.001354,10.000097,0.999965,-0.003190,-0.007731,0.000081
1592804449042888,9.999728,3.000790,10.000131,0.999965,-0.003173,-0.007755,0.000072
1592804449075654,9.999674,3.001358,10.000136,0.999965,-0.003159,-0.007767,0.000075
1592804449106768,9.999740,3.001390,9.999920,0.999965,-0.003154,-0.007730,0.000062
1592804449138401,9.999695,3.001266,10.000278,0.999965,-0.003163,-0.007726,0.000079
1592804449168975,9.999748,3.000937,10.000013,0.999965,-0.003156,-0.007705,0.000064
1592804449201381,9.999667,3.001115,10.000205,0.999965,-0.003131,-0.007715,0.000085
1592804449232576,9.999865,3.001073,10.000292,0.999966,-0.003138,-0.007687,0.000092
1592804449263759,9.999708,3.001220,10.000329,0.999966,-0.003138,-0.007682,0.000075
1592804449294814,9.999746,3.001083,10.000725,0.999965,-0.003146,-0.007692,0.000097
1592804449324918,9.999665,3.000920,10.000474,0.999965,-0.003189,-0.007672,0.000083
1592804449354882,9.999548,3.001006,10.000239,0.999965,-0.003208,-0.007664,0.000079
1592804449383634,9.999846,3.000779,10.000134,0.999965,-0.003201,-0.007679,0.000082
1592804449412857,9.999735,3.000906,10.000117,0.999965,-0.003192,-0.007685,0.000065
1592804449442054,9.999719,3.000829,10.000346,0.999965,-0.003172,-0.007706,0.000055
1592804449472729,9.999677,3.001389,10.000383,0.999965,-0.003176,-0.007698,0.000061
1592804449502631,9.999816,3.001252,10.000538,0.999965,-0.003146,-0.007744,0.000042
1592804449532908,9.999605,3.001242,10.000672,0.999965,-0.003167,-0.007742,0.000022
1592804449561684,9.999816,3.001037,10.000483,0.999965,-0.003145,-0.007720,0.000020
1592804449591624,10.000044,3.000963,10.000399,0.999965,-0.003127,-0.007727,0.000042
1592804449620518,9.999865,3.000988,10.000253,0.999965,-0.003127,-0.007722,0.000029
1592804449649964,9.999895,3.000847,10.000113,0.999965,-0.003123,-0.007721,0.000029
1592804449678820,9.999847,3.000921,10.000204,0.999965,-0.003114,-0.007718,0.000053
1592804449707946,9.999818,3.001531,10.000207,0.999966,-0.003115,-0.007693,0.000057
1592804449736727,9.999704,3.001295,10.000094,0.999966,-0.003112,-0.007692,0.000060
1592804449766670,9.999734,3.001166,10.000223,0.999965,-0.003110,-0.007710,0.000040
1592804449796312,9.999601,3.001020,10.000217,0.999965,-0.003149,-0.007713,0.000032
1592804449824138,9.999693,3.000957,10.000193,0.999965,-0.003146,-0.007708,0.000004
1592804449852163,9.999717,3.000789,10.000323,0.999965,-0.003125,-0.007717,0.000018
1592804449880514,9.999857,3.000598,10.000255,0.999965,-0.003135,-0.007709,-0.000009
1592804449909491,9.999831,3.001143,10.000264,0.999965,-0.003134,-0.007713,0.000009
1592804449938516,10.000081,3.001102,10.000445,0.999965,-0.003129,-0.007741,0.000025
1592804449967734,10.000157,3.001032,10.000358,0.999965,-0.003127,-0.007727,0.000021
1592804449997948,10.000051,3.001005,10.000297,0.999965,-0.003133,-0.007734,0.000010
1592804450027680,9.999890,3.000982,10.000369,0.999965,-0.003147,-0.007766,-0.000004
1592804450058808,9.999819,3.000986,10.000401,0.999965,-0.003142,-0.007772,0.000012
1592804450088960,10.000094,3.000820,10.000340,0.999965,-0.003163,-0.007738,-0.000014
1592804450119634,10.000039,3.000643,10.000292,0.999965,-0.003168,-0.007746,-0.000013
1592804450150703,9.999873,3.000690,10.000360,0.999965,-0.003190,-0.007723,-0.000001
1592804450181839,9.999836,3.000654,10.000272,0.999965,-0.003198,-0.007720,-0.000031
1592804450210548,9.999780,3.001127,10.000274,0.999965,-0.003185,-0.007731,-0.000020
1592804450240236,9.999856,3.000982,10.000380,0.999965,-0.003176,-0.007758,-0.000026
1592804450270127,9.999963,3.000795,10.000470,0.999965,-0.003143,-0.007756,-0.000041
1592804450300167,9.999989,3.000825,10.000557,0.999965,-0.003153,-0.007771,-0.000026
1592804450328481,10.000036,3.000995,10.000377,0.999965,-0.003157,-0.007761,-0.000019
1592804450357710,9.999953,3.001005,10.000448,0.999965,-0.003153,-0.007766,-0.000006
1592804450386463,9.999973,3.000655,10.000354,0.999965,-0.003158,-0.007741,-0.000001
1592804450415553,9.999895,3.000640,10.000303,0.999965,-0.003161,-0.007730,0.000013
1592804450443925,9.999984,3.000604,10.000329,0.999965,-0.003160,-0.007743,0.000041
1592804450472032,9.999977,3.001110,10.000377,0.999965,-0.003165,-0.007733,0.000024
1592804450500735,9.999878,3.001239,10.000432,0.999965,-0.003167,-0.007714,0.000033
1592804450530193,9.999761,3.001100,10.000316,0.999965,-0.003179,-0.007716,0.000055
1592804450559549,9.999580,3.001030,10.000104,0.999965,-0.003185,-0.007709,0.000054
1592804450589022,9.999700,3.000624,10.000170,0.999965,-0.003187,-0.007723,0.000042
1592804450618126,9.999718,3.000690,10.000360,0.999965,-0.003166,-0.007735,0.000027
1592804450647515,9.999813,3.000838,10.000425,0.999965,-0.003161,-0.007719,0.000049
1592804450675705,9.999791,3.000747,10.000309,0.999965,-0.003146,-0.007720,0.000033
1592804450704974,9.999769,3.001158,10.000312,0.999965,-0.003151,-0.007718,0.000028
1592804450733313,9.999886,3.000962,10.000410,0.999965,-0.003157,-0.007709,0.000044
1592804450761330,9.999870,3.001007,10.000428,0.999965,-0.003170,-0.007694,0.000045
1592804450789998,9.999743,3.000989,10.000509,0.999965,-0.003179,-0.007710,0.000035
1592804450819773,9.999792,3.000912,10.000146,0.999965,-0.003180,-0.007688,0.000068
1592804450849876,9.999667,3.000696,10.000251,0.999965,-0.003199,-0.007703,0.000030
1592804450880925,9.999701,3.000739,10.000240,0.999965,-0.003164,-0.007689,0.000019
1592804450909623,9.999663,3.001179,10.000216,0.999965,-0.003161,-0.007698,-0.000014
1592804450938529,9.999868,3.001008,10.000288,0.999965,-0.003153,-0.007715,-0.000039
1592804450969130,9.999907,3.001030,10.000308,0.999965,-0.003151,-0.007703,-0.000020
1592804450997838,10.000138,3.000938,10.000511,0.999965,-0.003146,-0.007746,-0.000051
1592804451028137,10.000183,3.000834,10.000756,0.999965,-0.003145,-0.007758,-0.000074
1592804451058952,10.000204,3.000849,10.000645,0.999965,-0.003154,-0.007750,-0.000063
1592804451088846,10.000196,3.000626,10.000647,0.999965,-0.003144,-0.007752,-0.000058
1592804451120694,10.000089,3.000622,10.000445,0.999965,-0.003155,-0.007753,-0.000048
1592804451152733,10.000171,3.000559,10.000690,0.999965,-0.003150,-0.007772,-0.000048
1592804451183131,10.000107,3.000736,10.000613,0.999965,-0.003148,-0.007750,-0.000029
1592804451213362,10.000076,3.000488,10.000340,0.999965,-0.003162,-0.007750,-0.000034
1592804451242269,10.000058,3.000996,10.000296,0.999965,-0.003154,-0.007762,-0.000032
1592804451272295,10.000023,3.001075,10.000091,0.999965,-0.003130,-0.007744,0.000011
1592804451301800,10.000006,3.000654,10.000432,0.999965,-0.003143,-0.007767,-0.000016
1592804451332665,9.999959,3.000818,10.000467,0.999965,-0.003137,-0.007767,-0.000008
1592804451362410,9.999973,3.000779,10.000414,0.999965,-0.003151,-0.007779,0.000006
1592804451391483,9.999990,3.000987,10.000479,0.999965,-0.003150,-0.007792,0.000014
1592804451420332,9.999941,3.000702,10.000411,0.999965,-0.003149,-0.007775,0.000026
1592804451450164,9.999910,3.000678,10.000570,0.999965,-0.003149,-0.007802,0.000011
1592804451480263,9.999841,3.000561,10.000540,0.999965,-0.003180,-0.007798,0.000014
1592804451509434,9.999784,3.000969,10.000573,0.999965,-0.003175,-0.007792,0.000012
1592804451539569,9.999808,3.000951,10.000304,0.999965,-0.003180,-0.007769,-0.000015
1592804451573992,9.999779,3.001165,10.000311,0.999965,-0.003166,-0.007771,0.000005
1592804451607175,9.999860,3.001183,10.000183,0.999965,-0.003172,-0.007754,-0.000013
1592804451639477,9.999974,3.001060,10.000414,0.999965,-0.003143,-0.007754,0.000001
1592804451669612,10.000096,3.000828,10.000308,0.999965,-0.003137,-0.007725,0.000005
1592804451699359,9.999973,3.001064,10.000354,0.999965,-0.003146,-0.007717,-0.000022
1592804451729596,9.999925,3.001010,10.000338,0.999965,-0.003191,-0.007728,-0.000023
1592804451758298,9.999834,3.001007,10.000493,0.999965,-0.003188,-0.007737,-0.000010
1592804451787976,9.999821,3.000898,10.000320,0.999965,-0.003182,-0.007732,-0.000029
1592804451816680,9.999799,3.000775,10.000439,0.999965,-0.003184,-0.007743,-0.000010
1592804451845376,9.999753,3.000734,10.000413,0.999965,-0.003180,-0.007717,0.000004
1592804451874059,9.999703,3.001161,10.000438,0.999965,-0.003179,-0.007733,-0.000006
1592804451907207,9.999997,3.000961,10.000508,0.999965,-0.003146,-0.007750,-0.000033
1592804451939960,9.999963,3.000776,10.000571,0.999965,-0.003154,-0.007738,-0.000034
1592804451971363,10.000114,3.000617,10.000736,0.999965,-0.003152,-0.007750,-0.000015
1592804451998525,10.000107,3.000870,10.000593,0.999965,-0.003123,-0.007739,-0.000035
1592804452030989,10.000124,3.000730,10.000641,0.999965,-0.003110,-0.007739,-0.000038
1592804452061407,10.000129,3.000789,10.000392,0.999965,-0.003138,-0.007757,-0.000062
1592804452092226,10.000013,3.000820,10.000179,0.999965,-0.003146,-0.007757,-0.000040
1592804452121895,9.999992,3.000992,10.000432,0.999965,-0.003172,-0.007764,0.000001
1592804452153834,9.999935,3.000841,10.000332,0.999965,-0.003178,-0.007769,0.000024
1592804452184962,9.999921,3.000860,10.000486,0.999965,-0.003174,-0.007757,0.000029
1592804452214108,9.999791,3.000696,10.000409,0.999965,-0.003149,-0.007801,0.000013
1592804452242961,9.999741,3.001148,10.000433,0.999965,-0.003141,-0.007803,0.000002
1592804452272296,9.999764,3.000820,10.000327,0.999965,-0.003172,-0.007763,0.000014
1592804452300612,9.999802,3.001010,10.000179,0.999965,-0.003178,-0.007742,0.000025
1592804452330260,9.999891,3.000720,10.000297,0.999965,-0.003190,-0.007750,0.000028
1592804452360039,9.999880,3.000841,10.000160,0.999965,-0.003180,-0.007727,0.000045
1592804452389789,9.999978,3.000767,10.000329,0.999965,-0.003178,-0.007743,0.000022
1592804452419222,9.999962,3.000627,10.000373,0.999965,-0.003182,-0.007758,0.000021
1592804452452083,9.999952,3.000696,10.000303,0.999965,-0.003181,-0.007769,0.000026
1592804452487801,9.999875,3.000626,10.000392,0.999965,-0.003173,-0.007758,0.000023
1592804452522942,9.999840,3.000806,10.000406,0.999965,-0.003179,-0.007773,0.000023
1592804452558547,9.999899,3.000733,10.000287,0.999965,-0.003171,-0.007775,0.000032
1592804452592278,9.999841,3.000890,10.000348,0.999965,-0.003143,-0.007764,0.000035
1592804452625165,9.999852,3.000911,10.000340,0.999965,-0.003123,-0.007775,0.000078
1592804452658436,9.999846,3.001098,10.000340,0.999965,-0.003119,-0.007775,0.000074
1592804452688774,9.999823,3.000783,10.000372,0.999965,-0.003168,-0.007782,0.000062
1592804452717954,9.999805,3.000515,10.000489,0.999965,-0.003177,-0.007768,0.000060
1592804452747156,9.999680,3.000557,10.000513,0.999965,-0.003162,-0.007775,0.000051
1592804452776764,9.999649,3.000663,10.000248,0.999965,-0.003153,-0.007768,0.000048
1592804452807801,9.999591,3.001200,10.000172,0.999965,-0.003165,-0.007750,0.000071
1592804452839239,9.999759,3.001015,10.000398,0.999965,-0.003153,-0.007752,0.000057
1592804452871131,9.999858,3.001114,10.000156,0.999965,-0.003148,-0.007738,0.000077
1592804452902805,9.999950,3.000890,10.000271,0.999965,-0.003152,-0.007766,0.000049
1592804452934507,10.000105,3.000974,10.000549,0.999965,-0.003163,-0.007781,0.000053
1592804452969162,9.999867,3.001099,10.000278,0.999965,-0.003172,-0.007771,0.000058
1592804453003543,9.999790,3.001180,10.000352,0.999965,-0.003163,-0.007759,0.000062
1592804453034503,9.999732,3.001000,10.000150,0.999965,-0.003183,-0.007735,0.000056
1592804453067323,9.999655,3.000822,10.000171,0.999965,-0.003213,-0.007714,0.000067
1592804453098221,9.999611,3.000883,10.000122,0.999965,-0.003195,-0.007714,0.000071
1592804453128828,9.999703,3.001069,10.000269,0.999965,-0.003202,-0.007706,0.000066
1592804453159574,9.999740,3.001018,10.000170,0.999965,-0.003206,-0.007695,0.000067
1592804453190431,9.999866,3.000706,10.000332,0.999965,-0.003193,-0.007711,0.000032
1592804453222251,9.999765,3.000792,10.000536,0.999965,-0.003186,-0.007695,0.000048
1592804453253163,9.999808,3.000755,10.000586,0.999965,-0.003185,-0.007720,0.000025
1592804453284890,9.999863,3.000879,10.000651,0.999965,-0.003184,-0.007723,0.000030
1592804453316424,9.999924,3.000869,10.000398,0.999965,-0.003160,-0.007718,0.000024
1592804453348200,9.999967,3.000728,10.000268,0.999965,-0.003181,-0.007692,0.000040
1592804453380359,9.999989,3.000532,10.000171,0.999965,-0.003184,-0.007694,0.000051
1592804453411822,9.999928,3.000457,10.000246,0.999965,-0.003178,-0.007714,0.000056
1592804453444001,9.999897,3.000547,10.000166,0.999965,-0.003158,-0.007726,0.000046
1592804453478978,9.999838,3.000646,10.000209,0.999965,-0.003159,-0.007718,0.000047
1592804453513173,9.999790,3.000805,10.000245,0.999965,-0.003175,-0.007740,0.000043
1592804453546248,9.999774,3.000757,10.000477,0.999965,-0.003159,-0.007765,0.000032
1592804453579432,9.999898,3.000562,10.000555,0.999965,-0.003156,-0.007778,0.000070
1592804453612857,9.999864,3.000656,10.000406,0.999965,-0.003164,-0.007768,0.000090
1592804453646425,9.999830,3.000503,10.000353,0.999965,-0.003148,-0.007749,0.000080
1592804453678261,9.999801,3.000679,10.000233,0.999965,-0.003170,-0.007725,0.000088
1592804453709082,9.999750,3.000500,10.000084,0.999965,-0.003168,-0.007681,0.000090
1592804453744463,9.999613,3.000704,10.000051,0.999966,-0.003166,-0.007677,0.000108
1592804453775497,9.999537,3.001213,10.000014,0.999966,-0.003168,-0.007672,0.000117
1592804453810900,9.999544,3.001368,10.000140,0.999966,-0.003153,-0.007666,0.000106
1592804453842260,9.999750,3.000720,10.000343,0.999966,-0.003151,-0.007688,0.000110
1592804453873158,9.999736,3.001243,10.000342,0.999966,-0.003137,-0.007684,0.000132
1592804453905073,9.999712,3.001256,10.000501,0.999966,-0.003131,-0.007684,0.000090
1592804453937431,9.999442,3.001391,10.000261,0.999966,-0.003150,-0.007667,0.000088
1592804453968444,9.999606,3.001066,10.000141,0.999966,-0.003163,-0.007672,0.000050
1592804453999223,9.999669,3.001236,10.000372,0.999966,-0.003160,-0.007680,0.000018
1592804454032107,9.999768,3.001197,10.000432,0.999965,-0.003149,-0.007704,0.000005
1592804454062898,9.999853,3.001018,10.000211,0.999966,-0.003158,-0.007668,0.000016
1592804454094523,10.000044,3.000980,10.000558,0.999966,-0.003137,-0.007680,-0.000004
1592804454126872,9.999872,3.000951,10.000426,0.999966,-0.003145,-0.007686,-0.000002
1592804454158233,9.999970,3.001029,10.000484,0.999965,-0.003137,-0.007715,-0.000022
1592804454189852,9.999905,3.000888,10.000186,0.999965,-0.003140,-0.007715,-0.000026
1592804454221592,10.000022,3.000870,10.000218,0.999965,-0.003128,-0.007747,-0.000028
1592804454253761,9.999988,3.000806,10.000250,0.999965,-0.003162,-0.007743,0.000002
1592804454287219,9.999934,3.000678,10.000619,0.999965,-0.003176,-0.007790,0.000014
1592804454321152,9.999949,3.000623,10.000396,0.999965,-0.003157,-0.007752,0.000005
1592804454357665,9.999875,3.000708,10.000510,0.999965,-0.003173,-0.007761,0.000026
1592804454395347,9.999800,3.000827,10.000547,0.999965,-0.003173,-0.007747,0.000020
1592804454427060,9.999879,3.000626,10.000542,0.999965,-0.003164,-0.007712,0.000029
1592804454458404,9.999785,3.000880,10.000607,0.999965,-0.003158,-0.007702,-0.000008
1592804454491629,9.999908,3.001051,10.000422,0.999965,-0.003173,-0.007684,0.000046
1592804454526435,10.000049,3.000924,10.000450,0.999965,-0.003152,-0.007705,0.000024
1592804454559518,9.999866,3.000923,10.000307,0.999965,-0.003164,-0.007684,0.000024
1592804454591489,9.999738,3.001019,10.000282,0.999966,-0.003172,-0.007664,-0.000007
1592804454626227,9.999746,3.001038,10.000249,0.999966,-0.003192,-0.007668,0.000004
1592804454660119,9.999928,3.000801,10.000329,0.999965,-0.003190,-0.007695,-0.000016
1592804454692705,10.000000,3.000893,10.000335,0.999965,-0.003177,-0.007709,-0.000005
1592804454727161,10.000030,3.000854,10.000370,0.999965,-0.003175,-0.007738,-0.000011
1592804454761012,9.999988,3.000905,10.000378,0.999965,-0.003181,-0.007716,-0.000026
1592804454793445,10.000080,3.000878,10.000427,0.999965,-0.003165,-0.007751,-0.000036
1592804454825892,10.000020,3.000684,10.000253,0.999965,-0.003178,-0.007743,-0.000051
1592804454858466,10.000038,3.000549,10.000282,0.999965,-0.003200,-0.007724,-0.000054
1592804454892379,10.000232,3.000547,10.000554,0.999965,-0.003179,-0.007756,-0.000059
1592804454925974,10.000240,3.000771,10.000507,0.999965,-0.003172,-0.007760,-0.000039
1592804454960326,10.000153,3.000583,10.000497,0.999965,-0.003164,-0.007768,-0.000055
1592804454995304,10.000153,3.000611,10.000365,0.999965,-0.003163,-0.007712,-0.000027
1592804455027911,10.000081,3.000710,10.000421,0.999965,-0.003158,-0.007767,-0.000031
1592804455060709,10.000146,3.000786,10.000567,0.999965,-0.003181,-0.007769,-0.000034
1592804455093332,10.000045,3.000923,10.000807,0.999965,-0.003218,-0.007763,-0.000027
1592804455127272,10.000006,3.000717,10.000808,0.999965,-0.003215,-0.007762,-0.000057
1592804455161252,10.000036,3.000703,10.000548,0.999965,-0.003233,-0.007756,-0.000035
1592804455194200,10.000137,3.000337,10.000333,0.999965,-0.003218,-0.007735,-0.000046
1592804455226348,10.000164,3.000501,10.000491,0.999965,-0.003215,-0.007736,-0.000042
1592804455259100,10.000172,3.000553,10.000242,0.999965,-0.003225,-0.007704,-0.000031
1592804455292639,10.000036,3.000806,10.000243,0.999965,-0.003246,-0.007710,-0.000005
1592804455326323,9.999965,3.000638,10.000331,0.999965,-0.003245,-0.007708,0.000000
1592804455359711,9.999878,3.000795,10.000241,0.999965,-0.003234,-0.007705,-0.000025
1592804455391867,10.000104,3.000432,10.000556,0.999965,-0.003208,-0.007733,-0.000014
1592804455425409,9.999968,3.000531,10.000454,0.999965,-0.003203,-0.007693,-0.000034
1592804455458045,9.999894,3.000763,10.000335,0.999965,-0.003215,-0.007667,-0.000037
1592804455490639,9.999852,3.000868,10.000179,0.999965,-0.003233,-0.007665,-0.000008
1592804455523589,9.999867,3.000965,10.000369,0.999965,-0.003222,-0.007688,-0.000007
1592804455556839,9.999989,3.000599,10.000221,0.999965,-0.003223,-0.007679,-0.000001
1592804455593216,10.000022,3.000557,10.000239,0.999965,-0.003203,-0.007695,0.000007
1592804455629100,10.000037,3.000789,10.000146,0.999965,-0.003193,-0.007691,0.000027
1592804455664626,9.999990,3.000905,10.000287,0.999965,-0.003189,-0.007695,-0.000006
1592804455697363,9.999936,3.000928,10.000126,0.999965,-0.003189,-0.007707,0.000008
1592804455728955,9.999846,3.000930,10.000230,0.999965,-0.003169,-0.007698,0.000012
1592804455760412,9.999866,3.000970,10.000383,0.999965,-0.003176,-0.007704,0.000004
1592804455791926,9.999863,3.000922,10.000446,0.999965,-0.003175,-0.007716,-0.000013
1592804455823833,9.999791,3.000777,10.000328,0.999965,-0.003188,-0.007712,0.000022
1592804455855823,9.999946,3.000567,10.000510,0.999965,-0.003178,-0.007723,-0.000008
1592804455888283,10.000046,3.000630,10.000584,0.999965,-0.003167,-0.007703,-0.000038
1592804455920260,10.000069,3.000777,10.000267,0.999965,-0.003177,-0.007690,-0.000010
1592804455951432,10.000004,3.000848,10.000188,0.999965,-0.003183,-0.007705,-0.000004
1592804455981871,10.000059,3.000586,10.000365,0.999965,-0.003211,-0.007688,0.000019
1592804456016219,9.999986,3.000450,10.000275,0.999965,-0.003192,-0.007702,-0.000006
