1592806328696387,5.000003,1.000658,5.000216,0.999972,-0.002104,-0.007176,0.000009
1592806328750279,4.999976,1.000396,5.000175,0.999972,-0.002135,-0.007204,0.000007
1592806328783605,4.999980,1.000293,5.000149,0.999972,-0.002122,-0.007219,0.000015
1592806328818852,4.999980,1.000344,5.000171,0.999972,-0.002113,-0.007217,0.000030
1592806328854411,4.999994,1.000410,5.000110,0.999972,-0.002118,-0.007230,0.000012
1592806328892097,4.999996,1.000526,5.000113,0.999972,-0.002109,-0.007245,0.000018
1592806328927801,5.000033,1.000520,5.000077,0.999972,-0.002104,-0.007227,0.000004
1592806328967137,5.000013,1.000705,5.000209,0.999972,-0.002107,-0.007231,0.000032
1592806329007454,4.999964,1.000794,5.000112,0.999972,-0.002125,-0.007223,0.000052
1592806329058723,4.999961,1.000434,5.000044,0.999972,-0.002108,-0.007223,0.000035
1592806329108547,4.999973,1.000719,4.999745,0.999972,-0.002078,-0.007135,0.000024
1592806329148272,4.999985,1.000311,5.000237,0.999971,-0.002074,-0.007310,0.000030
1592806329182491,4.999975,1.000313,5.000230,0.999971,-0.002080,-0.007267,0.000001
1592806329216233,5.000000,1.000339,5.000165,0.999972,-0.002085,-0.007201,0.000038
1592806329250918,4.999989,1.000350,5.000198,0.999972,-0.002075,-0.007229,0.000012
1592806329284343,4.999979,1.000298,5.000154,0.999972,-0.002067,-0.007201,0.000009
1592806329317772,4.999975,1.000361,5.000207,0.999972,-0.002079,-0.007213,-0.000014
1592806329350153,4.999989,1.000398,5.000166,0.999972,-0.002074,-0.007212,0.000012
1592806329384099,4.999974,1.000324,5.000190,0.999972,-0.002087,-0.007194,0.000017
1592806329418753,4.999979,1.000340,5.000167,0.999972,-0.002077,-0.007210,0.000016
1592806329452935,4.999995,1.000350,5.000158,0.999972,-0.002082,-0.007243,-0.000011
1592806329488088,4.999995,1.000348,5.000193,0.999971,-0.002085,-0.007274,-0.000018
1592806329521383,5.000007,1.000340,5.000050,0.999972,-0.002083,-0.007237,-0.000009
1592806329558364,5.000005,1.000429,5.000111,0.999972,-0.002107,-0.007224,-0.000032
1592806329596316,4.999992,1.000524,5.000114,0.999972,-0.002090,-0.007229,-0.000044
1592806329629774,4.999991,1.000562,5.000162,0.999972,-0.002070,-0.007229,-0.000077
1592806329663531,4.999991,1.000544,4.999862,0.999972,-0.002072,-0.007193,-0.000051
1592806329696739,5.000035,1.000480,5.000173,0.999971,-0.002063,-0.007279,-0.000040
1592806329730665,4.999991,1.000517,5.000314,0.999971,-0.002093,-0.007277,-0.000035
1592806329762204,4.999998,1.000584,5.000288,0.999972,-0.002096,-0.007247,-0.000011
1592806329795198,4.999992,1.000539,5.000207,0.999972,-0.002111,-0.007215,0.000011
1592806329827193,4.999973,1.000564,5.000182,0.999972,-0.002157,-0.007190,0.000024
1592806329857687,4.999963,1.000404,5.000097,0.999972,-0.002132,-0.007169,0.000022
1592806329889562,4.999967,1.000468,5.000135,0.999972,-0.002129,-0.007182,0.000017
1592806329921307,5.000003,1.000378,5.000111,0.999972,-0.002135,-0.007158,0.000012
1592806329953581,5.000001,1.000324,5.000124,0.999972,-0.002143,-0.007181,0.000020
1592806329984246,4.999972,1.000295,5.000214,0.999972,-0.002156,-0.007209,-0.000016
1592806330019155,4.999977,1.000310,5.000169,0.999972,-0.002147,-0.007206,0.000006
1592806330056576,4.999976,1.000404,5.000210,0.999972,-0.002118,-0.007196,0.000005
1592806330091888,4.999986,1.000465,5.000196,0.999972,-0.002103,-0.007180,0.000010
1592806330126264,4.999997,1.000471,5.000137,0.999972,-0.002109,-0.007163,0.000019
1592806330161231,5.000002,1.000511,5.000141,0.999972,-0.002116,-0.007174,0.000012
1592806330194771,4.999969,1.000488,5.000217,0.999972,-0.002120,-0.007204,0.000012
1592806330229045,4.999981,1.000539,5.000140,0.999972,-0.002117,-0.007187,0.000001
1592806330263640,4.999991,1.000613,5.000196,0.999972,-0.002113,-0.007189,0.000014
1592806330297349,4.999997,1.000504,5.000109,0.999972,-0.002137,-0.007178,0.000014
1592806330333575,5.000010,1.000539,5.000204,0.999972,-0.002122,-0.007193,0.000025
1592806330371470,4.999980,1.000690,5.000193,0.999972,-0.002136,-0.007169,0.000034
1592806330406211,4.999989,1.000684,5.000106,0.999972,-0.002142,-0.007180,0.000033
1592806330442708,4.999973,1.000670,5.000037,0.999972,-0.002146,-0.007172,0.000030
1592806330477419,5.000002,1.000801,5.000083,0.999972,-0.002162,-0.007179,0.000051
1592806330512188,5.000004,1.000803,5.000133,0.999972,-0.002186,-0.007183,0.000036
1592806330546717,5.000000,1.000182,5.000093,0.999972,-0.002199,-0.007182,0.000060
1592806330579987,4.999980,1.000281,5.000126,0.999972,-0.002180,-0.007201,0.000042
1592806330612516,4.999966,1.000865,5.000155,0.999972,-0.002212,-0.007182,0.000058
1592806330643692,4.999968,1.000857,5.000154,0.999972,-0.002245,-0.007174,0.000054
1592806330675254,4.999985,1.000733,5.000149,0.999972,-0.002238,-0.007203,0.000047
1592806330707547,4.999976,1.000647,5.000037,0.999972,-0.002244,-0.007175,0.000061
1592806330738183,5.000020,1.000655,5.000163,0.999972,-0.002255,-0.007198,0.000007
1592806330769815,4.999999,1.000610,5.000114,0.999972,-0.002225,-0.007181,0.000050
1592806330801698,4.999973,1.000602,5.000157,0.999972,-0.002209,-0.007196,0.000033
1592806330831928,4.999948,1.000501,5.000162,0.999972,-0.002214,-0.007204,0.000007
1592806330866126,4.999969,1.000526,5.000123,0.999972,-0.002200,-0.007195,0.000006
1592806330901883,4.999972,1.000424,4.999834,0.999972,-0.002209,-0.007133,0.000042
1592806330937590,5.000000,1.000549,5.000124,0.999972,-0.002203,-0.007196,0.000047
1592806330974744,5.000018,1.000637,5.000308,0.999972,-0.002204,-0.007201,0.000052
1592806331010203,4.999990,1.000796,5.000248,0.999972,-0.002188,-0.007218,0.000045
1592806331048037,4.999980,1.000308,5.000146,0.999972,-0.002191,-0.007211,0.000053
1592806331082607,4.999973,1.000225,5.000154,0.999972,-0.002200,-0.007219,0.000030
1592806331115461,4.999995,1.000205,5.000104,0.999972,-0.002181,-0.007212,0.000039
1592806331149448,5.000005,1.000274,5.000152,0.999972,-0.002182,-0.007172,0.000042
1592806331185881,4.999992,1.000310,5.000187,0.999972,-0.002188,-0.007191,0.000043
1592806331220975,4.999975,1.000348,5.000231,0.999972,-0.002218,-0.007194,0.000047
1592806331255053,4.999967,1.000245,4.999842,0.999972,-0.002221,-0.007146,0.000058
1592806331287822,4.999996,1.000356,5.000105,0.999972,-0.002190,-0.007159,0.000065
1592806331320955,4.999986,1.000314,5.000125,0.999972,-0.002204,-0.007152,0.000061
1592806331355144,4.999977,1.000347,5.000224,0.999972,-0.002194,-0.007178,0.000041
1592806331393624,4.999971,1.000471,5.000136,0.999972,-0.002174,-0.007173,0.000053
1592806331430991,4.999980,1.000482,5.000139,0.999972,-0.002194,-0.007174,0.000058
1592806331470753,4.999976,1.000655,5.000129,0.999972,-0.002195,-0.007173,0.000050
1592806331507417,4.999954,1.000641,4.999979,0.999972,-0.002188,-0.007162,0.000025
1592806331541669,4.999984,1.000584,5.000000,0.999972,-0.002191,-0.007184,-0.000004
1592806331574858,4.999990,1.000615,5.000273,0.999972,-0.002183,-0.007196,0.000001
1592806331608334,5.000013,1.000611,5.000189,0.999972,-0.002176,-0.007216,0.000021
1592806331640629,4.999974,1.000493,5.000120,0.999972,-0.002193,-0.007172,0.000015
1592806331670682,5.000000,1.000505,5.000158,0.999972,-0.002186,-0.007189,-0.000001
1592806331701575,4.999969,1.000524,5.000102,0.999971,-0.002184,-0.007239,-0.000011
1592806331736134,4.999959,1.000463,4.999709,0.999972,-0.002197,-0.007155,-0.000027
1592806331767795,5.000040,1.000561,5.000143,0.999972,-0.002175,-0.007225,-0.000031
1592806331799978,5.000014,1.000498,5.000303,0.999972,-0.002211,-0.007202,0.000006
1592806331832017,4.999993,1.000597,5.000256,0.999972,-0.002210,-0.007202,-0.000014
1592806331863562,4.999995,1.000552,5.000206,0.999972,-0.002216,-0.007194,-0.000025
1592806331895639,5.000011,1.000406,5.000080,0.999972,-0.002204,-0.007158,-0.000021
1592806331926918,5.000004,1.000337,5.000067,0.999972,-0.002198,-0.007150,-0.000001
1592806331958528,4.999990,1.000394,5.000149,0.999972,-0.002201,-0.007162,-0.000003
1592806331992146,4.999978,1.000389,5.000093,0.999972,-0.002199,-0.007138,0.000007
1592806332024862,5.000007,1.000395,5.000225,0.999972,-0.002225,-0.007154,0.000031
1592806332058690,4.999982,1.000400,5.000159,0.999972,-0.002224,-0.007145,0.000048
1592806332101342,4.999969,1.000499,5.000045,0.999972,-0.002216,-0.007132,0.000016
1592806332137708,4.999972,1.000575,4.999995,0.999972,-0.002209,-0.007152,-0.000021
1592806332172885,4.999992,1.000655,5.000195,0.999972,-0.002214,-0.007142,-0.000032
1592806332209835,4.999991,1.000692,5.000182,0.999972,-0.002217,-0.007151,-0.000061
1592806332244831,5.000000,1.000634,5.000112,0.999972,-0.002199,-0.007148,-0.000067
1592806332280783,5.000028,1.000172,5.000077,0.999972,-0.002185,-0.007198,-0.000062
1592806332322124,4.999995,1.000405,5.000148,0.999972,-0.002219,-0.007146,-0.000060
1592806332361967,4.999964,1.000448,5.000172,0.999972,-0.002209,-0.007174,-0.000054
1592806332399841,4.999970,1.000558,5.000124,0.999972,-0.002216,-0.007153,-0.000063
1592806332435516,4.999993,1.000516,5.000151,0.999972,-0.002212,-0.007170,-0.000045
1592806332468900,4.999991,1.000549,5.000083,0.999972,-0.002205,-0.007174,-0.000034
1592806332503388,5.000023,1.000507,5.000203,0.999972,-0.002170,-0.007222,-0.000039
1592806332536634,5.000018,1.000602,5.000057,0.999972,-0.002176,-0.007214,-0.000050
1592806332568383,5.000041,1.000598,5.000158,0.999972,-0.002156,-0.007226,-0.000036
1592806332601753,4.999992,1.000580,5.000140,0.999972,-0.002167,-0.007236,-0.000037
1592806332636513,4.999998,1.000561,5.000090,0.999972,-0.002168,-0.007237,-0.000038
1592806332669059,4.999981,1.000584,5.000197,0.999971,-0.002180,-0.007258,-0.000049
1592806332702920,4.999977,1.000567,5.000198,0.999971,-0.002205,-0.007248,-0.000043
1592806332736567,4.999972,1.000613,5.000154,0.999971,-0.002183,-0.007238,-0.000066
1592806332768439,4.999989,1.000436,5.000050,0.999972,-0.002188,-0.007188,-0.000056
1592806332801738,5.000018,1.000539,5.000154,0.999972,-0.002200,-0.007209,-0.000066
1592806332834032,4.999974,1.000519,5.000213,0.999972,-0.002226,-0.007208,-0.000034
1592806332867291,4.999960,1.000453,5.000056,0.999972,-0.002206,-0.007194,-0.000034
1592806332907619,4.999989,1.000642,5.000171,0.999972,-0.002216,-0.007208,-0.000040
1592806332946249,4.999989,1.000265,5.000194,0.999971,-0.002209,-0.007240,-0.000050
1592806332982757,4.999984,1.000236,5.000077,0.999971,-0.002205,-0.007235,-0.000032
1592806333015134,4.999990,1.000131,5.000100,0.999972,-0.002198,-0.007220,-0.000027
1592806333049419,5.000001,1.000233,5.000167,0.999972,-0.002194,-0.007213,-0.000028
1592806333083728,5.000001,1.000254,5.000156,0.999972,-0.002179,-0.007194,-0.000056
1592806333119461,4.999999,1.000246,5.000107,0.999972,-0.002183,-0.007191,-0.000047
1592806333152922,5.000027,1.000270,5.000133,0.999972,-0.002193,-0.007185,-0.000040
1592806333188422,4.999992,1.000323,5.000264,0.999972,-0.002180,-0.007209,-0.000064
1592806333221058,4.999968,1.000390,5.000182,0.999972,-0.002190,-0.007186,-0.000041
1592806333253962,4.999980,1.000352,5.000185,0.999972,-0.002196,-0.007195,-0.000053
1592806333287096,4.999995,1.000286,5.000208,0.999972,-0.002171,-0.007216,-0.000056
1592806333320085,5.000004,1.000265,5.000136,0.999972,-0.002168,-0.007206,-0.000055
1592806333353289,5.000005,1.000352,5.000178,0.999972,-0.002155,-0.007229,-0.000023
1592806333386800,5.000001,1.000333,5.000099,0.999972,-0.002163,-0.007234,-0.000038
1592806333419663,5.000020,1.000292,5.000151,0.999971,-0.002179,-0.007237,-0.000011
1592806333453111,4.999997,1.000311,5.000241,0.999971,-0.002192,-0.007254,-0.000026
1592806333485119,5.000016,1.000210,5.000103,0.999972,-0.002200,-0.007224,-0.000035
1592806333519125,4.999994,1.000236,5.000054,0.999972,-0.002210,-0.007215,-0.000020
1592806333552665,5.000008,1.000251,5.000093,0.999972,-0.002244,-0.007185,0.000024
1592806333586113,4.999995,1.000223,5.000090,0.999971,-0.002241,-0.007233,0.000014
1592806333618923,4.999987,1.000293,5.000131,0.999971,-0.002232,-0.007224,0.000030
1592806333651871,4.999973,1.000251,5.000129,0.999972,-0.002231,-0.007211,0.000019
1592806333686009,4.999996,1.000238,5.000160,0.999972,-0.002223,-0.007201,-0.000004
1592806333719404,5.000011,1.000240,5.000105,0.999972,-0.002238,-0.007194,0.000007
1592806333752615,4.999987,1.000219,5.000102,0.999972,-0.002248,-0.007193,0.000032
1592806333785268,4.999979,1.000166,4.999812,0.999972,-0.002266,-0.007141,0.000061
1592806333817815,5.000012,1.000183,5.000041,0.999972,-0.002263,-0.007191,0.000044
1592806333852505,5.000008,1.000245,5.000147,0.999972,-0.002278,-0.007187,0.000061
1592806333886080,4.999969,1.000203,5.000179,0.999972,-0.002282,-0.007186,0.000059
1592806333921431,4.999946,1.000289,5.000108,0.999972,-0.002251,-0.007193,0.000028
1592806333958174,4.999965,1.000253,4.999913,0.999972,-0.002253,-0.007187,0.000061
1592806333990407,5.000013,1.000315,5.000129,0.999972,-0.002247,-0.007205,0.000035
1592806334023074,4.999978,1.000113,4.999715,0.999972,-0.002258,-0.007151,0.000021
1592806334057130,5.000006,1.000287,5.000129,0.999971,-0.002262,-0.007217,0.000026
1592806334092194,5.000007,1.000343,5.000224,0.999971,-0.002256,-0.007212,0.000031
1592806334126502,5.000005,1.000344,5.000180,0.999972,-0.002257,-0.007198,0.000032
1592806334159550,4.999972,1.000327,5.000131,0.999971,-0.002253,-0.007211,0.000053
1592806334193240,4.999952,1.000266,5.000099,0.999972,-0.002256,-0.007189,0.000058
1592806334226141,4.999940,1.000343,5.000080,0.999972,-0.002261,-0.007199,0.000058
1592806334259347,4.999979,1.000312,5.000136,0.999972,-0.002264,-0.007186,0.000051
1592806334292300,4.999990,1.000268,5.000005,0.999972,-0.002223,-0.007166,0.000016
1592806334325021,4.999987,1.000326,5.000142,0.999972,-0.002232,-0.007211,0.000012
1592806334357004,4.999975,1.000303,5.000124,0.999972,-0.002224,-0.007198,0.000006
1592806334389359,4.999994,1.000197,5.000192,0.999972,-0.002250,-0.007187,0.000033
1592806334421556,4.999967,1.000261,5.000098,0.999972,-0.002244,-0.007184,0.000033
1592806334452783,4.999969,1.000194,5.000092,0.999972,-0.002262,-0.007154,0.000040
1592806334484890,4.999992,1.000267,5.000062,0.999972,-0.002243,-0.007197,0.000044
1592806334519470,4.999998,1.000188,5.000038,0.999972,-0.002215,-0.007167,0.000032
1592806334553525,4.999983,1.000200,5.000084,0.999972,-0.002218,-0.007168,0.000034
1592806334586704,4.999980,1.000293,5.000188,0.999972,-0.002230,-0.007172,0.000023
1592806334619842,5.000009,1.000296,5.000093,0.999972,-0.002224,-0.007155,0.000007
1592806334653253,5.000022,1.000199,5.000096,0.999972,-0.002202,-0.007110,0.000012
1592806334687026,5.000007,1.000242,5.000082,0.999972,-0.002220,-0.007117,0.000022
1592806334720646,4.999972,1.000262,5.000110,0.999972,-0.002226,-0.007139,0.000004
1592806334753087,4.999976,1.000204,5.000140,0.999972,-0.002208,-0.007124,-0.000008
1592806334786260,4.999976,1.000256,5.000196,0.999972,-0.002203,-0.007142,0.000019
1592806334819666,4.999975,1.000265,5.000162,0.999972,-0.002214,-0.007161,0.000047
1592806334853913,4.999958,1.000214,5.000169,0.999972,-0.002230,-0.007169,0.000041
1592806334889767,4.999973,1.000324,5.000123,0.999972,-0.002190,-0.007165,0.000013
1592806334925941,5.000008,1.000323,5.000067,0.999972,-0.002195,-0.007156,0.000046
1592806334959336,4.999996,1.000314,5.000085,0.999972,-0.002177,-0.007156,0.000026
1592806334993217,4.999995,1.000345,5.000134,0.999972,-0.002177,-0.007170,0.000022
1592806335032269,4.999961,1.000369,5.000100,0.999972,-0.002180,-0.007190,0.000035
1592806335068991,5.000007,1.000448,4.999981,0.999972,-0.002178,-0.007182,-0.000003
1592806335105817,5.000004,1.000543,5.000054,0.999972,-0.002189,-0.007192,0.000003
1592806335141865,5.000002,1.000528,5.000262,0.999972,-0.002185,-0.007207,0.000021
1592806335179585,4.999996,1.000184,5.000151,0.999972,-0.002179,-0.007202,-0.000015
1592806335218256,5.000002,1.000189,5.000141,0.999972,-0.002165,-0.007186,-0.000011
1592806335251856,5.000001,1.000218,5.000124,0.999972,-0.002171,-0.007186,-0.000004
1592806335283660,5.000020,1.000130,5.000149,0.999972,-0.002193,-0.007197,-0.000041
1592806335319168,5.000018,1.000266,5.000201,0.999972,-0.002185,-0.007197,-0.000023
1592806335350552,5.000003,1.000263,5.000149,0.999972,-0.002199,-0.007192,0.000017
1592806335383036,4.999956,1.000132,4.999807,0.999972,-0.002225,-0.007167,0.000029
1592806335415037,4.999994,1.000146,5.000018,0.999972,-0.002209,-0.007193,0.000007
1592806335449315,5.000029,1.000221,5.000168,0.999972,-0.002201,-0.007213,0.000012
1592806335484010,5.000000,1.000215,5.000205,0.999972,-0.002192,-0.007195,0.000001
1592806335517983,4.999978,1.000158,5.000159,0.999972,-0.002190,-0.007203,-0.000010
1592806335550354,4.999995,1.000206,5.000172,0.999972,-0.002188,-0.007208,-0.000013
1592806335583277,5.000007,1.000156,5.000172,0.999972,-0.002188,-0.007221,-0.000046
1592806335615873,4.999999,1.000207,5.000179,0.999972,-0.002191,-0.007217,-0.000028
1592806335648280,4.999999,1.000142,5.000120,0.999972,-0.002189,-0.007211,-0.000037
1592806335681889,4.999996,1.000181,5.000113,0.999972,-0.002181,-0.007199,-0.000048
1592806335715866,4.999998,1.000219,5.000175,0.999972,-0.002201,-0.007217,-0.000049
1592806335751691,4.999996,1.000227,5.000134,0.999972,-0.002206,-0.007205,-0.000059
1592806335785732,5.000005,1.000219,5.000127,0.999971,-0.002215,-0.007225,-0.000038
1592806335820718,4.999976,1.000218,5.000121,0.999971,-0.002187,-0.007238,-0.000037
1592806335855333,5.000006,1.000260,5.000083,0.999972,-0.002191,-0.007223,-0.000044
1592806335887599,4.999985,1.000220,5.000118,0.999972,-0.002192,-0.007231,-0.000032
1592806335919802,4.999988,1.000224,5.000220,0.999972,-0.002191,-0.007202,-0.000006
1592806335953550,4.999999,1.000247,5.000152,0.999972,-0.002221,-0.007207,-0.000020
1592806335987188,4.999985,1.000092,4.999802,0.999972,-0.002199,-0.007180,-0.000003
1592806336022239,5.000016,1.000273,5.000059,0.999972,-0.002185,-0.007216,0.000004
1592806336058623,5.000025,1.000349,5.000202,0.999972,-0.002200,-0.007218,-0.000001
1592806336095361,5.000005,1.000281,5.000038,0.999972,-0.002205,-0.007177,-0.000007
1592806336129378,4.999997,1.000309,5.000077,0.999972,-0.002203,-0.007179,-0.000002
1592806336165774,4.999996,1.000426,5.000244,0.999972,-0.002202,-0.007202,-0.000012
1592806336201919,4.999980,1.000463,5.000131,0.999972,-0.002216,-0.007193,-0.000031
1592806336236931,4.999997,1.000513,5.000154,0.999972,-0.002186,-0.007204,-0.000038
1592806336271042,5.000009,1.000456,5.000139,0.999972,-0.002217,-0.007185,-0.000047
1592806336305582,5.000013,1.000426,5.000136,0.999972,-0.002187,-0.007202,-0.000018
1592806336339558,5.000013,1.000411,4.999852,0.999972,-0.002202,-0.007176,0.000002
1592806336374542,5.000042,1.000500,5.000103,0.999972,-0.002186,-0.007181,0.000007
1592806336408294,5.000027,1.000670,5.000227,0.999972,-0.002190,-0.007179,0.000013
1592806336441695,4.999981,1.000539,5.000175,0.999972,-0.002201,-0.007157,0.000005
1592806336474579,5.000018,1.000696,5.000059,0.999972,-0.002194,-0.007135,-0.000024
1592806336508010,5.000023,1.000473,5.000067,0.999972,-0.002229,-0.007106,0.000005
1592806336540560,5.000004,1.000524,5.000071,0.999972,-0.002246,-0.007110,0.000024
1592806336573585,4.999993,1.000566,5.000185,0.999972,-0.002263,-0.007095,0.000037
1592806336607703,4.999994,1.000513,5.000112,0.999972,-0.002258,-0.007091,0.000033
1592806336640426,5.000009,1.000477,5.000010,0.999972,-0.002238,-0.007132,0.000045
1592806336672147,5.000015,1.000374,5.000162,0.999972,-0.002245,-0.007169,0.000007
1592806336704976,4.999958,1.000341,5.000063,0.999972,-0.002235,-0.007185,-0.000008
1592806336738866,4.999997,1.000547,5.000076,0.999972,-0.002248,-0.007197,-0.000006
1592806336772586,5.000012,1.000497,5.000135,0.999972,-0.002240,-0.007214,-0.000031
1592806336806405,5.000009,1.000433,5.000162,0.999971,-0.002221,-0.007228,-0.000042
1592806336839761,5.000006,1.000448,5.000041,0.999971,-0.002247,-0.007264,-0.000046
1592806336873556,5.000025,1.000441,4.999979,0.999971,-0.002247,-0.007250,-0.000077
1592806336907542,5.000007,1.000403,5.000084,0.999971,-0.002262,-0.007243,-0.000069
1592806336939738,5.000033,1.000483,5.000156,0.999971,-0.002271,-0.007237,-0.000062
1592806336974040,5.000005,1.000526,5.000235,0.999971,-0.002288,-0.007262,-0.000073
1592806337010902,5.000012,1.000574,5.000104,0.999971,-0.002287,-0.007211,-0.000072
1592806337046787,5.000036,1.000458,5.000025,0.999972,-0.002265,-0.007211,-0.000067
1592806337079802,4.999986,1.000054,4.999798,0.999972,-0.002289,-0.007187,-0.000036
1592806337117516,5.000003,1.000160,4.999998,0.999972,-0.002272,-0.007176,-0.000054
1592806337151373,4.999990,1.000228,5.000183,0.999972,-0.002260,-0.007186,-0.000032
1592806337184956,4.999969,1.000199,5.000256,0.999972,-0.002294,-0.007153,-0.000035
1592806337219272,4.999960,1.000246,5.000175,0.999972,-0.002246,-0.007156,-0.000029
1592806337255890,4.999992,1.000253,5.000144,0.999972,-0.002271,-0.007186,-0.000033
1592806337289948,4.999997,1.000235,5.000159,0.999972,-0.002234,-0.007190,-0.000029
1592806337324375,5.000009,1.000228,5.000165,0.999972,-0.002257,-0.007149,-0.000039
1592806337357526,4.999982,1.000303,5.000185,0.999972,-0.002244,-0.007191,-0.000058
1592806337390418,4.999999,1.000198,5.000020,0.999972,-0.002253,-0.007164,-0.000039
1592806337422036,5.000025,1.000162,5.000119,0.999972,-0.002256,-0.007167,-0.000037
1592806337456338,5.000003,1.000185,5.000070,0.999972,-0.002280,-0.007139,-0.000043
1592806337490019,5.000005,1.000217,5.000102,0.999972,-0.002260,-0.007137,-0.000040
1592806337523946,5.000021,1.000249,5.000134,0.999972,-0.002264,-0.007151,-0.000041
1592806337557496,4.999992,1.000341,5.000263,0.999972,-0.002272,-0.007174,-0.000043
1592806337591461,4.999996,1.000254,5.000161,0.999972,-0.002277,-0.007130,-0.000019
1592806337623902,4.999986,1.000175,5.000082,0.999972,-0.002274,-0.007163,-0.000046
1592806337657643,5.000001,1.000342,5.000198,0.999972,-0.002263,-0.007170,-0.000034
1592806337690688,4.999997,1.000246,5.000125,0.999972,-0.002288,-0.007175,-0.000029
1592806337724056,5.000017,1.000265,5.000117,0.999972,-0.002267,-0.007176,-0.000035
1592806337756967,5.000003,1.000288,5.000083,0.999972,-0.002261,-0.007163,-0.000027
1592806337794443,4.999992,1.000257,5.000052,0.999972,-0.002273,-0.007152,-0.000013
1592806337835042,4.999982,1.000346,5.000063,0.999972,-0.002253,-0.007162,-0.000036
1592806337872782,4.999978,1.000524,5.000235,0.999972,-0.002249,-0.007153,-0.000012
1592806337906240,4.999976,1.000408,5.000193,0.999972,-0.002247,-0.007164,-0.000015
1592806337938761,5.000008,1.000424,5.000089,0.999972,-0.002249,-0.007182,-0.000012
1592806337970697,4.999999,1.000367,4.999737,0.999972,-0.002244,-0.007158,0.000003
1592806338001880,5.000020,1.000394,5.000062,0.999972,-0.002221,-0.007191,-0.000014
1592806338036663,5.000014,1.000503,5.000155,0.999972,-0.002204,-0.007190,-0.000007
1592806338073289,5.000017,1.000465,5.000224,0.999972,-0.002242,-0.007189,0.000006
1592806338111478,4.999980,1.000122,5.000125,0.999972,-0.002233,-0.007174,0.000005
1592806338146981,5.000013,1.000124,5.000070,0.999972,-0.002215,-0.007194,0.000015
1592806338182520,5.000009,1.000187,5.000125,0.999972,-0.002223,-0.007159,0.000033
1592806338218475,4.999980,1.000165,5.000082,0.999972,-0.002243,-0.007163,0.000045
1592806338251888,4.999991,1.000211,5.000147,0.999972,-0.002205,-0.007163,0.000031
1592806338286461,4.999999,1.000236,5.000130,0.999972,-0.002219,-0.007172,0.000060
1592806338321506,4.999977,1.000174,5.000072,0.999972,-0.002266,-0.007173,0.000016
1592806338356307,4.999979,1.000240,5.000084,0.999972,-0.002269,-0.007181,0.000040
1592806338390622,5.000015,1.000196,5.000023,0.999972,-0.002250,-0.007166,0.000005
1592806338423972,5.000023,1.000202,5.000037,0.999972,-0.002233,-0.007151,-0.000004
1592806338455864,4.999998,1.000168,5.000103,0.999972,-0.002262,-0.007156,0.000001
1592806338489700,5.000001,1.000180,5.000022,0.999972,-0.002259,-0.007153,-0.000030
1592806338525087,5.000017,1.000221,4.999998,0.999972,-0.002249,-0.007160,-0.000038
1592806338558723,4.999998,1.000257,4.999816,0.999972,-0.002255,-0.007149,-0.000052
1592806338591547,5.000021,1.000213,5.000047,0.999972,-0.002238,-0.007137,-0.000059
1592806338624564,5.000019,1.000260,5.000216,0.999972,-0.002229,-0.007166,-0.000054
1592806338657868,5.000025,1.000286,5.000234,0.999972,-0.002245,-0.007177,-0.000043
1592806338690722,4.999974,1.000159,5.000103,0.999972,-0.002226,-0.007165,-0.000037
1592806338723575,4.999981,1.000159,5.000148,0.999972,-0.002250,-0.007168,-0.000022
1592806338757216,4.999990,1.000307,5.000173,0.999972,-0.002223,-0.007171,-0.000021
1592806338789440,4.999992,1.000164,5.000063,0.999972,-0.002254,-0.007152,-0.000013
1592806338821538,5.000021,1.000185,5.000080,0.999972,-0.002239,-0.007159,-0.000026
1592806338859969,5.000023,1.000211,5.000102,0.999972,-0.002266,-0.007167,-0.000021
1592806338892879,5.000017,1.000201,5.000195,0.999972,-0.002259,-0.007164,-0.000001
1592806338925022,4.999989,1.000175,5.000078,0.999972,-0.002247,-0.007180,-0.000004
1592806338957102,4.999991,1.000254,5.000136,0.999972,-0.002262,-0.007186,-0.000012
1592806338989078,5.000008,1.000226,5.000090,0.999972,-0.002257,-0.007174,-0.000042
1592806339023579,5.000014,1.000224,5.000072,0.999972,-0.002247,-0.007173,-0.000040
1592806339060109,5.000020,1.000202,5.000108,0.999972,-0.002261,-0.007144,-0.000011
1592806339096251,5.000004,1.000277,5.000116,0.999972,-0.002267,-0.007145,-0.000006
1592806339131187,4.999987,1.000328,5.000134,0.999972,-0.002275,-0.007130,-0.000031
1592806339164972,5.000021,1.000333,5.000064,0.999972,-0.002291,-0.007105,-0.000025
1592806339199912,5.000013,1.000291,5.000127,0.999972,-0.002274,-0.007132,-0.000034
1592806339235195,4.999982,1.000244,5.000126,0.999972,-0.002242,-0.007159,-0.000073
1592806339271269,5.000010,1.000472,5.000246,0.999972,-0.002262,-0.007141,-0.000033
1592806339306886,5.000005,1.000460,5.000206,0.999972,-0.002232,-0.007147,-0.000046
1592806339342484,4.999991,1.000509,5.000065,0.999972,-0.002224,-0.007147,-0.000052
1592806339377829,5.000040,1.000450,5.000090,0.999972,-0.002251,-0.007114,-0.000037
1592806339414639,5.000021,1.000455,5.000144,0.999972,-0.002282,-0.007134,-0.000002
1592806339451890,4.999981,1.000158,5.000040,0.999972,-0.002282,-0.007124,-0.000015
1592806339488556,5.000021,1.000205,5.000072,0.999972,-0.002280,-0.007125,-0.000005
1592806339524995,5.000003,1.000142,5.000023,0.999972,-0.002283,-0.007126,-0.000021
1592806339561273,5.000009,1.000353,5.000218,0.999972,-0.002291,-0.007132,-0.000005
1592806339603298,4.999976,1.000306,5.000205,0.999972,-0.002306,-0.007159,-0.000016
1592806339639191,4.999975,1.000438,5.000154,0.999972,-0.002286,-0.007158,-0.000020
1592806339675416,4.999972,1.000372,4.999613,0.999972,-0.002307,-0.007121,-0.000031
1592806339711311,5.000007,1.000079,5.000110,0.999972,-0.002284,-0.007130,-0.000043
1592806339746854,4.999997,1.000152,5.000207,0.999972,-0.002273,-0.007156,-0.000017
1592806339782566,4.999978,1.000133,5.000175,0.999972,-0.002265,-0.007175,-0.000002
1592806339818046,5.000021,1.000120,5.000136,0.999972,-0.002238,-0.007186,-0.000009
1592806339852839,5.000025,1.000168,5.000051,0.999972,-0.002246,-0.007177,-0.000003
1592806339888492,4.999995,1.000214,5.000117,0.999972,-0.002244,-0.007175,-0.000016
1592806339923854,4.999970,1.000156,4.999666,0.999972,-0.002248,-0.007153,-0.000028
1592806339959362,5.000009,1.000108,4.999630,0.999972,-0.002257,-0.007140,-0.000011
1592806339994725,5.000056,1.000232,5.000128,0.999972,-0.002261,-0.007163,-0.000052
1592806340030567,5.000000,1.000321,5.000124,0.999972,-0.002276,-0.007177,-0.000082
1592806340067085,4.999986,1.000439,5.000309,0.999972,-0.002299,-0.007183,-0.000077
1592806340103780,4.999988,1.000337,5.000173,0.999972,-0.002281,-0.007186,-0.000064
1592806340140678,4.999990,1.000506,5.000208,0.999972,-0.002250,-0.007191,-0.000066
1592806340177321,5.000006,1.000437,4.999756,0.999972,-0.002268,-0.007210,-0.000037
1592806340213893,5.000032,1.000419,5.000059,0.999971,-0.002271,-0.007215,-0.000016
1592806340249981,5.000029,1.000208,5.000098,0.999971,-0.002266,-0.007210,0.000014
1592806340286875,5.000007,1.000164,5.000153,0.999971,-0.002273,-0.007210,-0.000004
1592806340323109,4.999996,1.000230,5.000150,0.999971,-0.002318,-0.007200,-0.000029
1592806340359561,5.000013,1.000232,5.000150,0.999972,-0.002323,-0.007181,-0.000019
1592806340395847,5.000010,1.000285,5.000142,0.999972,-0.002305,-0.007169,0.000004
1592806340432801,4.999976,1.000294,5.000131,0.999972,-0.002313,-0.007165,0.000005
1592806340472671,5.000008,1.000339,5.000039,0.999972,-0.002294,-0.007162,0.000016
1592806340512538,4.999999,1.000096,5.000010,0.999972,-0.002286,-0.007161,0.000000
1592806340549284,4.999976,1.000122,5.000076,0.999972,-0.002295,-0.007169,0.000006
1592806340586214,4.999958,1.000169,5.000148,0.999972,-0.002309,-0.007167,0.000024
1592806340622670,4.999950,1.000148,5.000075,0.999972,-0.002309,-0.007153,-0.000017
1592806340659750,5.000009,1.000305,5.000144,0.999972,-0.002333,-0.007148,0.000008
1592806340696084,5.000004,1.000254,5.000213,0.999972,-0.002339,-0.007136,0.000004
1592806340732812,4.999983,1.000212,5.000062,0.999972,-0.002318,-0.007153,-0.000016
1592806340769346,5.000000,1.000347,5.000048,0.999972,-0.002326,-0.007143,0.000002
1592806340806148,4.999984,1.000369,4.999753,0.999972,-0.002328,-0.007148,0.000015
1592806340841956,5.000003,1.000434,5.000117,0.999972,-0.002334,-0.007162,-0.000002
1592806340877610,4.999984,1.000492,5.000129,0.999972,-0.002325,-0.007183,-0.000002
1592806340917584,5.000009,1.000069,5.000082,0.999972,-0.002323,-0.007159,-0.000006
1592806340956740,5.000004,1.000185,5.000229,0.999972,-0.002312,-0.007178,0.000019
1592806340994972,5.000007,1.000270,5.000252,0.999972,-0.002316,-0.007182,0.000008
1592806341030504,4.999969,1.000292,5.000103,0.999972,-0.002312,-0.007157,0.000023
1592806341066152,4.999978,1.000266,5.000087,0.999972,-0.002294,-0.007174,-0.000007
1592806341102570,4.999962,1.000310,5.000181,0.999972,-0.002272,-0.007181,0.000013
1592806341142054,4.999973,1.000426,5.000069,0.999972,-0.002259,-0.007201,0.000037
1592806341181005,4.999978,1.000102,5.000152,0.999972,-0.002254,-0.007176,0.000018
1592806341218272,4.999997,1.000104,5.000140,0.999972,-0.002280,-0.007178,0.000043
1592806341254568,5.000014,1.000179,5.000111,0.999972,-0.002276,-0.007168,0.000039
1592806341290834,4.999989,1.000233,5.000065,0.999972,-0.002260,-0.007156,0.000027
1592806341327415,4.999996,1.000173,5.000078,0.999972,-0.002269,-0.007150,0.000020
1592806341364658,5.000013,1.000119,4.999609,0.999972,-0.002277,-0.007127,0.000050
1592806341402291,5.000050,1.000275,4.999974,0.999972,-0.002312,-0.007119,0.000052
1592806341440066,5.000011,1.000419,5.000076,0.999972,-0.002299,-0.007148,0.000034
1592806341476813,4.999992,1.000354,5.000160,0.999972,-0.002299,-0.007151,0.000044
1592806341513724,4.999987,1.000165,5.000206,0.999972,-0.002293,-0.007128,0.000038
1592806341550006,5.000008,1.000115,5.000059,0.999972,-0.002269,-0.007108,0.000035
1592806341587002,4.999976,1.000122,5.000074,0.999972,-0.002274,-0.007109,0.000026
1592806341623827,4.999990,1.000242,5.000207,0.999972,-0.002282,-0.007106,0.000010
1592806341660460,4.999986,1.000210,5.000148,0.999972,-0.002289,-0.007125,0.000016
1592806341696864,5.000010,1.000267,5.000160,0.999972,-0.002291,-0.007131,0.000024
1592806341733416,4.999994,1.000302,5.000231,0.999972,-0.002278,-0.007175,0.000009
1592806341771727,4.999998,1.000331,5.000126,0.999972,-0.002289,-0.007184,0.000018
1592806341808361,4.999994,1.000394,5.000173,0.999972,-0.002279,-0.007202,-0.000000
1592806341844634,4.999991,1.000456,5.000244,0.999972,-0.002262,-0.007195,-0.000005
1592806341881739,4.999998,1.000153,5.000131,0.999972,-0.002237,-0.007204,-0.000017
1592806341919163,5.000008,1.000137,5.000090,0.999972,-0.002274,-0.007182,0.000001
1592806341955450,5.000003,1.000194,5.000128,0.999972,-0.002287,-0.007178,0.000012
1592806341990793,5.000004,1.000122,5.000076,0.999972,-0.002310,-0.007185,0.000031
1592806342027187,4.999976,1.000112,4.999982,0.999972,-0.002306,-0.007172,0.000032
1592806342062996,4.999965,1.000208,5.000066,0.999972,-0.002304,-0.007154,0.000017
1592806342099536,4.999979,1.000308,5.000045,0.999972,-0.002284,-0.007174,0.000005
1592806342136827,4.999990,1.000202,4.999743,0.999972,-0.002304,-0.007157,0.000025
1592806342173904,5.000023,1.000359,5.000247,0.999972,-0.002318,-0.007149,0.000041
1592806342210543,5.000001,1.000408,5.000118,0.999972,-0.002305,-0.007121,0.000025
1592806342246903,4.999936,1.000256,4.999624,0.999972,-0.002302,-0.007108,0.000002
1592806342284588,5.000001,1.000154,5.000205,0.999972,-0.002275,-0.007138,-0.000003
1592806342322745,5.000024,1.000176,5.000189,0.999972,-0.002273,-0.007108,-0.000004
1592806342360111,4.999981,1.000236,5.000212,0.999972,-0.002285,-0.007127,0.000008
1592806342397232,4.999962,1.000225,5.000107,0.999972,-0.002283,-0.007084,0.000018
1592806342433453,4.999990,1.000247,5.000149,0.999972,-0.002244,-0.007100,-0.000010
1592806342470657,4.999984,1.000294,5.000033,0.999972,-0.002230,-0.007108,-0.000037
1592806342507290,4.999972,1.000381,5.000141,0.999972,-0.002252,-0.007121,-0.000037
1592806342543903,4.999986,1.000079,5.000154,0.999972,-0.002246,-0.007159,-0.000024
1592806342580574,4.999978,1.000105,5.000076,0.999972,-0.002258,-0.007168,-0.000027
1592806342617523,5.000026,1.000125,5.000014,0.999972,-0.002267,-0.007155,-0.000042
1592806342653639,5.000022,1.000169,5.000139,0.999972,-0.002240,-0.007166,-0.000036
1592806342690679,4.999993,1.000197,5.000059,0.999972,-0.002241,-0.007141,-0.000024
1592806342727156,5.000012,1.000251,5.000102,0.999972,-0.002247,-0.007137,-0.000015
1592806342762985,4.999983,1.000254,5.000084,0.999972,-0.002266,-0.007118,0.000011
1592806342798664,4.999988,1.000263,4.999993,0.999972,-0.002271,-0.007119,0.000011
1592806342834382,4.999990,1.000299,5.000098,0.999972,-0.002290,-0.007109,-0.000013
1592806342878714,4.999989,1.000111,5.000062,0.999972,-0.002288,-0.007103,-0.000044
1592806342916079,4.999994,1.000143,5.000172,0.999972,-0.002284,-0.007114,-0.000022
1592806342952699,4.999971,1.000129,4.999777,0.999972,-0.002281,-0.007099,-0.000032
1592806342988538,5.000021,1.000156,5.000055,0.999972,-0.002300,-0.007125,-0.000026
1592806343024285,4.999991,1.000108,5.000119,0.999972,-0.002293,-0.007120,-0.000025
1592806343059448,4.999983,1.000145,4.999840,0.999972,-0.002302,-0.007095,-0.000015
1592806343094864,5.000025,1.000272,5.000212,0.999972,-0.002270,-0.007118,-0.000000
1592806343131413,4.999988,1.000111,4.999794,0.999972,-0.002266,-0.007125,0.000004
1592806343168285,5.000017,1.000343,5.000117,0.999972,-0.002275,-0.007161,-0.000004
1592806343205906,4.999984,1.000172,4.999820,0.999972,-0.002255,-0.007172,-0.000016
1592806343242784,5.000015,1.000076,5.000222,0.999972,-0.002259,-0.007203,-0.000031
1592806343279534,5.000014,1.000089,5.000107,0.999972,-0.002253,-0.007190,-0.000012
1592806343321395,5.000005,1.000098,4.999954,0.999972,-0.002244,-0.007168,-0.000020
1592806343358881,4.999980,1.000063,4.999686,0.999972,-0.002247,-0.007184,-0.000033
1592806343395977,5.000047,1.000224,5.000128,0.999972,-0.002255,-0.007182,-0.000052
1592806343433585,5.000021,1.000254,5.000249,0.999972,-0.002265,-0.007155,-0.000048
1592806343471988,5.000023,1.000396,5.000210,0.999972,-0.002287,-0.007156,-0.000035
1592806343509206,5.000015,1.000425,5.000103,0.999972,-0.002267,-0.007138,-0.000026
1592806343545967,4.999981,1.000369,5.000200,0.999972,-0.002276,-0.007152,-0.000042
1592806343582342,5.000025,1.000121,5.000090,0.999972,-0.002304,-0.007133,-0.000041
1592806343618519,4.999998,1.000118,5.000081,0.999972,-0.002304,-0.007130,-0.000028
1592806343655589,4.999995,1.000132,5.000056,0.999972,-0.002292,-0.007165,-0.000046
1592806343691730,5.000027,1.000169,5.000077,0.999972,-0.002270,-0.007174,-0.000046
1592806343728063,5.000017,1.000235,4.999973,0.999972,-0.002275,-0.007186,-0.000027
1592806343764896,5.000002,1.000247,5.000155,0.999972,-0.002310,-0.007183,-0.000043
1592806343801911,5.000008,1.000278,5.000234,0.999971,-0.002323,-0.007196,-0.000003
1592806343838908,5.000017,1.000275,5.000082,0.999972,-0.002334,-0.007151,-0.000019
1592806343874782,4.999998,1.000390,5.000247,0.999972,-0.002322,-0.007158,-0.000017
1592806343911333,4.999999,1.000048,5.000084,0.999972,-0.002327,-0.007128,-0.000003
1592806343947379,4.999993,1.000031,5.000084,0.999972,-0.002322,-0.007120,-0.000010
1592806343983595,4.999993,1.000140,5.000066,0.999972,-0.002317,-0.007137,-0.000002
1592806344020419,4.999988,1.000092,5.000131,0.999972,-0.002310,-0.007143,-0.000014
1592806344056720,5.000033,1.000121,5.000054,0.999972,-0.002283,-0.007138,-0.000028
1592806344092819,5.000000,1.000214,5.000145,0.999972,-0.002293,-0.007129,-0.000019
1592806344129846,5.000013,1.000230,5.000149,0.999972,-0.002296,-0.007121,0.000008
1592806344166894,5.000001,1.000282,5.000182,0.999972,-0.002312,-0.007123,0.000016
1592806344203478,4.999989,1.000361,5.000052,0.999972,-0.002332,-0.007135,0.000027
1592806344239698,4.999999,1.000226,5.000170,0.999972,-0.002349,-0.007111,0.000021
1592806344276557,4.999980,1.000095,5.000107,0.999972,-0.002351,-0.007097,0.000044
1592806344313129,4.999980,1.000064,5.000096,0.999972,-0.002362,-0.007086,0.000030
1592806344349876,5.000003,1.000062,5.000033,0.999972,-0.002343,-0.007101,0.000033
1592806344386840,5.000000,1.000007,4.999929,0.999972,-0.002320,-0.007084,0.000043
1592806344423632,4.999993,1.000124,4.999984,0.999972,-0.002323,-0.007066,0.000034
1592806344460080,4.999959,1.000156,5.000040,0.999972,-0.002319,-0.007069,0.000042
1592806344496508,4.999974,1.000278,5.000206,0.999972,-0.002353,-0.007071,0.000041
1592806344533370,4.999969,1.000256,5.000196,0.999972,-0.002350,-0.007062,0.000037
1592806344570681,5.000018,1.000291,5.000062,0.999972,-0.002351,-0.007074,0.000048
1592806344607253,4.999990,1.000232,4.999635,0.999972,-0.002351,-0.007057,0.000074
1592806344647654,4.999986,1.000043,4.999943,0.999972,-0.002325,-0.007065,0.000015
1592806344686049,4.999997,1.000114,5.000141,0.999972,-0.002311,-0.007069,0.000023
1592806344726518,5.000008,1.000183,5.000162,0.999972,-0.002275,-0.007084,0.000026
1592806344766471,4.999986,1.000298,5.000082,0.999972,-0.002287,-0.007069,0.000046
1592806344808159,4.999960,1.000261,5.000047,0.999972,-0.002263,-0.007087,0.000016
1592806344843714,4.999988,1.000275,4.999722,0.999972,-0.002295,-0.007084,0.000046
1592806344879173,4.999992,1.000037,5.000125,0.999972,-0.002300,-0.007085,0.000048
1592806344915270,4.999989,1.000038,5.000106,0.999972,-0.002314,-0.007123,0.000040
1592806344951029,4.999982,1.000111,5.000141,0.999972,-0.002317,-0.007116,0.000038
1592806344986657,5.000006,1.000155,5.000120,0.999972,-0.002322,-0.007117,0.000036
1592806345022356,5.000013,1.000127,5.000150,0.999972,-0.002285,-0.007117,0.000026
1592806345057937,4.999991,1.000166,5.000097,0.999972,-0.002285,-0.007128,0.000012
1592806345093929,4.999980,1.000159,5.000138,0.999972,-0.002286,-0.007123,-0.000028
1592806345130386,5.000002,1.000208,5.000034,0.999972,-0.002293,-0.007116,-0.000011
1592806345167243,5.000039,1.000373,5.000149,0.999972,-0.002274,-0.007150,-0.000012
1592806345204427,5.000010,1.000198,5.000113,0.999972,-0.002313,-0.007125,-0.000013
1592806345241374,4.999984,1.000279,5.000126,0.999972,-0.002317,-0.007114,-0.000026
1592806345282422,4.999996,0.999972,4.999672,0.999972,-0.002317,-0.007079,0.000014
1592806345324354,5.000060,1.000138,5.000119,0.999972,-0.002327,-0.007099,0.000015
1592806345363406,5.000020,1.000250,5.000185,0.999972,-0.002333,-0.007101,0.000003
1592806345405686,5.000001,1.000333,5.000159,0.999972,-0.002357,-0.007063,0.000013
1592806345446744,5.000032,1.000086,5.000097,0.999972,-0.002356,-0.007082,0.000017
1592806345483060,4.999993,1.000060,5.000146,0.999972,-0.002349,-0.007063,-0.000015
1592806345520552,4.999968,1.000189,5.000206,0.999973,-0.002347,-0.007042,0.000002
1592806345556801,4.999974,1.000192,5.000188,0.999973,-0.002329,-0.007021,0.000036
1592806345592132,5.000000,1.000176,5.000065,0.999973,-0.002340,-0.007002,0.000011
1592806345627124,5.000005,1.000105,5.000116,0.999973,-0.002352,-0.007020,0.000020
1592806345662711,5.000002,1.000045,4.999660,0.999973,-0.002371,-0.007025,0.000036
1592806345699852,5.000035,1.000290,5.000009,0.999972,-0.002328,-0.007093,0.000045
1592806345735986,4.999973,1.000239,5.000156,0.999972,-0.002313,-0.007077,0.000042
1592806345772062,4.999965,1.000321,5.000082,0.999972,-0.002312,-0.007073,0.000025
1592806345807702,4.999960,1.000257,5.000146,0.999972,-0.002307,-0.007082,0.000016
1592806345843505,4.999962,1.000320,5.000095,0.999972,-0.002289,-0.007093,0.000002
1592806345879153,4.999997,1.000353,5.000083,0.999972,-0.002251,-0.007107,0.000006
1592806345915342,5.000007,1.000084,5.000040,0.999972,-0.002281,-0.007101,-0.000036
1592806345951678,5.000028,1.000062,5.000102,0.999972,-0.002277,-0.007094,-0.000002
1592806345987999,5.000017,1.000124,5.000065,0.999972,-0.002285,-0.007079,-0.000002
1592806346024447,5.000004,1.000122,5.000131,0.999972,-0.002302,-0.007088,0.000005
1592806346059763,4.999986,1.000239,5.000180,0.999972,-0.002304,-0.007087,0.000004
1592806346095660,5.000007,1.000139,5.000074,0.999972,-0.002305,-0.007088,0.000025
1592806346131814,5.000001,1.000199,5.000054,0.999972,-0.002310,-0.007081,0.000011
1592806346168725,4.999991,1.000230,5.000086,0.999972,-0.002304,-0.007097,-0.000000
1592806346205547,4.999995,1.000284,5.000179,0.999972,-0.002295,-0.007075,0.000045
1592806346242145,4.999993,1.000290,5.000100,0.999972,-0.002313,-0.007116,0.000022
1592806346279256,5.000000,1.000017,5.000101,0.999972,-0.002300,-0.007116,-0.000030
1592806346316047,5.000007,0.999981,4.999732,0.999972,-0.002302,-0.007119,-0.000033
1592806346352648,5.000030,1.000022,5.000044,0.999972,-0.002308,-0.007105,-0.000018
1592806346389881,5.000007,1.000131,5.000222,0.999972,-0.002312,-0.007107,-0.000013
1592806346426750,4.999990,1.000156,5.000160,0.999972,-0.002288,-0.007087,0.000006
1592806346464189,4.999972,1.000294,5.000244,0.999972,-0.002314,-0.007097,0.000016
1592806346501230,4.999979,1.000283,5.000118,0.999972,-0.002308,-0.007113,0.000015
1592806346538185,5.000016,1.000213,5.000101,0.999972,-0.002355,-0.007114,0.000001
1592806346575316,5.000013,1.000263,4.999966,0.999972,-0.002370,-0.007102,-0.000020
1592806346611614,5.000010,1.000089,5.000165,0.999972,-0.002356,-0.007107,0.000002
1592806346647798,4.999986,1.000040,5.000117,0.999972,-0.002338,-0.007090,-0.000013
1592806346683801,4.999990,1.000000,4.999792,0.999972,-0.002366,-0.007067,-0.000002
1592806346724337,5.000025,1.000191,5.000176,0.999972,-0.002384,-0.007084,-0.000013
1592806346762169,4.999981,1.000194,5.000192,0.999972,-0.002382,-0.007092,-0.000021
1592806346802219,4.999965,1.000305,5.000212,0.999972,-0.002368,-0.007098,-0.000015
1592806346838365,4.999964,1.000206,5.000075,0.999972,-0.002356,-0.007075,-0.000015
1592806346874826,4.999972,1.000280,5.000024,0.999972,-0.002346,-0.007085,-0.000029
1592806346910634,4.999980,1.000054,5.000117,0.999972,-0.002331,-0.007101,-0.000037
1592806346946415,5.000000,1.000021,5.000051,0.999972,-0.002334,-0.007095,-0.000048
1592806346982202,4.999979,0.999929,4.999784,0.999972,-0.002303,-0.007094,-0.000037
1592806347018305,5.000032,1.000056,5.000124,0.999972,-0.002332,-0.007075,-0.000027
1592806347054175,5.000009,1.000162,5.000208,0.999972,-0.002349,-0.007070,-0.000019
1592806347090327,4.999995,1.000186,5.000124,0.999973,-0.002311,-0.007045,-0.000019
1592806347125948,4.999960,1.000018,4.999748,0.999973,-0.002326,-0.007047,-0.000027
1592806347161961,5.000041,1.000163,5.000165,0.999972,-0.002315,-0.007072,-0.000033
1592806347199234,4.999994,1.000200,5.000166,0.999972,-0.002328,-0.007049,-0.000012
1592806347244079,4.999992,1.000069,5.000113,0.999972,-0.002308,-0.007063,-0.000044
1592806347288866,5.000000,1.000093,5.000073,0.999972,-0.002302,-0.007057,-0.000030
1592806347325931,5.000006,1.000151,5.000192,0.999972,-0.002331,-0.007074,-0.000017
1592806347362755,4.999991,1.000177,5.000106,0.999972,-0.002353,-0.007092,-0.000019
1592806347399469,5.000006,1.000255,5.000095,0.999972,-0.002376,-0.007081,-0.000009
1592806347436041,4.999971,1.000249,5.000095,0.999972,-0.002355,-0.007116,-0.000021
1592806347473566,4.999981,1.000297,5.000032,0.999972,-0.002332,-0.007115,-0.000023
1592806347510497,4.999993,1.000309,4.999975,0.999972,-0.002316,-0.007109,-0.000039
1592806347546337,5.000013,1.000022,5.000134,0.999972,-0.002311,-0.007125,-0.000010
1592806347582465,5.000001,1.000023,5.000017,0.999972,-0.002296,-0.007111,-0.000014
1592806347623114,5.000003,1.000206,5.000209,0.999972,-0.002298,-0.007104,-0.000033
1592806347659136,5.000007,1.000137,4.999914,0.999972,-0.002287,-0.007077,0.000000
1592806347694622,5.000007,1.000067,4.999661,0.999972,-0.002281,-0.007090,-0.000004
1592806347730335,5.000033,1.000227,5.000139,0.999972,-0.002291,-0.007103,0.000022
1592806347765850,4.999981,1.000300,5.000315,0.999972,-0.002300,-0.007108,-0.000026
1592806347801208,4.999992,1.000247,5.000132,0.999972,-0.002307,-0.007084,-0.000021
1592806347837638,5.000020,1.000342,5.000172,0.999972,-0.002313,-0.007090,0.000006
1592806347873626,4.999990,1.000321,5.000037,0.999973,-0.002316,-0.007050,0.000023
1592806347909522,4.999983,1.000283,5.000136,0.999972,-0.002332,-0.007050,-0.000003
1592806347945238,4.999979,0.999989,5.000013,0.999973,-0.002346,-0.006982,-0.000004
1592806347980818,4.999993,0.999945,4.999728,0.999973,-0.002338,-0.006983,0.000016
1592806348016542,5.000035,1.000102,5.000119,0.999972,-0.002336,-0.007042,-0.000002
1592806348052871,5.000009,1.000147,5.000175,0.999972,-0.002361,-0.007050,0.000040
1592806348088627,4.999972,1.000147,5.000238,0.999972,-0.002344,-0.007070,0.000023
1592806348125153,4.999973,1.000058,5.000114,0.999972,-0.002328,-0.007072,0.000022
1592806348162186,5.000011,1.000183,5.000098,0.999972,-0.002354,-0.007059,0.000014
1592806348199016,5.000005,1.000208,5.000141,0.999972,-0.002371,-0.007035,0.000005
1592806348236008,5.000007,1.000153,4.999989,0.999972,-0.002355,-0.007047,0.000008
1592806348273515,5.000000,1.000290,5.000090,0.999972,-0.002343,-0.007048,0.000006
1592806348310451,5.000008,1.000271,5.000084,0.999973,-0.002335,-0.007027,0.000022
1592806348352150,5.000003,1.000075,5.000087,0.999973,-0.002329,-0.007024,0.000006
1592806348393633,5.000021,1.000169,5.000102,0.999972,-0.002324,-0.007050,0.000021
1592806348433093,4.999988,1.000215,5.000173,0.999972,-0.002332,-0.007064,0.000007
1592806348475855,4.999993,1.000234,5.000203,0.999972,-0.002305,-0.007054,-0.000008
1592806348513040,5.000005,1.000054,5.000079,0.999973,-0.002314,-0.007039,-0.000002
1592806348549706,5.000029,1.000007,5.000096,0.999973,-0.002323,-0.007030,-0.000009
1592806348591483,5.000036,1.000165,5.000175,0.999973,-0.002314,-0.007030,-0.000030
1592806348628575,5.000023,1.000150,5.000020,0.999973,-0.002293,-0.007018,-0.000019
1592806348664567,5.000019,1.000164,4.999776,0.999973,-0.002307,-0.007027,-0.000010
1592806348701090,5.000014,1.000189,5.000037,0.999973,-0.002306,-0.007044,-0.000022
1592806348737590,4.999984,1.000333,5.000191,0.999973,-0.002278,-0.007064,-0.000030
1592806348774041,4.999991,1.000300,5.000113,0.999973,-0.002275,-0.007055,-0.000021
1592806348810044,4.999991,1.000307,5.000214,0.999972,-0.002272,-0.007069,-0.000042
1592806348845815,4.999987,1.000038,5.000121,0.999972,-0.002292,-0.007073,-0.000023
1592806348881567,4.999997,0.999983,4.999871,0.999973,-0.002301,-0.007057,-0.000012
1592806348917528,5.000017,1.000069,5.000087,0.999973,-0.002320,-0.007025,0.000011
1592806348953059,4.999993,1.000124,5.000173,0.999973,-0.002343,-0.007013,0.000007
1592806348988968,4.999980,1.000100,5.000154,0.999973,-0.002330,-0.007010,-0.000006
1592806349025543,4.999985,1.000141,5.000193,0.999973,-0.002323,-0.007005,0.000028
1592806349061439,4.999996,1.000140,5.000141,0.999973,-0.002333,-0.007020,0.000031
1592806349103095,4.999971,1.000283,5.000127,0.999973,-0.002328,-0.007006,0.000055
1592806349145729,4.999984,1.000065,5.000063,0.999973,-0.002347,-0.007021,0.000016
1592806349182736,4.999980,1.000077,5.000093,0.999973,-0.002333,-0.007032,0.000005
1592806349220521,4.999994,1.000086,5.000071,0.999972,-0.002341,-0.007052,0.000012
1592806349257557,4.999996,1.000133,5.000133,0.999972,-0.002359,-0.007053,-0.000035
1592806349294301,4.999998,1.000129,5.000131,0.999972,-0.002342,-0.007058,-0.000014
1592806349331368,5.000012,1.000177,5.000058,0.999973,-0.002316,-0.007053,-0.000012
1592806349368211,4.999990,1.000242,5.000138,0.999972,-0.002325,-0.007045,-0.000018
1592806349404939,4.999982,1.000293,5.000082,0.999972,-0.002326,-0.007048,-0.000040
1592806349441834,4.999987,1.000201,5.000071,0.999973,-0.002365,-0.007033,-0.000033
1592806349478347,4.999989,1.000019,5.000143,0.999972,-0.002359,-0.007046,-0.000012
1592806349516083,5.000000,1.000057,5.000089,0.999972,-0.002344,-0.007040,-0.000005
1592806349553738,5.000019,1.000144,5.000098,0.999973,-0.002352,-0.007007,0.000014
1592806349594530,4.999981,1.000122,5.000089,0.999973,-0.002347,-0.007015,0.000012
1592806349633366,4.999978,1.000164,5.000088,0.999973,-0.002363,-0.006999,0.000009
1592806349669083,4.999976,1.000243,5.000181,0.999973,-0.002356,-0.006996,0.000001
1592806349705266,4.999965,1.000282,4.999946,0.999973,-0.002335,-0.006970,0.000027
1592806349741758,4.999996,1.000041,5.000052,0.999973,-0.002349,-0.006993,0.000022
1592806349777513,4.999990,1.000040,5.000038,0.999973,-0.002361,-0.006997,0.000024
1592806349813137,4.999990,1.000033,5.000145,0.999973,-0.002371,-0.007015,0.000026
1592806349848732,5.000003,1.000044,5.000066,0.999972,-0.002374,-0.007029,0.000003
1592806349884427,5.000011,0.999953,4.999701,0.999972,-0.002376,-0.007031,0.000002
1592806349919862,5.000038,1.000080,5.000079,0.999972,-0.002382,-0.007050,-0.000004
1592806349957327,5.000028,1.000080,5.000100,0.999972,-0.002375,-0.007056,-0.000032
1592806349999632,5.000009,1.000208,5.000184,0.999973,-0.002376,-0.007031,-0.000051
1592806350037579,5.000005,1.000157,5.000083,0.999973,-0.002374,-0.007014,-0.000057
1592806350075534,5.000028,1.000221,5.000025,0.999973,-0.002364,-0.007026,-0.000075
1592806350112772,5.000006,1.000047,5.000083,0.999973,-0.002386,-0.007015,-0.000052
1592806350151119,5.000011,1.000037,5.000039,0.999973,-0.002364,-0.007022,-0.000036
1592806350188985,5.000013,1.000064,5.000163,0.999972,-0.002368,-0.007042,-0.000050
1592806350227751,4.999983,1.000153,5.000104,0.999973,-0.002354,-0.007033,-0.000053
1592806350266145,5.000001,1.000168,5.000045,0.999972,-0.002334,-0.007064,-0.000046
1592806350304467,5.000021,1.000257,5.000156,0.999972,-0.002336,-0.007071,-0.000031
1592806350342947,5.000010,1.000298,5.000154,0.999972,-0.002327,-0.007081,-0.000038
1592806350381421,5.000008,1.000077,5.000109,0.999972,-0.002334,-0.007074,-0.000044
1592806350419316,5.000011,1.000061,5.000067,0.999972,-0.002331,-0.007047,-0.000057
1592806350457204,5.000013,1.000121,5.000113,0.999973,-0.002341,-0.007036,-0.000037
1592806350495073,5.000020,1.000083,4.999786,0.999972,-0.002335,-0.007064,-0.000000
1592806350532465,5.000064,1.000129,5.000039,0.999972,-0.002327,-0.007053,0.000002
1592806350569816,5.000016,1.000133,5.000051,0.999973,-0.002333,-0.007049,-0.000010
1592806350607288,5.000005,1.000196,5.000133,0.999972,-0.002332,-0.007052,-0.000025
1592806350645466,4.999984,1.000015,5.000188,0.999973,-0.002356,-0.007039,-0.000047
1592806350682730,4.999996,1.000071,5.000091,0.999973,-0.002359,-0.007013,-0.000048
1592806350718942,5.000014,1.000065,5.000116,0.999973,-0.002360,-0.007004,-0.000063
1592806350755480,5.000005,1.000077,5.000072,0.999973,-0.002355,-0.007025,-0.000037
1592806350791450,4.999993,1.000134,5.000115,0.999972,-0.002378,-0.007030,-0.000015
1592806350828003,4.999996,1.000128,5.000081,0.999972,-0.002376,-0.007043,-0.000001
1592806350863926,4.999981,1.000147,5.000137,0.999972,-0.002363,-0.007038,-0.000016
1592806350900182,4.999976,1.000167,4.999987,0.999973,-0.002343,-0.007035,0.000005
1592806350936527,5.000007,1.000224,5.000171,0.999972,-0.002345,-0.007063,0.000022
1592806350972799,5.000000,1.000074,4.999668,0.999972,-0.002353,-0.007047,0.000025
1592806351009401,5.000033,1.000165,4.999716,0.999972,-0.002343,-0.007073,0.000051
1592806351045216,4.999990,0.999920,4.999782,0.999972,-0.002343,-0.007057,0.000045
1592806351080963,5.000002,1.000070,5.000178,0.999972,-0.002358,-0.007057,0.000057
1592806351117073,4.999972,1.000131,5.000189,0.999972,-0.002348,-0.007075,0.000034
1592806351153181,4.999967,1.000077,5.000121,0.999972,-0.002323,-0.007070,0.000051
1592806351190306,5.000002,1.000099,5.000048,0.999973,-0.002330,-0.007047,0.000081
1592806351227263,5.000016,1.000086,5.000119,0.999972,-0.002340,-0.007049,0.000080
1592806351264068,5.000003,1.000113,5.000030,0.999972,-0.002331,-0.007054,0.000088
1592806351301414,4.999993,1.000115,5.000043,0.999973,-0.002335,-0.007047,0.000071
1592806351338510,4.999997,1.000145,5.000054,0.999972,-0.002358,-0.007045,0.000063
1592806351375795,5.000046,1.000347,5.000102,0.999973,-0.002376,-0.007032,0.000044
1592806351412879,5.000011,0.999994,5.000053,0.999973,-0.002384,-0.006987,0.000062
1592806351450457,4.999986,1.000042,4.999946,0.999973,-0.002410,-0.006984,0.000091
1592806351492205,5.000007,1.000125,5.000033,0.999973,-0.002412,-0.007006,0.000062
1592806351533837,5.000020,1.000198,5.000049,0.999973,-0.002425,-0.007005,0.000049
1592806351577141,4.999988,0.999976,5.000030,0.999973,-0.002404,-0.007021,0.000043
1592806351621625,4.999989,1.000083,5.000055,0.999972,-0.002367,-0.007034,0.000059
1592806351662016,4.999996,1.000067,4.999993,0.999973,-0.002351,-0.007025,0.000057
1592806351699654,5.000011,1.000245,5.000138,0.999973,-0.002357,-0.007020,0.000055
1592806351735957,4.999981,1.000217,5.000094,0.999973,-0.002345,-0.007031,0.000050
1592806351771714,4.999975,1.000152,5.000028,0.999973,-0.002355,-0.007028,0.000024
1592806351807977,5.000003,1.000261,5.000096,0.999972,-0.002343,-0.007041,0.000022
1592806351844525,5.000000,0.999993,5.000098,0.999972,-0.002347,-0.007046,0.000032
1592806351881364,5.000011,1.000053,5.000139,0.999973,-0.002351,-0.007022,0.000028
1592806351917592,5.000016,1.000058,5.000034,0.999973,-0.002363,-0.007002,0.000060
1592806351953037,4.999999,1.000054,5.000135,0.999973,-0.002345,-0.006972,0.000058
1592806351988324,4.999987,1.000038,5.000020,0.999973,-0.002354,-0.006955,0.000050
1592806352024013,4.999977,1.000074,5.000036,0.999973,-0.002356,-0.006951,0.000045
1592806352063278,5.000000,1.000121,5.000045,0.999973,-0.002345,-0.006951,0.000039
1592806352101533,5.000001,1.000263,5.000060,0.999973,-0.002371,-0.006959,0.000046
1592806352137089,4.999979,1.000197,5.000075,0.999973,-0.002371,-0.006964,0.000038
1592806352173855,5.000005,1.000129,5.000101,0.999973,-0.002377,-0.006983,0.000041
1592806352210799,4.999979,0.999992,5.000051,0.999973,-0.002379,-0.006992,0.000019
1592806352247373,4.999961,1.000284,5.000060,0.999973,-0.002363,-0.007018,0.000012
1592806352284891,5.000027,1.000050,5.000031,0.999973,-0.002360,-0.007010,0.000004
1592806352321865,4.999991,1.000115,5.000147,0.999973,-0.002356,-0.007029,-0.000001
1592806352359009,4.999985,1.000153,5.000117,0.999973,-0.002365,-0.007019,-0.000031
1592806352396512,4.999991,1.000117,5.000145,0.999973,-0.002346,-0.007021,-0.000024
1592806352433633,5.000008,1.000085,5.000082,0.999973,-0.002356,-0.007028,-0.000026
1592806352470048,4.999983,1.000205,5.000175,0.999973,-0.002344,-0.007025,-0.000033
1592806352508372,5.000000,1.000256,5.000069,0.999973,-0.002332,-0.007032,-0.000041
1592806352545611,4.999998,1.000053,5.000125,0.999973,-0.002323,-0.007027,-0.000052
1592806352588743,5.000004,1.000105,5.000035,0.999973,-0.002332,-0.007006,-0.000060
1592806352625516,5.000026,1.000122,5.000158,0.999973,-0.002331,-0.007021,-0.000043
1592806352662499,5.000018,1.000159,5.000141,0.999973,-0.002338,-0.007012,-0.000033
1592806352698728,4.999981,1.000143,5.000119,0.999973,-0.002353,-0.007034,-0.000042
1592806352734668,5.000008,1.000177,5.000166,0.999972,-0.002346,-0.007043,-0.000034
1592806352770549,5.000014,1.000292,5.000050,0.999972,-0.002353,-0.007041,-0.000007
1592806352806375,4.999984,1.000188,5.000098,0.999972,-0.002356,-0.007052,-0.000002
1592806352843052,4.999992,1.000142,4.999997,0.999972,-0.002336,-0.007040,-0.000009
1592806352881811,4.999992,1.000028,5.000045,0.999973,-0.002358,-0.007034,-0.000028
1592806352925412,4.999990,1.000093,5.000020,0.999973,-0.002323,-0.007041,-0.000038
1592806352964679,5.000014,1.000150,5.000102,0.999973,-0.002325,-0.007032,-0.000046
1592806353004121,5.000055,1.000248,5.000093,0.999972,-0.002328,-0.007047,-0.000047
1592806353049427,5.000008,1.000047,5.000104,0.999973,-0.002370,-0.007012,-0.000034
1592806353093114,5.000009,1.000150,5.000106,0.999972,-0.002374,-0.007039,-0.000027
1592806353132124,5.000007,1.000208,5.000046,0.999972,-0.002391,-0.007036,-0.000019
1592806353171760,5.000002,1.000186,5.000064,0.999973,-0.002418,-0.007010,-0.000030
1592806353213137,5.000018,0.999953,5.000014,0.999972,-0.002414,-0.007034,-0.000030
1592806353249531,4.999998,0.999952,4.999784,0.999972,-0.002403,-0.007040,-0.000030
1592806353286020,5.000058,1.000134,5.000165,0.999972,-0.002380,-0.007049,-0.000029
1592806353323946,5.000009,1.000101,5.000196,0.999972,-0.002392,-0.007052,-0.000022
1592806353361248,4.999978,1.000129,5.000194,0.999972,-0.002360,-0.007059,-0.000023
1592806353398702,5.000012,1.000141,5.000062,0.999972,-0.002341,-0.007049,-0.000027
1592806353435642,4.999993,1.000190,4.999741,0.999973,-0.002331,-0.007030,-0.000004
1592806353472824,5.000039,1.000336,5.000188,0.999973,-0.002351,-0.007026,0.000006
1592806353509727,5.000000,0.999983,5.000046,0.999973,-0.002354,-0.007040,0.000029
1592806353547093,4.999993,1.000047,5.000053,0.999973,-0.002357,-0.007020,0.000030
1592806353589032,5.000006,1.000124,5.000106,0.999973,-0.002363,-0.007025,0.000033
1592806353626166,5.000000,1.000169,5.000264,0.999973,-0.002376,-0.007025,0.000034
1592806353662609,4.999990,1.000076,4.999623,0.999973,-0.002382,-0.006982,0.000010
1592806353698589,5.000044,1.000139,5.000041,0.999973,-0.002371,-0.006986,-0.000008
1592806353734836,5.000026,1.000141,5.000184,0.999973,-0.002365,-0.006985,0.000001
1592806353776744,5.000006,1.000240,5.000142,0.999973,-0.002372,-0.006974,0.000029
1592806353821331,4.999980,1.000070,5.000017,0.999973,-0.002402,-0.006953,0.000029
1592806353858757,5.000006,1.000146,5.000103,0.999973,-0.002390,-0.006965,0.000012
1592806353895048,4.999992,1.000162,5.000185,0.999973,-0.002414,-0.007005,-0.000008
1592806353931870,5.000000,1.000167,5.000154,0.999973,-0.002401,-0.007010,-0.000002
1592806353967908,5.000012,1.000166,5.000024,0.999973,-0.002381,-0.006989,-0.000000
1592806354004094,5.000009,1.000216,5.000163,0.999973,-0.002375,-0.007002,-0.000026
1592806354040854,5.000011,1.000254,5.000110,0.999973,-0.002346,-0.006981,0.000007
1592806354077277,5.000025,1.000005,4.999969,0.999973,-0.002346,-0.006994,0.000023
1592806354114187,5.000000,1.000074,5.000179,0.999972,-0.002364,-0.007044,-0.000016
1592806354149824,4.999986,1.000066,5.000185,0.999973,-0.002347,-0.007039,-0.000003
1592806354186531,4.999990,1.000057,5.000114,0.999973,-0.002370,-0.007031,-0.000012
1592806354229028,4.999987,1.000126,5.000114,0.999972,-0.002368,-0.007034,0.000025
1592806354267050,5.000003,1.000193,5.000146,0.999972,-0.002375,-0.007035,-0.000002
1592806354303911,5.000032,1.000203,5.000014,0.999973,-0.002383,-0.007006,-0.000015
1592806354341581,5.000017,1.000240,5.000095,0.999973,-0.002397,-0.006968,-0.000016
1592806354386566,5.000013,1.000050,5.000148,0.999973,-0.002421,-0.006988,-0.000003
1592806354423335,5.000013,1.000092,5.000061,0.999973,-0.002407,-0.007010,-0.000025
1592806354460109,4.999996,1.000024,4.999986,0.999973,-0.002395,-0.007023,-0.000013
1592806354497428,5.000009,1.000101,5.000117,0.999973,-0.002403,-0.007017,0.000006
1592806354534202,5.000013,1.000203,5.000074,0.999973,-0.002392,-0.006983,-0.000017
1592806354570009,4.999997,1.000148,5.000047,0.999973,-0.002388,-0.006966,-0.000018
1592806354605987,5.000010,1.000201,5.000041,0.999973,-0.002368,-0.006965,0.000025
1592806354641761,4.999977,1.000317,5.000157,0.999973,-0.002399,-0.006991,0.000015
1592806354678764,4.999990,0.999939,4.999757,0.999973,-0.002371,-0.006989,0.000012
1592806354714450,5.000032,0.999955,4.999990,0.999973,-0.002354,-0.007016,0.000000
1592806354751076,5.000004,1.000063,5.000140,0.999973,-0.002318,-0.007008,-0.000015
1592806354792447,4.999976,1.000160,5.000082,0.999973,-0.002302,-0.007022,-0.000036
1592806354831773,4.999993,1.000208,5.000114,0.999973,-0.002313,-0.007013,-0.000043
1592806354869834,4.999997,1.000088,4.999778,0.999973,-0.002325,-0.007008,-0.000010
1592806354905768,5.000023,1.000259,5.000295,0.999972,-0.002314,-0.007053,0.000001
1592806354942201,5.000001,1.000024,5.000151,0.999973,-0.002318,-0.007025,-0.000016
1592806354978016,4.999988,0.999924,4.999797,0.999973,-0.002334,-0.006997,0.000018
1592806355013992,5.000012,1.000078,5.000037,0.999973,-0.002379,-0.006999,0.000017
1592806355050209,4.999992,1.000020,5.000090,0.999973,-0.002359,-0.006979,0.000032
1592806355086287,5.000004,1.000036,5.000107,0.999973,-0.002368,-0.007008,0.000018
1592806355122744,5.000001,1.000078,5.000061,0.999973,-0.002353,-0.007006,0.000032
1592806355158865,4.999979,1.000088,5.000185,0.999973,-0.002375,-0.007002,0.000032
1592806355199552,4.999982,1.000095,5.000266,0.999973,-0.002383,-0.006979,0.000057
1592806355241214,4.999980,0.999992,5.000035,0.999973,-0.002385,-0.006980,0.000074
1592806355278817,5.000021,0.999950,4.999971,0.999973,-0.002370,-0.006965,0.000081
1592806355316274,5.000004,1.000015,5.000011,0.999973,-0.002380,-0.006945,0.000108
1592806355353794,4.999977,1.000033,5.000024,0.999973,-0.002382,-0.006935,0.000098
1592806355418241,4.999986,1.000023,4.999989,0.999973,-0.002357,-0.006929,0.000069
1592806355506922,5.000014,1.000120,4.999651,0.999973,-0.002378,-0.006920,0.000044
1592806355546887,4.999999,1.000036,5.000154,0.999973,-0.002368,-0.006989,0.000024
1592806355585164,4.999996,1.000029,5.000138,0.999973,-0.002358,-0.006975,0.000030
1592806355622919,5.000001,1.000084,5.000115,0.999973,-0.002374,-0.006977,0.000047
1592806355661427,4.999986,1.000176,5.000147,0.999973,-0.002380,-0.006962,0.000040
1592806355699911,4.999995,1.000094,5.000023,0.999973,-0.002406,-0.006949,0.000034
1592806355738407,4.999985,1.000197,5.000045,0.999973,-0.002420,-0.006967,0.000019
1592806355780990,5.000021,1.000030,5.000116,0.999973,-0.002419,-0.006963,0.000014
1592806355822177,5.000031,1.000093,5.000160,0.999973,-0.002437,-0.006973,0.000004
1592806355861072,5.000002,0.999936,4.999701,0.999973,-0.002424,-0.006970,0.000008
1592806355900024,5.000063,1.000065,4.999958,0.999973,-0.002431,-0.006961,0.000034
1592806355938045,5.000010,1.000253,5.000257,0.999973,-0.002420,-0.006964,-0.000005
1592806355976594,5.000028,0.999986,5.000059,0.999973,-0.002419,-0.006981,0.000023
1592806356016510,5.000006,1.000064,5.000093,0.999973,-0.002405,-0.006973,0.000011
1592806356055621,4.999994,1.000068,5.000086,0.999973,-0.002391,-0.006963,0.000009
1592806356096164,5.000000,1.000220,5.000185,0.999973,-0.002374,-0.006978,0.000003
1592806356136905,5.000004,1.000174,5.000162,0.999973,-0.002353,-0.006963,0.000013
1592806356176483,5.000002,0.999994,5.000119,0.999973,-0.002370,-0.006959,-0.000007
1592806356215577,5.000012,1.000093,5.000144,0.999973,-0.002366,-0.006980,-0.000027
1592806356254351,4.999997,0.999949,4.999751,0.999973,-0.002365,-0.006972,-0.000009
1592806356293327,5.000039,1.000142,5.000168,0.999973,-0.002371,-0.006959,0.000016
1592806356331182,5.000017,1.000203,5.000128,0.999973,-0.002377,-0.006965,-0.000004
1592806356369869,4.999993,1.000175,5.000204,0.999973,-0.002357,-0.006990,0.000002
1592806356410375,4.999993,1.000036,5.000184,0.999973,-0.002370,-0.007009,-0.000014
1592806356454422,4.999987,1.000018,5.000104,0.999973,-0.002389,-0.006988,0.000003
1592806356499017,4.999990,1.000137,5.000155,0.999973,-0.002393,-0.007012,0.000022
1592806356541536,5.000003,1.000182,5.000134,0.999972,-0.002384,-0.007029,0.000047
1592806356585444,4.999982,1.000016,4.999992,0.999973,-0.002387,-0.007000,0.000039
1592806356627349,4.999998,1.000121,5.000054,0.999972,-0.002362,-0.007042,-0.000004
1592806356670830,5.000013,1.000087,5.000109,0.999973,-0.002342,-0.007011,-0.000005
1592806356714571,5.000029,0.999931,5.000075,0.999973,-0.002383,-0.006983,-0.000005
1592806356755674,5.000007,1.000175,5.000151,0.999973,-0.002369,-0.006956,0.000001
1592806356799900,4.999993,1.000128,5.000062,0.999973,-0.002388,-0.006936,0.000001
1592806356842985,4.999942,1.000193,4.999748,0.999973,-0.002404,-0.006917,0.000040
1592806356886171,4.999981,1.000071,5.000245,0.999973,-0.002393,-0.006958,0.000031
1592806356930622,4.999995,1.000157,5.000195,0.999973,-0.002394,-0.006977,0.000028
1592806356975582,4.999990,1.000074,5.000149,0.999973,-0.002392,-0.006993,0.000031
1592806357022838,4.999983,1.000115,5.000110,0.999973,-0.002395,-0.007013,0.000017
1592806357066855,4.999997,1.000161,5.000075,0.999972,-0.002375,-0.007040,0.000031
1592806357108344,5.000021,1.000152,5.000051,0.999973,-0.002402,-0.007006,0.000030
1592806357152642,5.000010,1.000052,5.000096,0.999973,-0.002402,-0.006990,0.000020
1592806357201553,5.000019,1.000186,5.000116,0.999973,-0.002383,-0.006996,0.000007
1592806357250372,5.000020,1.000044,5.000081,0.999973,-0.002406,-0.006991,0.000023
1592806357293810,5.000010,1.000071,5.000124,0.999973,-0.002404,-0.006945,-0.000001
1592806357337144,4.999988,1.000189,5.000178,0.999973,-0.002386,-0.006973,-0.000011
1592806357379135,4.999998,0.999996,5.000131,0.999973,-0.002354,-0.006997,0.000004
1592806357425334,4.999974,1.000077,5.000056,0.999973,-0.002371,-0.006972,0.000040
1592806357467027,5.000034,0.999984,4.999609,0.999973,-0.002381,-0.006972,0.000052
1592806357507723,5.000089,1.000137,5.000085,0.999973,-0.002386,-0.006975,0.000074
1592806357547704,5.000022,0.999968,5.000014,0.999973,-0.002389,-0.006961,0.000043
1592806357586854,4.999984,1.000094,5.000122,0.999973,-0.002366,-0.006981,0.000058
1592806357626201,4.999984,1.000111,5.000116,0.999973,-0.002387,-0.006988,0.000049
1592806357664697,4.999994,1.000182,5.000215,0.999973,-0.002391,-0.006994,0.000034
1592806357702936,4.999979,0.999998,4.999537,0.999973,-0.002380,-0.006999,0.000043
1592806357740938,5.000054,1.000223,5.000052,0.999973,-0.002375,-0.006994,0.000042
1592806357779287,5.000007,1.000012,5.000090,0.999973,-0.002386,-0.007013,0.000021
1592806357816878,5.000008,0.999994,5.000088,0.999973,-0.002404,-0.006970,0.000035
1592806357853610,4.999998,1.000012,5.000074,0.999973,-0.002389,-0.006948,0.000039
1592806357890191,4.999999,1.000078,5.000000,0.999973,-0.002400,-0.006964,0.000003
1592806357927165,4.999978,1.000105,5.000160,0.999973,-0.002386,-0.006966,-0.000020
1592806357964308,4.999984,1.000104,5.000103,0.999973,-0.002393,-0.006953,-0.000030
1592806358002866,4.999997,1.000119,4.999718,0.999973,-0.002394,-0.006952,-0.000008
1592806358040319,5.000003,1.000076,4.999770,0.999973,-0.002416,-0.006980,0.000004
1592806358078002,5.000043,1.000175,5.000111,0.999973,-0.002378,-0.006981,-0.000001
1592806358115625,4.999983,1.000102,5.000131,0.999973,-0.002394,-0.006984,-0.000005
1592806358154556,4.999995,0.999877,4.999674,0.999973,-0.002400,-0.006957,0.000012
1592806358193109,5.000041,1.000020,5.000042,0.999973,-0.002394,-0.006972,-0.000005
1592806358231726,5.000011,1.000209,5.000188,0.999973,-0.002377,-0.006977,-0.000025
1592806358271085,4.999989,1.000249,5.000245,0.999973,-0.002413,-0.006986,-0.000027
1592806358316483,5.000003,1.000034,5.000146,0.999973,-0.002414,-0.006990,-0.000018
1592806358365542,4.999971,1.000047,5.000013,0.999973,-0.002421,-0.006956,-0.000003
1592806358406493,5.000000,1.000133,5.000041,0.999973,-0.002387,-0.006955,-0.000027
1592806358445380,5.000010,0.999991,5.000153,0.999973,-0.002368,-0.006975,0.000005
1592806358484040,4.999987,1.000068,5.000079,0.999973,-0.002398,-0.006946,0.000008
1592806358522933,5.000000,0.999978,4.999761,0.999973,-0.002386,-0.006950,-0.000048
1592806358561493,5.000034,1.000072,5.000119,0.999973,-0.002385,-0.006914,-0.000045
1592806358601154,5.000010,1.000119,5.000104,0.999973,-0.002410,-0.006878,-0.000031
1592806358639934,5.000002,1.000226,5.000178,0.999973,-0.002406,-0.006911,-0.000065
1592806358678356,5.000008,0.999981,5.000105,0.999973,-0.002433,-0.006905,-0.000050
1592806358721183,5.000006,1.000053,5.000116,0.999973,-0.002406,-0.006923,0.000012
1592806358767017,4.999964,1.000086,5.000083,0.999973,-0.002397,-0.006940,-0.000003
1592806358805973,4.999938,1.000082,4.999470,0.999973,-0.002409,-0.006966,0.000009
1592806358844473,4.999998,0.999972,5.000128,0.999973,-0.002389,-0.006959,0.000013
1592806358882427,5.000002,1.000000,5.000063,0.999973,-0.002389,-0.006961,-0.000008
1592806358920414,4.999997,1.000080,5.000202,0.999973,-0.002399,-0.006982,-0.000011
1592806358957426,5.000006,1.000097,5.000052,0.999973,-0.002382,-0.006999,-0.000013
1592806358994299,4.999990,1.000075,5.000057,0.999973,-0.002366,-0.006969,-0.000005
1592806359031810,5.000015,1.000102,5.000037,0.999973,-0.002359,-0.006953,0.000015
1592806359069045,5.000021,1.000032,4.999681,0.999973,-0.002349,-0.006934,0.000034
1592806359109640,5.000051,1.000173,5.000031,0.999973,-0.002366,-0.006945,0.000022
1592806359152481,4.999991,1.000000,5.000058,0.999973,-0.002358,-0.006979,0.000015
1592806359189448,5.000021,1.000083,5.000135,0.999973,-0.002377,-0.006962,0.000032
1592806359226671,5.000000,1.000080,5.000097,0.999973,-0.002377,-0.006937,0.000002
1592806359264046,4.999990,1.000064,5.000104,0.999973,-0.002385,-0.006926,0.000035
1592806359301879,4.999991,1.000043,5.000009,0.999973,-0.002368,-0.006944,-0.000006
1592806359341023,5.000031,1.000247,5.000072,0.999973,-0.002373,-0.006913,0.000000
1592806359379464,5.000011,1.000016,5.000074,0.999973,-0.002426,-0.006952,0.000009
1592806359418292,4.999956,0.999952,4.999770,0.999973,-0.002403,-0.006969,0.000028
1592806359460584,5.000027,1.000060,5.000115,0.999973,-0.002392,-0.006976,0.000048
1592806359501765,4.999995,1.000059,4.999766,0.999973,-0.002400,-0.006985,0.000067
1592806359541825,5.000028,1.000160,5.000013,0.999973,-0.002393,-0.006979,0.000050
1592806359584884,4.999988,1.000030,5.000087,0.999973,-0.002416,-0.006954,0.000044
1592806359622087,4.999971,1.000041,5.000187,0.999973,-0.002408,-0.006957,0.000050
1592806359659558,4.999990,1.000085,5.000050,0.999973,-0.002387,-0.006932,0.000038
1592806359696297,5.000024,1.000110,5.000117,0.999973,-0.002377,-0.006929,0.000055
1592806359733778,5.000000,1.000074,5.000130,0.999973,-0.002376,-0.006922,0.000043
1592806359771198,4.999995,1.000183,5.000086,0.999973,-0.002387,-0.006915,0.000051
1592806359813208,4.999979,0.999992,5.000107,0.999973,-0.002367,-0.006924,0.000023
1592806359851835,5.000012,1.000056,5.000087,0.999973,-0.002394,-0.006906,0.000031
1592806359891738,5.000008,1.000003,4.999749,0.999973,-0.002422,-0.006908,0.000031
1592806359933182,5.000019,1.000203,5.000181,0.999973,-0.002432,-0.006932,0.000047
1592806359974720,4.999959,1.000184,5.000095,0.999973,-0.002430,-0.006929,0.000010
1592806360017766,5.000010,1.000078,5.000145,0.999973,-0.002431,-0.006950,0.000009
1592806360063740,5.000006,1.000126,5.000222,0.999973,-0.002425,-0.006975,-0.000004
1592806360105999,4.999992,1.000133,5.000025,0.999973,-0.002427,-0.006968,-0.000004
1592806360149277,5.000009,0.999999,5.000174,0.999973,-0.002447,-0.006961,-0.000016
1592806360191669,5.000000,1.000026,5.000076,0.999973,-0.002446,-0.006955,-0.000006
1592806360233967,5.000009,1.000078,5.000027,0.999973,-0.002459,-0.006924,-0.000003
1592806360275204,5.000018,1.000230,5.000147,0.999973,-0.002457,-0.006913,0.000019
1592806360321016,4.999964,1.000016,5.000108,0.999973,-0.002456,-0.006923,0.000020
1592806360363762,4.999994,1.000134,5.000186,0.999973,-0.002457,-0.006954,0.000035
1592806360406082,5.000011,1.000179,5.000141,0.999973,-0.002469,-0.006958,-0.000007
1592806360451359,4.999998,1.000005,5.000017,0.999973,-0.002455,-0.006945,0.000007
1592806360494336,5.000026,1.000003,4.999925,0.999973,-0.002428,-0.006932,-0.000042
1592806360539639,5.000030,1.000182,5.000081,0.999973,-0.002450,-0.006914,-0.000017
1592806360583903,4.999993,1.000015,5.000085,0.999973,-0.002456,-0.006910,-0.000014
