1592797543094616,9.999973,3.000960,10.000149,0.999931,0.005629,-0.010359,0.000039
1592797543149998,9.999988,3.000649,10.000149,0.999930,0.005630,-0.010415,0.000062
1592797543200156,9.999952,3.001130,10.000191,0.999930,0.005645,-0.010403,0.000067
1592797543237930,9.999963,3.001177,10.000226,0.999930,0.005651,-0.010413,0.000075
1592797543274396,9.999969,3.001148,10.000249,0.999930,0.005650,-0.010376,0.000094
1592797543310494,10.000000,3.000573,10.000107,0.999930,0.005648,-0.010360,0.000071
1592797543347001,9.999969,3.000626,10.000116,0.999930,0.005648,-0.010373,0.000040
1592797543383575,9.999988,3.000689,10.000182,0.999930,0.005629,-0.010378,0.000063
1592797543421417,9.999986,3.000786,10.000124,0.999931,0.005635,-0.010356,0.000077
1592797543460244,9.999962,3.000918,10.000200,0.999931,0.005656,-0.010296,0.000067
1592797543499456,9.999971,3.000983,10.000113,0.999931,0.005656,-0.010290,0.000085
1592797543535935,9.999983,3.001170,10.000199,0.999931,0.005670,-0.010309,0.000070
1592797543572082,9.999977,3.001207,10.000090,0.999931,0.005671,-0.010310,0.000076
1592797543607725,9.999969,3.001308,10.000242,0.999931,0.005652,-0.010318,0.000066
1592797543644689,9.999983,3.000249,9.999806,0.999932,0.005641,-0.010188,0.000076
1592797543683096,9.999992,3.000664,10.000091,0.999931,0.005623,-0.010315,0.000078
1592797543720553,9.999957,3.000528,9.999939,0.999931,0.005597,-0.010296,0.000054
1592797543754733,10.000001,3.000880,10.000190,0.999930,0.005620,-0.010372,0.000057
1592797543789882,9.999953,3.000554,9.999860,0.999931,0.005607,-0.010295,0.000046
1592797543823067,9.999998,3.000815,10.000147,0.999930,0.005615,-0.010376,0.000045
1592797543856622,9.999987,3.000911,10.000276,0.999930,0.005616,-0.010398,0.000051
1592797543889833,9.999972,3.000888,10.000264,0.999931,0.005615,-0.010359,0.000034
1592797543923129,9.999978,3.000757,10.000139,0.999931,0.005620,-0.010304,0.000037
1592797543956908,9.999974,3.000858,10.000112,0.999931,0.005620,-0.010328,0.000036
1592797543990803,9.999952,3.000513,9.999932,0.999932,0.005609,-0.010262,0.000030
1592797544025463,10.000011,3.000838,10.000138,0.999931,0.005639,-0.010327,0.000018
1592797544060801,9.999959,3.001012,10.000190,0.999931,0.005643,-0.010354,0.000047
1592797544095835,9.999955,3.000981,10.000182,0.999931,0.005649,-0.010327,0.000036
1592797544135719,9.999989,3.001081,10.000193,0.999931,0.005675,-0.010314,0.000069
1592797544174862,9.999989,3.000511,10.000113,0.999931,0.005660,-0.010302,0.000067
1592797544215559,9.999990,3.000661,10.000075,0.999931,0.005630,-0.010273,0.000094
1592797544256085,9.999975,3.000803,10.000160,0.999931,0.005640,-0.010307,0.000078
1592797544298369,9.999974,3.000911,10.000060,0.999931,0.005637,-0.010299,0.000062
1592797544336408,10.000003,3.001123,10.000154,0.999931,0.005634,-0.010304,0.000070
1592797544373598,9.999958,3.000662,9.999835,0.999932,0.005613,-0.010263,0.000085
1592797544412687,9.999973,3.000638,10.000186,0.999930,0.005648,-0.010360,0.000093
1592797544450189,9.999969,3.000731,10.000146,0.999930,0.005655,-0.010366,0.000081
1592797544484705,9.999975,3.000339,9.999862,0.999931,0.005633,-0.010322,0.000073
1592797544520841,10.000009,3.000763,10.000168,0.999930,0.005644,-0.010402,0.000073
1592797544555527,9.999988,3.000845,10.000191,0.999930,0.005639,-0.010404,0.000049
1592797544589301,9.999994,3.000790,10.000184,0.999930,0.005627,-0.010381,0.000048
1592797544623162,9.999987,3.000717,10.000114,0.999930,0.005620,-0.010378,0.000072
1592797544657494,9.999978,3.000663,10.000171,0.999931,0.005593,-0.010356,0.000094
1592797544692991,9.999977,3.000767,10.000088,0.999931,0.005584,-0.010345,0.000092
1592797544727939,9.999984,3.000811,10.000149,0.999931,0.005589,-0.010345,0.000104
1592797544762304,9.999964,3.000802,10.000095,0.999931,0.005598,-0.010322,0.000104
1592797544798270,9.999964,3.000879,10.000115,0.999931,0.005614,-0.010337,0.000074
1592797544835524,9.999981,3.001038,10.000113,0.999931,0.005622,-0.010351,0.000081
1592797544871514,10.000002,3.001114,10.000129,0.999931,0.005620,-0.010311,0.000051
1592797544905787,9.999988,3.001141,10.000136,0.999931,0.005593,-0.010327,0.000074
1592797544942017,9.999951,3.001170,10.000230,0.999931,0.005611,-0.010359,0.000070
1592797544977223,9.999973,3.000488,10.000109,0.999931,0.005609,-0.010336,0.000080
1592797545011895,9.999973,3.000443,10.000064,0.999931,0.005582,-0.010336,0.000085
1592797545046171,9.999952,3.000164,9.999924,0.999932,0.005582,-0.010266,0.000095
1592797545079732,9.999994,3.000569,10.000095,0.999931,0.005606,-0.010309,0.000096
1592797545114200,9.999970,3.000263,9.999865,0.999932,0.005593,-0.010258,0.000089
1592797545148600,10.000011,3.000655,10.000123,0.999931,0.005619,-0.010335,0.000088
1592797545182641,9.999999,3.000634,10.000160,0.999931,0.005585,-0.010332,0.000081
1592797545216708,9.999971,3.000272,9.999905,0.999932,0.005564,-0.010266,0.000059
1592797545252742,10.000009,3.000614,10.000149,0.999931,0.005576,-0.010334,0.000035
1592797545290684,9.999997,3.000865,10.000190,0.999931,0.005569,-0.010335,0.000055
1592797545328153,9.999963,3.000979,10.000215,0.999931,0.005565,-0.010337,0.000072
1592797545368167,9.999958,3.001241,10.000144,0.999931,0.005547,-0.010315,0.000082
1592797545405951,9.999966,3.001006,10.000090,0.999931,0.005583,-0.010331,0.000072
1592797545442516,9.999959,3.001087,10.000087,0.999931,0.005587,-0.010322,0.000063
1592797545479343,9.999981,3.000173,9.999822,0.999932,0.005571,-0.010295,0.000048
1592797545517191,10.000000,3.000592,10.000094,0.999931,0.005595,-0.010351,0.000064
1592797545554421,9.999989,3.000805,10.000153,0.999931,0.005594,-0.010360,0.000056
1592797545592872,9.999982,3.000771,10.000092,0.999931,0.005572,-0.010344,0.000059
1592797545629365,9.999977,3.000836,10.000118,0.999931,0.005563,-0.010325,0.000078
1592797545666505,9.999978,3.000930,10.000224,0.999931,0.005578,-0.010346,0.000082
1592797545702843,9.999949,3.001040,10.000105,0.999931,0.005611,-0.010335,0.000098
1592797545739536,9.999979,3.001071,10.000175,0.999931,0.005607,-0.010327,0.000081
1592797545774836,9.999976,3.000453,10.000054,0.999931,0.005581,-0.010303,0.000083
1592797545809918,9.999962,3.001184,10.000071,0.999931,0.005587,-0.010312,0.000061
1592797545846679,9.999980,3.000507,10.000119,0.999931,0.005609,-0.010325,0.000058
1592797545883377,10.000001,3.000617,10.000115,0.999931,0.005584,-0.010317,0.000075
1592797545919784,9.999994,3.000643,10.000175,0.999931,0.005605,-0.010349,0.000043
1592797545959243,9.999972,3.000805,10.000148,0.999931,0.005585,-0.010334,0.000056
1592797545995493,9.999988,3.000855,10.000138,0.999931,0.005591,-0.010329,0.000081
1592797546033254,9.999989,3.000963,10.000084,0.999931,0.005583,-0.010358,0.000100
1592797546070218,9.999974,3.000982,10.000096,0.999931,0.005571,-0.010363,0.000083
1592797546105571,9.999940,3.000462,9.999799,0.999931,0.005596,-0.010362,0.000089
1592797546139974,10.000016,3.001053,10.000145,0.999930,0.005617,-0.010399,0.000091
1592797546174277,9.999982,3.000461,10.000174,0.999930,0.005599,-0.010399,0.000072
1592797546209677,9.999972,3.001103,10.000314,0.999930,0.005595,-0.010401,0.000074
1592797546244584,9.999956,3.000073,9.999841,0.999931,0.005562,-0.010351,0.000054
1592797546279147,9.999996,3.000463,10.000036,0.999930,0.005590,-0.010395,0.000069
1592797546312731,9.999970,3.000186,9.999851,0.999930,0.005604,-0.010379,0.000064
1592797546345997,9.999991,3.000472,10.000085,0.999930,0.005599,-0.010445,0.000069
1592797546378794,9.999993,3.000614,10.000183,0.999930,0.005607,-0.010442,0.000034
1592797546412762,9.999994,3.000631,10.000173,0.999930,0.005624,-0.010417,0.000039
1592797546446440,9.999981,3.000260,9.999878,0.999931,0.005617,-0.010359,0.000071
1592797546480639,10.000007,3.000494,10.000104,0.999931,0.005626,-0.010364,0.000075
1592797546514623,10.000014,3.000567,10.000159,0.999931,0.005616,-0.010360,0.000058
1592797546548424,9.999995,3.000626,10.000130,0.999931,0.005622,-0.010365,0.000069
1592797546584944,9.999987,3.000569,10.000105,0.999931,0.005604,-0.010347,0.000052
1592797546619446,9.999971,3.000217,9.999825,0.999931,0.005587,-0.010303,0.000072
1592797546653720,9.999999,3.000334,9.999824,0.999931,0.005565,-0.010320,0.000062
1592797546687266,10.000026,3.000759,10.000099,0.999931,0.005578,-0.010362,0.000068
1592797546721416,9.999990,3.000623,10.000144,0.999931,0.005571,-0.010364,0.000071
1592797546755292,9.999970,3.000683,10.000175,0.999931,0.005565,-0.010339,0.000063
1592797546789486,9.999993,3.000677,10.000138,0.999931,0.005554,-0.010320,0.000072
1592797546822913,9.999967,3.000650,10.000110,0.999932,0.005545,-0.010310,0.000066
1592797546857308,9.999974,3.000633,10.000096,0.999932,0.005553,-0.010276,0.000056
1592797546890488,10.000002,3.000553,10.000121,0.999932,0.005550,-0.010280,0.000082
1592797546923756,9.999984,3.000675,10.000111,0.999932,0.005559,-0.010256,0.000077
1592797546957252,9.999972,3.000769,10.000117,0.999932,0.005540,-0.010253,0.000094
1592797546994821,9.999959,3.000750,10.000113,0.999932,0.005547,-0.010292,0.000072
1592797547032879,9.999974,3.000840,10.000137,0.999932,0.005576,-0.010295,0.000079
1592797547070036,9.999978,3.000907,10.000058,0.999932,0.005554,-0.010306,0.000078
1592797547109727,9.999996,3.000447,10.000055,0.999931,0.005529,-0.010341,0.000085
1592797547152801,9.999977,3.000742,10.000108,0.999931,0.005510,-0.010340,0.000079
1592797547193816,9.999969,3.000782,10.000169,0.999932,0.005520,-0.010326,0.000058
1592797547232165,9.999975,3.000934,10.000111,0.999932,0.005516,-0.010293,0.000057
1592797547271686,9.999969,3.000967,10.000109,0.999932,0.005503,-0.010277,0.000068
1592797547315760,9.999983,3.000458,10.000063,0.999932,0.005512,-0.010280,0.000090
1592797547359407,9.999978,3.000636,10.000061,0.999932,0.005524,-0.010285,0.000069
1592797547393903,9.999979,3.000676,10.000092,0.999932,0.005513,-0.010307,0.000068
1592797547427975,9.999980,3.000826,10.000142,0.999932,0.005510,-0.010290,0.000083
1592797547461632,9.999993,3.000751,10.000121,0.999932,0.005527,-0.010288,0.000069
1592797547495253,9.999995,3.000622,10.000154,0.999932,0.005538,-0.010282,0.000089
1592797547529423,9.999990,3.000752,10.000021,0.999932,0.005538,-0.010265,0.000062
1592797547564118,9.999995,3.000817,10.000135,0.999932,0.005563,-0.010285,0.000071
1592797547597794,9.999969,3.000373,9.999844,0.999932,0.005559,-0.010265,0.000081
1592797547630451,10.000004,3.000793,10.000142,0.999932,0.005564,-0.010288,0.000051
1592797547664075,9.999977,3.000868,10.000168,0.999932,0.005561,-0.010300,0.000060
1592797547698444,9.999993,3.000800,10.000172,0.999932,0.005582,-0.010290,0.000058
1592797547742370,9.999990,3.000403,10.000020,0.999932,0.005569,-0.010274,0.000041
1592797547780677,9.999998,3.000494,10.000105,0.999931,0.005581,-0.010301,0.000037
1592797547822876,9.999997,3.000616,10.000096,0.999931,0.005566,-0.010303,0.000048
1592797547860915,10.000005,3.000776,10.000090,0.999932,0.005580,-0.010293,0.000046
1592797547898372,9.999998,3.000744,10.000145,0.999932,0.005565,-0.010290,0.000057
1592797547934878,9.999969,3.000862,10.000125,0.999932,0.005548,-0.010305,0.000079
1592797547971910,9.999928,3.000949,10.000207,0.999932,0.005551,-0.010300,0.000114
1592797548009978,9.999967,3.000953,10.000118,0.999931,0.005578,-0.010302,0.000113
1592797548047455,9.999977,3.000466,10.000041,0.999931,0.005592,-0.010289,0.000094
1592797548085592,9.999993,3.000533,10.000132,0.999932,0.005574,-0.010284,0.000071
1592797548123654,9.999980,3.000588,10.000081,0.999932,0.005603,-0.010257,0.000075
1592797548161667,9.999987,3.000733,10.000093,0.999932,0.005581,-0.010250,0.000078
1592797548197830,10.000005,3.000760,10.000131,0.999932,0.005589,-0.010261,0.000079
1592797548233432,10.000000,3.000792,10.000132,0.999932,0.005604,-0.010258,0.000066
1592797548270432,10.000009,3.000901,10.000041,0.999932,0.005580,-0.010264,0.000058
1592797548308481,10.000008,3.000924,10.000092,0.999932,0.005563,-0.010283,0.000040
1592797548346384,9.999986,3.000477,10.000110,0.999932,0.005556,-0.010301,0.000059
1592797548382742,9.999986,3.000506,10.000096,0.999932,0.005563,-0.010281,0.000078
1592797548417845,9.999978,3.000479,10.000073,0.999932,0.005551,-0.010300,0.000099
1592797548453673,9.999985,3.000533,10.000109,0.999931,0.005574,-0.010315,0.000078
1592797548489812,9.999987,3.000616,10.000038,0.999932,0.005552,-0.010288,0.000060
1592797548525016,9.999978,3.000636,10.000110,0.999932,0.005555,-0.010282,0.000071
1592797548559500,9.999957,3.000292,9.999827,0.999932,0.005543,-0.010312,0.000075
1592797548593746,9.999994,3.000516,9.999912,0.999931,0.005560,-0.010316,0.000072
1592797548628753,10.000028,3.000753,10.000192,0.999931,0.005556,-0.010361,0.000048
1592797548666007,9.999967,3.000918,10.000257,0.999931,0.005558,-0.010353,0.000050
1592797548700152,9.999953,3.000863,10.000180,0.999932,0.005530,-0.010322,0.000084
1592797548734569,9.999956,3.000777,10.000075,0.999932,0.005526,-0.010290,0.000105
1592797548768594,9.999979,3.000754,10.000127,0.999932,0.005530,-0.010295,0.000112
1592797548803905,9.999969,3.000806,10.000109,0.999932,0.005514,-0.010288,0.000102
1592797548838415,9.999967,3.000771,10.000068,0.999932,0.005519,-0.010317,0.000088
1592797548873742,9.999993,3.000801,10.000136,0.999932,0.005523,-0.010296,0.000067
1592797548908601,9.999979,3.000939,10.000134,0.999931,0.005543,-0.010316,0.000058
1592797548943554,9.999976,3.000410,10.000074,0.999931,0.005559,-0.010321,0.000065
1592797548978722,9.999996,3.000389,10.000090,0.999932,0.005537,-0.010306,0.000070
1592797549013872,9.999995,3.000397,10.000124,0.999931,0.005550,-0.010328,0.000076
1592797549051183,9.999985,3.000452,10.000056,0.999931,0.005552,-0.010319,0.000066
1592797549086715,10.000003,3.000543,10.000088,0.999931,0.005547,-0.010311,0.000058
1592797549122254,9.999997,3.000481,10.000102,0.999932,0.005548,-0.010310,0.000038
1592797549158582,9.999987,3.000636,10.000119,0.999932,0.005536,-0.010295,0.000026
1592797549195218,9.999970,3.000753,10.000168,0.999932,0.005504,-0.010286,0.000036
1592797549231529,9.999953,3.000801,10.000130,0.999932,0.005525,-0.010311,0.000011
1592797549267121,9.999987,3.000741,10.000131,0.999931,0.005543,-0.010317,0.000038
1592797549302248,10.000004,3.000878,10.000189,0.999931,0.005523,-0.010332,0.000046
1592797549337928,9.999971,3.000826,10.000110,0.999932,0.005499,-0.010326,0.000046
1592797549373525,9.999957,3.000824,10.000161,0.999932,0.005507,-0.010316,0.000064
1592797549415318,9.999979,3.000457,10.000118,0.999932,0.005524,-0.010269,0.000058
1592797549454656,9.999966,3.000570,10.000096,0.999932,0.005543,-0.010281,0.000068
1592797549494600,9.999972,3.000661,10.000114,0.999932,0.005570,-0.010294,0.000047
1592797549533512,9.999997,3.000712,10.000118,0.999932,0.005559,-0.010294,0.000063
1592797549570319,9.999992,3.000886,10.000119,0.999932,0.005542,-0.010279,0.000055
1592797549609779,10.000002,3.000383,10.000059,0.999932,0.005568,-0.010286,0.000079
1592797549647203,9.999978,3.000440,10.000058,0.999932,0.005557,-0.010281,0.000073
1592797549683964,9.999995,3.000477,10.000067,0.999932,0.005534,-0.010271,0.000087
1592797549721551,9.999963,3.000530,10.000057,0.999932,0.005529,-0.010281,0.000057
1592797549756849,9.999973,3.000576,10.000094,0.999932,0.005539,-0.010280,0.000057
1592797549791323,9.999987,3.000620,10.000182,0.999932,0.005524,-0.010257,0.000064
1592797549824871,9.999999,3.000606,10.000057,0.999932,0.005566,-0.010255,0.000121
1592797549859113,9.999968,3.000569,10.000036,0.999932,0.005576,-0.010273,0.000108
1592797549892818,9.999972,3.000620,10.000060,0.999931,0.005589,-0.010306,0.000094
1592797549926706,9.999975,3.000639,10.000138,0.999932,0.005578,-0.010273,0.000084
1592797549959457,9.999983,3.000528,10.000064,0.999932,0.005579,-0.010280,0.000084
1592797549993124,9.999988,3.000555,10.000059,0.999931,0.005584,-0.010292,0.000042
1592797550028316,10.000001,3.000625,10.000139,0.999932,0.005544,-0.010285,0.000056
1592797550063434,10.000000,3.000693,10.000118,0.999932,0.005548,-0.010288,0.000052
1592797550098493,9.999983,3.000696,10.000134,0.999932,0.005569,-0.010298,0.000057
1592797550134269,9.999969,3.000800,10.000154,0.999932,0.005519,-0.010285,0.000063
1592797550168975,9.999965,3.000693,10.000126,0.999932,0.005531,-0.010273,0.000075
1592797550204694,9.999942,3.000792,10.000173,0.999932,0.005537,-0.010273,0.000054
1592797550238871,9.999931,3.000426,9.999714,0.999932,0.005545,-0.010261,0.000057
1592797550273325,10.000006,3.000806,10.000055,0.999932,0.005543,-0.010280,0.000063
1592797550309617,9.999989,3.000427,10.000161,0.999932,0.005574,-0.010264,0.000090
1592797550344047,9.999972,3.000077,9.999886,0.999932,0.005552,-0.010219,0.000096
1592797550378492,10.000011,3.000411,10.000064,0.999932,0.005542,-0.010245,0.000097
1592797550413849,9.999976,3.000550,10.000178,0.999932,0.005535,-0.010256,0.000062
1592797550449644,9.999977,3.000516,10.000155,0.999932,0.005535,-0.010242,0.000052
1592797550488909,9.999998,3.000481,10.000153,0.999933,0.005528,-0.010219,0.000058
1592797550525552,10.000004,3.000575,10.000051,0.999932,0.005570,-0.010256,0.000055
1592797550560875,9.999991,3.000654,10.000052,0.999932,0.005562,-0.010265,0.000039
1592797550595707,10.000014,3.000648,10.000141,0.999932,0.005573,-0.010265,0.000050
1592797550631343,9.999981,3.000682,10.000131,0.999932,0.005558,-0.010250,0.000037
1592797550666542,9.999997,3.000738,10.000165,0.999932,0.005528,-0.010251,0.000048
1592797550702301,9.999991,3.000725,10.000127,0.999932,0.005538,-0.010269,0.000073
1592797550744666,9.999993,3.000384,10.000132,0.999932,0.005524,-0.010260,0.000069
1592797550782893,9.999994,3.000418,10.000099,0.999932,0.005517,-0.010242,0.000072
1592797550817126,9.999996,3.000476,10.000132,0.999933,0.005494,-0.010229,0.000109
1592797550851310,9.999988,3.000444,10.000109,0.999933,0.005495,-0.010211,0.000111
1592797550885208,9.999971,3.000494,10.000109,0.999933,0.005473,-0.010210,0.000090
1592797550919352,9.999993,3.000461,10.000040,0.999933,0.005470,-0.010211,0.000109
1592797550953546,9.999975,3.000491,10.000041,0.999933,0.005451,-0.010205,0.000123
1592797550987346,9.999951,3.000492,10.000075,0.999933,0.005459,-0.010225,0.000094
1592797551022515,9.999970,3.000515,10.000100,0.999933,0.005467,-0.010222,0.000123
1592797551058295,9.999969,3.000576,10.000108,0.999933,0.005480,-0.010235,0.000114
1592797551094511,9.999978,3.000592,10.000095,0.999933,0.005491,-0.010239,0.000098
1592797551131697,9.999992,3.000621,10.000104,0.999933,0.005507,-0.010217,0.000069
1592797551166343,10.000002,3.000645,10.000007,0.999933,0.005495,-0.010212,0.000050
1592797551202765,10.000000,3.000778,10.000163,0.999933,0.005506,-0.010206,0.000066
1592797551239423,9.999979,3.000873,10.000076,0.999933,0.005506,-0.010198,0.000063
1592797551276558,9.999991,3.000313,10.000077,0.999933,0.005519,-0.010188,0.000085
1592797551313880,9.999990,3.000462,10.000157,0.999933,0.005538,-0.010199,0.000103
1592797551351795,9.999958,3.000158,9.999828,0.999933,0.005522,-0.010186,0.000119
1592797551391022,9.999996,3.000585,10.000106,0.999933,0.005492,-0.010184,0.000125
1592797551427866,9.999996,3.000746,10.000250,0.999933,0.005492,-0.010178,0.000113
1592797551464442,9.999994,3.000689,10.000141,0.999933,0.005503,-0.010180,0.000098
1592797551500350,9.999986,3.000789,10.000086,0.999933,0.005503,-0.010192,0.000095
1592797551534005,9.999962,3.000716,10.000225,0.999933,0.005502,-0.010190,0.000071
1592797551568450,9.999967,3.000692,10.000138,0.999933,0.005502,-0.010213,0.000063
1592797551605178,9.999999,3.000854,10.000113,0.999933,0.005531,-0.010209,0.000069
1592797551643198,9.999979,3.000340,10.000059,0.999933,0.005544,-0.010202,0.000064
1592797551679832,9.999991,3.000401,10.000038,0.999933,0.005560,-0.010198,0.000065
1592797551715578,9.999992,3.000445,10.000068,0.999933,0.005568,-0.010201,0.000078
1592797551750432,9.999984,3.000475,10.000085,0.999932,0.005575,-0.010207,0.000084
1592797551784459,9.999979,3.000392,10.000086,0.999933,0.005568,-0.010194,0.000068
1592797551819649,9.999978,3.000514,10.000092,0.999932,0.005582,-0.010223,0.000075
1592797551854489,9.999983,3.000525,10.000117,0.999932,0.005592,-0.010229,0.000079
1592797551889523,9.999983,3.000517,10.000073,0.999932,0.005591,-0.010218,0.000102
1592797551925287,9.999992,3.000560,10.000076,0.999932,0.005574,-0.010204,0.000113
1592797551960397,9.999991,3.000552,10.000094,0.999932,0.005572,-0.010216,0.000103
1592797551994090,9.999993,3.000592,10.000148,0.999933,0.005556,-0.010198,0.000098
1592797552030509,10.000000,3.000652,10.000183,0.999932,0.005572,-0.010212,0.000107
1592797552067148,9.999977,3.000755,10.000153,0.999933,0.005581,-0.010196,0.000110
1592797552103312,9.999979,3.000728,10.000191,0.999932,0.005564,-0.010212,0.000122
1592797552140307,9.999992,3.000761,10.000182,0.999933,0.005560,-0.010186,0.000105
1592797552175416,10.000001,3.000797,10.000058,0.999933,0.005544,-0.010187,0.000091
1592797552211544,10.000010,3.000805,10.000161,0.999933,0.005549,-0.010188,0.000088
1592797552246555,9.999975,3.000010,9.999871,0.999933,0.005542,-0.010191,0.000090
1592797552282161,10.000004,3.000439,10.000091,0.999932,0.005542,-0.010227,0.000076
1592797552318363,9.999994,3.000530,10.000174,0.999933,0.005537,-0.010217,0.000066
1592797552353797,9.999968,3.000521,10.000121,0.999932,0.005559,-0.010242,0.000054
1592797552387722,9.999960,3.000512,10.000131,0.999932,0.005571,-0.010243,0.000080
1592797552421940,9.999978,3.000530,10.000120,0.999933,0.005582,-0.010191,0.000090
1592797552456879,9.999975,3.000568,10.000121,0.999933,0.005563,-0.010186,0.000086
1592797552492022,9.999969,3.000149,9.999770,0.999933,0.005559,-0.010170,0.000089
1592797552526190,10.000019,3.000501,10.000087,0.999933,0.005534,-0.010163,0.000079
1592797552561317,9.999970,3.000665,10.000166,0.999933,0.005506,-0.010165,0.000099
1592797552595238,9.999958,3.000626,10.000135,0.999933,0.005493,-0.010159,0.000097
1592797552628805,9.999985,3.000640,10.000089,0.999933,0.005502,-0.010153,0.000104
1592797552662232,10.000003,3.000614,10.000127,0.999933,0.005508,-0.010147,0.000106
1592797552696059,9.999986,3.000554,10.000110,0.999933,0.005507,-0.010158,0.000090
1592797552729484,9.999991,3.000592,10.000146,0.999933,0.005496,-0.010189,0.000060
1592797552763256,10.000003,3.000681,10.000147,0.999933,0.005506,-0.010188,0.000091
1592797552797271,9.999997,3.000633,10.000060,0.999933,0.005512,-0.010201,0.000079
1592797552831358,9.999995,3.000589,10.000105,0.999933,0.005508,-0.010221,0.000067
1592797552864630,9.999996,3.000609,10.000061,0.999933,0.005507,-0.010202,0.000061
1592797552898752,9.999998,3.000668,10.000123,0.999933,0.005490,-0.010193,0.000037
1592797552932766,9.999991,3.000729,10.000134,0.999933,0.005516,-0.010212,0.000042
1592797552966182,9.999987,3.000629,10.000137,0.999933,0.005517,-0.010204,0.000031
1592797552999983,9.999994,3.000570,10.000024,0.999933,0.005505,-0.010206,0.000073
1592797553036786,9.999977,3.000704,10.000154,0.999933,0.005509,-0.010220,0.000058
1592797553072021,9.999937,3.000240,9.999728,0.999933,0.005507,-0.010200,0.000061
1592797553108244,10.000000,3.000384,10.000112,0.999933,0.005541,-0.010190,0.000081
1592797553143461,9.999990,3.000408,10.000125,0.999933,0.005536,-0.010202,0.000072
1592797553179450,9.999992,3.000422,10.000072,0.999933,0.005556,-0.010200,0.000099
1592797553216103,9.999993,3.000478,10.000116,0.999933,0.005564,-0.010201,0.000086
1592797553250538,9.999977,3.000397,10.000094,0.999933,0.005541,-0.010206,0.000071
1592797553287308,9.999995,3.000509,10.000034,0.999932,0.005569,-0.010217,0.000092
1592797553321880,10.000002,3.000456,10.000046,0.999932,0.005560,-0.010211,0.000090
1592797553356556,9.999976,3.000565,10.000141,0.999932,0.005561,-0.010218,0.000090
1592797553391975,9.999981,3.000505,10.000068,0.999933,0.005514,-0.010212,0.000069
1592797553426172,9.999979,3.000628,10.000082,0.999932,0.005535,-0.010231,0.000076
1592797553460048,9.999990,3.000494,10.000112,0.999933,0.005524,-0.010214,0.000103
1592797553494260,9.999997,3.000539,10.000086,0.999932,0.005520,-0.010232,0.000095
1592797553528380,9.999997,3.000536,10.000004,0.999932,0.005531,-0.010236,0.000087
1592797553562162,10.000003,3.000557,10.000116,0.999932,0.005510,-0.010239,0.000101
1592797553595859,9.999991,3.000634,10.000097,0.999932,0.005508,-0.010240,0.000074
1592797553629683,9.999962,3.000628,10.000154,0.999932,0.005504,-0.010244,0.000041
1592797553663446,9.999985,3.000529,10.000121,0.999933,0.005490,-0.010217,0.000041
1592797553697298,10.000005,3.000606,10.000012,0.999933,0.005507,-0.010228,0.000044
1592797553730535,10.000001,3.000500,10.000026,0.999933,0.005494,-0.010229,0.000034
1592797553764272,10.000014,3.000573,10.000126,0.999932,0.005485,-0.010244,0.000026
1592797553802701,10.000017,3.000656,10.000100,0.999932,0.005513,-0.010237,0.000044
1592797553837016,9.999996,3.000906,10.000254,0.999932,0.005524,-0.010252,0.000054
1592797553871079,9.999969,3.000739,10.000126,0.999932,0.005521,-0.010234,0.000082
1592797553905548,9.999944,3.000801,10.000213,0.999932,0.005518,-0.010241,0.000080
1592797553939487,9.999981,3.000786,10.000118,0.999932,0.005520,-0.010234,0.000084
1592797553974202,9.999990,3.000696,10.000092,0.999933,0.005497,-0.010225,0.000108
1592797554007749,9.999979,3.000709,10.000110,0.999933,0.005489,-0.010210,0.000105
1592797554043894,9.999990,3.000285,10.000055,0.999933,0.005522,-0.010211,0.000103
1592797554079547,9.999984,3.000293,10.000042,0.999933,0.005520,-0.010205,0.000078
1592797554115492,9.999976,3.000084,9.999843,0.999932,0.005549,-0.010213,0.000067
1592797554150498,10.000029,3.000481,10.000147,0.999932,0.005584,-0.010222,0.000093
1592797554184452,9.999995,3.000519,10.000180,0.999932,0.005551,-0.010209,0.000091
1592797554218587,9.999996,3.000482,10.000085,0.999933,0.005545,-0.010195,0.000121
1592797554253104,9.999979,3.000453,10.000113,0.999933,0.005537,-0.010194,0.000127
1592797554288511,9.999982,3.000447,10.000088,0.999933,0.005532,-0.010174,0.000092
1592797554322871,9.999990,3.000466,10.000050,0.999933,0.005520,-0.010150,0.000084
1592797554356636,9.999963,3.000473,10.000105,0.999933,0.005506,-0.010144,0.000081
1592797554391587,9.999974,3.000592,10.000134,0.999933,0.005515,-0.010136,0.000082
1592797554426503,9.999967,3.000560,10.000093,0.999933,0.005521,-0.010141,0.000077
1592797554463121,9.999977,3.000533,10.000065,0.999933,0.005512,-0.010161,0.000061
1592797554497645,9.999990,3.000552,10.000151,0.999933,0.005514,-0.010176,0.000048
1592797554530938,9.999993,3.000624,10.000094,0.999933,0.005539,-0.010194,0.000042
1592797554564602,9.999981,3.000545,10.000099,0.999933,0.005523,-0.010202,0.000026
1592797554598237,10.000009,3.000595,10.000151,0.999932,0.005531,-0.010231,0.000024
1592797554632362,10.000020,3.000638,10.000136,0.999932,0.005541,-0.010235,0.000038
1592797554665859,10.000011,3.000657,10.000112,0.999933,0.005540,-0.010207,0.000051
1592797554699535,10.000003,3.000595,10.000138,0.999933,0.005542,-0.010209,0.000049
1592797554733077,9.999964,3.000119,9.999760,0.999933,0.005513,-0.010192,0.000050
1592797554766577,10.000022,3.000506,10.000110,0.999933,0.005523,-0.010206,0.000044
1592797554799965,9.999981,3.000774,10.000074,0.999932,0.005548,-0.010239,0.000083
1592797554834592,9.999959,3.000310,9.999832,0.999932,0.005531,-0.010241,0.000084
1592797554869689,9.999991,3.000301,9.999730,0.999932,0.005543,-0.010233,0.000074
1592797554904926,10.000028,3.000921,10.000260,0.999932,0.005555,-0.010255,0.000103
1592797554939515,9.999989,3.000331,10.000102,0.999932,0.005541,-0.010256,0.000111
1592797554983554,9.999986,3.000349,10.000114,0.999932,0.005549,-0.010224,0.000113
1592797555020660,9.999985,3.000443,10.000095,0.999933,0.005537,-0.010208,0.000109
1592797555057890,10.000015,3.000426,10.000096,0.999933,0.005526,-0.010199,0.000130
1592797555100039,10.000006,3.000633,10.000140,0.999933,0.005508,-0.010214,0.000140
1592797555141815,9.999975,2.999949,9.999821,0.999933,0.005496,-0.010207,0.000129
1592797555183843,10.000002,3.000386,10.000100,0.999933,0.005536,-0.010209,0.000116
1592797555219798,9.999982,3.000549,10.000186,0.999932,0.005540,-0.010231,0.000106
1592797555254615,9.999963,3.000593,10.000148,0.999933,0.005530,-0.010217,0.000114
1592797555290363,9.999972,3.000466,10.000109,0.999933,0.005533,-0.010216,0.000099
1592797555328800,9.999947,3.000051,9.999745,0.999933,0.005522,-0.010212,0.000088
1592797555364565,10.000023,3.000664,10.000111,0.999933,0.005529,-0.010202,0.000101
1592797555399348,9.999998,3.000715,10.000201,0.999933,0.005492,-0.010193,0.000107
1592797555432981,9.999984,3.000570,10.000108,0.999933,0.005525,-0.010161,0.000103
1592797555468305,9.999988,3.000681,10.000111,0.999933,0.005549,-0.010181,0.000084
1592797555506448,10.000006,3.000722,10.000169,0.999933,0.005528,-0.010169,0.000116
1592797555541561,10.000009,3.000752,10.000064,0.999933,0.005537,-0.010154,0.000101
1592797555576327,9.999993,3.000310,10.000096,0.999933,0.005542,-0.010201,0.000096
1592797555610229,9.999994,3.000346,10.000105,0.999933,0.005525,-0.010199,0.000117
1592797555644119,10.000003,3.000833,10.000175,0.999933,0.005521,-0.010192,0.000117
1592797555677505,9.999994,3.000798,10.000115,0.999933,0.005556,-0.010205,0.000087
1592797555711896,9.999991,3.000282,10.000055,0.999932,0.005554,-0.010208,0.000075
1592797555748125,9.999991,3.000322,10.000081,0.999933,0.005547,-0.010206,0.000076
1592797555784860,10.000007,3.000401,10.000059,0.999933,0.005543,-0.010200,0.000083
1592797555819561,10.000004,3.000397,10.000078,0.999933,0.005559,-0.010174,0.000072
1592797555853716,9.999993,3.000444,10.000123,0.999933,0.005557,-0.010171,0.000068
1592797555887119,9.999990,3.000381,10.000150,0.999933,0.005550,-0.010146,0.000056
1592797555920380,9.999995,3.000477,10.000117,0.999933,0.005547,-0.010138,0.000076
1592797555954967,10.000000,3.000407,10.000122,0.999933,0.005551,-0.010122,0.000030
1592797555988830,9.999990,3.000514,10.000094,0.999933,0.005553,-0.010144,0.000025
1592797556024186,9.999972,3.000554,10.000099,0.999933,0.005531,-0.010149,-0.000006
1592797556061447,9.999992,3.000574,10.000113,0.999933,0.005507,-0.010148,0.000006
1592797556098822,9.999973,3.000617,10.000134,0.999934,0.005478,-0.010144,0.000026
1592797556133472,9.999968,3.000671,10.000180,0.999934,0.005461,-0.010125,0.000024
1592797556168191,9.999983,3.000664,10.000180,0.999933,0.005487,-0.010165,0.000043
1592797556202763,9.999984,3.000647,10.000095,0.999934,0.005468,-0.010154,0.000026
1592797556237831,9.999953,3.000615,10.000157,0.999933,0.005495,-0.010182,0.000016
1592797556274222,9.999992,3.000266,10.000051,0.999933,0.005488,-0.010184,0.000017
1592797556310107,10.000002,3.000301,10.000105,0.999933,0.005493,-0.010183,0.000019
1592797556351000,10.000002,3.000329,10.000073,0.999933,0.005502,-0.010179,0.000009
1592797556390895,9.999970,3.000502,10.000076,0.999933,0.005470,-0.010197,0.000039
1592797556425394,9.999983,3.000467,10.000119,0.999933,0.005449,-0.010198,0.000052
1592797556460617,9.999994,3.000504,10.000081,0.999933,0.005476,-0.010198,0.000056
1592797556495167,9.999998,3.000502,10.000134,0.999933,0.005465,-0.010190,0.000013
1592797556529015,9.999995,3.000482,10.000023,0.999933,0.005470,-0.010179,0.000036
1592797556562880,9.999986,3.000494,10.000120,0.999933,0.005479,-0.010179,0.000032
1592797556596760,9.999974,3.000474,10.000093,0.999933,0.005465,-0.010173,0.000019
1592797556630664,9.999970,3.000532,10.000029,0.999933,0.005472,-0.010180,0.000014
1592797556664401,9.999971,3.000062,9.999749,0.999934,0.005478,-0.010139,0.000040
1592797556698177,10.000025,3.000622,10.000166,0.999934,0.005439,-0.010153,0.000011
1592797556732121,9.999982,3.000203,9.999918,0.999934,0.005447,-0.010147,0.000026
1592797556765750,10.000012,3.000574,10.000100,0.999934,0.005442,-0.010146,0.000057
1592797556803009,9.999995,3.000746,10.000220,0.999934,0.005436,-0.010152,0.000045
1592797556840312,9.999980,3.000733,10.000164,0.999934,0.005446,-0.010149,0.000044
1592797556874948,9.999988,3.000704,10.000085,0.999934,0.005449,-0.010166,0.000025
1592797556909443,9.999994,3.000285,10.000096,0.999934,0.005452,-0.010146,0.000013
1592797556944086,9.999995,3.000334,10.000081,0.999934,0.005460,-0.010160,0.000015
1592797556978746,9.999989,3.000356,10.000103,0.999933,0.005459,-0.010177,0.000032
1592797557012647,9.999978,2.999955,9.999839,0.999934,0.005453,-0.010152,0.000026
1592797557047682,10.000023,3.000348,10.000062,0.999933,0.005485,-0.010169,0.000050
1592797557083099,10.000003,3.000464,10.000161,0.999933,0.005471,-0.010177,0.000031
1592797557118992,9.999994,3.000495,10.000049,0.999933,0.005481,-0.010158,0.000039
1592797557154186,10.000015,3.000478,10.000113,0.999933,0.005465,-0.010157,0.000046
1592797557188945,10.000025,3.000442,10.000105,0.999934,0.005461,-0.010112,0.000080
1592797557223126,9.999988,3.000446,10.000109,0.999934,0.005472,-0.010125,0.000065
1592797557257803,9.999964,3.000371,10.000096,0.999934,0.005441,-0.010151,0.000020
1592797557292755,9.999995,3.000564,10.000089,0.999934,0.005441,-0.010148,0.000044
1592797557326860,9.999990,3.000492,10.000144,0.999934,0.005441,-0.010136,0.000046
