1591714037367878,9.999925,3.000995,10.000051,0.999577,-0.001493,-0.029032,-0.000218
1591714037432518,9.999896,3.000794,10.000146,0.999571,-0.001484,-0.029246,-0.000215
1591714037479137,9.999936,3.001257,10.000082,0.999582,-0.001269,-0.028869,-0.000231
1591714037520897,9.999840,3.001524,10.000173,0.999577,-0.001424,-0.029050,-0.000240
1591714037569816,9.999920,3.001301,10.000187,0.999579,-0.001174,-0.029007,-0.000256
1591714037610036,9.999827,3.001400,10.000146,0.999586,-0.001234,-0.028754,-0.000263
1591714037647498,9.999872,3.001246,10.000161,0.999586,-0.001091,-0.028753,-0.000278
1591714037686488,9.999934,3.001620,10.000345,0.999582,-0.000993,-0.028890,-0.000230
1591714037728962,9.999941,3.000944,10.000054,0.999593,-0.001016,-0.028517,-0.000233
1591714037772576,9.999938,3.000764,10.000051,0.999593,-0.001010,-0.028521,-0.000216
1591714037809700,9.999932,3.001099,10.000043,0.999591,-0.001050,-0.028591,-0.000230
1591714037844278,9.999928,3.001244,10.000155,0.999590,-0.001062,-0.028605,-0.000221
1591714037879873,9.999939,3.001102,10.000096,0.999591,-0.001055,-0.028572,-0.000253
1591714037917250,9.999901,3.001755,10.000186,0.999589,-0.001085,-0.028652,-0.000272
1591714037956378,9.999845,3.001914,10.000231,0.999586,-0.001123,-0.028749,-0.000266
1591714037996613,9.999940,3.000979,10.000081,0.999594,-0.001029,-0.028483,-0.000265
1591714038035940,9.999930,3.000845,10.000051,0.999594,-0.001035,-0.028460,-0.000241
1591714038074244,9.999959,3.000654,10.000017,0.999595,-0.001012,-0.028430,-0.000231
1591714038111166,9.999927,3.001603,10.000212,0.999590,-0.001041,-0.028610,-0.000251
1591714038146867,9.999851,3.001374,10.000203,0.999589,-0.001080,-0.028652,-0.000275
1591714038181839,9.999933,3.001349,10.000156,0.999595,-0.001035,-0.028432,-0.000267
1591714038217608,9.999928,3.001589,10.000044,0.999593,-0.001018,-0.028497,-0.000263
1591714038253060,9.999913,3.001646,10.000226,0.999590,-0.001033,-0.028602,-0.000265
1591714038289204,9.999873,3.001346,10.000205,0.999590,-0.001071,-0.028616,-0.000276
1591714038327052,9.999928,3.001515,10.000154,0.999592,-0.001008,-0.028532,-0.000278
1591714038363027,9.999975,3.001666,10.000077,0.999595,-0.000983,-0.028443,-0.000263
1591714038397886,9.999906,3.000868,10.000124,0.999594,-0.001036,-0.028483,-0.000236
1591714038435794,9.999915,3.000890,10.000132,0.999594,-0.001006,-0.028467,-0.000256
1591714038470653,9.999961,3.000841,10.000060,0.999595,-0.000972,-0.028429,-0.000257
1591714038505159,9.999933,3.001006,10.000070,0.999593,-0.001006,-0.028498,-0.000262
1591714038541768,9.999892,3.001477,10.000127,0.999593,-0.000995,-0.028524,-0.000246
1591714038577411,9.999866,3.001510,10.000300,0.999591,-0.000997,-0.028570,-0.000241
1591714038613239,9.999884,3.001148,10.000146,0.999594,-0.001009,-0.028491,-0.000223
1591714038650091,9.999923,3.001268,10.000196,0.999592,-0.000985,-0.028528,-0.000262
1591714038687889,9.999932,3.001251,10.000041,0.999593,-0.000992,-0.028503,-0.000259
1591714038725943,9.999895,3.001580,10.000072,0.999595,-0.000984,-0.028428,-0.000237
1591714038762763,9.999929,3.000746,10.000098,0.999595,-0.000983,-0.028435,-0.000234
1591714038798163,9.999932,3.001303,10.000302,0.999594,-0.000955,-0.028493,-0.000238
1591714038833074,9.999912,3.002436,10.000443,0.999592,-0.000969,-0.028534,-0.000243
1591714038868469,9.999820,3.002386,10.000361,0.999594,-0.001002,-0.028488,-0.000265
1591714038903507,9.999916,3.000788,10.000079,0.999597,-0.001003,-0.028353,-0.000290
1591714038938401,9.999980,3.001061,9.999980,0.999599,-0.000982,-0.028308,-0.000250
1591714038974629,9.999929,3.001154,10.000151,0.999597,-0.001038,-0.028382,-0.000280
1591714039010323,9.999902,3.001113,10.000211,0.999593,-0.001048,-0.028507,-0.000301
1591714039047608,9.999941,3.001141,10.000086,0.999593,-0.001049,-0.028508,-0.000300
1591714039085362,9.999964,3.001187,9.999990,0.999596,-0.001035,-0.028389,-0.000306
1591714039123083,9.999941,3.001349,10.000047,0.999597,-0.001014,-0.028383,-0.000303
1591714039160395,9.999932,3.000707,10.000163,0.999593,-0.001028,-0.028492,-0.000290
1591714039196737,9.999920,3.001262,10.000261,0.999592,-0.001042,-0.028557,-0.000285
1591714039236184,9.999903,3.000942,10.000118,0.999595,-0.001016,-0.028443,-0.000269
1591714039272516,9.999940,3.001176,10.000177,0.999596,-0.000985,-0.028421,-0.000247
1591714039307589,9.999898,3.001051,10.000074,0.999594,-0.001026,-0.028470,-0.000257
1591714039342924,9.999920,3.000978,10.000087,0.999595,-0.001003,-0.028446,-0.000260
1591714039377585,9.999934,3.001108,10.000075,0.999597,-0.000984,-0.028368,-0.000289
1591714039411747,9.999900,3.001170,10.000081,0.999597,-0.000960,-0.028377,-0.000262
1591714039446537,9.999957,3.001143,10.000208,0.999597,-0.000941,-0.028380,-0.000251
1591714039481496,9.999962,3.001110,10.000228,0.999596,-0.000941,-0.028424,-0.000206
1591714039515986,9.999906,3.001652,10.000111,0.999596,-0.000963,-0.028415,-0.000204
1591714039551131,9.999862,3.001571,10.000127,0.999596,-0.000979,-0.028421,-0.000193
1591714039585913,9.999908,3.000989,10.000057,0.999597,-0.000983,-0.028366,-0.000185
1591714039621107,9.999981,3.001210,10.000076,0.999597,-0.000952,-0.028358,-0.000207
1591714039657197,9.999977,3.001462,10.000031,0.999596,-0.000966,-0.028403,-0.000204
1591714039691935,9.999913,3.001411,10.000173,0.999596,-0.000967,-0.028406,-0.000256
1591714039726456,9.999866,3.001605,10.000358,0.999591,-0.001002,-0.028570,-0.000281
1591714039760870,9.999967,3.001830,10.000566,0.999570,-0.001044,-0.029308,-0.000372
1591714039796180,9.999917,3.000822,9.999912,0.999575,-0.001066,-0.029122,-0.000353
1591714039832072,9.999907,3.000775,9.999720,0.999588,-0.001042,-0.028686,-0.000323
1591714039867596,9.999985,3.000723,10.000061,0.999601,-0.000932,-0.028222,-0.000305
1591714039902038,10.000040,3.001128,10.000524,0.999589,-0.000973,-0.028657,-0.000278
1591714039936654,9.999914,3.001056,10.000560,0.999573,-0.001074,-0.029206,-0.000296
1591714039971033,9.999920,3.001153,10.000056,0.999570,-0.001121,-0.029291,-0.000294
1591714040006968,9.999839,3.001334,9.999769,0.999588,-0.001112,-0.028688,-0.000289
1591714040042948,9.999942,3.000938,9.999659,0.999604,-0.001020,-0.028105,-0.000289
1591714040078730,9.999996,3.001098,10.000361,0.999599,-0.000967,-0.028303,-0.000298
1591714040116928,9.999878,3.001768,10.000715,0.999586,-0.001078,-0.028747,-0.000267
1591714040154694,9.999807,3.001774,10.000172,0.999593,-0.001059,-0.028515,-0.000226
1591714040191471,9.999891,3.001815,10.000151,0.999590,-0.001038,-0.028617,-0.000188
1591714040231009,9.999890,3.000783,10.000031,0.999602,-0.001012,-0.028177,-0.000236
1591714040270487,9.999987,3.000928,10.000072,0.999605,-0.000982,-0.028101,-0.000173
1591714040310752,9.999812,3.001280,10.000243,0.999598,-0.001071,-0.028345,-0.000220
1591714040350016,9.999843,3.001605,10.000325,0.999598,-0.001038,-0.028346,-0.000208
1591714040388151,9.999909,3.001539,10.000067,0.999597,-0.001056,-0.028361,-0.000207
1591714040433635,9.999868,3.001053,10.000095,0.999598,-0.001082,-0.028345,-0.000242
1591714040476579,9.999898,3.001380,10.000104,0.999598,-0.001047,-0.028346,-0.000210
1591714040516474,9.999853,3.001774,10.000401,0.999595,-0.001053,-0.028447,-0.000207
1591714040556807,9.999882,3.001292,10.000100,0.999597,-0.001053,-0.028378,-0.000191
1591714040598639,9.999926,3.000762,10.000049,0.999597,-0.001023,-0.028356,-0.000200
1591714040638639,9.999962,3.001208,10.000195,0.999596,-0.000984,-0.028419,-0.000233
1591714040677619,9.999959,3.001655,10.000348,0.999575,-0.001080,-0.029127,-0.000222
1591714040714347,9.999809,3.001195,10.000022,0.999581,-0.001083,-0.028928,-0.000242
1591714040751465,9.999796,3.001255,9.999625,0.999596,-0.001007,-0.028389,-0.000238
1591714040789132,9.999894,3.001460,10.000051,0.999600,-0.001010,-0.028279,-0.000250
1591714040831320,10.000041,3.001122,10.000451,0.999589,-0.000982,-0.028663,-0.000233
1591714040873190,9.999885,3.001080,10.000221,0.999572,-0.001153,-0.029239,-0.000267
1591714040914447,9.999812,3.001207,9.999635,0.999597,-0.001064,-0.028361,-0.000252
1591714040953678,9.999941,3.001522,9.999934,0.999601,-0.000999,-0.028210,-0.000263
1591714040991665,9.999947,3.001170,10.000442,0.999590,-0.001052,-0.028615,-0.000233
1591714041030318,9.999833,3.001223,10.000276,0.999584,-0.001106,-0.028803,-0.000195
1591714041068846,9.999829,3.000918,9.999898,0.999582,-0.001152,-0.028880,-0.000211
1591714041106981,10.000003,3.000958,9.999640,0.999596,-0.001037,-0.028387,-0.000222
1591714041143548,10.000033,3.001047,9.999806,0.999605,-0.000999,-0.028072,-0.000194
1591714041187304,9.999907,3.001385,10.000481,0.999602,-0.001011,-0.028203,-0.000184
1591714041232299,9.999848,3.001068,10.000455,0.999576,-0.001111,-0.029082,-0.000230
1591714041271469,9.999965,3.001237,9.999737,0.999577,-0.001157,-0.029070,-0.000282
1591714041309672,9.999980,3.001143,9.999383,0.999602,-0.001040,-0.028196,-0.000254
1591714041351875,9.999931,3.001166,9.999873,0.999610,-0.001025,-0.027895,-0.000224
1591714041394028,9.999840,3.001378,10.000896,0.999591,-0.001107,-0.028583,-0.000240
1591714041432782,9.999935,3.001327,10.000333,0.999576,-0.001141,-0.029099,-0.000248
1591714041469511,9.999907,3.000858,9.999750,0.999584,-0.001101,-0.028804,-0.000262
1591714041505977,9.999900,3.000980,9.999634,0.999599,-0.001068,-0.028293,-0.000259
1591714041543140,9.999981,3.001003,9.999928,0.999603,-0.001024,-0.028166,-0.000259
1591714041577548,10.000057,3.001341,10.000461,0.999593,-0.001048,-0.028501,-0.000236
1591714041612098,9.999919,3.001146,10.000631,0.999584,-0.001108,-0.028817,-0.000226
1591714041647726,9.999796,3.001064,10.000027,0.999584,-0.001134,-0.028822,-0.000228
1591714041682448,9.999817,3.001272,9.999724,0.999593,-0.001084,-0.028495,-0.000248
1591714041718324,9.999951,3.000885,9.999825,0.999600,-0.001031,-0.028281,-0.000252
1591714041757674,10.000072,3.001548,10.000248,0.999594,-0.001042,-0.028463,-0.000223
1591714041794348,9.999898,3.000851,10.000270,0.999585,-0.001121,-0.028784,-0.000228
1591714041829565,9.999887,3.000861,9.999989,0.999588,-0.001090,-0.028686,-0.000203
1591714041864486,9.999898,3.000758,9.999899,0.999597,-0.001038,-0.028380,-0.000201
1591714041900063,9.999974,3.001240,10.000157,0.999599,-0.001017,-0.028308,-0.000177
1591714041936091,9.999908,3.001322,10.000352,0.999592,-0.001049,-0.028550,-0.000194
1591714041973158,9.999908,3.001018,10.000294,0.999585,-0.001092,-0.028772,-0.000208
1591714042012484,9.999936,3.001183,9.999899,0.999589,-0.001056,-0.028632,-0.000190
1591714042054710,9.999924,3.001385,9.999783,0.999597,-0.001045,-0.028365,-0.000208
1591714042090869,9.999907,3.001335,10.000074,0.999599,-0.001042,-0.028313,-0.000230
1591714042130964,9.999910,3.001040,10.000347,0.999592,-0.001043,-0.028526,-0.000239
1591714042169449,9.999923,3.000865,10.000179,0.999587,-0.001063,-0.028717,-0.000261
1591714042206469,9.999986,3.000803,9.999867,0.999590,-0.001046,-0.028618,-0.000260
1591714042242871,9.999960,3.000932,9.999802,0.999597,-0.001004,-0.028385,-0.000256
1591714042278429,9.999919,3.001013,9.999967,0.999598,-0.000992,-0.028348,-0.000258
1591714042313356,9.999910,3.001403,10.000311,0.999592,-0.001019,-0.028549,-0.000227
1591714042348609,9.999875,3.001646,10.000393,0.999586,-0.001012,-0.028740,-0.000247
1591714042384320,9.999912,3.001143,10.000107,0.999588,-0.001007,-0.028672,-0.000266
1591714042420313,9.999971,3.000921,9.999808,0.999593,-0.000978,-0.028503,-0.000264
1591714042455334,9.999964,3.001368,9.999949,0.999595,-0.000965,-0.028446,-0.000260
1591714042494176,9.999900,3.001428,10.000201,0.999592,-0.001018,-0.028557,-0.000285
1591714042532272,9.999945,3.001287,10.000282,0.999590,-0.001030,-0.028617,-0.000305
1591714042568812,9.999900,3.001112,10.000049,0.999591,-0.001050,-0.028589,-0.000306
1591714042604893,9.999974,3.000704,10.000026,0.999592,-0.001055,-0.028536,-0.000273
1591714042641864,9.999999,3.000865,10.000058,0.999593,-0.001052,-0.028508,-0.000276
1591714042676738,9.999941,3.001299,10.000123,0.999593,-0.001023,-0.028523,-0.000277
1591714042711649,9.999875,3.001387,10.000132,0.999592,-0.001040,-0.028553,-0.000281
1591714042746668,9.999890,3.000692,9.999953,0.999593,-0.001039,-0.028509,-0.000278
1591714042782244,9.999993,3.001290,10.000041,0.999594,-0.001028,-0.028472,-0.000282
1591714042816887,9.999926,3.001617,10.000093,0.999593,-0.001049,-0.028512,-0.000268
1591714042852461,9.999906,3.001540,10.000159,0.999591,-0.001054,-0.028576,-0.000245
1591714042887773,9.999871,3.001596,10.000119,0.999590,-0.001074,-0.028604,-0.000248
1591714042927355,9.999921,3.001884,10.000132,0.999594,-0.001051,-0.028472,-0.000243
1591714042963050,9.999926,3.000848,10.000032,0.999596,-0.001083,-0.028417,-0.000214
1591714042997837,9.999939,3.000955,10.000168,0.999593,-0.001056,-0.028511,-0.000238
1591714043033630,9.999962,3.001167,10.000252,0.999590,-0.001076,-0.028616,-0.000209
1591714043070065,9.999937,3.000750,10.000075,0.999590,-0.001085,-0.028621,-0.000221
1591714043106775,9.999988,3.001068,9.999970,0.999591,-0.001086,-0.028568,-0.000220
1591714043143704,9.999990,3.001286,10.000128,0.999593,-0.001087,-0.028516,-0.000221
1591714043180627,9.999868,3.001289,10.000171,0.999593,-0.001125,-0.028508,-0.000235
1591714043216620,9.999886,3.001365,10.000221,0.999591,-0.001128,-0.028583,-0.000206
1591714043252426,9.999881,3.001390,10.000247,0.999590,-0.001140,-0.028612,-0.000213
1591714043287369,9.999898,3.001083,10.000076,0.999592,-0.001144,-0.028550,-0.000207
1591714043322579,9.999941,3.000513,9.999784,0.999593,-0.001123,-0.028517,-0.000221
1591714043357906,10.000009,3.001659,9.999963,0.999593,-0.001100,-0.028516,-0.000251
1591714043392651,9.999889,3.000944,10.000163,0.999593,-0.001092,-0.028523,-0.000263
1591714043427597,9.999948,3.000627,10.000144,0.999592,-0.001098,-0.028550,-0.000293
1591714043462986,10.000000,3.000861,10.000015,0.999590,-0.001110,-0.028602,-0.000255
1591714043498333,9.999983,3.000750,9.999879,0.999592,-0.001111,-0.028550,-0.000208
1591714043533033,9.999886,3.000925,10.000076,0.999593,-0.001139,-0.028488,-0.000207
1591714043567205,9.999909,3.000669,10.000087,0.999594,-0.001141,-0.028480,-0.000200
1591714043602888,9.999922,3.000778,10.000117,0.999592,-0.001138,-0.028536,-0.000204
1591714043637484,9.999911,3.000877,10.000126,0.999590,-0.001151,-0.028607,-0.000254
1591714043671545,9.999937,3.001188,9.999995,0.999591,-0.001132,-0.028581,-0.000261
1591714043706111,9.999926,3.000806,10.000110,0.999592,-0.001129,-0.028546,-0.000252
1591714043740676,9.999935,3.000820,10.000110,0.999591,-0.001108,-0.028583,-0.000264
1591714043775251,9.999969,3.000382,9.999918,0.999590,-0.001102,-0.028624,-0.000267
1591714043809578,9.999973,3.001277,10.000047,0.999590,-0.001068,-0.028602,-0.000253
1591714043844340,9.999879,3.001383,10.000175,0.999591,-0.001120,-0.028578,-0.000255
1591714043879563,9.999869,3.001036,10.000206,0.999589,-0.001117,-0.028634,-0.000250
1591714043915292,9.999905,3.001287,10.000003,0.999588,-0.001110,-0.028669,-0.000247
1591714043950768,9.999922,3.001539,10.000264,0.999589,-0.001122,-0.028655,-0.000223
1591714043987358,9.999917,3.000959,10.000028,0.999589,-0.001107,-0.028645,-0.000213
1591714044021963,9.999992,3.001240,9.999878,0.999591,-0.001079,-0.028594,-0.000227
1591714044058922,9.999933,3.000742,10.000088,0.999591,-0.001072,-0.028561,-0.000233
1591714044095448,9.999957,3.000521,10.000046,0.999591,-0.001083,-0.028561,-0.000213
1591714044131833,9.999961,3.001069,10.000326,0.999591,-0.001105,-0.028576,-0.000193
1591714044167806,9.999895,3.000779,10.000193,0.999591,-0.001122,-0.028563,-0.000198
1591714044203904,9.999885,3.000911,10.000117,0.999588,-0.001113,-0.028666,-0.000201
1591714044239700,9.999920,3.000841,10.000084,0.999583,-0.001108,-0.028847,-0.000199
1591714044275124,9.999909,3.001163,9.999988,0.999585,-0.001088,-0.028776,-0.000194
1591714044310261,9.999935,3.001097,9.999811,0.999594,-0.001081,-0.028468,-0.000216
1591714044346420,9.999910,3.000839,10.000115,0.999600,-0.001056,-0.028277,-0.000207
1591714044382457,9.999967,3.001449,10.000402,0.999597,-0.001061,-0.028381,-0.000217
1591714044419164,9.999909,3.001286,10.000421,0.999587,-0.001101,-0.028734,-0.000225
1591714044454226,9.999925,3.001571,10.000194,0.999581,-0.001138,-0.028922,-0.000212
1591714044489300,9.999929,3.001434,9.999895,0.999583,-0.001144,-0.028837,-0.000228
1591714044524331,9.999892,3.000943,9.999608,0.999592,-0.001102,-0.028556,-0.000218
1591714044559413,9.999973,3.000443,10.000020,0.999597,-0.001069,-0.028367,-0.000202
1591714044594614,9.999987,3.000628,10.000278,0.999596,-0.001067,-0.028414,-0.000200
1591714044629978,9.999969,3.000801,10.000375,0.999588,-0.001106,-0.028694,-0.000211
1591714044665218,9.999905,3.001077,10.000257,0.999582,-0.001152,-0.028898,-0.000201
1591714044700028,9.999916,3.000972,9.999877,0.999583,-0.001122,-0.028865,-0.000170
1591714044736082,9.999948,3.001048,9.999959,0.999591,-0.001109,-0.028559,-0.000170
1591714044771147,9.999945,3.000760,9.999994,0.999598,-0.001091,-0.028349,-0.000173
1591714044805826,9.999987,3.000803,10.000092,0.999593,-0.001113,-0.028495,-0.000185
1591714044840390,9.999942,3.000801,10.000253,0.999586,-0.001130,-0.028751,-0.000212
1591714044874773,9.999929,3.001086,10.000049,0.999584,-0.001154,-0.028802,-0.000221
1591714044909380,9.999920,3.001029,9.999878,0.999588,-0.001142,-0.028664,-0.000228
1591714044944810,9.999940,3.001192,10.000005,0.999593,-0.001125,-0.028489,-0.000260
1591714044979983,9.999901,3.000992,10.000045,0.999594,-0.001111,-0.028457,-0.000275
1591714045015206,9.999910,3.001122,10.000196,0.999591,-0.001133,-0.028565,-0.000278
1591714045053711,9.999921,3.001448,10.000364,0.999588,-0.001126,-0.028670,-0.000265
1591714045090900,9.999905,3.001371,10.000095,0.999590,-0.001120,-0.028598,-0.000252
1591714045126831,9.999948,3.000686,10.000028,0.999594,-0.001124,-0.028481,-0.000249
1591714045163334,9.999962,3.000800,10.000110,0.999593,-0.001097,-0.028505,-0.000256
1591714045200132,9.999949,3.000643,10.000180,0.999590,-0.001095,-0.028604,-0.000242
1591714045236078,9.999973,3.000926,10.000107,0.999589,-0.001101,-0.028634,-0.000248
1591714045273193,9.999930,3.001050,9.999995,0.999592,-0.001103,-0.028538,-0.000271
1591714045315546,9.999940,3.001137,10.000048,0.999594,-0.001091,-0.028466,-0.000275
1591714045356338,9.999929,3.001453,10.000414,0.999591,-0.001125,-0.028578,-0.000288
1591714045391881,9.999892,3.000974,10.000245,0.999587,-0.001177,-0.028728,-0.000304
1591714045426781,9.999937,3.000680,9.999981,0.999589,-0.001161,-0.028640,-0.000307
1591714045462774,10.000005,3.000279,9.999827,0.999595,-0.001137,-0.028445,-0.000276
1591714045498923,10.000022,3.000386,10.000003,0.999598,-0.001098,-0.028332,-0.000292
1591714045534793,9.999974,3.000675,10.000269,0.999594,-0.001116,-0.028455,-0.000285
1591714045569222,9.999947,3.001211,10.000288,0.999587,-0.001171,-0.028720,-0.000278
1591714045604060,9.999891,3.001365,10.000245,0.999584,-0.001178,-0.028834,-0.000256
1591714045637882,9.999903,3.000991,9.999765,0.999592,-0.001155,-0.028546,-0.000254
1591714045671926,9.999969,3.000350,9.999782,0.999598,-0.001123,-0.028326,-0.000239
1591714045706037,10.000010,3.000898,10.000062,0.999595,-0.001128,-0.028444,-0.000238
1591714045741233,9.999912,3.001046,10.000248,0.999590,-0.001126,-0.028606,-0.000258
1591714045775639,9.999938,3.001135,10.000211,0.999590,-0.001111,-0.028599,-0.000278
1591714045810590,9.999959,3.000844,10.000041,0.999594,-0.001090,-0.028466,-0.000246
1591714045845698,10.000073,3.001239,10.000196,0.999593,-0.001089,-0.028510,-0.000236
1591714045880913,10.000015,3.000927,10.000473,0.999584,-0.001094,-0.028819,-0.000258
1591714045916412,9.999850,3.000931,10.000364,0.999577,-0.001134,-0.029044,-0.000243
1591714045952259,9.999783,3.001245,9.999793,0.999582,-0.001103,-0.028874,-0.000235
1591714045986954,9.999897,3.001595,9.999878,0.999591,-0.001082,-0.028595,-0.000220
1591714046023735,10.000037,3.001446,10.000083,0.999592,-0.001054,-0.028533,-0.000214
1591714046065579,9.999938,3.000546,10.000240,0.999590,-0.001107,-0.028606,-0.000243
1591714046106090,10.000000,3.000690,10.000201,0.999584,-0.001116,-0.028801,-0.000240
1591714046147803,9.999989,3.000816,10.000105,0.999580,-0.001155,-0.028969,-0.000253
1591714046188395,9.999905,3.001284,10.000134,0.999585,-0.001118,-0.028776,-0.000268
1591714046224505,9.999907,3.001273,9.999627,0.999593,-0.001094,-0.028516,-0.000263
1591714046260097,10.000022,3.000399,10.000199,0.999591,-0.001082,-0.028588,-0.000235
1591714046295559,10.000068,3.000836,10.000298,0.999582,-0.001144,-0.028891,-0.000208
1591714046330762,9.999932,3.001119,10.000305,0.999579,-0.001180,-0.029004,-0.000196
1591714046366140,9.999808,3.000601,9.999902,0.999583,-0.001149,-0.028847,-0.000213
1591714046401226,9.999889,3.000758,9.999805,0.999590,-0.001119,-0.028626,-0.000209
1591714046435768,9.999990,3.001002,10.000134,0.999589,-0.001112,-0.028636,-0.000234
1591714046470589,10.000027,3.000978,10.000201,0.999587,-0.001122,-0.028711,-0.000231
1591714046505235,9.999963,3.000920,10.000166,0.999585,-0.001159,-0.028779,-0.000228
1591714046539482,9.999938,3.001149,10.000202,0.999585,-0.001178,-0.028772,-0.000242
1591714046573786,9.999957,3.000791,10.000067,0.999586,-0.001157,-0.028742,-0.000254
1591714046609031,9.999957,3.001141,10.000068,0.999590,-0.001152,-0.028614,-0.000248
1591714046643949,9.999925,3.000908,9.999857,0.999593,-0.001127,-0.028503,-0.000225
1591714046678582,9.999911,3.000572,9.999992,0.999593,-0.001155,-0.028506,-0.000225
1591714046713712,10.000056,3.000864,9.999886,0.999595,-0.001172,-0.028439,-0.000338
1591714046750743,10.000151,3.001320,10.000854,0.999611,-0.001038,-0.027882,-0.000207
1591714046786306,9.999849,3.001723,10.000051,0.999583,-0.001185,-0.028869,-0.000315
1591714046824125,9.999728,3.000709,9.999898,0.999581,-0.001196,-0.028936,-0.000307
1591714046860662,10.000046,3.000730,9.999698,0.999585,-0.001179,-0.028797,-0.000212
1591714046895848,9.999967,3.000614,9.999753,0.999606,-0.001112,-0.028046,-0.000218
1591714046931100,9.999949,3.001016,10.000405,0.999601,-0.001118,-0.028236,-0.000210
1591714046966546,9.999851,3.000781,10.000553,0.999589,-0.001172,-0.028630,-0.000249
1591714047000880,9.999953,3.001110,10.000322,0.999570,-0.001215,-0.029296,-0.000234
1591714047037516,9.999883,3.000782,9.999699,0.999577,-0.001181,-0.029076,-0.000218
1591714047072822,9.999885,3.000857,9.999450,0.999592,-0.001104,-0.028557,-0.000206
1591714047109621,9.999924,3.000987,9.999893,0.999605,-0.001052,-0.028093,-0.000212
1591714047145677,10.000020,3.001082,10.000656,0.999588,-0.001129,-0.028692,-0.000201
1591714047181408,9.999969,3.001537,10.000987,0.999564,-0.001236,-0.029512,-0.000245
1591714047218006,9.999982,3.001137,10.000187,0.999561,-0.001200,-0.029621,-0.000191
1591714047253362,9.999834,3.001211,9.999290,0.999584,-0.001108,-0.028832,-0.000092
1591714047288815,9.999976,3.000756,10.000000,0.999590,-0.001082,-0.028626,-0.000127
1591714047324111,10.000058,3.000435,10.000314,0.999587,-0.001008,-0.028729,-0.000021
1591714047359633,9.999989,3.000149,10.000452,0.999562,-0.001252,-0.029553,-0.000041
1591714047395598,9.999911,3.000788,10.000154,0.999557,-0.000999,-0.029750,-0.000118
1591714047430980,9.999827,3.000663,9.999658,0.999562,-0.001066,-0.029573,-0.000194
1591714047467622,10.000082,3.000508,9.999621,0.999587,-0.000909,-0.028729,-0.000187
1591714047502621,10.000094,3.000568,9.999997,0.999591,-0.000950,-0.028591,-0.000313
1591714047537575,9.999925,3.000673,10.000470,0.999592,-0.000956,-0.028541,-0.000331
1591714047571454,9.999875,3.000902,10.000628,0.999575,-0.001037,-0.029144,-0.000316
1591714047605660,9.999924,3.001177,10.000350,0.999570,-0.001059,-0.029318,-0.000285
1591714047639761,10.000006,3.000790,9.999888,0.999570,-0.001022,-0.029314,-0.000244
1591714047674194,10.000027,3.001065,9.999918,0.999580,-0.000947,-0.028958,-0.000272
1591714047708480,9.999898,3.000985,9.999887,0.999585,-0.000933,-0.028776,-0.000237
1591714047743043,9.999969,3.000789,10.000086,0.999588,-0.000930,-0.028670,-0.000199
1591714047778115,9.999992,3.000987,10.000506,0.999582,-0.000973,-0.028883,-0.000219
1591714047813115,10.000012,3.001143,10.000458,0.999570,-0.001034,-0.029304,-0.000236
1591714047849124,9.999957,3.001106,10.000006,0.999569,-0.001056,-0.029349,-0.000260
1591714047884163,9.999891,3.001102,9.999546,0.999583,-0.000958,-0.028842,-0.000274
1591714047918832,9.999878,3.000931,9.999592,0.999592,-0.000918,-0.028537,-0.000226
1591714047953350,10.000073,3.000401,10.000290,0.999595,-0.000907,-0.028457,-0.000204
1591714047988302,10.000113,3.001096,10.000780,0.999582,-0.000968,-0.028898,-0.000234
1591714048023577,9.999937,3.000989,10.000930,0.999574,-0.001007,-0.029178,-0.000245
1591714048060693,9.999649,3.001830,10.000691,0.999566,-0.001077,-0.029433,-0.000281
1591714048097142,9.999982,3.001045,10.000032,0.999553,-0.001068,-0.029886,-0.000272
1591714048134164,10.000196,3.000579,9.999577,0.999554,-0.001049,-0.029851,-0.000257
1591714048169446,9.999968,3.000481,9.999393,0.999580,-0.000952,-0.028955,-0.000244
1591714048204723,9.999872,3.000885,9.999979,0.999598,-0.000855,-0.028326,-0.000208
1591714048240611,9.999923,3.000856,10.000775,0.999587,-0.000915,-0.028707,-0.000253
1591714048275745,10.000082,3.001122,10.001148,0.999555,-0.001052,-0.029807,-0.000238
1591714048311742,9.999876,3.001210,10.000303,0.999561,-0.001043,-0.029618,-0.000279
1591714048347702,9.999745,3.000731,9.999168,0.999584,-0.000952,-0.028814,-0.000280
1591714048383855,9.999984,3.001141,9.999381,0.999587,-0.000892,-0.028720,-0.000240
1591714048419559,10.000259,3.000840,10.000038,0.999597,-0.000812,-0.028386,-0.000194
1591714048458657,10.000113,3.000991,10.000411,0.999600,-0.000858,-0.028256,-0.000199
1591714048496720,9.999695,3.000693,10.000642,0.999601,-0.000951,-0.028215,-0.000245
1591714048535653,9.999895,3.001193,10.000852,0.999551,-0.001140,-0.029945,-0.000260
1591714048572564,9.999995,3.001044,9.999946,0.999542,-0.001159,-0.030226,-0.000257
1591714048608577,10.000056,3.000939,9.998993,0.999576,-0.001047,-0.029109,-0.000164
1591714048644340,10.000038,3.000565,9.999028,0.999603,-0.000991,-0.028166,-0.000308
1591714048680549,9.999940,3.000600,10.000278,0.999599,-0.000983,-0.028307,-0.000328
1591714048717329,9.999923,3.001017,10.001227,0.999577,-0.001012,-0.029054,-0.000114
1591714048753163,9.999840,3.001782,10.001315,0.999559,-0.001090,-0.029664,-0.000278
1591714048788584,9.999745,3.001284,10.000388,0.999554,-0.001129,-0.029829,-0.000223
1591714048823861,9.999922,3.001194,9.999626,0.999564,-0.001093,-0.029505,-0.000351
1591714048859337,10.000022,3.000818,9.999505,0.999575,-0.001019,-0.029142,-0.000385
1591714048895690,10.000054,3.000921,10.000267,0.999579,-0.000993,-0.028988,-0.000292
1591714048933629,9.999870,3.000850,10.000551,0.999557,-0.001049,-0.029734,-0.000315
1591714048969093,9.999831,3.001130,10.000401,0.999548,-0.001091,-0.030038,-0.000376
1591714049004166,9.999868,3.001053,9.999809,0.999563,-0.001108,-0.029525,-0.000300
1591714049041752,10.000173,3.000787,9.999377,0.999596,-0.000925,-0.028399,-0.000292
1591714049077760,9.999903,3.000302,9.999721,0.999622,-0.000909,-0.027484,-0.000330
1591714049115333,10.000022,3.001123,10.001091,0.999581,-0.000916,-0.028916,-0.000221
1591714049151469,9.999911,3.001701,10.000707,0.999588,-0.000868,-0.028701,-0.000222
1591714049187182,9.999808,3.000813,9.999485,0.999610,-0.000889,-0.027895,-0.000188
1591714049223104,9.999958,3.000700,9.999324,0.999627,-0.000812,-0.027306,-0.000206
1591714049259436,9.999990,3.000913,10.000337,0.999613,-0.000740,-0.027792,-0.000300
1591714049296714,9.999785,3.000827,10.000087,0.999608,-0.000938,-0.027973,-0.000525
1591714049333324,9.999797,3.000921,9.999703,0.999625,-0.000958,-0.027361,-0.000475
1591714049369528,9.999926,3.001064,9.999763,0.999642,-0.000869,-0.026740,-0.000538
1591714049404621,9.999867,3.000855,10.000143,0.999646,-0.000866,-0.026575,-0.000544
1591714049439106,9.999923,3.000885,10.000566,0.999640,-0.000825,-0.026832,-0.000409
1591714049474188,9.999809,3.001147,10.000677,0.999615,-0.000996,-0.027715,-0.000499
1591714049509407,9.999930,3.001176,10.000118,0.999603,-0.000994,-0.028163,-0.000479
1591714049545520,9.999990,3.000950,9.999306,0.999619,-0.000998,-0.027592,-0.000407
1591714049582019,9.999923,3.000927,9.998964,0.999646,-0.000895,-0.026604,-0.000248
1591714049619086,9.999666,3.001020,10.000149,0.999647,-0.000934,-0.026567,-0.000252
1591714049655901,9.999840,3.000967,10.000400,0.999622,-0.001022,-0.027471,-0.000238
1591714049692593,9.999729,3.000953,10.000269,0.999603,-0.001132,-0.028166,-0.000333
1591714049728703,9.999840,3.000904,9.999519,0.999616,-0.001130,-0.027691,-0.000333
1591714049767372,9.999780,3.000664,9.999331,0.999640,-0.001089,-0.026821,-0.000321
1591714049802367,9.999846,3.000943,9.999886,0.999645,-0.001134,-0.026636,-0.000312
1591714049837218,10.000003,3.000957,10.000031,0.999636,-0.001192,-0.026964,-0.000293
1591714049871625,9.999771,3.001170,10.000455,0.999630,-0.001227,-0.027173,-0.000304
1591714049907246,9.999585,3.000843,10.000035,0.999634,-0.001292,-0.027017,-0.000420
1591714049946666,9.999832,3.001032,9.999249,0.999648,-0.001210,-0.026487,-0.000426
1591714049982100,10.000102,3.000605,9.999507,0.999653,-0.001177,-0.026316,-0.000271
1591714050018361,10.000078,3.001300,10.000198,0.999639,-0.001210,-0.026825,-0.000189
1591714050054856,9.999860,3.001220,10.000314,0.999630,-0.001219,-0.027181,-0.000131
1591714050092099,9.999718,3.001169,10.000019,0.999633,-0.001140,-0.027077,-0.000090
1591714050129360,9.999760,3.000946,9.999824,0.999638,-0.001165,-0.026889,-0.000180
1591714050166616,9.999855,3.000696,9.999865,0.999641,-0.001115,-0.026777,-0.000159
1591714050202989,9.999912,3.000706,9.999560,0.999644,-0.001018,-0.026671,-0.000155
1591714050238622,9.999889,3.000796,9.999614,0.999647,-0.000908,-0.026555,-0.000200
1591714050275084,9.999481,3.000893,10.000116,0.999651,-0.000901,-0.026417,-0.000365
1591714050310952,9.999833,3.001086,9.999763,0.999653,-0.000879,-0.026317,-0.000464
1591714050430973,9.999723,3.000885,10.000139,0.999609,-0.000655,-0.027970,0.000065
1591714050620144,9.999804,3.001359,10.000741,0.999607,-0.000755,-0.028016,-0.000029
1591714050701710,9.999944,3.000435,9.999419,0.999638,-0.000672,-0.026908,-0.000078
1591714050765963,9.999733,3.001084,10.000319,0.999638,-0.000768,-0.026877,-0.000184
1591714050820384,10.000025,3.001191,10.000563,0.999628,-0.000802,-0.027281,-0.000244
1591714050866551,10.000071,3.000801,9.999938,0.999618,-0.000801,-0.027620,-0.000272
1591714050911277,9.999962,3.000741,9.999541,0.999633,-0.000806,-0.027078,-0.000273
1591714050989140,9.999887,3.000534,10.000175,0.999640,-0.000876,-0.026823,-0.000241
1591714051107065,9.999847,3.000791,9.999715,0.999624,-0.001028,-0.027415,-0.000242
1591714051187549,9.999967,3.000553,9.999987,0.999618,-0.001053,-0.027620,-0.000334
1591714051240838,9.999937,3.000910,10.000260,0.999618,-0.001064,-0.027610,-0.000356
1591714051292357,9.999911,3.000975,10.000409,0.999597,-0.001116,-0.028352,-0.000396
1591714051339832,10.000081,3.000768,10.000086,0.999583,-0.001127,-0.028841,-0.000425
1591714051387720,9.999882,3.000492,9.999671,0.999598,-0.001094,-0.028314,-0.000343
1591714051439262,9.999991,3.000536,10.000098,0.999605,-0.001034,-0.028072,-0.000327
1591714051491854,9.999982,3.001069,10.000546,0.999583,-0.001115,-0.028857,-0.000324
1591714051543358,9.999907,3.000829,10.000290,0.999566,-0.001168,-0.029441,-0.000303
1591714051600919,9.999900,3.000722,9.999729,0.999580,-0.001063,-0.028948,-0.000282
1591714051649748,9.999958,3.000698,9.999954,0.999593,-0.001007,-0.028523,-0.000251
1591714051696106,9.999992,3.000540,10.000442,0.999587,-0.001086,-0.028722,-0.000230
1591714051742139,9.999936,3.000806,10.000485,0.999572,-0.001150,-0.029224,-0.000235
1591714051785605,9.999919,3.000744,9.999864,0.999579,-0.001090,-0.028995,-0.000207
1591714051827728,9.999988,3.000371,9.999980,0.999582,-0.001075,-0.028893,-0.000188
1591714051871720,9.999953,3.000581,10.000109,0.999585,-0.001088,-0.028792,-0.000236
1591714051915875,9.999997,3.000899,10.000199,0.999588,-0.001067,-0.028671,-0.000204
1591714051957999,9.999958,3.000468,10.000174,0.999592,-0.001122,-0.028552,-0.000270
1591714052002737,9.999893,3.000634,10.000214,0.999589,-0.001104,-0.028636,-0.000318
1591714052054449,9.999944,3.000574,9.999947,0.999579,-0.001144,-0.028990,-0.000315
1591714052110346,10.000012,3.000944,9.999660,0.999598,-0.001057,-0.028346,-0.000278
1591714052164731,9.999945,3.000533,10.000207,0.999613,-0.000959,-0.027785,-0.000287
1591714052220236,9.999983,3.000908,10.000506,0.999588,-0.001097,-0.028698,-0.000305
1591714052276798,10.000122,3.000931,9.999624,0.999598,-0.001049,-0.028337,-0.000209
1591714052339655,9.999795,3.000835,9.999804,0.999620,-0.000970,-0.027543,-0.000131
1591714052391048,9.999850,3.001089,10.000551,0.999608,-0.001035,-0.027984,-0.000168
1591714052436851,9.999819,3.001106,10.000688,0.999578,-0.001149,-0.029028,-0.000242
1591714052479623,9.999895,3.000986,9.999914,0.999568,-0.001205,-0.029382,-0.000253
1591714052523050,9.999976,3.001161,9.998883,0.999596,-0.001111,-0.028414,-0.000218
1591714052571012,10.000136,3.000408,9.999798,0.999615,-0.000968,-0.027736,-0.000186
1591714052620932,9.999881,3.000871,10.000468,0.999618,-0.001010,-0.027632,-0.000176
1591714052669743,9.999835,3.001720,10.000793,0.999590,-0.001093,-0.028619,-0.000231
1591714052714987,9.999922,3.001258,10.000146,0.999582,-0.001142,-0.028888,-0.000205
1591714052765083,9.999926,3.000238,9.999413,0.999603,-0.001009,-0.028159,-0.000164
1591714052819632,10.000000,3.000932,9.999967,0.999605,-0.001023,-0.028088,-0.000194
1591714052870536,10.000026,3.000879,10.000403,0.999593,-0.001106,-0.028497,-0.000155
1591714052922777,9.999829,3.000520,10.000044,0.999594,-0.001098,-0.028460,-0.000237
1591714052977276,10.000015,3.000742,10.000136,0.999587,-0.001095,-0.028726,-0.000243
1591714053030444,9.999991,3.000662,10.000014,0.999588,-0.001076,-0.028699,-0.000195
1591714053083287,9.999779,3.001258,9.999959,0.999598,-0.001029,-0.028346,-0.000235
1591714053136190,10.000087,3.000498,10.000102,0.999605,-0.001054,-0.028093,-0.000207
1591714053189828,9.999976,3.000659,10.000338,0.999585,-0.001122,-0.028779,-0.000147
1591714053239687,9.999831,3.000698,10.000044,0.999579,-0.001167,-0.029008,-0.000172
1591714053288521,9.999990,3.000619,9.999726,0.999600,-0.001080,-0.028250,-0.000227
1591714053339350,10.000007,3.000523,9.999867,0.999624,-0.001008,-0.027402,-0.000185
1591714053388475,9.999939,3.000798,10.000350,0.999623,-0.001033,-0.027427,-0.000223
1591714053443064,9.999941,3.001509,10.000770,0.999599,-0.001073,-0.028298,-0.000300
1591714053497206,10.000037,3.000576,10.000044,0.999584,-0.001060,-0.028836,-0.000144
1591714053547718,9.999912,3.000540,9.999598,0.999595,-0.001065,-0.028447,-0.000258
1591714053598218,10.000085,3.000576,9.999731,0.999622,-0.000979,-0.027492,-0.000236
1591714053644776,10.000054,3.000856,10.000744,0.999607,-0.001003,-0.028020,-0.000237
1591714053692093,9.999861,3.000905,10.000319,0.999584,-0.001150,-0.028819,-0.000275
1591714053739473,9.999970,3.000658,9.999460,0.999596,-0.001107,-0.028390,-0.000300
1591714053785370,10.000071,3.000435,9.999291,0.999622,-0.000981,-0.027468,-0.000317
1591714053829981,9.999949,3.000867,10.000430,0.999618,-0.001012,-0.027614,-0.000285
1591714053877806,9.999967,3.001444,10.000772,0.999598,-0.001052,-0.028323,-0.000237
1591714053923810,9.999952,3.000663,9.999879,0.999604,-0.001081,-0.028128,-0.000202
1591714053970077,9.999860,3.000590,9.999839,0.999607,-0.001110,-0.028002,-0.000222
1591714054018381,9.999951,3.000859,10.000103,0.999600,-0.001141,-0.028274,-0.000220
1591714054066355,9.999919,3.000885,10.000169,0.999593,-0.001211,-0.028509,-0.000234
1591714054112250,9.999885,3.000844,9.999897,0.999601,-0.001159,-0.028234,-0.000254
1591714054156448,10.000019,3.000758,10.000122,0.999603,-0.001179,-0.028144,-0.000253
1591714054206080,9.999936,3.000954,10.000466,0.999595,-0.001212,-0.028443,-0.000205
1591714054253453,9.999892,3.000561,9.999984,0.999586,-0.001283,-0.028733,-0.000194
1591714054297058,9.999919,3.000504,9.999805,0.999596,-0.001231,-0.028381,-0.000189
1591714054340198,9.999986,3.001029,9.999849,0.999604,-0.001179,-0.028134,-0.000196
1591714054384273,9.999932,3.001005,10.000279,0.999598,-0.001207,-0.028322,-0.000239
1591714054427057,9.999896,3.000940,10.000241,0.999595,-0.001185,-0.028445,-0.000233
1591714054468951,9.999949,3.000927,10.000044,0.999590,-0.001208,-0.028593,-0.000229
1591714054509728,9.999924,3.000612,9.999876,0.999600,-0.001202,-0.028247,-0.000205
1591714054550683,9.999921,3.000468,10.000092,0.999602,-0.001178,-0.028172,-0.000233
1591714054599879,9.999920,3.000953,10.000327,0.999598,-0.001211,-0.028338,-0.000239
1591714054645225,9.999904,3.001215,10.000343,0.999595,-0.001209,-0.028434,-0.000232
1591714054697842,9.999880,3.000600,9.999948,0.999597,-0.001191,-0.028345,-0.000240
1591714054739905,9.999961,3.001062,9.999997,0.999601,-0.001182,-0.028221,-0.000198
1591714054782140,9.999931,3.000961,10.000184,0.999599,-0.001158,-0.028285,-0.000202
1591714054823653,9.999891,3.000623,10.000119,0.999595,-0.001191,-0.028448,-0.000119
1591714054866293,9.999943,3.000519,10.000024,0.999596,-0.001205,-0.028383,-0.000099
1591714054907489,9.999977,3.000726,9.999929,0.999602,-0.001192,-0.028189,-0.000099
1591714054949735,9.999894,3.000691,10.000100,0.999598,-0.001279,-0.028328,-0.000237
1591714054990883,9.999899,3.000728,9.999743,0.999616,-0.001194,-0.027691,-0.000204
1591714055039105,9.999801,3.000841,9.999828,0.999636,-0.001197,-0.026964,-0.000259
1591714055092450,9.999996,3.000518,10.000255,0.999631,-0.001151,-0.027143,-0.000284
1591714055148777,9.999668,3.001118,10.000992,0.999591,-0.001149,-0.028586,-0.000321
1591714055203196,10.000143,3.001160,9.999838,0.999575,-0.001192,-0.029142,-0.000331
1591714055255176,10.000030,3.000022,9.999519,0.999613,-0.001028,-0.027786,-0.000283
1591714055308130,9.999987,3.000806,10.000747,0.999600,-0.001085,-0.028272,-0.000308
1591714055354944,9.999722,3.000717,10.000241,0.999574,-0.001189,-0.029178,-0.000246
1591714055403175,9.999974,3.000582,9.999577,0.999589,-0.001111,-0.028635,-0.000252
1591714055449414,10.000068,3.000235,9.999878,0.999622,-0.001009,-0.027458,-0.000229
1591714055496270,9.999916,3.001127,10.000670,0.999610,-0.001025,-0.027898,-0.000218
1591714055542351,9.999820,3.001290,10.000764,0.999577,-0.001160,-0.029069,-0.000268
1591714055586592,9.999986,3.000301,9.999513,0.999595,-0.001074,-0.028441,-0.000278
1591714055632913,10.000090,3.000515,9.999545,0.999626,-0.000973,-0.027318,-0.000251
1591714055677219,9.999669,3.001001,10.000607,0.999614,-0.001034,-0.027759,-0.000246
1591714055720389,9.999950,3.001267,10.000495,0.999589,-0.001117,-0.028633,-0.000279
1591714055765128,9.999972,3.000443,9.999658,0.999598,-0.001056,-0.028315,-0.000252
1591714055811328,9.999991,3.000190,9.999437,0.999616,-0.000999,-0.027679,-0.000205
1591714055854750,10.000009,3.000757,10.000463,0.999602,-0.001024,-0.028206,-0.000227
1591714055898173,10.000060,3.001052,10.000483,0.999576,-0.001136,-0.029082,-0.000157
1591714055941374,9.999907,3.001157,9.999839,0.999581,-0.001100,-0.028911,-0.000006
1591714055983027,9.999890,3.000639,9.999791,0.999593,-0.000991,-0.028515,-0.000054
1591714056031128,10.000030,3.000438,10.000199,0.999596,-0.000998,-0.028416,-0.000116
1591714056083615,9.999967,3.000659,10.000339,0.999583,-0.001065,-0.028872,-0.000077
1591714056133814,9.999866,3.000752,9.999906,0.999583,-0.001051,-0.028870,-0.000142
1591714056183691,10.000053,3.000295,9.999972,0.999607,-0.000930,-0.028014,-0.000154
1591714056232493,10.000014,3.001073,10.000523,0.999595,-0.000970,-0.028457,-0.000145
1591714056279957,9.999822,3.001246,10.000534,0.999571,-0.001072,-0.029268,-0.000180
1591714056325178,9.999978,3.000909,9.999872,0.999588,-0.001020,-0.028671,-0.000163
1591714056373223,9.999953,3.000362,10.000174,0.999611,-0.000933,-0.027874,-0.000159
1591714056419446,9.999872,3.000620,10.000372,0.999601,-0.000997,-0.028213,-0.000150
1591714056470005,9.999938,3.000844,10.000424,0.999580,-0.001089,-0.028970,-0.000125
1591714056520825,9.999942,3.000626,9.999853,0.999580,-0.001066,-0.028964,-0.000195
1591714056573734,9.999963,3.000727,9.999678,0.999601,-0.000960,-0.028247,-0.000231
1591714056617160,10.000055,3.000613,10.000131,0.999603,-0.000966,-0.028145,-0.000234
1591714056664780,9.999995,3.001190,10.000586,0.999585,-0.000997,-0.028794,-0.000235
1591714056712969,9.999660,3.001007,10.000159,0.999582,-0.001015,-0.028891,-0.000268
1591714056763630,9.999982,3.001025,9.999970,0.999594,-0.001044,-0.028474,-0.000333
1591714056810312,9.999943,3.000874,9.999983,0.999588,-0.001305,-0.028668,-0.000646
1591714056866605,10.000300,3.000591,9.999815,0.999617,-0.001042,-0.027636,-0.000472
1591714056912152,9.999924,3.000865,10.000517,0.999605,-0.001058,-0.028075,-0.000389
1591714056960818,9.999895,3.000961,10.000639,0.999570,-0.001213,-0.029290,-0.000305
1591714057002292,9.999848,3.001135,9.999887,0.999577,-0.001149,-0.029071,-0.000245
1591714057051755,9.999944,3.000260,9.999599,0.999597,-0.001018,-0.028355,-0.000167
1591714057104943,10.000137,3.000615,10.000160,0.999585,-0.000866,-0.028786,-0.000170
1591714057153058,9.999951,3.000524,10.000199,0.999585,-0.000814,-0.028803,-0.000170
1591714057199614,9.999876,3.000880,10.000157,0.999580,-0.000779,-0.028978,-0.000213
1591714057243079,9.999991,3.001157,10.000351,0.999569,-0.000567,-0.029356,-0.000221
1591714057288584,10.000016,3.000553,9.999992,0.999568,-0.000359,-0.029390,-0.000131
1591714057333356,10.000016,3.000579,9.999950,0.999573,-0.000329,-0.029224,-0.000161
1591714057378722,10.000031,3.000853,9.999967,0.999579,-0.000171,-0.029008,-0.000143
1591714057423411,10.000054,3.000629,10.000263,0.999581,-0.000095,-0.028943,-0.000089
1591714057468405,9.999966,3.000663,10.000299,0.999573,0.000124,-0.029220,-0.000130
1591714057510969,9.999761,3.001045,10.000114,0.999569,-0.000105,-0.029364,-0.000048
1591714057555371,10.000070,3.000380,9.999663,0.999586,-0.000212,-0.028758,-0.000212
1591714057600954,9.999986,3.000833,9.999902,0.999605,0.000161,-0.028105,-0.000149
1591714057645493,10.000055,3.001291,10.000846,0.999590,0.000392,-0.028633,-0.000187
1591714057696879,9.999990,3.000997,10.000319,0.999565,0.000443,-0.029476,-0.000124
1591714057742939,9.999921,3.000341,9.999557,0.999572,0.000558,-0.029248,-0.000118
1591714057786860,10.000076,3.000525,9.999823,0.999588,0.000647,-0.028703,-0.000143
1591714057833891,10.000069,3.000369,10.000127,0.999588,0.000651,-0.028710,-0.000121
1591714057876910,9.999920,3.001357,10.000665,0.999573,0.000741,-0.029208,-0.000134
1591714057919761,9.999950,3.000499,10.000044,0.999568,0.000735,-0.029372,-0.000098
1591714057961618,10.000005,3.000597,9.999907,0.999576,0.000792,-0.029115,-0.000109
1591714058004390,10.000013,3.000605,9.999652,0.999583,0.000921,-0.028861,-0.000104
1591714058054904,9.999952,3.000893,10.000200,0.999581,0.001012,-0.028945,-0.000094
1591714058106780,10.000010,3.000587,10.000104,0.999581,0.001132,-0.028932,0.000037
1591714058154664,10.000052,3.000565,10.000135,0.999571,0.001063,-0.029271,-0.000031
1591714058202964,9.999991,3.000761,9.999937,0.999568,0.001203,-0.029380,-0.000106
1591714058250685,10.000098,3.000540,9.999895,0.999578,0.001273,-0.029032,-0.000126
1591714058300954,10.000014,3.000821,10.000031,0.999587,0.001067,-0.028721,-0.000043
1591714058346496,9.999982,3.000804,10.000456,0.999571,0.000849,-0.029278,-0.000100
1591714058393055,10.000012,3.000684,10.000088,0.999557,0.000818,-0.029742,-0.000007
1591714058438812,9.999892,3.000634,9.999732,0.999560,0.000704,-0.029670,-0.000124
1591714058484500,10.000056,3.000270,9.999732,0.999583,0.000643,-0.028868,-0.000118
1591714058528877,10.000116,3.000307,9.999928,0.999591,0.000487,-0.028604,-0.000194
1591714058572475,10.000243,3.000593,10.000506,0.999589,0.000538,-0.028669,-0.000089
1591714058617329,9.999894,3.001790,10.001000,0.999565,0.000386,-0.029477,-0.000195
1591714058661965,9.999928,3.000824,9.999907,0.999566,0.000399,-0.029440,-0.000160
1591714058708424,9.999988,3.000821,9.999522,0.999586,0.000443,-0.028761,-0.000173
1591714058751989,10.000072,3.000082,9.999898,0.999604,0.000509,-0.028152,-0.000124
1591714058795773,9.999952,3.001472,10.000974,0.999581,0.000413,-0.028950,-0.000215
1591714058840925,9.999959,3.001271,10.000771,0.999567,0.000403,-0.029421,-0.000133
1591714058885305,10.000106,3.000477,9.999542,0.999570,0.000456,-0.029329,-0.000065
1591714058930121,9.999837,3.000291,9.999719,0.999579,0.000359,-0.029003,-0.000159
1591714058972628,10.000054,3.000937,10.000059,0.999585,0.000248,-0.028820,-0.000271
1591714059017036,9.999960,3.000949,10.000385,0.999590,0.000135,-0.028617,-0.000314
1591714059071228,9.999839,3.000719,10.000207,0.999587,-0.000029,-0.028740,-0.000484
1591714059122121,9.999961,3.000789,10.000062,0.999595,-0.000051,-0.028462,-0.000466
1591714059173195,9.999973,3.000942,10.000029,0.999610,0.000032,-0.027928,-0.000376
1591714059221792,9.999782,3.000376,10.000254,0.999596,-0.000156,-0.028417,-0.000436
1591714059272314,10.000116,3.001022,10.000111,0.999600,0.000053,-0.028287,-0.000185
1591714059319334,9.999855,3.000954,10.000330,0.999586,0.000067,-0.028758,-0.000029
1591714059367171,9.999934,3.000700,10.000414,0.999559,0.000147,-0.029692,0.000099
1591714059413769,9.999965,3.000626,9.999750,0.999553,-0.000014,-0.029884,-0.000113
1591714059460395,10.000064,3.000399,9.999518,0.999597,0.000088,-0.028375,-0.000005
1591714059504986,9.999979,3.000860,10.000440,0.999594,0.000021,-0.028504,-0.000084
1591714059549909,9.999837,3.000934,10.000599,0.999564,0.000087,-0.029530,-0.000102
1591714059596858,9.999940,3.000968,9.999940,0.999565,0.000290,-0.029501,-0.000102
1591714059643199,9.999907,3.000123,9.999220,0.999579,0.000329,-0.028998,-0.000126
1591714059685315,10.000059,3.000675,9.999749,0.999586,0.000172,-0.028785,-0.000103
1591714059729172,10.000235,3.000515,10.000702,0.999582,-0.000035,-0.028928,-0.000108
1591714059776096,9.999949,3.001386,10.000458,0.999573,-0.000093,-0.029224,-0.000077
1591714059831740,9.999984,3.000833,9.999847,0.999579,-0.000069,-0.029010,-0.000167
1591714059876952,10.000043,3.000554,10.000092,0.999589,-0.000048,-0.028676,-0.000188
1591714059931061,9.999824,3.000901,10.000276,0.999583,0.000102,-0.028881,-0.000206
1591714059973714,9.999928,3.001041,10.000272,0.999579,0.000175,-0.029021,-0.000189
1591714060017497,9.999932,3.000651,10.000051,0.999582,0.000222,-0.028893,-0.000183
1591714060070014,9.999953,3.001139,10.000155,0.999582,0.000206,-0.028924,-0.000186
1591714060121058,10.000020,3.000622,10.000073,0.999581,0.000283,-0.028946,-0.000129
1591714060173553,9.999977,3.000779,9.999932,0.999588,0.000225,-0.028700,-0.000155
1591714060221082,9.999951,3.000768,10.000074,0.999590,0.000210,-0.028628,-0.000128
1591714060269240,9.999835,3.001078,10.000198,0.999583,0.000199,-0.028869,-0.000086
1591714060316846,10.000111,3.000650,10.000064,0.999583,0.000191,-0.028877,-0.000089
1591714060364193,10.000152,3.000802,10.000022,0.999588,0.000214,-0.028685,-0.000097
1591714060408899,9.999959,3.000983,10.000048,0.999593,0.000213,-0.028541,-0.000097
1591714060453406,9.999981,3.000882,10.000409,0.999588,0.000118,-0.028705,-0.000126
1591714060499566,9.999804,3.001022,10.000287,0.999580,0.000099,-0.028981,-0.000146
1591714060546150,10.000151,3.000528,9.999951,0.999584,0.000118,-0.028845,-0.000141
1591714060592110,9.999881,3.000363,9.999885,0.999591,0.000119,-0.028594,-0.000149
1591714060636780,10.000177,3.000928,10.000287,0.999587,0.000168,-0.028732,-0.000151
1591714060681265,10.000048,3.000904,10.000255,0.999578,0.000102,-0.029061,-0.000179
1591714060726835,10.000115,3.000836,10.000023,0.999583,0.000183,-0.028889,-0.000118
1591714060772450,9.999963,3.000902,10.000063,0.999591,0.000081,-0.028607,-0.000123
1591714060815620,10.000125,3.000799,10.000276,0.999587,0.000129,-0.028748,-0.000130
1591714060863041,10.000062,3.000875,10.000194,0.999581,0.000082,-0.028939,-0.000202
1591714060909395,9.999977,3.000882,9.999969,0.999589,0.000038,-0.028653,-0.000222
1591714060952069,10.000026,3.000707,10.000048,0.999592,-0.000008,-0.028546,-0.000270
1591714060994819,10.000156,3.000799,10.000084,0.999596,0.000014,-0.028412,-0.000201
1591714061043891,9.999847,3.001376,10.000517,0.999587,0.000026,-0.028728,-0.000189
1591714061096284,10.000009,3.000997,10.000139,0.999581,-0.000007,-0.028954,-0.000214
1591714061147546,10.000050,3.000525,10.000022,0.999588,0.000054,-0.028706,-0.000292
1591714061200100,10.000058,3.000828,10.000041,0.999596,0.000031,-0.028431,-0.000238
1591714061249328,10.000334,3.000750,10.000198,0.999587,0.000223,-0.028722,-0.000207
1591714061298729,9.999929,3.000632,10.000088,0.999583,0.000175,-0.028874,-0.000148
1591714061344162,10.000105,3.000920,10.000028,0.999580,0.000436,-0.028970,-0.000135
1591714061390521,10.000346,3.000451,9.999780,0.999599,0.000512,-0.028331,-0.000019
1591714061442032,10.000284,3.000097,9.999870,0.999612,0.000556,-0.027846,-0.000002
1591714061492131,10.000237,3.000582,10.000331,0.999597,0.000598,-0.028377,-0.000165
1591714061537312,10.000038,3.000964,10.000029,0.999599,0.000553,-0.028317,-0.000155
1591714061580976,10.000356,3.000570,9.999830,0.999606,0.000656,-0.028078,0.000016
1591714061626418,10.000277,3.000738,9.999912,0.999611,0.000644,-0.027893,0.000102
1591714061672721,10.000362,3.000757,10.000341,0.999608,0.000668,-0.027974,0.000211
1591714061716908,10.000476,3.000776,9.999948,0.999592,0.000406,-0.028558,-0.000185
1591714061761374,10.000587,3.000681,9.999042,0.999627,0.000586,-0.027310,0.000114
1591714061807498,10.000576,3.000479,10.000169,0.999614,0.000770,-0.027778,0.000173
1591714061851466,10.000178,3.000859,10.000258,0.999587,0.000653,-0.028715,0.000176
1591714061896160,10.000323,3.000672,10.000264,0.999591,0.000744,-0.028586,0.000431
1591714061939959,10.000146,3.000381,9.999956,0.999592,0.000681,-0.028562,0.000545
1591714061981865,10.000244,3.000640,9.999888,0.999576,0.000880,-0.029087,0.000283
1591714062025769,10.000285,3.000142,9.999887,0.999580,0.000796,-0.028962,0.000519
1591714062067085,10.000558,3.000409,9.999283,0.999597,0.000699,-0.028385,0.000314
1591714062109295,9.999992,3.000672,10.000154,0.999612,0.000590,-0.027837,0.000461
1591714062152815,10.000581,3.001033,10.000876,0.999576,0.000557,-0.029114,0.000397
1591714062198861,10.000358,3.000844,10.000441,0.999552,0.000429,-0.029941,0.000347
1591714062240167,10.000366,3.000708,9.999249,0.999569,0.000497,-0.029355,0.000401
1591714062282188,10.000296,3.000022,9.999529,0.999597,0.000554,-0.028390,0.000302
1591714062323149,10.000401,3.000400,10.000436,0.999603,0.000527,-0.028173,0.000255
1591714062365462,10.000238,3.000980,10.000835,0.999580,0.000461,-0.028981,0.000317
1591714062407276,10.000346,3.000997,10.000937,0.999554,0.000359,-0.029874,0.000289
1591714062449055,10.000029,3.000924,9.999581,0.999564,0.000315,-0.029508,0.000298
1591714062490407,10.000422,3.000231,9.999592,0.999581,0.000317,-0.028948,0.000264
1591714062530823,10.000443,3.000414,10.000011,0.999595,0.000377,-0.028467,0.000287
1591714062571882,10.000308,3.001019,10.000597,0.999587,0.000339,-0.028739,0.000213
1591714062613984,10.000093,3.000514,10.000226,0.999576,0.000282,-0.029125,0.000147
1591714062655408,10.000233,3.000596,9.999868,0.999578,0.000260,-0.029047,0.000160
1591714062697987,10.000258,3.000697,9.999801,0.999588,0.000295,-0.028692,0.000155
1591714062767503,10.000422,3.000911,10.000301,0.999588,0.000310,-0.028706,0.000112
1591714062821925,10.000314,3.000670,10.000122,0.999585,0.000278,-0.028796,0.000059
1591714062862034,10.000060,3.000738,10.000016,0.999587,0.000258,-0.028746,0.000104
1591714062904759,10.000104,3.000794,9.999989,0.999584,0.000289,-0.028848,0.000116
1591714062951010,10.000401,3.000519,10.000070,0.999583,0.000270,-0.028885,0.000041
1591714063020353,10.000006,3.000627,10.000091,0.999593,0.000294,-0.028532,0.000023
1591714063093845,10.000470,3.000786,10.000260,0.999581,0.000277,-0.028950,0.000035
1591714063140523,10.000480,3.000789,10.000104,0.999578,0.000303,-0.029036,0.000132
1591714063186525,10.000339,3.000484,9.999871,0.999582,0.000313,-0.028904,0.000147
1591714063229926,10.000262,3.000547,10.000014,0.999586,0.000270,-0.028787,0.000072
1591714063271018,10.000043,3.000827,10.000145,0.999590,0.000284,-0.028620,0.000099
1591714063311313,10.000321,3.000635,10.000186,0.999587,0.000294,-0.028721,0.000072
1591714063349020,10.000110,3.000388,10.000100,0.999584,0.000306,-0.028854,0.000071
1591714063387186,10.000395,3.000581,10.000006,0.999581,0.000294,-0.028963,0.000040
1591714063427715,10.000426,3.000665,9.999906,0.999585,0.000276,-0.028791,-0.000009
1591714063486880,10.000157,3.000669,10.000122,0.999595,0.000300,-0.028464,0.000023
1591714063567470,10.000244,3.001055,10.000420,0.999579,0.000212,-0.029014,0.000040
1591714063642195,10.000452,3.000594,9.999783,0.999588,0.000241,-0.028716,0.000005
1591714063722386,10.000219,3.000736,10.000238,0.999590,0.000219,-0.028649,0.000013
1591714063782726,10.000179,3.000666,10.000059,0.999580,0.000208,-0.028966,0.000038
1591714063818194,10.000173,3.000595,9.999936,0.999583,0.000195,-0.028876,0.000018
1591714063853847,10.000229,3.000528,9.999862,0.999590,0.000229,-0.028634,-0.000006
1591714063889926,10.000486,3.000464,10.000058,0.999594,0.000249,-0.028500,0.000008
1591714063924675,10.000119,3.000763,10.000264,0.999590,0.000247,-0.028630,0.000031
1591714063958968,10.000094,3.000886,10.000256,0.999585,0.000236,-0.028792,0.000017
1591714063993112,10.000165,3.000768,10.000121,0.999586,0.000238,-0.028760,0.000037
1591714064028672,10.000238,3.000620,9.999983,0.999589,0.000217,-0.028657,0.000063
1591714064063730,10.000225,3.000612,9.999942,0.999591,0.000222,-0.028587,0.000065
1591714064102109,10.000166,3.000888,10.000132,0.999589,0.000215,-0.028652,0.000048
1591714064138999,10.000437,3.001232,10.000098,0.999587,0.000224,-0.028744,0.000033
1591714064175231,10.000137,3.000581,10.000058,0.999586,0.000187,-0.028761,0.000035
1591714064212516,10.000115,3.000885,10.000001,0.999591,0.000167,-0.028607,0.000082
1591714064249476,10.000222,3.000588,10.000044,0.999591,0.000165,-0.028595,0.000085
1591714064286179,10.000129,3.000782,10.000157,0.999588,0.000141,-0.028693,0.000076
1591714064322888,10.000162,3.000801,10.000124,0.999586,0.000152,-0.028776,0.000062
1591714064359109,10.000197,3.000610,9.999956,0.999589,0.000135,-0.028665,0.000087
1591714064395084,10.000160,3.000737,9.999963,0.999591,0.000169,-0.028601,0.000049
1591714064430633,10.000134,3.000824,10.000128,0.999592,0.000184,-0.028581,0.000079
1591714064466183,10.000149,3.000882,10.000192,0.999588,0.000189,-0.028711,0.000019
1591714064502072,10.000196,3.000812,10.000100,0.999589,0.000222,-0.028683,0.000066
1591714064537094,10.000168,3.000912,10.000196,0.999588,0.000214,-0.028719,0.000061
1591714064572552,10.000212,3.000751,10.000114,0.999584,0.000185,-0.028837,0.000048
1591714064608040,10.000152,3.000864,10.000066,0.999585,0.000199,-0.028804,0.000040
1591714064643603,10.000150,3.000926,9.999931,0.999589,0.000195,-0.028671,0.000058
1591714064679047,10.000197,3.000579,10.000066,0.999590,0.000168,-0.028641,0.000046
1591714064713061,10.000407,3.000539,10.000221,0.999587,0.000183,-0.028744,0.000082
1591714064748743,10.000113,3.000625,10.000127,0.999584,0.000174,-0.028824,0.000072
1591714064784217,10.000103,3.000667,9.999971,0.999588,0.000178,-0.028716,0.000069
1591714064819457,10.000173,3.000650,10.000033,0.999590,0.000189,-0.028625,0.000041
1591714064854594,10.000235,3.000644,10.000010,0.999590,0.000204,-0.028648,0.000050
1591714064891013,10.000227,3.000728,10.000164,0.999588,0.000201,-0.028703,0.000043
1591714064926381,10.000207,3.000653,10.000149,0.999587,0.000174,-0.028739,0.000045
1591714064962109,10.000178,3.000710,10.000123,0.999588,0.000181,-0.028696,0.000048
1591714065001622,10.000209,3.000772,9.999950,0.999591,0.000186,-0.028586,0.000053
1591714065040576,10.000259,3.000825,10.000124,0.999589,0.000196,-0.028668,0.000058
1591714065076963,10.000212,3.000951,10.000173,0.999588,0.000214,-0.028686,0.000081
1591714065114134,10.000164,3.000824,10.000203,0.999587,0.000184,-0.028719,0.000072
1591714065150371,10.000172,3.000620,10.000058,0.999586,0.000174,-0.028776,0.000038
1591714065186946,10.000205,3.000478,9.999956,0.999587,0.000185,-0.028740,0.000015
1591714065224579,10.000187,3.000590,10.000108,0.999589,0.000183,-0.028679,0.000015
1591714065261459,10.000193,3.000705,10.000109,0.999588,0.000161,-0.028703,0.000057
1591714065303109,10.000145,3.000996,10.000178,0.999585,0.000159,-0.028803,0.000024
1591714065341747,10.000207,3.000876,10.000069,0.999584,0.000144,-0.028857,0.000049
1591714065377712,10.000211,3.000509,9.999998,0.999586,0.000128,-0.028781,0.000045
1591714065413806,10.000206,3.000532,10.000031,0.999588,0.000141,-0.028701,0.000088
1591714065449927,10.000177,3.000947,10.000121,0.999587,0.000151,-0.028743,0.000109
1591714065485551,10.000118,3.000959,10.000137,0.999586,0.000107,-0.028786,0.000099
1591714065520113,10.000165,3.000670,10.000197,0.999585,0.000121,-0.028809,0.000095
1591714065557863,10.000230,3.000461,10.000036,0.999589,0.000139,-0.028677,0.000075
1591714065593535,10.000247,3.000530,10.000074,0.999589,0.000142,-0.028681,0.000086
1591714065630870,10.000172,3.000678,10.000078,0.999587,0.000118,-0.028734,0.000072
1591714065667489,10.000132,3.000848,10.000189,0.999586,0.000103,-0.028773,0.000072
1591714065703002,10.000183,3.000987,10.000069,0.999587,0.000112,-0.028744,0.000075
1591714065738888,10.000175,3.000909,10.000094,0.999589,0.000128,-0.028679,0.000075
1591714065774647,10.000194,3.000746,9.999954,0.999590,0.000170,-0.028646,0.000117
1591714065809723,10.000141,3.000593,10.000106,0.999591,0.000162,-0.028609,0.000058
1591714065844415,10.000152,3.000583,10.000106,0.999591,0.000132,-0.028593,0.000057
1591714065878278,10.000165,3.000948,10.000074,0.999590,0.000114,-0.028640,0.000080
1591714065913424,10.000126,3.000788,10.000136,0.999590,0.000113,-0.028652,0.000067
1591714065948868,10.000214,3.000573,10.000012,0.999590,0.000147,-0.028618,0.000106
1591714065984465,10.000172,3.000518,9.999899,0.999600,0.000118,-0.028297,0.000120
1591714066019781,10.000144,3.000746,10.000088,0.999598,0.000139,-0.028343,0.000132
1591714066057556,10.000146,3.000864,10.000251,0.999594,0.000125,-0.028485,0.000134
1591714066093743,10.000151,3.000873,10.000221,0.999587,0.000077,-0.028731,0.000123
1591714066129990,10.000181,3.000691,10.000115,0.999583,0.000078,-0.028868,0.000099
1591714066170454,10.000139,3.000743,9.999861,0.999589,0.000062,-0.028670,0.000049
1591714066207850,10.000216,3.000527,10.000045,0.999596,0.000075,-0.028436,-0.000002
1591714066243533,10.000227,3.000623,10.000224,0.999594,0.000051,-0.028504,-0.000002
1591714066279406,10.000191,3.000674,10.000194,0.999586,0.000044,-0.028757,-0.000012
1591714066315620,10.000142,3.000639,10.000081,0.999582,0.000054,-0.028923,-0.000040
1591714066350934,10.000167,3.000546,10.000029,0.999584,0.000072,-0.028842,-0.000038
1591714066386014,10.000151,3.000476,9.999924,0.999589,0.000079,-0.028682,-0.000146
1591714066422550,10.000171,3.000558,10.000015,0.999593,0.000065,-0.028513,-0.000177
1591714066457466,10.000339,3.000716,10.000194,0.999597,0.000120,-0.028398,-0.000119
1591714066492680,10.000258,3.000768,10.000309,0.999592,0.000077,-0.028578,-0.000153
1591714066528326,9.999935,3.000992,10.000320,0.999585,0.000056,-0.028809,-0.000135
1591714066563579,9.999963,3.000818,10.000070,0.999582,0.000042,-0.028925,-0.000109
1591714066599571,10.000018,3.001061,9.999862,0.999587,0.000070,-0.028753,-0.000118
1591714066635566,10.000318,3.000617,9.999796,0.999591,0.000103,-0.028586,-0.000123
1591714066670657,10.000021,3.000619,10.000057,0.999593,0.000104,-0.028539,-0.000096
1591714066706134,10.000368,3.000959,10.000227,0.999589,0.000108,-0.028683,-0.000077
1591714066741551,9.999964,3.000751,10.000120,0.999588,0.000103,-0.028697,-0.000096
1591714066776207,9.999896,3.001101,10.000116,0.999587,0.000114,-0.028722,-0.000104
1591714066811573,10.000080,3.000971,10.000081,0.999587,0.000116,-0.028744,-0.000071
1591714066847283,10.000119,3.000569,9.999964,0.999589,0.000113,-0.028685,-0.000018
1591714066882996,10.000080,3.000672,10.000021,0.999594,0.000130,-0.028509,-0.000038
1591714066918502,10.000084,3.000717,10.000120,0.999596,0.000150,-0.028431,-0.000026
1591714066953922,10.000304,3.000849,10.000350,0.999592,0.000174,-0.028569,-0.000064
1591714066990116,9.999978,3.000783,10.000137,0.999586,0.000154,-0.028768,-0.000076
1591714067025808,9.999993,3.000730,10.000012,0.999588,0.000118,-0.028719,-0.000054
1591714067062912,10.000018,3.000874,10.000007,0.999588,0.000119,-0.028707,-0.000079
1591714067100781,10.000075,3.000823,10.000063,0.999591,0.000095,-0.028595,-0.000072
1591714067138938,10.000083,3.000904,10.000137,0.999592,0.000095,-0.028557,-0.000049
1591714067175551,10.000057,3.000717,10.000155,0.999591,0.000062,-0.028597,-0.000059
1591714067212056,10.000055,3.000735,10.000174,0.999586,0.000074,-0.028761,-0.000049
1591714067247832,10.000040,3.000918,10.000066,0.999586,0.000063,-0.028789,-0.000061
1591714067284869,10.000067,3.000630,10.000052,0.999589,0.000071,-0.028657,-0.000054
1591714067321504,10.000133,3.000581,9.999930,0.999594,0.000091,-0.028486,-0.000058
1591714067361014,10.000120,3.000719,10.000092,0.999592,0.000096,-0.028560,-0.000074
1591714067399485,10.000009,3.001102,10.000246,0.999590,0.000094,-0.028651,-0.000077
1591714067435084,10.000042,3.001023,10.000272,0.999588,0.000104,-0.028710,-0.000090
1591714067471269,10.000074,3.000916,10.000017,0.999589,0.000110,-0.028672,-0.000111
1591714067506733,10.000046,3.000677,9.999955,0.999590,0.000082,-0.028634,-0.000110
1591714067542236,10.000125,3.000895,10.000099,0.999590,0.000089,-0.028633,-0.000136
1591714067581269,10.000060,3.000722,10.000121,0.999589,0.000071,-0.028657,-0.000131
1591714067625096,10.000064,3.000750,10.000103,0.999587,0.000066,-0.028741,-0.000149
1591714067662913,10.000117,3.000657,10.000022,0.999588,0.000063,-0.028701,-0.000136
1591714067699563,10.000156,3.000859,9.999985,0.999590,0.000099,-0.028631,-0.000105
1591714067736771,10.000114,3.000932,10.000076,0.999591,0.000111,-0.028588,-0.000072
1591714067772805,10.000036,3.000950,10.000044,0.999591,0.000106,-0.028603,-0.000024
1591714067808043,10.000326,3.001114,10.000148,0.999590,0.000103,-0.028638,0.000013
1591714067843305,9.999904,3.000914,10.000236,0.999584,0.000095,-0.028835,-0.000006
1591714067881211,10.000050,3.000589,9.999971,0.999590,0.000121,-0.028639,-0.000015
1591714067920526,10.000064,3.000629,9.999992,0.999593,0.000112,-0.028516,-0.000064
1591714067956793,10.000122,3.000780,10.000141,0.999591,0.000128,-0.028584,-0.000069
1591714067993090,10.000402,3.000809,10.000257,0.999587,0.000119,-0.028742,-0.000060
1591714068035525,10.000036,3.001003,9.999969,0.999589,0.000094,-0.028681,-0.000079
1591714068074853,10.000240,3.000842,9.999982,0.999593,0.000112,-0.028515,-0.000076
1591714068115479,10.000018,3.000671,10.000147,0.999593,0.000102,-0.028538,-0.000071
1591714068159042,10.000071,3.000886,10.000144,0.999587,0.000079,-0.028737,-0.000078
1591714068200567,10.000060,3.000944,10.000031,0.999589,0.000058,-0.028678,-0.000088
1591714068243114,10.000018,3.000899,10.000035,0.999593,0.000061,-0.028538,-0.000143
1591714068283246,10.000283,3.000527,10.000070,0.999592,0.000059,-0.028556,-0.000092
1591714068320529,9.999935,3.000805,10.000171,0.999591,0.000071,-0.028610,-0.000062
1591714068358415,10.000199,3.000874,10.000149,0.999589,0.000044,-0.028676,-0.000046
1591714068396086,9.999921,3.000798,10.000061,0.999590,0.000051,-0.028638,-0.000073
1591714068432317,10.000045,3.000884,10.000010,0.999591,0.000054,-0.028603,-0.000052
1591714068468661,10.000108,3.000988,10.000049,0.999591,0.000071,-0.028588,-0.000048
1591714068504831,10.000032,3.000996,10.000234,0.999590,0.000086,-0.028637,-0.000050
1591714068541051,9.999993,3.000978,10.000212,0.999589,0.000077,-0.028685,-0.000021
1591714068578007,10.000010,3.000660,10.000124,0.999587,0.000063,-0.028750,-0.000022
1591714068614242,10.000050,3.000755,10.000086,0.999586,0.000057,-0.028789,-0.000055
1591714068650463,10.000080,3.000653,10.000004,0.999590,0.000058,-0.028645,-0.000070
1591714068684796,10.000023,3.000672,9.999965,0.999592,0.000050,-0.028547,-0.000113
1591714068720983,10.000033,3.000740,10.000059,0.999594,0.000051,-0.028484,-0.000124
1591714068756704,10.000056,3.000887,10.000254,0.999593,0.000006,-0.028518,-0.000144
1591714068795839,10.000088,3.000712,10.000164,0.999594,0.000058,-0.028508,-0.000125
1591714068836976,10.000088,3.000844,10.000041,0.999592,0.000030,-0.028565,-0.000160
1591714068874783,10.000059,3.001034,10.000113,0.999592,0.000010,-0.028545,-0.000163
1591714068912564,10.000107,3.000679,9.999929,0.999596,0.000015,-0.028411,-0.000144
1591714068953053,10.000031,3.000646,10.000117,0.999595,-0.000028,-0.028455,-0.000178
1591714068994473,10.000024,3.000800,10.000137,0.999593,-0.000097,-0.028521,-0.000215
1591714069033402,9.999956,3.000838,10.000019,0.999596,-0.000148,-0.028432,-0.000226
1591714069070708,10.000097,3.000850,10.000089,0.999598,-0.000120,-0.028365,-0.000190
1591714069107627,10.000082,3.000924,10.000222,0.999596,-0.000151,-0.028413,-0.000092
1591714069143073,10.000060,3.000733,10.000158,0.999589,-0.000098,-0.028678,-0.000112
1591714069179260,9.999972,3.000540,9.999990,0.999589,-0.000106,-0.028660,-0.000169
1591714069215937,10.000010,3.000523,9.999852,0.999598,-0.000038,-0.028340,-0.000176
1591714069252751,10.000114,3.000756,10.000028,0.999605,-0.000042,-0.028112,-0.000180
1591714069291877,10.000075,3.000802,10.000220,0.999600,-0.000028,-0.028274,-0.000203
1591714069328889,9.999805,3.000932,10.000136,0.999596,-0.000074,-0.028413,-0.000197
1591714069366196,10.000072,3.000835,10.000048,0.999598,-0.000032,-0.028360,-0.000172
1591714069401723,10.000080,3.000805,10.000033,0.999599,-0.000062,-0.028318,-0.000186
1591714069438665,10.000083,3.000794,9.999947,0.999598,-0.000071,-0.028352,-0.000184
1591714069473519,10.000096,3.000851,9.999992,0.999598,-0.000056,-0.028344,-0.000191
1591714069508508,10.000041,3.000892,10.000151,0.999599,-0.000075,-0.028322,-0.000217
1591714069541944,10.000006,3.000669,10.000112,0.999599,-0.000064,-0.028328,-0.000203
1591714069575489,10.000012,3.001015,10.000185,0.999595,-0.000087,-0.028468,-0.000205
1591714069610397,10.000083,3.000874,10.000232,0.999593,-0.000143,-0.028512,-0.000207
1591714069645068,10.000013,3.000936,10.000004,0.999593,-0.000116,-0.028527,-0.000201
1591714069680601,10.000009,3.000508,10.000075,0.999594,-0.000134,-0.028505,-0.000195
1591714069715879,10.000017,3.000576,10.000167,0.999589,-0.000134,-0.028656,-0.000222
1591714069751550,10.000024,3.000689,10.000084,0.999589,-0.000122,-0.028678,-0.000233
1591714069787091,10.000085,3.000607,9.999941,0.999591,-0.000057,-0.028598,-0.000227
1591714069822619,10.000054,3.000603,10.000039,0.999593,-0.000049,-0.028513,-0.000254
1591714069857456,10.000114,3.000587,10.000173,0.999590,-0.000012,-0.028628,-0.000170
1591714069893399,10.000071,3.000760,10.000293,0.999584,-0.000001,-0.028842,-0.000130
1591714069928799,10.000031,3.000780,10.000170,0.999577,-0.000022,-0.029068,-0.000100
1591714069963858,10.000043,3.000663,10.000009,0.999582,0.000003,-0.028896,-0.000088
1591714069998598,10.000086,3.000622,9.999778,0.999588,0.000039,-0.028705,-0.000044
1591714070036458,10.000047,3.000673,10.000014,0.999588,0.000010,-0.028710,-0.000167
1591714070074930,10.000061,3.000966,10.000367,0.999590,0.000024,-0.028644,-0.000105
1591714070113428,10.000061,3.000690,10.000069,0.999590,0.000005,-0.028624,-0.000089
1591714070150127,9.999935,3.000816,10.000161,0.999590,-0.000066,-0.028627,-0.000176
1591714070187507,10.000093,3.000785,9.999866,0.999597,-0.000034,-0.028392,-0.000196
1591714070224578,10.000051,3.000521,9.999991,0.999601,-0.000016,-0.028250,-0.000277
1591714070261670,10.000095,3.000687,10.000104,0.999601,-0.000029,-0.028247,-0.000281
1591714070297610,10.000058,3.000848,10.000328,0.999595,-0.000027,-0.028467,-0.000241
1591714070333336,10.000046,3.000892,10.000375,0.999589,-0.000053,-0.028652,-0.000220
1591714070368668,10.000070,3.000813,10.000067,0.999591,-0.000017,-0.028617,-0.000170
1591714070404851,9.999988,3.000721,9.999986,0.999592,-0.000079,-0.028563,-0.000200
1591714070439366,9.999974,3.000832,10.000273,0.999579,-0.000135,-0.029030,-0.000269
1591714070474872,10.000098,3.000664,10.000195,0.999567,-0.000204,-0.029409,-0.000276
1591714070508580,10.000059,3.000525,9.999986,0.999563,-0.000229,-0.029554,-0.000260
1591714070543259,10.000000,3.000440,9.999662,0.999579,-0.000224,-0.028996,-0.000194
1591714070578152,9.999997,3.000269,9.999655,0.999610,-0.000234,-0.027918,-0.000277
1591714070613878,10.000233,3.000549,10.000232,0.999619,-0.000069,-0.027608,-0.000296
1591714070648888,9.999826,3.000588,10.000501,0.999600,-0.000226,-0.028278,-0.000344
1591714070685396,10.000117,3.001217,10.000711,0.999569,-0.000256,-0.029371,-0.000374
1591714070725120,10.000068,3.000838,9.999635,0.999581,-0.000236,-0.028933,-0.000361
1591714070764227,10.000077,3.000179,9.999169,0.999606,-0.000171,-0.028072,-0.000332
1591714070804682,10.000087,3.000378,9.999912,0.999611,-0.000128,-0.027887,-0.000254
1591714070844618,9.999968,3.000430,10.000571,0.999583,-0.000153,-0.028889,-0.000221
1591714070883376,10.000034,3.000914,10.000196,0.999569,-0.000229,-0.029347,-0.000298
1591714070920873,10.000089,3.000579,9.999617,0.999587,-0.000188,-0.028722,-0.000254
1591714070957370,10.000122,3.000405,9.999584,0.999608,-0.000158,-0.028002,-0.000282
1591714070993788,10.000058,3.000870,10.000250,0.999607,-0.000160,-0.028037,-0.000279
1591714071032841,9.999973,3.001010,10.000668,0.999587,-0.000202,-0.028745,-0.000303
1591714071072009,10.000011,3.000642,9.999982,0.999580,-0.000221,-0.028993,-0.000318
1591714071111331,10.000067,3.000567,9.999685,0.999594,-0.000201,-0.028508,-0.000323
1591714071149568,10.000043,3.000361,9.999940,0.999605,-0.000186,-0.028089,-0.000310
1591714071187936,10.000100,3.000649,10.000331,0.999599,-0.000165,-0.028307,-0.000306
1591714071226489,10.000037,3.001007,10.000448,0.999585,-0.000165,-0.028802,-0.000317
1591714071265490,9.999998,3.000874,9.999922,0.999587,-0.000172,-0.028743,-0.000310
1591714071308074,9.999995,3.000838,9.999636,0.999600,-0.000136,-0.028264,-0.000346
1591714071345823,10.000100,3.000619,10.000268,0.999603,-0.000110,-0.028180,-0.000300
1591714071383556,10.000085,3.000896,10.000350,0.999591,-0.000123,-0.028609,-0.000328
1591714071420808,9.999988,3.000731,10.000299,0.999577,-0.000141,-0.029088,-0.000328
1591714071457355,10.000058,3.000416,9.999771,0.999582,-0.000095,-0.028902,-0.000313
1591714071494584,10.000082,3.000473,9.999779,0.999595,-0.000080,-0.028470,-0.000294
1591714071531209,10.000092,3.000844,10.000102,0.999596,-0.000054,-0.028427,-0.000302
1591714071567871,10.000004,3.001087,10.000607,0.999584,-0.000072,-0.028837,-0.000321
1591714071606435,10.000014,3.001058,10.000326,0.999577,-0.000073,-0.029088,-0.000279
1591714071641163,10.000062,3.000391,9.999907,0.999579,-0.000043,-0.029025,-0.000225
1591714071676442,10.000079,3.000791,10.000041,0.999585,-0.000060,-0.028799,-0.000242
1591714071711245,10.000033,3.000643,10.000162,0.999591,-0.000025,-0.028598,-0.000215
1591714071747808,10.000059,3.000776,10.000175,0.999593,-0.000014,-0.028536,-0.000180
1591714071782873,10.000019,3.000740,10.000288,0.999587,-0.000034,-0.028722,-0.000164
1591714071818599,10.000093,3.000582,10.000097,0.999582,-0.000027,-0.028908,-0.000147
1591714071855840,10.000097,3.000768,10.000159,0.999586,-0.000017,-0.028780,-0.000132
1591714071893546,10.000030,3.000336,9.999597,0.999596,-0.000024,-0.028434,-0.000167
1591714071928598,10.000120,3.000725,10.000036,0.999594,0.000010,-0.028494,-0.000134
1591714071964795,10.000045,3.001011,10.000381,0.999590,0.000006,-0.028649,-0.000135
1591714072001418,10.000060,3.001148,10.000223,0.999585,0.000014,-0.028816,-0.000161
1591714072039673,10.000059,3.000536,10.000007,0.999586,-0.000000,-0.028770,-0.000174
1591714072077030,10.000082,3.000526,10.000031,0.999588,0.000044,-0.028693,-0.000173
1591714072114809,10.000070,3.000490,9.999992,0.999592,0.000025,-0.028560,-0.000149
1591714072151592,10.000064,3.000710,10.000113,0.999591,0.000014,-0.028588,-0.000155
1591714072188816,10.000031,3.000694,10.000108,0.999588,0.000012,-0.028717,-0.000169
1591714072225590,10.000113,3.000763,10.000081,0.999587,0.000019,-0.028742,-0.000114
1591714072263522,10.000005,3.000755,10.000095,0.999587,0.000011,-0.028741,-0.000152
1591714072299905,10.000084,3.000823,10.000028,0.999587,0.000022,-0.028730,-0.000087
1591714072336862,10.000090,3.000934,10.000102,0.999585,0.000012,-0.028822,-0.000102
1591714072373086,10.000046,3.000790,10.000054,0.999587,0.000034,-0.028729,-0.000089
1591714072408845,9.999984,3.000543,10.000061,0.999590,0.000060,-0.028643,-0.000079
1591714072445209,10.000038,3.000358,9.999941,0.999593,0.000049,-0.028513,-0.000054
1591714072484068,10.000147,3.000662,10.000133,0.999589,0.000053,-0.028659,-0.000084
1591714072520219,10.000099,3.000726,10.000219,0.999585,0.000053,-0.028807,-0.000049
1591714072555651,10.000083,3.000822,10.000147,0.999582,0.000065,-0.028909,0.000007
1591714072591249,10.000002,3.000693,9.999960,0.999585,0.000040,-0.028809,-0.000029
1591714072627838,9.999989,3.000974,9.999990,0.999591,0.000001,-0.028603,-0.000057
1591714072663659,10.000045,3.000797,10.000105,0.999590,-0.000024,-0.028631,-0.000114
1591714072700129,10.000047,3.000668,9.999958,0.999600,-0.000035,-0.028265,-0.000123
1591714072737261,9.999973,3.000525,10.000118,0.999598,-0.000062,-0.028367,-0.000152
1591714072773038,10.000081,3.000869,10.000197,0.999588,-0.000061,-0.028702,-0.000182
1591714072808987,10.000010,3.000553,10.000030,0.999585,-0.000071,-0.028811,-0.000225
1591714072844576,10.000089,3.000534,9.999905,0.999590,-0.000086,-0.028639,-0.000220
1591714072880489,10.000061,3.000393,9.999949,0.999597,-0.000098,-0.028403,-0.000215
1591714072915788,10.000066,3.000770,10.000214,0.999601,-0.000123,-0.028236,-0.000222
1591714072951902,10.000055,3.000834,10.000416,0.999593,-0.000088,-0.028510,-0.000264
1591714072988603,10.000032,3.000970,10.000580,0.999569,-0.000084,-0.029342,-0.000253
1591714073024507,10.000075,3.000530,9.999919,0.999564,-0.000101,-0.029520,-0.000216
1591714073061130,10.000093,3.000392,9.999601,0.999574,-0.000086,-0.029195,-0.000216
1591714073099216,10.000043,3.000175,9.999434,0.999594,-0.000052,-0.028493,-0.000195
1591714073138029,10.000042,3.000694,10.000335,0.999594,-0.000005,-0.028491,-0.000146
1591714073174274,9.999954,3.000639,10.000229,0.999585,-0.000035,-0.028800,-0.000110
1591714073211643,9.999996,3.000610,10.000033,0.999583,-0.000075,-0.028866,-0.000128
1591714073250383,10.000068,3.000538,9.999945,0.999592,-0.000086,-0.028566,-0.000149
1591714073289197,10.000134,3.000551,10.000012,0.999598,-0.000063,-0.028363,-0.000146
1591714073327778,10.000084,3.000582,10.000031,0.999595,-0.000049,-0.028458,-0.000082
1591714073367252,9.999994,3.001112,10.000079,0.999596,-0.000075,-0.028431,-0.000131
1591714073403980,9.999987,3.000710,10.000203,0.999595,-0.000096,-0.028460,-0.000095
1591714073440212,10.000065,3.000596,10.000072,0.999595,-0.000095,-0.028452,-0.000142
1591714073477583,10.000103,3.000874,10.000266,0.999596,-0.000080,-0.028432,-0.000192
1591714073514879,9.999960,3.000515,10.000009,0.999592,-0.000076,-0.028572,-0.000204
1591714073549650,10.000039,3.000559,10.000027,0.999590,-0.000054,-0.028622,-0.000221
1591714073585560,10.000116,3.000533,10.000058,0.999592,-0.000020,-0.028559,-0.000174
1591714073621326,10.000116,3.000766,10.000117,0.999582,-0.000066,-0.028914,-0.000214
1591714073656636,10.000005,3.000711,10.000195,0.999583,-0.000057,-0.028881,-0.000212
1591714073691328,10.000002,3.000683,10.000096,0.999581,-0.000055,-0.028962,-0.000211
1591714073726867,10.000118,3.000595,10.000057,0.999582,0.000003,-0.028902,-0.000184
1591714073762089,10.000177,3.000453,9.999670,0.999590,0.000025,-0.028639,-0.000143
1591714073798689,10.000058,3.000407,9.999680,0.999603,0.000047,-0.028190,-0.000180
1591714073835875,10.000071,3.000758,10.000337,0.999587,0.000042,-0.028739,-0.000167
1591714073872541,10.000057,3.000767,10.000341,0.999575,0.000003,-0.029155,-0.000191
1591714073908100,10.000076,3.000530,10.000053,0.999568,-0.000001,-0.029377,-0.000162
1591714073943653,10.000054,3.000263,9.999768,0.999581,-0.000033,-0.028946,-0.000190
1591714073979223,10.000134,3.000259,9.999785,0.999591,0.000029,-0.028605,-0.000159
1591714074015381,10.000080,3.000574,10.000168,0.999592,0.000018,-0.028550,-0.000164
1591714074058884,10.000069,3.000985,10.000484,0.999580,0.000009,-0.028977,-0.000149
1591714074100337,10.000072,3.001345,10.000366,0.999579,0.000009,-0.029021,-0.000156
1591714074138963,10.000080,3.000320,9.999935,0.999584,-0.000002,-0.028829,-0.000190
1591714074176972,10.000109,3.000432,9.999950,0.999589,-0.000011,-0.028671,-0.000221
1591714074213891,10.000062,3.000530,10.000007,0.999588,-0.000001,-0.028719,-0.000191
1591714074250649,10.000096,3.000945,10.000194,0.999582,-0.000012,-0.028898,-0.000197
1591714074287169,10.000039,3.000826,10.000306,0.999584,-0.000011,-0.028831,-0.000185
1591714074324071,10.000010,3.000568,10.000080,0.999590,-0.000001,-0.028632,-0.000187
1591714074360920,10.000094,3.000714,10.000079,0.999591,-0.000008,-0.028592,-0.000183
1591714074397729,10.000052,3.000705,10.000221,0.999585,-0.000041,-0.028812,-0.000185
1591714074433451,10.000040,3.000894,10.000121,0.999579,-0.000026,-0.028998,-0.000166
1591714074471194,10.000089,3.001031,9.999861,0.999584,-0.000039,-0.028851,-0.000172
1591714074506915,10.000037,3.000408,10.000022,0.999593,-0.000010,-0.028537,-0.000149
1591714074542375,10.000096,3.000521,10.000062,0.999593,0.000010,-0.028520,-0.000154
1591714074577340,10.000018,3.000650,10.000317,0.999586,0.000009,-0.028767,-0.000155
1591714074613192,10.000049,3.000863,10.000216,0.999580,-0.000023,-0.028990,-0.000167
1591714074648384,10.000092,3.000775,9.999907,0.999584,-0.000033,-0.028841,-0.000142
1591714074683536,10.000151,3.000545,9.999973,0.999590,0.000009,-0.028641,-0.000108
1591714074719273,10.000004,3.000472,10.000086,0.999593,0.000010,-0.028520,-0.000144
1591714074754535,9.999986,3.000678,10.000242,0.999589,0.000003,-0.028669,-0.000160
1591714074789585,10.000010,3.000803,10.000316,0.999585,-0.000037,-0.028813,-0.000167
1591714074825760,10.000162,3.000782,10.000051,0.999583,-0.000049,-0.028884,-0.000165
1591714074865848,10.000139,3.000664,9.999937,0.999588,-0.000059,-0.028708,-0.000177
1591714074902815,10.000035,3.000314,9.999756,0.999592,-0.000061,-0.028572,-0.000184
1591714074938052,10.000047,3.000785,10.000247,0.999595,-0.000067,-0.028467,-0.000214
1591714074974217,10.000042,3.000767,10.000236,0.999592,-0.000050,-0.028564,-0.000114
1591714075009036,10.000025,3.000552,10.000215,0.999586,-0.000031,-0.028768,-0.000091
1591714075045702,10.000085,3.000658,10.000060,0.999586,0.000007,-0.028769,-0.000039
1591714075083138,9.999975,3.000619,10.000062,0.999587,-0.000059,-0.028733,-0.000065
1591714075120714,10.000058,3.000708,9.999867,0.999589,-0.000065,-0.028678,-0.000140
1591714075157142,10.000121,3.000692,10.000058,0.999592,-0.000030,-0.028566,-0.000111
1591714075197598,10.000133,3.000691,10.000081,0.999592,0.000020,-0.028561,-0.000120
1591714075236710,10.000051,3.000752,10.000010,0.999591,0.000034,-0.028601,-0.000065
1591714075273936,9.999994,3.000457,10.000069,0.999589,-0.000009,-0.028676,-0.000109
1591714075310068,10.000100,3.000591,10.000085,0.999588,0.000021,-0.028709,-0.000114
1591714075347017,10.000076,3.000679,10.000066,0.999588,0.000006,-0.028692,-0.000135
1591714075385538,10.000038,3.000676,10.000104,0.999591,-0.000004,-0.028603,-0.000131
1591714075421241,10.000050,3.000634,10.000052,0.999591,-0.000011,-0.028583,-0.000119
1591714075455851,10.000092,3.000583,9.999968,0.999590,0.000011,-0.028648,-0.000138
1591714075491046,10.000087,3.000616,10.000180,0.999589,0.000014,-0.028669,-0.000110
1591714075525235,10.000046,3.000655,10.000114,0.999589,0.000002,-0.028655,-0.000111
1591714075559584,10.000019,3.000777,10.000177,0.999587,0.000014,-0.028726,-0.000140
1591714075595202,10.000115,3.000693,10.000046,0.999584,0.000011,-0.028833,-0.000107
1591714075631445,10.000082,3.000635,10.000009,0.999584,-0.000008,-0.028836,-0.000136
1591714075667853,10.000049,3.000570,10.000007,0.999588,-0.000023,-0.028710,-0.000155
1591714075704093,10.000079,3.000602,10.000103,0.999589,-0.000023,-0.028651,-0.000170
1591714075739498,10.000042,3.000677,10.000164,0.999588,-0.000009,-0.028685,-0.000122
1591714075775117,10.000049,3.000676,10.000110,0.999589,-0.000041,-0.028666,-0.000172
1591714075810604,10.000082,3.000542,9.999998,0.999595,-0.000013,-0.028464,-0.000151
1591714075846383,10.000070,3.000446,9.999972,0.999594,-0.000030,-0.028502,-0.000164
1591714075882160,10.000077,3.000699,10.000278,0.999589,0.000001,-0.028656,-0.000150
1591714075917753,10.000069,3.000699,10.000059,0.999590,0.000006,-0.028629,-0.000127
1591714075953881,9.999975,3.000545,9.999909,0.999600,-0.000005,-0.028285,-0.000157
1591714075992180,10.000035,3.000530,10.000001,0.999605,-0.000041,-0.028100,-0.000148
1591714076032929,10.000081,3.000939,10.000506,0.999587,-0.000044,-0.028751,-0.000167
1591714076075352,10.000027,3.000506,9.999980,0.999583,-0.000101,-0.028864,-0.000178
1591714076116287,9.999990,3.000381,9.999875,0.999595,-0.000079,-0.028462,-0.000148
1591714076153969,10.000058,3.000471,9.999981,0.999600,-0.000045,-0.028276,-0.000129
1591714076193083,10.000058,3.000819,10.000326,0.999594,-0.000079,-0.028511,-0.000142
1591714076231564,10.000050,3.000827,10.000443,0.999584,-0.000063,-0.028850,-0.000143
1591714076269752,10.000057,3.001124,10.000117,0.999583,-0.000079,-0.028864,-0.000124
1591714076307511,10.000096,3.000314,9.999908,0.999590,-0.000058,-0.028625,-0.000114
1591714076344988,10.000115,3.000535,10.000064,0.999596,-0.000047,-0.028423,-0.000076
1591714076382772,10.000068,3.000655,10.000100,0.999597,-0.000029,-0.028369,-0.000093
1591714076421969,10.000010,3.000775,10.000370,0.999588,-0.000029,-0.028695,-0.000107
1591714076459096,10.000054,3.000695,10.000138,0.999588,-0.000028,-0.028721,-0.000122
1591714076495706,10.000081,3.000782,9.999886,0.999593,-0.000059,-0.028545,-0.000122
1591714076532069,10.000039,3.000422,9.999810,0.999595,-0.000065,-0.028473,-0.000116
1591714076568675,10.000105,3.000719,10.000124,0.999592,-0.000057,-0.028548,-0.000130
1591714076605094,10.000073,3.000858,10.000182,0.999590,-0.000047,-0.028644,-0.000104
1591714076644021,10.000057,3.000497,9.999973,0.999591,-0.000041,-0.028593,-0.000115
1591714076682498,10.000087,3.000547,10.000005,0.999592,-0.000053,-0.028577,-0.000120
1591714076720566,10.000077,3.000700,10.000074,0.999590,-0.000055,-0.028630,-0.000104
1591714076758909,10.000037,3.000742,10.000072,0.999589,-0.000052,-0.028684,-0.000078
1591714076799107,10.000028,3.000603,10.000027,0.999590,-0.000005,-0.028628,-0.000055
1591714076837427,10.000114,3.000462,9.999941,0.999595,-0.000015,-0.028469,-0.000109
1591714076876046,10.000080,3.000734,10.000139,0.999591,-0.000029,-0.028583,-0.000153
1591714076914279,10.000041,3.000449,10.000048,0.999587,-0.000036,-0.028724,-0.000128
1591714076953363,10.000074,3.000433,9.999875,0.999587,-0.000031,-0.028736,-0.000105
1591714076991714,10.000088,3.000575,9.999984,0.999593,-0.000076,-0.028532,-0.000133
1591714077029508,10.000171,3.000609,9.999948,0.999596,-0.000066,-0.028421,-0.000133
1591714077068549,10.000055,3.000949,10.000164,0.999595,-0.000052,-0.028443,-0.000149
1591714077111998,10.000040,3.000712,10.000142,0.999590,-0.000042,-0.028620,-0.000137
1591714077158134,10.000129,3.000620,10.000095,0.999591,-0.000004,-0.028615,-0.000133
1591714077207221,9.999997,3.000570,10.000158,0.999579,-0.000076,-0.029011,-0.000179
1591714077250344,10.000040,3.000447,10.000030,0.999578,-0.000113,-0.029034,-0.000172
1591714077301250,10.000101,3.000343,9.999910,0.999589,-0.000047,-0.028676,-0.000083
1591714077344842,10.000029,3.000475,9.999928,0.999595,-0.000042,-0.028475,-0.000127
1591714077390516,9.999954,3.000770,10.000320,0.999600,-0.000072,-0.028272,-0.000155
1591714077435266,10.000047,3.001224,10.000665,0.999572,-0.000180,-0.029263,-0.000157
1591714077476594,10.000118,3.000412,9.999969,0.999565,-0.000134,-0.029504,-0.000129
1591714077517771,10.000061,3.000467,9.999605,0.999590,-0.000134,-0.028641,-0.000138
1591714077558024,10.000088,3.000366,9.999884,0.999597,-0.000072,-0.028384,-0.000095
1591714077597960,10.000046,3.000818,10.000535,0.999586,-0.000057,-0.028766,-0.000079
1591714077637616,10.000083,3.000624,10.000225,0.999573,-0.000063,-0.029236,-0.000060
1591714077677466,10.000013,3.000351,9.999808,0.999579,-0.000078,-0.029020,-0.000102
1591714077717289,10.000092,3.000228,9.999671,0.999593,-0.000031,-0.028513,-0.000087
1591714077757146,10.000072,3.000731,10.000246,0.999593,-0.000062,-0.028542,-0.000156
1591714077797119,9.999974,3.000634,10.000299,0.999586,-0.000046,-0.028776,-0.000132
1591714077837048,10.000086,3.000699,10.000103,0.999583,-0.000054,-0.028861,-0.000159
