1592802917883306,10.000183,3.001476,10.000324,0.999930,0.005960,-0.010222,-0.000151
1592802917944590,10.000074,3.001388,10.000508,0.999929,0.005919,-0.010310,-0.000146
1592802917992829,9.999969,3.001729,10.000523,0.999929,0.005916,-0.010303,-0.000151
1592802918044355,10.000322,3.001372,10.000407,0.999929,0.006016,-0.010251,-0.000187
1592802918096326,10.000355,3.001976,10.000353,0.999929,0.006030,-0.010287,-0.000210
1592802918143820,10.000175,3.001157,10.000267,0.999929,0.005961,-0.010301,-0.000172
1592802918194051,10.000285,3.001708,10.000621,0.999928,0.005999,-0.010362,-0.000194
1592802918241059,10.000221,3.001334,10.000582,0.999928,0.005963,-0.010367,-0.000181
1592802918289866,10.000156,3.001725,10.000481,0.999929,0.005958,-0.010358,-0.000200
1592802918336751,10.000184,3.000921,10.000430,0.999929,0.005931,-0.010343,-0.000207
1592802918381471,10.000048,3.001102,10.000429,0.999929,0.005887,-0.010322,-0.000217
1592802918428261,10.000153,3.001576,10.000424,0.999929,0.005933,-0.010352,-0.000225
1592802918473010,10.000449,3.001127,10.000477,0.999929,0.005984,-0.010339,-0.000201
1592802918517357,10.000233,3.001191,10.000440,0.999929,0.005901,-0.010367,-0.000186
1592802918561237,10.000151,3.001544,10.000504,0.999929,0.005855,-0.010379,-0.000177
1592802918603153,10.000364,3.001944,10.000566,0.999929,0.005904,-0.010380,-0.000179
1592802918647186,10.000063,3.001176,10.000392,0.999929,0.005842,-0.010360,-0.000151
1592802918694011,10.000014,3.001667,10.000404,0.999929,0.005850,-0.010354,-0.000164
1592802918741293,10.000257,3.001179,10.000450,0.999929,0.005887,-0.010366,-0.000173
1592802918784990,10.000362,3.001416,10.000402,0.999929,0.005914,-0.010395,-0.000214
1592802918830331,10.000631,3.001607,10.000351,0.999928,0.005956,-0.010389,-0.000182
1592802918874561,10.000184,3.001044,10.000571,0.999928,0.005878,-0.010469,-0.000164
1592802918917696,10.000015,3.001296,10.000641,0.999928,0.005880,-0.010431,-0.000152
1592802918961212,9.999798,3.001608,10.000530,0.999929,0.005847,-0.010401,-0.000142
1592802919001135,10.000275,3.001863,10.000375,0.999929,0.005923,-0.010354,-0.000141
1592802919048767,10.000047,3.001371,10.000443,0.999929,0.005878,-0.010384,-0.000134
1592802919100504,9.999939,3.000900,10.000301,0.999929,0.005874,-0.010372,-0.000117
1592802919152394,9.999855,3.001203,10.000344,0.999929,0.005858,-0.010403,-0.000142
1592802919205220,10.000030,3.000876,10.000383,0.999928,0.005887,-0.010422,-0.000150
1592802919254257,9.999963,3.001355,10.000334,0.999928,0.005874,-0.010421,-0.000148
1592802919301646,10.000017,3.000910,10.000460,0.999928,0.005884,-0.010440,-0.000162
1592802919351141,10.000028,3.001354,10.000539,0.999928,0.005902,-0.010468,-0.000150
1592802919398378,10.000100,3.001969,10.000482,0.999928,0.005910,-0.010450,-0.000139
1592802919443467,10.000344,3.001197,10.000360,0.999928,0.005930,-0.010422,-0.000140
1592802919488474,10.000301,3.001436,10.000255,0.999928,0.005952,-0.010422,-0.000150
1592802919543781,10.000047,3.001038,10.000526,0.999928,0.005884,-0.010460,-0.000134
1592802919592315,9.999771,3.001313,10.000502,0.999928,0.005855,-0.010468,-0.000099
1592802919640900,9.999787,3.001058,10.000439,0.999929,0.005857,-0.010416,-0.000112
1592802919687132,10.000096,3.001394,10.000359,0.999929,0.005890,-0.010408,-0.000115
1592802919731684,9.999818,3.001720,10.000339,0.999929,0.005875,-0.010406,-0.000103
1592802919775892,10.000031,3.001026,10.000408,0.999929,0.005890,-0.010411,-0.000111
1592802919822497,9.999897,3.001311,10.000532,0.999928,0.005895,-0.010416,-0.000113
1592802919868989,10.000031,3.001034,10.000479,0.999928,0.005888,-0.010422,-0.000087
1592802919911987,9.999974,3.001150,10.000328,0.999929,0.005880,-0.010402,-0.000088
1592802919955745,10.000306,3.001467,10.000183,0.999928,0.005938,-0.010395,-0.000107
1592802919998798,10.000045,3.001723,10.000256,0.999929,0.005891,-0.010401,-0.000088
1592802920045614,9.999925,3.001141,10.000573,0.999928,0.005887,-0.010439,-0.000076
1592802920098404,10.000072,3.001924,10.000405,0.999929,0.005889,-0.010407,-0.000080
1592802920147320,9.999876,3.001075,10.000250,0.999929,0.005857,-0.010422,-0.000107
1592802920204081,10.000034,3.001010,10.000411,0.999928,0.005899,-0.010449,-0.000112
1592802920251602,9.999858,3.001149,10.000336,0.999928,0.005882,-0.010476,-0.000109
1592802920297588,9.999873,3.001310,10.000429,0.999928,0.005898,-0.010494,-0.000122
1592802920341721,10.000110,3.001008,10.000316,0.999928,0.005899,-0.010463,-0.000112
1592802920386667,9.999961,3.001235,10.000439,0.999928,0.005897,-0.010485,-0.000089
1592802920432735,9.999970,3.000787,10.000343,0.999928,0.005871,-0.010458,-0.000097
1592802920476286,9.999894,3.000915,10.000369,0.999928,0.005838,-0.010449,-0.000113
1592802920525234,10.000117,3.001514,10.000345,0.999928,0.005880,-0.010474,-0.000141
1592802920574254,10.000270,3.000893,10.000339,0.999928,0.005907,-0.010486,-0.000163
1592802920623904,10.000269,3.001435,10.000469,0.999927,0.005910,-0.010499,-0.000144
1592802920668771,10.000000,3.000777,10.000525,0.999927,0.005898,-0.010517,-0.000160
1592802920713790,9.999996,3.001143,10.000622,0.999927,0.005896,-0.010513,-0.000140
1592802920759194,10.000121,3.001494,10.000527,0.999928,0.005936,-0.010478,-0.000123
1592802920803955,10.000024,3.000956,10.000530,0.999928,0.005912,-0.010459,-0.000133
1592802920848863,9.999954,3.001244,10.000302,0.999928,0.005909,-0.010443,-0.000123
1592802920897708,9.999827,3.001490,10.000240,0.999928,0.005890,-0.010448,-0.000131
1592802920942633,9.999899,3.000962,10.000307,0.999928,0.005937,-0.010477,-0.000132
1592802920987854,10.000033,3.001436,10.000393,0.999927,0.005955,-0.010485,-0.000104
1592802921036783,10.000214,3.000993,10.000401,0.999927,0.005937,-0.010489,-0.000135
1592802921089584,10.000113,3.001431,10.000378,0.999928,0.005887,-0.010485,-0.000124
1592802921142738,10.000152,3.001154,10.000536,0.999928,0.005877,-0.010494,-0.000152
1592802921190520,10.000232,3.001469,10.000518,0.999928,0.005878,-0.010448,-0.000144
1592802921236843,10.000059,3.000684,10.000428,0.999928,0.005854,-0.010445,-0.000150
1592802921281961,10.000065,3.000805,10.000200,0.999928,0.005882,-0.010426,-0.000161
1592802921331213,9.999993,3.001316,10.000435,0.999928,0.005859,-0.010437,-0.000170
1592802921376541,10.000086,3.000987,10.000425,0.999928,0.005852,-0.010461,-0.000191
1592802921420613,10.000371,3.001360,10.000419,0.999928,0.005871,-0.010462,-0.000167
1592802921463507,10.000256,3.001475,10.000261,0.999928,0.005859,-0.010455,-0.000131
1592802921505408,10.000307,3.000865,10.000347,0.999928,0.005892,-0.010434,-0.000128
1592802921547019,10.000109,3.001011,10.000322,0.999928,0.005882,-0.010461,-0.000123
1592802921595362,10.000006,3.001497,10.000332,0.999928,0.005867,-0.010487,-0.000130
1592802921645894,10.000014,3.000986,10.000370,0.999928,0.005874,-0.010488,-0.000126
1592802921700407,10.000327,3.001597,10.000285,0.999928,0.005920,-0.010484,-0.000123
1592802921755109,10.000164,3.001428,10.000459,0.999927,0.005888,-0.010523,-0.000146
1592802921811128,10.000269,3.001147,10.000627,0.999927,0.005909,-0.010540,-0.000178
1592802921860551,10.000126,3.001384,10.000520,0.999927,0.005903,-0.010511,-0.000118
1592802921910289,9.999964,3.000852,10.000491,0.999928,0.005875,-0.010495,-0.000109
1592802921960583,9.999899,3.001366,10.000355,0.999928,0.005893,-0.010493,-0.000147
1592802922009553,9.999819,3.000888,10.000379,0.999928,0.005880,-0.010475,-0.000131
1592802922056202,9.999943,3.001218,10.000349,0.999928,0.005897,-0.010457,-0.000125
1592802922102237,10.000211,3.000908,10.000351,0.999928,0.005942,-0.010469,-0.000160
1592802922145302,10.000151,3.001011,10.000366,0.999928,0.005920,-0.010473,-0.000132
1592802922192470,10.000024,3.001348,10.000442,0.999928,0.005876,-0.010458,-0.000110
1592802922238187,10.000089,3.000841,10.000301,0.999928,0.005876,-0.010457,-0.000117
1592802922283972,9.999901,3.000979,10.000281,0.999928,0.005861,-0.010470,-0.000123
1592802922337231,9.999976,3.000719,10.000378,0.999928,0.005882,-0.010484,-0.000103
1592802922393721,10.000103,3.001474,10.000420,0.999928,0.005890,-0.010484,-0.000122
1592802922447231,10.000247,3.001188,10.000473,0.999927,0.005910,-0.010512,-0.000138
1592802922505564,10.000048,3.000773,10.000491,0.999928,0.005878,-0.010500,-0.000152
1592802922553401,10.000040,3.001143,10.000490,0.999927,0.005888,-0.010518,-0.000147
1592802922602419,9.999980,3.000751,10.000574,0.999927,0.005885,-0.010538,-0.000157
1592802922652440,10.000249,3.001195,10.000510,0.999927,0.005895,-0.010502,-0.000142
1592802922702851,10.000481,3.000847,10.000367,0.999928,0.005891,-0.010486,-0.000142
1592802922749972,10.000215,3.000944,10.000517,0.999928,0.005874,-0.010506,-0.000176
1592802922798435,10.000172,3.001350,10.000538,0.999927,0.005871,-0.010531,-0.000180
1592802922849697,10.000204,3.000929,10.000483,0.999928,0.005862,-0.010516,-0.000147
1592802922898806,10.000206,3.001272,10.000523,0.999928,0.005864,-0.010480,-0.000145
1592802922945664,9.999916,3.000785,10.000532,0.999928,0.005831,-0.010476,-0.000116
1592802922996664,9.999829,3.001405,10.000536,0.999928,0.005857,-0.010461,-0.000112
1592802923059033,10.000042,3.001228,10.000158,0.999928,0.005892,-0.010449,-0.000117
1592802923120316,10.000031,3.001224,10.000436,0.999928,0.005905,-0.010486,-0.000134
1592802923170468,10.000018,3.001708,10.000372,0.999928,0.005910,-0.010488,-0.000156
1592802923219654,10.000186,3.001101,10.000495,0.999927,0.005896,-0.010506,-0.000165
1592802923269193,10.000131,3.001441,10.000445,0.999928,0.005883,-0.010496,-0.000157
1592802923318282,10.000043,3.001107,10.000448,0.999928,0.005880,-0.010461,-0.000131
1592802923366938,9.999934,3.001537,10.000494,0.999928,0.005887,-0.010464,-0.000109
1592802923413283,10.000184,3.001112,10.000456,0.999928,0.005889,-0.010447,-0.000137
1592802923459474,10.000205,3.001175,10.000397,0.999928,0.005904,-0.010475,-0.000165
1592802923504711,10.000006,3.000713,10.000624,0.999928,0.005865,-0.010488,-0.000132
1592802923548690,9.999994,3.000988,10.000641,0.999928,0.005864,-0.010504,-0.000136
1592802923591706,10.000016,3.001306,10.000539,0.999928,0.005866,-0.010506,-0.000098
1592802923636256,10.000324,3.000722,10.000368,0.999928,0.005896,-0.010495,-0.000100
1592802923680647,10.000341,3.000634,10.000053,0.999928,0.005872,-0.010480,-0.000080
1592802923724355,9.999946,3.000811,10.000152,0.999928,0.005866,-0.010500,-0.000083
1592802923768756,9.999976,3.001318,10.000379,0.999928,0.005859,-0.010498,-0.000085
1592802923811560,9.999992,3.001064,10.000607,0.999928,0.005874,-0.010485,-0.000068
1592802923854140,10.000114,3.001102,10.000335,0.999928,0.005896,-0.010455,-0.000059
1592802923897239,10.000182,3.001251,10.000190,0.999928,0.005920,-0.010472,-0.000056
1592802923939644,9.999895,3.000755,10.000292,0.999928,0.005874,-0.010468,-0.000062
1592802923981691,9.999785,3.001026,10.000331,0.999928,0.005863,-0.010470,-0.000029
1592802924026814,9.999834,3.001385,10.000438,0.999928,0.005863,-0.010484,-0.000052
1592802924076251,10.000144,3.000772,10.000479,0.999928,0.005856,-0.010497,-0.000079
1592802924123098,10.000207,3.001179,10.000378,0.999928,0.005872,-0.010468,-0.000089
1592802924169693,10.000173,3.001519,10.000368,0.999928,0.005845,-0.010472,-0.000092
1592802924215990,10.000007,3.001002,10.000496,0.999928,0.005818,-0.010500,-0.000093
1592802924263825,10.000347,3.001226,10.000349,0.999928,0.005855,-0.010483,-0.000123
1592802924306725,10.000269,3.000836,10.000341,0.999928,0.005816,-0.010487,-0.000140
1592802924350529,9.999982,3.000750,10.000491,0.999928,0.005796,-0.010500,-0.000145
1592802924394596,9.999847,3.000921,10.000541,0.999927,0.005829,-0.010543,-0.000134
1592802924437367,10.000045,3.000593,10.000588,0.999927,0.005853,-0.010541,-0.000125
1592802924480079,10.000277,3.000705,10.000402,0.999927,0.005894,-0.010523,-0.000124
1592802924522346,10.000134,3.000966,10.000401,0.999927,0.005908,-0.010495,-0.000106
1592802924568244,9.999899,3.001193,10.000146,0.999928,0.005895,-0.010477,-0.000110
1592802924614769,9.999764,3.000946,10.000332,0.999928,0.005885,-0.010489,-0.000075
1592802924662826,10.000107,3.001314,10.000199,0.999927,0.005926,-0.010486,-0.000121
1592802924706478,10.000411,3.000972,10.000365,0.999927,0.005921,-0.010507,-0.000139
1592802924748700,10.000331,3.000951,10.000540,0.999927,0.005921,-0.010495,-0.000181
1592802924788660,10.000269,3.001171,10.000611,0.999928,0.005903,-0.010467,-0.000165
1592802924831669,10.000344,3.001437,10.000521,0.999928,0.005903,-0.010490,-0.000169
1592802924873643,10.000662,3.000763,10.000312,0.999927,0.005921,-0.010498,-0.000198
1592802924914262,10.000366,3.000709,10.000592,0.999927,0.005896,-0.010552,-0.000193
1592802924956251,10.000303,3.000980,10.000657,0.999927,0.005857,-0.010540,-0.000183
1592802924999466,10.000263,3.001367,10.000764,0.999927,0.005851,-0.010538,-0.000196
1592802925050715,10.000102,3.000732,10.000557,0.999927,0.005825,-0.010557,-0.000197
1592802925106895,10.000429,3.000589,10.000472,0.999928,0.005841,-0.010527,-0.000192
1592802925156234,10.000221,3.000939,10.000575,0.999927,0.005829,-0.010539,-0.000186
1592802925206244,10.000026,3.000615,10.000617,0.999928,0.005812,-0.010548,-0.000180
1592802925250547,10.000050,3.000796,10.000551,0.999928,0.005789,-0.010512,-0.000160
1592802925298264,10.000204,3.001141,10.000600,0.999928,0.005812,-0.010521,-0.000180
1592802925343759,10.000176,3.000740,10.000546,0.999928,0.005820,-0.010534,-0.000182
1592802925390287,10.000229,3.000997,10.000652,0.999928,0.005840,-0.010516,-0.000208
1592802925437085,10.000487,3.000603,10.000550,0.999928,0.005815,-0.010483,-0.000210
1592802925481196,10.000301,3.000715,10.000556,0.999928,0.005816,-0.010507,-0.000203
1592802925525176,10.000401,3.001060,10.000646,0.999928,0.005834,-0.010505,-0.000218
1592802925567975,10.000543,3.001293,10.000666,0.999928,0.005798,-0.010500,-0.000191
1592802925608009,10.000329,3.000547,10.000666,0.999928,0.005817,-0.010495,-0.000234
1592802925648739,10.000460,3.000642,10.000443,0.999928,0.005809,-0.010498,-0.000213
1592802925690292,10.000497,3.000740,10.000407,0.999928,0.005812,-0.010517,-0.000203
1592802925730924,10.000503,3.001126,10.000658,0.999928,0.005805,-0.010489,-0.000160
1592802925770380,10.000349,3.000669,10.000387,0.999928,0.005801,-0.010487,-0.000168
1592802925810774,10.000195,3.000659,10.000439,0.999928,0.005797,-0.010495,-0.000148
1592802925851806,10.000264,3.000674,10.000381,0.999928,0.005827,-0.010507,-0.000185
1592802925892998,10.000292,3.000866,10.000251,0.999928,0.005829,-0.010480,-0.000174
1592802925933970,10.000313,3.001165,10.000521,0.999928,0.005812,-0.010485,-0.000163
1592802925974696,10.000105,3.000580,10.000566,0.999928,0.005828,-0.010516,-0.000181
1592802926017122,10.000143,3.000865,10.000698,0.999928,0.005833,-0.010480,-0.000182
1592802926067222,10.000359,3.001185,10.000396,0.999928,0.005834,-0.010452,-0.000182
1592802926113946,10.000175,3.000704,10.000487,0.999928,0.005838,-0.010487,-0.000185
1592802926161381,10.000242,3.001075,10.000630,0.999928,0.005831,-0.010462,-0.000168
1592802926208428,10.000190,3.000726,10.000715,0.999929,0.005841,-0.010426,-0.000189
1592802926252110,10.000089,3.000854,10.000522,0.999929,0.005844,-0.010383,-0.000170
1592802926299063,10.000406,3.001119,10.000368,0.999929,0.005886,-0.010378,-0.000188
1592802926343660,10.000072,3.000709,10.000458,0.999929,0.005851,-0.010382,-0.000147
1592802926387869,10.000051,3.001061,10.000228,0.999929,0.005857,-0.010402,-0.000124
1592802926433417,9.999776,3.001251,10.000255,0.999929,0.005832,-0.010424,-0.000125
1592802926476872,10.000291,3.000672,10.000384,0.999929,0.005851,-0.010432,-0.000113
1592802926520447,10.000011,3.000910,10.000422,0.999928,0.005846,-0.010464,-0.000118
1592802926566863,10.000018,3.001130,10.000312,0.999928,0.005839,-0.010440,-0.000125
1592802926612199,9.999927,3.000778,10.000357,0.999928,0.005840,-0.010448,-0.000129
1592802926657855,10.000072,3.001014,10.000755,0.999928,0.005846,-0.010454,-0.000143
1592802926709779,10.000269,3.000911,10.000526,0.999929,0.005845,-0.010418,-0.000141
1592802926761870,10.000329,3.001273,10.000575,0.999929,0.005854,-0.010423,-0.000161
1592802926805004,10.000012,3.000652,10.000403,0.999929,0.005835,-0.010420,-0.000131
1592802926854775,10.000175,3.000850,10.000283,0.999929,0.005861,-0.010428,-0.000144
1592802926910275,10.000351,3.000829,10.000494,0.999928,0.005859,-0.010453,-0.000160
1592802926967240,10.000111,3.001172,10.000492,0.999928,0.005874,-0.010450,-0.000159
1592802927019203,10.000056,3.000916,10.000445,0.999928,0.005850,-0.010462,-0.000165
1592802927069328,10.000031,3.000586,10.000491,0.999928,0.005836,-0.010466,-0.000119
1592802927115524,10.000052,3.000878,10.000652,0.999928,0.005887,-0.010488,-0.000144
1592802927162405,10.000080,3.001192,10.000443,0.999928,0.005855,-0.010474,-0.000109
1592802927209867,10.000049,3.000706,10.000480,0.999928,0.005828,-0.010466,-0.000107
1592802927258950,9.999842,3.000975,10.000299,0.999928,0.005833,-0.010459,-0.000079
1592802927310533,9.999898,3.000633,10.000298,0.999928,0.005811,-0.010454,-0.000096
1592802927353746,10.000088,3.000991,10.000579,0.999929,0.005825,-0.010445,-0.000079
1592802927395869,9.999990,3.000948,10.000466,0.999928,0.005815,-0.010462,-0.000081
1592802927439559,9.999990,3.000636,10.000357,0.999929,0.005816,-0.010447,-0.000079
1592802927483255,9.999926,3.000703,10.000333,0.999928,0.005820,-0.010472,-0.000103
1592802927525570,10.000022,3.000997,10.000482,0.999928,0.005809,-0.010470,-0.000077
1592802927568680,9.999935,3.000496,10.000548,0.999928,0.005823,-0.010468,-0.000098
1592802927612200,9.999892,3.000546,10.000465,0.999929,0.005801,-0.010450,-0.000078
1592802927654804,10.000051,3.000867,10.000600,0.999928,0.005815,-0.010456,-0.000114
1592802927694651,10.000439,3.001015,10.000303,0.999928,0.005830,-0.010455,-0.000114
1592802927735555,10.000338,3.001037,10.000524,0.999928,0.005818,-0.010466,-0.000150
1592802927777532,10.000222,3.000558,10.000706,0.999929,0.005792,-0.010458,-0.000163
1592802927820994,10.000019,3.000638,10.000640,0.999929,0.005770,-0.010453,-0.000159
1592802927866939,10.000168,3.001049,10.000590,0.999929,0.005811,-0.010426,-0.000154
1592802927909847,10.000107,3.000603,10.000529,0.999929,0.005793,-0.010440,-0.000132
1592802927953982,9.999992,3.000817,10.000426,0.999929,0.005813,-0.010427,-0.000132
1592802927996409,10.000170,3.000988,10.000334,0.999929,0.005837,-0.010413,-0.000138
1592802928047777,10.000451,3.000785,10.000263,0.999929,0.005851,-0.010412,-0.000129
1592802928100251,10.000216,3.001184,10.000264,0.999929,0.005822,-0.010435,-0.000133
1592802928149595,9.999911,3.000737,10.000455,0.999929,0.005800,-0.010450,-0.000120
1592802928198243,9.999866,3.001205,10.000472,0.999929,0.005784,-0.010416,-0.000125
1592802928245060,10.000049,3.000549,10.000557,0.999929,0.005817,-0.010401,-0.000147
1592802928292132,10.000120,3.000867,10.000504,0.999929,0.005824,-0.010410,-0.000151
1592802928339701,10.000209,3.000665,10.000360,0.999929,0.005825,-0.010408,-0.000181
1592802928384356,10.000148,3.000893,10.000347,0.999928,0.005844,-0.010450,-0.000183
1592802928429890,10.000181,3.001079,10.000644,0.999928,0.005830,-0.010455,-0.000179
1592802928475761,10.000496,3.000604,10.000500,0.999928,0.005842,-0.010450,-0.000173
1592802928522257,10.000215,3.000687,10.000489,0.999928,0.005838,-0.010461,-0.000153
1592802928569164,10.000192,3.001245,10.000758,0.999928,0.005841,-0.010460,-0.000147
1592802928616852,10.000027,3.000786,10.000531,0.999929,0.005805,-0.010451,-0.000152
1592802928663501,10.000028,3.001006,10.000650,0.999929,0.005803,-0.010450,-0.000139
1592802928709979,10.000177,3.000564,10.000382,0.999929,0.005804,-0.010450,-0.000139
1592802928763391,9.999983,3.000851,10.000611,0.999928,0.005805,-0.010500,-0.000135
1592802928816833,9.999992,3.000544,10.000627,0.999928,0.005811,-0.010489,-0.000153
1592802928865396,10.000074,3.000885,10.000543,0.999928,0.005856,-0.010490,-0.000159
1592802928910143,10.000051,3.000549,10.000422,0.999928,0.005841,-0.010488,-0.000154
1592802928956742,10.000383,3.000864,10.000509,0.999928,0.005851,-0.010502,-0.000168
1592802929004688,10.000140,3.000373,10.000634,0.999928,0.005813,-0.010478,-0.000141
1592802929054129,10.000313,3.000813,10.000567,0.999928,0.005824,-0.010462,-0.000168
1592802929100688,10.000178,3.000847,10.000511,0.999929,0.005817,-0.010436,-0.000154
1592802929146329,10.000036,3.000573,10.000496,0.999929,0.005797,-0.010449,-0.000155
1592802929192279,10.000231,3.000999,10.000617,0.999929,0.005776,-0.010452,-0.000148
1592802929244601,10.000273,3.000520,10.000387,0.999929,0.005781,-0.010446,-0.000144
1592802929288957,10.000473,3.000724,10.000298,0.999928,0.005825,-0.010448,-0.000184
1592802929333703,10.000232,3.000913,10.000532,0.999928,0.005795,-0.010469,-0.000183
1592802929377788,10.000115,3.000515,10.000562,0.999928,0.005794,-0.010473,-0.000153
1592802929422544,10.000087,3.000737,10.000560,0.999928,0.005818,-0.010477,-0.000137
1592802929468359,10.000018,3.000863,10.000609,0.999928,0.005827,-0.010469,-0.000152
1592802929510896,10.000138,3.000508,10.000379,0.999929,0.005807,-0.010444,-0.000137
1592802929553431,10.000028,3.000772,10.000397,0.999928,0.005835,-0.010469,-0.000163
1592802929596197,10.000274,3.000835,10.000321,0.999928,0.005860,-0.010448,-0.000131
1592802929639246,10.000064,3.000481,10.000478,0.999928,0.005841,-0.010462,-0.000086
1592802929680349,10.000180,3.000608,10.000267,0.999929,0.005845,-0.010432,-0.000081
1592802929722491,10.000013,3.000855,10.000348,0.999928,0.005870,-0.010437,-0.000065
1592802929765255,9.999727,3.000952,10.000498,0.999929,0.005836,-0.010414,-0.000041
1592802929812742,9.999867,3.000736,10.000501,0.999929,0.005837,-0.010397,-0.000052
1592802929866159,10.000090,3.001187,10.000337,0.999929,0.005831,-0.010373,-0.000052
1592802929914482,9.999807,3.000606,10.000242,0.999929,0.005825,-0.010392,-0.000035
1592802929963700,9.999852,3.001006,10.000207,0.999929,0.005822,-0.010398,-0.000037
1592802930010113,9.999763,3.000544,10.000362,0.999929,0.005802,-0.010420,-0.000006
1592802930058852,9.999995,3.000858,10.000201,0.999929,0.005827,-0.010437,0.000003
1592802930109899,9.999818,3.000597,10.000403,0.999929,0.005854,-0.010414,-0.000041
1592802930156803,9.999758,3.000887,10.000437,0.999929,0.005829,-0.010413,-0.000048
1592802930204300,9.999736,3.001124,10.000372,0.999929,0.005830,-0.010442,-0.000069
1592802930249065,9.999869,3.000718,10.000408,0.999929,0.005840,-0.010423,-0.000085
1592802930295521,10.000184,3.000899,10.000173,0.999929,0.005840,-0.010398,-0.000087
1592802930340997,10.000193,3.000612,10.000281,0.999929,0.005828,-0.010402,-0.000096
1592802930385700,9.999949,3.000706,10.000426,0.999929,0.005792,-0.010388,-0.000085
1592802930432522,10.000077,3.001042,10.000380,0.999929,0.005781,-0.010393,-0.000076
1592802930478473,10.000111,3.000707,10.000374,0.999929,0.005775,-0.010406,-0.000089
1592802930523541,10.000079,3.000864,10.000388,0.999929,0.005789,-0.010391,-0.000068
1592802930572185,9.999684,3.000419,10.000371,0.999929,0.005760,-0.010420,-0.000076
1592802930620273,9.999639,3.000634,10.000427,0.999929,0.005770,-0.010412,-0.000091
1592802930674540,10.000020,3.000464,10.000272,0.999929,0.005783,-0.010412,-0.000076
1592802930722693,10.000173,3.000760,10.000367,0.999929,0.005779,-0.010405,-0.000073
1592802930777112,9.999881,3.000477,10.000630,0.999929,0.005784,-0.010396,-0.000092
1592802930822540,9.999753,3.000742,10.000711,0.999929,0.005766,-0.010417,-0.000081
1592802930873307,9.999762,3.000473,10.000341,0.999929,0.005782,-0.010415,-0.000080
1592802930914669,9.999779,3.000597,10.000486,0.999929,0.005805,-0.010403,-0.000071
1592802930957621,9.999866,3.000728,10.000650,0.999929,0.005823,-0.010426,-0.000080
1592802931006610,10.000239,3.000648,10.000573,0.999929,0.005823,-0.010434,-0.000126
1592802931056894,10.000431,3.000933,10.000477,0.999928,0.005829,-0.010451,-0.000124
1592802931106802,10.000135,3.000320,10.000297,0.999929,0.005818,-0.010439,-0.000131
1592802931155331,10.000316,3.000687,10.000472,0.999929,0.005801,-0.010422,-0.000122
1592802931203483,10.000113,3.000842,10.000463,0.999929,0.005822,-0.010407,-0.000100
1592802931250825,10.000255,3.000866,10.000400,0.999929,0.005827,-0.010363,-0.000138
1592802931297762,10.000255,3.001020,10.000335,0.999929,0.005832,-0.010362,-0.000131
1592802931345923,9.999999,3.000675,10.000367,0.999929,0.005829,-0.010381,-0.000134
1592802931391503,9.999860,3.000872,10.000346,0.999929,0.005848,-0.010401,-0.000159
1592802931435612,10.000201,3.000676,10.000422,0.999929,0.005847,-0.010412,-0.000178
1592802931484870,10.000338,3.000586,10.000422,0.999929,0.005862,-0.010410,-0.000149
1592802931527608,10.000127,3.000793,10.000462,0.999928,0.005865,-0.010444,-0.000113
1592802931571153,10.000231,3.000587,10.000539,0.999929,0.005851,-0.010416,-0.000136
1592802931615647,10.000065,3.000697,10.000618,0.999929,0.005849,-0.010432,-0.000138
1592802931657559,10.000321,3.000771,10.000487,0.999929,0.005851,-0.010420,-0.000133
1592802931701073,10.000045,3.001152,10.000536,0.999929,0.005828,-0.010408,-0.000116
1592802931745407,10.000206,3.000793,10.000354,0.999929,0.005834,-0.010424,-0.000111
1592802931788768,10.000244,3.000775,10.000499,0.999929,0.005829,-0.010417,-0.000129
1592802931833182,10.000017,3.000720,10.000513,0.999929,0.005808,-0.010444,-0.000117
1592802931876568,10.000188,3.000370,10.000359,0.999929,0.005838,-0.010432,-0.000090
1592802931918841,10.000196,3.000623,10.000381,0.999929,0.005799,-0.010418,-0.000134
1592802931963188,10.000140,3.000922,10.000499,0.999929,0.005804,-0.010397,-0.000115
1592802932009407,10.000007,3.000493,10.000393,0.999929,0.005793,-0.010389,-0.000132
1592802932059962,10.000033,3.000947,10.000443,0.999930,0.005763,-0.010374,-0.000138
1592802932111904,10.000135,3.000556,10.000439,0.999929,0.005793,-0.010389,-0.000145
1592802932158693,9.999997,3.000676,10.000581,0.999929,0.005791,-0.010390,-0.000125
1592802932208641,10.000242,3.000550,10.000546,0.999929,0.005794,-0.010393,-0.000116
1592802932256164,10.000133,3.000699,10.000389,0.999929,0.005779,-0.010381,-0.000119
1592802932303855,10.000450,3.000919,10.000288,0.999929,0.005791,-0.010389,-0.000175
1592802932350116,10.000279,3.000734,10.000344,0.999929,0.005813,-0.010390,-0.000142
1592802932396575,10.000078,3.000837,10.000363,0.999929,0.005840,-0.010418,-0.000146
1592802932441287,10.000325,3.000492,10.000516,0.999929,0.005852,-0.010425,-0.000153
1592802932486694,10.000475,3.000519,10.000438,0.999929,0.005862,-0.010417,-0.000135
1592802932532994,10.000425,3.000873,10.000472,0.999929,0.005854,-0.010421,-0.000128
1592802932578651,10.000033,3.000435,10.000507,0.999929,0.005836,-0.010406,-0.000143
1592802932622835,9.999957,3.000679,10.000657,0.999929,0.005842,-0.010375,-0.000142
1592802932668876,10.000446,3.001092,10.000350,0.999929,0.005863,-0.010360,-0.000179
1592802932716002,10.000267,3.000791,10.000442,0.999929,0.005834,-0.010374,-0.000183
1592802932766949,10.000242,3.000990,10.000317,0.999929,0.005836,-0.010382,-0.000178
1592802932816326,10.000158,3.000563,10.000448,0.999929,0.005821,-0.010405,-0.000173
1592802932865168,10.000183,3.000927,10.000387,0.999929,0.005829,-0.010406,-0.000147
1592802932913269,10.000012,3.000563,10.000630,0.999929,0.005804,-0.010401,-0.000143
1592802932962844,9.999911,3.000832,10.000632,0.999929,0.005829,-0.010405,-0.000135
1592802933014558,10.000084,3.000715,10.000495,0.999929,0.005803,-0.010398,-0.000141
1592802933065415,10.000408,3.000804,10.000504,0.999929,0.005804,-0.010392,-0.000141
1592802933113340,10.000088,3.000322,10.000388,0.999929,0.005806,-0.010373,-0.000146
1592802933162309,10.000111,3.000805,10.000288,0.999930,0.005776,-0.010353,-0.000157
1592802933209057,10.000037,3.000593,10.000369,0.999929,0.005793,-0.010379,-0.000150
1592802933254536,9.999998,3.000633,10.000484,0.999929,0.005776,-0.010390,-0.000140
1592802933302797,10.000257,3.000954,10.000504,0.999929,0.005814,-0.010397,-0.000137
1592802933349184,10.000025,3.000541,10.000547,0.999929,0.005772,-0.010407,-0.000124
1592802933394909,10.000097,3.000727,10.000619,0.999929,0.005760,-0.010400,-0.000092
1592802933440081,10.000041,3.000379,10.000389,0.999930,0.005748,-0.010375,-0.000089
1592802933484854,10.000134,3.000587,10.000208,0.999930,0.005774,-0.010362,-0.000088
1592802933535113,9.999991,3.000870,10.000397,0.999929,0.005797,-0.010395,-0.000096
1592802933582921,10.000149,3.000707,10.000299,0.999929,0.005808,-0.010425,-0.000107
1592802933639106,9.999986,3.000381,10.000284,0.999929,0.005801,-0.010397,-0.000078
1592802933688988,9.999997,3.000538,10.000222,0.999929,0.005809,-0.010382,-0.000064
1592802933743568,9.999715,3.000562,10.000450,0.999929,0.005834,-0.010413,-0.000047
1592802933793890,9.999917,3.001088,10.000270,0.999929,0.005829,-0.010388,-0.000062
1592802933842854,10.000026,3.000555,10.000430,0.999929,0.005822,-0.010399,-0.000070
1592802933888741,9.999982,3.000668,10.000339,0.999929,0.005829,-0.010390,-0.000079
1592802933943953,10.000234,3.000678,10.000544,0.999929,0.005823,-0.010379,-0.000097
1592802933989866,9.999976,3.000646,10.000663,0.999929,0.005843,-0.010408,-0.000094
1592802934043020,9.999893,3.000391,10.000422,0.999929,0.005802,-0.010416,-0.000089
1592802934091888,10.000214,3.000751,10.000419,0.999929,0.005819,-0.010405,-0.000069
1592802934142748,10.000166,3.000513,10.000433,0.999929,0.005823,-0.010424,-0.000118
1592802934190245,10.000190,3.000742,10.000590,0.999929,0.005826,-0.010415,-0.000115
1592802934238076,10.000085,3.000403,10.000485,0.999929,0.005838,-0.010427,-0.000112
1592802934283572,10.000299,3.000548,10.000182,0.999929,0.005840,-0.010409,-0.000113
1592802934329210,10.000156,3.000722,10.000197,0.999929,0.005837,-0.010376,-0.000125
1592802934375502,10.000116,3.000597,10.000418,0.999929,0.005822,-0.010403,-0.000156
1592802934419329,10.000135,3.000691,10.000392,0.999929,0.005825,-0.010360,-0.000141
1592802934464121,9.999991,3.000767,10.000661,0.999929,0.005800,-0.010368,-0.000146
1592802934508970,10.000237,3.000547,10.000501,0.999930,0.005818,-0.010338,-0.000141
1592802934552157,10.000175,3.000590,10.000437,0.999930,0.005835,-0.010331,-0.000126
1592802934594670,10.000206,3.000932,10.000607,0.999930,0.005832,-0.010322,-0.000140
1592802934636622,10.000131,3.000895,10.000429,0.999930,0.005821,-0.010343,-0.000135
1592802934679716,10.000125,3.000597,10.000305,0.999930,0.005809,-0.010346,-0.000089
1592802934722869,9.999899,3.000687,10.000387,0.999930,0.005816,-0.010352,-0.000078
1592802934765617,10.000016,3.000916,10.000330,0.999929,0.005823,-0.010353,-0.000073
1592802934809668,9.999942,3.000499,10.000496,0.999929,0.005832,-0.010385,-0.000078
1592802934852389,10.000275,3.000579,10.000294,0.999929,0.005824,-0.010364,-0.000107
1592802934895641,10.000207,3.000577,10.000305,0.999929,0.005837,-0.010348,-0.000089
1592802934939934,9.999947,3.000522,10.000529,0.999929,0.005854,-0.010386,-0.000084
1592802934983903,9.999782,3.000635,10.000511,0.999929,0.005831,-0.010402,-0.000086
1592802935030698,9.999897,3.000936,10.000453,0.999929,0.005855,-0.010412,-0.000071
1592802935091187,10.000303,3.000632,10.000344,0.999929,0.005861,-0.010403,-0.000099
1592802935142689,9.999946,3.000447,10.000505,0.999929,0.005838,-0.010397,-0.000118
1592802935191531,10.000066,3.000530,10.000422,0.999929,0.005836,-0.010373,-0.000088
1592802935237247,10.000064,3.000502,10.000485,0.999929,0.005822,-0.010375,-0.000088
1592802935284491,10.000308,3.000705,10.000202,0.999929,0.005846,-0.010366,-0.000110
1592802935329952,10.000320,3.001007,10.000359,0.999929,0.005848,-0.010385,-0.000129
1592802935382537,10.000264,3.000609,10.000587,0.999929,0.005823,-0.010382,-0.000119
1592802935427381,9.999954,3.000843,10.000489,0.999929,0.005836,-0.010405,-0.000132
1592802935473526,10.000034,3.000481,10.000441,0.999929,0.005817,-0.010435,-0.000143
1592802935517170,10.000041,3.000580,10.000519,0.999929,0.005833,-0.010416,-0.000113
1592802935560061,10.000217,3.000780,10.000581,0.999929,0.005806,-0.010383,-0.000136
1592802935603394,10.000246,3.001017,10.000689,0.999929,0.005809,-0.010396,-0.000145
1592802935648246,10.000251,3.000537,10.000518,0.999929,0.005810,-0.010379,-0.000178
1592802935689541,10.000150,3.000568,10.000510,0.999929,0.005821,-0.010389,-0.000174
1592802935730613,10.000062,3.000662,10.000654,0.999929,0.005807,-0.010374,-0.000167
1592802935774477,10.000201,3.000381,10.000562,0.999929,0.005788,-0.010394,-0.000167
1592802935820049,10.000175,3.000529,10.000475,0.999929,0.005776,-0.010411,-0.000174
1592802935864248,10.000075,3.000666,10.000642,0.999929,0.005758,-0.010417,-0.000175
1592802935908052,10.000107,3.000281,10.000513,0.999929,0.005765,-0.010406,-0.000145
1592802935949631,10.000134,3.000442,10.000342,0.999929,0.005776,-0.010424,-0.000148
1592802935991580,10.000352,3.000499,10.000213,0.999929,0.005805,-0.010442,-0.000154
1592802936041841,10.000347,3.000433,10.000570,0.999929,0.005801,-0.010456,-0.000146
1592802936095911,10.000165,3.000683,10.000531,0.999929,0.005791,-0.010465,-0.000159
1592802936147938,10.000492,3.000531,10.000435,0.999929,0.005792,-0.010435,-0.000170
1592802936198075,10.000222,3.000610,10.000565,0.999929,0.005780,-0.010422,-0.000154
1592802936249063,10.000324,3.000497,10.000439,0.999929,0.005809,-0.010435,-0.000182
1592802936303088,10.000381,3.000876,10.000449,0.999928,0.005798,-0.010469,-0.000204
1592802936363837,10.000498,3.000665,10.000648,0.999928,0.005808,-0.010457,-0.000221
1592802936417256,10.000342,3.000431,10.000698,0.999929,0.005778,-0.010415,-0.000217
1592802936464116,10.000497,3.000709,10.000574,0.999929,0.005788,-0.010427,-0.000176
1592802936510937,10.000465,3.000501,10.000414,0.999930,0.005773,-0.010379,-0.000202
1592802936558206,10.000420,3.000458,10.000294,0.999929,0.005799,-0.010409,-0.000201
1592802936606622,10.000057,3.000367,10.000598,0.999929,0.005794,-0.010418,-0.000217
1592802936651967,10.000106,3.000472,10.000567,0.999929,0.005790,-0.010417,-0.000182
1592802936695740,10.000392,3.000579,10.000548,0.999929,0.005784,-0.010405,-0.000205
1592802936740518,10.000404,3.000378,10.000608,0.999929,0.005799,-0.010407,-0.000228
1592802936783310,10.000470,3.000538,10.000546,0.999929,0.005816,-0.010413,-0.000222
1592802936825599,10.000443,3.000597,10.000491,0.999929,0.005803,-0.010404,-0.000213
1592802936871623,10.000120,3.000280,10.000496,0.999929,0.005808,-0.010407,-0.000156
1592802936914517,10.000068,3.000341,10.000577,0.999929,0.005778,-0.010403,-0.000150
1592802936958172,10.000428,3.000627,10.000470,0.999929,0.005811,-0.010384,-0.000181
1592802937002071,10.000403,3.000886,10.000546,0.999929,0.005815,-0.010368,-0.000181
1592802937051481,10.000069,3.000630,10.000543,0.999929,0.005819,-0.010373,-0.000158
1592802937100814,10.000175,3.001024,10.000562,0.999929,0.005799,-0.010367,-0.000164
1592802937150446,10.000227,3.000610,10.000644,0.999930,0.005806,-0.010350,-0.000137
1592802937199014,10.000332,3.000696,10.000295,0.999929,0.005817,-0.010361,-0.000134
1592802937246458,10.000013,3.000575,10.000543,0.999929,0.005826,-0.010381,-0.000147
1592802937292028,9.999946,3.000592,10.000586,0.999929,0.005819,-0.010397,-0.000148
1592802937340186,10.000147,3.000425,10.000443,0.999929,0.005816,-0.010383,-0.000133
1592802937387142,10.000081,3.000577,10.000454,0.999929,0.005819,-0.010395,-0.000144
1592802937431744,10.000228,3.000798,10.000491,0.999929,0.005823,-0.010380,-0.000137
1592802937477740,10.000392,3.000280,10.000512,0.999929,0.005833,-0.010372,-0.000135
1592802937524939,10.000142,3.000585,10.000482,0.999929,0.005838,-0.010395,-0.000136
1592802937569930,9.999942,3.000348,10.000553,0.999929,0.005792,-0.010374,-0.000111
1592802937612784,10.000026,3.000535,10.000578,0.999929,0.005813,-0.010380,-0.000119
1592802937655725,9.999931,3.000573,10.000614,0.999930,0.005799,-0.010355,-0.000090
1592802937699638,10.000132,3.000854,10.000434,0.999930,0.005790,-0.010367,-0.000116
1592802937743122,10.000391,3.000364,10.000227,0.999930,0.005787,-0.010372,-0.000105
1592802937787251,10.000345,3.000522,10.000435,0.999930,0.005782,-0.010353,-0.000115
1592802937828852,10.000258,3.000733,10.000452,0.999930,0.005783,-0.010353,-0.000122
1592802937872341,10.000132,3.000399,10.000432,0.999930,0.005767,-0.010361,-0.000126
1592802937913801,9.999931,3.000361,10.000465,0.999930,0.005767,-0.010378,-0.000103
1592802937956209,9.999813,3.000513,10.000448,0.999930,0.005734,-0.010367,-0.000110
1592802937999370,10.000177,3.000743,10.000388,0.999930,0.005763,-0.010372,-0.000121
1592802938048207,9.999969,3.000372,10.000602,0.999930,0.005747,-0.010386,-0.000136
1592802938098110,9.999913,3.000619,10.000632,0.999930,0.005739,-0.010376,-0.000118
1592802938147375,10.000242,3.000424,10.000389,0.999930,0.005728,-0.010357,-0.000114
1592802938195929,10.000043,3.000597,10.000535,0.999930,0.005737,-0.010355,-0.000113
1592802938245050,9.999979,3.000373,10.000740,0.999930,0.005750,-0.010349,-0.000117
1592802938291958,10.000164,3.000615,10.000645,0.999930,0.005741,-0.010313,-0.000112
1592802938338908,9.999910,3.000327,10.000490,0.999930,0.005741,-0.010336,-0.000104
1592802938382167,10.000088,3.000459,10.000418,0.999930,0.005754,-0.010335,-0.000113
1592802938426107,10.000203,3.000706,10.000434,0.999930,0.005738,-0.010327,-0.000118
1592802938474218,9.999973,3.000338,10.000502,0.999929,0.005766,-0.010397,-0.000125
1592802938518006,10.000112,3.000493,10.000518,0.999929,0.005765,-0.010396,-0.000122
1592802938562225,9.999984,3.000283,10.000065,0.999929,0.005761,-0.010398,-0.000109
1592802938607998,10.000196,3.000307,10.000507,0.999929,0.005780,-0.010377,-0.000119
1592802938651250,10.000076,3.000459,10.000470,0.999929,0.005759,-0.010395,-0.000110
1592802938693845,10.000189,3.000753,10.000511,0.999929,0.005770,-0.010401,-0.000112
1592802938742510,10.000056,3.000453,10.000581,0.999930,0.005754,-0.010384,-0.000091
1592802938787289,9.999919,3.000445,10.000738,0.999930,0.005742,-0.010392,-0.000085
1592802938835170,10.000213,3.000583,10.000374,0.999930,0.005747,-0.010378,-0.000099
1592802938877687,10.000167,3.000354,10.000512,0.999929,0.005778,-0.010385,-0.000110
1592802938920271,10.000165,3.000473,10.000514,0.999930,0.005776,-0.010365,-0.000132
1592802938960996,10.000096,3.000563,10.000516,0.999930,0.005772,-0.010376,-0.000096
1592802939004469,10.000007,3.000395,10.000593,0.999930,0.005768,-0.010374,-0.000105
1592802939056087,10.000113,3.000631,10.000457,0.999929,0.005759,-0.010403,-0.000109
1592802939106850,10.000294,3.000285,10.000413,0.999930,0.005758,-0.010386,-0.000137
1592802939152771,10.000069,3.000373,10.000566,0.999929,0.005751,-0.010422,-0.000149
1592802939199999,10.000140,3.000665,10.000653,0.999929,0.005767,-0.010433,-0.000136
1592802939244424,10.000256,3.000355,10.000583,0.999929,0.005782,-0.010376,-0.000132
1592802939289909,10.000391,3.000448,10.000395,0.999929,0.005801,-0.010376,-0.000123
1592802939335118,10.000182,3.000716,10.000603,0.999929,0.005830,-0.010345,-0.000118
1592802939382478,10.000016,3.000541,10.000497,0.999929,0.005813,-0.010362,-0.000093
1592802939426497,10.000269,3.000619,10.000479,0.999930,0.005799,-0.010356,-0.000133
1592802939474128,10.000181,3.000544,10.000444,0.999930,0.005790,-0.010367,-0.000100
1592802939518869,10.000002,3.000544,10.000503,0.999929,0.005810,-0.010375,-0.000122
1592802939564003,9.999871,3.000607,10.000484,0.999930,0.005777,-0.010342,-0.000127
1592802939610330,10.000172,3.000513,10.000539,0.999930,0.005790,-0.010362,-0.000147
1592802939651778,10.000264,3.000529,10.000398,0.999930,0.005814,-0.010352,-0.000129
1592802939691402,10.000223,3.000659,10.000528,0.999929,0.005807,-0.010376,-0.000147
1592802939733088,9.999983,3.000753,10.000602,0.999930,0.005768,-0.010364,-0.000139
1592802939774580,10.000316,3.000307,10.000432,0.999930,0.005793,-0.010361,-0.000160
1592802939816366,10.000330,3.000518,10.000528,0.999930,0.005778,-0.010337,-0.000158
1592802939855379,10.000200,3.000632,10.000381,0.999930,0.005785,-0.010352,-0.000138
1592802939894778,9.999923,3.000649,10.000577,0.999930,0.005777,-0.010362,-0.000170
1592802939936371,9.999844,3.000732,10.000772,0.999930,0.005776,-0.010355,-0.000173
1592802939977561,10.000274,3.000495,10.000685,0.999930,0.005789,-0.010356,-0.000133
1592802940017395,10.000327,3.000532,10.000690,0.999930,0.005801,-0.010342,-0.000149
1592802940057371,10.000141,3.000551,10.000462,0.999930,0.005781,-0.010342,-0.000119
1592802940096993,10.000214,3.000733,10.000338,0.999930,0.005760,-0.010368,-0.000120
1592802940139895,10.000220,3.000459,10.000320,0.999929,0.005785,-0.010399,-0.000112
1592802940190876,10.000013,3.000472,10.000504,0.999929,0.005785,-0.010395,-0.000077
1592802940240998,9.999990,3.000401,10.000493,0.999930,0.005764,-0.010378,-0.000114
1592802940292145,9.999855,3.000593,10.000530,0.999929,0.005781,-0.010378,-0.000124
1592802940340453,10.000094,3.000366,10.000601,0.999930,0.005791,-0.010361,-0.000113
1592802940391434,9.999960,3.000603,10.000731,0.999929,0.005808,-0.010382,-0.000092
1592802940434475,10.000122,3.000833,10.000798,0.999930,0.005786,-0.010356,-0.000072
1592802940486199,10.000100,3.000443,10.000360,0.999930,0.005775,-0.010336,-0.000051
1592802940528105,10.000047,3.000587,10.000405,0.999930,0.005756,-0.010322,-0.000059
1592802940569251,10.000158,3.000947,10.000210,0.999930,0.005763,-0.010305,-0.000080
1592802940609009,9.999907,3.000267,10.000403,0.999930,0.005750,-0.010353,-0.000074
1592802940648720,10.000197,3.000351,10.000447,0.999930,0.005760,-0.010339,-0.000102
1592802940688289,10.000214,3.000529,10.000454,0.999930,0.005763,-0.010344,-0.000134
1592802940727336,10.000263,3.000649,10.000510,0.999930,0.005768,-0.010375,-0.000126
1592802940767200,10.000285,3.000650,10.000520,0.999930,0.005758,-0.010357,-0.000121
1592802940809234,10.000213,3.000352,10.000472,0.999929,0.005805,-0.010377,-0.000107
1592802940851557,10.000326,3.000485,10.000488,0.999929,0.005804,-0.010377,-0.000119
1592802940893646,10.000371,3.000402,10.000330,0.999929,0.005787,-0.010383,-0.000097
1592802940934444,10.000214,3.000787,10.000589,0.999929,0.005822,-0.010390,-0.000106
1592802940973566,10.000156,3.000453,10.000548,0.999929,0.005810,-0.010389,-0.000136
1592802941013958,10.000212,3.000568,10.000565,0.999929,0.005819,-0.010387,-0.000126
1592802941064374,10.000013,3.000523,10.000531,0.999929,0.005798,-0.010369,-0.000118
1592802941113200,10.000278,3.000473,10.000600,0.999930,0.005807,-0.010324,-0.000138
1592802941161349,10.000366,3.000834,10.000442,0.999930,0.005780,-0.010328,-0.000122
1592802941211205,10.000088,3.000407,10.000502,0.999930,0.005741,-0.010313,-0.000125
1592802941260208,9.999988,3.000623,10.000560,0.999931,0.005725,-0.010302,-0.000103
1592802941310731,10.000049,3.000237,10.000443,0.999931,0.005749,-0.010295,-0.000117
1592802941357793,10.000067,3.000535,10.000554,0.999931,0.005750,-0.010299,-0.000111
1592802941404637,10.000121,3.000633,10.000397,0.999930,0.005775,-0.010305,-0.000128
1592802941449903,10.000208,3.000569,10.000660,0.999930,0.005772,-0.010331,-0.000140
1592802941494284,10.000181,3.000632,10.000482,0.999930,0.005804,-0.010325,-0.000141
1592802941540697,10.000249,3.000545,10.000430,0.999930,0.005808,-0.010327,-0.000131
1592802941585136,10.000293,3.000690,10.000409,0.999930,0.005821,-0.010333,-0.000118
1592802941628742,10.000112,3.000735,10.000524,0.999930,0.005813,-0.010314,-0.000142
1592802941672603,10.000195,3.000525,10.000469,0.999929,0.005841,-0.010361,-0.000123
1592802941715945,10.000265,3.000516,10.000661,0.999930,0.005817,-0.010347,-0.000145
1592802941759582,10.000311,3.000699,10.000618,0.999929,0.005814,-0.010357,-0.000155
1592802941804170,10.000374,3.000650,10.000522,0.999930,0.005805,-0.010348,-0.000150
1592802941846057,10.000262,3.000510,10.000747,0.999929,0.005790,-0.010372,-0.000165
1592802941887512,10.000043,3.000417,10.000651,0.999929,0.005782,-0.010387,-0.000159
1592802941929771,10.000404,3.000553,10.000505,0.999929,0.005770,-0.010386,-0.000153
1592802941973894,10.000216,3.000253,10.000434,0.999930,0.005736,-0.010355,-0.000129
1592802942019325,10.000178,3.000425,10.000637,0.999930,0.005738,-0.010361,-0.000157
1592802942070895,10.000037,3.000262,10.000594,0.999930,0.005786,-0.010362,-0.000143
1592802942120916,9.999975,3.000481,10.000613,0.999930,0.005781,-0.010330,-0.000145
1592802942170223,10.000203,3.000430,10.000461,0.999930,0.005795,-0.010346,-0.000181
1592802942216655,10.000512,3.000561,10.000358,0.999930,0.005816,-0.010340,-0.000180
1592802942262375,10.000525,3.000635,10.000419,0.999930,0.005818,-0.010343,-0.000164
1592802942309474,10.000539,3.000356,10.000568,0.999930,0.005807,-0.010331,-0.000156
1592802942354819,10.000347,3.000673,10.000585,0.999929,0.005803,-0.010370,-0.000189
1592802942400818,10.000095,3.000675,10.000680,0.999930,0.005816,-0.010347,-0.000203
1592802942448959,10.000427,3.000285,10.000519,0.999929,0.005837,-0.010351,-0.000177
1592802942503535,10.000478,3.000769,10.000631,0.999930,0.005809,-0.010321,-0.000190
1592802942549939,10.000213,3.000511,10.000500,0.999930,0.005822,-0.010329,-0.000165
1592802942602947,10.000055,3.000719,10.000489,0.999930,0.005830,-0.010335,-0.000147
1592802942649624,10.000319,3.000769,10.000469,0.999930,0.005804,-0.010330,-0.000161
1592802942701839,10.000256,3.000870,10.000628,0.999930,0.005817,-0.010335,-0.000144
1592802942751934,10.000231,3.000606,10.000566,0.999930,0.005805,-0.010341,-0.000147
1592802942803949,10.000048,3.000647,10.000608,0.999930,0.005783,-0.010307,-0.000158
1592802942852006,10.000526,3.000595,10.000355,0.999930,0.005804,-0.010323,-0.000179
1592802942906311,10.000249,3.000308,10.000645,0.999930,0.005780,-0.010328,-0.000141
1592802942951719,10.000010,3.000429,10.000663,0.999930,0.005781,-0.010347,-0.000148
1592802943001450,9.999830,3.000677,10.000607,0.999930,0.005763,-0.010340,-0.000122
1592802943054918,10.000215,3.000562,10.000568,0.999930,0.005758,-0.010355,-0.000127
1592802943116742,9.999973,3.000314,10.000464,0.999930,0.005763,-0.010360,-0.000099
1592802943169548,10.000172,3.000318,10.000346,0.999930,0.005774,-0.010362,-0.000109
1592802943216005,10.000064,3.000507,10.000307,0.999929,0.005778,-0.010384,-0.000092
1592802943259817,10.000142,3.000668,10.000570,0.999929,0.005778,-0.010386,-0.000109
1592802943304038,10.000199,3.000364,10.000687,0.999930,0.005758,-0.010371,-0.000145
1592802943347400,10.000257,3.000448,10.000532,0.999930,0.005764,-0.010368,-0.000157
1592802943389978,10.000106,3.000448,10.000525,0.999930,0.005760,-0.010365,-0.000157
1592802943431768,10.000240,3.000672,10.000576,0.999929,0.005763,-0.010394,-0.000154
1592802943476991,10.000279,3.000360,10.000709,0.999930,0.005771,-0.010377,-0.000134
1592802943521876,10.000347,3.000578,10.000566,0.999930,0.005762,-0.010362,-0.000149
1592802943566250,10.000172,3.000382,10.000573,0.999930,0.005752,-0.010365,-0.000155
1592802943610363,10.000305,3.000338,10.000509,0.999929,0.005785,-0.010374,-0.000162
1592802943653182,10.000309,3.000512,10.000683,0.999929,0.005784,-0.010390,-0.000172
1592802943696186,10.000292,3.000650,10.000794,0.999930,0.005752,-0.010376,-0.000153
1592802943740611,10.000353,3.000279,10.000510,0.999930,0.005763,-0.010352,-0.000151
1592802943784117,10.000113,3.000339,10.000462,0.999930,0.005732,-0.010355,-0.000135
1592802943826088,10.000113,3.000542,10.000442,0.999930,0.005749,-0.010363,-0.000144
1592802943867406,10.000169,3.000510,10.000480,0.999930,0.005742,-0.010368,-0.000147
1592802943911239,10.000367,3.000274,10.000474,0.999930,0.005766,-0.010361,-0.000175
1592802943953148,10.000392,3.000410,10.000575,0.999930,0.005769,-0.010349,-0.000178
1592802943994810,10.000364,3.000630,10.000607,0.999930,0.005743,-0.010352,-0.000184
1592802944045183,10.000376,3.000336,10.000468,0.999930,0.005755,-0.010369,-0.000173
1592802944094341,10.000369,3.000486,10.000648,0.999930,0.005756,-0.010360,-0.000183
1592802944147149,10.000450,3.000302,10.000543,0.999930,0.005757,-0.010316,-0.000174
1592802944193880,10.000116,3.000463,10.000633,0.999931,0.005728,-0.010298,-0.000152
1592802944243107,10.000221,3.000370,10.000466,0.999931,0.005731,-0.010296,-0.000159
1592802944290559,10.000287,3.000498,10.000607,0.999930,0.005755,-0.010313,-0.000191
1592802944338135,10.000365,3.000304,10.000605,0.999930,0.005763,-0.010295,-0.000176
1592802944386206,10.000369,3.000499,10.000653,0.999931,0.005723,-0.010285,-0.000141
1592802944432455,10.000313,3.000720,10.000535,0.999931,0.005708,-0.010271,-0.000116
1592802944489288,10.000241,3.000473,10.000507,0.999931,0.005724,-0.010273,-0.000126
1592802944534030,10.000261,3.000629,10.000324,0.999931,0.005726,-0.010272,-0.000101
1592802944580130,10.000331,3.000395,10.000382,0.999931,0.005742,-0.010284,-0.000121
1592802944625465,10.000256,3.000473,10.000531,0.999931,0.005750,-0.010281,-0.000129
1592802944671003,10.000168,3.000773,10.000443,0.999930,0.005753,-0.010309,-0.000157
1592802944717426,10.000167,3.000531,10.000692,0.999930,0.005777,-0.010320,-0.000148
1592802944764510,10.000468,3.000654,10.000418,0.999930,0.005761,-0.010301,-0.000137
1592802944815845,10.000148,3.000362,10.000445,0.999931,0.005738,-0.010304,-0.000103
1592802944865195,10.000047,3.000593,10.000546,0.999931,0.005738,-0.010292,-0.000093
1592802944915880,9.999979,3.000467,10.000556,0.999930,0.005761,-0.010298,-0.000121
1592802944963442,10.000046,3.000751,10.000458,0.999930,0.005766,-0.010305,-0.000144
1592802945013960,9.999908,3.000440,10.000640,0.999930,0.005763,-0.010309,-0.000107
1592802945067068,10.000056,3.000837,10.000603,0.999930,0.005775,-0.010324,-0.000111
1592802945126737,10.000197,3.000694,10.000422,0.999931,0.005767,-0.010291,-0.000102
1592802945178226,10.000335,3.000378,10.000368,0.999931,0.005749,-0.010290,-0.000087
1592802945233460,10.000199,3.000674,10.000533,0.999930,0.005766,-0.010295,-0.000116
1592802945290107,10.000079,3.000618,10.000449,0.999930,0.005772,-0.010311,-0.000151
1592802945336727,10.000415,3.000392,10.000499,0.999930,0.005768,-0.010309,-0.000143
1592802945390191,10.000245,3.000642,10.000682,0.999930,0.005769,-0.010310,-0.000144
1592802945437648,10.000394,3.000385,10.000472,0.999931,0.005783,-0.010273,-0.000100
1592802945491847,9.999949,3.000463,10.000495,0.999930,0.005805,-0.010325,-0.000082
1592802945537977,10.000130,3.000521,10.000427,0.999930,0.005801,-0.010310,-0.000100
1592802945592264,10.000045,3.000753,10.000432,0.999930,0.005809,-0.010280,-0.000099
1592802945637049,10.000084,3.000422,10.000566,0.999930,0.005794,-0.010276,-0.000117
1592802945684813,10.000091,3.000578,10.000489,0.999930,0.005795,-0.010282,-0.000131
1592802945734925,9.999900,3.000661,10.000465,0.999930,0.005812,-0.010298,-0.000107
1592802945782776,10.000062,3.000482,10.000608,0.999930,0.005845,-0.010307,-0.000132
1592802945833727,10.000064,3.000804,10.000329,0.999930,0.005823,-0.010294,-0.000135
1592802945882095,10.000352,3.000627,10.000518,0.999930,0.005818,-0.010306,-0.000129
1592802945933934,10.000290,3.000922,10.000638,0.999930,0.005800,-0.010317,-0.000155
1592802945977966,10.000453,3.000391,10.000364,0.999930,0.005810,-0.010309,-0.000136
1592802946028769,10.000355,3.000601,10.000607,0.999930,0.005786,-0.010323,-0.000143
1592802946077366,10.000221,3.000446,10.000615,0.999930,0.005771,-0.010327,-0.000118
1592802946125190,10.000130,3.000460,10.000577,0.999930,0.005772,-0.010325,-0.000118
1592802946172289,10.000148,3.000418,10.000517,0.999930,0.005783,-0.010343,-0.000139
1592802946219751,10.000255,3.000565,10.000514,0.999930,0.005782,-0.010373,-0.000157
1592802946270004,10.000281,3.000685,10.000486,0.999930,0.005787,-0.010366,-0.000127
1592802946318890,10.000455,3.000390,10.000468,0.999929,0.005804,-0.010375,-0.000150
1592802946366301,10.000332,3.000679,10.000597,0.999929,0.005795,-0.010403,-0.000159
1592802946414570,10.000123,3.000240,10.000725,0.999929,0.005790,-0.010394,-0.000154
1592802946458295,9.999998,3.000372,10.000697,0.999930,0.005751,-0.010372,-0.000179
1592802946502235,10.000306,3.000613,10.000558,0.999930,0.005746,-0.010377,-0.000153
1592802946545204,10.000209,3.000272,10.000575,0.999930,0.005743,-0.010383,-0.000122
1592802946587375,10.000212,3.000430,10.000609,0.999930,0.005744,-0.010364,-0.000118
1592802946631698,10.000388,3.000472,10.000507,0.999930,0.005764,-0.010353,-0.000128
1592802946678140,10.000344,3.000315,10.000561,0.999930,0.005777,-0.010367,-0.000130
1592802946723145,10.000256,3.000499,10.000631,0.999930,0.005761,-0.010357,-0.000132
1592802946766969,9.999953,3.000511,10.000539,0.999930,0.005749,-0.010378,-0.000143
1592802946811432,10.000435,3.000288,10.000545,0.999930,0.005775,-0.010367,-0.000135
1592802946856292,10.000229,3.000429,10.000748,0.999930,0.005781,-0.010360,-0.000148
1592802946901470,10.000042,3.000530,10.000706,0.999930,0.005778,-0.010363,-0.000153
1592802946944609,10.000310,3.000422,10.000646,0.999930,0.005776,-0.010342,-0.000155
1592802946987340,10.000351,3.000546,10.000526,0.999930,0.005757,-0.010331,-0.000169
1592802947035682,10.000257,3.000204,10.000569,0.999930,0.005755,-0.010338,-0.000157
1592802947086454,10.000265,3.000435,10.000575,0.999930,0.005787,-0.010344,-0.000188
1592802947135648,10.000374,3.000298,10.000595,0.999930,0.005771,-0.010355,-0.000170
1592802947186050,10.000619,3.000422,10.000422,0.999930,0.005753,-0.010356,-0.000177
1592802947234644,10.000423,3.000236,10.000621,0.999930,0.005759,-0.010341,-0.000171
1592802947283108,10.000259,3.000423,10.000793,0.999930,0.005755,-0.010359,-0.000177
1592802947329623,10.000295,3.000585,10.000714,0.999930,0.005753,-0.010366,-0.000187
1592802947375826,10.000306,3.000376,10.000710,0.999930,0.005753,-0.010356,-0.000196
1592802947420696,10.000381,3.000293,10.000752,0.999930,0.005744,-0.010368,-0.000205
1592802947463767,10.000360,3.000423,10.000781,0.999930,0.005751,-0.010368,-0.000216
1592802947509518,10.000334,3.000344,10.000780,0.999930,0.005753,-0.010347,-0.000217
1592802947552785,10.000418,3.000360,10.000751,0.999930,0.005764,-0.010331,-0.000190
1592802947596193,10.000436,3.000604,10.000648,0.999930,0.005754,-0.010308,-0.000192
1592802947638923,10.000573,3.000327,10.000360,0.999931,0.005752,-0.010279,-0.000185
1592802947683983,10.000588,3.000335,10.000448,0.999930,0.005761,-0.010315,-0.000214
1592802947731094,10.000432,3.000521,10.000643,0.999931,0.005752,-0.010279,-0.000201
1592802947774051,10.000427,3.000443,10.000576,0.999931,0.005758,-0.010275,-0.000182
1592802947816285,10.000303,3.000522,10.000676,0.999931,0.005742,-0.010257,-0.000185
1592802947857790,10.000214,3.000632,10.000647,0.999931,0.005733,-0.010262,-0.000145
1592802947900016,10.000214,3.000707,10.000587,0.999931,0.005731,-0.010293,-0.000157
1592802947940925,10.000259,3.000366,10.000525,0.999931,0.005728,-0.010271,-0.000163
1592802947982352,10.000323,3.000356,10.000496,0.999931,0.005730,-0.010295,-0.000153
1592802948026864,10.000216,3.000420,10.000329,0.999930,0.005741,-0.010311,-0.000169
1592802948076405,10.000146,3.000171,10.000507,0.999931,0.005707,-0.010314,-0.000147
1592802948126681,10.000181,3.000381,10.000511,0.999931,0.005702,-0.010321,-0.000170
1592802948177016,10.000092,3.000198,10.000510,0.999930,0.005718,-0.010332,-0.000134
1592802948227697,10.000010,3.000331,10.000616,0.999931,0.005699,-0.010321,-0.000120
1592802948275863,10.000212,3.000070,10.000422,0.999930,0.005739,-0.010332,-0.000115
1592802948321787,10.000211,3.000381,10.000499,0.999930,0.005740,-0.010327,-0.000104
1592802948366770,10.000128,3.000679,10.000554,0.999930,0.005714,-0.010337,-0.000118
1592802948411039,10.000095,3.000318,10.000419,0.999930,0.005719,-0.010330,-0.000117
1592802948454721,9.999968,3.000299,10.000737,0.999930,0.005726,-0.010315,-0.000126
1592802948498499,10.000044,3.000547,10.000595,0.999931,0.005707,-0.010308,-0.000105
1592802948544865,9.999933,3.000348,10.000570,0.999931,0.005724,-0.010308,-0.000078
1592802948588358,10.000083,3.000460,10.000542,0.999931,0.005717,-0.010301,-0.000070
1592802948630850,9.999856,3.000517,10.000542,0.999931,0.005716,-0.010312,-0.000070
1592802948675539,10.000017,3.000393,10.000491,0.999931,0.005733,-0.010301,-0.000068
1592802948718782,10.000344,3.000535,10.000385,0.999931,0.005740,-0.010294,-0.000072
1592802948760156,10.000268,3.000511,10.000286,0.999931,0.005711,-0.010291,-0.000066
1592802948805083,9.999939,3.000209,10.000472,0.999931,0.005728,-0.010293,-0.000074
1592802948848814,10.000072,3.000248,10.000235,0.999931,0.005738,-0.010297,-0.000060
1592802948889781,10.000079,3.000134,10.000373,0.999931,0.005742,-0.010288,-0.000061
1592802948931855,10.000084,3.000573,10.000581,0.999931,0.005752,-0.010291,-0.000064
1592802948973525,9.999872,3.000359,10.000547,0.999931,0.005738,-0.010272,-0.000073
1592802949018628,10.000021,3.000582,10.000435,0.999931,0.005714,-0.010254,-0.000073
1592802949068084,10.000186,3.000402,10.000400,0.999931,0.005700,-0.010293,-0.000106
1592802949115784,9.999863,3.000278,10.000527,0.999931,0.005683,-0.010290,-0.000088
1592802949162337,9.999887,3.000438,10.000635,0.999931,0.005668,-0.010295,-0.000094
1592802949209115,10.000018,3.000260,10.000615,0.999931,0.005690,-0.010283,-0.000099
1592802949262062,10.000221,3.000329,10.000363,0.999931,0.005699,-0.010296,-0.000137
1592802949318032,10.000072,3.000244,10.000567,0.999931,0.005707,-0.010297,-0.000130
1592802949369383,9.999972,3.000226,10.000506,0.999931,0.005715,-0.010288,-0.000113
1592802949421669,10.000060,3.000602,10.000603,0.999931,0.005698,-0.010294,-0.000106
1592802949462933,10.000006,3.000377,10.000566,0.999931,0.005709,-0.010263,-0.000096
1592802949506810,9.999965,3.000305,10.000525,0.999931,0.005724,-0.010292,-0.000075
1592802949549951,10.000073,3.000413,10.000507,0.999931,0.005706,-0.010255,-0.000063
1592802949590499,10.000031,3.000606,10.000585,0.999931,0.005730,-0.010271,-0.000066
1592802949628728,10.000075,3.000553,10.000330,0.999931,0.005730,-0.010266,-0.000068
1592802949669162,10.000190,3.000723,10.000293,0.999931,0.005747,-0.010283,-0.000083
1592802949712627,10.000060,3.000461,10.000569,0.999931,0.005731,-0.010261,-0.000089
1592802949754351,10.000015,3.000609,10.000650,0.999931,0.005726,-0.010292,-0.000097
1592802949794855,9.999874,3.000580,10.000710,0.999931,0.005725,-0.010305,-0.000090
1592802949836400,9.999998,3.000432,10.000596,0.999930,0.005761,-0.010330,-0.000098
1592802949879191,10.000133,3.000360,10.000514,0.999930,0.005745,-0.010323,-0.000127
1592802949922753,10.000271,3.000412,10.000482,0.999930,0.005760,-0.010323,-0.000117
1592802949964025,10.000509,3.000468,10.000520,0.999930,0.005784,-0.010317,-0.000146
1592802950007919,10.000332,3.000448,10.000564,0.999930,0.005793,-0.010315,-0.000143
1592802950058533,9.999986,3.000531,10.000768,0.999930,0.005772,-0.010326,-0.000113
1592802950108508,10.000063,3.000424,10.000601,0.999930,0.005749,-0.010313,-0.000092
1592802950159108,10.000164,3.000499,10.000602,0.999930,0.005799,-0.010316,-0.000103
1592802950207414,9.999847,3.000319,10.000541,0.999930,0.005801,-0.010344,-0.000082
1592802950252583,9.999934,3.000506,10.000767,0.999930,0.005777,-0.010364,-0.000109
1592802950298210,10.000095,3.000640,10.000472,0.999930,0.005787,-0.010353,-0.000100
1592802950345410,10.000089,3.000340,10.000645,0.999930,0.005793,-0.010359,-0.000111
1592802950392569,10.000234,3.000518,10.000637,0.999930,0.005781,-0.010342,-0.000102
1592802950447529,10.000244,3.000454,10.000602,0.999930,0.005766,-0.010335,-0.000099
1592802950501267,10.000337,3.000207,10.000402,0.999930,0.005757,-0.010301,-0.000108
1592802950551565,10.000283,3.000424,10.000389,0.999930,0.005761,-0.010300,-0.000129
1592802950598393,10.000326,3.000583,10.000259,0.999931,0.005769,-0.010273,-0.000132
1592802950645743,10.000472,3.000357,10.000450,0.999930,0.005772,-0.010299,-0.000167
1592802950692686,10.000192,3.000395,10.000601,0.999931,0.005765,-0.010274,-0.000174
1592802950737154,10.000106,3.000274,10.000557,0.999931,0.005777,-0.010278,-0.000164
1592802950780454,10.000198,3.000497,10.000670,0.999931,0.005773,-0.010285,-0.000153
1592802950824342,10.000236,3.000472,10.000703,0.999930,0.005775,-0.010301,-0.000174
1592802950868474,10.000229,3.000690,10.000711,0.999930,0.005766,-0.010315,-0.000150
1592802950913378,10.000024,3.000235,10.000690,0.999930,0.005732,-0.010312,-0.000121
1592802950955153,10.000169,3.000212,10.000359,0.999930,0.005745,-0.010300,-0.000140
1592802950996844,10.000173,3.000559,10.000459,0.999931,0.005757,-0.010284,-0.000181
1592802951048435,10.000169,3.000476,10.000655,0.999930,0.005741,-0.010323,-0.000151
