1592797417997404,9.999976,3.000889,10.000260,0.999926,0.006069,-0.010512,0.000092
1592797418049936,9.999946,3.000972,10.000039,0.999928,0.006072,-0.010394,0.000113
1592797418090795,9.999967,3.000343,9.999932,0.999928,0.006060,-0.010372,0.000103
1592797418130467,9.999976,3.000552,9.999981,0.999927,0.006065,-0.010420,0.000117
1592797418168848,9.999965,3.000771,10.000043,0.999927,0.006072,-0.010415,0.000141
1592797418205498,9.999964,3.000705,10.000050,0.999927,0.006076,-0.010414,0.000138
1592797418240579,9.999973,3.001177,10.000265,0.999927,0.006055,-0.010503,0.000136
1592797418275492,9.999935,3.000754,9.999942,0.999928,0.006063,-0.010349,0.000112
1592797418311900,9.999977,3.000995,10.000016,0.999928,0.006101,-0.010384,0.000087
1592797418352675,9.999994,3.001323,10.000299,0.999927,0.006120,-0.010469,0.000098
1592797418386752,9.999958,3.001458,10.000329,0.999927,0.006124,-0.010444,0.000105
1592797418419778,9.999929,3.000938,9.999910,0.999928,0.006107,-0.010337,0.000089
1592797418453770,9.999995,3.000539,10.000008,0.999927,0.006111,-0.010446,0.000107
1592797418487375,10.000000,3.001312,10.000068,0.999927,0.006121,-0.010453,0.000104
1592797418524139,9.999990,3.000453,9.999943,0.999927,0.006105,-0.010428,0.000080
1592797418558808,9.999992,3.000614,10.000008,0.999927,0.006088,-0.010466,0.000088
1592797418592924,9.999964,3.000486,10.000037,0.999927,0.006062,-0.010438,0.000103
1592797418626831,9.999971,3.000362,10.000001,0.999928,0.006079,-0.010381,0.000064
1592797418660855,9.999997,3.000761,10.000163,0.999927,0.006094,-0.010449,0.000103
1592797418694614,9.999988,3.000478,9.999951,0.999928,0.006086,-0.010354,0.000110
1592797418726868,9.999986,3.000321,9.999924,0.999928,0.006099,-0.010366,0.000128
1592797418760325,9.999984,3.000591,10.000001,0.999927,0.006087,-0.010405,0.000106
1592797418792710,9.999982,3.000806,10.000264,0.999927,0.006065,-0.010478,0.000113
1592797418828576,9.999949,3.000449,9.999982,0.999928,0.006048,-0.010364,0.000122
1592797418866633,9.999972,3.000417,9.999887,0.999928,0.006068,-0.010369,0.000116
1592797418903832,9.999972,3.000657,9.999845,0.999928,0.006073,-0.010382,0.000129
1592797418940105,9.999963,3.000625,9.999969,0.999927,0.006070,-0.010403,0.000135
1592797418974722,9.999975,3.001109,10.000198,0.999927,0.006097,-0.010466,0.000115
1592797419008779,9.999953,3.001128,10.000319,0.999927,0.006101,-0.010455,0.000101
1592797419042484,9.999949,3.000610,9.999841,0.999928,0.006087,-0.010342,0.000126
1592797419079315,9.999978,3.000714,9.999808,0.999928,0.006101,-0.010335,0.000139
1592797419112931,10.000013,3.000836,9.999808,0.999928,0.006098,-0.010377,0.000173
1592797419146114,10.000001,3.000774,9.999908,0.999927,0.006087,-0.010409,0.000169
1592797419180692,9.999957,3.000834,9.999947,0.999927,0.006063,-0.010425,0.000149
1592797419214372,9.999975,3.001371,10.000357,0.999927,0.006056,-0.010475,0.000155
1592797419248389,9.999942,3.000885,10.000009,0.999928,0.006027,-0.010416,0.000152
1592797419282530,9.999943,3.000836,9.999849,0.999928,0.006013,-0.010394,0.000138
1592797419316728,9.999966,3.000803,10.000010,0.999928,0.006013,-0.010388,0.000149
1592797419351245,9.999978,3.001119,10.000071,0.999927,0.006027,-0.010433,0.000126
1592797419386251,9.999958,3.000842,10.000022,0.999927,0.006034,-0.010426,0.000125
1592797419421181,10.000004,3.000544,10.000144,0.999927,0.006026,-0.010487,0.000098
1592797419454845,9.999953,3.000271,9.999919,0.999928,0.006002,-0.010435,0.000087
1592797419489245,9.999988,3.000379,9.999925,0.999927,0.006012,-0.010465,0.000091
1592797419523577,9.999970,3.000228,9.999907,0.999927,0.006033,-0.010447,0.000070
1592797419559722,9.999984,3.000279,9.999842,0.999927,0.006038,-0.010432,0.000069
1592797419597631,9.999996,3.000719,10.000018,0.999927,0.006059,-0.010461,0.000057
1592797419631597,9.999974,3.000455,9.999924,0.999927,0.006032,-0.010479,0.000060
1592797419666011,9.999974,3.000618,10.000028,0.999927,0.006034,-0.010454,0.000041
1592797419700742,9.999959,3.000404,9.999953,0.999927,0.006031,-0.010449,0.000020
1592797419735481,9.999988,3.000402,9.999915,0.999927,0.006042,-0.010446,0.000050
1592797419770229,9.999984,3.000565,9.999898,0.999927,0.006048,-0.010454,0.000078
1592797419804293,9.999968,3.000589,9.999990,0.999927,0.006042,-0.010461,0.000095
1592797419839409,9.999964,3.000679,10.000028,0.999927,0.006049,-0.010456,0.000094
1592797419873175,9.999979,3.000691,9.999999,0.999927,0.006025,-0.010431,0.000096
1592797419907135,10.000004,3.000922,10.000047,0.999927,0.006013,-0.010441,0.000075
1592797419941455,9.999979,3.000806,10.000087,0.999928,0.006023,-0.010432,0.000078
1592797419976681,9.999963,3.000568,9.999968,0.999928,0.005994,-0.010387,0.000120
1592797420011697,9.999949,3.000644,9.999971,0.999928,0.005994,-0.010379,0.000095
1592797420046350,9.999972,3.000929,9.999961,0.999928,0.006001,-0.010395,0.000106
1592797420080301,9.999969,3.000656,9.999905,0.999928,0.006013,-0.010395,0.000089
1592797420116707,10.000017,3.001265,10.000223,0.999927,0.006055,-0.010466,0.000086
1592797420152057,9.999971,3.000145,9.999895,0.999928,0.006025,-0.010396,0.000103
1592797420187456,9.999982,3.000216,9.999891,0.999928,0.006018,-0.010428,0.000085
1592797420222283,9.999988,3.000536,9.999974,0.999927,0.006045,-0.010476,0.000079
1592797420257873,9.999986,3.000652,10.000209,0.999927,0.006042,-0.010489,0.000058
1592797420296113,9.999957,3.000644,10.000161,0.999927,0.006075,-0.010462,0.000065
1592797420330646,9.999958,3.000349,9.999919,0.999928,0.006056,-0.010380,0.000073
1592797420364464,10.000018,3.000651,10.000100,0.999927,0.006098,-0.010441,0.000055
1592797420399158,9.999980,3.000319,9.999845,0.999927,0.006104,-0.010412,0.000041
1592797420432887,9.999991,3.000353,9.999936,0.999928,0.006086,-0.010391,0.000036
1592797420466654,9.999996,3.000872,10.000239,0.999927,0.006110,-0.010451,0.000052
1592797420500321,9.999965,3.000403,9.999910,0.999927,0.006116,-0.010411,0.000051
1592797420534574,9.999990,3.000802,10.000172,0.999927,0.006112,-0.010448,0.000073
1592797420569453,9.999959,3.000667,10.000043,0.999927,0.006094,-0.010417,0.000079
1592797420603154,9.999972,3.000418,9.999873,0.999927,0.006103,-0.010397,0.000084
1592797420637335,9.999998,3.000504,9.999859,0.999928,0.006067,-0.010400,0.000104
1592797420671585,9.999965,3.000618,9.999924,0.999927,0.006068,-0.010413,0.000096
1592797420706024,9.999967,3.000580,9.999919,0.999928,0.006075,-0.010397,0.000102
1592797420740402,9.999981,3.000528,9.999926,0.999928,0.006056,-0.010407,0.000080
1592797420774501,9.999996,3.000568,9.999903,0.999928,0.006069,-0.010397,0.000099
1592797420809838,9.999983,3.000562,9.999980,0.999927,0.006091,-0.010421,0.000111
1592797420844518,9.999974,3.000669,9.999972,0.999927,0.006046,-0.010418,0.000081
1592797420878577,9.999993,3.000669,9.999894,0.999928,0.006046,-0.010411,0.000080
1592797420912529,9.999998,3.000709,9.999963,0.999927,0.006063,-0.010405,0.000054
1592797420946487,9.999972,3.001146,10.000349,0.999927,0.006053,-0.010432,0.000061
1592797420980898,9.999959,3.001075,10.000294,0.999927,0.006045,-0.010439,0.000067
1592797421015937,9.999972,3.000778,10.000008,0.999928,0.006029,-0.010383,0.000071
1592797421051626,9.999976,3.000126,9.999834,0.999928,0.006035,-0.010357,0.000078
1592797421087629,9.999974,3.000218,9.999839,0.999928,0.006044,-0.010382,0.000097
1592797421124609,9.999987,3.000230,9.999884,0.999928,0.006027,-0.010386,0.000094
1592797421162026,9.999978,3.000367,9.999911,0.999928,0.006014,-0.010404,0.000069
1592797421201431,9.999982,3.000748,10.000035,0.999928,0.006000,-0.010433,0.000114
1592797421242769,9.999951,3.000800,10.000008,0.999928,0.006002,-0.010424,0.000102
1592797421283206,9.999956,3.000592,9.999934,0.999928,0.006010,-0.010426,0.000106
1592797421323778,9.999960,3.000189,9.999896,0.999928,0.006034,-0.010410,0.000123
1592797421363953,9.999965,3.000259,9.999832,0.999928,0.006021,-0.010382,0.000106
1592797421403133,9.999967,3.000492,9.999919,0.999928,0.006040,-0.010379,0.000086
1592797421443112,10.000005,3.000845,10.000081,0.999928,0.006028,-0.010371,0.000100
1592797421482563,10.000002,3.000956,10.000023,0.999928,0.006035,-0.010381,0.000102
1592797421523684,9.999978,3.000127,9.999859,0.999928,0.006028,-0.010368,0.000093
1592797421565473,9.999985,3.000286,9.999848,0.999928,0.006016,-0.010365,0.000067
1592797421608984,9.999991,3.000488,9.999893,0.999928,0.006003,-0.010399,0.000084
1592797421649577,9.999974,3.000690,10.000003,0.999928,0.006007,-0.010440,0.000113
1592797421687354,9.999989,3.000531,10.000118,0.999927,0.006011,-0.010457,0.000124
1592797421724198,9.999986,3.000528,10.000134,0.999928,0.006032,-0.010422,0.000099
1592797421762991,9.999983,3.000235,9.999846,0.999928,0.006010,-0.010405,0.000085
1592797421800432,9.999986,3.000181,9.999754,0.999928,0.005992,-0.010393,0.000090
1592797421837068,9.999971,3.000438,9.999860,0.999928,0.006005,-0.010430,0.000073
1592797421878866,9.999983,3.000892,10.000006,0.999927,0.006016,-0.010448,0.000081
1592797421921334,9.999978,3.000171,9.999908,0.999928,0.006031,-0.010426,0.000086
1592797421957898,9.999971,3.000273,10.000025,0.999927,0.006023,-0.010438,0.000071
1592797421992043,9.999994,3.000243,9.999892,0.999927,0.006036,-0.010459,0.000088
1592797422032865,9.999992,3.000393,9.999940,0.999927,0.006024,-0.010445,0.000086
1592797422070054,9.999996,3.000839,10.000157,0.999927,0.006044,-0.010453,0.000096
1592797422104670,9.999969,3.000458,9.999927,0.999927,0.006032,-0.010433,0.000119
1592797422140837,10.000007,3.000748,9.999914,0.999928,0.006018,-0.010429,0.000090
1592797422176260,9.999972,3.000482,9.999888,0.999927,0.006035,-0.010432,0.000089
1592797422212160,10.000015,3.000901,10.000225,0.999927,0.006052,-0.010457,0.000098
1592797422247664,9.999982,3.000643,9.999860,0.999928,0.006007,-0.010414,0.000115
1592797422284533,9.999987,3.000979,10.000053,0.999927,0.006028,-0.010437,0.000103
1592797422321191,9.999977,3.000159,9.999885,0.999927,0.006060,-0.010447,0.000102
1592797422358585,10.000015,3.000343,9.999915,0.999927,0.006058,-0.010439,0.000108
1592797422395767,9.999993,3.000268,9.999898,0.999927,0.006039,-0.010432,0.000099
1592797422433720,9.999972,3.000323,9.999865,0.999927,0.006037,-0.010446,0.000112
1592797422473237,9.999974,3.000709,9.999995,0.999927,0.006031,-0.010435,0.000117
1592797422511430,9.999943,3.000573,9.999984,0.999928,0.006003,-0.010422,0.000109
1592797422549380,9.999972,3.000558,9.999876,0.999928,0.006027,-0.010411,0.000112
1592797422585067,9.999972,3.000141,9.999881,0.999928,0.006030,-0.010409,0.000089
1592797422620963,9.999979,3.000183,9.999886,0.999927,0.006042,-0.010425,0.000082
1592797422655219,9.999979,3.000187,9.999846,0.999927,0.006010,-0.010443,0.000100
1592797422690944,9.999973,3.000255,9.999882,0.999927,0.006031,-0.010443,0.000062
1592797422726144,9.999984,3.000290,9.999885,0.999927,0.006009,-0.010442,0.000073
1592797422760667,10.000005,3.000477,9.999979,0.999927,0.006009,-0.010448,0.000065
1592797422795905,9.999982,3.000314,9.999939,0.999927,0.005992,-0.010451,0.000071
1592797422833321,9.999967,3.000289,9.999906,0.999928,0.005976,-0.010426,0.000078
1592797422869332,9.999979,3.000318,9.999921,0.999928,0.005967,-0.010408,0.000107
1592797422907715,9.999988,3.000649,10.000031,0.999928,0.005950,-0.010402,0.000107
1592797422945857,9.999949,3.000551,9.999936,0.999928,0.005943,-0.010379,0.000118
1592797422987493,9.999979,3.000463,10.000087,0.999928,0.005985,-0.010412,0.000125
1592797423028529,9.999950,3.000193,9.999847,0.999928,0.005971,-0.010389,0.000121
1592797423070593,9.999967,3.000309,9.999819,0.999928,0.005982,-0.010398,0.000125
1592797423110338,9.999987,3.000531,9.999816,0.999928,0.005952,-0.010383,0.000136
1592797423150183,10.000011,3.001119,10.000294,0.999928,0.005954,-0.010394,0.000143
1592797423195655,9.999961,3.000240,9.999803,0.999928,0.005961,-0.010392,0.000150
1592797423240635,9.999960,3.000437,9.999883,0.999928,0.005966,-0.010403,0.000156
1592797423277416,9.999949,3.000484,9.999877,0.999928,0.005964,-0.010412,0.000143
1592797423315309,9.999942,3.001095,10.000214,0.999928,0.005988,-0.010438,0.000126
1592797423350714,9.999923,3.000604,9.999939,0.999928,0.005981,-0.010413,0.000092
1592797423388941,9.999985,3.000642,9.999895,0.999928,0.006002,-0.010433,0.000071
1592797423425395,9.999992,3.000208,9.999920,0.999928,0.005966,-0.010425,0.000104
1592797423459170,9.999994,3.000496,10.000147,0.999928,0.005979,-0.010439,0.000089
1592797423494036,9.999952,3.000202,9.999901,0.999928,0.005951,-0.010410,0.000101
1592797423528348,9.999993,3.000485,10.000091,0.999928,0.005975,-0.010423,0.000115
1592797423562826,9.999969,3.000486,10.000133,0.999928,0.005987,-0.010420,0.000127
1592797423596357,9.999975,3.000512,10.000051,0.999928,0.005993,-0.010396,0.000125
1592797423630176,9.999972,3.000148,9.999792,0.999928,0.005971,-0.010367,0.000117
1592797423663642,10.000011,3.000406,10.000029,0.999928,0.006015,-0.010428,0.000125
1592797423697004,9.999982,3.000381,9.999943,0.999928,0.006013,-0.010408,0.000092
1592797423730247,9.999986,3.000577,10.000150,0.999927,0.006028,-0.010434,0.000111
1592797423763716,9.999962,3.000154,9.999846,0.999928,0.005995,-0.010386,0.000131
1592797423798633,10.000001,3.000477,10.000112,0.999928,0.006036,-0.010420,0.000133
1592797423832306,9.999963,3.000239,9.999835,0.999928,0.006026,-0.010380,0.000133
1592797423866240,10.000001,3.000512,9.999895,0.999928,0.005997,-0.010398,0.000128
1592797423900294,9.999993,3.000310,9.999901,0.999928,0.006015,-0.010392,0.000132
1592797423934372,9.999995,3.000313,9.999876,0.999928,0.005985,-0.010384,0.000113
1592797423967705,10.000002,3.000663,10.000166,0.999928,0.005991,-0.010416,0.000100
1592797424001189,9.999967,3.000613,10.000175,0.999928,0.006019,-0.010414,0.000114
1592797424035844,9.999990,3.000597,10.000079,0.999928,0.006025,-0.010398,0.000147
1592797424070662,9.999981,3.000658,10.000114,0.999928,0.006046,-0.010405,0.000155
1592797424109822,9.999933,3.000424,9.999798,0.999928,0.006014,-0.010398,0.000108
1592797424148714,9.999990,3.000563,9.999899,0.999928,0.006021,-0.010400,0.000116
1592797424184561,9.999990,3.000586,9.999916,0.999928,0.006023,-0.010419,0.000139
1592797424220602,9.999975,3.000124,9.999888,0.999928,0.006013,-0.010417,0.000143
1592797424257820,9.999979,3.000007,9.999846,0.999928,0.005975,-0.010401,0.000124
1592797424294397,9.999967,3.000130,9.999794,0.999928,0.005989,-0.010414,0.000129
1592797424330437,9.999978,3.000258,9.999829,0.999928,0.006006,-0.010411,0.000137
1592797424366082,9.999965,3.000297,9.999887,0.999928,0.006011,-0.010398,0.000150
1592797424402245,10.000002,3.000286,9.999852,0.999928,0.005988,-0.010387,0.000156
1592797424438420,10.000003,3.000340,9.999867,0.999928,0.005970,-0.010402,0.000141
1592797424475168,9.999981,3.000651,10.000018,0.999928,0.005988,-0.010411,0.000112
1592797424512263,9.999959,3.000367,9.999873,0.999928,0.005975,-0.010402,0.000122
1592797424551459,9.999993,3.000775,10.000008,0.999928,0.005980,-0.010413,0.000101
1592797424589176,9.999997,3.000120,9.999842,0.999928,0.005947,-0.010408,0.000120
1592797424625346,9.999984,3.000168,9.999891,0.999928,0.005965,-0.010386,0.000117
1592797424660405,9.999985,3.000190,9.999867,0.999928,0.005959,-0.010388,0.000097
1592797424695163,9.999993,3.000660,10.000118,0.999928,0.005963,-0.010389,0.000122
1592797424730427,9.999983,3.000249,9.999874,0.999929,0.005971,-0.010357,0.000138
1592797424766252,10.000002,3.000562,10.000082,0.999928,0.005994,-0.010362,0.000089
1592797424801974,9.999961,3.000299,9.999839,0.999929,0.005960,-0.010362,0.000108
1592797424838770,9.999964,3.000363,9.999806,0.999929,0.005948,-0.010359,0.000138
1592797424878192,9.999973,3.000611,9.999919,0.999928,0.005951,-0.010384,0.000113
1592797424916184,9.999939,3.000502,9.999937,0.999928,0.005966,-0.010414,0.000096
1592797424955199,9.999988,3.000105,9.999922,0.999928,0.005973,-0.010419,0.000080
1592797424994194,9.999999,3.000172,9.999807,0.999928,0.005987,-0.010416,0.000082
1592797425032777,10.000010,3.000419,9.999899,0.999928,0.005962,-0.010409,0.000086
1592797425067607,9.999991,3.000402,10.000020,0.999928,0.005969,-0.010440,0.000123
1592797425102927,9.999976,3.000454,9.999975,0.999928,0.005981,-0.010419,0.000108
1592797425136914,9.999967,3.000226,9.999870,0.999928,0.005993,-0.010440,0.000090
1592797425172215,9.999985,3.000201,9.999791,0.999927,0.005997,-0.010453,0.000103
1592797425207050,9.999985,3.000617,9.999987,0.999927,0.005982,-0.010457,0.000107
1592797425241492,9.999972,3.000532,9.999975,0.999927,0.005997,-0.010469,0.000092
1592797425275920,9.999952,3.000342,9.999934,0.999927,0.005981,-0.010460,0.000100
1592797425311032,9.999980,3.000354,9.999837,0.999928,0.005956,-0.010417,0.000124
1592797425345782,9.999981,3.000441,9.999941,0.999928,0.005950,-0.010409,0.000115
1592797425380238,9.999964,3.000430,9.999899,0.999928,0.005953,-0.010415,0.000118
1592797425415083,9.999953,3.000479,9.999920,0.999928,0.005961,-0.010429,0.000103
1592797425449928,9.999970,3.000534,10.000000,0.999928,0.005930,-0.010417,0.000087
1592797425484377,9.999967,3.000590,9.999902,0.999928,0.005925,-0.010403,0.000083
1592797425519122,9.999949,3.000554,9.999907,0.999928,0.005949,-0.010444,0.000070
1592797425553122,9.999988,3.000039,9.999846,0.999928,0.005959,-0.010443,0.000090
1592797425586656,9.999984,3.000431,9.999883,0.999927,0.005969,-0.010466,0.000073
1592797425620869,9.999984,3.000525,9.999846,0.999928,0.005971,-0.010434,0.000061
1592797425654974,9.999969,3.000085,9.999882,0.999928,0.005964,-0.010409,0.000059
1592797425689199,9.999982,3.000061,9.999807,0.999928,0.005945,-0.010392,0.000071
1592797425723173,9.999983,3.000103,9.999811,0.999928,0.005949,-0.010389,0.000070
1592797425757144,9.999986,3.000268,9.999931,0.999928,0.005945,-0.010401,0.000053
1592797425791236,9.999974,3.000118,9.999901,0.999928,0.005938,-0.010387,0.000060
1592797425825293,9.999977,3.000124,9.999822,0.999929,0.005921,-0.010384,0.000072
1592797425859046,9.999997,3.000118,9.999887,0.999929,0.005914,-0.010388,0.000066
1592797425893437,9.999982,3.000335,9.999949,0.999929,0.005901,-0.010397,0.000068
1592797425927446,9.999977,3.000439,10.000120,0.999928,0.005939,-0.010430,0.000071
1592797425960901,9.999965,3.000474,10.000143,0.999928,0.005965,-0.010408,0.000081
1592797425994361,9.999955,3.000108,9.999830,0.999928,0.005977,-0.010394,0.000073
1592797426028614,9.999985,3.000065,9.999820,0.999929,0.005966,-0.010367,0.000074
1592797426062271,9.999994,3.000038,9.999760,0.999928,0.005986,-0.010378,0.000072
1592797426096935,10.000008,3.000154,9.999844,0.999928,0.005972,-0.010392,0.000055
1592797426132315,9.999993,3.000162,9.999863,0.999928,0.005970,-0.010381,0.000051
1592797426166138,9.999989,3.000214,9.999848,0.999928,0.005977,-0.010406,0.000045
1592797426200907,9.999982,3.000212,9.999901,0.999928,0.005975,-0.010415,0.000054
1592797426235765,9.999986,3.000283,9.999828,0.999928,0.005959,-0.010419,0.000065
1592797426270036,9.999980,3.000232,9.999827,0.999928,0.005936,-0.010393,0.000065
1592797426304468,9.999973,3.000327,9.999889,0.999929,0.005935,-0.010374,0.000079
1592797426338338,9.999969,3.000341,9.999870,0.999928,0.005928,-0.010389,0.000072
1592797426371470,9.999999,3.000265,9.999855,0.999929,0.005920,-0.010383,0.000081
1592797426406084,10.000002,3.000295,9.999902,0.999928,0.005923,-0.010405,0.000076
1592797426445784,9.999990,3.000390,9.999872,0.999928,0.005922,-0.010424,0.000076
1592797426480225,9.999972,3.000399,9.999855,0.999928,0.005935,-0.010438,0.000102
1592797426514315,9.999957,3.000485,9.999897,0.999928,0.005920,-0.010431,0.000098
1592797426548748,9.999941,3.000535,9.999884,0.999928,0.005931,-0.010421,0.000129
1592797426583065,9.999974,3.000566,9.999887,0.999928,0.005954,-0.010412,0.000125
1592797426616172,9.999999,3.000509,9.999852,0.999928,0.005955,-0.010410,0.000138
1592797426650554,9.999991,3.000472,9.999922,0.999928,0.005943,-0.010408,0.000127
1592797426683925,9.999968,3.000551,9.999914,0.999929,0.005924,-0.010386,0.000124
1592797426717539,10.000007,3.000759,10.000041,0.999929,0.005934,-0.010384,0.000115
1592797426750941,9.999982,3.000415,9.999873,0.999928,0.005957,-0.010398,0.000098
1592797426784425,9.999979,3.000729,9.999959,0.999928,0.005961,-0.010401,0.000097
1592797426817954,9.999979,3.000526,9.999888,0.999928,0.005960,-0.010381,0.000077
1592797426851611,10.000003,3.000413,9.999841,0.999928,0.005973,-0.010382,0.000078
1592797426889842,9.999983,3.000093,9.999876,0.999928,0.005960,-0.010395,0.000082
1592797426924995,9.999992,3.000046,9.999830,0.999928,0.005956,-0.010394,0.000102
1592797426965128,9.999993,3.000124,9.999837,0.999928,0.005978,-0.010367,0.000122
1592797427005595,10.000002,3.000656,10.000106,0.999928,0.005974,-0.010415,0.000090
1592797427042324,9.999942,3.000394,9.999855,0.999928,0.005962,-0.010394,0.000092
1592797427076242,9.999958,3.000275,9.999756,0.999928,0.005950,-0.010398,0.000082
1592797427113428,9.999990,3.000703,9.999991,0.999928,0.005943,-0.010394,0.000077
1592797427149252,9.999976,3.000629,10.000002,0.999929,0.005965,-0.010341,0.000093
1592797427186212,9.999955,3.000641,10.000034,0.999929,0.005963,-0.010319,0.000076
1592797427222092,9.999996,3.000261,9.999863,0.999929,0.005963,-0.010333,0.000078
1592797427258040,9.999982,3.000132,9.999886,0.999928,0.005981,-0.010369,0.000117
1592797427293439,9.999982,3.000110,9.999844,0.999928,0.005973,-0.010369,0.000097
1592797427328136,10.000011,3.000504,10.000120,0.999928,0.006014,-0.010378,0.000084
1592797427363769,10.000007,3.000195,9.999914,0.999928,0.005988,-0.010392,0.000101
1592797427398909,9.999990,3.000139,9.999807,0.999928,0.005985,-0.010364,0.000089
1592797427435272,9.999984,3.000160,9.999887,0.999928,0.005976,-0.010377,0.000083
1592797427470961,10.000002,3.000219,9.999866,0.999928,0.005971,-0.010375,0.000107
1592797427505234,9.999995,3.000225,9.999860,0.999929,0.005951,-0.010342,0.000122
1592797427539993,9.999977,3.000313,9.999914,0.999929,0.005936,-0.010331,0.000151
1592797427574074,9.999967,3.000309,9.999798,0.999929,0.005920,-0.010320,0.000145
1592797427609542,9.999986,3.000273,9.999836,0.999929,0.005914,-0.010317,0.000134
1592797427642980,9.999979,3.000380,9.999927,0.999929,0.005896,-0.010324,0.000128
1592797427676937,9.999967,3.000448,9.999899,0.999930,0.005873,-0.010311,0.000145
1592797427710662,9.999977,3.000348,9.999888,0.999929,0.005880,-0.010339,0.000126
1592797427744431,9.999964,3.000341,9.999865,0.999929,0.005870,-0.010328,0.000138
1592797427779558,9.999945,3.000400,9.999820,0.999929,0.005859,-0.010330,0.000133
1592797427816409,9.999947,3.000442,9.999888,0.999929,0.005888,-0.010329,0.000135
1592797427855368,10.000007,3.000945,10.000191,0.999929,0.005908,-0.010342,0.000119
1592797427893725,9.999967,3.000052,9.999804,0.999929,0.005901,-0.010337,0.000115
1592797427927046,10.000000,3.000315,9.999948,0.999929,0.005944,-0.010346,0.000099
1592797427960048,9.999989,3.000100,9.999865,0.999929,0.005917,-0.010339,0.000110
1592797427993607,9.999979,3.000126,9.999867,0.999929,0.005925,-0.010335,0.000111
1592797428029194,9.999953,3.000128,9.999863,0.999929,0.005919,-0.010343,0.000104
1592797428064516,9.999962,3.000185,9.999874,0.999929,0.005911,-0.010332,0.000104
1592797428100027,9.999987,3.000211,9.999839,0.999929,0.005909,-0.010335,0.000124
1592797428136635,9.999970,3.000222,9.999836,0.999929,0.005916,-0.010326,0.000148
1592797428172614,9.999955,3.000285,9.999879,0.999929,0.005930,-0.010325,0.000144
1592797428207615,9.999969,3.000344,9.999845,0.999929,0.005942,-0.010314,0.000147
1592797428246509,9.999971,3.000427,9.999814,0.999929,0.005950,-0.010331,0.000183
1592797428283665,9.999982,3.000437,9.999855,0.999929,0.005943,-0.010357,0.000159
1592797428321960,9.999981,3.000121,9.999868,0.999929,0.005961,-0.010365,0.000138
1592797428356141,10.000005,3.000413,10.000112,0.999928,0.005981,-0.010375,0.000131
1592797428390192,10.000030,3.000961,10.000190,0.999928,0.005987,-0.010395,0.000140
1592797428424626,9.999975,3.000530,10.000042,0.999929,0.005954,-0.010369,0.000152
1592797428458346,9.999979,3.000369,10.000083,0.999928,0.005979,-0.010366,0.000131
1592797428491178,9.999959,3.000047,9.999831,0.999928,0.005983,-0.010362,0.000115
1592797428525005,9.999989,3.000167,9.999874,0.999928,0.005968,-0.010373,0.000109
1592797428559258,9.999985,3.000010,9.999864,0.999928,0.005991,-0.010385,0.000104
1592797428593689,10.000009,3.000071,9.999887,0.999929,0.005940,-0.010379,0.000090
1592797428627968,9.999984,3.000139,9.999918,0.999929,0.005945,-0.010359,0.000090
1592797428662314,9.999969,3.000148,9.999877,0.999929,0.005935,-0.010366,0.000074
1592797428696600,9.999969,3.000185,9.999878,0.999928,0.005947,-0.010391,0.000074
1592797428730901,9.999991,3.000178,9.999798,0.999928,0.005937,-0.010407,0.000074
1592797428770275,9.999994,3.000203,9.999851,0.999928,0.005932,-0.010411,0.000103
1592797428809829,9.999993,3.000323,9.999906,0.999928,0.005917,-0.010398,0.000102
1592797428848830,9.999997,3.000348,9.999806,0.999928,0.005930,-0.010391,0.000119
1592797428886171,9.999997,3.000901,10.000213,0.999928,0.005942,-0.010410,0.000123
1592797428921217,9.999976,3.000000,9.999840,0.999928,0.005936,-0.010386,0.000138
1592797428955016,9.999969,3.000389,9.999886,0.999929,0.005925,-0.010372,0.000135
1592797428989477,9.999998,3.000408,9.999899,0.999929,0.005913,-0.010386,0.000100
1592797429024355,9.999985,3.000025,9.999868,0.999928,0.005940,-0.010397,0.000102
1592797429059916,9.999982,3.000085,9.999878,0.999928,0.005926,-0.010395,0.000086
1592797429095293,9.999977,3.000192,9.999882,0.999928,0.005945,-0.010414,0.000099
1592797429130314,10.000001,3.000117,9.999901,0.999928,0.005938,-0.010401,0.000107
1592797429166498,9.999990,3.000188,9.999875,0.999928,0.005949,-0.010430,0.000093
1592797429201785,9.999992,3.000228,9.999926,0.999928,0.005920,-0.010413,0.000104
1592797429236562,10.000008,3.000168,9.999889,0.999928,0.005939,-0.010429,0.000103
1592797429271701,9.999990,3.000218,9.999894,0.999928,0.005933,-0.010417,0.000109
1592797429306655,9.999995,3.000669,10.000138,0.999928,0.005956,-0.010422,0.000140
1592797429341773,9.999966,3.000661,10.000162,0.999928,0.005963,-0.010387,0.000104
1592797429377564,9.999976,3.000634,10.000114,0.999928,0.005949,-0.010374,0.000086
1592797429415608,9.999973,3.000343,9.999813,0.999929,0.005930,-0.010351,0.000063
1592797429451414,10.000039,3.000705,10.000104,0.999929,0.005923,-0.010383,0.000070
1592797429486167,9.999970,3.000803,10.000101,0.999928,0.005961,-0.010386,0.000056
1592797429521202,9.999990,3.000046,9.999786,0.999929,0.005954,-0.010362,0.000100
1592797429555417,10.000004,2.999988,9.999788,0.999929,0.005938,-0.010381,0.000076
1592797429590091,10.000006,3.000410,10.000079,0.999928,0.005929,-0.010417,0.000097
1592797429623812,10.000008,3.000970,10.000195,0.999928,0.005926,-0.010412,0.000130
1592797429658069,9.999968,2.999943,9.999787,0.999929,0.005937,-0.010379,0.000125
1592797429692000,9.999996,3.000193,9.999887,0.999928,0.005932,-0.010396,0.000133
1592797429726240,9.999982,3.000471,10.000101,0.999928,0.005954,-0.010396,0.000128
1592797429761144,9.999953,3.000027,9.999862,0.999928,0.005955,-0.010393,0.000115
1592797429795872,10.000008,3.000424,10.000030,0.999928,0.005955,-0.010403,0.000133
1592797429830722,9.999978,3.000108,9.999800,0.999929,0.005919,-0.010368,0.000119
1592797429866229,9.999992,3.000227,9.999844,0.999929,0.005944,-0.010371,0.000146
1592797429902166,9.999983,3.000091,9.999778,0.999929,0.005939,-0.010369,0.000150
1592797429938894,10.000006,3.000540,10.000152,0.999929,0.005928,-0.010359,0.000161
1592797429975226,9.999995,3.000636,10.000188,0.999929,0.005949,-0.010337,0.000173
1592797430011571,9.999954,3.000149,9.999799,0.999930,0.005908,-0.010297,0.000181
1592797430051841,9.999968,3.000235,9.999768,0.999929,0.005920,-0.010323,0.000157
1592797430091302,9.999993,3.000374,10.000102,0.999929,0.005897,-0.010355,0.000131
1592797430129788,9.999957,3.000498,10.000137,0.999929,0.005904,-0.010375,0.000132
1592797430166126,9.999942,3.000081,9.999866,0.999929,0.005919,-0.010347,0.000124
1592797430201930,9.999986,3.000457,10.000051,0.999929,0.005943,-0.010370,0.000099
1592797430237447,9.999965,3.000179,9.999800,0.999929,0.005939,-0.010356,0.000118
1592797430272525,9.999960,3.000116,9.999788,0.999929,0.005935,-0.010366,0.000100
1592797430308208,10.000001,3.000575,10.000140,0.999929,0.005941,-0.010376,0.000124
1592797430342399,9.999964,3.000230,9.999825,0.999929,0.005945,-0.010350,0.000126
1592797430381456,9.999981,3.000210,9.999799,0.999929,0.005936,-0.010349,0.000125
1592797430424071,9.999971,3.000283,9.999942,0.999929,0.005960,-0.010367,0.000088
1592797430463433,9.999982,3.000031,9.999865,0.999929,0.005970,-0.010359,0.000090
1592797430500622,9.999990,3.000129,9.999818,0.999929,0.005974,-0.010338,0.000108
1592797430536680,9.999990,3.000160,9.999818,0.999928,0.005972,-0.010389,0.000124
1592797430572667,9.999992,3.000609,10.000166,0.999928,0.005997,-0.010396,0.000125
1592797430610252,9.999932,3.000325,9.999873,0.999928,0.005986,-0.010379,0.000152
1592797430648551,9.999982,3.000476,9.999939,0.999928,0.005959,-0.010379,0.000118
1592797430687778,9.999985,3.000489,10.000014,0.999928,0.005957,-0.010382,0.000115
1592797430722042,10.000001,3.000317,9.999869,0.999929,0.005945,-0.010359,0.000131
1592797430755816,9.999984,2.999971,9.999834,0.999929,0.005945,-0.010357,0.000151
1592797430789957,9.999977,3.000072,9.999859,0.999929,0.005944,-0.010375,0.000154
1592797430823741,9.999983,3.000455,9.999917,0.999929,0.005935,-0.010364,0.000155
1592797430862073,9.999979,3.000274,9.999900,0.999929,0.005958,-0.010363,0.000176
1592797430900283,9.999961,3.000111,9.999830,0.999929,0.005939,-0.010351,0.000195
1592797430936698,9.999959,3.000136,9.999780,0.999929,0.005937,-0.010349,0.000175
1592797430971581,9.999995,3.000180,9.999832,0.999929,0.005927,-0.010365,0.000160
1592797431005412,10.000007,3.000234,9.999852,0.999929,0.005894,-0.010341,0.000167
1592797431040351,9.999993,3.000269,9.999854,0.999929,0.005900,-0.010332,0.000164
1592797431074436,9.999994,3.000199,9.999877,0.999929,0.005907,-0.010313,0.000151
1592797431108911,9.999972,3.000332,9.999779,0.999929,0.005928,-0.010347,0.000127
1592797431143796,9.999965,3.000236,9.999879,0.999929,0.005929,-0.010343,0.000160
1592797431178480,9.999991,3.000666,10.000168,0.999929,0.005929,-0.010321,0.000131
1592797431212893,9.999936,3.000268,9.999963,0.999929,0.005914,-0.010333,0.000124
1592797431250062,9.999986,3.000280,9.999818,0.999929,0.005916,-0.010311,0.000125
1592797431287443,10.000010,3.000352,9.999777,0.999929,0.005887,-0.010315,0.000145
1592797431331471,10.000022,3.000404,10.000118,0.999929,0.005888,-0.010348,0.000101
1592797431373266,9.999977,3.000351,9.999943,0.999929,0.005885,-0.010343,0.000123
1592797431409557,9.999952,3.000062,9.999809,0.999929,0.005879,-0.010337,0.000134
1592797431446387,10.000009,3.000109,9.999801,0.999929,0.005906,-0.010326,0.000106
1592797431484074,10.000010,3.000319,9.999894,0.999929,0.005889,-0.010320,0.000098
1592797431518380,10.000011,3.000327,9.999817,0.999929,0.005897,-0.010316,0.000107
1592797439459438,9.999979,3.000639,9.999963,0.999928,0.005603,-0.010614,0.000065
1592797439516286,9.999962,3.001185,10.000077,0.999928,0.005620,-0.010599,0.000065
1592797439553007,9.999990,3.000427,9.999970,0.999929,0.005605,-0.010562,0.000096
1592797439590026,9.999983,3.000564,9.999937,0.999928,0.005585,-0.010582,0.000073
1592797439625367,9.999959,3.000569,9.999992,0.999929,0.005578,-0.010576,0.000078
1592797439660251,9.999959,3.000608,9.999977,0.999928,0.005628,-0.010584,0.000049
1592797439694238,9.999970,3.000642,9.999980,0.999928,0.005637,-0.010562,0.000045
1592797439729208,9.999992,3.000683,9.999973,0.999929,0.005637,-0.010547,0.000061
1592797439766223,9.999978,3.000665,9.999959,0.999929,0.005650,-0.010536,0.000080
1592797439804779,9.999977,3.000728,9.999970,0.999928,0.005621,-0.010556,0.000093
1592797439841768,9.999956,3.001074,10.000011,0.999929,0.005632,-0.010543,0.000076
1592797439879549,9.999936,3.001002,9.999983,0.999928,0.005637,-0.010553,0.000079
1592797439916862,9.999984,3.000461,10.000010,0.999928,0.005648,-0.010559,0.000080
1592797439955493,9.999969,3.000495,9.999980,0.999929,0.005651,-0.010519,0.000080
1592797439991392,9.999969,3.000540,10.000010,0.999929,0.005618,-0.010531,0.000095
1592797440027955,9.999967,3.000658,9.999967,0.999929,0.005627,-0.010531,0.000096
1592797440072155,9.999944,3.000740,10.000007,0.999929,0.005616,-0.010537,0.000093
1592797440113518,9.999968,3.001029,9.999980,0.999928,0.005640,-0.010551,0.000104
1592797440150101,9.999971,3.001124,9.999977,0.999929,0.005629,-0.010542,0.000096
1592797440186050,9.999969,3.000366,9.999968,0.999928,0.005645,-0.010578,0.000081
1592797440223113,9.999968,3.000624,10.000117,0.999928,0.005667,-0.010595,0.000082
1592797440258385,9.999962,3.000568,9.999935,0.999928,0.005696,-0.010564,0.000077
1592797440296580,9.999987,3.000622,9.999908,0.999928,0.005694,-0.010550,0.000068
1592797440335083,9.999982,3.000746,9.999993,0.999928,0.005682,-0.010596,0.000018
1592797440370548,9.999974,3.000774,9.999948,0.999928,0.005678,-0.010601,0.000035
1592797440405792,9.999979,3.000827,9.999981,0.999928,0.005662,-0.010573,0.000038
1592797440439534,9.999957,3.000777,9.999915,0.999928,0.005673,-0.010563,0.000040
1592797440474053,9.999942,3.000845,10.000024,0.999928,0.005687,-0.010554,0.000059
1592797440507797,9.999959,3.000945,10.000038,0.999928,0.005674,-0.010541,0.000059
1592797440541854,9.999962,3.000993,10.000021,0.999929,0.005647,-0.010538,0.000070
1592797440575802,9.999980,3.000829,10.000003,0.999928,0.005662,-0.010575,0.000053
1592797440609570,9.999980,3.001025,10.000018,0.999928,0.005641,-0.010593,0.000077
1592797440642487,9.999968,3.000846,9.999949,0.999928,0.005646,-0.010576,0.000063
1592797440676312,9.999982,3.000932,9.999988,0.999928,0.005623,-0.010569,0.000081
1592797440714453,9.999969,3.001000,10.000021,0.999928,0.005644,-0.010559,0.000068
1592797440750491,9.999967,3.000330,9.999923,0.999929,0.005654,-0.010539,0.000096
1592797440785273,9.999971,3.000377,9.999899,0.999928,0.005670,-0.010540,0.000073
1592797440819410,9.999975,3.000379,9.999925,0.999929,0.005664,-0.010519,0.000069
1592797440855362,9.999973,3.000419,9.999935,0.999929,0.005696,-0.010505,0.000047
1592797440889306,9.999981,3.000392,9.999947,0.999929,0.005706,-0.010513,0.000073
1592797440924753,9.999986,3.000479,9.999993,0.999928,0.005715,-0.010507,0.000081
1592797440965101,9.999977,3.000606,10.000078,0.999929,0.005698,-0.010512,0.000077
1592797441001506,9.999969,3.000712,10.000028,0.999929,0.005701,-0.010482,0.000078
1592797441038888,9.999950,3.000789,9.999966,0.999929,0.005690,-0.010469,0.000063
1592797441076292,9.999962,3.000950,9.999994,0.999929,0.005678,-0.010472,0.000056
1592797441113994,9.999945,3.000778,9.999868,0.999929,0.005684,-0.010492,0.000021
1592797441150729,9.999985,3.000383,9.999928,0.999929,0.005712,-0.010494,0.000056
1592797441186236,9.999969,3.000459,9.999949,0.999929,0.005704,-0.010493,0.000055
1592797441222745,9.999976,3.000510,9.999953,0.999929,0.005695,-0.010478,0.000067
1592797441259286,9.999978,3.000487,9.999931,0.999929,0.005705,-0.010468,0.000067
1592797441296011,9.999983,3.000659,10.000005,0.999929,0.005701,-0.010491,0.000076
1592797441331117,9.999981,3.000614,9.999978,0.999929,0.005682,-0.010479,0.000099
1592797441366720,10.000000,3.000669,9.999917,0.999929,0.005687,-0.010482,0.000077
1592797441403970,9.999995,3.000736,9.999985,0.999929,0.005672,-0.010474,0.000068
1592797441439326,9.999966,3.000753,9.999971,0.999929,0.005698,-0.010483,0.000042
1592797441475993,9.999996,3.000847,10.000031,0.999929,0.005696,-0.010467,0.000051
1592797441511956,10.000001,3.000920,9.999917,0.999929,0.005687,-0.010479,0.000030
1592797441546618,9.999964,3.000971,9.999970,0.999929,0.005687,-0.010474,0.000029
1592797441581492,9.999976,3.000356,9.999947,0.999929,0.005677,-0.010472,0.000031
1592797441615944,9.999991,3.000344,9.999941,0.999929,0.005662,-0.010471,0.000044
1592797441652203,9.999968,3.000372,9.999930,0.999929,0.005674,-0.010466,0.000048
1592797441686639,9.999982,3.000362,9.999948,0.999929,0.005691,-0.010462,0.000061
1592797441720272,9.999983,3.000405,9.999910,0.999929,0.005689,-0.010472,0.000038
1592797441755702,10.000002,3.000463,9.999943,0.999929,0.005683,-0.010491,0.000023
1592797441795355,9.999973,3.000562,9.999969,0.999929,0.005691,-0.010516,0.000035
1592797441829470,9.999984,3.000509,9.999978,0.999928,0.005721,-0.010513,0.000049
1592797441863531,10.000002,3.000524,9.999958,0.999928,0.005719,-0.010510,0.000060
1592797441898393,9.999991,3.000584,9.999934,0.999929,0.005699,-0.010498,0.000069
1592797441933007,9.999987,3.000587,9.999949,0.999928,0.005704,-0.010523,0.000070
1592797441967413,9.999996,3.000612,9.999989,0.999928,0.005684,-0.010531,0.000069
1592797442001342,9.999985,3.000652,9.999951,0.999928,0.005685,-0.010534,0.000067
1592797442036776,9.999990,3.000679,9.999980,0.999929,0.005669,-0.010501,0.000078
1592797442075453,9.999991,3.000853,9.999975,0.999929,0.005644,-0.010477,0.000106
1592797442109966,9.999998,3.000875,9.999930,0.999929,0.005671,-0.010480,0.000096
1592797442144011,9.999990,3.000750,9.999967,0.999929,0.005666,-0.010471,0.000073
1592797442177473,9.999979,3.000802,9.999972,0.999929,0.005685,-0.010462,0.000050
1592797442211765,9.999997,3.000879,10.000053,0.999929,0.005675,-0.010445,0.000049
1592797442245911,9.999987,3.000935,9.999997,0.999929,0.005667,-0.010463,0.000034
1592797442279487,9.999988,3.000323,9.999946,0.999930,0.005648,-0.010446,0.000046
1592797442313900,9.999975,3.000952,10.000018,0.999929,0.005662,-0.010472,0.000056
1592797442348307,9.999960,3.000895,9.999891,0.999929,0.005654,-0.010447,0.000076
1592797442381948,9.999972,3.000244,9.999923,0.999930,0.005655,-0.010437,0.000069
1592797442419451,9.999986,3.000362,9.999898,0.999929,0.005643,-0.010452,0.000080
1592797442458540,9.999990,3.000437,9.999984,0.999929,0.005652,-0.010470,0.000062
1592797442492403,9.999988,3.000420,9.999943,0.999930,0.005655,-0.010442,0.000065
1592797442533208,9.999969,3.000504,9.999901,0.999929,0.005675,-0.010449,0.000088
1592797442572758,9.999984,3.000646,10.000110,0.999929,0.005673,-0.010441,0.000067
1592797442606352,10.000003,3.000785,9.999940,0.999929,0.005681,-0.010453,0.000074
1592797442639383,9.999963,3.000767,9.999905,0.999929,0.005684,-0.010470,0.000073
1592797442677248,9.999969,3.000767,10.000016,0.999929,0.005683,-0.010484,0.000037
1592797442711241,9.999979,3.000908,10.000072,0.999929,0.005675,-0.010475,0.000044
1592797442744521,9.999984,3.000814,9.999885,0.999929,0.005650,-0.010477,0.000026
1592797442778223,9.999994,3.000802,9.999962,0.999929,0.005640,-0.010477,0.000049
1592797442812041,9.999998,3.000807,9.999980,0.999930,0.005637,-0.010446,0.000030
1592797442845718,9.999981,3.000841,9.999998,0.999929,0.005630,-0.010464,0.000017
1592797442879346,9.999996,3.001005,10.000006,0.999930,0.005599,-0.010436,0.000013
1592797442913085,10.000003,3.000811,9.999970,0.999930,0.005620,-0.010394,0.000005
1592797442947163,9.999981,3.000869,10.000010,0.999930,0.005608,-0.010385,0.000019
1592797442980131,9.999989,3.000850,9.999872,0.999930,0.005631,-0.010376,0.000028
1592797443013003,9.999949,3.000865,9.999835,0.999931,0.005631,-0.010362,0.000052
1592797443047305,9.999940,3.000959,9.999957,0.999931,0.005625,-0.010363,0.000066
1592797443083950,9.999969,3.000331,9.999920,0.999930,0.005655,-0.010354,0.000095
1592797443119122,9.999986,3.000374,9.999919,0.999930,0.005652,-0.010359,0.000085
1592797443153560,9.999987,3.000354,9.999907,0.999931,0.005654,-0.010350,0.000082
1592797443189077,9.999969,3.000431,9.999888,0.999930,0.005650,-0.010358,0.000102
1592797443224595,9.999967,3.000425,9.999908,0.999931,0.005649,-0.010349,0.000082
1592797443259475,9.999974,3.000419,9.999846,0.999931,0.005661,-0.010341,0.000081
1592797443295050,9.999988,3.000490,9.999917,0.999930,0.005677,-0.010378,0.000035
1592797443330996,9.999988,3.000525,9.999981,0.999930,0.005695,-0.010412,0.000057
1592797443366059,9.999992,3.000699,10.000193,0.999929,0.005684,-0.010432,0.000026
1592797443400045,9.999994,3.000574,9.999970,0.999930,0.005675,-0.010382,0.000050
1592797443433972,9.999998,3.000590,9.999939,0.999930,0.005673,-0.010402,0.000051
1592797443469985,9.999978,3.000588,10.000016,0.999930,0.005636,-0.010376,0.000054
1592797443512476,9.999972,3.000980,10.000202,0.999930,0.005644,-0.010388,0.000062
1592797443550580,9.999997,3.000259,9.999889,0.999930,0.005636,-0.010366,0.000076
1592797443586462,9.999990,3.000249,9.999902,0.999931,0.005623,-0.010342,0.000078
1592797443622064,9.999965,3.000332,9.999894,0.999930,0.005631,-0.010387,0.000045
1592797443657986,9.999969,3.000353,9.999935,0.999930,0.005653,-0.010387,0.000063
1592797443691807,9.999992,3.000431,9.999886,0.999930,0.005660,-0.010407,0.000061
1592797443725551,10.000002,3.000425,9.999921,0.999930,0.005658,-0.010386,0.000081
1592797443759579,9.999981,3.000441,9.999933,0.999930,0.005656,-0.010367,0.000077
1592797443794506,9.999986,3.000449,9.999907,0.999931,0.005648,-0.010353,0.000080
1592797443832113,9.999978,3.000500,9.999906,0.999930,0.005639,-0.010364,0.000082
1592797443869114,9.999965,3.000561,9.999906,0.999930,0.005651,-0.010380,0.000086
1592797443906235,9.999964,3.000665,9.999970,0.999930,0.005639,-0.010371,0.000096
1592797443940911,9.999978,3.000527,9.999939,0.999930,0.005635,-0.010367,0.000085
1592797443975771,10.000003,3.000730,9.999942,0.999930,0.005659,-0.010364,0.000084
1592797444010727,10.000006,3.000799,10.000026,0.999930,0.005647,-0.010385,0.000058
1592797444047078,10.000006,3.000723,9.999927,0.999930,0.005666,-0.010383,0.000050
1592797444083515,9.999973,3.000309,9.999910,0.999930,0.005618,-0.010378,0.000052
1592797444118324,9.999962,3.000254,9.999883,0.999930,0.005630,-0.010399,0.000057
1592797444153485,9.999973,3.000340,9.999889,0.999930,0.005631,-0.010364,0.000053
1592797444188308,9.999991,3.000323,9.999972,0.999930,0.005614,-0.010383,0.000064
1592797444224729,9.999984,3.000394,9.999914,0.999930,0.005614,-0.010387,0.000060
1592797444259930,9.999967,3.000361,9.999880,0.999930,0.005602,-0.010383,0.000087
1592797444295307,9.999988,3.000408,9.999934,0.999930,0.005632,-0.010393,0.000067
1592797444329519,10.000000,3.000439,9.999969,0.999930,0.005618,-0.010404,0.000073
1592797444362870,9.999983,3.000576,9.999899,0.999929,0.005647,-0.010447,0.000075
1592797444401561,9.999987,3.000480,9.999918,0.999929,0.005644,-0.010452,0.000082
1592797444435859,9.999995,3.000534,9.999895,0.999930,0.005626,-0.010426,0.000105
1592797444469629,9.999972,3.000504,9.999923,0.999930,0.005618,-0.010415,0.000101
1592797444504359,9.999961,3.000621,10.000032,0.999930,0.005620,-0.010409,0.000087
1592797444538977,9.999968,3.000640,9.999942,0.999930,0.005615,-0.010420,0.000089
1592797444573132,9.999964,3.000643,9.999898,0.999930,0.005624,-0.010417,0.000089
1592797444606728,9.999943,3.000577,9.999948,0.999930,0.005620,-0.010414,0.000055
1592797444640999,9.999959,3.000561,9.999882,0.999930,0.005634,-0.010366,0.000075
1592797444675513,9.999997,3.000685,9.999977,0.999930,0.005654,-0.010376,0.000065
1592797444709638,10.000002,3.000704,9.999977,0.999930,0.005634,-0.010363,0.000084
1592797444743518,10.000010,3.000735,9.999917,0.999930,0.005629,-0.010368,0.000085
1592797444777270,9.999983,3.000911,10.000160,0.999930,0.005640,-0.010380,0.000088
1592797444811153,9.999950,3.000695,9.999855,0.999930,0.005626,-0.010369,0.000095
1592797444845093,9.999990,3.000646,9.999855,0.999931,0.005634,-0.010355,0.000118
1592797444879575,9.999982,3.000717,9.999819,0.999930,0.005635,-0.010375,0.000122
1592797444913303,9.999947,3.000760,9.999949,0.999930,0.005623,-0.010370,0.000145
1592797444946950,9.999964,3.000752,9.999992,0.999930,0.005631,-0.010368,0.000121
1592797444980751,9.999974,3.000707,9.999837,0.999930,0.005634,-0.010367,0.000122
1592797445013885,9.999994,3.000819,10.000053,0.999931,0.005613,-0.010373,0.000101
1592797445048705,9.999984,3.000178,9.999900,0.999931,0.005622,-0.010354,0.000094
1592797445085860,9.999987,3.000237,9.999836,0.999931,0.005614,-0.010355,0.000071
1592797445121184,9.999979,3.000217,9.999897,0.999930,0.005630,-0.010385,0.000065
1592797445155882,9.999962,3.000278,9.999890,0.999930,0.005648,-0.010361,0.000072
1592797445190904,9.999993,3.000282,9.999926,0.999930,0.005665,-0.010346,0.000068
1592797445225879,9.999982,3.000294,9.999906,0.999930,0.005667,-0.010361,0.000062
1592797445261384,9.999996,3.000377,9.999922,0.999930,0.005653,-0.010373,0.000069
1592797445299393,9.999986,3.000442,9.999998,0.999931,0.005632,-0.010341,0.000082
1592797445334907,10.000000,3.000672,10.000115,0.999930,0.005654,-0.010361,0.000061
1592797445369439,9.999961,3.000518,9.999883,0.999931,0.005649,-0.010337,0.000063
1592797445404269,9.999994,3.000483,9.999884,0.999931,0.005664,-0.010317,0.000061
1592797445437985,9.999992,3.000557,9.999991,0.999931,0.005666,-0.010344,0.000056
1592797445471974,9.999996,3.000567,9.999867,0.999931,0.005662,-0.010331,0.000057
1592797445505524,9.999987,3.000651,9.999936,0.999930,0.005641,-0.010362,0.000055
1592797445539650,9.999975,3.000534,9.999969,0.999930,0.005641,-0.010384,0.000039
1592797445572405,9.999983,3.000569,9.999922,0.999930,0.005644,-0.010369,0.000037
1592797445606771,10.000005,3.000626,9.999972,0.999930,0.005639,-0.010376,0.000053
1592797445640325,10.000001,3.000582,9.999946,0.999930,0.005631,-0.010371,0.000055
1592797445673638,9.999995,3.000605,10.000035,0.999931,0.005630,-0.010353,0.000057
1592797445707000,9.999984,3.000576,9.999963,0.999931,0.005633,-0.010324,0.000058
1592797445740118,10.000001,3.000568,9.999862,0.999931,0.005656,-0.010330,0.000063
1592797445773952,9.999990,3.000645,9.999897,0.999931,0.005657,-0.010337,0.000053
1592797445807995,9.999978,3.000793,10.000139,0.999931,0.005663,-0.010342,0.000041
1592797445841357,9.999959,3.000700,9.999933,0.999931,0.005630,-0.010358,0.000059
1592797445874634,10.000004,3.000463,9.999856,0.999931,0.005617,-0.010356,0.000061
1592797445908734,10.000003,3.000590,9.999949,0.999931,0.005599,-0.010381,0.000062
1592797445942278,9.999985,3.000550,9.999999,0.999930,0.005618,-0.010381,0.000083
1592797445975766,9.999997,3.000534,9.999806,0.999931,0.005598,-0.010375,0.000059
1592797446009805,9.999992,3.000597,9.999906,0.999930,0.005596,-0.010390,0.000068
1592797446046182,9.999989,3.000150,9.999911,0.999930,0.005632,-0.010384,0.000025
1592797446082422,9.999992,3.000168,9.999901,0.999930,0.005622,-0.010373,0.000032
1592797446119805,9.999987,3.000231,9.999896,0.999931,0.005630,-0.010348,0.000040
1592797446155293,9.999993,3.000242,9.999873,0.999931,0.005618,-0.010353,0.000047
1592797446194577,9.999978,3.000291,9.999854,0.999931,0.005632,-0.010350,0.000011
1592797446234065,9.999984,3.000532,9.999880,0.999931,0.005632,-0.010338,0.000010
1592797446270985,10.000010,3.000618,9.999928,0.999931,0.005625,-0.010361,0.000014
1592797446307197,10.000006,3.000618,9.999942,0.999930,0.005635,-0.010360,0.000022
1592797446342912,9.999970,3.000740,9.999868,0.999931,0.005607,-0.010357,0.000016
1592797446377382,9.999970,3.000588,9.999990,0.999931,0.005622,-0.010349,0.000022
1592797446411279,9.999974,3.000613,9.999944,0.999931,0.005614,-0.010355,0.000031
1592797446445854,9.999965,3.000690,9.999893,0.999931,0.005628,-0.010331,0.000047
1592797446481640,9.999981,3.000225,9.999908,0.999931,0.005624,-0.010315,0.000070
1592797446516772,9.999996,3.000205,9.999917,0.999931,0.005640,-0.010337,0.000067
1592797446550833,9.999997,3.000251,9.999849,0.999931,0.005632,-0.010314,0.000089
1592797446583683,9.999987,3.000225,9.999898,0.999931,0.005626,-0.010322,0.000097
1592797446617386,9.999987,3.000185,9.999885,0.999931,0.005630,-0.010320,0.000073
1592797446650491,9.999973,3.000207,9.999898,0.999931,0.005624,-0.010320,0.000072
1592797446684242,9.999965,3.000176,9.999887,0.999931,0.005607,-0.010316,0.000070
1592797446717187,9.999961,3.000260,9.999926,0.999930,0.005645,-0.010357,0.000063
1592797446750487,9.999988,3.000263,9.999930,0.999930,0.005639,-0.010366,0.000074
1592797446788298,9.999980,3.000228,9.999905,0.999931,0.005624,-0.010346,0.000064
1592797446828267,9.999977,3.000360,9.999887,0.999931,0.005628,-0.010360,0.000045
1592797446869846,9.999983,3.000485,9.999925,0.999930,0.005653,-0.010387,0.000026
1592797446909211,9.999981,3.000529,9.999969,0.999930,0.005640,-0.010381,0.000016
1592797446945804,9.999976,3.000706,10.000001,0.999930,0.005654,-0.010366,0.000027
1592797446981805,9.999977,3.000176,9.999858,0.999930,0.005661,-0.010356,0.000032
1592797447018008,9.999994,3.000360,10.000027,0.999930,0.005655,-0.010376,0.000027
1592797447056675,9.999977,3.000484,10.000094,0.999930,0.005627,-0.010394,0.000024
1592797447097234,9.999983,3.000372,9.999893,0.999930,0.005630,-0.010365,0.000031
1592797447139018,10.000010,3.000453,9.999919,0.999931,0.005631,-0.010330,0.000063
1592797447175267,10.000006,3.000537,9.999864,0.999931,0.005636,-0.010338,0.000065
1592797447211883,9.999986,3.000646,9.999904,0.999931,0.005617,-0.010332,0.000075
1592797447249114,9.999995,3.000761,9.999878,0.999931,0.005636,-0.010350,0.000075
1592797447287210,9.999997,3.000289,9.999868,0.999931,0.005622,-0.010349,0.000064
1592797447328992,10.000001,3.000368,9.999915,0.999931,0.005614,-0.010349,0.000079
1592797447367688,9.999983,3.000435,9.999913,0.999930,0.005640,-0.010384,0.000085
1592797447406659,9.999988,3.000547,9.999866,0.999930,0.005658,-0.010373,0.000053
1592797447445620,9.999979,3.000664,9.999957,0.999930,0.005659,-0.010374,0.000051
1592797447486344,9.999999,3.000229,9.999953,0.999930,0.005665,-0.010358,0.000049
1592797447525613,9.999995,3.000306,9.999914,0.999931,0.005633,-0.010359,0.000040
1592797447565394,9.999982,3.000444,9.999907,0.999931,0.005628,-0.010340,0.000051
1592797447606976,9.999989,3.000610,9.999918,0.999931,0.005642,-0.010324,0.000050
1592797447649031,9.999952,3.000664,9.999888,0.999931,0.005641,-0.010332,0.000056
1592797447690995,9.999982,3.000296,9.999906,0.999931,0.005637,-0.010324,0.000069
1592797447730871,9.999984,3.000348,9.999932,0.999931,0.005649,-0.010313,0.000066
1592797447771839,9.999990,3.000556,9.999846,0.999931,0.005637,-0.010301,0.000041
1592797447814479,9.999998,3.000188,9.999879,0.999932,0.005649,-0.010248,0.000057
1592797447854531,9.999990,3.000232,9.999880,0.999931,0.005653,-0.010262,0.000048
1592797447894460,9.999986,3.000372,9.999909,0.999931,0.005629,-0.010282,0.000043
1592797447934357,9.999993,3.000454,9.999982,0.999931,0.005642,-0.010291,0.000063
1592797447973472,9.999995,3.000517,9.999898,0.999931,0.005653,-0.010334,0.000040
1592797448012419,9.999999,3.000682,9.999792,0.999930,0.005662,-0.010349,0.000067
1592797448050786,9.999982,3.000192,9.999938,0.999931,0.005653,-0.010349,0.000082
1592797448089886,9.999992,3.000280,9.999946,0.999931,0.005636,-0.010338,0.000073
1592797448129012,10.000000,3.000547,10.000077,0.999931,0.005621,-0.010362,0.000070
1592797448168428,9.999984,3.000331,9.999882,0.999931,0.005601,-0.010338,0.000076
1592797448207447,9.999993,3.000493,9.999879,0.999931,0.005638,-0.010338,0.000086
1592797448246369,9.999992,3.000561,9.999917,0.999931,0.005592,-0.010329,0.000113
1592797448285766,9.999983,3.000212,9.999919,0.999931,0.005622,-0.010338,0.000127
1592797448324903,9.999978,3.000278,9.999904,0.999931,0.005608,-0.010336,0.000102
1592797448363548,9.999981,3.000298,9.999887,0.999931,0.005618,-0.010347,0.000102
1592797448402784,10.000005,3.000408,9.999898,0.999931,0.005620,-0.010325,0.000124
1592797448441296,9.999990,3.000529,9.999906,0.999931,0.005610,-0.010321,0.000100
1592797448481049,9.999971,3.000669,9.999947,0.999931,0.005587,-0.010307,0.000106
1592797448520039,9.999980,3.000229,9.999881,0.999931,0.005578,-0.010316,0.000074
1592797448559072,9.999966,3.000332,9.999878,0.999931,0.005578,-0.010340,0.000063
1592797448598785,9.999975,3.000438,9.999882,0.999931,0.005622,-0.010346,0.000037
1592797448638345,9.999999,3.000400,9.999972,0.999931,0.005614,-0.010335,0.000049
1592797448677385,9.999998,3.000507,9.999921,0.999931,0.005634,-0.010359,0.000054
1592797448715239,9.999986,3.000293,10.000023,0.999931,0.005616,-0.010345,0.000089
1592797448752764,9.999987,3.000212,9.999882,0.999931,0.005626,-0.010340,0.000091
1592797448791198,9.999992,3.000224,9.999856,0.999931,0.005627,-0.010351,0.000090
1592797448829268,10.000007,3.000320,9.999893,0.999931,0.005617,-0.010335,0.000105
1592797448867170,10.000003,3.000314,9.999931,0.999931,0.005602,-0.010316,0.000093
1592797448905938,9.999999,3.000503,9.999857,0.999931,0.005594,-0.010326,0.000112
1592797448944141,10.000003,3.000734,9.999935,0.999931,0.005591,-0.010348,0.000085
1592797448982184,9.999999,3.000592,9.999828,0.999931,0.005604,-0.010360,0.000060
1592797449019664,9.999983,3.000222,9.999906,0.999931,0.005595,-0.010328,0.000044
1592797449057512,9.999981,3.000248,9.999909,0.999931,0.005601,-0.010338,0.000055
1592797449096080,10.000006,3.000286,9.999892,0.999931,0.005612,-0.010330,0.000068
1592797449134584,9.999990,3.000382,9.999900,0.999931,0.005624,-0.010326,0.000035
1592797449173357,9.999987,3.000499,9.999886,0.999931,0.005597,-0.010309,0.000026
1592797449211998,10.000014,3.000499,9.999931,0.999931,0.005589,-0.010323,0.000023
1592797449251189,9.999990,3.000207,9.999891,0.999931,0.005634,-0.010320,0.000013
1592797449290902,10.000003,3.000212,9.999895,0.999931,0.005613,-0.010312,0.000031
1592797449329701,10.000014,3.000335,9.999839,0.999931,0.005599,-0.010300,0.000051
1592797449369562,10.000005,3.000728,10.000039,0.999931,0.005585,-0.010309,0.000025
1592797449408454,9.999983,3.000584,9.999935,0.999932,0.005581,-0.010292,0.000063
1592797449448707,10.000013,3.000129,9.999845,0.999931,0.005605,-0.010298,0.000056
1592797449497608,9.999989,3.000434,9.999865,0.999931,0.005572,-0.010303,0.000069
1592797449536013,9.999974,3.000372,9.999907,0.999931,0.005589,-0.010302,0.000065
1592797449574579,9.999989,3.000408,9.999947,0.999931,0.005583,-0.010291,0.000075
1592797449612722,9.999983,3.000726,9.999971,0.999931,0.005585,-0.010312,0.000082
1592797449650339,9.999988,3.000257,10.000037,0.999931,0.005597,-0.010340,0.000077
1592797449688420,9.999989,3.000283,9.999855,0.999931,0.005627,-0.010348,0.000073
1592797449726439,10.000010,3.000376,10.000010,0.999931,0.005620,-0.010326,0.000071
1592797449764132,10.000002,3.000545,10.000051,0.999931,0.005596,-0.010331,0.000067
1592797449803139,9.999969,3.000382,9.999781,0.999931,0.005580,-0.010304,0.000058
1592797449842068,9.999972,3.000485,9.999832,0.999931,0.005573,-0.010329,0.000076
1592797449880285,9.999992,3.000457,9.999852,0.999931,0.005574,-0.010326,0.000079
1592797449920825,9.999980,3.000184,9.999887,0.999931,0.005575,-0.010319,0.000062
1592797449960675,9.999999,3.000215,9.999849,0.999931,0.005570,-0.010304,0.000100
1592797449999420,9.999994,3.000326,9.999896,0.999931,0.005563,-0.010304,0.000079
1592797450040333,9.999999,3.000481,9.999907,0.999931,0.005574,-0.010321,0.000063
1592797450083170,9.999991,3.000174,9.999891,0.999931,0.005546,-0.010327,0.000072
1592797450124228,9.999978,3.000260,9.999898,0.999931,0.005553,-0.010334,0.000077
1592797450170491,9.999976,3.000388,9.999925,0.999931,0.005537,-0.010375,0.000059
1592797450212434,10.000007,3.000584,9.999930,0.999931,0.005538,-0.010376,0.000063
1592797450253796,10.000000,3.000170,9.999868,0.999931,0.005544,-0.010388,0.000084
1592797450293952,9.999984,3.000238,9.999860,0.999931,0.005552,-0.010388,0.000109
1592797450334961,9.999990,3.000340,9.999864,0.999931,0.005546,-0.010388,0.000110
1592797450375581,9.999980,3.000406,9.999923,0.999931,0.005556,-0.010367,0.000123
1592797450418639,9.999995,3.000316,10.000063,0.999931,0.005571,-0.010382,0.000092
1592797450461290,10.000002,3.000267,9.999957,0.999931,0.005585,-0.010374,0.000107
1592797450502057,9.999997,3.000330,9.999810,0.999931,0.005563,-0.010358,0.000118
1592797450542024,9.999971,3.000500,9.999867,0.999931,0.005582,-0.010366,0.000154
1592797450582104,9.999985,3.000143,9.999854,0.999931,0.005586,-0.010359,0.000148
1592797450623421,9.999976,3.000196,9.999822,0.999931,0.005586,-0.010340,0.000134
1592797450665900,9.999981,3.000208,9.999893,0.999931,0.005569,-0.010327,0.000135
1592797450706694,9.999974,3.000256,9.999780,0.999931,0.005598,-0.010335,0.000130
1592797450747731,9.999985,3.000204,9.999904,0.999931,0.005571,-0.010330,0.000137
1592797450788301,9.999986,3.000267,9.999911,0.999931,0.005583,-0.010324,0.000104
1592797450828170,9.999985,3.000275,9.999942,0.999931,0.005574,-0.010339,0.000111
1592797450867872,9.999977,3.000411,9.999955,0.999931,0.005592,-0.010348,0.000104
1592797450907049,9.999989,3.000423,9.999997,0.999931,0.005611,-0.010348,0.000123
1592797450946438,9.999992,3.000648,9.999987,0.999931,0.005615,-0.010357,0.000134
1592797450986002,9.999994,3.000139,9.999863,0.999931,0.005626,-0.010316,0.000121
1592797451025392,9.999988,3.000225,9.999914,0.999931,0.005618,-0.010327,0.000145
1592797451065382,9.999995,3.000286,9.999859,0.999932,0.005577,-0.010287,0.000119
1592797451106497,9.999986,3.000734,10.000125,0.999931,0.005623,-0.010342,0.000092
1592797451146951,9.999999,3.000115,9.999819,0.999931,0.005613,-0.010313,0.000098
1592797451187407,10.000001,3.000169,9.999873,0.999931,0.005610,-0.010315,0.000115
1592797451228170,9.999992,3.000269,9.999924,0.999931,0.005609,-0.010325,0.000110
1592797451271925,10.000016,3.000364,9.999837,0.999931,0.005603,-0.010302,0.000137
1592797451316443,9.999993,3.000386,10.000057,0.999931,0.005583,-0.010327,0.000112
1592797451358678,9.999985,3.000202,9.999827,0.999932,0.005561,-0.010295,0.000107
1592797451401494,9.999996,3.000337,9.999820,0.999932,0.005568,-0.010291,0.000116
1592797451443268,10.000006,3.000430,9.999848,0.999931,0.005574,-0.010320,0.000100
1592797451484379,9.999991,3.000123,9.999904,0.999931,0.005573,-0.010338,0.000093
1592797451524650,9.999985,3.000307,9.999935,0.999931,0.005586,-0.010350,0.000094
1592797451566728,9.999996,3.000337,9.999850,0.999931,0.005576,-0.010365,0.000082
1592797451608925,9.999988,3.000487,10.000016,0.999931,0.005604,-0.010373,0.000076
1592797451651978,9.999988,3.000264,9.999903,0.999930,0.005593,-0.010394,0.000074
1592797451692569,9.999983,3.000235,9.999866,0.999931,0.005562,-0.010357,0.000069
1592797451732673,9.999995,3.000329,9.999879,0.999931,0.005543,-0.010321,0.000102
1592797451772639,10.000004,3.000355,9.999882,0.999931,0.005554,-0.010333,0.000073
1592797451813563,9.999995,3.000551,9.999891,0.999931,0.005571,-0.010318,0.000060
1592797451853505,9.999994,3.000171,9.999910,0.999931,0.005568,-0.010337,0.000041
1592797451893403,9.999995,3.000232,9.999868,0.999931,0.005574,-0.010366,0.000033
1592797451932740,10.000005,3.000319,9.999890,0.999931,0.005590,-0.010323,0.000053
1592797451972287,9.999986,3.000465,9.999869,0.999931,0.005565,-0.010313,0.000036
1592797452010647,9.999950,3.000500,9.999979,0.999931,0.005589,-0.010335,0.000062
1592797452048697,9.999989,3.000534,9.999952,0.999931,0.005576,-0.010319,0.000087
1592797452087681,9.999976,3.000187,9.999859,0.999931,0.005575,-0.010351,0.000072
1592797452127421,9.999990,3.000286,9.999913,0.999931,0.005574,-0.010339,0.000080
1592797452173591,9.999985,3.000417,9.999909,0.999932,0.005566,-0.010303,0.000075
1592797452221410,9.999969,3.000168,9.999912,0.999931,0.005577,-0.010307,0.000087
1592797452263077,9.999987,3.000506,10.000197,0.999931,0.005560,-0.010309,0.000064
1592797452307567,9.999992,3.000450,9.999920,0.999932,0.005552,-0.010293,0.000038
1592797452346462,10.000006,3.000380,9.999850,0.999932,0.005544,-0.010292,0.000070
1592797452385681,9.999996,3.000158,9.999896,0.999932,0.005543,-0.010283,0.000058
1592797452424913,9.999994,3.000165,9.999907,0.999932,0.005514,-0.010261,0.000073
1592797452463281,9.999986,3.000189,9.999873,0.999932,0.005526,-0.010305,0.000071
1592797452502809,9.999984,3.000387,9.999893,0.999932,0.005521,-0.010315,0.000061
1592797452541983,10.000000,3.000420,9.999971,0.999931,0.005581,-0.010333,0.000046
1592797452581027,10.000004,3.000092,9.999896,0.999931,0.005572,-0.010314,0.000039
1592797452620519,10.000000,3.000144,9.999917,0.999932,0.005558,-0.010282,0.000058
1592797452662980,10.000021,3.000464,10.000072,0.999931,0.005574,-0.010322,0.000041
1592797452706820,10.000007,3.000361,9.999892,0.999931,0.005584,-0.010303,0.000064
1592797452748736,9.999983,3.000506,9.999895,0.999932,0.005553,-0.010264,0.000082
1592797452788727,9.999989,3.000313,10.000020,0.999932,0.005541,-0.010272,0.000069
1592797452829069,9.999967,3.000420,10.000062,0.999932,0.005568,-0.010247,0.000094
1592797452869573,9.999955,3.000345,9.999854,0.999932,0.005552,-0.010241,0.000076
1592797452910937,9.999949,3.000450,9.999838,0.999932,0.005560,-0.010259,0.000046
1592797452956321,10.000002,3.000341,10.000114,0.999932,0.005554,-0.010257,0.000041
1592797453000136,9.999969,3.000370,9.999904,0.999932,0.005561,-0.010266,0.000033
1592797453046841,9.999986,3.000651,10.000083,0.999931,0.005579,-0.010297,0.000067
1592797453089746,9.999994,3.000160,9.999848,0.999932,0.005541,-0.010273,0.000080
1592797453128900,9.999995,3.000213,9.999811,0.999932,0.005529,-0.010277,0.000054
1592797453168075,10.000001,3.000254,9.999895,0.999932,0.005557,-0.010300,0.000044
1592797453207530,9.999973,3.000448,9.999966,0.999932,0.005547,-0.010298,0.000039
1592797453246366,9.999996,3.000621,9.999986,0.999931,0.005546,-0.010324,0.000025
1592797453285277,9.999976,3.000195,9.999924,0.999931,0.005577,-0.010352,0.000033
1592797453324354,9.999986,3.000207,9.999899,0.999931,0.005575,-0.010333,0.000039
1592797453362373,9.999977,3.000116,9.999899,0.999931,0.005591,-0.010341,0.000056
1592797453400464,9.999995,3.000310,10.000001,0.999931,0.005598,-0.010363,0.000037
1592797453439083,10.000003,3.000644,10.000140,0.999931,0.005617,-0.010362,0.000031
1592797453477458,9.999989,3.000539,9.999918,0.999931,0.005598,-0.010328,0.000026
1592797453515885,9.999990,3.000067,9.999856,0.999931,0.005572,-0.010329,0.000040
1592797453554417,10.000008,3.000063,9.999828,0.999931,0.005586,-0.010322,0.000031
1592797453592896,9.999998,3.000190,9.999836,0.999932,0.005568,-0.010291,0.000030
1592797453630646,9.999983,3.000265,10.000025,0.999932,0.005534,-0.010295,0.000058
1592797453668907,9.999994,3.000386,9.999867,0.999932,0.005535,-0.010289,0.000073
1592797453706805,9.999995,3.000376,9.999961,0.999932,0.005517,-0.010289,0.000058
1592797453743876,9.999978,3.000514,9.999917,0.999931,0.005533,-0.010330,0.000041
1592797453781195,9.999965,3.000534,9.999927,0.999932,0.005515,-0.010326,0.000035
1592797453818466,9.999997,3.000082,9.999895,0.999932,0.005497,-0.010309,0.000028
1592797453856179,9.999979,3.000167,9.999854,0.999932,0.005505,-0.010310,0.000028
1592797453893068,9.999988,3.000386,10.000082,0.999932,0.005521,-0.010302,0.000042
1592797453930413,9.999975,3.000399,10.000088,0.999931,0.005548,-0.010325,0.000048
1592797453968132,9.999985,3.000237,9.999886,0.999932,0.005550,-0.010283,0.000033
1592797454006251,9.999982,3.000367,9.999873,0.999932,0.005552,-0.010290,0.000039
1592797454044481,9.999974,3.000460,9.999968,0.999932,0.005552,-0.010304,0.000015
1592797454083108,9.999965,3.000580,9.999892,0.999931,0.005545,-0.010318,0.000029
1592797454125014,9.999996,3.000418,10.000083,0.999931,0.005557,-0.010321,0.000014
1592797454170464,9.999996,3.000372,9.999912,0.999932,0.005550,-0.010303,0.000031
1592797454210682,10.000007,3.000346,9.999887,0.999932,0.005523,-0.010286,0.000045
1592797454248954,9.999976,3.000139,9.999839,0.999932,0.005524,-0.010289,0.000048
1592797454286980,9.999972,3.000167,9.999849,0.999932,0.005538,-0.010298,0.000083
1592797454325075,9.999963,3.000280,9.999838,0.999932,0.005527,-0.010260,0.000073
1592797454363231,9.999987,3.000057,9.999779,0.999932,0.005528,-0.010279,0.000080
1592797454401396,10.000013,3.000324,9.999841,0.999932,0.005537,-0.010277,0.000078
1592797454441950,9.999994,3.000412,9.999859,0.999932,0.005532,-0.010296,0.000049
1592797454480276,9.999978,3.000541,9.999966,0.999932,0.005530,-0.010296,0.000059
1592797454519336,9.999993,3.000185,9.999835,0.999932,0.005537,-0.010302,0.000098
1592797454557654,10.000002,3.000319,10.000042,0.999932,0.005544,-0.010272,0.000090
1592797454595425,9.999962,3.000245,9.999840,0.999932,0.005545,-0.010271,0.000081
1592797454638101,9.999968,3.000283,9.999852,0.999932,0.005534,-0.010239,0.000053
1592797454678118,10.000021,3.000467,9.999929,0.999932,0.005522,-0.010247,0.000041
1592797454715748,9.999991,3.000263,10.000045,0.999932,0.005531,-0.010246,0.000039
1592797454753565,9.999988,3.000373,10.000094,0.999932,0.005544,-0.010260,0.000045
1592797454791844,9.999992,3.000163,9.999841,0.999932,0.005555,-0.010263,0.000038
1592797454830157,9.999996,2.999998,9.999729,0.999932,0.005532,-0.010280,0.000031
1592797454868323,10.000021,3.000309,9.999844,0.999932,0.005534,-0.010289,0.000045
1592797454906956,9.999983,3.000319,9.999910,0.999932,0.005540,-0.010274,0.000051
1592797454945119,10.000008,3.000609,10.000091,0.999932,0.005536,-0.010283,0.000079
1592797454982180,9.999961,3.000401,9.999852,0.999932,0.005527,-0.010251,0.000066
1592797455019150,9.999981,3.000103,9.999841,0.999932,0.005533,-0.010268,0.000058
1592797455056592,9.999984,3.000156,9.999857,0.999932,0.005532,-0.010279,0.000069
1592797455094862,9.999964,3.000190,9.999907,0.999932,0.005528,-0.010256,0.000065
1592797455133516,9.999977,3.000029,9.999743,0.999932,0.005518,-0.010257,0.000085
1592797455171782,10.000010,3.000286,9.999845,0.999933,0.005511,-0.010234,0.000095
1592797455210251,9.999983,3.000453,9.999859,0.999932,0.005515,-0.010258,0.000096
1592797455248515,9.999969,3.000279,10.000070,0.999932,0.005496,-0.010260,0.000113
1592797455287379,9.999966,2.999955,9.999765,0.999933,0.005493,-0.010231,0.000090
1592797455326892,9.999994,3.000121,9.999825,0.999933,0.005481,-0.010228,0.000122
1592797455366500,9.999968,3.000164,9.999853,0.999933,0.005497,-0.010226,0.000141
1592797455406111,9.999981,3.000308,9.999897,0.999933,0.005507,-0.010215,0.000141
1592797455446244,9.999982,3.000367,9.999841,0.999933,0.005508,-0.010232,0.000153
1592797455485500,9.999960,3.000098,9.999843,0.999933,0.005502,-0.010225,0.000136
1592797455524038,9.999996,3.000160,9.999822,0.999932,0.005521,-0.010246,0.000127
1592797455562447,9.999986,3.000214,9.999908,0.999932,0.005520,-0.010259,0.000133
1592797455603223,9.999998,3.000451,10.000094,0.999932,0.005555,-0.010249,0.000123
1592797455644387,9.999972,3.000392,9.999924,0.999932,0.005571,-0.010262,0.000122
1592797455682652,9.999992,3.000189,9.999915,0.999932,0.005555,-0.010283,0.000103
1592797455720556,9.999990,3.000096,9.999862,0.999932,0.005577,-0.010262,0.000092
1592797455758820,9.999975,3.000209,9.999875,0.999932,0.005555,-0.010276,0.000091
1592797455797433,9.999981,3.000070,9.999737,0.999932,0.005542,-0.010295,0.000102
1592797455835410,9.999989,3.000282,9.999925,0.999932,0.005529,-0.010289,0.000077
1592797455873653,10.000009,3.000401,9.999871,0.999931,0.005533,-0.010333,0.000062
1592797455912327,10.000005,3.000464,9.999834,0.999931,0.005533,-0.010326,0.000055
1592797455951473,9.999991,2.999892,9.999791,0.999932,0.005520,-0.010297,0.000053
1592797455991099,10.000010,3.000324,10.000041,0.999932,0.005512,-0.010285,0.000045
1592797456031977,9.999993,3.000168,9.999866,0.999932,0.005498,-0.010313,0.000042
1592797456075438,9.999984,3.000326,9.999962,0.999932,0.005510,-0.010298,0.000018
1592797456124405,9.999990,3.000207,9.999854,0.999932,0.005505,-0.010295,0.000013
1592797456172228,10.000007,3.000352,9.999867,0.999932,0.005529,-0.010270,0.000007
1592797456218827,9.999996,3.000139,9.999854,0.999932,0.005549,-0.010281,0.000033
1592797456262092,9.999993,3.000274,9.999930,0.999932,0.005532,-0.010311,0.000033
1592797456309888,9.999993,3.000538,10.000141,0.999931,0.005546,-0.010331,0.000022
1592797456352765,9.999994,3.000105,9.999865,0.999931,0.005550,-0.010341,0.000035
1592797456394444,10.000005,3.000200,9.999862,0.999932,0.005552,-0.010301,0.000048
1592797456437459,9.999982,3.000377,9.999958,0.999931,0.005558,-0.010308,0.000062
1592797456486425,9.999985,3.000094,9.999861,0.999932,0.005579,-0.010286,0.000040
1592797456528969,9.999985,3.000205,9.999855,0.999932,0.005573,-0.010291,0.000018
1592797456570219,9.999980,3.000298,9.999818,0.999932,0.005565,-0.010295,0.000013
1592797456611096,9.999996,3.000334,9.999929,0.999932,0.005576,-0.010275,0.000008
1592797456651310,9.999994,3.000088,9.999881,0.999932,0.005550,-0.010262,0.000034
1592797456691211,9.999977,3.000100,9.999887,0.999932,0.005558,-0.010268,0.000044
1592797456731553,9.999993,3.000210,10.000019,0.999932,0.005561,-0.010280,0.000058
1592797456771812,10.000002,3.000344,9.999880,0.999932,0.005555,-0.010283,0.000015
1592797456812578,10.000007,3.000430,9.999852,0.999931,0.005594,-0.010304,0.000030
1592797456853073,9.999985,3.000100,9.999860,0.999932,0.005552,-0.010299,0.000048
1592797456894166,9.999994,3.000117,9.999877,0.999932,0.005571,-0.010292,0.000089
1592797456934853,9.999988,3.000233,9.999855,0.999931,0.005582,-0.010313,0.000085
1592797456975326,9.999982,3.000324,9.999947,0.999931,0.005572,-0.010298,0.000077
1592797457014932,9.999991,3.000672,10.000130,0.999931,0.005570,-0.010301,0.000067
1592797457053969,10.000007,3.000213,9.999975,0.999932,0.005562,-0.010296,0.000062
1592797457093780,9.999981,3.000174,9.999864,0.999932,0.005544,-0.010281,0.000077
1592797457134010,9.999976,3.000183,9.999888,0.999932,0.005539,-0.010282,0.000065
1592797457174785,9.999997,3.000290,9.999792,0.999932,0.005530,-0.010289,0.000057
1592797457215378,10.000010,3.000613,10.000104,0.999932,0.005529,-0.010264,0.000052
1592797457256029,9.999992,3.000096,9.999855,0.999932,0.005538,-0.010274,0.000071
1592797457298412,10.000008,3.000415,10.000035,0.999932,0.005517,-0.010244,0.000052
1592797457339828,9.999998,3.000270,9.999895,0.999932,0.005517,-0.010260,0.000073
1592797457381777,9.999995,3.000187,9.999972,0.999932,0.005518,-0.010270,0.000085
1592797457422717,9.999990,3.000177,9.999970,0.999932,0.005523,-0.010257,0.000106
1592797457463362,9.999981,3.000131,9.999791,0.999932,0.005546,-0.010271,0.000096
1592797457503962,9.999998,3.000217,9.999871,0.999932,0.005543,-0.010248,0.000085
1592797457545010,9.999982,3.000352,9.999809,0.999932,0.005531,-0.010260,0.000090
1592797457585430,9.999970,3.000245,10.000018,0.999932,0.005532,-0.010284,0.000062
1592797457625972,9.999982,3.000094,9.999847,0.999932,0.005552,-0.010280,0.000065
1592797457667179,10.000011,3.000220,9.999902,0.999932,0.005555,-0.010273,0.000076
1592797457707480,9.999999,3.000468,10.000059,0.999932,0.005553,-0.010251,0.000074
1592797457748559,9.999992,3.000444,9.999837,0.999932,0.005527,-0.010247,0.000067
1592797457792655,10.000004,3.000109,9.999852,0.999932,0.005524,-0.010253,0.000067
1592797457835463,9.999980,3.000197,9.999839,0.999932,0.005540,-0.010279,0.000034
1592797457875412,10.000015,3.000480,10.000058,0.999932,0.005537,-0.010288,0.000032
1592797457916569,9.999989,3.000034,9.999862,0.999932,0.005546,-0.010273,0.000036
1592797457956504,9.999994,3.000233,9.999994,0.999932,0.005526,-0.010241,0.000031
1592797457996418,9.999964,3.000276,9.999815,0.999932,0.005547,-0.010250,0.000044
1592797458036049,9.999976,3.000241,9.999844,0.999932,0.005543,-0.010273,0.000029
1592797458075247,9.999990,3.000249,9.999832,0.999932,0.005546,-0.010278,0.000052
1592797458115519,10.000021,3.000271,9.999894,0.999932,0.005554,-0.010288,0.000062
1592797458155826,9.999997,3.000103,9.999868,0.999932,0.005557,-0.010273,0.000070
1592797458196428,10.000013,3.000397,10.000093,0.999931,0.005571,-0.010306,0.000082
1592797458236834,9.999993,3.000295,9.999918,0.999932,0.005555,-0.010292,0.000061
1592797458277503,9.999990,3.000121,9.999817,0.999932,0.005558,-0.010265,0.000093
1592797458317374,9.999997,3.000139,9.999861,0.999932,0.005524,-0.010253,0.000090
1592797458356334,9.999996,3.000157,9.999802,0.999933,0.005513,-0.010219,0.000085
1592797458395790,9.999994,3.000180,9.999881,0.999933,0.005501,-0.010194,0.000103
1592797458435330,9.999990,3.000268,9.999828,0.999933,0.005498,-0.010213,0.000089
1592797458474606,10.000002,3.000283,9.999880,0.999933,0.005478,-0.010192,0.000073
1592797458513497,9.999995,3.000350,9.999829,0.999933,0.005483,-0.010193,0.000057
1592797458552502,9.999996,3.000053,9.999843,0.999933,0.005457,-0.010184,0.000060
1592797458591961,9.999990,3.000152,9.999815,0.999933,0.005446,-0.010173,0.000050
1592797458635543,9.999980,3.000386,10.000045,0.999933,0.005461,-0.010201,0.000055
1592797458674786,9.999944,3.000309,9.999866,0.999933,0.005476,-0.010234,0.000075
1592797458712928,9.999981,3.000300,9.999834,0.999932,0.005492,-0.010258,0.000040
1592797458751147,9.999996,3.000071,9.999888,0.999932,0.005520,-0.010242,0.000059
1592797458789011,9.999991,3.000052,9.999898,0.999932,0.005522,-0.010251,0.000061
1592797458867783,9.999979,3.000229,9.999819,0.999932,0.005537,-0.010284,0.000050
1592797458951762,9.999988,3.000075,9.999866,0.999932,0.005524,-0.010257,0.000105
1592797458991940,9.999983,3.000277,10.000031,0.999932,0.005503,-0.010249,0.000106
1592797459031160,9.999981,3.000272,9.999792,0.999932,0.005502,-0.010248,0.000094
1592797459070263,10.000010,3.000185,9.999837,0.999932,0.005526,-0.010260,0.000107
1592797459108989,10.000013,3.000467,9.999990,0.999932,0.005521,-0.010263,0.000091
1592797459148866,9.999960,3.000340,9.999829,0.999932,0.005519,-0.010257,0.000096
1592797459187954,9.999990,3.000052,9.999879,0.999932,0.005515,-0.010236,0.000072
1592797459226978,10.000002,3.000057,9.999811,0.999932,0.005502,-0.010246,0.000075
1592797459266725,9.999988,3.000189,9.999907,0.999932,0.005508,-0.010247,0.000042
1592797459307131,9.999991,3.000207,9.999870,0.999932,0.005521,-0.010245,0.000037
1592797459347915,10.000007,3.000296,9.999936,0.999932,0.005531,-0.010243,0.000026
1592797459387330,9.999990,3.000250,10.000048,0.999932,0.005500,-0.010254,0.000005
1592797459426972,9.999991,3.000158,9.999862,0.999932,0.005528,-0.010231,0.000004
1592797459477555,9.999995,3.000238,9.999841,0.999932,0.005537,-0.010239,-0.000009
1592797459520592,10.000004,3.000095,9.999850,0.999932,0.005519,-0.010230,0.000038
1592797459564842,9.999990,3.000064,9.999816,0.999933,0.005483,-0.010212,0.000043
1592797459603374,9.999996,3.000316,9.999829,0.999933,0.005501,-0.010213,0.000053
1592797459646367,9.999982,3.000377,9.999942,0.999933,0.005496,-0.010224,0.000073
1592797459684697,9.999990,3.000368,9.999954,0.999932,0.005507,-0.010251,0.000080
1592797459722685,9.999991,3.000265,10.000044,0.999932,0.005523,-0.010263,0.000049
1592797459761240,9.999981,3.000138,9.999866,0.999932,0.005513,-0.010269,0.000042
1592797459800256,9.999998,3.000149,9.999836,0.999932,0.005498,-0.010253,0.000041
1592797459838612,10.000018,3.000264,9.999785,0.999932,0.005524,-0.010237,0.000062
1592797459876569,9.999993,3.000550,10.000061,0.999932,0.005523,-0.010286,0.000073
1592797459915071,9.999960,3.000442,10.000023,0.999931,0.005537,-0.010321,0.000059
1592797459953191,10.000003,3.000019,9.999834,0.999932,0.005522,-0.010293,0.000052
1592797459990601,10.000005,3.000100,9.999889,0.999932,0.005503,-0.010284,0.000051
1592797460027715,10.000001,3.000116,9.999932,0.999932,0.005506,-0.010268,0.000061
1592797460066375,10.000001,3.000203,9.999942,0.999932,0.005510,-0.010237,0.000033
1592797460104833,9.999997,3.000206,9.999884,0.999932,0.005502,-0.010256,0.000044
1592797460143500,9.999998,3.000385,9.999925,0.999932,0.005484,-0.010258,0.000048
1592797460181546,10.000002,3.000338,9.999901,0.999932,0.005494,-0.010250,0.000071
1592797460219690,9.999972,3.000384,9.999862,0.999932,0.005516,-0.010245,0.000082
1592797460259130,9.999982,3.000067,9.999863,0.999932,0.005494,-0.010270,0.000095
1592797460302708,9.999994,3.000166,9.999934,0.999932,0.005492,-0.010270,0.000083
1592797460341788,10.000009,3.000315,9.999950,0.999932,0.005504,-0.010298,0.000106
1592797460381608,9.999971,3.000301,9.999921,0.999932,0.005484,-0.010314,0.000113
1592797460420531,9.999985,3.000037,9.999854,0.999932,0.005496,-0.010297,0.000103
1592797460460338,9.999997,3.000078,9.999831,0.999932,0.005503,-0.010295,0.000087
1592797460503315,9.999986,3.000174,9.999841,0.999932,0.005502,-0.010320,0.000110
1592797460547656,10.000004,3.000297,9.999857,0.999932,0.005492,-0.010294,0.000120
1592797460586053,9.999990,3.000175,10.000039,0.999932,0.005499,-0.010293,0.000112
1592797460624742,9.999989,3.000024,9.999846,0.999932,0.005500,-0.010280,0.000097
1592797460662888,10.000009,3.000017,9.999750,0.999932,0.005504,-0.010278,0.000068
1592797460701396,10.000001,3.000192,9.999891,0.999932,0.005487,-0.010261,0.000060
1592797460739037,9.999995,3.000232,9.999882,0.999932,0.005493,-0.010248,0.000055
1592797460777400,10.000003,3.000278,9.999846,0.999932,0.005522,-0.010240,0.000041
1592797460815506,10.000022,3.000585,10.000059,0.999932,0.005501,-0.010241,0.000042
1592797460853113,9.999995,3.000166,10.000018,0.999933,0.005489,-0.010231,0.000029
1592797460890031,9.999995,3.000073,9.999858,0.999933,0.005500,-0.010230,0.000041
1592797460927038,9.999978,3.000064,9.999827,0.999933,0.005504,-0.010221,0.000062
1592797460964247,10.000009,3.000266,10.000024,0.999933,0.005492,-0.010236,0.000044
1592797461002352,10.000001,2.999968,9.999717,0.999933,0.005503,-0.010224,0.000061
1592797461039613,10.000018,3.000126,9.999818,0.999933,0.005507,-0.010225,0.000071
1592797461077314,9.999982,3.000287,9.999862,0.999932,0.005527,-0.010252,0.000074
1592797461115623,9.999942,3.000276,9.999850,0.999933,0.005505,-0.010230,0.000048
1592797461153606,9.999978,3.000056,9.999862,0.999932,0.005519,-0.010234,0.000019
1592797461191724,10.000004,3.000038,9.999835,0.999932,0.005530,-0.010231,0.000059
1592797461230574,10.000005,3.000293,10.000055,0.999932,0.005529,-0.010243,0.000074
1592797461270976,9.999971,3.000242,9.999866,0.999933,0.005523,-0.010209,0.000105
1592797461310205,10.000007,3.000199,9.999850,0.999932,0.005530,-0.010240,0.000091
1592797461359868,10.000007,3.000289,10.000010,0.999932,0.005540,-0.010238,0.000070
1592797461399617,10.000003,3.000333,10.000035,0.999932,0.005531,-0.010254,0.000079
1592797461438348,9.999976,3.000159,9.999889,0.999932,0.005532,-0.010250,0.000083
1592797461476354,10.000006,3.000215,9.999772,0.999932,0.005504,-0.010269,0.000087
1592797461515084,9.999993,3.000565,10.000080,0.999932,0.005518,-0.010262,0.000084
1592797461553807,9.999995,3.000199,10.000026,0.999932,0.005537,-0.010249,0.000049
1592797461591807,9.999993,3.000055,9.999837,0.999932,0.005531,-0.010245,0.000051
1592797461633934,9.999997,3.000232,10.000007,0.999932,0.005551,-0.010257,0.000049
1592797461674797,9.999966,3.000177,9.999815,0.999932,0.005551,-0.010244,0.000073
1592797461720773,10.000013,3.000206,9.999988,0.999932,0.005549,-0.010235,0.000084
1592797461786455,9.999997,3.000023,9.999838,0.999933,0.005524,-0.010211,0.000090
1592797461831108,9.999990,3.000145,9.999869,0.999933,0.005520,-0.010210,0.000055
1592797461873681,10.000000,3.000190,9.999846,0.999933,0.005534,-0.010199,0.000066
1592797461912646,10.000000,3.000300,9.999935,0.999933,0.005508,-0.010183,0.000066
1592797461956313,9.999993,3.000231,10.000031,0.999933,0.005488,-0.010174,0.000100
1592797461994689,9.999990,3.000243,9.999963,0.999933,0.005499,-0.010203,0.000092
1592797462033140,9.999990,3.000088,9.999808,0.999933,0.005489,-0.010148,0.000105
1592797462071202,10.000001,3.000144,9.999832,0.999933,0.005496,-0.010166,0.000091
1592797462109378,10.000000,3.000210,9.999864,0.999933,0.005503,-0.010186,0.000085
1592797462147505,10.000010,3.000624,10.000213,0.999933,0.005479,-0.010207,0.000116
1592797462188875,9.999980,3.000032,9.999851,0.999933,0.005475,-0.010209,0.000106
1592797462231441,9.999990,3.000218,9.999964,0.999933,0.005473,-0.010202,0.000080
1592797462271754,9.999966,3.000179,9.999793,0.999933,0.005468,-0.010219,0.000052
1592797462311111,10.000009,3.000406,9.999972,0.999933,0.005481,-0.010191,0.000040
1592797462350716,9.999989,3.000570,10.000100,0.999933,0.005462,-0.010199,0.000023
1592797462389962,10.000012,3.000155,9.999950,0.999933,0.005494,-0.010214,0.000016
1592797462429374,9.999989,3.000105,9.999849,0.999933,0.005518,-0.010213,0.000042
1592797462468056,9.999976,3.000044,9.999862,0.999933,0.005527,-0.010220,0.000047
1592797462506097,9.999994,3.000247,9.999950,0.999933,0.005531,-0.010186,0.000030
1592797462544275,10.000008,3.000270,9.999905,0.999933,0.005520,-0.010208,0.000046
1592797462582848,10.000015,3.000507,10.000075,0.999932,0.005515,-0.010239,0.000049
1592797462622099,9.999998,3.000146,9.999987,0.999932,0.005537,-0.010249,0.000050
1592797462660068,9.999997,3.000054,9.999854,0.999932,0.005523,-0.010250,0.000068
1592797462697647,9.999998,3.000060,9.999807,0.999932,0.005508,-0.010266,0.000097
1592797462736662,9.999978,3.000187,9.999819,0.999932,0.005518,-0.010278,0.000070
1592797462775429,9.999984,3.000420,10.000153,0.999932,0.005518,-0.010280,0.000097
1592797462813587,9.999978,3.000232,9.999967,0.999932,0.005506,-0.010252,0.000097
1592797462851784,9.999985,3.000336,9.999767,0.999932,0.005510,-0.010242,0.000108
1592797462889721,9.999993,2.999867,9.999806,0.999932,0.005520,-0.010228,0.000088
1592797462927879,10.000012,3.000298,10.000009,0.999933,0.005530,-0.010215,0.000093
1592797462965587,9.999990,3.000385,10.000039,0.999932,0.005554,-0.010231,0.000103
1592797463002806,9.999984,3.000165,9.999864,0.999932,0.005529,-0.010248,0.000071
1592797463040719,9.999990,3.000153,9.999797,0.999932,0.005542,-0.010254,0.000074
1592797463079210,9.999969,2.999955,9.999801,0.999932,0.005507,-0.010272,0.000043
1592797463117470,10.000006,3.000296,9.999765,0.999932,0.005515,-0.010289,0.000057
1592797463156126,9.999990,3.000257,10.000029,0.999932,0.005509,-0.010273,0.000070
1592797463193907,9.999977,3.000222,10.000005,0.999932,0.005497,-0.010244,0.000051
1592797463232787,9.999972,3.000039,9.999801,0.999932,0.005477,-0.010275,0.000060
1592797463272555,9.999991,3.000109,9.999775,0.999932,0.005493,-0.010282,0.000040
1592797463311821,10.000010,3.000335,10.000093,0.999932,0.005516,-0.010286,0.000035
1592797463351150,9.999992,3.000365,9.999865,0.999931,0.005550,-0.010330,0.000043
1592797463389922,9.999998,3.000197,10.000039,0.999931,0.005565,-0.010338,0.000040
1592797463430040,10.000010,3.000219,10.000017,0.999932,0.005547,-0.010309,0.000047
1592797463469462,9.999991,3.000275,10.000019,0.999932,0.005541,-0.010289,0.000027
1592797463507735,9.999989,3.000141,9.999833,0.999932,0.005546,-0.010230,0.000052
1592797463546686,9.999990,3.000242,9.999889,0.999933,0.005538,-0.010217,0.000071
1592797463585225,9.999996,3.000071,9.999861,0.999933,0.005542,-0.010202,0.000060
1592797463623653,10.000009,3.000255,10.000073,0.999933,0.005528,-0.010210,0.000058
1592797463661204,10.000008,3.000323,10.000060,0.999933,0.005537,-0.010210,0.000036
1592797463699322,10.000010,3.000290,10.000020,0.999933,0.005528,-0.010206,0.000040
1592797463737813,9.999996,3.000060,9.999782,0.999933,0.005538,-0.010189,0.000018
1592797463775982,9.999989,3.000183,9.999832,0.999933,0.005543,-0.010204,0.000039
1592797463814277,9.999998,3.000473,10.000038,0.999933,0.005550,-0.010212,0.000054
1592797463853516,9.999993,3.000216,10.000000,0.999933,0.005542,-0.010205,0.000064
1592797463891875,9.999988,3.000039,9.999815,0.999933,0.005549,-0.010187,0.000055
1592797463929686,10.000002,3.000263,10.000036,0.999933,0.005554,-0.010187,0.000061
1592797463967240,9.999990,2.999893,9.999755,0.999933,0.005523,-0.010193,0.000063
1592797464005065,10.000016,3.000153,9.999831,0.999932,0.005573,-0.010213,0.000080
1592797464047423,10.000012,3.000239,9.999924,0.999932,0.005537,-0.010223,0.000070
1592797464086727,10.000023,3.000310,9.999916,0.999932,0.005553,-0.010229,0.000082
1592797464124751,10.000017,2.999926,9.999802,0.999932,0.005554,-0.010261,0.000086
1592797464162859,10.000002,3.000184,9.999956,0.999932,0.005529,-0.010248,0.000072
1592797464201003,9.999990,3.000175,10.000016,0.999932,0.005499,-0.010248,0.000074
1592797464238590,10.000017,3.000485,10.000093,0.999932,0.005517,-0.010245,0.000065
1592797464277377,9.999994,3.000316,9.999834,0.999932,0.005519,-0.010247,0.000076
1592797464316503,9.999997,3.000206,9.999844,0.999932,0.005495,-0.010256,0.000049
1592797464355274,9.999990,3.000049,9.999833,0.999932,0.005496,-0.010254,0.000068
1592797464395294,9.999996,3.000042,9.999843,0.999933,0.005475,-0.010236,0.000084
