1592806772029867,4.999528,1.001383,5.000106,0.999783,0.012418,-0.016754,0.000187
1592806772080545,4.999712,1.000876,5.000000,0.999782,0.012466,-0.016734,0.000176
1592806772119523,4.999568,1.000923,5.000098,0.999783,0.012426,-0.016738,0.000208
1592806772154759,4.999364,1.001246,5.000246,0.999783,0.012387,-0.016777,0.000204
1592806772193750,4.999608,1.001097,5.000110,0.999782,0.012463,-0.016748,0.000212
1592806772227932,4.999430,1.001362,5.000089,0.999783,0.012371,-0.016782,0.000216
1592806772263279,4.999589,1.001164,5.000036,0.999783,0.012392,-0.016744,0.000194
1592806772296243,4.999533,1.001045,5.000183,0.999782,0.012406,-0.016812,0.000179
1592806772330182,4.999740,1.001246,5.000051,0.999782,0.012445,-0.016760,0.000192
1592806772364644,4.999604,1.001407,5.000086,0.999783,0.012382,-0.016757,0.000206
1592806772402924,4.999487,1.001388,5.000212,0.999783,0.012342,-0.016762,0.000235
1592806772436265,4.999657,1.001374,4.999984,0.999783,0.012407,-0.016727,0.000257
1592806772470108,4.999651,1.000538,5.000072,0.999783,0.012357,-0.016783,0.000234
1592806772503383,4.999561,1.001096,5.000149,0.999783,0.012344,-0.016771,0.000248
1592806772536507,4.999560,1.001414,4.999997,0.999784,0.012337,-0.016727,0.000240
1592806772574268,4.999576,1.000770,4.999995,0.999784,0.012324,-0.016718,0.000251
1592806772609323,4.999596,1.000804,4.999994,0.999784,0.012347,-0.016718,0.000235
1592806772646813,4.999456,1.000690,5.000151,0.999784,0.012321,-0.016761,0.000226
1592806772691770,4.999667,1.001094,5.000058,0.999783,0.012404,-0.016754,0.000212
1592806772736748,4.999554,1.001139,5.000113,0.999782,0.012374,-0.016791,0.000232
1592806772774493,4.999543,1.000849,5.000057,0.999783,0.012380,-0.016732,0.000233
1592806772812683,4.999653,1.000858,4.999924,0.999783,0.012403,-0.016742,0.000232
1592806772852757,4.999697,1.000949,4.999970,0.999783,0.012428,-0.016734,0.000242
1592806772897026,4.999396,1.001273,5.000173,0.999783,0.012374,-0.016748,0.000248
1592806772937696,4.999186,1.001502,5.000234,0.999784,0.012325,-0.016760,0.000248
1592806772973831,4.999511,1.000872,5.000041,0.999783,0.012387,-0.016759,0.000197
1592806773009794,4.999544,1.000874,5.000080,0.999783,0.012403,-0.016760,0.000210
1592806773044000,4.999713,1.000777,5.000003,0.999782,0.012464,-0.016733,0.000191
1592806773078501,4.999859,1.000675,4.999949,0.999782,0.012467,-0.016732,0.000223
1592806773115141,4.999794,1.000889,4.999978,0.999783,0.012456,-0.016705,0.000207
1592806773153133,4.999818,1.000900,4.999938,0.999784,0.012439,-0.016675,0.000228
1592806773191131,4.999778,1.001016,4.999947,0.999783,0.012451,-0.016692,0.000209
1592806773226262,4.999753,1.001029,4.999952,0.999783,0.012411,-0.016708,0.000225
1592806773262819,4.999681,1.001077,4.999871,0.999784,0.012390,-0.016704,0.000245
1592806773297722,4.999602,1.001113,5.000056,0.999784,0.012377,-0.016692,0.000219
1592806773333679,4.999585,1.001253,4.999987,0.999784,0.012374,-0.016685,0.000205
1592806773372644,4.999543,1.000719,5.000026,0.999784,0.012358,-0.016698,0.000190
1592806773408690,4.999454,1.000853,5.000103,0.999783,0.012369,-0.016739,0.000195
1592806773442594,4.999433,1.000814,5.000112,0.999784,0.012365,-0.016727,0.000215
1592806773476571,4.999642,1.000694,5.000020,0.999783,0.012409,-0.016711,0.000199
1592806773510636,4.999684,1.000731,5.000041,0.999783,0.012436,-0.016706,0.000187
1592806773546916,4.999770,1.000769,4.999935,0.999783,0.012442,-0.016702,0.000181
1592806773584472,4.999720,1.000920,5.000066,0.999783,0.012426,-0.016701,0.000196
1592806773621879,4.999794,1.000927,5.000008,0.999784,0.012405,-0.016703,0.000182
1592806773661895,4.999553,1.001103,5.000133,0.999783,0.012411,-0.016723,0.000192
1592806773703792,4.999739,1.000679,4.999963,0.999783,0.012429,-0.016716,0.000184
1592806773739497,4.999797,1.000688,4.999964,0.999783,0.012450,-0.016701,0.000178
1592806773778261,4.999746,1.000774,4.999983,0.999783,0.012446,-0.016709,0.000163
1592806773817025,4.999856,1.000788,5.000008,0.999783,0.012444,-0.016694,0.000182
1592806773854988,4.999787,1.000876,5.000009,0.999783,0.012444,-0.016684,0.000143
1592806773890577,4.999731,1.001020,4.999984,0.999783,0.012419,-0.016705,0.000151
1592806773928247,4.999824,1.001011,5.000007,0.999783,0.012435,-0.016708,0.000170
1592806773965072,4.999827,1.001084,4.999930,0.999783,0.012463,-0.016705,0.000180
1592806774002186,4.999731,1.001199,5.000057,0.999783,0.012466,-0.016714,0.000197
1592806774038746,4.999501,1.000813,5.000107,0.999783,0.012428,-0.016701,0.000215
1592806774073758,4.999362,1.000859,5.000117,0.999783,0.012414,-0.016720,0.000198
1592806774109490,4.999599,1.000769,5.000021,0.999783,0.012452,-0.016682,0.000171
1592806774142682,4.999723,1.000759,4.999969,0.999783,0.012465,-0.016666,0.000160
1592806774175301,4.999707,1.000736,5.000010,0.999783,0.012489,-0.016669,0.000174
1592806774208307,4.999763,1.000730,5.000010,0.999783,0.012503,-0.016657,0.000155
1592806774241875,4.999772,1.000731,5.000001,0.999783,0.012487,-0.016645,0.000141
1592806774281771,4.999592,1.000980,5.000065,0.999783,0.012427,-0.016693,0.000187
1592806774319636,4.999590,1.000965,5.000059,0.999783,0.012421,-0.016697,0.000190
1592806774365185,4.999703,1.001066,5.000001,0.999783,0.012428,-0.016732,0.000190
1592806774412616,4.999873,1.000729,4.999951,0.999783,0.012439,-0.016730,0.000172
1592806774446880,4.999890,1.000686,4.999938,0.999783,0.012453,-0.016715,0.000185
1592806774481467,4.999873,1.000782,4.999977,0.999783,0.012448,-0.016730,0.000187
1592806774516173,4.999825,1.000826,4.999961,0.999783,0.012446,-0.016733,0.000188
1592806774553871,4.999638,1.000836,4.999974,0.999783,0.012454,-0.016720,0.000198
1592806774587401,4.999575,1.000715,5.000242,0.999782,0.012403,-0.016771,0.000208
1592806774624022,4.999717,1.001004,5.000006,0.999783,0.012437,-0.016739,0.000220
1592806774661293,4.999677,1.001087,5.000069,0.999783,0.012419,-0.016710,0.000197
1592806774696081,4.999676,1.001122,5.000014,0.999783,0.012420,-0.016699,0.000218
1592806774728469,4.999463,1.001194,5.000152,0.999783,0.012412,-0.016701,0.000219
1592806774760805,4.999537,1.001109,5.000004,0.999783,0.012416,-0.016706,0.000218
1592806774793365,4.999610,1.001119,4.999977,0.999783,0.012412,-0.016704,0.000185
1592806774828459,4.999671,1.001076,5.000030,0.999784,0.012400,-0.016688,0.000173
1592806774868606,4.999770,1.001110,5.000043,0.999783,0.012425,-0.016695,0.000157
1592806774907422,4.999931,1.000644,4.999968,0.999783,0.012426,-0.016693,0.000164
1592806774943406,4.999905,1.000708,4.999913,0.999783,0.012417,-0.016702,0.000184
1592806774979432,4.999791,1.000751,4.999946,0.999784,0.012390,-0.016689,0.000199
1592806775014497,4.999711,1.000781,4.999985,0.999783,0.012398,-0.016714,0.000179
1592806775049844,4.999774,1.000767,4.999968,0.999783,0.012416,-0.016710,0.000180
1592806775085544,4.999734,1.000790,5.000000,0.999784,0.012403,-0.016706,0.000168
1592806775118819,4.999868,1.000777,4.999977,0.999783,0.012431,-0.016733,0.000177
1592806775150796,4.999735,1.000748,5.000006,0.999783,0.012410,-0.016750,0.000183
1592806775185229,4.999578,1.000779,5.000114,0.999783,0.012391,-0.016758,0.000189
1592806775222232,4.999599,1.000916,5.000039,0.999783,0.012421,-0.016738,0.000205
1592806775256864,4.999872,1.000857,4.999972,0.999783,0.012423,-0.016717,0.000221
1592806775291219,4.999845,1.000855,4.999949,0.999783,0.012433,-0.016725,0.000199
1592806775323636,4.999701,1.000942,5.000093,0.999783,0.012411,-0.016720,0.000189
1592806775361816,4.999701,1.001066,5.000003,0.999783,0.012396,-0.016717,0.000183
1592806775394614,4.999797,1.001082,5.000004,0.999783,0.012421,-0.016707,0.000183
1592806775427217,4.999632,1.001126,5.000028,0.999783,0.012417,-0.016715,0.000186
1592806775460902,4.999715,1.000931,5.000019,0.999783,0.012424,-0.016738,0.000180
1592806775497995,4.999677,1.001088,5.000013,0.999783,0.012412,-0.016747,0.000190
1592806775530285,4.999823,1.000887,4.999963,0.999784,0.012397,-0.016703,0.000162
1592806775564341,4.999824,1.000964,4.999993,0.999783,0.012406,-0.016722,0.000166
1592806775596558,4.999839,1.000999,4.999887,0.999783,0.012443,-0.016739,0.000144
1592806775630257,4.999832,1.000993,5.000001,0.999783,0.012467,-0.016718,0.000148
1592806775663324,4.999835,1.001047,5.000020,0.999783,0.012439,-0.016705,0.000157
1592806775698611,4.999728,1.001098,5.000047,0.999783,0.012432,-0.016711,0.000171
1592806775734099,4.999754,1.001039,5.000015,0.999783,0.012417,-0.016700,0.000203
1592806775770204,4.999681,1.001181,5.000024,0.999784,0.012416,-0.016682,0.000200
1592806775807794,4.999744,1.000657,4.999981,0.999784,0.012412,-0.016680,0.000187
1592806775845975,4.999628,1.000729,5.000047,0.999783,0.012416,-0.016704,0.000163
1592806775880174,4.999737,1.000700,5.000020,0.999784,0.012421,-0.016664,0.000145
1592806775914495,4.999702,1.000739,5.000100,0.999783,0.012438,-0.016695,0.000131
1592806775948001,4.999737,1.000779,5.000113,0.999783,0.012444,-0.016694,0.000155
1592806775981637,4.999656,1.000738,5.000115,0.999784,0.012402,-0.016693,0.000154
1592806776021274,4.999589,1.000880,5.000138,0.999784,0.012407,-0.016662,0.000161
1592806776057604,4.999803,1.000976,4.999991,0.999784,0.012420,-0.016684,0.000147
1592806776092407,4.999821,1.000961,5.000000,0.999784,0.012401,-0.016665,0.000151
1592806776127384,4.999929,1.000855,4.999918,0.999785,0.012396,-0.016652,0.000164
1592806776162831,4.999956,1.000948,4.999909,0.999785,0.012383,-0.016647,0.000186
1592806776198926,5.000004,1.000979,4.999888,0.999785,0.012390,-0.016634,0.000205
1592806776232206,4.999859,1.000999,4.999929,0.999785,0.012368,-0.016652,0.000191
1592806776269455,4.999541,1.001124,5.000026,0.999785,0.012343,-0.016668,0.000167
1592806776310083,4.999672,1.000402,5.000129,0.999784,0.012345,-0.016704,0.000171
1592806776348761,4.999690,1.000740,4.999995,0.999785,0.012324,-0.016662,0.000164
1592806776388891,4.999881,1.000859,4.999960,0.999785,0.012333,-0.016646,0.000192
1592806776428862,4.999598,1.000961,5.000051,0.999786,0.012306,-0.016639,0.000231
1592806776472418,4.999625,1.000609,4.999991,0.999786,0.012333,-0.016624,0.000228
1592806776508408,4.999757,1.000595,4.999995,0.999785,0.012362,-0.016637,0.000245
1592806776542669,4.999766,1.000637,4.999944,0.999785,0.012373,-0.016626,0.000275
1592806776578827,4.999700,1.000714,4.999979,0.999784,0.012395,-0.016670,0.000256
1592806776613195,4.999672,1.000754,4.999977,0.999784,0.012390,-0.016670,0.000245
1592806776650495,4.999495,1.000805,5.000040,0.999784,0.012369,-0.016678,0.000229
1592806776683615,4.999518,1.000831,4.999988,0.999784,0.012377,-0.016674,0.000231
1592806776716436,4.999638,1.000814,5.000067,0.999784,0.012395,-0.016695,0.000217
1592806776749163,4.999495,1.000776,5.000083,0.999784,0.012400,-0.016694,0.000237
1592806776781982,4.999506,1.000801,5.000165,0.999784,0.012375,-0.016682,0.000229
1592806776819807,4.999518,1.000784,5.000087,0.999784,0.012382,-0.016670,0.000246
1592806776859754,4.999633,1.000938,4.999995,0.999785,0.012373,-0.016665,0.000271
1592806776894308,4.999698,1.000883,4.999885,0.999784,0.012374,-0.016667,0.000262
1592806776929954,4.999691,1.000901,4.999946,0.999784,0.012384,-0.016676,0.000246
1592806776964485,4.999532,1.000955,5.000119,0.999784,0.012384,-0.016668,0.000237
1592806777000874,4.999466,1.001166,5.000077,0.999784,0.012363,-0.016679,0.000230
1592806777038696,4.999629,1.000636,5.000006,0.999785,0.012372,-0.016663,0.000220
1592806777078078,4.999726,1.000620,5.000005,0.999784,0.012400,-0.016673,0.000211
1592806777117236,4.999543,1.000723,5.000051,0.999785,0.012376,-0.016665,0.000193
1592806777152459,4.999551,1.000809,5.000106,0.999784,0.012386,-0.016673,0.000191
1592806777187684,4.999530,1.000870,5.000160,0.999784,0.012392,-0.016681,0.000213
1592806777226328,4.999538,1.001013,5.000126,0.999785,0.012372,-0.016666,0.000202
1592806777260278,4.999782,1.000888,4.999945,0.999785,0.012391,-0.016640,0.000209
1592806777299587,4.999722,1.001002,5.000028,0.999785,0.012383,-0.016655,0.000211
1592806777333664,4.999686,1.000979,5.000079,0.999785,0.012384,-0.016650,0.000221
1592806777367010,4.999629,1.000787,5.000185,0.999785,0.012380,-0.016655,0.000223
1592806777399619,4.999520,1.001124,4.999980,0.999785,0.012379,-0.016653,0.000224
1592806777432971,4.999682,1.001082,4.999968,0.999785,0.012376,-0.016642,0.000195
1592806777466405,4.999582,1.001153,5.000012,0.999785,0.012350,-0.016626,0.000208
1592806777499449,4.999698,1.000963,4.999954,0.999785,0.012382,-0.016628,0.000207
1592806777535235,4.999650,1.000598,5.000005,0.999785,0.012375,-0.016637,0.000202
1592806777570460,4.999556,1.001156,5.000095,0.999785,0.012363,-0.016625,0.000193
1592806777603374,4.999709,1.001054,4.999950,0.999785,0.012369,-0.016633,0.000172
1592806777637549,4.999674,1.000335,5.000162,0.999785,0.012366,-0.016645,0.000182
1592806777671861,4.999646,1.000588,5.000079,0.999785,0.012387,-0.016643,0.000193
1592806777705906,4.999765,1.000627,4.999956,0.999785,0.012390,-0.016633,0.000199
1592806777738289,4.999804,1.000571,4.999943,0.999784,0.012397,-0.016660,0.000192
1592806777771105,4.999893,1.000529,4.999901,0.999784,0.012392,-0.016663,0.000165
1592806777804252,4.999879,1.000995,4.999864,0.999784,0.012392,-0.016674,0.000166
1592806777836659,4.999684,1.000553,5.000050,0.999785,0.012359,-0.016673,0.000157
1592806777869029,4.999612,1.001032,5.000071,0.999785,0.012353,-0.016672,0.000158
1592806777903993,4.999485,1.001157,5.000112,0.999785,0.012356,-0.016666,0.000150
1592806777942420,4.999844,1.000590,4.999964,0.999785,0.012386,-0.016657,0.000169
1592806777980721,4.999795,1.000686,4.999969,0.999785,0.012381,-0.016639,0.000179
1592806778017533,4.999803,1.000704,4.999957,0.999785,0.012381,-0.016638,0.000198
1592806778054959,4.999669,1.000847,5.000019,0.999785,0.012363,-0.016650,0.000204
1592806778094010,4.999812,1.000787,4.999901,0.999785,0.012382,-0.016643,0.000205
1592806778133615,4.999688,1.000872,4.999926,0.999785,0.012362,-0.016665,0.000207
1592806778167809,4.999685,1.001053,5.000046,0.999784,0.012363,-0.016679,0.000213
1592806778202228,4.999732,1.000750,5.000054,0.999784,0.012386,-0.016717,0.000180
1592806778235862,4.999787,1.000550,4.999982,0.999784,0.012367,-0.016706,0.000173
1592806778269704,4.999734,1.000584,5.000031,0.999784,0.012377,-0.016698,0.000185
1592806778306086,4.999535,1.000419,5.000254,0.999784,0.012353,-0.016690,0.000200
1592806778339546,4.999743,1.000624,5.000085,0.999785,0.012371,-0.016640,0.000198
1592806778370822,4.999698,1.001156,5.000152,0.999785,0.012367,-0.016641,0.000202
1592806778403612,4.999785,1.001028,4.999955,0.999785,0.012377,-0.016653,0.000205
1592806778437135,4.999613,1.001046,4.999906,0.999784,0.012394,-0.016676,0.000177
1592806778471222,4.999835,1.000503,4.999928,0.999784,0.012367,-0.016682,0.000192
1592806778505054,4.999571,1.000426,5.000154,0.999785,0.012327,-0.016690,0.000193
1592806778537855,4.999450,1.000841,5.000251,0.999785,0.012329,-0.016693,0.000206
1592806778570111,4.999844,1.000541,4.999929,0.999784,0.012370,-0.016680,0.000210
1592806778601931,4.999823,1.001040,4.999940,0.999784,0.012368,-0.016679,0.000221
1592806778635360,4.999886,1.000958,4.999842,0.999784,0.012357,-0.016686,0.000234
1592806778669624,4.999851,1.000506,4.999945,0.999784,0.012360,-0.016704,0.000222
1592806778703755,4.999836,1.000973,4.999966,0.999784,0.012361,-0.016706,0.000217
1592806778737059,4.999907,1.000869,4.999939,0.999784,0.012381,-0.016701,0.000228
1592806778770098,4.999915,1.001011,4.999914,0.999783,0.012417,-0.016733,0.000238
1592806778803835,4.999618,1.000373,5.000108,0.999784,0.012372,-0.016711,0.000196
1592806778836773,4.999508,1.000770,5.000165,0.999784,0.012382,-0.016717,0.000189
1592806778869656,4.999797,1.000614,4.999973,0.999783,0.012412,-0.016724,0.000166
1592806778902198,4.999750,1.001090,4.999973,0.999783,0.012422,-0.016729,0.000163
1592806778934840,4.999619,1.001031,5.000135,0.999784,0.012406,-0.016692,0.000168
1592806778967283,4.999804,1.000936,5.000002,0.999784,0.012404,-0.016671,0.000173
1592806778999965,4.999774,1.000978,5.000045,0.999785,0.012387,-0.016656,0.000177
1592806779035478,4.999857,1.000921,4.999965,0.999784,0.012402,-0.016680,0.000147
1592806779070545,4.999938,1.000526,4.999979,0.999785,0.012391,-0.016648,0.000167
1592806779105036,4.999675,1.000610,5.000023,0.999785,0.012358,-0.016667,0.000155
1592806779138823,4.999818,1.000533,4.999966,0.999785,0.012376,-0.016649,0.000160
1592806779172803,4.999779,1.000978,4.999979,0.999785,0.012377,-0.016636,0.000152
1592806779207665,4.999772,1.000517,4.999992,0.999785,0.012359,-0.016668,0.000187
1592806779241662,4.999843,1.000531,4.999980,0.999784,0.012381,-0.016680,0.000167
1592806779280055,4.999824,1.000620,5.000006,0.999785,0.012365,-0.016664,0.000192
1592806779316891,4.999820,1.000647,4.999928,0.999785,0.012373,-0.016666,0.000171
1592806779350234,4.999774,1.000670,4.999934,0.999785,0.012347,-0.016671,0.000165
1592806779383151,4.999830,1.000655,4.999959,0.999785,0.012368,-0.016665,0.000154
1592806779416326,4.999891,1.000591,4.999985,0.999785,0.012356,-0.016658,0.000144
1592806779449312,4.999749,1.000591,5.000063,0.999785,0.012337,-0.016659,0.000144
1592806779482399,4.999680,1.000693,5.000027,0.999785,0.012350,-0.016670,0.000140
1592806779515110,4.999783,1.000470,5.000165,0.999784,0.012380,-0.016703,0.000136
1592806779547605,4.999860,1.000648,5.000007,0.999784,0.012381,-0.016674,0.000150
1592806779581822,4.999815,1.000665,4.999966,0.999784,0.012383,-0.016678,0.000150
1592806779620987,4.999923,1.000650,4.999868,0.999784,0.012378,-0.016677,0.000160
1592806779659360,4.999618,1.000923,5.000040,0.999784,0.012380,-0.016691,0.000139
1592806779695907,4.999841,1.000803,4.999955,0.999784,0.012398,-0.016674,0.000156
1592806779731332,4.999881,1.000780,4.999917,0.999784,0.012400,-0.016669,0.000138
1592806779767167,4.999723,1.000966,5.000085,0.999785,0.012384,-0.016621,0.000128
1592806779801327,4.999651,1.001006,5.000059,0.999785,0.012368,-0.016642,0.000170
1592806779835787,4.999547,1.001023,5.000114,0.999785,0.012344,-0.016634,0.000190
1592806779868694,4.999557,1.000323,5.000174,0.999785,0.012321,-0.016670,0.000192
1592806779900214,4.999475,1.000643,5.000285,0.999785,0.012316,-0.016662,0.000213
1592806779931634,4.999775,1.000824,5.000039,0.999785,0.012331,-0.016657,0.000217
1592806779963316,4.999784,1.001016,4.999803,0.999785,0.012325,-0.016670,0.000212
1592806779994889,4.999882,1.000839,4.999881,0.999785,0.012326,-0.016677,0.000219
1592806780034943,4.999681,1.000992,5.000054,0.999785,0.012290,-0.016680,0.000218
1592806780071101,4.999710,1.000480,4.999960,0.999786,0.012277,-0.016668,0.000223
1592806780106242,4.999758,1.000498,4.999951,0.999786,0.012273,-0.016660,0.000229
1592806780139513,4.999634,1.000508,4.999961,0.999786,0.012286,-0.016656,0.000221
1592806780172911,4.999867,1.000465,4.999912,0.999786,0.012321,-0.016618,0.000213
1592806780206674,4.999743,1.000495,4.999978,0.999786,0.012318,-0.016613,0.000210
1592806780241006,4.999550,1.000653,5.000033,0.999786,0.012304,-0.016609,0.000212
1592806780272159,4.999752,1.000513,4.999933,0.999786,0.012315,-0.016599,0.000221
1592806780305205,4.999719,1.000534,5.000043,0.999786,0.012317,-0.016594,0.000217
1592806780339624,4.999817,1.000532,4.999960,0.999787,0.012285,-0.016597,0.000231
1592806780372139,4.999785,1.000948,4.999992,0.999787,0.012281,-0.016579,0.000220
1592806780405381,4.999641,1.000532,5.000015,0.999787,0.012270,-0.016578,0.000200
1592806780439188,4.999542,1.000634,5.000052,0.999787,0.012282,-0.016566,0.000220
1592806780472764,4.999413,1.000427,5.000248,0.999788,0.012273,-0.016561,0.000202
1592806780506012,4.999383,1.000623,5.000146,0.999787,0.012294,-0.016578,0.000202
1592806780539168,4.999578,1.000625,5.000051,0.999787,0.012276,-0.016572,0.000213
1592806780571925,4.999809,1.000493,4.999937,0.999787,0.012301,-0.016568,0.000189
1592806780605706,4.999751,1.000537,4.999959,0.999787,0.012280,-0.016585,0.000164
1592806780639433,4.999751,1.000533,4.999980,0.999787,0.012284,-0.016589,0.000178
1592806780672067,4.999717,1.001008,4.999939,0.999787,0.012295,-0.016578,0.000192
1592806780704800,4.999741,1.000524,5.000000,0.999787,0.012291,-0.016602,0.000181
1592806780736989,4.999679,1.000915,5.000014,0.999787,0.012291,-0.016596,0.000175
1592806780772967,4.999568,1.000626,5.000059,0.999787,0.012280,-0.016593,0.000160
1592806780808106,4.999607,1.000544,5.000028,0.999787,0.012289,-0.016579,0.000152
1592806780843530,4.999709,1.000304,5.000060,0.999787,0.012297,-0.016571,0.000180
1592806780877285,4.999883,1.000603,4.999961,0.999787,0.012313,-0.016561,0.000196
1592806780911380,4.999736,1.000396,5.000079,0.999787,0.012295,-0.016585,0.000195
1592806780946793,4.999690,1.000663,4.999975,0.999787,0.012284,-0.016573,0.000213
1592806780981725,4.999678,1.000671,4.999977,0.999787,0.012292,-0.016584,0.000184
1592806781013514,4.999611,1.000661,4.999981,0.999786,0.012304,-0.016607,0.000219
1592806781047551,4.999672,1.000733,4.999993,0.999787,0.012308,-0.016589,0.000203
1592806781081346,4.999761,1.000607,4.999936,0.999787,0.012278,-0.016590,0.000196
1592806781115872,4.999784,1.000623,4.999998,0.999787,0.012260,-0.016618,0.000207
1592806781153387,4.999747,1.000666,4.999952,0.999787,0.012235,-0.016635,0.000181
1592806781191470,4.999678,1.000736,5.000013,0.999787,0.012242,-0.016642,0.000192
1592806781226854,4.999749,1.000664,4.999973,0.999786,0.012262,-0.016637,0.000197
1592806781261958,4.999677,1.000676,5.000002,0.999787,0.012267,-0.016618,0.000212
1592806781295875,4.999557,1.000952,4.999973,0.999786,0.012285,-0.016631,0.000211
1592806781329526,4.999451,1.000862,5.000010,0.999786,0.012278,-0.016633,0.000194
1592806781362330,4.999641,1.000878,5.000040,0.999786,0.012291,-0.016614,0.000219
1592806781395717,4.999613,1.000730,4.999982,0.999786,0.012320,-0.016622,0.000228
1592806781429073,4.999630,1.000946,5.000033,0.999786,0.012345,-0.016623,0.000230
1592806781461847,4.999607,1.000899,5.000060,0.999786,0.012314,-0.016597,0.000249
1592806781493654,4.999743,1.000848,4.999997,0.999786,0.012315,-0.016620,0.000258
1592806781526875,4.999516,1.000925,4.999986,0.999786,0.012307,-0.016635,0.000256
1592806781559124,4.999354,1.000975,5.000109,0.999786,0.012289,-0.016623,0.000251
1592806781593547,4.999677,1.000767,5.000028,0.999786,0.012310,-0.016646,0.000227
1592806781626993,4.999744,1.000842,5.000014,0.999785,0.012324,-0.016668,0.000207
1592806781659492,4.999620,1.000767,5.000074,0.999785,0.012317,-0.016697,0.000186
1592806781691378,4.999572,1.000806,5.000155,0.999785,0.012294,-0.016690,0.000218
1592806781725107,4.999852,1.000644,5.000019,0.999785,0.012309,-0.016684,0.000231
1592806781757374,4.999725,1.000759,4.999923,0.999785,0.012311,-0.016707,0.000223
1592806781789877,4.999651,1.000607,4.999968,0.999784,0.012318,-0.016711,0.000222
1592806781822856,4.999539,1.000790,5.000050,0.999785,0.012304,-0.016690,0.000223
1592806781855337,4.999628,1.000711,4.999968,0.999785,0.012326,-0.016701,0.000210
1592806781887657,4.999609,1.000677,5.000044,0.999784,0.012335,-0.016708,0.000165
1592806781920749,4.999799,1.000642,4.999947,0.999785,0.012331,-0.016691,0.000168
1592806781952840,4.999828,1.000406,5.000157,0.999784,0.012341,-0.016701,0.000147
1592806781985399,4.999945,1.000645,5.000016,0.999785,0.012348,-0.016686,0.000158
1592806782022293,4.999749,1.000782,5.000013,0.999785,0.012328,-0.016681,0.000203
1592806782057525,4.999858,1.000724,4.999929,0.999785,0.012314,-0.016698,0.000212
1592806782091224,4.999599,1.000841,5.000079,0.999785,0.012303,-0.016708,0.000201
1592806782124430,4.999673,1.000669,5.000041,0.999785,0.012284,-0.016698,0.000204
1592806782158455,4.999566,1.000815,5.000083,0.999785,0.012276,-0.016699,0.000194
1592806782194843,4.999690,1.000689,5.000062,0.999785,0.012282,-0.016709,0.000198
1592806782230097,4.999682,1.000735,4.999929,0.999785,0.012305,-0.016708,0.000233
1592806782264259,4.999712,1.000738,5.000052,0.999785,0.012293,-0.016707,0.000197
1592806782297895,4.999566,1.000866,5.000012,0.999785,0.012294,-0.016682,0.000183
1592806782330681,4.999626,1.000812,4.999989,0.999785,0.012319,-0.016676,0.000172
1592806782363936,5.000004,1.000638,4.999912,0.999786,0.012328,-0.016643,0.000163
1592806782397714,4.999623,1.000642,5.000220,0.999785,0.012335,-0.016659,0.000169
1592806782430945,4.999532,1.001074,5.000160,0.999785,0.012340,-0.016668,0.000151
1592806782464170,4.999610,1.000508,5.000249,0.999785,0.012349,-0.016687,0.000156
1592806782497967,4.999562,1.000877,5.000100,0.999785,0.012333,-0.016673,0.000170
1592806782532386,4.999646,1.001040,5.000050,0.999785,0.012348,-0.016670,0.000176
1592806782566001,4.999853,1.000866,4.999928,0.999785,0.012339,-0.016675,0.000166
1592806782598764,4.999752,1.000845,4.999996,0.999785,0.012349,-0.016672,0.000187
1592806782631610,4.999629,1.000875,5.000100,0.999785,0.012326,-0.016678,0.000164
1592806782664686,4.999614,1.000481,5.000164,0.999785,0.012310,-0.016686,0.000138
1592806782706113,4.999876,1.000524,4.999977,0.999785,0.012317,-0.016686,0.000147
1592806782747360,5.000029,1.000518,4.999891,0.999785,0.012337,-0.016690,0.000174
1592806782785678,4.999777,1.000401,5.000131,0.999785,0.012324,-0.016690,0.000154
1592806782823338,4.999743,1.000717,5.000022,0.999785,0.012307,-0.016677,0.000182
1592806782857854,4.999677,1.000819,4.999942,0.999785,0.012287,-0.016676,0.000189
1592806782892351,4.999772,1.000701,4.999937,0.999785,0.012302,-0.016682,0.000178
1592806782925755,4.999692,1.000649,5.000031,0.999785,0.012301,-0.016686,0.000174
1592806782957973,4.999640,1.000708,5.000072,0.999785,0.012307,-0.016688,0.000181
1592806782990509,4.999798,1.000707,4.999957,0.999785,0.012329,-0.016683,0.000187
1592806783026265,4.999642,1.000825,5.000034,0.999785,0.012297,-0.016670,0.000194
1592806783060241,4.999792,1.000702,4.999938,0.999785,0.012303,-0.016674,0.000200
1592806783095915,4.999572,1.000503,5.000257,0.999785,0.012290,-0.016687,0.000217
1592806783133417,4.999838,1.000808,5.000019,0.999784,0.012321,-0.016708,0.000258
1592806783170485,4.999599,1.000302,5.000109,0.999785,0.012289,-0.016705,0.000259
1592806783212865,4.999671,1.000546,4.999969,0.999786,0.012292,-0.016667,0.000284
1592806783248741,4.999760,1.000580,4.999945,0.999785,0.012302,-0.016664,0.000261
1592806783282468,4.999567,1.000620,5.000009,0.999786,0.012281,-0.016660,0.000256
1592806783316657,4.999375,1.000754,5.000068,0.999786,0.012268,-0.016641,0.000275
1592806783353418,4.999341,1.000482,5.000257,0.999786,0.012244,-0.016650,0.000244
1592806783387003,4.999382,1.000824,5.000133,0.999786,0.012249,-0.016673,0.000252
1592806783420741,4.999680,1.000744,4.999917,0.999786,0.012274,-0.016648,0.000250
1592806783453336,4.999862,1.000562,4.999899,0.999786,0.012282,-0.016645,0.000241
1592806783486528,4.999952,1.000553,4.999815,0.999786,0.012317,-0.016644,0.000214
1592806783520169,4.999846,1.000595,4.999940,0.999786,0.012269,-0.016629,0.000206
1592806783553862,4.999762,1.000636,4.999949,0.999786,0.012310,-0.016639,0.000210
1592806783587879,4.999733,1.000633,5.000059,0.999786,0.012318,-0.016639,0.000230
1592806783621540,4.999552,1.000686,5.000124,0.999786,0.012306,-0.016634,0.000221
1592806783655048,4.999384,1.000533,5.000211,0.999786,0.012296,-0.016664,0.000221
1592806783689610,4.999588,1.000756,5.000061,0.999786,0.012309,-0.016647,0.000186
1592806783724457,4.999800,1.000692,4.999944,0.999785,0.012337,-0.016686,0.000192
1592806783759263,4.999922,1.000693,4.999877,0.999785,0.012331,-0.016671,0.000190
1592806783793878,4.999816,1.000707,4.999954,0.999786,0.012310,-0.016653,0.000182
1592806783827986,4.999957,1.000641,4.999894,0.999786,0.012327,-0.016638,0.000210
1592806783863540,4.999814,1.000738,4.999908,0.999785,0.012329,-0.016653,0.000212
1592806783898564,4.999651,1.000833,5.000144,0.999786,0.012313,-0.016633,0.000225
1592806783933927,4.999550,1.000892,5.000121,0.999785,0.012300,-0.016669,0.000249
1592806783969222,4.999449,1.000921,5.000128,0.999786,0.012287,-0.016655,0.000240
1592806784004367,4.999534,1.000898,5.000101,0.999786,0.012290,-0.016618,0.000265
1592806784040077,4.999639,1.000534,4.999990,0.999786,0.012273,-0.016629,0.000242
1592806784076401,4.999640,1.000597,5.000021,0.999786,0.012278,-0.016627,0.000238
1592806784113083,4.999655,1.000664,5.000072,0.999786,0.012301,-0.016620,0.000254
1592806784150018,4.999660,1.000633,4.999987,0.999786,0.012290,-0.016625,0.000242
1592806784185982,4.999516,1.000654,5.000064,0.999787,0.012284,-0.016610,0.000258
1592806784222571,4.999561,1.000761,5.000111,0.999786,0.012325,-0.016635,0.000238
1592806784259274,4.999655,1.000784,5.000024,0.999786,0.012326,-0.016628,0.000212
1592806784295805,4.999832,1.000779,4.999988,0.999786,0.012325,-0.016637,0.000214
1592806784332261,4.999608,1.000793,5.000075,0.999786,0.012284,-0.016631,0.000245
1592806784368787,4.999500,1.000916,5.000048,0.999786,0.012280,-0.016626,0.000241
1592806784404406,4.999492,1.000559,5.000068,0.999787,0.012277,-0.016609,0.000227
1592806784439875,4.999535,1.000595,5.000045,0.999786,0.012316,-0.016611,0.000226
1592806784475439,4.999566,1.000574,5.000020,0.999786,0.012309,-0.016607,0.000231
1592806784514727,4.999810,1.000581,4.999934,0.999786,0.012319,-0.016614,0.000236
1592806784558383,4.999608,1.000729,5.000013,0.999786,0.012315,-0.016603,0.000255
1592806784602047,4.999679,1.000820,5.000046,0.999787,0.012292,-0.016599,0.000239
1592806784637301,4.999775,1.000746,4.999920,0.999786,0.012296,-0.016611,0.000230
1592806784672055,4.999670,1.000474,5.000006,0.999786,0.012296,-0.016614,0.000251
1592806784707681,4.999745,1.000476,4.999976,0.999786,0.012307,-0.016647,0.000229
1592806784743635,4.999690,1.000556,4.999967,0.999786,0.012332,-0.016637,0.000222
1592806784780337,4.999615,1.000683,4.999970,0.999786,0.012305,-0.016631,0.000223
1592806784816505,4.999772,1.000592,4.999958,0.999785,0.012353,-0.016647,0.000203
1592806784853126,4.999822,1.000570,4.999995,0.999785,0.012343,-0.016653,0.000198
1592806784894996,4.999599,1.000849,5.000073,0.999785,0.012330,-0.016648,0.000200
1592806784930768,4.999770,1.000783,5.000065,0.999784,0.012374,-0.016674,0.000165
1592806784967136,4.999954,1.000631,4.999956,0.999785,0.012384,-0.016660,0.000172
1592806785004014,4.999944,1.000412,4.999959,0.999784,0.012372,-0.016677,0.000196
1592806785040561,4.999776,1.000475,4.999997,0.999785,0.012337,-0.016667,0.000198
1592806785077049,4.999842,1.000446,4.999941,0.999785,0.012359,-0.016640,0.000202
1592806785113358,4.999710,1.000565,5.000039,0.999785,0.012345,-0.016668,0.000180
1592806785149454,4.999548,1.000635,5.000093,0.999785,0.012338,-0.016653,0.000158
1592806785190431,4.999777,1.000659,5.000084,0.999785,0.012346,-0.016641,0.000145
1592806785227608,4.999987,1.000622,4.999938,0.999786,0.012347,-0.016616,0.000177
1592806785263961,5.000012,1.000727,4.999872,0.999786,0.012364,-0.016611,0.000178
1592806785300257,4.999763,1.000803,4.999979,0.999786,0.012351,-0.016602,0.000171
1592806785336697,4.999938,1.000805,4.999972,0.999786,0.012333,-0.016613,0.000168
1592806785372816,4.999630,1.000537,5.000060,0.999785,0.012344,-0.016633,0.000177
1592806785409167,4.999894,1.000453,5.000049,0.999787,0.012311,-0.016587,0.000173
1592806785447721,4.999804,1.000619,4.999970,0.999786,0.012311,-0.016596,0.000200
1592806785487543,4.999899,1.000607,4.999912,0.999786,0.012314,-0.016612,0.000167
1592806785529502,4.999920,1.000645,4.999953,0.999786,0.012323,-0.016608,0.000146
1592806785565955,4.999944,1.000695,4.999876,0.999787,0.012307,-0.016588,0.000133
1592806785602265,4.999962,1.000716,4.999962,0.999787,0.012283,-0.016586,0.000112
1592806785639218,4.999957,1.000459,4.999960,0.999786,0.012306,-0.016617,0.000117
1592806785675850,5.000062,1.000448,4.999872,0.999786,0.012312,-0.016628,0.000121
1592806785711420,4.999990,1.000439,4.999899,0.999787,0.012290,-0.016606,0.000122
1592806785746951,4.999979,1.000204,5.000016,0.999787,0.012282,-0.016607,0.000120
1592806785782360,5.000081,1.000434,4.999884,0.999786,0.012313,-0.016597,0.000120
1592806785817597,4.999913,1.000342,5.000072,0.999787,0.012284,-0.016608,0.000117
1592806785852067,5.000054,1.000451,4.999878,0.999787,0.012279,-0.016588,0.000130
1592806785887907,5.000110,1.000630,4.999838,0.999787,0.012279,-0.016604,0.000119
1592806785923332,4.999741,1.000728,4.999951,0.999787,0.012276,-0.016614,0.000121
1592806785958207,4.999707,1.000682,5.000005,0.999787,0.012253,-0.016607,0.000126
1592806785993376,4.999928,1.000601,4.999943,0.999786,0.012281,-0.016636,0.000125
1592806786028824,4.999740,1.000764,5.000031,0.999786,0.012272,-0.016634,0.000137
1592806786064244,4.999696,1.000770,5.000021,0.999786,0.012267,-0.016641,0.000130
1592806786099644,4.999926,1.000630,4.999912,0.999786,0.012284,-0.016657,0.000172
1592806786134920,4.999822,1.000686,4.999963,0.999786,0.012273,-0.016656,0.000158
1592806786170817,4.999821,1.000395,4.999942,0.999786,0.012267,-0.016652,0.000159
1592806786206926,4.999919,1.000376,4.999900,0.999786,0.012272,-0.016658,0.000139
1592806786243357,4.999990,1.000173,5.000007,0.999786,0.012267,-0.016671,0.000152
1592806786279890,5.000096,1.000406,4.999911,0.999787,0.012241,-0.016639,0.000173
1592806786316367,5.000119,1.000483,4.999883,0.999786,0.012231,-0.016663,0.000160
1592806786352775,5.000094,1.000387,4.999853,0.999786,0.012259,-0.016671,0.000159
1592806786389135,5.000073,1.000496,4.999825,0.999786,0.012263,-0.016632,0.000158
1592806786425580,4.999673,1.000353,5.000147,0.999787,0.012245,-0.016630,0.000169
1592806786462076,4.999866,1.000650,4.999990,0.999787,0.012257,-0.016592,0.000186
1592806786498371,4.999935,1.000726,4.999872,0.999788,0.012251,-0.016566,0.000197
1592806786534511,4.999732,1.000860,4.999942,0.999787,0.012279,-0.016592,0.000219
1592806786570125,4.999715,1.000435,4.999984,0.999786,0.012298,-0.016623,0.000228
1592806786605612,4.999833,1.000399,4.999904,0.999786,0.012322,-0.016626,0.000228
1592806786640623,4.999690,1.000513,5.000000,0.999785,0.012337,-0.016650,0.000230
1592806786676223,4.999387,1.000392,5.000211,0.999785,0.012314,-0.016665,0.000245
1592806786711812,4.999453,1.000585,5.000117,0.999785,0.012329,-0.016673,0.000215
1592806786746653,4.999560,1.000602,5.000073,0.999786,0.012316,-0.016645,0.000212
1592806786782895,4.999780,1.000483,5.000024,0.999785,0.012326,-0.016654,0.000245
1592806786817467,4.999670,1.000623,5.000063,0.999785,0.012326,-0.016655,0.000235
1592806786856703,4.999556,1.000659,5.000058,0.999785,0.012312,-0.016660,0.000205
1592806786895327,4.999482,1.000807,5.000086,0.999786,0.012299,-0.016647,0.000214
1592806786935555,4.999792,1.000619,4.999943,0.999786,0.012303,-0.016627,0.000249
1592806786975323,4.999845,1.000452,4.999912,0.999786,0.012295,-0.016616,0.000263
1592806787009920,4.999664,1.000506,4.999965,0.999786,0.012299,-0.016636,0.000250
1592806787046204,4.999747,1.000462,4.999967,0.999786,0.012297,-0.016659,0.000246
1592806787081634,4.999677,1.000519,4.999979,0.999786,0.012274,-0.016667,0.000230
1592806787117232,4.999833,1.000558,4.999974,0.999786,0.012276,-0.016637,0.000270
1592806787152764,4.999938,1.000454,4.999890,0.999786,0.012272,-0.016625,0.000280
1592806787188476,4.999691,1.000627,5.000000,0.999787,0.012251,-0.016611,0.000276
1592806787224979,4.999511,1.000711,5.000033,0.999787,0.012249,-0.016622,0.000265
1592806787262848,4.999717,1.000806,4.999954,0.999787,0.012263,-0.016613,0.000245
1592806787302676,4.999703,1.000452,4.999957,0.999786,0.012253,-0.016640,0.000213
1592806787338803,4.999650,1.000438,5.000054,0.999786,0.012260,-0.016670,0.000198
1592806787374853,4.999666,1.000452,5.000032,0.999786,0.012270,-0.016674,0.000183
1592806787411058,4.999854,1.000449,4.999958,0.999786,0.012276,-0.016659,0.000148
1592806787447423,4.999819,1.000496,4.999934,0.999786,0.012261,-0.016644,0.000164
1592806787483676,4.999705,1.000231,5.000191,0.999786,0.012269,-0.016661,0.000152
1592806787520128,5.000015,1.000468,5.000000,0.999786,0.012285,-0.016649,0.000171
1592806787556765,5.000129,1.000563,4.999834,0.999786,0.012292,-0.016657,0.000172
1592806787592803,5.000107,1.000567,4.999827,0.999786,0.012287,-0.016657,0.000188
1592806787631066,4.999959,1.000586,4.999892,0.999786,0.012277,-0.016662,0.000208
1592806787669175,4.999923,1.000724,5.000020,0.999786,0.012290,-0.016647,0.000200
1592806787705092,4.999737,1.000510,4.999949,0.999786,0.012286,-0.016623,0.000194
1592806787740565,4.999678,1.000478,5.000017,0.999786,0.012304,-0.016608,0.000193
1592806787775996,4.999807,1.000427,4.999976,0.999787,0.012288,-0.016577,0.000208
1592806787811594,4.999611,1.000556,5.000076,0.999787,0.012305,-0.016582,0.000215
1592806787847108,4.999415,1.000695,5.000139,0.999787,0.012278,-0.016568,0.000226
1592806787882237,4.999632,1.000591,5.000061,0.999787,0.012278,-0.016585,0.000225
1592806787917252,4.999561,1.000599,5.000171,0.999787,0.012266,-0.016579,0.000240
1592806787952244,4.999770,1.000571,5.000043,0.999787,0.012270,-0.016587,0.000233
1592806787986753,4.999617,1.000711,5.000037,0.999787,0.012274,-0.016586,0.000214
1592806788021671,4.999717,1.000615,4.999982,0.999787,0.012276,-0.016580,0.000220
1592806788056508,4.999689,1.000663,4.999918,0.999788,0.012251,-0.016547,0.000256
1592806788091838,4.999732,1.000356,5.000034,0.999788,0.012234,-0.016572,0.000258
1592806788127471,4.999850,1.000694,4.999919,0.999788,0.012245,-0.016579,0.000259
1592806788163645,4.999686,1.000768,4.999918,0.999787,0.012248,-0.016589,0.000253
1592806788200685,4.999506,1.000741,4.999832,0.999788,0.012246,-0.016577,0.000280
1592806788236264,4.999969,1.000357,4.999812,0.999787,0.012286,-0.016612,0.000250
1592806788272438,4.999941,1.000379,4.999876,0.999786,0.012294,-0.016630,0.000253
1592806788308549,4.999828,1.000444,4.999938,0.999786,0.012310,-0.016646,0.000251
1592806788344878,4.999883,1.000469,4.999925,0.999786,0.012325,-0.016641,0.000260
1592806788381211,4.999682,1.000601,4.999998,0.999786,0.012305,-0.016652,0.000236
1592806788416678,4.999497,1.000698,5.000140,0.999785,0.012312,-0.016657,0.000248
1592806788452786,4.999667,1.000642,5.000025,0.999785,0.012317,-0.016663,0.000247
1592806788489032,4.999484,1.000736,5.000118,0.999785,0.012316,-0.016676,0.000231
1592806788525424,4.999453,1.000731,5.000146,0.999785,0.012304,-0.016685,0.000234
1592806788561689,4.999703,1.000697,5.000030,0.999786,0.012298,-0.016659,0.000237
1592806788597469,4.999893,1.000661,4.999931,0.999786,0.012304,-0.016650,0.000235
1592806788633800,4.999895,1.000533,4.999912,0.999785,0.012299,-0.016664,0.000211
1592806788669459,4.999902,1.000746,4.999973,0.999785,0.012300,-0.016664,0.000206
1592806788704576,4.999635,1.000479,5.000002,0.999786,0.012280,-0.016643,0.000202
1592806788739795,4.999709,1.000350,4.999957,0.999786,0.012278,-0.016633,0.000217
1592806788775060,4.999596,1.000489,5.000046,0.999786,0.012297,-0.016624,0.000213
1592806788809687,4.999530,1.000579,5.000074,0.999786,0.012284,-0.016624,0.000203
1592806788845701,4.999571,1.000610,5.000049,0.999786,0.012285,-0.016638,0.000211
1592806788880841,4.999643,1.000538,5.000093,0.999787,0.012272,-0.016614,0.000214
1592806788915943,4.999821,1.000498,5.000012,0.999786,0.012289,-0.016627,0.000188
1592806788951332,4.999899,1.000594,4.999962,0.999786,0.012312,-0.016632,0.000179
1592806788986653,4.999781,1.000545,4.999938,0.999786,0.012285,-0.016626,0.000167
1592806789022423,4.999744,1.000602,5.000039,0.999786,0.012304,-0.016602,0.000174
1592806789058043,4.999861,1.000586,4.999911,0.999787,0.012310,-0.016594,0.000163
1592806789093335,5.000039,1.000551,4.999847,0.999786,0.012331,-0.016594,0.000156
1592806789128892,4.999705,1.000770,5.000010,0.999786,0.012305,-0.016627,0.000156
1592806789164631,4.999636,1.000737,4.999992,0.999786,0.012286,-0.016641,0.000137
1592806789201592,4.999658,1.000715,5.000114,0.999786,0.012282,-0.016655,0.000140
1592806789238049,4.999945,1.000308,4.999962,0.999785,0.012322,-0.016660,0.000146
1592806789274754,4.999958,1.000317,4.999976,0.999785,0.012307,-0.016670,0.000159
1592806789310916,5.000167,1.000336,4.999900,0.999786,0.012292,-0.016657,0.000161
1592806789347519,5.000252,1.000348,4.999705,0.999786,0.012292,-0.016639,0.000176
1592806789383348,4.999951,1.000490,4.999846,0.999786,0.012263,-0.016645,0.000189
1592806789420265,4.999699,1.000300,5.000185,0.999786,0.012263,-0.016678,0.000198
1592806789456594,4.999866,1.000547,4.999872,0.999786,0.012279,-0.016663,0.000188
1592806789495210,4.999752,1.000748,4.999968,0.999786,0.012257,-0.016674,0.000203
1592806789540398,4.999902,1.000386,4.999982,0.999786,0.012284,-0.016666,0.000196
1592806789575834,4.999834,1.000429,4.999927,0.999786,0.012281,-0.016674,0.000188
1592806789611035,4.999782,1.000473,5.000018,0.999786,0.012291,-0.016663,0.000171
1592806789646696,4.999893,1.000494,5.000010,0.999786,0.012294,-0.016665,0.000188
1592806789681682,4.999733,1.000497,5.000031,0.999786,0.012277,-0.016661,0.000178
1592806789718492,4.999734,1.000523,5.000123,0.999786,0.012266,-0.016638,0.000177
1592806789753967,4.999863,1.000480,4.999982,0.999786,0.012274,-0.016641,0.000170
1592806789788808,4.999648,1.000565,5.000054,0.999786,0.012273,-0.016635,0.000149
1592806789824014,4.999876,1.000576,5.000019,0.999786,0.012292,-0.016619,0.000151
1592806789859762,4.999866,1.000638,4.999970,0.999786,0.012297,-0.016615,0.000133
1592806789895971,4.999855,1.000641,4.999994,0.999787,0.012275,-0.016607,0.000115
1592806789932214,4.999903,1.000590,4.999889,0.999787,0.012281,-0.016589,0.000124
1592806789967909,4.999969,1.000578,4.999905,0.999787,0.012284,-0.016603,0.000157
1592806790003502,4.999866,1.000451,5.000207,0.999787,0.012266,-0.016623,0.000161
1592806790038782,4.999763,1.000472,5.000007,0.999787,0.012226,-0.016606,0.000193
1592806790073737,4.999714,1.000446,5.000032,0.999787,0.012245,-0.016623,0.000170
1592806790114120,4.999938,1.000377,4.999897,0.999787,0.012255,-0.016612,0.000154
1592806790153666,4.999855,1.000498,4.999938,0.999787,0.012257,-0.016608,0.000166
1592806790194949,4.999838,1.000667,4.999978,0.999787,0.012250,-0.016619,0.000154
1592806790236368,4.999759,1.000363,5.000068,0.999787,0.012260,-0.016606,0.000139
1592806790272748,4.999934,1.000360,4.999878,0.999787,0.012257,-0.016594,0.000146
1592806790308966,5.000106,1.000325,4.999792,0.999787,0.012254,-0.016586,0.000151
1592806790349628,5.000112,1.000467,4.999852,0.999787,0.012258,-0.016590,0.000153
1592806790387278,4.999775,1.000314,5.000088,0.999787,0.012254,-0.016591,0.000175
1592806790423702,4.999717,1.000648,4.999921,0.999788,0.012248,-0.016572,0.000174
1592806790459925,4.999502,1.000429,5.000191,0.999788,0.012245,-0.016574,0.000165
1592806790496439,4.999754,1.000667,4.999995,0.999788,0.012258,-0.016557,0.000202
1592806790532684,4.999759,1.000723,4.999919,0.999788,0.012247,-0.016544,0.000200
1592806790568793,4.999775,1.000774,4.999945,0.999788,0.012263,-0.016540,0.000193
1592806790604188,4.999854,1.000394,4.999923,0.999788,0.012256,-0.016544,0.000218
1592806790639600,4.999925,1.000441,4.999937,0.999788,0.012255,-0.016536,0.000222
1592806790675377,4.999852,1.000429,4.999898,0.999788,0.012255,-0.016554,0.000216
1592806790710896,4.999651,1.000496,4.999998,0.999788,0.012252,-0.016557,0.000223
1592806790745938,4.999456,1.000607,5.000074,0.999788,0.012269,-0.016550,0.000205
1592806790785487,4.999706,1.000508,4.999948,0.999787,0.012276,-0.016567,0.000204
1592806790821217,4.999844,1.000257,5.000033,0.999787,0.012265,-0.016585,0.000198
1592806790856716,4.999812,1.000238,5.000056,0.999787,0.012247,-0.016589,0.000200
1592806790892820,4.999721,1.000702,5.000001,0.999787,0.012265,-0.016609,0.000190
1592806790928160,4.999667,1.000692,5.000016,0.999787,0.012239,-0.016606,0.000179
1592806790962867,4.999790,1.000323,5.000119,0.999787,0.012246,-0.016593,0.000209
1592806790998805,4.999900,1.000620,4.999952,0.999787,0.012279,-0.016582,0.000215
1592806791033920,4.999747,1.000452,5.000027,0.999786,0.012278,-0.016624,0.000201
1592806791069336,4.999753,1.000440,4.999988,0.999787,0.012254,-0.016629,0.000223
1592806791104541,4.999681,1.000457,5.000021,0.999787,0.012253,-0.016619,0.000178
1592806791139891,4.999717,1.000390,5.000003,0.999787,0.012254,-0.016616,0.000182
1592806791175101,4.999911,1.000379,4.999918,0.999787,0.012251,-0.016591,0.000194
1592806791211053,5.000005,1.000417,4.999950,0.999786,0.012276,-0.016630,0.000165
1592806791252450,4.999982,1.000446,4.999937,0.999786,0.012272,-0.016628,0.000172
1592806791288296,4.999856,1.000457,4.999977,0.999787,0.012274,-0.016622,0.000187
1592806791324902,4.999781,1.000581,4.999933,0.999787,0.012264,-0.016620,0.000176
1592806791361456,4.999765,1.000365,5.000142,0.999786,0.012272,-0.016637,0.000175
1592806791397921,4.999810,1.000589,5.000044,0.999786,0.012267,-0.016626,0.000192
1592806791434197,4.999915,1.000832,4.999979,0.999786,0.012290,-0.016634,0.000184
1592806791470290,4.999766,1.000420,4.999983,0.999787,0.012272,-0.016583,0.000155
1592806791511805,4.999875,1.000451,4.999961,0.999787,0.012295,-0.016579,0.000162
1592806791547315,4.999769,1.000528,5.000008,0.999787,0.012306,-0.016560,0.000158
1592806791582926,4.999706,1.000512,5.000049,0.999787,0.012293,-0.016557,0.000195
1592806791618564,4.999618,1.000600,5.000027,0.999787,0.012280,-0.016583,0.000212
1592806791657685,4.999583,1.000605,5.000092,0.999788,0.012260,-0.016565,0.000234
1592806791693254,4.999599,1.000646,4.999935,0.999787,0.012258,-0.016578,0.000228
1592806791728602,4.999847,1.000589,4.999958,0.999787,0.012270,-0.016595,0.000220
1592806791764841,4.999810,1.000362,5.000110,0.999788,0.012228,-0.016573,0.000203
1592806791800210,4.999695,1.000666,5.000021,0.999788,0.012220,-0.016558,0.000209
1592806791835916,4.999496,1.000521,5.000225,0.999788,0.012207,-0.016569,0.000209
1592806791871528,4.999819,1.000394,4.999916,0.999788,0.012210,-0.016587,0.000188
1592806791907381,4.999815,1.000378,4.999936,0.999788,0.012202,-0.016575,0.000179
1592806791943158,4.999734,1.000512,5.000002,0.999788,0.012227,-0.016576,0.000197
1592806791977840,4.999797,1.000378,4.999987,0.999788,0.012216,-0.016566,0.000201
1592806792013729,4.999660,1.000503,4.999990,0.999789,0.012207,-0.016531,0.000213
1592806792049050,4.999843,1.000411,4.999939,0.999788,0.012246,-0.016542,0.000222
1592806792084265,4.999610,1.000311,5.000148,0.999788,0.012235,-0.016535,0.000235
