1592806282769365,9.999993,3.000737,9.999926,0.999967,-0.002135,-0.007868,0.000034
1592806282813478,9.999986,3.000247,9.999792,0.999967,-0.002109,-0.007840,0.000039
1592806282887117,10.000000,3.000377,9.999867,0.999967,-0.002098,-0.007907,0.000042
1592806282978244,10.000006,3.000176,9.999837,0.999967,-0.002125,-0.007898,-0.000017
1592806283082150,10.000008,3.000320,9.999855,0.999967,-0.002122,-0.007853,0.000027
1592806283114700,9.999996,3.000289,9.999801,0.999967,-0.002133,-0.007789,0.000035
1592806283149671,9.999990,3.000377,9.999811,0.999967,-0.002122,-0.007807,0.000031
1592806283187113,9.999996,3.000309,9.999881,0.999968,-0.002145,-0.007781,0.000052
1592806283223187,10.000013,3.000352,9.999868,0.999968,-0.002141,-0.007775,0.000053
1592806283257341,10.000007,3.000441,9.999819,0.999968,-0.002152,-0.007750,0.000064
1592806283290201,10.000012,3.000480,9.999894,0.999968,-0.002156,-0.007752,0.000074
1592806283324358,10.000024,3.000344,9.999873,0.999968,-0.002169,-0.007765,0.000064
1592806283358656,10.000003,3.000366,9.999786,0.999968,-0.002168,-0.007759,0.000055
1592806283391322,10.000001,3.000453,9.999833,0.999967,-0.002172,-0.007777,0.000029
1592806283426824,9.999987,3.000451,9.999793,0.999967,-0.002159,-0.007804,0.000047
1592806283462330,10.000006,3.000518,9.999857,0.999967,-0.002143,-0.007813,0.000068
1592806283497513,10.000002,3.000588,9.999848,0.999967,-0.002161,-0.007807,0.000063
1592806283533146,10.000008,3.000616,9.999828,0.999967,-0.002153,-0.007828,0.000062
1592806283568594,10.000010,3.000601,9.999867,0.999967,-0.002163,-0.007828,0.000100
1592806283602106,10.000002,3.000603,9.999853,0.999967,-0.002188,-0.007859,0.000104
1592806283637094,9.999977,3.000741,9.999781,0.999967,-0.002179,-0.007837,0.000107
1592806283671814,9.999991,3.000671,9.999730,0.999967,-0.002174,-0.007837,0.000073
1592806283705150,10.000004,3.000098,9.999866,0.999967,-0.002183,-0.007872,0.000056
1592806283741013,9.999985,3.000153,9.999729,0.999967,-0.002189,-0.007841,0.000067
1592806283774020,10.000000,3.000124,9.999821,0.999967,-0.002183,-0.007839,0.000046
1592806283807360,10.000001,3.000147,9.999852,0.999967,-0.002168,-0.007854,0.000057
1592806283840825,9.999975,3.000177,9.999559,0.999967,-0.002193,-0.007761,0.000082
1592806283873908,9.999997,3.000171,9.999767,0.999967,-0.002171,-0.007827,0.000064
1592806283905648,9.999997,3.000755,9.999787,0.999967,-0.002206,-0.007834,0.000040
1592806283939788,9.999993,3.000153,9.999862,0.999967,-0.002214,-0.007840,0.000069
1592806283972828,9.999979,3.000701,9.999917,0.999967,-0.002218,-0.007845,0.000059
1592806284004568,9.999999,3.000080,9.999879,0.999967,-0.002230,-0.007837,0.000034
1592806284036485,10.000005,3.000613,9.999963,0.999967,-0.002230,-0.007824,0.000047
1592806284067680,10.000026,3.000619,9.999949,0.999967,-0.002220,-0.007803,0.000050
1592806284101249,10.000007,3.000603,9.999827,0.999967,-0.002205,-0.007807,0.000046
1592806284134106,9.999971,3.000609,9.999928,0.999967,-0.002216,-0.007782,0.000053
1592806284167858,9.999963,3.000584,9.999831,0.999968,-0.002242,-0.007750,0.000061
1592806284201365,9.999984,3.000678,9.999770,0.999968,-0.002225,-0.007752,0.000033
1592806284235039,10.000004,3.000612,9.999774,0.999968,-0.002226,-0.007751,0.000029
1592806284270720,10.000004,3.000702,9.999881,0.999967,-0.002225,-0.007775,0.000050
1592806284304591,9.999981,3.000067,9.999772,0.999968,-0.002215,-0.007741,0.000055
1592806284342530,9.999987,3.000167,9.999789,0.999968,-0.002198,-0.007751,0.000057
1592806284384981,9.999998,3.000412,9.999789,0.999968,-0.002183,-0.007768,0.000056
1592806284420999,9.999914,3.000316,9.999822,0.999967,-0.002190,-0.007806,0.000053
1592806284454649,10.000013,3.000362,9.999878,0.999967,-0.002154,-0.007842,0.000056
1592806284489796,10.000028,3.000417,9.999898,0.999967,-0.002136,-0.007831,0.000067
1592806284524139,10.000012,3.000479,9.999859,0.999967,-0.002154,-0.007841,0.000088
1592806284556520,9.999995,3.000373,9.999917,0.999967,-0.002184,-0.007829,0.000054
1592806284592124,10.000004,3.000367,9.999803,0.999967,-0.002212,-0.007797,0.000056
1592806284626505,10.000012,3.000435,9.999798,0.999967,-0.002193,-0.007808,0.000053
1592806284658743,9.999999,3.000418,9.999781,0.999967,-0.002187,-0.007785,0.000071
1592806284690413,9.999991,3.000385,9.999778,0.999967,-0.002182,-0.007784,0.000080
1592806284722507,9.999973,3.000421,9.999844,0.999967,-0.002205,-0.007777,0.000083
1592806284753322,9.999986,3.000365,9.999835,0.999967,-0.002193,-0.007770,0.000086
1592806284787228,9.999992,3.000316,9.999773,0.999967,-0.002182,-0.007787,0.000095
1592806284823017,10.000008,3.000443,9.999861,0.999967,-0.002205,-0.007777,0.000064
1592806284859433,9.999995,3.000424,9.999810,0.999967,-0.002197,-0.007772,0.000065
1592806284895062,9.999992,3.000484,9.999778,0.999967,-0.002197,-0.007769,0.000046
1592806284930918,9.999969,3.000454,9.999885,0.999967,-0.002214,-0.007795,0.000062
1592806284962783,9.999995,3.000512,9.999829,0.999967,-0.002214,-0.007818,0.000060
1592806284993497,10.000003,3.000402,9.999848,0.999967,-0.002200,-0.007775,0.000072
1592806285024848,9.999982,3.000358,9.999777,0.999967,-0.002189,-0.007778,0.000067
1592806285055834,9.999978,3.000340,9.999747,0.999967,-0.002176,-0.007788,0.000070
1592806285090691,9.999996,3.000380,9.999834,0.999967,-0.002151,-0.007803,0.000050
1592806285123051,10.000002,3.000384,9.999852,0.999967,-0.002144,-0.007833,0.000045
1592806285154557,10.000010,3.000346,9.999816,0.999967,-0.002132,-0.007851,0.000064
1592806285185386,10.000015,3.000231,9.999770,0.999967,-0.002147,-0.007844,0.000077
1592806285215628,10.000015,3.000215,9.999822,0.999967,-0.002167,-0.007868,0.000047
1592806285245397,9.999967,3.000106,9.999481,0.999967,-0.002190,-0.007815,0.000080
1592806285277125,10.000008,3.000131,9.999791,0.999967,-0.002183,-0.007864,0.000076
1592806285308977,10.000018,3.000173,9.999850,0.999967,-0.002167,-0.007881,0.000091
1592806285340616,9.999997,3.000092,9.999836,0.999967,-0.002157,-0.007845,0.000089
1592806285371356,9.999990,3.000610,9.999891,0.999967,-0.002161,-0.007842,0.000073
1592806285402300,10.000004,3.000048,9.999800,0.999967,-0.002171,-0.007825,0.000075
1592806285432427,10.000017,3.000532,9.999825,0.999967,-0.002176,-0.007824,0.000079
1592806285463639,10.000009,3.000516,9.999856,0.999967,-0.002185,-0.007815,0.000063
1592806285501651,9.999997,3.000555,9.999851,0.999967,-0.002188,-0.007836,0.000051
1592806285538687,10.000012,3.000082,9.999796,0.999967,-0.002196,-0.007842,0.000039
1592806285575114,10.000013,3.000113,9.999814,0.999967,-0.002199,-0.007853,0.000023
1592806285610325,10.000000,3.000133,9.999860,0.999967,-0.002205,-0.007861,0.000026
1592806285645280,10.000009,3.000127,9.999848,0.999967,-0.002212,-0.007860,0.000019
1592806285679234,10.000009,3.000195,9.999770,0.999967,-0.002208,-0.007840,0.000032
1592806285719196,10.000004,3.000306,9.999771,0.999967,-0.002206,-0.007854,0.000016
1592806285755245,10.000032,3.000311,9.999876,0.999967,-0.002208,-0.007868,0.000007
1592806285790514,10.000028,3.000373,9.999868,0.999967,-0.002225,-0.007882,0.000020
1592806285825923,10.000003,3.000361,9.999887,0.999967,-0.002220,-0.007876,0.000003
1592806285860173,10.000002,3.000392,9.999794,0.999966,-0.002221,-0.007903,-0.000011
1592806285893763,9.999987,3.000415,9.999781,0.999967,-0.002215,-0.007868,-0.000000
1592806285930683,10.000004,3.000474,9.999842,0.999966,-0.002203,-0.007895,0.000021
1592806285962834,10.000018,3.000422,9.999814,0.999966,-0.002205,-0.007896,0.000026
1592806285994128,10.000013,3.000409,9.999835,0.999966,-0.002188,-0.007903,-0.000012
1592806286026072,10.000010,3.000359,9.999788,0.999966,-0.002176,-0.007909,-0.000007
1592806286059300,10.000031,3.000324,9.999883,0.999967,-0.002176,-0.007900,-0.000017
1592806286091350,10.000036,3.000272,9.999888,0.999966,-0.002190,-0.007899,-0.000011
1592806286126585,10.000019,3.000413,9.999808,0.999966,-0.002210,-0.007893,-0.000001
1592806286157903,10.000007,3.000348,9.999804,0.999966,-0.002212,-0.007895,-0.000010
1592806286190337,9.999992,3.000283,9.999933,0.999967,-0.002237,-0.007856,-0.000017
1592806286223546,9.999991,3.000314,9.999825,0.999967,-0.002249,-0.007841,-0.000027
1592806286256370,9.999972,3.000287,9.999509,0.999967,-0.002264,-0.007810,-0.000022
1592806286288396,10.000011,3.000311,9.999839,0.999966,-0.002248,-0.007896,-0.000027
1592806286319789,10.000013,3.000232,9.999830,0.999966,-0.002268,-0.007896,-0.000002
1592806286350447,9.999982,3.000149,9.999520,0.999967,-0.002278,-0.007863,0.000012
1592806286380197,9.999983,3.000084,9.999453,0.999966,-0.002291,-0.007865,0.000030
1592806286411410,10.000014,3.000166,9.999802,0.999966,-0.002273,-0.007889,0.000043
1592806286441653,9.999993,3.000134,9.999879,0.999966,-0.002258,-0.007892,0.000050
1592806286473611,9.999998,3.000075,9.999783,0.999966,-0.002271,-0.007868,0.000057
1592806286505095,10.000011,3.000082,9.999729,0.999967,-0.002253,-0.007856,0.000057
1592806286536020,10.000007,3.000037,9.999744,0.999967,-0.002242,-0.007866,0.000068
1592806286566140,10.000009,3.000461,9.999772,0.999967,-0.002231,-0.007851,0.000084
1592806286596585,9.999993,3.000513,9.999934,0.999966,-0.002242,-0.007889,0.000091
1592806286628480,9.999996,3.000362,9.999792,0.999966,-0.002242,-0.007904,0.000066
1592806286661042,10.000010,3.000412,9.999815,0.999966,-0.002233,-0.007889,0.000052
1592806286690867,10.000025,3.000271,9.999849,0.999966,-0.002258,-0.007896,0.000013
1592806286721435,10.000018,3.000289,9.999831,0.999966,-0.002264,-0.007873,0.000028
1592806286751451,9.999992,3.000193,9.999877,0.999966,-0.002255,-0.007886,0.000026
1592806286781013,10.000008,3.000286,9.999937,0.999967,-0.002238,-0.007862,0.000029
1592806286811804,10.000023,3.000187,9.999832,0.999967,-0.002252,-0.007864,-0.000003
1592806286843325,10.000019,3.000088,9.999826,0.999967,-0.002248,-0.007849,0.000014
1592806286874078,10.000024,3.000055,9.999800,0.999967,-0.002258,-0.007856,0.000022
1592806286904556,10.000050,3.000520,9.999850,0.999967,-0.002257,-0.007824,0.000047
1592806286935515,10.000008,3.000035,9.999829,0.999967,-0.002259,-0.007856,0.000029
1592806286966903,10.000005,3.000513,9.999930,0.999967,-0.002257,-0.007866,0.000011
1592806286998497,9.999982,3.000447,9.999803,0.999967,-0.002276,-0.007837,0.000025
1592806287031273,9.999996,3.000398,9.999930,0.999967,-0.002272,-0.007842,0.000009
1592806287064249,10.000018,3.000392,9.999879,0.999967,-0.002303,-0.007833,0.000033
1592806287096510,9.999997,3.000348,9.999792,0.999967,-0.002308,-0.007824,0.000027
1592806287128924,9.999982,3.000378,9.999885,0.999967,-0.002292,-0.007820,0.000017
1592806287161603,9.999965,3.000381,9.999805,0.999967,-0.002293,-0.007836,0.000040
1592806287194572,9.999889,3.000292,9.999832,0.999967,-0.002300,-0.007832,0.000040
1592806287227737,10.000018,3.000444,9.999805,0.999967,-0.002289,-0.007828,0.000027
1592806287261442,10.000005,3.000441,9.999881,0.999967,-0.002295,-0.007808,0.000006
1592806287294901,9.999981,3.000289,9.999916,0.999967,-0.002304,-0.007818,-0.000001
1592806287328626,10.000004,3.000388,9.999854,0.999967,-0.002302,-0.007832,-0.000007
1592806287361882,10.000020,3.000407,9.999845,0.999967,-0.002285,-0.007840,-0.000019
1592806287395440,10.000029,3.000431,9.999820,0.999967,-0.002301,-0.007838,-0.000010
1592806287429818,10.000045,3.000362,9.999788,0.999967,-0.002294,-0.007851,-0.000012
1592806287463432,10.000010,3.000337,9.999819,0.999967,-0.002292,-0.007855,-0.000028
1592806287499483,10.000021,3.000200,9.999792,0.999967,-0.002333,-0.007818,-0.000017
1592806287535412,9.999998,3.000000,9.999818,0.999967,-0.002289,-0.007856,0.000000
1592806287570611,10.000014,3.000034,9.999825,0.999967,-0.002282,-0.007858,0.000009
1592806287606354,10.000011,3.000014,9.999774,0.999967,-0.002287,-0.007856,0.000023
1592806287641602,9.999997,3.000075,9.999778,0.999966,-0.002285,-0.007881,0.000041
1592806287676483,9.999992,3.000077,9.999762,0.999966,-0.002257,-0.007880,0.000013
1592806287711589,9.999994,3.000105,9.999747,0.999966,-0.002274,-0.007893,0.000039
1592806287746978,9.999993,3.000119,9.999791,0.999967,-0.002271,-0.007862,0.000026
1592806287782700,9.999977,3.000152,9.999746,0.999967,-0.002277,-0.007867,0.000065
1592806287817475,9.999970,3.000138,9.999708,0.999967,-0.002283,-0.007853,0.000067
1592806287851391,9.999983,3.000192,9.999758,0.999967,-0.002263,-0.007846,0.000065
1592806287884489,9.999983,3.000159,9.999756,0.999967,-0.002266,-0.007837,0.000073
1592806287917751,9.999981,3.000240,9.999881,0.999967,-0.002252,-0.007848,0.000056
1592806287951135,10.000011,3.000273,9.999806,0.999967,-0.002270,-0.007841,0.000054
1592806287984035,10.000022,3.000188,9.999818,0.999967,-0.002250,-0.007831,0.000058
1592806288016285,10.000002,3.000214,9.999802,0.999967,-0.002261,-0.007815,0.000066
1592806288051202,10.000014,3.000213,9.999792,0.999967,-0.002241,-0.007825,0.000065
1592806288084625,10.000013,3.000278,9.999818,0.999967,-0.002250,-0.007845,0.000072
1592806288121056,9.999990,3.000206,9.999752,0.999967,-0.002272,-0.007856,0.000073
1592806288155654,9.999977,3.000257,9.999811,0.999967,-0.002293,-0.007859,0.000097
1592806288190934,9.999979,3.000284,9.999804,0.999966,-0.002265,-0.007897,0.000078
1592806288228368,9.999975,3.000355,9.999761,0.999966,-0.002247,-0.007900,0.000095
1592806288266020,10.000007,3.000504,9.999770,0.999966,-0.002248,-0.007907,0.000085
1592806288300591,10.000004,3.000412,9.999788,0.999966,-0.002228,-0.007906,0.000069
1592806288334675,10.000031,3.000005,9.999750,0.999966,-0.002240,-0.007915,0.000055
1592806288368865,10.000053,3.000484,9.999799,0.999966,-0.002218,-0.007951,0.000062
1592806288402724,10.000029,3.000354,9.999870,0.999966,-0.002247,-0.007968,0.000074
1592806288436905,9.999992,3.000452,9.999834,0.999966,-0.002250,-0.007947,0.000057
1592806288470575,10.000004,3.000024,9.999792,0.999966,-0.002253,-0.007928,0.000056
1592806288505135,9.999996,3.000030,9.999763,0.999966,-0.002258,-0.007924,0.000077
1592806288539126,9.999983,3.000058,9.999784,0.999966,-0.002266,-0.007928,0.000050
1592806288573099,9.999993,3.000025,9.999737,0.999966,-0.002265,-0.007915,0.000039
1592806288607077,9.999994,3.000022,9.999789,0.999966,-0.002255,-0.007928,0.000036
1592806288641716,10.000003,3.000036,9.999810,0.999966,-0.002263,-0.007933,0.000034
1592806288684257,9.999987,3.000206,9.999819,0.999966,-0.002253,-0.007919,0.000081
1592806288720305,10.000005,3.000246,9.999811,0.999966,-0.002244,-0.007901,0.000089
1592806288754626,9.999990,3.000256,9.999819,0.999966,-0.002237,-0.007911,0.000072
1592806288787351,9.999982,3.000254,9.999866,0.999967,-0.002240,-0.007875,0.000059
1592806288821042,9.999979,3.000228,9.999830,0.999967,-0.002238,-0.007878,0.000042
1592806288854702,9.999990,3.000255,9.999791,0.999967,-0.002234,-0.007882,0.000054
1592806288888871,10.000007,3.000347,9.999863,0.999966,-0.002233,-0.007927,0.000039
1592806288921599,10.000008,3.000233,9.999846,0.999966,-0.002238,-0.007941,0.000025
1592806288954699,10.000031,3.000295,9.999718,0.999966,-0.002245,-0.007931,0.000018
1592806288988113,9.999998,3.000148,9.999508,0.999966,-0.002252,-0.007919,0.000038
1592806289021400,10.000009,3.000167,9.999800,0.999966,-0.002251,-0.007930,0.000039
1592806289055899,9.999989,3.000203,9.999841,0.999966,-0.002231,-0.007954,0.000070
1592806289090641,9.999998,3.000343,9.999864,0.999966,-0.002251,-0.007952,0.000041
1592806289125246,10.000006,3.000277,9.999836,0.999966,-0.002204,-0.007944,0.000020
1592806289158823,9.999995,3.000312,9.999748,0.999966,-0.002194,-0.007944,0.000021
1592806289194168,10.000016,3.000392,9.999801,0.999966,-0.002207,-0.007955,0.000008
1592806289229218,9.999993,3.000297,9.999475,0.999966,-0.002227,-0.007927,0.000021
1592806289269550,10.000015,2.999919,9.999861,0.999966,-0.002253,-0.007938,0.000048
1592806289306604,10.000005,3.000014,9.999854,0.999966,-0.002247,-0.007947,0.000063
1592806289340954,9.999994,3.000032,9.999792,0.999966,-0.002262,-0.007930,0.000055
1592806289375024,9.999998,3.000058,9.999764,0.999966,-0.002247,-0.007939,0.000057
1592806289412469,10.000010,3.000097,9.999772,0.999966,-0.002242,-0.007967,0.000032
1592806289447329,10.000006,3.000096,9.999806,0.999966,-0.002223,-0.007971,0.000022
1592806289482250,9.999989,3.000087,9.999736,0.999966,-0.002242,-0.007961,0.000028
1592806289516460,10.000005,3.000106,9.999805,0.999966,-0.002234,-0.007975,-0.000023
1592806289549979,10.000002,3.000120,9.999845,0.999966,-0.002218,-0.007969,-0.000019
1592806289583387,10.000033,3.000183,9.999846,0.999966,-0.002236,-0.007967,-0.000005
1592806289616785,10.000035,3.000077,9.999777,0.999966,-0.002248,-0.007982,0.000002
1592806289649611,10.000022,3.000144,9.999804,0.999966,-0.002251,-0.007981,0.000030
1592806289683229,10.000010,3.000160,9.999785,0.999966,-0.002262,-0.007982,0.000019
1592806289716639,9.999990,3.000106,9.999804,0.999966,-0.002237,-0.007990,0.000012
1592806289749934,10.000000,3.000172,9.999834,0.999966,-0.002264,-0.007993,0.000008
1592806289783323,9.999990,3.000069,9.999756,0.999966,-0.002258,-0.007988,0.000002
1592806289817051,10.000025,3.000157,9.999816,0.999966,-0.002255,-0.007977,0.000007
1592806289851084,10.000021,3.000213,9.999802,0.999966,-0.002276,-0.007965,0.000002
1592806289884886,10.000028,3.000210,9.999874,0.999966,-0.002306,-0.007965,0.000017
1592806289918847,9.999994,3.000180,9.999820,0.999966,-0.002300,-0.007978,0.000037
1592806289958008,9.999986,3.000286,9.999826,0.999966,-0.002311,-0.007976,0.000038
1592806289993967,9.999970,3.000310,9.999826,0.999966,-0.002322,-0.007980,0.000035
1592806290030220,9.999971,3.000314,9.999805,0.999965,-0.002322,-0.008000,0.000020
1592806290064294,9.999993,3.000291,9.999809,0.999965,-0.002295,-0.008001,0.000014
1592806290097989,10.000014,3.000298,9.999751,0.999965,-0.002305,-0.007983,0.000007
1592806290132633,10.000004,3.000317,9.999721,0.999965,-0.002314,-0.007978,0.000015
1592806290166914,10.000008,3.000356,9.999742,0.999965,-0.002293,-0.008023,0.000015
1592806290201192,10.000021,3.000399,9.999807,0.999965,-0.002293,-0.007996,0.000002
1592806290235499,10.000018,3.000247,9.999829,0.999965,-0.002314,-0.007985,0.000022
1592806290269647,10.000002,3.000352,9.999684,0.999966,-0.002301,-0.007962,0.000025
1592806290303824,10.000022,3.000388,9.999770,0.999966,-0.002308,-0.007977,-0.000003
1592806290337970,10.000025,3.000010,9.999770,0.999966,-0.002293,-0.007961,0.000008
1592806290372542,9.999995,3.000026,9.999772,0.999966,-0.002315,-0.007972,0.000001
1592806290406153,10.000007,3.000010,9.999789,0.999966,-0.002303,-0.007968,-0.000007
1592806290440019,10.000017,2.999976,9.999780,0.999966,-0.002289,-0.007944,0.000021
1592806290473765,9.999990,3.000006,9.999798,0.999966,-0.002273,-0.007941,0.000017
1592806290507372,9.999987,3.000046,9.999770,0.999966,-0.002290,-0.007930,0.000016
1592806290540563,10.000000,3.000011,9.999791,0.999966,-0.002287,-0.007946,0.000022
1592806290574297,9.999991,3.000031,9.999798,0.999966,-0.002254,-0.007932,0.000040
1592806290607838,9.999983,3.000041,9.999793,0.999966,-0.002251,-0.007944,0.000024
1592806290641658,9.999996,2.999954,9.999857,0.999966,-0.002266,-0.007971,0.000009
1592806290675146,9.999977,3.000372,9.999923,0.999966,-0.002272,-0.007985,0.000025
1592806290708820,10.000012,3.000072,9.999773,0.999965,-0.002257,-0.007997,0.000039
1592806290745260,10.000019,3.000055,9.999777,0.999965,-0.002258,-0.008009,0.000016
1592806290778819,10.000011,3.000048,9.999797,0.999965,-0.002255,-0.008017,0.000037
1592806290812447,10.000013,3.000117,9.999816,0.999966,-0.002249,-0.007998,0.000031
1592806290846089,10.000000,3.000028,9.999743,0.999966,-0.002247,-0.007980,0.000035
1592806290879394,10.000031,3.000062,9.999784,0.999966,-0.002255,-0.007957,0.000020
1592806290912674,10.000023,3.000079,9.999797,0.999966,-0.002263,-0.007936,0.000035
1592806290946606,9.999998,3.000085,9.999788,0.999966,-0.002256,-0.007945,0.000060
1592806290980134,9.999977,3.000098,9.999754,0.999966,-0.002250,-0.007966,0.000058
1592806291016096,9.999998,3.000109,9.999743,0.999966,-0.002242,-0.007947,0.000059
1592806291049358,9.999999,3.000095,9.999746,0.999966,-0.002264,-0.007948,0.000063
1592806291083004,10.000012,3.000125,9.999878,0.999966,-0.002291,-0.007957,0.000042
1592806291117070,9.999991,3.000073,9.999475,0.999966,-0.002297,-0.007927,0.000078
1592806291150911,10.000011,3.000100,9.999743,0.999966,-0.002298,-0.007947,0.000092
1592806291185030,9.999995,3.000126,9.999858,0.999966,-0.002283,-0.007953,0.000086
1592806291219312,9.999970,3.000188,9.999828,0.999966,-0.002272,-0.007931,0.000080
1592806291255057,9.999993,3.000176,9.999826,0.999966,-0.002301,-0.007918,0.000070
1592806291291896,10.000002,3.000222,9.999798,0.999966,-0.002287,-0.007947,0.000061
1592806291327298,10.000017,3.000241,9.999811,0.999966,-0.002290,-0.007956,0.000079
1592806291370353,10.000031,3.000207,9.999750,0.999966,-0.002286,-0.007951,0.000085
1592806291413566,9.999992,3.000108,9.999726,0.999966,-0.002303,-0.007940,0.000054
1592806291452673,9.999990,3.000120,9.999820,0.999966,-0.002297,-0.007960,0.000066
1592806291487872,10.000020,3.000127,9.999823,0.999966,-0.002310,-0.007964,0.000042
1592806291523030,9.999940,3.000235,9.999849,0.999966,-0.002294,-0.007966,0.000088
1592806291558126,10.000024,3.000207,9.999866,0.999966,-0.002311,-0.007949,0.000078
1592806291592524,10.000012,3.000223,9.999835,0.999966,-0.002317,-0.007947,0.000076
1592806291626511,9.999978,3.000177,9.999860,0.999966,-0.002285,-0.007970,0.000091
1592806291660961,9.999987,3.000189,9.999768,0.999965,-0.002312,-0.007981,0.000056
1592806291695793,10.000010,3.000243,9.999800,0.999965,-0.002290,-0.008000,0.000054
1592806291737012,10.000003,2.999965,9.999784,0.999965,-0.002295,-0.007995,0.000051
1592806291780271,10.000004,3.000048,9.999878,0.999965,-0.002298,-0.007995,0.000036
1592806291815069,10.000010,3.000113,9.999834,0.999966,-0.002294,-0.007984,0.000037
1592806291848174,9.999992,3.000066,9.999746,0.999966,-0.002297,-0.007984,0.000029
1592806291881813,9.999958,3.000068,9.999469,0.999965,-0.002299,-0.007992,0.000043
1592806291915421,10.000021,3.000100,9.999786,0.999965,-0.002283,-0.008006,0.000031
1592806291948731,10.000032,3.000120,9.999823,0.999966,-0.002291,-0.007977,0.000046
1592806291981448,10.000010,3.000087,9.999884,0.999966,-0.002267,-0.007979,0.000053
1592806292015697,10.000003,3.000035,9.999771,0.999966,-0.002288,-0.007963,0.000050
1592806292049037,10.000036,3.000066,9.999775,0.999966,-0.002308,-0.007964,0.000061
1592806292083797,10.000007,3.000079,9.999872,0.999965,-0.002315,-0.007983,0.000066
1592806292117467,10.000008,3.000162,9.999822,0.999966,-0.002316,-0.007973,0.000063
1592806292151085,10.000010,3.000122,9.999802,0.999966,-0.002317,-0.007973,0.000065
1592806292184535,10.000001,3.000112,9.999792,0.999965,-0.002329,-0.007985,0.000077
1592806292218208,10.000013,3.000107,9.999717,0.999966,-0.002332,-0.007952,0.000089
1592806292251855,10.000013,3.000164,9.999810,0.999966,-0.002343,-0.007968,0.000104
1592806292285105,10.000006,3.000067,9.999816,0.999965,-0.002346,-0.007995,0.000090
1592806292318701,10.000014,3.000073,9.999785,0.999965,-0.002333,-0.008000,0.000094
1592806292351839,10.000010,3.000167,9.999780,0.999965,-0.002345,-0.008003,0.000067
1592806292385318,9.999984,3.000076,9.999811,0.999965,-0.002355,-0.007998,0.000095
1592806292418511,9.999976,3.000086,9.999805,0.999965,-0.002344,-0.007971,0.000081
1592806292451788,9.999987,3.000115,9.999804,0.999965,-0.002341,-0.007998,0.000077
1592806292484758,9.999962,3.000012,9.999410,0.999965,-0.002346,-0.008016,0.000069
1592806292517675,10.000025,3.000081,9.999796,0.999965,-0.002329,-0.008023,0.000041
1592806292550609,9.999998,3.000143,9.999908,0.999965,-0.002305,-0.008035,0.000023
1592806292583054,10.000002,3.000091,9.999821,0.999965,-0.002299,-0.008043,-0.000006
1592806292616249,10.000023,3.000094,9.999815,0.999965,-0.002302,-0.008019,0.000006
1592806292649144,10.000030,3.000119,9.999839,0.999965,-0.002315,-0.007992,0.000014
1592806292681453,10.000004,3.000068,9.999801,0.999965,-0.002302,-0.007995,-0.000003
1592806292715532,9.999990,3.000024,9.999853,0.999965,-0.002293,-0.008006,0.000001
1592806292748122,10.000021,3.000109,9.999817,0.999965,-0.002308,-0.008000,0.000029
1592806292780527,10.000022,3.000063,9.999765,0.999966,-0.002306,-0.007982,0.000029
1592806292813481,10.000016,3.000072,9.999796,0.999966,-0.002293,-0.007981,0.000016
1592806292845935,10.000003,3.000056,9.999784,0.999966,-0.002299,-0.007973,0.000015
1592806292881118,10.000000,3.000053,9.999778,0.999966,-0.002301,-0.007978,0.000019
1592806292920294,10.000002,3.000179,9.999741,0.999965,-0.002275,-0.008011,0.000022
1592806292952183,10.000002,3.000134,9.999815,0.999965,-0.002287,-0.008031,0.000034
1592806292983831,9.999981,3.000064,9.999831,0.999965,-0.002297,-0.008044,0.000018
1592806293017105,9.999992,3.000037,9.999696,0.999965,-0.002304,-0.008028,0.000003
1592806293050818,9.999992,3.000110,9.999791,0.999965,-0.002296,-0.008042,-0.000005
1592806293087934,10.000014,3.000136,9.999830,0.999965,-0.002306,-0.008058,-0.000005
1592806293122517,10.000023,3.000158,9.999860,0.999965,-0.002278,-0.008054,-0.000003
1592806293155845,10.000010,3.000265,9.999868,0.999965,-0.002288,-0.008068,0.000017
1592806293189690,10.000013,3.000128,9.999824,0.999965,-0.002315,-0.008066,0.000030
1592806293223329,10.000005,3.000163,9.999816,0.999965,-0.002312,-0.008090,0.000021
1592806293257117,10.000001,3.000159,9.999827,0.999965,-0.002292,-0.008077,-0.000004
1592806293290569,10.000020,3.000185,9.999746,0.999965,-0.002309,-0.008061,-0.000013
1592806293324080,10.000036,3.000166,9.999751,0.999965,-0.002279,-0.008054,-0.000037
1592806293357587,10.000005,3.000134,9.999809,0.999965,-0.002296,-0.008055,-0.000052
1592806293392289,9.999993,3.000153,9.999853,0.999965,-0.002303,-0.008049,-0.000026
1592806293426499,10.000027,3.000144,9.999875,0.999965,-0.002288,-0.008031,-0.000006
1592806293460840,10.000025,3.000234,9.999824,0.999965,-0.002280,-0.008038,0.000005
1592806293494600,10.000032,3.000283,9.999767,0.999965,-0.002289,-0.008052,0.000022
1592806293528152,10.000039,3.000294,9.999786,0.999965,-0.002304,-0.008043,0.000023
1592806293561415,10.000026,3.000207,9.999752,0.999965,-0.002271,-0.008063,0.000023
1592806293595373,10.000012,3.000229,9.999792,0.999965,-0.002272,-0.008068,0.000035
1592806293628847,10.000013,3.000233,9.999743,0.999965,-0.002285,-0.008061,0.000012
1592806293662239,10.000016,3.000204,9.999805,0.999965,-0.002290,-0.008024,0.000014
1592806293695978,10.000041,3.000318,9.999816,0.999965,-0.002305,-0.008002,0.000023
1592806293729853,10.000055,3.000251,9.999838,0.999965,-0.002307,-0.008009,0.000011
1592806293763379,10.000050,3.000243,9.999819,0.999965,-0.002284,-0.008035,0.000034
1592806293796871,10.000016,3.000283,9.999770,0.999965,-0.002301,-0.007999,0.000050
1592806293830358,9.999995,3.000291,9.999821,0.999965,-0.002309,-0.008031,0.000071
1592806293863263,10.000012,3.000287,9.999824,0.999965,-0.002305,-0.008005,0.000079
1592806293896601,10.000023,3.000247,9.999845,0.999965,-0.002315,-0.008003,0.000068
1592806293929720,10.000032,3.000308,9.999827,0.999965,-0.002349,-0.007998,0.000077
1592806293963159,10.000023,3.000153,9.999751,0.999965,-0.002361,-0.007985,0.000089
1592806293995571,10.000010,3.000187,9.999642,0.999965,-0.002369,-0.007980,0.000076
1592806294028610,10.000005,3.000299,9.999766,0.999965,-0.002374,-0.008013,0.000077
1592806294061242,9.999975,3.000221,9.999828,0.999965,-0.002375,-0.008028,0.000067
1592806294098445,9.999975,3.000197,9.999782,0.999965,-0.002384,-0.008036,0.000055
1592806294132684,9.999983,3.000225,9.999917,0.999965,-0.002390,-0.008034,0.000041
1592806294166201,9.999972,3.000247,9.999788,0.999965,-0.002395,-0.008039,0.000061
1592806294199908,9.999978,3.000222,9.999737,0.999965,-0.002395,-0.008037,0.000059
1592806294233724,10.000009,3.000220,9.999743,0.999965,-0.002376,-0.008060,0.000026
1592806294272594,9.999993,2.999927,9.999762,0.999965,-0.002329,-0.008072,0.000052
1592806294309329,10.000019,3.000000,9.999763,0.999965,-0.002308,-0.008062,0.000043
1592806294343954,10.000010,3.000011,9.999811,0.999965,-0.002313,-0.008068,0.000057
1592806294377035,9.999999,2.999990,9.999786,0.999965,-0.002316,-0.008042,0.000061
1592806294410181,9.999996,3.000055,9.999800,0.999965,-0.002278,-0.008054,0.000049
1592806294445288,10.000003,3.000039,9.999843,0.999965,-0.002266,-0.008046,0.000076
1592806294481422,10.000017,2.999999,9.999787,0.999965,-0.002258,-0.008032,0.000078
1592806294518821,9.999997,3.000121,9.999842,0.999965,-0.002259,-0.008049,0.000097
1592806294552064,9.999899,3.000104,9.999858,0.999965,-0.002267,-0.008048,0.000101
1592806294585004,9.999992,3.000143,9.999801,0.999965,-0.002268,-0.008031,0.000127
1592806294618977,9.999997,3.000120,9.999796,0.999965,-0.002262,-0.008037,0.000126
1592806294658026,9.999982,3.000118,9.999730,0.999965,-0.002274,-0.008033,0.000118
1592806294690893,10.000001,3.000156,9.999736,0.999965,-0.002268,-0.008042,0.000109
1592806294724525,10.000021,3.000149,9.999784,0.999965,-0.002315,-0.008039,0.000107
1592806294757226,9.999993,3.000128,9.999795,0.999965,-0.002318,-0.008072,0.000109
1592806294789429,9.999991,3.000108,9.999777,0.999965,-0.002351,-0.008027,0.000092
1592806294821859,9.999991,3.000071,9.999789,0.999965,-0.002340,-0.008066,0.000088
1592806294854498,9.999985,3.000125,9.999752,0.999965,-0.002323,-0.008072,0.000073
1592806294888895,9.999980,3.000251,9.999811,0.999965,-0.002313,-0.008068,0.000082
1592806294921722,10.000008,3.000062,9.999809,0.999965,-0.002289,-0.008092,0.000074
1592806294954513,10.000004,3.000058,9.999730,0.999965,-0.002290,-0.008097,0.000056
1592806294987199,9.999989,3.000093,9.999819,0.999965,-0.002277,-0.008092,0.000046
1592806295019875,9.999995,3.000164,9.999747,0.999965,-0.002288,-0.008087,0.000046
1592806295052675,9.999995,3.000080,9.999795,0.999965,-0.002292,-0.008063,0.000059
1592806295085506,9.999989,3.000068,9.999708,0.999965,-0.002284,-0.008062,0.000061
1592806295119486,10.000003,3.000067,9.999744,0.999965,-0.002268,-0.008085,0.000052
1592806295153255,10.000010,3.000138,9.999833,0.999965,-0.002290,-0.008064,0.000047
1592806295186752,10.000006,3.000097,9.999857,0.999965,-0.002283,-0.008081,0.000040
1592806295220212,9.999993,3.000127,9.999773,0.999965,-0.002296,-0.008077,0.000043
1592806295253582,10.000016,3.000114,9.999646,0.999965,-0.002302,-0.008079,0.000058
1592806295287060,10.000029,3.000108,9.999762,0.999965,-0.002330,-0.008076,0.000039
1592806295319844,10.000024,3.000088,9.999918,0.999965,-0.002319,-0.008096,0.000014
1592806295353584,10.000021,3.000067,9.999870,0.999964,-0.002317,-0.008113,0.000023
1592806295386931,10.000009,3.000059,9.999804,0.999965,-0.002322,-0.008088,0.000020
1592806295420333,9.999990,3.000066,9.999766,0.999965,-0.002299,-0.008087,0.000032
1592806295453607,10.000010,3.000104,9.999755,0.999965,-0.002288,-0.008103,0.000032
1592806295487181,10.000022,3.000051,9.999780,0.999965,-0.002303,-0.008088,0.000029
1592806295520391,10.000025,3.000072,9.999845,0.999964,-0.002297,-0.008114,0.000026
1592806295553878,10.000036,3.000101,9.999778,0.999965,-0.002293,-0.008079,0.000036
1592806295586666,10.000028,3.000051,9.999876,0.999965,-0.002302,-0.008073,0.000026
1592806295620203,10.000012,3.000121,9.999831,0.999965,-0.002307,-0.008093,0.000023
1592806295653557,10.000013,3.000090,9.999874,0.999965,-0.002311,-0.008083,-0.000000
1592806295686880,10.000027,3.000067,9.999792,0.999965,-0.002308,-0.008089,-0.000019
1592806295720069,10.000011,3.000050,9.999825,0.999965,-0.002306,-0.008094,-0.000023
1592806295752726,10.000025,3.000088,9.999759,0.999965,-0.002308,-0.008088,-0.000004
1592806295785324,10.000025,3.000067,9.999821,0.999965,-0.002314,-0.008102,0.000001
1592806295818027,10.000032,3.000118,9.999720,0.999964,-0.002308,-0.008123,-0.000029
1592806295850563,10.000029,3.000054,9.999780,0.999964,-0.002309,-0.008117,-0.000025
1592806295883279,10.000033,3.000039,9.999847,0.999964,-0.002305,-0.008140,-0.000026
1592806295916433,10.000037,3.000003,9.999808,0.999964,-0.002299,-0.008121,-0.000010
1592806295949211,9.999995,2.999874,9.999492,0.999964,-0.002333,-0.008109,-0.000016
1592806295981681,10.000020,3.000028,9.999792,0.999964,-0.002328,-0.008132,-0.000033
1592806296014442,10.000013,3.000067,9.999870,0.999964,-0.002326,-0.008127,-0.000020
1592806296047696,9.999993,3.000023,9.999823,0.999964,-0.002318,-0.008144,-0.000004
1592806296081935,10.000011,3.000063,9.999818,0.999964,-0.002310,-0.008138,0.000015
1592806296115654,10.000029,2.999965,9.999752,0.999964,-0.002335,-0.008126,0.000027
1592806296149140,9.999991,3.000027,9.999750,0.999964,-0.002345,-0.008113,0.000037
1592806296182826,9.999908,2.999999,9.999803,0.999964,-0.002349,-0.008124,0.000018
1592806296221226,10.000012,3.000050,9.999713,0.999964,-0.002334,-0.008099,0.000011
1592806296255034,10.000034,3.000134,9.999794,0.999965,-0.002329,-0.008084,0.000023
1592806296288486,10.000010,3.000167,9.999899,0.999965,-0.002327,-0.008082,0.000021
1592806296321943,10.000022,3.000175,9.999865,0.999964,-0.002325,-0.008107,0.000001
1592806296356375,10.000013,3.000081,9.999764,0.999964,-0.002306,-0.008127,0.000019
1592806296390778,10.000024,3.000056,9.999821,0.999964,-0.002288,-0.008153,0.000040
1592806296425331,10.000003,3.000167,9.999817,0.999964,-0.002310,-0.008165,0.000052
1592806296459524,9.999984,3.000095,9.999758,0.999964,-0.002309,-0.008167,0.000073
1592806296495086,9.999987,3.000147,9.999816,0.999964,-0.002327,-0.008189,0.000038
1592806296530049,9.999997,3.000168,9.999884,0.999964,-0.002321,-0.008185,0.000055
1592806296563414,10.000018,3.000196,10.000004,0.999964,-0.002329,-0.008157,0.000051
1592806296597566,10.000002,3.000181,9.999835,0.999964,-0.002333,-0.008153,0.000027
1592806296630874,9.999982,3.000168,9.999775,0.999964,-0.002324,-0.008158,0.000035
1592806296665242,9.999992,3.000200,9.999742,0.999964,-0.002324,-0.008148,0.000077
1592806296699052,10.000004,3.000173,9.999736,0.999964,-0.002316,-0.008156,0.000070
1592806296732978,9.999968,3.000226,9.999836,0.999964,-0.002319,-0.008150,0.000055
1592806296766597,10.000007,2.999908,9.999788,0.999964,-0.002339,-0.008125,0.000069
1592806296799866,10.000021,3.000237,9.999867,0.999964,-0.002329,-0.008136,0.000069
1592806296832497,10.000034,3.000232,9.999805,0.999964,-0.002327,-0.008114,0.000050
1592806296865481,10.000013,3.000157,9.999752,0.999964,-0.002330,-0.008101,0.000055
1592806296898035,9.999990,3.000193,9.999898,0.999965,-0.002341,-0.008091,0.000014
1592806296931710,10.000012,3.000242,9.999832,0.999965,-0.002346,-0.008098,-0.000009
1592806296964673,10.000024,3.000151,9.999827,0.999965,-0.002344,-0.008095,-0.000006
1592806296996863,10.000024,3.000284,9.999858,0.999964,-0.002356,-0.008104,-0.000018
1592806297030086,9.999997,3.000138,9.999771,0.999964,-0.002348,-0.008113,0.000005
1592806297062751,9.999994,3.000241,9.999743,0.999964,-0.002327,-0.008130,0.000022
1592806297095711,10.000022,3.000109,9.999806,0.999964,-0.002352,-0.008122,0.000015
1592806297129425,10.000020,3.000169,9.999825,0.999965,-0.002364,-0.008089,0.000033
1592806297162483,9.999990,3.000198,9.999773,0.999965,-0.002353,-0.008074,0.000044
1592806297195671,9.999956,3.000101,9.999378,0.999965,-0.002354,-0.008055,0.000069
1592806297230241,10.000031,3.000187,9.999743,0.999965,-0.002341,-0.008070,0.000056
1592806297264047,10.000032,3.000224,9.999882,0.999965,-0.002347,-0.008091,0.000061
1592806297297356,9.999990,3.000192,9.999816,0.999965,-0.002332,-0.008087,0.000060
1592806297330623,9.999966,3.000211,9.999934,0.999965,-0.002354,-0.008082,0.000044
1592806297364345,9.999977,3.000136,9.999803,0.999964,-0.002347,-0.008108,0.000019
1592806297398432,10.000003,3.000164,9.999706,0.999964,-0.002340,-0.008127,0.000007
1592806297432564,9.999974,3.000149,9.999365,0.999964,-0.002355,-0.008130,0.000003
1592806297466839,10.000002,3.000066,9.999426,0.999964,-0.002371,-0.008149,0.000004
1592806297500383,10.000035,3.000192,9.999851,0.999964,-0.002358,-0.008184,0.000011
1592806297533894,9.999998,3.000227,9.999921,0.999964,-0.002345,-0.008189,0.000017
1592806297567250,10.000021,3.000215,9.999893,0.999964,-0.002354,-0.008171,0.000011
1592806297600858,10.000001,2.999954,9.999744,0.999964,-0.002349,-0.008129,0.000056
1592806297634356,9.999990,3.000323,9.999763,0.999964,-0.002355,-0.008107,0.000065
1592806297668359,9.999978,3.000292,9.999746,0.999965,-0.002382,-0.008074,0.000074
1592806297702335,9.999998,2.999940,9.999805,0.999964,-0.002356,-0.008105,0.000071
1592806297738095,9.999989,2.999951,9.999775,0.999964,-0.002330,-0.008113,0.000071
1592806297773376,9.999990,2.999944,9.999745,0.999964,-0.002364,-0.008114,0.000079
1592806297808302,9.999927,2.999960,9.999710,0.999964,-0.002378,-0.008114,0.000081
1592806297842919,10.000010,2.999953,9.999728,0.999964,-0.002378,-0.008102,0.000094
1592806297877121,10.000010,2.999997,9.999757,0.999964,-0.002367,-0.008114,0.000092
1592806297911782,10.000001,3.000072,9.999772,0.999964,-0.002370,-0.008132,0.000092
1592806297946965,9.999990,2.999982,9.999805,0.999964,-0.002364,-0.008128,0.000090
1592806297982920,9.999997,3.000002,9.999829,0.999964,-0.002347,-0.008152,0.000084
