1591033043164432,5.000000,3.000000,5.000000,0.999935,-0.002074,-0.011217,-0.000184
1591033043195518,5.000005,3.000514,4.999938,0.999946,-0.001651,-0.010272,-0.000210
1591033043222410,4.999275,3.001756,4.999773,0.999948,-0.001563,-0.010093,-0.000202
1591033043249473,5.000104,3.001561,5.000427,0.999919,0.002303,-0.012483,-0.000240
1591033043277151,5.000265,3.002557,5.000582,0.999919,0.002326,-0.012472,-0.000231
1591033043305278,4.999783,3.002521,4.999655,0.999965,-0.001097,-0.008288,-0.000218
1591033043335624,4.999894,3.002469,5.000498,0.999916,-0.000441,-0.012960,-0.000265
1591033043363493,5.000157,3.002173,5.000380,0.999933,0.000570,-0.011607,-0.000264
1591033043394773,5.000000,3.002154,5.000345,0.999937,-0.000568,-0.011219,-0.000263
1591033043421414,5.000018,3.001798,5.000113,0.999944,-0.000757,-0.010540,-0.000253
1591033043446117,5.000059,3.001561,5.000099,0.999945,-0.000818,-0.010472,-0.000243
1591033043471821,5.000118,3.002425,5.000103,0.999945,-0.000822,-0.010478,-0.000257
1591033043496934,5.000007,3.002186,4.999950,0.999947,-0.001160,-0.010210,-0.000262
1591033043524901,5.000070,3.002029,4.999840,0.999948,-0.001098,-0.010102,-0.000264
1591033043549035,5.000015,3.001744,5.000112,0.999943,-0.001287,-0.010594,-0.000275
1591033043572578,5.000033,3.002427,5.000139,0.999943,-0.001284,-0.010594,-0.000277
1591033043598679,5.000141,3.002170,5.000218,0.999943,-0.001217,-0.010633,-0.000310
1591033043623524,5.000117,3.001935,5.000040,0.999946,-0.001282,-0.010355,-0.000284
1591033043665060,5.000209,3.002275,4.999902,0.999947,-0.001253,-0.010261,-0.000285
1591033043697389,5.000198,3.002124,4.999842,0.999947,-0.001321,-0.010195,-0.000275
1591033043722065,5.000191,3.001666,4.999860,0.999947,-0.001336,-0.010230,-0.000261
1591033043748130,5.000042,3.001602,4.999900,0.999946,-0.001568,-0.010256,-0.000290
1591033043773480,5.000030,3.002615,4.999909,0.999946,-0.001566,-0.010235,-0.000299
1591033043799201,5.000019,3.002502,5.000022,0.999945,-0.001542,-0.010366,-0.000286
1591033043824252,4.999678,3.002249,4.999858,0.999946,-0.001830,-0.010220,-0.000247
1591033043848388,5.000021,3.002048,4.999950,0.999946,-0.001479,-0.010310,-0.000253
1591033043873617,5.000059,3.003010,4.999957,0.999946,-0.001482,-0.010303,-0.000253
1591033043902247,5.000082,3.002467,4.999532,0.999948,-0.001472,-0.010110,-0.000243
1591033043925940,4.999951,3.002067,4.999859,0.999945,-0.001608,-0.010370,-0.000262
1591033043950673,4.999893,3.001768,5.000044,0.999944,-0.001639,-0.010473,-0.000278
1591033043974133,4.999869,3.002575,5.000131,0.999944,-0.001633,-0.010472,-0.000270
1591033044000071,4.999937,3.002414,5.000334,0.999943,-0.001587,-0.010534,-0.000281
1591033044027396,4.999994,3.002222,5.000260,0.999944,-0.001588,-0.010479,-0.000273
1591033044064524,5.000067,3.002235,4.999954,0.999946,-0.001555,-0.010274,-0.000240
1591033044095193,5.000050,3.002203,5.000215,0.999945,-0.001606,-0.010414,-0.000241
1591033044126007,5.000000,3.002085,5.000089,0.999945,-0.001631,-0.010349,-0.000233
1591033044156117,4.999932,3.001963,5.000112,0.999945,-0.001685,-0.010379,-0.000293
1591033044183801,4.999990,3.001734,5.000167,0.999944,-0.001650,-0.010420,-0.000318
1591033044210345,4.999982,3.002563,5.000190,0.999944,-0.001647,-0.010425,-0.000346
1591033044239799,5.000111,3.002409,4.999997,0.999945,-0.001566,-0.010327,-0.000355
1591033044271138,5.000217,3.002362,4.999920,0.999946,-0.001553,-0.010300,-0.000331
1591033044299680,5.000272,3.002244,4.999624,0.999946,-0.001557,-0.010231,-0.000316
1591033044326783,4.999888,3.002025,4.999352,0.999947,-0.001731,-0.010157,-0.000301
1591033044355184,4.999949,3.001850,4.999741,0.999946,-0.001718,-0.010294,-0.000308
1591033044381916,4.999754,3.001850,4.999942,0.999944,-0.001777,-0.010415,-0.000278
1591033044407690,4.999695,3.002714,4.999988,0.999944,-0.001762,-0.010408,-0.000286
1591033044435551,4.999620,3.002409,4.999613,0.999946,-0.001768,-0.010238,-0.000287
1591033044460705,4.999833,3.002054,4.999931,0.999944,-0.001669,-0.010432,-0.000300
1591033044488133,4.999982,3.001943,5.000132,0.999944,-0.001624,-0.010475,-0.000311
1591033044514249,5.000114,3.001705,4.999974,0.999945,-0.001577,-0.010408,-0.000286
1591033044540119,5.000184,3.002528,4.999969,0.999944,-0.001584,-0.010426,-0.000280
1591033044569868,5.000264,3.002416,5.000035,0.999944,-0.001573,-0.010438,-0.000273
1591033044597826,5.000268,3.002432,4.999642,0.999945,-0.001595,-0.010340,-0.000315
1591033044627475,5.000113,3.002121,4.999865,0.999945,-0.001661,-0.010379,-0.000325
1591033044660432,5.000049,3.001875,5.000062,0.999944,-0.001701,-0.010439,-0.000331
1591033044688245,5.000067,3.001804,5.000093,0.999944,-0.001686,-0.010444,-0.000322
1591033044716790,5.000229,3.001649,4.999814,0.999945,-0.001642,-0.010346,-0.000299
1591033044743780,5.000294,3.002451,4.999767,0.999945,-0.001644,-0.010343,-0.000278
1591033044771765,5.000117,3.002455,5.000147,0.999944,-0.001691,-0.010454,-0.000280
1591033044798236,5.000042,3.002185,5.000136,0.999944,-0.001714,-0.010456,-0.000292
1591033044822937,5.000135,3.002151,5.000177,0.999944,-0.001698,-0.010429,-0.000287
1591033044847717,5.000091,3.001797,4.999943,0.999945,-0.001706,-0.010372,-0.000313
1591033044872907,5.000095,3.002663,4.999910,0.999945,-0.001701,-0.010391,-0.000316
1591033044899405,5.000174,3.002211,4.999743,0.999945,-0.001675,-0.010344,-0.000303
1591033044925236,5.000104,3.001797,4.999589,0.999945,-0.001702,-0.010337,-0.000284
1591033044950542,4.999979,3.001568,4.999772,0.999944,-0.001741,-0.010402,-0.000265
1591033044973816,4.999975,3.002300,4.999726,0.999944,-0.001731,-0.010414,-0.000269
1591033045002228,5.000073,3.002244,4.999953,0.999944,-0.001715,-0.010453,-0.000274
1591033045031202,5.000052,3.002129,4.999886,0.999944,-0.001735,-0.010447,-0.000282
1591033045060567,4.999818,3.002165,4.999745,0.999944,-0.001791,-0.010417,-0.000268
1591033045096776,4.999876,3.002093,5.000025,0.999943,-0.001756,-0.010493,-0.000292
1591033045122912,4.999900,3.001828,5.000183,0.999943,-0.001738,-0.010511,-0.000274
1591033045149477,4.999992,3.001644,4.999900,0.999944,-0.001705,-0.010469,-0.000288
1591033045175647,5.000085,3.001445,4.999809,0.999944,-0.001666,-0.010455,-0.000275
1591033045202475,5.000124,3.002148,4.999773,0.999944,-0.001668,-0.010465,-0.000277
1591033045229583,5.000176,3.001832,4.999912,0.999944,-0.001659,-0.010494,-0.000264
1591033045256972,5.000096,3.001662,5.000021,0.999943,-0.001678,-0.010518,-0.000287
1591033045282190,5.000055,3.001400,5.000040,0.999943,-0.001693,-0.010501,-0.000293
1591033045308307,5.000060,3.002141,5.000048,0.999943,-0.001697,-0.010490,-0.000299
1591033045335821,5.000018,3.002169,5.000063,0.999944,-0.001717,-0.010449,-0.000315
1591033045362659,4.999712,3.001979,4.999864,0.999944,-0.001746,-0.010447,-0.000322
1591033045396007,4.999936,3.002181,5.000073,0.999944,-0.001693,-0.010487,-0.000284
1591033045428973,5.000133,3.001930,4.999769,0.999944,-0.001650,-0.010412,-0.000258
1591033045464596,5.000136,3.002026,4.999610,0.999944,-0.001659,-0.010406,-0.000264
1591033045494673,5.000033,3.001937,5.000006,0.999944,-0.001671,-0.010460,-0.000271
1591033045527701,5.000161,3.001910,4.999753,0.999944,-0.001631,-0.010444,-0.000277
1591033045560490,5.000066,3.001903,4.999917,0.999944,-0.001684,-0.010485,-0.000247
1591033045590147,5.000023,3.001815,4.999951,0.999943,-0.001699,-0.010494,-0.000238
1591033045618235,5.000078,3.001300,4.999956,0.999943,-0.001702,-0.010506,-0.000240
1591033045648232,5.000047,3.001441,5.000072,0.999943,-0.001711,-0.010517,-0.000262
1591033045677840,5.000057,3.002366,5.000191,0.999943,-0.001718,-0.010526,-0.000269
1591033045707633,5.000025,3.002425,4.999990,0.999943,-0.001739,-0.010509,-0.000284
1591033045738151,5.000076,3.002213,5.000080,0.999943,-0.001708,-0.010494,-0.000303
1591033045768469,4.999974,3.002164,5.000313,0.999943,-0.001730,-0.010518,-0.000301
1591033045799614,4.999926,3.002166,5.000275,0.999943,-0.001734,-0.010509,-0.000309
1591033045829341,4.999725,3.002066,4.999720,0.999944,-0.001749,-0.010423,-0.000266
1591033045861540,5.000072,3.001925,4.999751,0.999944,-0.001680,-0.010450,-0.000253
1591033045896118,5.000074,3.001980,4.999958,0.999944,-0.001668,-0.010492,-0.000252
1591033045931757,4.999777,3.001826,4.999689,0.999944,-0.001733,-0.010434,-0.000231
1591033045963028,4.999958,3.001838,4.999987,0.999944,-0.001707,-0.010459,-0.000240
1591033045994246,5.000116,3.002209,5.000130,0.999944,-0.001705,-0.010475,-0.000229
1591033046027706,5.000109,3.001923,4.999891,0.999944,-0.001691,-0.010454,-0.000256
1591033046060852,5.000162,3.001957,4.999606,0.999944,-0.001702,-0.010438,-0.000254
1591033046094267,5.000067,3.001906,4.999506,0.999944,-0.001719,-0.010428,-0.000243
1591033046122614,5.000021,3.001584,4.999942,0.999943,-0.001728,-0.010492,-0.000231
1591033046150474,4.999952,3.001515,5.000093,0.999943,-0.001732,-0.010500,-0.000210
1591033046178967,4.999894,3.001583,5.000165,0.999943,-0.001765,-0.010507,-0.000230
1591033046210301,4.999887,3.001531,5.000309,0.999943,-0.001754,-0.010499,-0.000244
1591033046238884,4.999861,3.002444,5.000426,0.999943,-0.001766,-0.010486,-0.000226
1591033046267508,4.999943,3.002084,5.000174,0.999944,-0.001762,-0.010455,-0.000222
1591033046294098,4.999826,3.002101,5.000441,0.999943,-0.001798,-0.010500,-0.000200
1591033046327634,4.999942,3.001903,5.000040,0.999944,-0.001800,-0.010415,-0.000190
1591033046353954,4.999683,3.001879,4.999859,0.999944,-0.001828,-0.010414,-0.000185
1591033046380375,4.999882,3.001589,4.999804,0.999944,-0.001785,-0.010405,-0.000225
1591033046407257,4.999872,3.002332,4.999769,0.999944,-0.001808,-0.010404,-0.000223
1591033046435092,4.999993,3.002187,4.999911,0.999944,-0.001792,-0.010455,-0.000198
1591033046462975,5.000019,3.001614,5.000222,0.999944,-0.001785,-0.010463,-0.000227
1591033046493963,5.000095,3.001880,4.999786,0.999944,-0.001786,-0.010432,-0.000225
1591033046527892,4.999924,3.002089,5.000062,0.999944,-0.001784,-0.010476,-0.000222
1591033046560870,4.999966,3.001964,5.000337,0.999943,-0.001741,-0.010490,-0.000220
1591033046594110,4.999996,3.002142,5.000121,0.999944,-0.001740,-0.010480,-0.000232
1591033046625242,4.999964,3.001779,5.000082,0.999944,-0.001745,-0.010453,-0.000250
1591033046661645,4.999870,3.001878,4.999908,0.999944,-0.001764,-0.010435,-0.000257
1591033046695084,4.999971,3.001955,5.000013,0.999944,-0.001742,-0.010430,-0.000244
1591033046725515,4.999942,3.001871,4.999914,0.999944,-0.001755,-0.010427,-0.000252
1591033046759549,4.999946,3.001796,5.000102,0.999944,-0.001753,-0.010480,-0.000237
1591033046793447,5.000083,3.001884,4.999863,0.999944,-0.001722,-0.010436,-0.000243
1591033046825695,5.000001,3.001769,5.000022,0.999944,-0.001708,-0.010473,-0.000262
1591033046858749,4.999966,3.001788,4.999857,0.999944,-0.001696,-0.010469,-0.000252
1591033046892457,5.000032,3.001434,5.000016,0.999943,-0.001722,-0.010500,-0.000239
1591033046929833,5.000225,3.001893,5.000153,0.999943,-0.001718,-0.010509,-0.000259
1591033046962576,4.999804,3.001919,5.000048,0.999943,-0.001781,-0.010520,-0.000243
1591033046994824,4.999594,3.001882,4.999718,0.999944,-0.001798,-0.010466,-0.000256
1591033047022093,4.999831,3.001558,4.999875,0.999943,-0.001759,-0.010493,-0.000235
1591033047049686,4.999923,3.001455,5.000041,0.999943,-0.001729,-0.010492,-0.000264
1591033047077394,4.999904,3.002176,5.000109,0.999943,-0.001701,-0.010494,-0.000290
1591033047106786,4.999947,3.002110,5.000344,0.999943,-0.001718,-0.010512,-0.000295
1591033047134814,5.000349,3.002110,5.000508,0.999943,-0.001692,-0.010531,-0.000306
1591033047160913,5.000219,3.001646,5.000143,0.999943,-0.001703,-0.010490,-0.000313
1591033047189585,5.000126,3.001592,4.999804,0.999944,-0.001751,-0.010410,-0.000316
1591033047217116,5.000120,3.001433,4.999713,0.999944,-0.001744,-0.010405,-0.000322
1591033047242923,4.999905,3.001486,4.999509,0.999945,-0.001744,-0.010388,-0.000304
1591033047269178,4.999874,3.002194,4.999447,0.999944,-0.001745,-0.010405,-0.000333
1591033047296869,4.999969,3.001855,4.999589,0.999944,-0.001756,-0.010419,-0.000339
1591033047323523,5.000082,3.001623,4.999769,0.999944,-0.001746,-0.010421,-0.000333
1591033047349856,5.000028,3.001553,5.000098,0.999944,-0.001765,-0.010457,-0.000333
1591033047376762,5.000038,3.002262,5.000201,0.999944,-0.001777,-0.010457,-0.000328
1591033047404123,5.000087,3.002129,5.000214,0.999944,-0.001766,-0.010454,-0.000334
1591033047429997,5.000237,3.001881,4.999781,0.999944,-0.001755,-0.010462,-0.000323
1591033047460800,5.000185,3.001943,5.000176,0.999943,-0.001785,-0.010485,-0.000342
1591033047496733,4.999784,3.001874,4.999748,0.999944,-0.001806,-0.010451,-0.000340
1591033047528164,4.999963,3.001859,4.999933,0.999943,-0.001781,-0.010474,-0.000335
1591033047561408,5.000035,3.001660,4.999814,0.999943,-0.001774,-0.010479,-0.000342
1591033047586517,5.000234,3.001549,4.999629,0.999944,-0.001761,-0.010454,-0.000333
1591033047611815,5.000194,3.001320,4.999769,0.999943,-0.001771,-0.010485,-0.000333
1591033047638015,5.000246,3.002115,4.999734,0.999943,-0.001779,-0.010478,-0.000318
1591033047662921,5.000045,3.001983,5.000045,0.999943,-0.001815,-0.010511,-0.000316
1591033047688755,5.000211,3.001674,4.999930,0.999944,-0.001788,-0.010453,-0.000304
1591033047712902,5.000144,3.001561,4.999937,0.999944,-0.001793,-0.010459,-0.000290
1591033047739372,5.000148,3.002260,5.000009,0.999944,-0.001793,-0.010460,-0.000302
1591033047764093,5.000158,3.002027,4.999825,0.999944,-0.001812,-0.010433,-0.000307
1591033047788136,4.999978,3.001284,5.000115,0.999944,-0.001810,-0.010436,-0.000283
1591033047811327,4.999951,3.001772,5.000179,0.999944,-0.001813,-0.010419,-0.000288
1591033047836769,4.999944,3.001831,4.999616,0.999945,-0.001809,-0.010358,-0.000286
1591033047861447,4.999735,3.001760,4.999405,0.999945,-0.001844,-0.010356,-0.000299
1591033047886000,5.000040,3.001662,4.999602,0.999945,-0.001797,-0.010380,-0.000277
1591033047910211,4.999972,3.001178,4.999972,0.999944,-0.001804,-0.010424,-0.000278
1591033047935950,4.999971,3.001756,5.000032,0.999944,-0.001801,-0.010426,-0.000302
1591033047960523,5.000018,3.001946,4.999985,0.999944,-0.001803,-0.010406,-0.000308
1591033047985782,5.000074,3.001685,4.999912,0.999944,-0.001805,-0.010385,-0.000307
1591033048010836,5.000050,3.001511,4.999992,0.999944,-0.001808,-0.010441,-0.000316
1591033048039012,5.000045,3.002310,5.000005,0.999944,-0.001833,-0.010434,-0.000293
1591033048067389,4.999957,3.002043,5.000285,0.999944,-0.001839,-0.010433,-0.000285
1591033048094690,5.000067,3.001925,5.000362,0.999944,-0.001798,-0.010446,-0.000279
1591033048123894,5.000066,3.001843,5.000004,0.999944,-0.001813,-0.010437,-0.000286
1591033048152732,5.000085,3.001614,4.999902,0.999944,-0.001818,-0.010412,-0.000298
1591033048181371,5.000405,3.001450,5.000059,0.999944,-0.001776,-0.010437,-0.000306
1591033048207758,5.000193,3.001112,5.000016,0.999944,-0.001801,-0.010401,-0.000290
1591033048235667,5.000191,3.001659,5.000052,0.999944,-0.001807,-0.010409,-0.000291
1591033048265703,4.999999,3.001922,5.000085,0.999944,-0.001821,-0.010444,-0.000304
1591033048296590,5.000099,3.001879,5.000107,0.999944,-0.001817,-0.010469,-0.000278
1591033048328069,5.000006,3.001835,4.999831,0.999944,-0.001808,-0.010459,-0.000287
1591033048359901,4.999956,3.001620,4.999882,0.999943,-0.001809,-0.010471,-0.000278
1591033048391198,4.999990,3.001550,4.999831,0.999944,-0.001825,-0.010456,-0.000290
1591033048422584,4.999927,3.001393,5.000207,0.999943,-0.001823,-0.010502,-0.000296
1591033048454162,5.000025,3.001288,4.999919,0.999944,-0.001786,-0.010465,-0.000312
1591033048485931,5.000031,3.001482,4.999982,0.999944,-0.001785,-0.010475,-0.000272
1591033048512425,5.000051,3.001392,4.999971,0.999944,-0.001799,-0.010470,-0.000299
1591033048541269,5.000091,3.002049,4.999929,0.999943,-0.001796,-0.010474,-0.000281
1591033048569625,5.000167,3.001978,4.999641,0.999944,-0.001796,-0.010454,-0.000259
1591033048597585,5.000159,3.001983,4.999668,0.999944,-0.001811,-0.010431,-0.000259
1591033048623380,4.999718,3.001690,4.999680,0.999944,-0.001830,-0.010427,-0.000257
1591033048651933,4.999849,3.001460,5.000116,0.999943,-0.001841,-0.010489,-0.000285
1591033048678948,5.000006,3.001382,5.000104,0.999944,-0.001818,-0.010471,-0.000309
1591033048706573,5.000035,3.001971,5.000146,0.999943,-0.001833,-0.010482,-0.000314
1591033048734202,5.000164,3.001924,5.000163,0.999944,-0.001844,-0.010449,-0.000296
1591033048760650,5.000079,3.001596,5.000001,0.999944,-0.001834,-0.010418,-0.000300
1591033048788715,5.000118,3.001719,5.000094,0.999944,-0.001828,-0.010423,-0.000266
1591033048817360,5.000077,3.001577,4.999886,0.999944,-0.001855,-0.010406,-0.000262
1591033048844461,5.000092,3.002257,4.999818,0.999944,-0.001846,-0.010403,-0.000273
1591033048871983,4.999950,3.002123,4.999976,0.999944,-0.001854,-0.010407,-0.000267
1591033048901850,5.000072,3.001934,4.999974,0.999944,-0.001826,-0.010406,-0.000271
1591033048926766,5.000070,3.001679,4.999762,0.999944,-0.001835,-0.010386,-0.000291
1591033048950840,4.999980,3.001482,4.999946,0.999944,-0.001850,-0.010401,-0.000287
1591033048975678,4.999974,3.002122,4.999977,0.999944,-0.001826,-0.010419,-0.000295
1591033049002201,4.999977,3.002147,5.000306,0.999944,-0.001824,-0.010438,-0.000304
1591033049032834,5.000127,3.001877,4.999808,0.999944,-0.001790,-0.010451,-0.000293
1591033049059765,5.000168,3.001712,4.999693,0.999944,-0.001800,-0.010455,-0.000308
1591033049087460,5.000169,3.001237,4.999639,0.999944,-0.001794,-0.010461,-0.000280
1591033049114452,5.000043,3.001218,4.999881,0.999943,-0.001835,-0.010468,-0.000292
1591033049143016,4.999980,3.001319,4.999866,0.999943,-0.001853,-0.010483,-0.000284
1591033049171046,4.999948,3.001992,4.999893,0.999943,-0.001851,-0.010497,-0.000288
1591033049198154,4.999981,3.001929,5.000128,0.999943,-0.001843,-0.010521,-0.000271
1591033049229021,5.000317,3.001612,5.000253,0.999943,-0.001859,-0.010504,-0.000250
1591033049262814,5.000211,3.001739,4.999974,0.999943,-0.001898,-0.010496,-0.000228
1591033049288548,5.000037,3.001523,5.000055,0.999943,-0.001895,-0.010478,-0.000246
1591033049314561,4.999878,3.001420,4.999813,0.999943,-0.001896,-0.010467,-0.000272
1591033049339026,4.999811,3.002088,4.999770,0.999943,-0.001882,-0.010464,-0.000258
1591033049366024,4.999862,3.001722,4.999557,0.999943,-0.001868,-0.010461,-0.000238
1591033049389964,5.000007,3.001451,4.999537,0.999943,-0.001849,-0.010482,-0.000290
1591033049416644,5.000026,3.001185,4.999630,0.999943,-0.001839,-0.010506,-0.000265
1591033049442345,4.999954,3.001210,4.999996,0.999943,-0.001841,-0.010518,-0.000252
1591033049474190,4.999952,3.001998,5.000029,0.999943,-0.001834,-0.010497,-0.000228
1591033049508523,4.999856,3.002069,4.999808,0.999944,-0.001824,-0.010444,-0.000223
1591033049542302,4.999907,3.002228,4.999897,0.999944,-0.001803,-0.010455,-0.000216
1591033049575076,4.999975,3.001806,4.999734,0.999944,-0.001787,-0.010466,-0.000234
1591033049608616,5.000055,3.002083,4.999853,0.999943,-0.001787,-0.010481,-0.000230
1591033049641415,4.999974,3.001234,5.000081,0.999943,-0.001811,-0.010488,-0.000266
1591033049675376,4.999985,3.001956,5.000144,0.999944,-0.001815,-0.010459,-0.000264
1591033049707900,5.000010,3.002289,4.999902,0.999944,-0.001810,-0.010453,-0.000274
1591033049733807,5.000027,3.001892,5.000107,0.999943,-0.001825,-0.010485,-0.000278
1591033049759128,5.000082,3.001601,4.999985,0.999944,-0.001805,-0.010466,-0.000262
1591033049783958,5.000065,3.001418,5.000174,0.999943,-0.001823,-0.010484,-0.000253
1591033049809657,5.000088,3.002011,5.000199,0.999943,-0.001826,-0.010494,-0.000245
1591033049834278,4.999900,3.001716,4.999996,0.999944,-0.001883,-0.010461,-0.000249
1591033049861559,5.000013,3.001447,4.999855,0.999944,-0.001832,-0.010466,-0.000247
1591033049887521,4.999997,3.001440,4.999853,0.999944,-0.001883,-0.010447,-0.000240
1591033049911973,4.999981,3.001371,4.999755,0.999944,-0.001885,-0.010440,-0.000260
1591033049936939,4.999995,3.001957,4.999699,0.999944,-0.001889,-0.010440,-0.000245
1591033049961114,4.999995,3.001815,5.000075,0.999943,-0.001886,-0.010465,-0.000222
1591033049985209,4.999934,3.001491,5.000216,0.999943,-0.001900,-0.010483,-0.000219
1591033050010304,4.999906,3.002127,5.000243,0.999943,-0.001891,-0.010487,-0.000208
1591033050043019,4.999595,3.001969,4.999862,0.999943,-0.001896,-0.010467,-0.000202
1591033050077419,4.999602,3.001102,4.999814,0.999943,-0.001864,-0.010469,-0.000202
1591033050105561,4.999529,3.001606,4.999800,0.999943,-0.001895,-0.010469,-0.000191
1591033050132762,4.999533,3.001697,4.999914,0.999943,-0.001888,-0.010467,-0.000194
1591033050158187,4.999842,3.001644,5.000088,0.999943,-0.001875,-0.010473,-0.000220
1591033050186391,4.999963,3.001611,5.000459,0.999943,-0.001861,-0.010489,-0.000203
1591033050213205,5.000042,3.001200,5.000232,0.999943,-0.001837,-0.010478,-0.000195
1591033050239533,5.000098,3.001750,5.000253,0.999943,-0.001845,-0.010486,-0.000190
1591033050267269,4.999967,3.001788,5.000123,0.999944,-0.001852,-0.010454,-0.000179
1591033050293892,4.999852,3.001649,5.000275,0.999944,-0.001851,-0.010467,-0.000191
1591033050322929,4.999743,3.001679,5.000585,0.999943,-0.001865,-0.010482,-0.000205
1591033050349352,4.999823,3.001369,5.000204,0.999944,-0.001884,-0.010444,-0.000209
1591033050374549,4.999814,3.001935,5.000211,0.999944,-0.001885,-0.010419,-0.000220
1591033050400935,4.999989,3.001869,4.999995,0.999944,-0.001886,-0.010397,-0.000215
1591033050429114,4.999982,3.001644,4.999909,0.999944,-0.001859,-0.010408,-0.000212
1591033050455065,4.999933,3.001530,5.000037,0.999944,-0.001856,-0.010426,-0.000210
1591033050483519,4.999742,3.001467,4.999513,0.999944,-0.001852,-0.010418,-0.000212
1591033050508458,4.999691,3.002044,4.999416,0.999944,-0.001836,-0.010416,-0.000191
1591033050534293,4.999477,3.001907,4.999749,0.999944,-0.001845,-0.010434,-0.000173
1591033050565648,4.999686,3.001686,4.999955,0.999944,-0.001812,-0.010452,-0.000208
1591033050596973,4.999888,3.001710,5.000274,0.999943,-0.001795,-0.010481,-0.000206
1591033050630611,4.999974,3.001725,5.000205,0.999944,-0.001810,-0.010466,-0.000214
1591033050655532,5.000083,3.001426,5.000009,0.999944,-0.001833,-0.010417,-0.000225
1591033050681163,5.000078,3.001256,4.999979,0.999944,-0.001844,-0.010413,-0.000201
1591033050709112,5.000128,3.001806,4.999968,0.999944,-0.001840,-0.010395,-0.000180
1591033050742337,4.999990,3.001909,5.000363,0.999944,-0.001848,-0.010388,-0.000176
1591033050767552,4.999978,3.001581,5.000326,0.999944,-0.001831,-0.010414,-0.000197
1591033050794741,4.999889,3.001562,5.000077,0.999944,-0.001859,-0.010429,-0.000216
1591033050820074,5.000015,3.001598,5.000085,0.999944,-0.001859,-0.010428,-0.000215
1591033050845450,4.999960,3.001476,5.000123,0.999944,-0.001867,-0.010457,-0.000256
1591033050870546,4.999979,3.002059,5.000145,0.999944,-0.001869,-0.010452,-0.000259
1591033050897945,4.999920,3.001695,5.000078,0.999944,-0.001892,-0.010429,-0.000263
1591033050930213,5.000123,3.001654,5.000005,0.999944,-0.001867,-0.010437,-0.000263
1591033050963294,5.000120,3.001449,4.999964,0.999944,-0.001864,-0.010458,-0.000279
1591033050997899,5.000089,3.001520,4.999894,0.999943,-0.001875,-0.010461,-0.000240
1591033051022754,5.000004,3.001559,5.000262,0.999943,-0.001873,-0.010500,-0.000252
1591033051050776,4.999904,3.001438,5.000203,0.999943,-0.001887,-0.010502,-0.000254
1591033051078398,4.999987,3.001251,5.000200,0.999943,-0.001871,-0.010500,-0.000260
1591033051106258,5.000008,3.001939,5.000212,0.999943,-0.001867,-0.010510,-0.000270
1591033051133369,5.000055,3.001444,4.999845,0.999943,-0.001855,-0.010475,-0.000286
1591033051161534,5.000173,3.001420,4.999700,0.999944,-0.001863,-0.010440,-0.000269
1591033051188812,5.000080,3.001010,4.999613,0.999944,-0.001874,-0.010445,-0.000263
1591033051216607,5.000066,3.001251,4.999609,0.999944,-0.001856,-0.010462,-0.000287
1591033051241682,5.000067,3.001853,4.999562,0.999944,-0.001857,-0.010461,-0.000290
1591033051276843,4.999923,3.001950,5.000259,0.999943,-0.001870,-0.010502,-0.000305
1591033051310911,4.999873,3.001156,4.999737,0.999943,-0.001851,-0.010487,-0.000322
1591033051342573,4.999853,3.001827,4.999709,0.999944,-0.001842,-0.010463,-0.000326
1591033051376272,5.000165,3.001929,4.999440,0.999943,-0.001834,-0.010485,-0.000319
1591033051409905,5.000057,3.001114,5.000183,0.999943,-0.001833,-0.010479,-0.000292
1591033051444854,4.999983,3.001247,5.000049,0.999943,-0.001835,-0.010488,-0.000319
1591033051477530,4.999978,3.001156,4.999880,0.999944,-0.001822,-0.010450,-0.000300
1591033051511271,5.000020,3.001189,4.999883,0.999944,-0.001826,-0.010427,-0.000303
1591033051535932,5.000020,3.001706,4.999905,0.999944,-0.001829,-0.010420,-0.000307
1591033051560338,4.999966,3.001618,4.999897,0.999944,-0.001842,-0.010420,-0.000330
1591033051584811,4.999749,3.001317,4.999825,0.999944,-0.001878,-0.010415,-0.000323
1591033051609570,4.999700,3.001893,4.999826,0.999944,-0.001875,-0.010419,-0.000322
1591033051633799,4.999982,3.001560,4.999784,0.999944,-0.001863,-0.010406,-0.000331
1591033051657768,5.000215,3.001462,5.000018,0.999944,-0.001871,-0.010403,-0.000296
1591033051682524,5.000177,3.001237,4.999903,0.999944,-0.001877,-0.010403,-0.000285
1591033051707391,5.000220,3.001778,4.999931,0.999944,-0.001875,-0.010399,-0.000298
1591033051733134,5.000180,3.001637,4.999720,0.999944,-0.001879,-0.010392,-0.000306
1591033051759325,4.999997,3.001565,4.999830,0.999944,-0.001914,-0.010415,-0.000304
1591033051788761,4.999949,3.001479,4.999976,0.999944,-0.001903,-0.010445,-0.000332
1591033051817292,4.999957,3.001431,5.000051,0.999943,-0.001898,-0.010470,-0.000333
1591033051843252,4.999938,3.002006,5.000035,0.999943,-0.001905,-0.010475,-0.000316
1591033051869803,5.000046,3.001735,4.999743,0.999943,-0.001888,-0.010470,-0.000322
1591033051895920,5.000043,3.001517,4.999979,0.999943,-0.001871,-0.010481,-0.000307
1591033051922879,5.000011,3.001407,4.999778,0.999943,-0.001860,-0.010467,-0.000318
1591033051950104,5.000008,3.001331,4.999922,0.999943,-0.001874,-0.010484,-0.000313
1591033051976662,5.000017,3.001916,4.999922,0.999943,-0.001891,-0.010481,-0.000334
1591033052003586,5.000089,3.001706,4.999967,0.999943,-0.001884,-0.010486,-0.000354
1591033052034959,5.000138,3.001669,4.999823,0.999943,-0.001867,-0.010499,-0.000331
1591033052063376,4.999830,3.001465,4.999742,0.999943,-0.001890,-0.010508,-0.000318
1591033052091526,5.000121,3.001497,4.999815,0.999943,-0.001869,-0.010512,-0.000301
1591033052120048,5.000119,3.001389,4.999965,0.999943,-0.001855,-0.010523,-0.000302
1591033052149506,5.000120,3.001382,4.999888,0.999943,-0.001890,-0.010543,-0.000281
1591033052178471,5.000135,3.001978,4.999933,0.999943,-0.001882,-0.010535,-0.000307
1591033052208300,4.999989,3.001806,5.000242,0.999943,-0.001889,-0.010521,-0.000312
1591033052238224,5.000023,3.001858,5.000210,0.999943,-0.001872,-0.010538,-0.000336
1591033052267685,5.000143,3.001658,4.999802,0.999943,-0.001865,-0.010513,-0.000342
1591033052296962,5.000032,3.001409,4.999990,0.999943,-0.001871,-0.010526,-0.000329
1591033052327034,4.999976,3.001302,5.000193,0.999943,-0.001873,-0.010527,-0.000319
1591033052357889,5.000011,3.001270,4.999997,0.999943,-0.001886,-0.010498,-0.000296
1591033052388547,5.000062,3.000979,4.999809,0.999943,-0.001860,-0.010513,-0.000295
1591033052419318,5.000107,3.001226,4.999821,0.999943,-0.001824,-0.010524,-0.000304
1591033052449817,5.000075,3.001288,4.999869,0.999943,-0.001882,-0.010514,-0.000311
1591033052481896,5.000082,3.001221,4.999946,0.999943,-0.001886,-0.010504,-0.000286
1591033052515577,5.000068,3.001216,5.000039,0.999943,-0.001846,-0.010498,-0.000320
1591033052546204,5.000103,3.000992,4.999620,0.999943,-0.001835,-0.010479,-0.000321
1591033052574850,5.000119,3.001497,4.999598,0.999944,-0.001836,-0.010460,-0.000321
1591033052604158,5.000068,3.001678,4.999680,0.999944,-0.001876,-0.010417,-0.000338
1591033052633193,5.000057,3.001241,4.999634,0.999944,-0.001872,-0.010424,-0.000351
1591033052662587,5.000114,3.001489,4.999952,0.999944,-0.001865,-0.010450,-0.000312
1591033052692133,5.000071,3.001489,5.000115,0.999943,-0.001877,-0.010469,-0.000314
1591033052721283,5.000107,3.001489,5.000363,0.999943,-0.001879,-0.010462,-0.000302
1591033052750837,5.000137,3.001407,5.000139,0.999944,-0.001868,-0.010423,-0.000298
1591033052779909,5.000054,3.001277,5.000282,0.999944,-0.001863,-0.010441,-0.000309
1591033052808610,5.000054,3.001928,5.000360,0.999944,-0.001868,-0.010427,-0.000317
1591033052837299,5.000052,3.001441,5.000106,0.999944,-0.001885,-0.010406,-0.000321
1591033052871472,5.000125,3.001640,4.999926,0.999944,-0.001899,-0.010384,-0.000311
1591033052906446,5.000131,3.001904,5.000123,0.999944,-0.001901,-0.010428,-0.000308
1591033052935832,5.000087,3.001868,5.000060,0.999944,-0.001910,-0.010432,-0.000286
1591033052964997,4.999999,3.001753,4.999710,0.999944,-0.001905,-0.010427,-0.000264
