1591715547016567,9.999446,3.000705,10.000530,0.998954,-0.007940,-0.039823,-0.021044
1591715547073502,9.999220,3.001244,10.001338,0.998938,-0.007675,-0.039986,-0.021576
1591715547121372,9.997572,3.002414,10.002128,0.998951,-0.011617,-0.038658,-0.021637
1591715547197067,9.997443,3.002625,10.001093,0.999121,-0.010754,-0.034503,-0.021251
1591715547236242,9.997420,3.003377,10.000635,0.999174,-0.010678,-0.033239,-0.020807
1591715547274703,9.997797,3.003087,10.000462,0.999224,-0.010036,-0.032360,-0.020101
1591715547316106,9.998994,3.000613,9.999702,0.999346,-0.008471,-0.029626,-0.018948
1591715547355103,9.999779,3.000129,9.999617,0.999423,-0.007308,-0.028063,-0.017708
1591715547391113,9.999814,3.000061,9.998767,0.999503,-0.007126,-0.026004,-0.016339
1591715547427091,10.001409,3.000091,9.997741,0.999592,-0.005676,-0.023735,-0.014829
1591715547463770,10.002142,3.000529,9.996558,0.999646,-0.005592,-0.022505,-0.013085
1591715547501753,10.003581,3.001067,9.997084,0.999659,-0.005028,-0.023061,-0.011137
1591715547541251,10.004639,3.001940,9.997488,0.999662,-0.004643,-0.023871,-0.009209
1591715547580503,10.006132,3.001671,9.996879,0.999629,-0.003699,-0.025954,-0.007395
1591715547620468,10.006252,3.002635,9.997259,0.999567,-0.003585,-0.028586,-0.006020
1591715547663061,10.006908,3.003526,9.997554,0.999518,-0.002945,-0.030496,-0.005095
1591715547700148,10.006359,3.004137,9.997398,0.999490,-0.002630,-0.031527,-0.004294
1591715547736247,10.007342,3.003875,9.997779,0.999428,-0.002023,-0.033573,-0.003562
1591715547774517,10.008563,3.004433,9.997752,0.999360,-0.001084,-0.035599,-0.003301
1591715547810630,10.008430,3.005530,9.997248,0.999341,-0.000916,-0.036176,-0.002716
1591715547846533,10.008446,3.005202,9.997414,0.999314,-0.001058,-0.036948,-0.002180
1591715547883316,10.008623,3.004324,9.998345,0.999272,-0.000935,-0.038058,-0.002318
1591715547919383,10.008945,3.004423,9.998335,0.999253,-0.000766,-0.038594,-0.002021
1591715547957384,10.008884,3.004091,9.998371,0.999243,-0.000945,-0.038855,-0.001723
1591715547993684,10.008536,3.004100,9.998534,0.999250,-0.001229,-0.038696,-0.001141
1591715548030335,10.008317,3.003820,9.998086,0.999281,-0.001625,-0.037885,-0.000137
1591715548066929,10.009106,3.003603,9.998147,0.999294,-0.001619,-0.037524,0.000732
1591715548103929,10.008945,3.003490,9.997938,0.999307,-0.001766,-0.037148,0.001670
1591715548140521,10.009731,3.003495,9.997261,0.999338,-0.001887,-0.036231,0.002875
1591715548177016,10.009711,3.004001,9.997367,0.999323,-0.002127,-0.036506,0.004004
1591715548214478,10.010436,3.003482,9.998037,0.999291,-0.001641,-0.037265,0.005096
1591715548249439,10.010525,3.003515,9.998013,0.999287,-0.001539,-0.037271,0.005775
1591715548284447,10.010588,3.003659,9.998260,0.999282,-0.001230,-0.037300,0.006526
1591715548320907,10.010652,3.004300,9.998562,0.999223,-0.000314,-0.038737,0.007257
1591715548359026,10.011271,3.005416,9.998425,0.999146,0.001438,-0.040547,0.007871
1591715548395300,10.012302,3.005363,9.998927,0.999096,0.003626,-0.041521,0.008325
1591715548430939,10.013763,3.005566,9.999439,0.999068,0.005988,-0.041850,0.008737
1591715548466795,10.014970,3.004455,9.998804,0.999096,0.007508,-0.040713,0.009690
1591715548501371,10.016307,3.004399,9.998837,0.999112,0.008064,-0.039822,0.011166
1591715548536465,10.017815,3.004255,9.998232,0.999123,0.008610,-0.039065,0.012384
1591715548573681,10.018751,3.004308,9.997940,0.999144,0.009413,-0.038070,0.013174
1591715548609855,10.018840,3.003622,9.997330,0.999179,0.010003,-0.036781,0.013706
1591715548646265,10.018438,3.002802,9.996572,0.999215,0.010003,-0.035505,0.014434
1591715548681765,10.017939,3.003123,9.996601,0.999230,0.009937,-0.035071,0.014484
1591715548717414,10.016471,3.003818,9.996409,0.999251,0.009593,-0.034881,0.013727
1591715548753011,10.015072,3.004071,9.995634,0.999272,0.009099,-0.034907,0.012409
1591715548788779,10.013274,3.004524,9.995571,0.999277,0.008553,-0.035397,0.010943
1591715548824544,10.012107,3.004731,9.995255,0.999279,0.007933,-0.035734,0.010043
1591715548859313,10.012072,3.004415,9.995270,0.999283,0.007194,-0.035858,0.009782
1591715548893948,10.013005,3.004007,9.994880,0.999300,0.007032,-0.035477,0.009594
1591715548928647,10.013462,3.003554,9.995088,0.999319,0.007530,-0.034758,0.009801
1591715548963504,10.013772,3.003149,9.995813,0.999308,0.008140,-0.034793,0.010312
1591715548997905,10.013762,3.003219,9.995445,0.999307,0.007919,-0.034653,0.011048
1591715549036408,10.013252,3.004385,9.995056,0.999315,0.006687,-0.034485,0.011630
1591715549076567,10.012510,3.005610,9.994946,0.999309,0.005073,-0.034953,0.011561
1591715549116235,10.012461,3.006240,9.995213,0.999293,0.003913,-0.035569,0.011518
1591715549153247,10.013630,3.005139,9.994754,0.999266,0.003151,-0.036198,0.012129
1591715549193511,10.014416,3.005114,9.994314,0.999244,0.002918,-0.036531,0.012967
1591715549233097,10.014867,3.005307,9.994680,0.999235,0.003256,-0.036396,0.013951
1591715549275184,10.016134,3.005532,9.994599,0.999212,0.004490,-0.036796,0.014181
1591715549315744,10.017518,3.005144,9.994662,0.999177,0.006236,-0.037259,0.014807
1591715549355868,10.017757,3.004360,9.994811,0.999147,0.007389,-0.037482,0.015658
1591715549396132,10.018402,3.004481,9.994753,0.999149,0.008024,-0.037093,0.016136
1591715549440324,10.018486,3.004912,9.995117,0.999174,0.007336,-0.036431,0.016435
1591715549480458,10.017429,3.005847,9.995420,0.999177,0.006141,-0.036652,0.016240
1591715549522199,10.017309,3.005415,9.994782,0.999170,0.004891,-0.037220,0.015822
1591715549563266,10.015931,3.005680,9.994527,0.999202,0.004070,-0.036652,0.015317
1591715549606591,10.014798,3.005049,9.995275,0.999223,0.003724,-0.036386,0.014712
1591715549650641,10.014954,3.004451,9.994720,0.999227,0.003719,-0.036570,0.013944
1591715549694026,10.014061,3.004988,9.994799,0.999216,0.003637,-0.037113,0.013305
1591715549734701,10.013621,3.005119,9.994829,0.999230,0.003486,-0.036938,0.012796
1591715549779175,10.012616,3.005258,9.995430,0.999216,0.002353,-0.037503,0.012449
1591715549822991,10.012375,3.005271,9.995838,0.999228,0.001677,-0.037440,0.011820
1591715549863622,10.011040,3.005229,9.996074,0.999218,0.000882,-0.037915,0.011215
1591715549906290,10.010202,3.005586,9.996408,0.999211,0.000156,-0.038231,0.010755
1591715549945808,10.010241,3.005234,9.996198,0.999227,-0.000055,-0.037952,0.010263
1591715549987680,10.009957,3.004563,9.996351,0.999242,-0.000182,-0.037679,0.009779
1591715550026558,10.009620,3.004536,9.996410,0.999246,-0.000311,-0.037623,0.009584
1591715550064042,10.009264,3.004715,9.996831,0.999255,-0.000163,-0.037471,0.009273
1591715550101539,10.009096,3.005013,9.996538,0.999281,-0.000069,-0.036818,0.009071
1591715550136794,10.009215,3.003967,9.996991,0.999281,-0.000150,-0.036806,0.009069
1591715550173693,10.009489,3.004124,9.997140,0.999262,-0.000569,-0.037289,0.009183
1591715550210145,10.009302,3.004858,9.996894,0.999274,-0.000801,-0.036938,0.009266
1591715550247239,10.009277,3.004380,9.996985,0.999280,-0.001318,-0.036664,0.009712
1591715550284704,10.009631,3.004486,9.997260,0.999262,-0.002297,-0.036943,0.010294
1591715550321027,10.009164,3.005443,9.997491,0.999238,-0.003434,-0.037377,0.010658
1591715550357606,10.009436,3.005178,9.996783,0.999216,-0.004557,-0.037680,0.011284
1591715550394157,10.010458,3.005537,9.996513,0.999184,-0.004320,-0.038364,0.011829
1591715550430847,10.011065,3.004889,9.996912,0.999166,-0.003151,-0.038792,0.012335
1591715550468623,10.011666,3.004549,9.996099,0.999157,-0.001985,-0.038897,0.012944
1591715550505079,10.011837,3.004942,9.995560,0.999173,-0.002549,-0.038266,0.013515
1591715550543611,10.011634,3.006112,9.995927,0.999157,-0.003751,-0.038605,0.013459
1591715550583669,10.011321,3.006513,9.996671,0.999096,-0.004034,-0.040233,0.013110
1591715550620172,10.011513,3.005932,9.996559,0.999074,-0.003018,-0.040963,0.012812
1591715550658488,10.011142,3.004900,9.996818,0.999121,-0.001395,-0.040105,0.012160
1591715550694162,10.010040,3.004740,9.996915,0.999179,-0.001361,-0.038731,0.011804
1591715550733178,10.009810,3.005444,9.997046,0.999173,-0.002507,-0.039030,0.011149
1591715550772977,10.009524,3.006579,9.996697,0.999138,-0.003233,-0.040095,0.010219
1591715550809259,10.009575,3.006339,9.996325,0.999144,-0.002686,-0.040209,0.009382
1591715550847329,10.009840,3.005165,9.997343,0.999135,-0.001431,-0.040617,0.008792
1591715550885993,10.010174,3.005327,9.997401,0.999120,-0.000042,-0.041011,0.008780
1591715550924068,10.010664,3.005527,9.998132,0.999104,0.000836,-0.041388,0.008831
1591715550965552,10.010889,3.005753,9.999008,0.999099,0.001278,-0.041541,0.008592
1591715551007103,10.010884,3.006489,9.999591,0.999096,0.000489,-0.041653,0.008476
1591715551048896,10.011617,3.005967,9.999505,0.999107,0.000119,-0.041421,0.008372
1591715551087696,10.011536,3.005558,9.999791,0.999114,0.000277,-0.041163,0.008737
1591715551126131,10.011237,3.005388,10.000282,0.999113,0.000445,-0.041121,0.009077
1591715551163963,10.010741,3.005589,10.000726,0.999105,0.000440,-0.041261,0.009310
1591715551201332,10.010829,3.005592,10.000992,0.999092,0.000565,-0.041526,0.009464
1591715551239395,10.011355,3.006144,10.000885,0.999088,0.000640,-0.041665,0.009280
1591715551278182,10.011280,3.006387,10.001256,0.999094,0.000434,-0.041605,0.008989
1591715551316697,10.010198,3.006492,10.001845,0.999068,-0.000137,-0.042298,0.008563
1591715551352728,10.009094,3.006404,10.002617,0.999037,-0.000934,-0.043133,0.008024
1591715551389873,10.008334,3.006181,10.003343,0.999046,-0.001577,-0.043013,0.007420
1591715551425051,10.007600,3.005645,10.003269,0.999073,-0.001804,-0.042442,0.006996
1591715551461850,10.007153,3.005526,10.004164,0.999089,-0.001575,-0.042109,0.006694
1591715551497053,10.007653,3.005294,10.003977,0.999096,-0.001200,-0.042006,0.006366
1591715551538238,10.007630,3.005762,10.004183,0.999122,-0.000985,-0.041460,0.005997
1591715551579656,10.007493,3.006098,10.003523,0.999142,-0.001145,-0.041024,0.005582
1591715551616992,10.006288,3.005724,10.004802,0.999115,-0.001255,-0.041775,0.004698
1591715551652802,10.006001,3.006482,10.004707,0.999079,-0.001189,-0.042760,0.003515
1591715551690656,10.005250,3.006423,10.004492,0.999059,-0.000908,-0.043281,0.002548
1591715551727128,10.005814,3.007116,10.005434,0.999033,-0.000437,-0.043913,0.002308
1591715551763580,10.006586,3.007249,10.005835,0.999019,0.000021,-0.044202,0.002696
1591715551801307,10.007500,3.007213,10.006248,0.999006,0.000488,-0.044423,0.003586
1591715551839272,10.008597,3.006940,10.006355,0.999007,0.000835,-0.044339,0.004365
1591715551879300,10.009019,3.006952,10.006121,0.999021,0.000706,-0.043921,0.005254
1591715551919014,10.009438,3.006665,10.006439,0.999049,-0.000039,-0.043127,0.006423
1591715551958549,10.009945,3.006798,10.005901,0.999053,-0.001213,-0.042892,0.007205
1591715551996492,10.010369,3.006953,10.005751,0.999085,-0.002130,-0.041980,0.007878
1591715552044338,10.010543,3.007035,10.005994,0.999073,-0.002800,-0.042121,0.008405
1591715552093361,10.010003,3.007815,10.006754,0.999026,-0.003189,-0.043176,0.008562
1591715552138255,10.010252,3.008231,10.006498,0.999030,-0.003392,-0.043016,0.008754
1591715552181487,10.011295,3.006804,10.007662,0.999014,-0.003485,-0.043263,0.009322
1591715552223971,10.011382,3.006602,10.008110,0.999005,-0.003391,-0.043420,0.009572
1591715552266001,10.010293,3.006809,10.008385,0.999042,-0.003170,-0.042647,0.009293
1591715552310598,10.009159,3.007360,10.008736,0.999042,-0.003459,-0.042866,0.008071
1591715552356167,10.007662,3.007579,10.008237,0.999054,-0.004362,-0.042897,0.005734
1591715552402110,10.006022,3.008283,10.007586,0.999072,-0.005897,-0.042445,0.004285
1591715552447607,10.005165,3.008882,10.008324,0.999066,-0.006562,-0.042575,0.003394
1591715552497004,10.005545,3.008036,10.008497,0.999057,-0.005937,-0.042947,0.002450
1591715552549145,10.005901,3.008746,10.008041,0.999095,-0.005373,-0.042116,0.002522
1591715552595597,10.006651,3.007101,10.008622,0.999121,-0.004952,-0.041540,0.002731
1591715552639375,10.007392,3.007631,10.008680,0.999129,-0.004943,-0.041305,0.003140
1591715552683936,10.007791,3.008041,10.008684,0.999108,-0.005130,-0.041752,0.003563
1591715552728439,10.008122,3.008899,10.008384,0.999112,-0.005113,-0.041667,0.003575
1591715552770863,10.007965,3.009421,10.009469,0.999078,-0.005185,-0.042488,0.003414
1591715552814222,10.007540,3.010283,10.009877,0.999031,-0.005231,-0.043613,0.002919
1591715552854408,10.007519,3.009094,10.009137,0.999038,-0.005150,-0.043481,0.002320
1591715552893532,10.007054,3.008993,10.008856,0.999040,-0.005124,-0.043478,0.001701
1591715552932933,10.006456,3.009209,10.009076,0.999038,-0.005086,-0.043555,0.001012
1591715552973305,10.005117,3.009503,10.008990,0.999049,-0.005212,-0.043290,0.000086
1591715553017000,10.004635,3.008497,10.008256,0.999087,-0.005866,-0.042315,-0.000901
1591715553063725,10.003888,3.008714,10.008100,0.999102,-0.006714,-0.041807,-0.001681
1591715553109541,10.003022,3.009522,10.007442,0.999116,-0.007063,-0.041384,-0.002287
1591715553152948,10.003063,3.008258,10.007937,0.999132,-0.007063,-0.040985,-0.002196
1591715553195890,10.003897,3.007943,10.007690,0.999148,-0.006849,-0.040663,-0.001696
1591715553238244,10.004869,3.007834,10.006667,0.999156,-0.006481,-0.040550,-0.001094
1591715553283904,10.004567,3.008023,10.006181,0.999173,-0.006342,-0.040153,-0.000225
1591715553328433,10.005083,3.007501,10.005022,0.999176,-0.006332,-0.040098,0.000540
1591715553371425,10.004477,3.008433,10.004591,0.999182,-0.006306,-0.039938,0.000778
1591715553410931,10.004453,3.008527,10.004081,0.999198,-0.006523,-0.039494,0.000699
1591715553452901,10.004820,3.007058,10.003402,0.999209,-0.006902,-0.039150,0.000745
1591715553491375,10.004541,3.007450,10.002945,0.999202,-0.007013,-0.039313,0.000936
1591715553530032,10.004020,3.008082,10.002321,0.999181,-0.007055,-0.039820,0.001069
1591715553569096,10.004126,3.007954,10.001820,0.999169,-0.006772,-0.040167,0.001133
1591715553610060,10.003665,3.008161,10.001707,0.999164,-0.006672,-0.040323,0.001109
1591715553649957,10.003534,3.007082,10.001945,0.999171,-0.006786,-0.040138,0.001037
1591715553689872,10.003553,3.006688,10.001445,0.999188,-0.007075,-0.039667,0.000894
1591715553730468,10.003081,3.006280,10.000852,0.999219,-0.007373,-0.038807,0.000371
1591715553770686,10.001520,3.005822,10.000670,0.999227,-0.007778,-0.038533,-0.000978
1591715553810258,9.999244,3.006158,9.999877,0.999249,-0.008176,-0.037768,-0.002988
1591715553847940,9.997500,3.005329,9.999401,0.999271,-0.008605,-0.036890,-0.004689
1591715553885299,9.996000,3.004605,9.998712,0.999277,-0.009155,-0.036336,-0.006403
1591715553923041,9.995063,3.004398,9.998205,0.999278,-0.009464,-0.036006,-0.007597
1591715553958400,9.993934,3.004236,9.998127,0.999276,-0.009632,-0.035790,-0.008614
1591715553995689,9.993522,3.004173,9.997953,0.999277,-0.009764,-0.035458,-0.009642
1591715554037866,9.992215,3.004019,9.997334,0.999294,-0.010272,-0.034582,-0.010523
1591715554080123,9.991742,3.004171,9.996840,0.999301,-0.010981,-0.034105,-0.010704
1591715554121949,9.991661,3.003862,9.996700,0.999289,-0.011572,-0.034158,-0.011031
1591715554163218,9.991222,3.003769,9.996465,0.999268,-0.012067,-0.034632,-0.010851
1591715554205001,9.990869,3.003853,9.995824,0.999274,-0.012244,-0.034513,-0.010519
1591715554242948,9.990767,3.004110,9.995807,0.999282,-0.012343,-0.034293,-0.010373
1591715554283826,9.990199,3.002972,9.995325,0.999257,-0.012731,-0.034892,-0.010336
1591715554323669,9.989631,3.003479,9.994766,0.999265,-0.013071,-0.034455,-0.010517
1591715554361646,9.989351,3.003322,9.994596,0.999284,-0.013173,-0.033768,-0.010877
1591715554400636,9.988826,3.002656,9.994087,0.999310,-0.013405,-0.032746,-0.011290
1591715554442756,9.987984,3.002657,9.993730,0.999327,-0.013865,-0.031954,-0.011495
1591715554485874,9.987568,3.002029,9.993035,0.999351,-0.013835,-0.031160,-0.011597
1591715554526503,9.987473,3.002090,9.993126,0.999359,-0.013703,-0.031013,-0.011502
1591715554566915,9.987415,3.002677,9.993195,0.999355,-0.013603,-0.031283,-0.011216
1591715554607279,9.987831,3.003577,9.993160,0.999361,-0.013385,-0.031395,-0.010590
1591715554645833,9.988625,3.003878,9.993193,0.999351,-0.013007,-0.032041,-0.010133
1591715554686143,9.989205,3.003034,9.992552,0.999347,-0.012647,-0.032329,-0.010069
1591715554725087,9.988981,3.003011,9.992713,0.999360,-0.012836,-0.031883,-0.009936
1591715554763828,9.989025,3.002409,9.992164,0.999373,-0.013247,-0.031384,-0.009667
1591715554802212,9.988896,3.002602,9.992439,0.999375,-0.013493,-0.031290,-0.009431
1591715554841968,9.989006,3.002191,9.992176,0.999390,-0.013425,-0.030901,-0.009149
1591715554881728,9.989267,3.002653,9.992675,0.999393,-0.013447,-0.030862,-0.008963
1591715554922728,9.988327,3.002303,9.992445,0.999393,-0.013627,-0.030852,-0.008752
1591715554963217,9.988233,3.003465,9.993165,0.999379,-0.013802,-0.031242,-0.008658
1591715555002347,9.988540,3.004105,9.993414,0.999342,-0.013918,-0.032370,-0.008644
1591715555043389,9.989009,3.005054,9.993253,0.999333,-0.013637,-0.032749,-0.008659
1591715555086973,9.989066,3.003742,9.993867,0.999329,-0.013441,-0.032950,-0.008683
1591715555128178,9.989012,3.004025,9.993551,0.999335,-0.013371,-0.032778,-0.008730
1591715555170181,9.989282,3.004265,9.993155,0.999324,-0.013186,-0.033158,-0.008859
1591715555210242,9.989526,3.004472,9.992678,0.999337,-0.013137,-0.032764,-0.008970
1591715555249088,9.989449,3.003886,9.992349,0.999347,-0.013307,-0.032361,-0.009004
1591715555287299,9.989428,3.003488,9.991925,0.999353,-0.013487,-0.032104,-0.009020
1591715555324021,9.989142,3.003722,9.991946,0.999363,-0.013425,-0.031792,-0.009148
1591715555359744,9.989020,3.003359,9.991564,0.999379,-0.013017,-0.031392,-0.009301
1591715555395661,9.988545,3.003010,9.991689,0.999394,-0.012774,-0.030984,-0.009431
1591715555434240,9.988146,3.002972,9.991699,0.999400,-0.013145,-0.030606,-0.009522
1591715555472897,9.988228,3.003809,9.991802,0.999396,-0.013336,-0.030585,-0.009700
1591715555511119,9.988378,3.004261,9.990988,0.999398,-0.013016,-0.030599,-0.009893
1591715555547524,9.988886,3.003160,9.990911,0.999393,-0.012353,-0.031037,-0.009921
1591715555584082,9.989122,3.003263,9.990861,0.999395,-0.012038,-0.031125,-0.009805
1591715555619584,9.989465,3.003782,9.990895,0.999385,-0.011799,-0.031481,-0.009966
1591715555659437,9.989380,3.004373,9.991225,0.999356,-0.011582,-0.032446,-0.009998
1591715555717850,9.988936,3.005207,9.991601,0.999299,-0.011526,-0.034251,-0.009806
1591715555767146,9.989851,3.006930,9.991848,0.999224,-0.011215,-0.036507,-0.009631
1591715555815878,9.989882,3.006774,9.992889,0.999167,-0.010923,-0.038062,-0.009908
1591715555858914,9.989320,3.007206,9.992953,0.999148,-0.010971,-0.038462,-0.010226
1591715555903521,9.988623,3.007274,9.993101,0.999106,-0.011195,-0.039245,-0.011000
1591715555942835,9.988543,3.008277,9.993935,0.999086,-0.011476,-0.039393,-0.012010
1591715555981249,9.987948,3.008398,9.993484,0.999057,-0.011752,-0.039831,-0.012677
1591715556019815,9.987350,3.008398,9.994953,0.999000,-0.011969,-0.041020,-0.013189
1591715556059234,9.987731,3.009116,9.995324,0.998957,-0.011956,-0.042014,-0.013269
1591715556097926,9.988807,3.008996,9.995186,0.998951,-0.011882,-0.042310,-0.012863
1591715556138359,9.989594,3.009017,9.995842,0.998951,-0.011774,-0.042575,-0.012053
1591715556177188,9.990329,3.009200,9.995973,0.998948,-0.011520,-0.042965,-0.011143
1591715556215229,9.991120,3.008493,9.996763,0.998946,-0.011436,-0.043265,-0.010257
1591715556253916,9.991690,3.008631,9.997846,0.998953,-0.011432,-0.043310,-0.009273
1591715556292040,9.992485,3.008706,9.997572,0.998942,-0.011493,-0.043696,-0.008550
1591715556329699,9.992360,3.009140,9.998126,0.998925,-0.011496,-0.044171,-0.008086
1591715556371218,9.993246,3.009615,9.998223,0.998924,-0.011252,-0.044398,-0.007258
1591715556409685,9.994043,3.010099,9.998384,0.998938,-0.010920,-0.044344,-0.006092
1591715556447221,9.994343,3.009152,9.997705,0.998951,-0.010215,-0.044341,-0.005210
1591715556485723,9.994737,3.008816,9.997541,0.998960,-0.009500,-0.044315,-0.005018
1591715556523607,9.995452,3.008630,9.997583,0.998975,-0.009032,-0.044135,-0.004465
1591715556560850,9.996037,3.008515,9.997483,0.998979,-0.008755,-0.044153,-0.003856
1591715556599067,9.995774,3.008816,9.997285,0.998976,-0.008271,-0.044307,-0.003908
1591715556636210,9.996352,3.008315,9.996640,0.999013,-0.007968,-0.043473,-0.004373
1591715556674079,9.995948,3.007979,9.997186,0.999041,-0.008471,-0.042759,-0.004020
1591715556710140,9.996006,3.008568,9.997959,0.999033,-0.009297,-0.042834,-0.003490
1591715556747262,9.996331,3.008011,9.997864,0.999011,-0.009387,-0.043355,-0.003089
1591715556786648,9.996621,3.007627,9.998013,0.999035,-0.009183,-0.042879,-0.002648
1591715556824283,9.996964,3.006801,9.997862,0.999049,-0.008968,-0.042628,-0.002100
1591715556861504,9.996842,3.007116,9.998065,0.999022,-0.008985,-0.043280,-0.001417
1591715556899322,9.996764,3.008264,9.998556,0.999006,-0.009836,-0.043479,-0.000610
1591715556940124,9.997249,3.008981,9.999374,0.998961,-0.011875,-0.043989,0.000866
1591715556977883,9.997860,3.009370,9.999701,0.998895,-0.013592,-0.044959,0.001580
1591715557019868,9.997717,3.008540,9.999576,0.998879,-0.013509,-0.045344,0.001549
1591715557065910,9.998312,3.006954,9.999269,0.998971,-0.010936,-0.043992,0.001684
1591715557106519,9.999066,3.005544,9.999064,0.999064,-0.008366,-0.042401,0.001559
1591715557146543,9.998396,3.004705,9.999799,0.999135,-0.006757,-0.041023,0.001231
1591715557188630,9.998912,3.004922,9.999603,0.999178,-0.006075,-0.040067,0.000727
1591715557230536,9.998571,3.005600,9.999126,0.999191,-0.006462,-0.039697,0.000165
1591715557268812,9.997993,3.006628,10.000234,0.999126,-0.007044,-0.041211,-0.000252
1591715557306923,9.998446,3.007602,10.000731,0.999088,-0.006744,-0.042143,-0.000862
1591715557342327,9.998413,3.008193,10.000694,0.999085,-0.006278,-0.042289,-0.001320
1591715557380581,9.998983,3.007945,10.001621,0.999072,-0.005774,-0.042662,-0.001592
1591715557418937,9.999667,3.007126,10.001419,0.999054,-0.005412,-0.043117,-0.001816
1591715557458638,10.000252,3.007115,10.001532,0.999048,-0.005251,-0.043270,-0.001809
1591715557504677,10.000644,3.007641,10.002363,0.999045,-0.005034,-0.043379,-0.001607
1591715557543305,10.000687,3.008468,10.002703,0.999033,-0.004800,-0.043683,-0.001358
1591715557582392,10.001490,3.007897,10.003015,0.999016,-0.004370,-0.044125,-0.000994
1591715557621336,10.002135,3.008364,10.003143,0.999001,-0.003761,-0.044530,-0.000638
1591715557659343,10.002885,3.008781,10.003148,0.998982,-0.003372,-0.044980,-0.000380
1591715557704068,10.003418,3.009835,10.003698,0.998960,-0.003140,-0.045491,-0.000019
1591715557746455,10.004375,3.010188,10.003337,0.998962,-0.003132,-0.045451,0.000341
1591715557788544,10.004884,3.009170,10.004033,0.998953,-0.003154,-0.045631,0.000582
1591715557832197,10.005541,3.008931,10.003882,0.998977,-0.002712,-0.045135,0.000636
1591715557873635,10.005919,3.008405,10.003716,0.999025,-0.002526,-0.044081,0.000687
1591715557910030,10.006102,3.008053,10.004292,0.999045,-0.002637,-0.043616,0.000600
1591715557947489,10.005998,3.007877,10.004699,0.999063,-0.002880,-0.043185,0.000475
1591715557985236,10.006008,3.007415,10.005066,0.999090,-0.003154,-0.042525,0.000372
1591715558023058,10.006046,3.007806,10.005529,0.999085,-0.003279,-0.042632,0.000298
1591715558063489,10.005955,3.008371,10.005351,0.999079,-0.003512,-0.042773,0.000239
1591715558103377,10.006106,3.008576,10.004850,0.999102,-0.004457,-0.042121,0.000442
1591715558142671,10.006898,3.008256,10.005203,0.999085,-0.005511,-0.042408,0.000679
1591715558181756,10.007077,3.008687,10.004927,0.999040,-0.005888,-0.043412,0.000663
1591715558220527,10.007355,3.008805,10.004093,0.999026,-0.005467,-0.043790,0.000606
1591715558258043,10.007706,3.008313,10.003730,0.999048,-0.004810,-0.043340,0.000872
1591715558295379,10.008202,3.007873,10.003789,0.999042,-0.004039,-0.043564,0.000877
1591715558332452,10.008121,3.008403,10.003629,0.999046,-0.003670,-0.043517,0.000871
1591715558372295,10.007192,3.008697,10.003671,0.999068,-0.004192,-0.042946,0.000838
1591715558410773,10.006310,3.009021,10.003596,0.999079,-0.005187,-0.042583,0.000467
1591715558448357,10.006375,3.009837,10.002201,0.999066,-0.006039,-0.042787,0.000215
1591715558488905,10.005864,3.009096,10.001637,0.999057,-0.006007,-0.042993,-0.000467
1591715558528004,10.005792,3.008822,10.001490,0.999081,-0.004811,-0.042577,-0.000848
1591715558567094,10.006152,3.007509,10.000676,0.999120,-0.003426,-0.041789,-0.001207
1591715558607061,10.005351,3.007027,10.000280,0.999167,-0.004354,-0.040556,-0.001045
1591715558646998,10.004148,3.008485,9.999795,0.999161,-0.006257,-0.040433,-0.001758
1591715558686541,10.003957,3.009140,9.998949,0.999111,-0.007141,-0.041459,-0.002814
1591715558726606,10.003386,3.008736,9.998048,0.999111,-0.006264,-0.041498,-0.003918
1591715558764386,10.003273,3.007073,9.997315,0.999202,-0.004760,-0.039442,-0.004032
1591715558801862,10.003050,3.006232,9.996682,0.999253,-0.004562,-0.038191,-0.003846
1591715558841696,10.002238,3.007137,9.996554,0.999238,-0.006251,-0.038296,-0.004236
1591715558879955,10.001292,3.008590,9.997261,0.999185,-0.007463,-0.039333,-0.005237
1591715558920046,10.001542,3.009062,9.995923,0.999157,-0.007856,-0.039886,-0.005632
1591715558959139,10.002287,3.008612,9.995378,0.999159,-0.006762,-0.040034,-0.005789
1591715558996871,10.002849,3.008331,9.995510,0.999159,-0.005249,-0.040267,-0.005694
1591715559037469,10.002682,3.008298,9.995782,0.999165,-0.004272,-0.040280,-0.005395
1591715559077299,10.002883,3.008933,9.995748,0.999145,-0.003690,-0.040802,-0.005602
1591715559118297,10.003778,3.008557,9.995378,0.999112,-0.003365,-0.041573,-0.005919
1591715559161487,10.004033,3.008689,9.994914,0.999105,-0.002871,-0.041763,-0.006060
1591715559202034,10.004448,3.008692,9.994140,0.999130,-0.002520,-0.041226,-0.005790
1591715559240143,10.004748,3.008749,9.993985,0.999142,-0.002613,-0.040970,-0.005482
1591715559280511,10.005153,3.008708,9.993612,0.999164,-0.002769,-0.040469,-0.005040
1591715559321302,10.005028,3.008361,9.993981,0.999178,-0.002937,-0.040132,-0.004863
1591715559360121,10.004728,3.008248,9.993248,0.999177,-0.003219,-0.040130,-0.005006
1591715559399078,10.003948,3.008394,9.992768,0.999174,-0.003570,-0.040153,-0.005088
1591715559439251,10.003510,3.008961,9.992236,0.999150,-0.003714,-0.040607,-0.006004
1591715559481483,10.002889,3.007488,9.991027,0.999142,-0.003361,-0.040664,-0.007046
1591715559523123,10.001518,3.007079,9.990486,0.999160,-0.003319,-0.040081,-0.007924
1591715559565178,10.001201,3.007390,9.990099,0.999207,-0.004277,-0.038647,-0.008591
1591715559604087,10.001144,3.007379,9.990328,0.999225,-0.006162,-0.037901,-0.008622
1591715559643462,10.000724,3.007319,9.989829,0.999193,-0.007709,-0.038410,-0.008918
1591715559680217,10.000829,3.007039,9.988749,0.999199,-0.008384,-0.038026,-0.009273
1591715559717102,9.999304,3.006080,9.988952,0.999211,-0.009336,-0.037391,-0.009577
1591715559756885,9.998848,3.006222,9.989358,0.999197,-0.010590,-0.037450,-0.009566
1591715559794929,9.998716,3.006263,9.989274,0.999170,-0.010481,-0.038105,-0.009887
1591715559832623,9.998590,3.005799,9.988760,0.999196,-0.009617,-0.037657,-0.009819
1591715559870939,9.999570,3.004804,9.988523,0.999250,-0.008066,-0.036617,-0.009652
1591715559907626,10.000247,3.003808,9.988482,0.999284,-0.006756,-0.035956,-0.009658
1591715559945105,10.001207,3.003317,9.988270,0.999304,-0.005555,-0.035612,-0.009584
1591715559982657,10.002047,3.003617,9.987192,0.999324,-0.004561,-0.035245,-0.009384
1591715560024632,10.002630,3.003176,9.986761,0.999362,-0.003342,-0.034294,-0.009396
1591715560065054,10.002850,3.003584,9.987029,0.999380,-0.002673,-0.033861,-0.009299
1591715560108060,10.003204,3.003510,9.986374,0.999391,-0.002510,-0.033608,-0.009107
1591715560149646,10.003352,3.003944,9.986293,0.999384,-0.002444,-0.033898,-0.008761
1591715560193010,10.003281,3.004299,9.986099,0.999376,-0.002382,-0.034197,-0.008535
1591715560232640,10.003234,3.004420,9.985959,0.999374,-0.002263,-0.034382,-0.008054
1591715560272716,10.003244,3.004067,9.986165,0.999366,-0.001631,-0.034728,-0.007693
1591715560311575,10.003553,3.003689,9.985995,0.999368,-0.000972,-0.034714,-0.007644
1591715560349710,10.004462,3.003594,9.985608,0.999390,-0.000630,-0.034109,-0.007447
1591715560389215,10.004441,3.004058,9.985630,0.999409,-0.000956,-0.033634,-0.007007
1591715560427815,10.004803,3.004012,9.985829,0.999384,-0.001338,-0.034393,-0.006872
1591715560465901,10.004993,3.004652,9.985503,0.999374,-0.001682,-0.034631,-0.007050
1591715560504919,10.004886,3.004432,9.985808,0.999383,-0.002062,-0.034303,-0.007277
1591715560544087,10.004362,3.004799,9.986435,0.999387,-0.002397,-0.034146,-0.007403
1591715560583138,10.004600,3.004550,9.986075,0.999369,-0.002503,-0.034588,-0.007699
1591715560623072,10.003919,3.004716,9.985716,0.999375,-0.002215,-0.034381,-0.007967
1591715560661309,10.003524,3.003693,9.985453,0.999396,-0.001940,-0.033775,-0.007973
1591715560699995,10.003181,3.003230,9.985072,0.999411,-0.001950,-0.033417,-0.007579
1591715560742525,10.004144,3.002987,9.984533,0.999431,-0.001714,-0.032884,-0.007268
1591715560780828,10.004792,3.002797,9.984197,0.999467,-0.001523,-0.031851,-0.006994
1591715560819423,10.005342,3.002057,9.984538,0.999483,-0.001665,-0.031437,-0.006467
1591715560857961,10.005247,3.002261,9.984300,0.999494,-0.001786,-0.031170,-0.006094
1591715560896465,10.005045,3.002568,9.984151,0.999502,-0.001897,-0.030965,-0.005783
1591715560936416,10.004835,3.002658,9.984226,0.999507,-0.002170,-0.030841,-0.005484
1591715560975631,10.005262,3.003231,9.984272,0.999498,-0.002420,-0.031147,-0.005254
1591715561015241,10.005363,3.003644,9.984247,0.999487,-0.002486,-0.031500,-0.005144
1591715561057805,10.004885,3.004277,9.984381,0.999487,-0.002593,-0.031476,-0.005260
1591715561099210,10.004736,3.004380,9.984155,0.999477,-0.002908,-0.031713,-0.005601
1591715561140408,10.004246,3.004270,9.983807,0.999485,-0.003433,-0.031342,-0.006031
1591715561179408,10.003728,3.003813,9.983755,0.999489,-0.003989,-0.031042,-0.006548
1591715561220146,10.003270,3.003863,9.984262,0.999473,-0.004598,-0.031365,-0.007044
1591715561259261,10.002363,3.003819,9.984488,0.999462,-0.005419,-0.031440,-0.007633
1591715561296838,10.001856,3.003627,9.984225,0.999457,-0.006026,-0.031329,-0.008199
1591715561337451,10.001641,3.003797,9.984319,0.999438,-0.006476,-0.031718,-0.008686
1591715561376870,10.002010,3.003740,9.984363,0.999415,-0.006329,-0.032396,-0.008983
1591715561415075,10.001828,3.004079,9.984625,0.999426,-0.006035,-0.032106,-0.008960
1591715561455092,10.001558,3.003900,9.984808,0.999437,-0.005860,-0.031834,-0.008816
1591715561492624,10.001781,3.004382,9.985603,0.999439,-0.006060,-0.031828,-0.008510
1591715561530464,10.001892,3.005101,9.985719,0.999435,-0.006481,-0.031968,-0.008080
1591715561569050,10.002367,3.005360,9.985080,0.999432,-0.007034,-0.032078,-0.007523
1591715561612834,10.002692,3.005481,9.985507,0.999420,-0.007256,-0.032525,-0.007009
1591715561655106,10.002909,3.004992,9.985096,0.999403,-0.006399,-0.033127,-0.007479
1591715561693686,10.002497,3.005029,9.985391,0.999416,-0.004923,-0.032863,-0.007963
1591715561731838,10.002937,3.004194,9.985322,0.999426,-0.003671,-0.032644,-0.008255
1591715561771664,10.002803,3.004192,9.985615,0.999436,-0.003457,-0.032354,-0.008292
1591715561809892,10.002077,3.004776,9.985868,0.999435,-0.003865,-0.032270,-0.008556
1591715561848250,10.001923,3.005074,9.985479,0.999412,-0.004223,-0.032742,-0.009222
1591715561890492,10.001340,3.005234,9.985228,0.999400,-0.004240,-0.032900,-0.009933
1591715561932854,10.001007,3.005711,9.985521,0.999394,-0.004226,-0.033091,-0.009903
1591715561972343,10.000595,3.006291,9.986735,0.999387,-0.004496,-0.033336,-0.009667
1591715562011587,10.000199,3.006564,9.987625,0.999340,-0.004907,-0.034603,-0.009860
1591715562052107,9.999477,3.007056,9.987891,0.999319,-0.005103,-0.035145,-0.010033
1591715562094666,9.999113,3.007316,9.987935,0.999306,-0.005308,-0.035409,-0.010252
1591715562133522,9.999095,3.008113,9.988361,0.999282,-0.005499,-0.036019,-0.010358
1591715562178601,9.999188,3.008564,9.989472,0.999208,-0.005229,-0.037877,-0.010981
1591715562218954,9.998238,3.008969,9.988338,0.999160,-0.005051,-0.039005,-0.011550
1591715562257507,9.998232,3.009294,9.988877,0.999111,-0.005104,-0.040154,-0.011750
1591715562295364,9.997796,3.010156,9.989137,0.999074,-0.005051,-0.041082,-0.011785
1591715562333933,9.997909,3.011238,9.990657,0.999014,-0.004757,-0.042500,-0.011886
1591715562373393,9.997520,3.011585,9.990798,0.998977,-0.004524,-0.043398,-0.011907
1591715562412047,9.997181,3.011547,9.990502,0.998979,-0.004798,-0.043314,-0.011885
1591715562452351,9.997007,3.010814,9.990829,0.998978,-0.005322,-0.043375,-0.011588
1591715562493504,9.997095,3.010784,9.991160,0.998973,-0.005852,-0.043497,-0.011215
1591715562533475,9.997502,3.010872,9.991650,0.998996,-0.006177,-0.043121,-0.010513
1591715562574369,9.997763,3.010694,9.990985,0.998993,-0.006096,-0.043371,-0.009767
1591715562613595,9.998784,3.010203,9.990955,0.998996,-0.005805,-0.043490,-0.009081
1591715562655145,9.999089,3.009452,9.990672,0.999000,-0.005468,-0.043543,-0.008496
1591715562693704,9.998838,3.009492,9.990367,0.998982,-0.005442,-0.044000,-0.008371
1591715562732977,9.998875,3.010000,9.990744,0.998968,-0.005502,-0.044259,-0.008627
1591715562771596,9.998038,3.009842,9.991138,0.998957,-0.005634,-0.044345,-0.009337
1591715562810081,9.997393,3.009470,9.990712,0.998949,-0.005919,-0.044329,-0.010055
1591715562848525,9.996406,3.008609,9.990784,0.998953,-0.006371,-0.043979,-0.010849
1591715562890135,9.995527,3.008225,9.990876,0.998966,-0.006720,-0.043394,-0.011805
1591715562931234,9.994545,3.008116,9.990949,0.998997,-0.007049,-0.042396,-0.012594
1591715562972767,9.994452,3.008158,9.991515,0.999007,-0.007323,-0.041987,-0.013017
1591715563014057,9.993637,3.007005,9.991894,0.999015,-0.007553,-0.041682,-0.013183
1591715563058115,9.993260,3.007047,9.992256,0.999023,-0.007535,-0.041488,-0.013192
1591715563104384,9.993316,3.007216,9.991979,0.999032,-0.007318,-0.041322,-0.013198
1591715563146415,9.993505,3.007122,9.991536,0.999015,-0.007395,-0.041731,-0.013126
1591715563191298,9.993830,3.007518,9.991570,0.998999,-0.007550,-0.042151,-0.012930
1591715563230043,9.994167,3.008268,9.991981,0.998997,-0.007616,-0.042231,-0.012820
1591715563271091,9.993781,3.008663,9.992530,0.998996,-0.007717,-0.042265,-0.012735
1591715563310843,9.993909,3.007867,9.992481,0.999003,-0.007791,-0.042085,-0.012728
1591715563351115,9.994143,3.007782,9.992358,0.998997,-0.008099,-0.042182,-0.012644
1591715563394254,9.994326,3.007582,9.991792,0.998997,-0.008467,-0.042117,-0.012659
1591715563432569,9.994268,3.007466,9.991938,0.998987,-0.008742,-0.042211,-0.012922
1591715563471704,9.994102,3.007418,9.991802,0.998988,-0.008870,-0.042208,-0.012766
1591715563509456,9.994808,3.007158,9.991783,0.998989,-0.008639,-0.042259,-0.012704
1591715563548095,9.994981,3.007401,9.992539,0.998935,-0.008465,-0.043544,-0.012717
1591715563588849,9.995308,3.008413,9.992763,0.998907,-0.008569,-0.044232,-0.012417
1591715563627585,9.995466,3.008781,9.993439,0.998876,-0.008431,-0.045011,-0.012207
1591715563667058,9.995578,3.009242,9.994026,0.998877,-0.007866,-0.045217,-0.011762
1591715563714501,9.995970,3.008978,9.994764,0.998878,-0.007202,-0.045507,-0.010982
1591715563762626,9.996653,3.009816,9.994890,0.998904,-0.006667,-0.045148,-0.010363
1591715563809678,9.996968,3.010099,9.994549,0.998916,-0.006240,-0.045003,-0.010173
1591715563850602,9.996319,3.009513,9.995024,0.998907,-0.006272,-0.045188,-0.010189
1591715563892469,9.996025,3.009771,9.995500,0.998902,-0.006296,-0.045252,-0.010333
1591715563932623,9.995358,3.010159,9.995751,0.998898,-0.006181,-0.045292,-0.010610
1591715563973001,9.994978,3.010050,9.996218,0.998891,-0.006083,-0.045402,-0.010929
1591715564015682,9.995019,3.009429,9.995677,0.998882,-0.006047,-0.045474,-0.011373
1591715564061172,9.995230,3.009583,9.995669,0.998894,-0.006077,-0.045108,-0.011790
1591715564107366,9.995292,3.009938,9.996353,0.998898,-0.006132,-0.044912,-0.012180
1591715564148746,9.995498,3.009616,9.997482,0.998893,-0.006330,-0.044895,-0.012504
1591715564190502,9.995206,3.009721,9.997951,0.998893,-0.006620,-0.044834,-0.012598
1591715564229453,9.995175,3.010253,9.998327,0.998891,-0.006753,-0.044925,-0.012367
1591715564268725,9.995818,3.010694,9.998013,0.998888,-0.006761,-0.045071,-0.012034
1591715564309376,9.995877,3.011468,9.998672,0.998853,-0.006553,-0.045972,-0.011656
1591715564350293,9.996807,3.011216,9.998114,0.998838,-0.006409,-0.046442,-0.011165
1591715564391688,9.997066,3.011226,9.998291,0.998835,-0.006374,-0.046634,-0.010686
1591715564432488,9.997722,3.011288,9.999259,0.998838,-0.006245,-0.046659,-0.010328
1591715564471828,9.998238,3.011264,10.000030,0.998839,-0.006130,-0.046725,-0.009947
1591715564511671,9.998530,3.011188,10.000775,0.998844,-0.005980,-0.046716,-0.009611
1591715564550882,9.998946,3.010868,10.000092,0.998862,-0.005809,-0.046401,-0.009365
1591715564594597,9.999083,3.011014,10.000190,0.998871,-0.005829,-0.046238,-0.009247
1591715564637953,9.999362,3.011182,9.999807,0.998873,-0.005778,-0.046206,-0.009198
1591715564676017,9.999265,3.010928,10.000224,0.998871,-0.005646,-0.046236,-0.009343
1591715564714420,9.999138,3.011559,10.000424,0.998880,-0.005502,-0.046002,-0.009566
1591715564752193,9.999583,3.011719,10.000609,0.998875,-0.005543,-0.046093,-0.009716
1591715564793715,9.999941,3.011995,10.000788,0.998866,-0.005551,-0.046229,-0.009900
1591715564834266,10.000094,3.012466,10.001501,0.998863,-0.005555,-0.046258,-0.010157
1591715564874462,9.999747,3.012316,10.002053,0.998869,-0.005506,-0.046069,-0.010364
1591715564914064,9.999701,3.011591,10.002388,0.998886,-0.005527,-0.045654,-0.010595
1591715564952749,9.999686,3.011269,10.002316,0.998895,-0.005719,-0.045422,-0.010675
1591715564991355,9.999479,3.011413,10.002167,0.998882,-0.006004,-0.045625,-0.010820
1591715565031058,9.999474,3.012108,10.002520,0.998883,-0.006159,-0.045605,-0.010700
1591715565073659,9.999464,3.012364,10.002408,0.998878,-0.006005,-0.045720,-0.010812
1591715565115655,9.999835,3.012418,10.003204,0.998844,-0.006110,-0.046464,-0.010681
1591715565158972,9.999552,3.013302,10.002874,0.998809,-0.006197,-0.047234,-0.010514
1591715565199427,9.999603,3.013122,10.002539,0.998801,-0.006112,-0.047422,-0.010542
1591715565239764,10.000263,3.012801,10.002527,0.998804,-0.005921,-0.047389,-0.010454
1591715565279567,10.000543,3.012653,10.002800,0.998802,-0.005996,-0.047458,-0.010340
1591715565320577,10.000875,3.012086,10.002785,0.998814,-0.006064,-0.047239,-0.010101
1591715565361180,10.000934,3.012278,10.003664,0.998816,-0.005755,-0.047272,-0.009944
1591715565403194,10.000493,3.012450,10.004284,0.998798,-0.005752,-0.047705,-0.009676
1591715565444192,10.000512,3.013152,10.005409,0.998773,-0.005715,-0.048267,-0.009520
1591715565484812,10.000143,3.012884,10.005515,0.998752,-0.005727,-0.048677,-0.009577
1591715565525475,9.999649,3.013120,10.005945,0.998738,-0.006100,-0.048906,-0.009665
1591715565564056,9.999045,3.012831,10.006125,0.998739,-0.006410,-0.048838,-0.009706
1591715565605704,9.999188,3.012161,10.006073,0.998766,-0.006486,-0.048261,-0.009796
1591715565645578,9.999225,3.011156,10.006123,0.998808,-0.006525,-0.047389,-0.009687
1591715565686129,9.999583,3.011245,10.006084,0.998832,-0.006855,-0.046901,-0.009433
1591715565726857,9.999726,3.010824,10.006089,0.998834,-0.007224,-0.046830,-0.009204
1591715565766881,9.999871,3.010281,10.005684,0.998818,-0.007528,-0.047151,-0.009074
1591715565808419,9.999644,3.010368,10.005111,0.998806,-0.007768,-0.047372,-0.009023
1591715565848489,9.999533,3.011040,10.005094,0.998796,-0.007709,-0.047648,-0.008806
1591715565888893,9.999822,3.011406,10.005997,0.998732,-0.007580,-0.049024,-0.008609
1591715565930191,9.999318,3.011926,10.006804,0.998694,-0.007561,-0.049816,-0.008408
1591715565969402,9.999293,3.012860,10.007066,0.998701,-0.007467,-0.049718,-0.008331
1591715566010319,9.999355,3.012624,10.007211,0.998697,-0.007436,-0.049771,-0.008431
1591715566052108,9.999445,3.012370,10.007428,0.998680,-0.007280,-0.050130,-0.008497
1591715566093857,9.998907,3.012455,10.007273,0.998681,-0.007255,-0.050117,-0.008461
1591715566134601,9.998880,3.012454,10.007462,0.998691,-0.007460,-0.049901,-0.008375
1591715566176601,9.999259,3.012908,10.007853,0.998697,-0.007567,-0.049770,-0.008406
1591715566217571,9.999078,3.013057,10.007750,0.998673,-0.007600,-0.050228,-0.008436
1591715566260021,9.999184,3.013090,10.008175,0.998665,-0.007358,-0.050418,-0.008458
1591715566300656,9.999183,3.013047,10.008472,0.998682,-0.007251,-0.050141,-0.008258
1591715566340704,10.000164,3.012895,10.008697,0.998662,-0.006949,-0.050643,-0.007888
1591715566382469,10.001409,3.012789,10.008860,0.998639,-0.006640,-0.051196,-0.007466
1591715566423300,10.001967,3.013075,10.008694,0.998660,-0.006306,-0.050891,-0.007007
1591715566462430,10.002748,3.013138,10.008211,0.998659,-0.006154,-0.050992,-0.006497
1591715566503497,10.002948,3.013319,10.008163,0.998663,-0.005971,-0.050977,-0.006105
1591715566546795,10.002645,3.013695,10.008489,0.998672,-0.005765,-0.050860,-0.005907
1591715566593560,10.002314,3.013992,10.009040,0.998684,-0.005704,-0.050633,-0.005833
1591715566635353,10.002635,3.014047,10.008979,0.998676,-0.005753,-0.050794,-0.005845
1591715566678692,10.003237,3.014811,10.008984,0.998625,-0.005867,-0.051781,-0.005763
1591715566720186,10.002688,3.015028,10.009505,0.998618,-0.005594,-0.051910,-0.005981
1591715566762704,10.003047,3.015487,10.009641,0.998600,-0.005189,-0.052264,-0.006355
1591715566805978,10.003466,3.015319,10.009561,0.998589,-0.004901,-0.052475,-0.006475
1591715566849005,10.004200,3.014874,10.009131,0.998590,-0.004593,-0.052492,-0.006503
1591715566891887,10.004275,3.014593,10.008350,0.998609,-0.004300,-0.052134,-0.006606
1591715566931955,10.004177,3.015001,10.008353,0.998624,-0.004119,-0.051879,-0.006489
1591715566970900,10.004562,3.014897,10.007933,0.998644,-0.004020,-0.051525,-0.006295
1591715567011515,10.005112,3.015007,10.007855,0.998660,-0.003842,-0.051228,-0.006224
1591715567055162,10.005409,3.014568,10.008725,0.998666,-0.003615,-0.051144,-0.006172
1591715567097403,10.005292,3.015027,10.008919,0.998658,-0.003607,-0.051315,-0.006050
1591715567138755,10.005358,3.015431,10.009339,0.998632,-0.003438,-0.051827,-0.006107
1591715567182628,10.005481,3.015551,10.008987,0.998622,-0.003413,-0.052043,-0.005820
1591715567227166,10.006464,3.015972,10.008939,0.998614,-0.003192,-0.052246,-0.005479
1591715567269912,10.007263,3.016229,10.008650,0.998597,-0.003110,-0.052611,-0.005116
1591715567310406,10.007987,3.016252,10.008726,0.998573,-0.003127,-0.053129,-0.004489
1591715567350506,10.007987,3.016113,10.008512,0.998574,-0.003113,-0.053135,-0.004149
1591715567393045,10.008368,3.016102,10.008127,0.998586,-0.003212,-0.052938,-0.003603
1591715567434484,10.008223,3.015965,10.008319,0.998554,-0.003205,-0.053559,-0.003420
1591715567475633,10.007710,3.016510,10.008521,0.998506,-0.003383,-0.054433,-0.003299
1591715567515135,10.007660,3.016960,10.008060,0.998495,-0.003550,-0.054627,-0.003324
1591715567555501,10.007042,3.016811,10.007765,0.998519,-0.003737,-0.054163,-0.003576
1591715567595871,10.007188,3.015986,10.007606,0.998531,-0.003711,-0.053925,-0.003744
1591715567641466,10.007118,3.015885,10.007712,0.998547,-0.003624,-0.053631,-0.003689
1591715567683844,10.007029,3.015971,10.006993,0.998586,-0.003705,-0.052900,-0.003682
1591715567729459,10.006339,3.015486,10.007282,0.998626,-0.004139,-0.052104,-0.003829
1591715567772971,10.005689,3.016104,10.007103,0.998631,-0.004564,-0.051959,-0.003959
1591715567811062,10.005033,3.016171,10.006560,0.998619,-0.004597,-0.052163,-0.004201
1591715567848997,10.004479,3.015844,10.005979,0.998621,-0.004650,-0.052110,-0.004431
1591715567888584,10.004138,3.015462,10.005650,0.998624,-0.004976,-0.052014,-0.004537
1591715567928554,10.003735,3.015127,10.005932,0.998603,-0.005665,-0.052309,-0.004862
1591715567970452,10.003727,3.014860,10.006187,0.998613,-0.005973,-0.052053,-0.005134
1591715568011823,10.003654,3.014537,10.005854,0.998668,-0.005697,-0.051005,-0.005400
1591715568055181,10.003694,3.013151,10.005582,0.998713,-0.005761,-0.050146,-0.004965
1591715568096883,10.003950,3.012795,10.005356,0.998729,-0.006077,-0.049805,-0.004836
1591715568137422,10.003833,3.012628,10.004429,0.998762,-0.006417,-0.049060,-0.005221
1591715568176666,10.003078,3.011616,10.003756,0.998806,-0.006967,-0.047996,-0.005932
1591715568216336,10.002455,3.010989,10.003953,0.998817,-0.007869,-0.047530,-0.006555
1591715568254312,10.001192,3.010781,10.003981,0.998840,-0.009034,-0.046807,-0.006857
1591715568294741,10.000403,3.010304,10.004076,0.998892,-0.010198,-0.045412,-0.006968
1591715568333021,10.000751,3.009800,10.003647,0.998961,-0.010289,-0.043927,-0.006437
1591715568371584,10.001597,3.009329,10.003282,0.998994,-0.009601,-0.043380,-0.006007
1591715568410506,10.002211,3.007802,10.002913,0.999043,-0.009012,-0.042549,-0.004702
1591715568450541,10.003741,3.006622,10.001898,0.999107,-0.008487,-0.041271,-0.003155
1591715568490942,10.004350,3.006382,10.001621,0.999128,-0.008170,-0.040887,-0.002129
1591715568530015,10.004531,3.006269,10.000994,0.999129,-0.008096,-0.040898,-0.001745
1591715568569266,10.004485,3.006753,10.000912,0.999129,-0.008106,-0.040911,-0.001282
1591715568610337,10.003949,3.006829,10.001037,0.999154,-0.008199,-0.040278,-0.000946
1591715568648970,10.003860,3.006645,10.000713,0.999168,-0.008409,-0.039909,-0.000518
1591715568688158,10.004141,3.006461,10.001336,0.999162,-0.008300,-0.040082,-0.000026
1591715568726985,10.003982,3.006318,10.001332,0.999180,-0.008534,-0.039588,0.000310
1591715568770241,10.003821,3.006171,10.001221,0.999209,-0.008568,-0.038817,0.000786
1591715568810386,10.004066,3.006196,10.000954,0.999233,-0.008490,-0.038218,0.001205
1591715568848603,10.004496,3.005399,10.000212,0.999253,-0.008096,-0.037767,0.001336
1591715568887501,10.004745,3.004783,9.999022,0.999286,-0.007270,-0.037054,0.001333
1591715568927510,10.004834,3.004529,9.998699,0.999314,-0.006259,-0.036481,0.001374
1591715568965844,10.005538,3.004201,9.998641,0.999320,-0.005816,-0.036391,0.001465
1591715569003289,10.005595,3.004182,9.998363,0.999344,-0.005662,-0.035742,0.001643
1591715569045479,10.005659,3.004793,9.998819,0.999354,-0.005464,-0.035496,0.001562
1591715569086256,10.005217,3.004346,9.998594,0.999350,-0.005392,-0.035627,0.001470
1591715569128502,10.005173,3.004292,9.997869,0.999363,-0.005373,-0.035232,0.001633
1591715569168082,10.005482,3.003895,9.997438,0.999393,-0.005373,-0.034379,0.001858
1591715569206436,10.005922,3.003897,9.997070,0.999391,-0.005332,-0.034425,0.001936
1591715569245173,10.006090,3.005098,9.996811,0.999376,-0.005327,-0.034861,0.001976
1591715569285974,10.005960,3.004974,9.997314,0.999365,-0.005203,-0.035200,0.001995
1591715569328184,10.006341,3.004717,9.996983,0.999362,-0.004841,-0.035323,0.002064
1591715569366481,10.006279,3.004793,9.996902,0.999348,-0.004361,-0.035773,0.002016
1591715569406156,10.006362,3.004602,9.996792,0.999332,-0.004112,-0.036269,0.002026
1591715569444457,10.006253,3.005507,9.996815,0.999334,-0.004046,-0.036216,0.002144
1591715569483267,10.006563,3.006070,9.996525,0.999337,-0.003980,-0.036120,0.002227
1591715569522292,10.006802,3.005513,9.996546,0.999331,-0.003973,-0.036293,0.002271
1591715569562563,10.006859,3.005802,9.996175,0.999338,-0.003952,-0.036104,0.002332
1591715569602958,10.006510,3.005863,9.996424,0.999351,-0.003921,-0.035746,0.002199
1591715569648589,10.006775,3.005785,9.995970,0.999348,-0.004046,-0.035800,0.002165
1591715569694966,10.007234,3.006005,9.994880,0.999337,-0.003965,-0.036133,0.001924
1591715569736790,10.007352,3.006208,9.994414,0.999328,-0.004046,-0.036375,0.001732
1591715569779489,10.007215,3.005764,9.994380,0.999335,-0.004046,-0.036210,0.001395
1591715569818340,10.006944,3.005702,9.993944,0.999344,-0.004137,-0.035954,0.001118
1591715569858849,10.006225,3.005668,9.994123,0.999359,-0.004330,-0.035523,0.000776
1591715569897836,10.005400,3.005670,9.993756,0.999385,-0.004503,-0.034787,0.000449
1591715569937464,10.004992,3.005385,9.993602,0.999403,-0.004534,-0.034257,0.000098
1591715569985024,10.005301,3.004816,9.992881,0.999408,-0.004294,-0.034141,-0.000436
1591715570027811,10.005353,3.004830,9.992665,0.999417,-0.004090,-0.033892,-0.000765
1591715570066931,10.004979,3.005260,9.992687,0.999421,-0.004060,-0.033777,-0.001045
1591715570105848,10.004871,3.005748,9.992141,0.999432,-0.003837,-0.033436,-0.001462
1591715570143791,10.005366,3.005508,9.990913,0.999445,-0.003596,-0.033082,-0.001577
1591715570182080,10.005715,3.004750,9.990619,0.999454,-0.003829,-0.032783,-0.001498
1591715570220451,10.005401,3.004985,9.990734,0.999452,-0.004901,-0.032707,-0.001340
1591715570259203,10.005445,3.006289,9.990613,0.999429,-0.005612,-0.033286,-0.001288
1591715570300310,10.005708,3.006493,9.990421,0.999417,-0.005985,-0.033595,-0.000889
1591715570338436,10.005446,3.006402,9.990898,0.999403,-0.006012,-0.034008,-0.000705
1591715570375184,10.006194,3.006320,9.990755,0.999395,-0.005316,-0.034353,-0.000823
1591715570412159,10.006868,3.006129,9.990582,0.999401,-0.004229,-0.034349,-0.000879
1591715570448084,10.007072,3.005475,9.989530,0.999427,-0.003479,-0.033661,-0.000855
1591715570484440,10.006676,3.005680,9.989349,0.999448,-0.004495,-0.032915,-0.000447
1591715570521955,10.006609,3.006458,9.989452,0.999423,-0.005864,-0.033448,-0.000758
1591715570559985,10.006267,3.007499,9.989989,0.999369,-0.006367,-0.034928,-0.001413
1591715570598658,10.006642,3.007403,9.989577,0.999365,-0.005090,-0.035207,-0.002004
1591715570636702,10.006493,3.006843,9.989087,0.999411,-0.004267,-0.034008,-0.001511
1591715570675515,10.005966,3.005841,9.989258,0.999438,-0.004504,-0.033209,-0.001277
1591715570713955,10.006159,3.006662,9.989083,0.999425,-0.006031,-0.033343,-0.001599
1591715570750865,10.005462,3.007480,9.988884,0.999379,-0.007135,-0.034426,-0.002338
1591715570789217,10.005021,3.008029,9.988644,0.999350,-0.007769,-0.035079,-0.002802
1591715570827082,10.005184,3.007846,9.988045,0.999345,-0.007029,-0.035335,-0.003304
1591715570864655,10.005215,3.007254,9.987981,0.999347,-0.005379,-0.035503,-0.003916
1591715570902947,10.005325,3.006395,9.987768,0.999382,-0.004339,-0.034651,-0.004108
1591715570942424,10.005386,3.006186,9.986792,0.999392,-0.004060,-0.034339,-0.004489
1591715570980663,10.005640,3.006138,9.986415,0.999399,-0.003941,-0.033954,-0.005793
1591715571020980,10.004777,3.005581,9.985484,0.999409,-0.003980,-0.033451,-0.006819
1591715571061704,10.004519,3.006135,9.985542,0.999415,-0.003691,-0.032948,-0.008361
1591715571104113,10.004000,3.005429,9.985654,0.999440,-0.004110,-0.032028,-0.008780
1591715571144822,10.005135,3.004998,9.985526,0.999447,-0.004090,-0.031742,-0.009057
1591715571185391,10.006295,3.004210,9.984798,0.999478,-0.004133,-0.030860,-0.008669
1591715571232260,10.007094,3.003994,9.985150,0.999474,-0.003830,-0.031175,-0.008059
1591715571277640,10.008135,3.004458,9.985423,0.999454,-0.002959,-0.032178,-0.006938
1591715571323091,10.009167,3.004330,9.985796,0.999436,-0.001653,-0.032987,-0.006139
1591715571369440,10.010880,3.004647,9.986201,0.999427,-0.000494,-0.033478,-0.005053
1591715571415279,10.011607,3.004537,9.986012,0.999399,-0.000007,-0.034420,-0.004218
1591715571459520,10.011752,3.004982,9.985562,0.999412,0.000291,-0.034059,-0.003987
1591715571501854,10.011490,3.004663,9.985504,0.999436,0.000535,-0.033325,-0.004114
1591715571547613,10.011183,3.004045,9.985897,0.999461,0.000010,-0.032590,-0.004061
1591715571593722,10.011715,3.004091,9.985201,0.999471,-0.000903,-0.032246,-0.004124
1591715571636070,10.011719,3.003972,9.984738,0.999493,-0.001490,-0.031513,-0.004229
1591715571678240,10.011583,3.004180,9.984499,0.999483,-0.002113,-0.031839,-0.003999
1591715571721016,10.010884,3.004736,9.985113,0.999461,-0.003182,-0.032431,-0.003859
1591715571763257,10.010900,3.005295,9.985647,0.999407,-0.004449,-0.033947,-0.003738
1591715571807079,10.010679,3.006573,9.985674,0.999364,-0.004734,-0.035082,-0.004264
1591715571850902,10.010737,3.006199,9.986108,0.999350,-0.003724,-0.035555,-0.004687
1591715571894762,10.011382,3.005995,9.986411,0.999352,-0.001707,-0.035642,-0.004733
1591715571937949,10.012539,3.004600,9.985957,0.999374,0.000164,-0.035045,-0.004839
1591715571980530,10.012360,3.004332,9.985818,0.999419,0.000545,-0.033749,-0.004690
1591715572023902,10.012712,3.004054,9.985900,0.999434,0.000068,-0.033294,-0.004827
1591715572066609,10.012416,3.004877,9.986023,0.999421,-0.000573,-0.033641,-0.005123
1591715572109692,10.012832,3.005635,9.986149,0.999419,-0.001143,-0.033689,-0.004954
1591715572152155,10.013453,3.006133,9.986784,0.999421,-0.001052,-0.033717,-0.004439
1591715572197545,10.014493,3.006158,9.987453,0.999391,-0.000645,-0.034711,-0.003612
1591715572242320,10.015225,3.006740,9.988010,0.999373,-0.000123,-0.035291,-0.002875
1591715572285612,10.016406,3.006083,9.987655,0.999374,0.000209,-0.035309,-0.002097
1591715572329938,10.016880,3.006211,9.988177,0.999369,0.000523,-0.035489,-0.001515
1591715572374915,10.016863,3.006344,9.988403,0.999377,0.000544,-0.035287,-0.000986
1591715572418331,10.016738,3.005718,9.988187,0.999411,0.000275,-0.034318,-0.000795
1591715572463423,10.016519,3.006166,9.988743,0.999441,-0.000324,-0.033408,-0.000769
1591715572507178,10.016090,3.006090,9.989026,0.999442,-0.001167,-0.033365,-0.000758
1591715572550231,10.016669,3.005053,9.988134,0.999449,-0.001670,-0.033141,-0.000742
1591715572594546,10.016709,3.005019,9.988399,0.999447,-0.001830,-0.033196,-0.000777
1591715572638884,10.016560,3.005149,9.989164,0.999425,-0.001802,-0.033832,-0.001021
1591715572681844,10.016148,3.005982,9.989417,0.999407,-0.001908,-0.034367,-0.001151
1591715572726089,10.015816,3.006317,9.989219,0.999395,-0.001968,-0.034707,-0.001302
1591715572769405,10.015187,3.006651,9.989511,0.999387,-0.002262,-0.034905,-0.001405
1591715572812601,10.014859,3.007190,9.990985,0.999355,-0.002593,-0.035794,-0.001568
1591715572862786,10.014537,3.007498,9.991654,0.999347,-0.003116,-0.035956,-0.001578
1591715572908568,10.014423,3.007708,9.992011,0.999359,-0.003293,-0.035611,-0.001717
1591715572960348,10.014369,3.006390,9.992292,0.999370,-0.003365,-0.035295,-0.001685
1591715573003845,10.014679,3.006350,9.993160,0.999367,-0.003362,-0.035376,-0.001488
1591715573056234,10.014775,3.006357,9.993005,0.999378,-0.003029,-0.035122,-0.001268
1591715573101454,10.014343,3.007223,9.992748,0.999370,-0.003582,-0.035301,-0.000882
1591715573150396,10.014022,3.008040,9.992687,0.999332,-0.004196,-0.036292,-0.000611
1591715573198898,10.013400,3.009463,9.993714,0.999312,-0.005265,-0.036708,-0.000503
1591715573248146,10.012589,3.009013,9.993870,0.999286,-0.006585,-0.037192,-0.001024
1591715573300136,10.012492,3.008846,9.994194,0.999286,-0.006459,-0.037208,-0.001495
1591715573349334,10.012891,3.007195,9.994164,0.999348,-0.004595,-0.035789,-0.001442
1591715573398966,10.013802,3.005702,9.993959,0.999419,-0.002858,-0.033944,-0.001226
1591715573447973,10.014276,3.005973,9.994339,0.999426,-0.002105,-0.033815,-0.000699
1591715573497827,10.014511,3.007163,9.994761,0.999408,-0.001353,-0.034360,-0.000770
1591715573549770,10.015283,3.007771,9.995888,0.999393,-0.001190,-0.034821,0.000002
1591715573600945,10.016527,3.008522,9.996346,0.999343,-0.001022,-0.036222,0.000490
1591715573650504,10.016792,3.008370,9.997524,0.999304,-0.000851,-0.037286,0.001061
1591715573694886,10.017012,3.008124,9.997838,0.999288,-0.000481,-0.037700,0.001525
1591715573736495,10.017391,3.008370,9.997948,0.999280,0.000015,-0.037899,0.001924
1591715573777717,10.017814,3.008328,9.998396,0.999259,0.000186,-0.038404,0.002428
1591715573823727,10.018356,3.009020,9.999312,0.999223,0.000242,-0.039303,0.003092
1591715573869094,10.019538,3.009574,10.000745,0.999164,0.000731,-0.040732,0.003431
1591715573915560,10.019731,3.010371,10.001727,0.999083,0.001404,-0.042631,0.003595
1591715573957574,10.020123,3.010873,10.002507,0.999008,0.001995,-0.044338,0.003697
1591715573999194,10.020432,3.011305,10.003046,0.998947,0.002375,-0.045661,0.003760
1591715574042112,10.020950,3.011461,10.003543,0.998917,0.002646,-0.046315,0.003493
1591715574084975,10.020688,3.011532,10.004807,0.998925,0.002608,-0.046151,0.003461
1591715574130679,10.020787,3.011454,10.004802,0.998953,0.002633,-0.045539,0.003361
1591715574175447,10.020932,3.011009,10.004575,0.998958,0.002620,-0.045451,0.003222
1591715574218169,10.021112,3.009916,10.004350,0.999011,0.002367,-0.044257,0.003472
1591715574262775,10.021194,3.009607,10.004696,0.999041,0.002029,-0.043567,0.003935
1591715574306415,10.021652,3.009098,10.005331,0.999059,0.001821,-0.043113,0.004280
1591715574350304,10.022406,3.009030,10.005889,0.999078,0.001945,-0.042567,0.005291
1591715574394794,10.023007,3.009090,10.006017,0.999048,0.002203,-0.043152,0.006076
1591715574440145,10.023501,3.009760,10.006536,0.999026,0.002545,-0.043615,0.006243
1591715574484199,10.023478,3.009324,10.006438,0.999012,0.002496,-0.043956,0.006091
1591715574529041,10.023372,3.009848,10.007068,0.998996,0.002641,-0.044383,0.005446
1591715574573982,10.023281,3.010540,10.007955,0.998969,0.002744,-0.044978,0.005542
1591715574618063,10.023912,3.010325,10.008379,0.998937,0.003440,-0.045596,0.005820
1591715574662612,10.024766,3.010894,10.008738,0.998923,0.004242,-0.045765,0.006421
1591715574706565,10.025951,3.011329,10.009513,0.998916,0.004536,-0.045736,0.007421
1591715574750282,10.027008,3.010562,10.009441,0.998901,0.004917,-0.045846,0.008371
1591715574794093,10.026825,3.011238,10.010022,0.998894,0.005271,-0.045855,0.009007
1591715574837268,10.027200,3.011869,10.010527,0.998878,0.005417,-0.046100,0.009438
1591715574880695,10.026814,3.012428,10.010654,0.998855,0.005316,-0.046588,0.009480
1591715574925935,10.026527,3.012710,10.010602,0.998834,0.005264,-0.046984,0.009728
1591715574969228,10.026777,3.012633,10.010940,0.998832,0.005519,-0.046930,0.010131
1591715575014020,10.027170,3.012474,10.010897,0.998820,0.005627,-0.047075,0.010490
1591715575058255,10.027338,3.012435,10.011313,0.998821,0.005818,-0.046969,0.010827
1591715575101858,10.027197,3.012531,10.011524,0.998836,0.005823,-0.046584,0.011060
1591715575145649,10.027154,3.013064,10.011667,0.998804,0.005324,-0.047393,0.010786
1591715575188742,10.026757,3.013871,10.011204,0.998794,0.004729,-0.047721,0.010491
1591715575231320,10.026747,3.014283,10.011282,0.998797,0.004333,-0.047795,0.010039
1591715575275069,10.026249,3.014252,10.012014,0.998795,0.004181,-0.047956,0.009516
1591715575318774,10.026243,3.013195,10.012163,0.998816,0.004171,-0.047618,0.009055
1591715575363894,10.025816,3.012255,10.011475,0.998875,0.004106,-0.046429,0.008698
1591715575409536,10.025156,3.012031,10.011247,0.998928,0.003915,-0.045434,0.007993
1591715575453608,10.024954,3.012015,10.010645,0.998954,0.003564,-0.044946,0.007679
1591715575496521,10.024983,3.011985,10.010215,0.998974,0.003195,-0.044531,0.007592
1591715575538796,10.024986,3.012140,10.010011,0.998967,0.002967,-0.044709,0.007595
1591715575581257,10.025051,3.011717,10.010133,0.998956,0.003138,-0.044969,0.007453
1591715575624404,10.025574,3.011976,10.010112,0.998934,0.003225,-0.045435,0.007508
1591715575667107,10.025558,3.012507,10.009592,0.998930,0.003528,-0.045492,0.007515
1591715575710120,10.025444,3.012831,10.009540,0.998930,0.003937,-0.045489,0.007424
1591715575752703,10.025573,3.013123,10.009463,0.998923,0.003878,-0.045654,0.007343
1591715575796965,10.025618,3.013841,10.008999,0.998910,0.003754,-0.045982,0.007057
1591715575840018,10.025429,3.013616,10.008979,0.998908,0.003657,-0.046075,0.006889
1591715575883764,10.024894,3.013379,10.009442,0.998888,0.003537,-0.046491,0.006920
1591715575928169,10.024858,3.014526,10.009242,0.998840,0.003538,-0.047502,0.007112
1591715575971534,10.025225,3.015082,10.009315,0.998817,0.003691,-0.047959,0.007170
1591715576014359,10.025006,3.014232,10.009375,0.998816,0.004031,-0.047938,0.007293
1591715576059964,10.025106,3.013946,10.009682,0.998816,0.004434,-0.047889,0.007383
1591715576105346,10.025444,3.014159,10.009650,0.998769,0.004613,-0.048791,0.007626
1591715576151764,10.025670,3.013546,10.009261,0.998785,0.004571,-0.048373,0.008196
1591715576198317,10.025756,3.013187,10.009173,0.998800,0.004574,-0.047976,0.008660
1591715576244353,10.025841,3.013998,10.009359,0.998790,0.004496,-0.048164,0.008881
1591715576292531,10.026339,3.014079,10.009536,0.998771,0.004139,-0.048597,0.008850
1591715576342643,10.026193,3.014145,10.009926,0.998780,0.003885,-0.048542,0.008194
1591715576399701,10.024132,3.013801,10.010723,0.998782,0.003307,-0.048757,0.006813
1591715576448387,10.021734,3.014455,10.011521,0.998772,0.002563,-0.049206,0.005082
1591715576498947,10.020556,3.014318,10.012008,0.998747,0.001938,-0.049908,0.003187
1591715576543489,10.019224,3.015298,10.012212,0.998719,0.001110,-0.050567,0.001504
1591715576589108,10.018478,3.015703,10.012880,0.998628,0.000263,-0.052356,-0.000295
1591715576634124,10.017231,3.016500,10.013885,0.998571,-0.000824,-0.053417,-0.001729
1591715576678243,10.016552,3.016431,10.015406,0.998508,-0.001859,-0.054521,-0.002367
1591715576722812,10.016164,3.016989,10.016059,0.998443,-0.002643,-0.055653,-0.002669
1591715576767455,10.016323,3.016940,10.016554,0.998399,-0.003206,-0.056393,-0.002910
1591715576813382,10.015339,3.016630,10.016906,0.998388,-0.003686,-0.056530,-0.003368
1591715576858921,10.015665,3.016158,10.017895,0.998365,-0.003715,-0.056913,-0.003825
1591715576904093,10.015446,3.016587,10.018293,0.998357,-0.002944,-0.057102,-0.003705
1591715576948702,10.015189,3.016126,10.018658,0.998365,-0.001814,-0.057015,-0.003682
1591715576993123,10.015115,3.016364,10.018196,0.998386,-0.001217,-0.056652,-0.003816
1591715577038550,10.015059,3.016354,10.019109,0.998366,-0.001227,-0.057008,-0.003672
1591715577082329,10.015105,3.017011,10.019758,0.998328,-0.001516,-0.057684,-0.003389
1591715577127200,10.016164,3.017498,10.018887,0.998310,-0.001466,-0.058033,-0.002653
1591715577170737,10.017131,3.017037,10.018767,0.998336,-0.000832,-0.057636,-0.001792
1591715577214107,10.017269,3.016874,10.018988,0.998357,-0.000244,-0.057292,-0.000594
1591715577258570,10.018328,3.017398,10.019403,0.998345,0.000047,-0.057502,0.000717
1591715577302596,10.018965,3.017946,10.019413,0.998357,0.000377,-0.057281,0.001642
1591715577346151,10.018621,3.017567,10.019035,0.998330,0.000160,-0.057716,0.002305
1591715577388917,10.018982,3.018489,10.019276,0.998301,-0.000122,-0.058207,0.002763
1591715577431209,10.018343,3.019078,10.019209,0.998256,-0.000109,-0.058985,0.002570
1591715577473629,10.017381,3.019446,10.018304,0.998245,-0.000074,-0.059204,0.001695
1591715577516639,10.016374,3.018911,10.017939,0.998262,-0.000342,-0.058927,0.001011
1591715577559524,10.015948,3.018607,10.017006,0.998284,-0.000656,-0.058563,0.000043
1591715577602911,10.015205,3.018770,10.016822,0.998306,-0.000757,-0.058174,-0.001034
1591715577646732,10.014148,3.018302,10.016643,0.998277,-0.000841,-0.058650,-0.001620
1591715577691309,10.015407,3.017895,10.016511,0.998285,-0.000592,-0.058507,-0.002053
1591715577734859,10.015974,3.017900,10.016597,0.998264,0.000224,-0.058887,-0.001276
1591715577778042,10.016955,3.018300,10.016773,0.998305,0.000628,-0.058199,0.000312
1591715577819163,10.018705,3.017492,10.016623,0.998365,0.000090,-0.057137,0.001771
1591715577861388,10.019691,3.017967,10.016324,0.998341,-0.000721,-0.057456,0.003575
1591715577902026,10.020532,3.019005,10.016370,0.998319,-0.000878,-0.057776,0.004518
1591715577944103,10.020141,3.019167,10.015957,0.998319,-0.000320,-0.057775,0.004507
1591715577985374,10.019163,3.019547,10.015699,0.998274,0.000322,-0.058596,0.003896
1591715578027751,10.018501,3.019917,10.015836,0.998214,0.000518,-0.059669,0.002681
1591715578076950,10.017501,3.021342,10.017117,0.998137,0.000387,-0.060992,0.001393
1591715578122829,10.017785,3.020966,10.016505,0.998143,-0.000007,-0.060906,0.000422
1591715578165358,10.018605,3.020132,10.016663,0.998240,-0.000275,-0.059294,0.001158
1591715578208774,10.020104,3.018981,10.017149,0.998304,0.000085,-0.058169,0.002475
1591715578250948,10.020637,3.019209,10.016807,0.998307,0.000693,-0.058056,0.003569
1591715578294390,10.021225,3.019731,10.016744,0.998289,0.001056,-0.058277,0.004638
1591715578341531,10.021102,3.020725,10.017265,0.998273,0.000817,-0.058574,0.004383
1591715578389702,10.019601,3.022042,10.017251,0.998179,-0.000211,-0.060210,0.003569
1591715578441510,10.019010,3.022746,10.017937,0.998040,-0.000876,-0.062503,0.002792
1591715578486154,10.018911,3.022000,10.018260,0.998044,-0.000336,-0.062480,0.002147
1591715578530449,10.019350,3.020688,10.018526,0.998132,0.000639,-0.061053,0.002145
1591715578574986,10.019381,3.019509,10.018581,0.998209,0.001414,-0.059760,0.002460
1591715578618051,10.019158,3.018589,10.017857,0.998275,0.002012,-0.058621,0.002501
1591715578661919,10.019386,3.018021,10.016981,0.998336,0.001529,-0.057564,0.003154
1591715578705370,10.019602,3.018402,10.016301,0.998351,0.000643,-0.057291,0.003432
1591715578748755,10.019054,3.018215,10.015161,0.998335,-0.000366,-0.057587,0.003379
1591715578792298,10.018708,3.018170,10.015149,0.998334,-0.000592,-0.057591,0.003462
1591715578835394,10.018301,3.017922,10.015425,0.998315,-0.000210,-0.057929,0.003410
1591715578878985,10.017953,3.017950,10.015012,0.998279,0.000431,-0.058531,0.003548
1591715578921784,10.018766,3.017545,10.014070,0.998286,0.001312,-0.058398,0.003645
1591715578964295,10.018878,3.016957,10.014125,0.998346,0.001680,-0.057316,0.004101
1591715579007545,10.019142,3.016239,10.014174,0.998371,0.001871,-0.056844,0.004553
1591715579050648,10.018954,3.016486,10.013115,0.998364,0.001876,-0.056926,0.004995
1591715579095936,10.018878,3.016197,10.012642,0.998398,0.001714,-0.056295,0.005474
1591715579139899,10.019030,3.015864,10.012181,0.998406,0.001443,-0.056141,0.005664
1591715579184476,10.018919,3.016925,10.011768,0.998383,0.001147,-0.056550,0.005735
1591715579231836,10.018418,3.017677,10.011256,0.998375,0.000655,-0.056708,0.005645
1591715579280445,10.017668,3.017702,10.011401,0.998388,0.000665,-0.056427,0.006009
1591715579327906,10.017120,3.016957,10.011336,0.998403,0.001201,-0.056143,0.006092
1591715579374049,10.017137,3.016246,10.011670,0.998445,0.001493,-0.055398,0.006077
1591715579419725,10.016542,3.016187,10.011075,0.998434,0.001269,-0.055638,0.005710
1591715579463829,10.015840,3.016228,10.010626,0.998436,0.000821,-0.055636,0.005426
1591715579509767,10.015909,3.016232,10.011279,0.998432,0.000596,-0.055718,0.005415
1591715579553291,10.016691,3.016238,10.010842,0.998438,0.000771,-0.055615,0.005249
1591715579595974,10.016922,3.015325,10.010336,0.998471,0.001213,-0.055033,0.005104
1591715579638890,10.017362,3.014730,10.009793,0.998507,0.001445,-0.054365,0.005056
1591715579680784,10.016369,3.015504,10.010301,0.998508,0.001188,-0.054391,0.004737
1591715579723922,10.015907,3.016243,10.009562,0.998531,0.000856,-0.053983,0.004495
1591715579766709,10.015643,3.016405,10.009397,0.998529,0.000545,-0.054034,0.004383
1591715579812426,10.015482,3.016613,10.009910,0.998475,0.000203,-0.055029,0.004338
1591715579857876,10.015833,3.017329,10.010272,0.998474,0.000026,-0.055055,0.004204
1591715579900487,10.016062,3.017238,10.010304,0.998494,-0.000007,-0.054709,0.004163
1591715579941849,10.016538,3.016383,10.010890,0.998480,0.000127,-0.054975,0.003993
1591715579983617,10.016236,3.015867,10.010099,0.998507,0.000243,-0.054501,0.003792
1591715580025511,10.015511,3.015454,10.010194,0.998562,0.000090,-0.053483,0.003653
1591715580067127,10.015732,3.015407,10.010016,0.998585,-0.000104,-0.053079,0.003250
1591715580110092,10.015648,3.015412,10.009528,0.998624,-0.000392,-0.052375,0.002723
1591715580153058,10.015481,3.014675,10.008969,0.998659,-0.000535,-0.051708,0.002340
1591715580195321,10.015716,3.014587,10.008657,0.998675,-0.000531,-0.051420,0.002030
1591715580238784,10.015511,3.015072,10.008780,0.998670,-0.000391,-0.051522,0.001953
1591715580281687,10.015204,3.015617,10.008887,0.998676,-0.000173,-0.051400,0.001901
1591715580326326,10.015450,3.016397,10.009516,0.998649,-0.000044,-0.051916,0.002131
1591715580369995,10.016331,3.017301,10.009213,0.998618,0.000187,-0.052508,0.002425
1591715580413329,10.016938,3.017668,10.009336,0.998602,0.000445,-0.052772,0.002892
1591715580457582,10.017700,3.016436,10.009539,0.998586,0.000553,-0.053056,0.003300
1591715580505258,10.018420,3.015820,10.009605,0.998578,0.000647,-0.053182,0.003532
1591715580554059,10.018754,3.016021,10.009336,0.998597,0.000628,-0.052819,0.003849
1591715580600506,10.019096,3.016143,10.009950,0.998575,0.000613,-0.053206,0.004095
1591715580643537,10.018531,3.016610,10.009990,0.998574,0.000593,-0.053226,0.004137
1591715580685909,10.017798,3.016980,10.010558,0.998561,0.000645,-0.053438,0.004439
1591715580728652,10.018283,3.017512,10.010886,0.998533,0.000892,-0.053907,0.004921
1591715580771620,10.018836,3.018281,10.011423,0.998511,0.001388,-0.054250,0.005489
1591715580813259,10.019488,3.018224,10.011880,0.998495,0.001737,-0.054451,0.006309
1591715580854773,10.020422,3.018893,10.011807,0.998474,0.001939,-0.054784,0.006768
1591715580901514,10.020632,3.019748,10.011603,0.998430,0.002413,-0.055454,0.007531
1591715580947840,10.021453,3.019802,10.012322,0.998406,0.002997,-0.055765,0.008153
1591715580996675,10.021774,3.019679,10.012925,0.998393,0.003516,-0.055950,0.008234
1591715581040051,10.020883,3.019659,10.013473,0.998368,0.003649,-0.056501,0.007442
1591715581083713,10.020523,3.019767,10.013580,0.998370,0.003309,-0.056632,0.006339
1591715581129680,10.019816,3.020183,10.014260,0.998382,0.002664,-0.056537,0.005412
1591715581174577,10.019320,3.019502,10.015003,0.998392,0.002498,-0.056459,0.004502
1591715581219472,10.018782,3.019021,10.014726,0.998405,0.002637,-0.056278,0.003608
1591715581263811,10.018525,3.018680,10.014709,0.998435,0.002584,-0.055784,0.003145
1591715581309373,10.018519,3.018466,10.014486,0.998477,0.002214,-0.055038,0.003165
1591715581354081,10.018908,3.017832,10.014599,0.998477,0.002184,-0.055038,0.003143
1591715581398527,10.019198,3.017551,10.014256,0.998475,0.002248,-0.055055,0.003294
1591715581443812,10.019842,3.017577,10.014496,0.998480,0.002408,-0.054934,0.003893
1591715581485921,10.019947,3.017103,10.015090,0.998466,0.002437,-0.055124,0.004533
1591715581528295,10.020369,3.016352,10.015508,0.998471,0.002576,-0.054967,0.005183
1591715581571411,10.021166,3.016032,10.015611,0.998467,0.003108,-0.054983,0.005531
1591715581615068,10.020891,3.015760,10.014712,0.998475,0.003470,-0.054875,0.004838
1591715581660783,10.019795,3.015515,10.014542,0.998512,0.002933,-0.054307,0.004108
1591715581705131,10.019289,3.016005,10.014899,0.998538,0.002593,-0.053887,0.003272
1591715581749451,10.019217,3.015128,10.015208,0.998563,0.002623,-0.053462,0.002620
1591715581795055,10.019373,3.014476,10.015145,0.998586,0.003052,-0.053006,0.002611
1591715581836566,10.019643,3.013856,10.015208,0.998596,0.003490,-0.052798,0.002479
1591715581879292,10.018952,3.013725,10.015627,0.998633,0.003503,-0.052093,0.002394
1591715581922445,10.019092,3.014009,10.015312,0.998641,0.003088,-0.051965,0.002307
1591715581965334,10.019393,3.014046,10.014845,0.998633,0.002631,-0.052146,0.002354
1591715582009811,10.019956,3.014244,10.014493,0.998609,0.002636,-0.052601,0.002417
1591715582052253,10.020361,3.013777,10.014888,0.998616,0.002935,-0.052458,0.002382
1591715582095390,10.020266,3.013568,10.015340,0.998634,0.003107,-0.052088,0.002741
1591715582138761,10.020202,3.013138,10.015541,0.998622,0.003257,-0.052315,0.002669
1591715582181511,10.020038,3.013299,10.015194,0.998651,0.003189,-0.051764,0.002642
1591715582225499,10.019423,3.013580,10.014997,0.998680,0.002879,-0.051221,0.002654
1591715582270128,10.019767,3.014190,10.015245,0.998643,0.002291,-0.051962,0.002481
1591715582315735,10.019328,3.013683,10.014510,0.998652,0.002076,-0.051815,0.002194
1591715582361753,10.019144,3.013598,10.014323,0.998666,0.001822,-0.051558,0.002104
1591715582406567,10.018939,3.013733,10.014240,0.998629,0.001566,-0.052281,0.001954
1591715582449694,10.019176,3.014113,10.013562,0.998608,0.001798,-0.052680,0.001998
1591715582493687,10.019467,3.013930,10.013372,0.998615,0.002014,-0.052524,0.002094
1591715582537635,10.019540,3.014141,10.013762,0.998601,0.002143,-0.052789,0.002343
1591715582580776,10.019231,3.014551,10.013871,0.998604,0.002101,-0.052723,0.002414
1591715582625946,10.018973,3.014100,10.013155,0.998643,0.001961,-0.051985,0.002471
1591715582668295,10.018707,3.013970,10.013343,0.998655,0.001800,-0.051751,0.002613
1591715582713298,10.018661,3.014708,10.012496,0.998641,0.001722,-0.052014,0.002670
1591715582759197,10.018774,3.014703,10.012033,0.998655,0.001887,-0.051739,0.002737
1591715582802671,10.019056,3.014928,10.012285,0.998639,0.001949,-0.052032,0.003046
1591715582844965,10.019323,3.015345,10.012485,0.998624,0.002211,-0.052307,0.003025
1591715582886274,10.019199,3.014655,10.011882,0.998639,0.002342,-0.052015,0.003182
1591715582927529,10.019280,3.014626,10.011595,0.998661,0.002208,-0.051583,0.003302
1591715582968762,10.019161,3.014959,10.011696,0.998639,0.002046,-0.052013,0.003193
1591715583011745,10.018867,3.015635,10.011323,0.998644,0.002183,-0.051935,0.002953
1591715583053986,10.018587,3.015334,10.011134,0.998624,0.001952,-0.052334,0.002714
1591715583096868,10.018900,3.015082,10.010506,0.998607,0.001856,-0.052669,0.002677
1591715583151747,10.018496,3.015401,10.010368,0.998604,0.002056,-0.052710,0.002620
1591715583196648,10.018268,3.015787,10.009885,0.998614,0.002311,-0.052525,0.002566
1591715583239874,10.018977,3.015766,10.009830,0.998591,0.002649,-0.052933,0.002622
1591715583284888,10.019381,3.016070,10.009656,0.998562,0.002948,-0.053458,0.002846
1591715583330992,10.019492,3.016637,10.009891,0.998542,0.003122,-0.053810,0.002960
1591715583377507,10.019773,3.017074,10.009751,0.998558,0.002898,-0.053517,0.003239
1591715583425474,10.019608,3.016735,10.009952,0.998555,0.002726,-0.053565,0.003237
1591715583474826,10.019298,3.016834,10.010020,0.998562,0.002844,-0.053427,0.003352
1591715583522028,10.019503,3.017083,10.009464,0.998569,0.002747,-0.053295,0.003418
1591715583569544,10.019171,3.017353,10.009530,0.998554,0.002391,-0.053617,0.003135
1591715583616305,10.019399,3.017459,10.009501,0.998543,0.001976,-0.053851,0.002882
1591715583663555,10.019463,3.017588,10.009745,0.998517,0.001598,-0.054359,0.002642
1591715583711615,10.019449,3.017805,10.009569,0.998509,0.001366,-0.054518,0.002460
1591715583759637,10.019419,3.017247,10.009690,0.998537,0.001214,-0.054025,0.002178
1591715583803270,10.019883,3.017149,10.009154,0.998566,0.001070,-0.053477,0.002045
1591715583847888,10.020064,3.017446,10.008871,0.998539,0.000827,-0.053995,0.001768
1591715583892246,10.019320,3.017839,10.008911,0.998514,0.000733,-0.054488,0.001160
1591715583938017,10.018411,3.018221,10.008692,0.998497,0.000615,-0.054799,0.000378
1591715583986799,10.018422,3.018199,10.009031,0.998483,0.000409,-0.055061,0.000090
1591715584030702,10.018875,3.018116,10.009062,0.998472,0.000716,-0.055254,0.000463
1591715584074314,10.020072,3.017570,10.009080,0.998487,0.001497,-0.054961,0.001225
1591715584119671,10.020915,3.016798,10.009529,0.998492,0.002264,-0.054815,0.002001
1591715584166872,10.021628,3.016947,10.010105,0.998509,0.002452,-0.054463,0.002573
1591715584213499,10.022097,3.017263,10.009606,0.998504,0.002137,-0.054571,0.002570
1591715584257830,10.021449,3.017976,10.009768,0.998500,0.001699,-0.054682,0.002184
1591715584304527,10.020864,3.018134,10.010229,0.998501,0.001592,-0.054679,0.001816
1591715584358368,10.020926,3.017493,10.010561,0.998491,0.001960,-0.054863,0.001516
1591715584404031,10.021000,3.017350,10.010971,0.998518,0.002038,-0.054367,0.001264
1591715584447265,10.020141,3.016951,10.010936,0.998544,0.001800,-0.053893,0.001153
1591715584492798,10.019903,3.016679,10.011004,0.998558,0.001377,-0.053657,0.000878
1591715584539717,10.019813,3.016452,10.010914,0.998565,0.000743,-0.053550,0.000592
1591715584586266,10.020195,3.016026,10.012227,0.998576,-0.000062,-0.053354,0.000392
1591715584630840,10.020372,3.016776,10.012377,0.998531,-0.000465,-0.054179,0.000274
1591715584674385,10.020194,3.017134,10.012185,0.998494,-0.000591,-0.054862,0.000420
1591715584718681,10.019856,3.016458,10.012229,0.998499,-0.000289,-0.054767,0.000507
1591715584765856,10.019855,3.015842,10.012608,0.998512,0.000129,-0.054538,0.000666
1591715584810917,10.019979,3.015475,10.012730,0.998508,0.000163,-0.054605,0.000805
1591715584855756,10.020210,3.015606,10.012395,0.998535,0.000108,-0.054096,0.000876
1591715584899187,10.019905,3.016059,10.012935,0.998534,-0.000103,-0.054128,0.000841
1591715584943114,10.019980,3.016618,10.012874,0.998522,-0.000364,-0.054336,0.000747
1591715584986249,10.020003,3.015084,10.012810,0.998521,-0.000417,-0.054365,0.000781
1591715585031611,10.019875,3.014863,10.012499,0.998541,-0.000325,-0.053994,0.000700
1591715585076662,10.019629,3.014962,10.012511,0.998563,-0.000314,-0.053593,0.000759
1591715585119831,10.018929,3.015321,10.013004,0.998587,-0.000289,-0.053125,0.000878
1591715585162130,10.018653,3.014894,10.013558,0.998597,-0.000508,-0.052941,0.001101
1591715585205259,10.018368,3.014776,10.013720,0.998598,-0.000614,-0.052910,0.001282
1591715585247600,10.019028,3.014540,10.013763,0.998607,-0.000774,-0.052727,0.001598
1591715585290910,10.019117,3.015688,10.014468,0.998547,-0.001177,-0.053840,0.001785
1591715585334533,10.019271,3.017028,10.013248,0.998545,-0.001323,-0.053874,0.001988
1591715585378067,10.019566,3.017081,10.013027,0.998552,-0.001129,-0.053743,0.002193
1591715585421661,10.019066,3.016554,10.013188,0.998513,-0.000937,-0.054465,0.002363
1591715585464258,10.018666,3.016604,10.013637,0.998517,-0.000778,-0.054369,0.002604
1591715585506881,10.018040,3.016480,10.014346,0.998536,-0.001160,-0.054014,0.002703
1591715585549390,10.018026,3.016056,10.013889,0.998566,-0.001694,-0.053425,0.002891
1591715585594377,10.018432,3.016429,10.014455,0.998533,-0.001997,-0.053999,0.003322
1591715585638776,10.019328,3.017174,10.014750,0.998502,-0.001315,-0.054575,0.003728
1591715585682969,10.019428,3.017232,10.015129,0.998503,-0.000219,-0.054526,0.004396
1591715585728108,10.020169,3.016878,10.015509,0.998479,0.000428,-0.054893,0.005087
1591715585771481,10.020419,3.017725,10.015649,0.998442,0.000858,-0.055452,0.006141
1591715585815830,10.021486,3.017597,10.016000,0.998452,0.001311,-0.055175,0.006904
1591715585862471,10.021878,3.017409,10.015832,0.998470,0.001620,-0.054774,0.007419
1591715585910152,10.021701,3.017599,10.015716,0.998488,0.001686,-0.054401,0.007678
1591715585952761,10.021260,3.017487,10.016521,0.998487,0.001556,-0.054429,0.007639
1591715585995211,10.020937,3.018158,10.016747,0.998481,0.001242,-0.054630,0.007101
1591715586038385,10.020802,3.018225,10.016604,0.998481,0.000959,-0.054701,0.006529
1591715586081024,10.020468,3.017911,10.016492,0.998490,0.000973,-0.054598,0.006023
1591715586124283,10.020729,3.018035,10.016445,0.998515,0.001023,-0.054144,0.005932
1591715586167348,10.021316,3.018418,10.016878,0.998535,0.000308,-0.053736,0.006312
1591715586210393,10.021770,3.019981,10.017817,0.998456,0.000444,-0.055173,0.006376
1591715586252367,10.021456,3.019505,10.017942,0.998447,0.000926,-0.055314,0.006518
1591715586295273,10.022302,3.018880,10.018848,0.998447,0.001234,-0.055276,0.006776
1591715586338384,10.022840,3.019099,10.019194,0.998421,0.000994,-0.055682,0.007350
1591715586379524,10.022864,3.020237,10.020271,0.998384,0.000852,-0.056347,0.007293
1591715586421910,10.022105,3.021413,10.020666,0.998352,0.000576,-0.056972,0.006904
1591715586468439,10.021314,3.021842,10.021238,0.998333,0.000311,-0.057418,0.005837
1591715586510421,10.021831,3.021882,10.021418,0.998333,-0.000222,-0.057505,0.004864
1591715586551215,10.020887,3.021327,10.022187,0.998342,-0.000489,-0.057363,0.004644
1591715586592025,10.020942,3.021217,10.022451,0.998369,-0.000816,-0.056908,0.004481
1591715586632722,10.021729,3.021154,10.023045,0.998360,-0.000989,-0.057040,0.004773
1591715586673401,10.022966,3.021312,10.023823,0.998370,-0.001409,-0.056782,0.005636
1591715586713937,10.023211,3.021106,10.024799,0.998398,-0.002126,-0.056099,0.007117
1591715586754713,10.024885,3.020453,10.025431,0.998378,-0.002771,-0.056222,0.008491
1591715586795863,10.025644,3.020943,10.026740,0.998378,-0.003287,-0.056025,0.009590
1591715586838053,10.026446,3.021013,10.028492,0.998334,-0.003150,-0.056609,0.010732
1591715586878780,10.027138,3.021130,10.029205,0.998249,-0.002905,-0.057981,0.011370
1591715586919728,10.026898,3.021447,10.030005,0.998183,-0.002143,-0.059284,0.010574
1591715587022437,10.024038,3.022944,10.032116,0.998049,-0.003241,-0.061964,0.006969
1591715587063626,10.023670,3.022927,10.032810,0.998064,-0.004161,-0.061783,0.005809
1591715587106135,10.023709,3.021955,10.032603,0.998140,-0.004872,-0.060501,0.005745
1591715587146084,10.025270,3.020865,10.034203,0.998165,-0.004949,-0.059953,0.006958
1591715587190283,10.027843,3.020073,10.036721,0.998176,-0.004398,-0.059501,0.009263
1591715587235283,10.029909,3.020298,10.038129,0.998131,-0.004191,-0.059809,0.011842
1591715587280606,10.032482,3.020843,10.039802,0.998082,-0.003898,-0.060171,0.014024
1591715587321491,10.033749,3.020840,10.040192,0.998024,-0.004669,-0.060508,0.016311
1591715587522233,10.036109,3.020334,10.044080,0.998028,-0.005720,-0.059319,0.019724
1591715587563032,10.036141,3.021290,10.046344,0.998017,-0.006521,-0.059436,0.019659
1591715587609519,10.035707,3.022177,10.048287,0.997952,-0.006113,-0.060753,0.019045
1591715587652209,10.035563,3.022226,10.048998,0.997944,-0.005473,-0.061008,0.018863
1591715587692212,10.036734,3.021888,10.049275,0.997968,-0.004284,-0.060785,0.018622
1591715587733111,10.037233,3.021094,10.050738,0.997998,-0.001981,-0.060516,0.018277
1591715587774676,10.038707,3.020555,10.052094,0.997987,0.001110,-0.060878,0.017727
1591715587816557,10.040793,3.019686,10.051911,0.998057,0.004150,-0.059547,0.017884
1591715587858844,10.042678,3.019125,10.053062,0.998128,0.006389,-0.057864,0.018765
1591715587899570,10.043774,3.019866,10.053752,0.998085,0.006878,-0.058056,0.020223
1591715587941443,10.045266,3.021715,10.055758,0.997946,0.006756,-0.060038,0.021286
1591715587982145,10.046139,3.023662,10.055419,0.997856,0.006688,-0.061420,0.021612
1591715588023900,10.046001,3.024542,10.056876,0.997757,0.006542,-0.063127,0.021270
1591715588120976,10.044420,3.027352,10.059218,0.997522,0.006518,-0.067460,0.018882
1591715588163191,10.043750,3.027832,10.059766,0.997484,0.006409,-0.068368,0.017616
1591715588206333,10.042813,3.027675,10.060056,0.997512,0.005732,-0.068133,0.017194
1591715588250886,10.043989,3.027456,10.060704,0.997469,0.005017,-0.068757,0.017386
1591715588298947,10.044386,3.027789,10.060665,0.997455,0.005025,-0.068785,0.018085
1591715588343687,10.044813,3.027112,10.059734,0.997510,0.005595,-0.067604,0.019292
1591715588385490,10.046269,3.025712,10.060238,0.997536,0.005542,-0.066797,0.020745
1591715588432522,10.047167,3.025922,10.060085,0.997517,0.004759,-0.066365,0.023069
1591715588481195,10.048747,3.025939,10.059641,0.997521,0.004260,-0.065543,0.025246
1591715588527413,10.049950,3.025708,10.058506,0.997482,0.004136,-0.065482,0.026912
1591715588622565,10.049213,3.027048,10.058495,0.997378,0.003213,-0.066756,0.027762
1591715588663961,10.047793,3.027534,10.058721,0.997330,0.002434,-0.067816,0.026967
1591715588705334,10.045848,3.027742,10.058012,0.997335,0.001836,-0.068432,0.025241
1591715588746015,10.043702,3.027745,10.057837,0.997435,0.001439,-0.067564,0.023590
1591715588787473,10.042501,3.026744,10.057518,0.997510,0.001568,-0.066839,0.022468
1591715588828041,10.042203,3.026462,10.057233,0.997582,0.001881,-0.065981,0.021761
1591715588869543,10.042164,3.025317,10.056662,0.997624,0.001865,-0.065346,0.021731
1591715588911487,10.042062,3.025297,10.057167,0.997628,0.001583,-0.065167,0.022105
1591715588952706,10.042344,3.025655,10.056699,0.997592,0.001736,-0.065745,0.022030
1591715588995689,10.041525,3.025725,10.056312,0.997589,0.001917,-0.065907,0.021632
1591715589039293,10.040926,3.025515,10.055635,0.997616,0.001487,-0.065513,0.021620
1591715589084438,10.041395,3.025742,10.054822,0.997635,0.001131,-0.065052,0.022187
1591715589128463,10.042341,3.025520,10.054794,0.997606,0.001327,-0.065145,0.023189
1591715589171809,10.042388,3.025834,10.054861,0.997569,0.002058,-0.065458,0.023796
1591715589214492,10.041455,3.025349,10.054535,0.997587,0.002490,-0.065141,0.023873
1591715589258176,10.040499,3.025658,10.054016,0.997610,0.002088,-0.064794,0.023904
1591715589301394,10.039439,3.026090,10.053916,0.997607,0.001081,-0.064922,0.023738
1591715589345019,10.038548,3.026155,10.053727,0.997573,-0.000359,-0.065427,0.023829
1591715589388975,10.038553,3.024831,10.053052,0.997587,-0.000408,-0.065371,0.023381
1591715589432109,10.038177,3.024085,10.052988,0.997629,0.000167,-0.064526,0.023957
1591715589476108,10.037983,3.023836,10.053208,0.997594,0.001343,-0.064831,0.024512
1591715589518806,10.037200,3.023312,10.052959,0.997565,0.002138,-0.065336,0.024285
1591715589562766,10.035873,3.022901,10.051618,0.997685,0.001978,-0.063666,0.023836
1591715589606354,10.034588,3.022425,10.051931,0.997730,0.001442,-0.063030,0.023684
1591715589648271,10.034248,3.022449,10.051120,0.997720,0.001484,-0.063332,0.023293
1591715589696738,10.033369,3.021878,10.051065,0.997786,0.002081,-0.062463,0.022728
1591715589748443,10.033850,3.021243,10.049580,0.997839,0.002171,-0.061274,0.023619
1591715589794715,10.034431,3.020791,10.049759,0.997805,0.002528,-0.061596,0.024198
1591715589836171,10.035421,3.019660,10.048566,0.997828,0.003143,-0.060509,0.025842
1591715589879400,10.036530,3.018652,10.047283,0.997885,0.003768,-0.058846,0.027367
1591715589921510,10.037289,3.017786,10.046586,0.997884,0.004165,-0.058357,0.028365
1591715589963131,10.037110,3.017688,10.045944,0.997881,0.004456,-0.058299,0.028542
1591715590004855,10.035995,3.018271,10.045026,0.997890,0.004049,-0.058200,0.028489
1591715590047783,10.035398,3.018382,10.045177,0.997916,0.003137,-0.057908,0.028277
1591715590090230,10.035252,3.018350,10.044974,0.997917,0.002487,-0.057947,0.028235
1591715590132125,10.034266,3.018403,10.045547,0.997892,0.001753,-0.058411,0.028236
1591715590174820,10.032858,3.018678,10.045491,0.997883,0.000638,-0.058412,0.028570
1591715590217594,10.033079,3.018183,10.045413,0.997881,-0.000372,-0.058473,0.028548
1591715590261202,10.033081,3.017738,10.044722,0.997907,-0.000807,-0.058146,0.028298
1591715590305295,10.032404,3.017414,10.044874,0.997908,-0.001065,-0.058219,0.028086
1591715590347746,10.030387,3.017916,10.044116,0.997968,-0.002673,-0.057292,0.027765
1591715590390177,10.028768,3.018837,10.044549,0.997964,-0.005420,-0.057555,0.026955
1591715590432898,10.027864,3.020019,10.045814,0.997822,-0.006308,-0.060285,0.026015
1591715590476481,10.028611,3.019502,10.045580,0.997846,-0.003275,-0.060351,0.025487
1591715590518896,10.029948,3.016329,10.044376,0.997985,0.000481,-0.057907,0.025948
1591715590562758,10.031850,3.013842,10.043496,0.998112,0.003476,-0.054866,0.027399
1591715590606343,10.033034,3.013442,10.043249,0.998124,0.004346,-0.053696,0.029078
1591715590649215,10.034330,3.014716,10.042197,0.998143,0.004405,-0.052747,0.030143
1591715590693356,10.033984,3.015597,10.041021,0.998131,0.003237,-0.052614,0.030914
1591715590736716,10.034040,3.017492,10.040315,0.998098,0.001812,-0.052999,0.031423
1591715590778849,10.032252,3.018548,10.040278,0.998025,0.001045,-0.054713,0.030850
1591715590821150,10.030361,3.018697,10.039545,0.998019,-0.000048,-0.055709,0.029225
1591715590862869,10.028634,3.018252,10.039777,0.998070,-0.001641,-0.055442,0.027930
1591715590905384,10.025844,3.018774,10.040784,0.998034,-0.003392,-0.056630,0.026642
1591715590947661,10.023884,3.018740,10.040553,0.998054,-0.004337,-0.056849,0.025270
1591715590989337,10.023439,3.017951,10.039362,0.998151,-0.004650,-0.055609,0.024090
1591715591035225,10.022812,3.016564,10.039512,0.998274,-0.004915,-0.053932,0.022724
1591715591083482,10.021194,3.016593,10.038794,0.998315,-0.005570,-0.053520,0.021738
1591715591133598,10.021182,3.016155,10.038336,0.998356,-0.006125,-0.052777,0.021481
1591715591181418,10.022199,3.016508,10.039708,0.998321,-0.006539,-0.052787,0.022915
1591715591228367,10.023258,3.017398,10.041028,0.998177,-0.005901,-0.055053,0.024020
1591715591270382,10.023956,3.018701,10.041405,0.998105,-0.004920,-0.056397,0.024119
1591715591311837,10.024421,3.019401,10.042024,0.998050,-0.004436,-0.057249,0.024475
1591715591353821,10.024947,3.019165,10.042381,0.997985,-0.004668,-0.058172,0.024907
1591715591396299,10.026493,3.019741,10.043097,0.997953,-0.004670,-0.058236,0.025996
1591715591438952,10.027803,3.020473,10.044991,0.997827,-0.003945,-0.059873,0.027206
1591715591481065,10.028969,3.021786,10.046233,0.997669,-0.002681,-0.062372,0.027541
1591715591523628,10.029587,3.023194,10.047452,0.997538,-0.001963,-0.064788,0.026787
1591715591565310,10.028758,3.024443,10.047894,0.997483,-0.002520,-0.066053,0.025666
1591715591608505,10.027820,3.025229,10.047454,0.997532,-0.003750,-0.065694,0.024484
1591715591654265,10.027543,3.024006,10.048474,0.997590,-0.004341,-0.065440,0.022628
1591715591701284,10.026922,3.022668,10.048073,0.997735,-0.005122,-0.063570,0.021398
1591715591748228,10.028035,3.022147,10.048891,0.997836,-0.006478,-0.061621,0.022010
1591715591798661,10.029490,3.021697,10.048697,0.997822,-0.006590,-0.061333,0.023389
1591715591844711,10.031340,3.020951,10.047362,0.997851,-0.006550,-0.060095,0.025276
1591715591888467,10.032208,3.020272,10.047249,0.997880,-0.007462,-0.058572,0.027363
1591715591930898,10.032401,3.021149,10.047639,0.997786,-0.008758,-0.059319,0.028755
1591715591973798,10.033457,3.021950,10.048393,0.997637,-0.007814,-0.062015,0.028522
1591715592015418,10.033509,3.022053,10.047695,0.997564,-0.005200,-0.063547,0.028280
1591715592057409,10.034625,3.021050,10.047440,0.997638,-0.002802,-0.062065,0.029312
1591715592098879,10.035396,3.020741,10.047941,0.997647,-0.000373,-0.061719,0.029867
1591715592142982,10.035386,3.020348,10.047692,0.997638,0.002134,-0.062164,0.029133
1591715592185241,10.034675,3.020176,10.046601,0.997682,0.003101,-0.061890,0.028109
1591715592229487,10.033865,3.019943,10.045533,0.997777,0.002659,-0.060821,0.027121
1591715592272770,10.033333,3.019332,10.044641,0.997880,0.001098,-0.059418,0.026521
1591715592315700,10.032282,3.018367,10.043866,0.997950,-0.001761,-0.058243,0.026455
1591715592359661,10.031802,3.018385,10.042706,0.997940,-0.003457,-0.058209,0.026758
1591715592404400,10.031308,3.017990,10.042607,0.997967,-0.003472,-0.057823,0.026565
1591715592447275,10.031191,3.016701,10.041811,0.997999,-0.002186,-0.057398,0.026454
1591715592489318,10.031246,3.015953,10.041174,0.998012,-0.001344,-0.057071,0.026709
1591715592531437,10.030665,3.016085,10.040287,0.998058,-0.001898,-0.056143,0.026926
1591715592573775,10.029442,3.016883,10.039378,0.998086,-0.004299,-0.055440,0.027070
