1592806456405849,4.999992,1.000318,4.999969,0.999969,-0.002211,-0.007584,-0.000014
1592806456501038,4.999996,1.000100,4.999581,0.999970,-0.002236,-0.007415,0.000048
1592806456586757,4.999977,1.000554,5.000045,0.999969,-0.002243,-0.007605,0.000012
1592806456674542,4.999985,1.000256,4.999924,0.999969,-0.002239,-0.007545,0.000024
1592806456758618,4.999996,1.000468,4.999888,0.999970,-0.002249,-0.007484,0.000028
1592806456839601,4.999985,1.000249,4.999965,0.999969,-0.002284,-0.007501,0.000023
1592806456916806,4.999975,1.000406,4.999951,0.999969,-0.002319,-0.007514,-0.000012
1592806456995364,4.999999,1.000749,5.000002,0.999969,-0.002273,-0.007522,-0.000030
1592806457083958,5.000026,1.000413,4.999944,0.999969,-0.002242,-0.007507,-0.000043
1592806457173507,5.000018,1.000242,4.999809,0.999969,-0.002207,-0.007546,-0.000024
1592806457256260,4.999982,1.000659,5.000087,0.999969,-0.002241,-0.007577,-0.000063
1592806457335778,5.000001,1.000258,4.999965,0.999969,-0.002257,-0.007560,-0.000053
1592806457415162,5.000035,1.000413,4.999888,0.999969,-0.002264,-0.007526,-0.000029
1592806457490074,4.999983,1.000533,4.999810,0.999969,-0.002281,-0.007487,-0.000030
1592806457564378,4.999996,1.000810,4.999990,0.999969,-0.002295,-0.007508,-0.000045
1592806457637371,5.000001,1.000205,4.999892,0.999969,-0.002330,-0.007507,-0.000034
1592806457711335,5.000001,1.000343,4.999909,0.999969,-0.002328,-0.007521,-0.000041
1592806457782186,4.999991,1.000423,5.000076,0.999969,-0.002288,-0.007542,-0.000057
1592806457862811,4.999990,1.000635,4.999910,0.999969,-0.002280,-0.007552,-0.000066
1592806457935998,4.999986,1.000203,4.999885,0.999969,-0.002300,-0.007529,-0.000022
1592806458012742,5.000009,1.000242,4.999509,0.999970,-0.002266,-0.007462,-0.000044
1592806458101144,4.999999,1.000104,4.999910,0.999969,-0.002309,-0.007530,-0.000022
1592806458185155,4.999990,1.000493,4.999869,0.999969,-0.002289,-0.007568,-0.000030
1592806458271612,5.000001,1.000197,4.999923,0.999968,-0.002297,-0.007628,0.000016
1592806458363084,4.999958,1.000481,4.999548,0.999969,-0.002334,-0.007481,0.000019
1592806458449153,4.999952,1.000486,4.999982,0.999969,-0.002269,-0.007564,0.000018
1592806458529170,4.999969,1.000603,4.999991,0.999969,-0.002269,-0.007546,0.000012
1592806458604292,5.000001,1.000268,4.999906,0.999969,-0.002278,-0.007539,-0.000004
1592806458679974,4.999977,1.000331,4.999931,0.999969,-0.002253,-0.007529,-0.000005
1592806458768378,4.999974,1.000209,4.999903,0.999969,-0.002247,-0.007546,0.000007
1592806458858895,4.999988,1.000592,4.999884,0.999969,-0.002279,-0.007519,0.000036
1592806458939312,4.999983,1.000203,4.999890,0.999969,-0.002261,-0.007516,0.000032
1592806459019521,4.999981,1.000360,4.999463,0.999970,-0.002241,-0.007464,0.000010
1592806459103172,5.000014,1.000210,4.999901,0.999969,-0.002248,-0.007518,-0.000022
1592806459193710,4.999980,1.000597,5.000001,0.999969,-0.002245,-0.007535,-0.000041
1592806459283019,4.999977,1.000464,4.999995,0.999969,-0.002248,-0.007517,-0.000027
1592806459380166,4.999999,1.000325,4.999946,0.999969,-0.002275,-0.007503,-0.000019
1592806459460937,4.999975,1.000534,4.999969,0.999969,-0.002262,-0.007502,-0.000026
1592806459543923,4.999995,1.000240,4.999826,0.999969,-0.002237,-0.007500,-0.000058
1592806459630729,5.000021,1.000608,5.000005,0.999969,-0.002222,-0.007550,-0.000098
1592806459711686,5.000025,1.000291,4.999846,0.999969,-0.002254,-0.007539,-0.000077
1592806459784569,5.000012,1.000409,4.999970,0.999969,-0.002243,-0.007563,-0.000076
1592806459859776,4.999991,1.000486,4.999876,0.999969,-0.002290,-0.007540,-0.000040
1592806459939726,5.000022,1.000200,4.999860,0.999969,-0.002246,-0.007555,-0.000048
1592806460015397,4.999996,1.000386,4.999946,0.999969,-0.002262,-0.007503,-0.000040
1592806460098847,5.000003,1.000649,4.999930,0.999969,-0.002291,-0.007489,0.000002
1592806460178517,4.999969,1.000267,4.999949,0.999969,-0.002287,-0.007480,0.000004
1592806460251731,4.999996,1.000463,4.999849,0.999970,-0.002239,-0.007479,0.000010
1592806460326501,4.999965,1.000577,4.999960,0.999970,-0.002225,-0.007479,-0.000032
1592806460400476,4.999991,1.000637,4.999910,0.999970,-0.002269,-0.007462,-0.000017
1592806460477631,4.999999,1.000279,4.999907,0.999970,-0.002278,-0.007430,-0.000015
1592806460551753,4.999978,1.000379,4.999977,0.999970,-0.002296,-0.007442,-0.000011
1592806460624768,4.999976,1.000439,4.999949,0.999970,-0.002291,-0.007448,-0.000023
1592806460697065,4.999970,1.000476,4.999198,0.999970,-0.002279,-0.007395,-0.000004
1592806460769818,4.999962,1.000143,4.999937,0.999970,-0.002289,-0.007448,-0.000017
1592806460841537,4.999986,1.000227,4.999885,0.999970,-0.002261,-0.007458,-0.000017
1592806460913895,5.000017,1.000262,4.999795,0.999970,-0.002229,-0.007445,-0.000007
1592806460986289,4.999972,1.000401,4.999862,0.999970,-0.002236,-0.007475,-0.000017
1592806461063151,4.999988,1.000555,4.999991,0.999969,-0.002218,-0.007493,-0.000048
1592806461141419,5.000011,1.000202,4.999857,0.999970,-0.002219,-0.007492,0.000003
1592806461216134,5.000000,1.000359,4.999865,0.999969,-0.002247,-0.007495,0.000029
1592806461297423,5.000000,1.000543,4.999829,0.999970,-0.002236,-0.007472,0.000037
1592806461378011,4.999988,1.000260,4.999845,0.999969,-0.002255,-0.007486,0.000063
1592806461454109,5.000039,1.000289,4.999766,0.999969,-0.002262,-0.007522,0.000087
1592806461528539,4.999990,1.000359,4.999423,0.999970,-0.002291,-0.007465,0.000080
1592806461602792,4.999996,1.000136,4.999927,0.999969,-0.002280,-0.007530,0.000033
1592806461681550,5.000004,1.000270,4.999877,0.999969,-0.002266,-0.007489,0.000034
1592806461770524,4.999982,1.000112,4.999811,0.999969,-0.002280,-0.007489,0.000042
1592806461858128,4.999969,1.000358,4.999816,0.999969,-0.002279,-0.007506,0.000044
1592806461946095,4.999998,1.000241,4.999904,0.999969,-0.002255,-0.007504,0.000027
1592806462020051,5.000015,1.000278,4.999723,0.999970,-0.002259,-0.007469,-0.000003
1592806462110438,5.000016,1.000232,4.999910,0.999969,-0.002262,-0.007510,-0.000020
1592806462198951,4.999937,1.000503,4.999979,0.999969,-0.002270,-0.007501,-0.000036
1592806462278005,5.000017,1.000217,4.999850,0.999969,-0.002249,-0.007499,-0.000054
1592806462352710,4.999994,1.000288,4.999925,0.999969,-0.002278,-0.007497,-0.000030
1592806462432308,5.000041,1.000539,4.999833,0.999970,-0.002235,-0.007458,-0.000024
1592806462517090,4.999994,1.000268,4.999930,0.999969,-0.002225,-0.007519,-0.000021
1592806462601507,5.000006,1.000003,4.999481,0.999970,-0.002204,-0.007492,-0.000001
1592806462680920,4.999990,1.000218,5.000051,0.999969,-0.002222,-0.007504,0.000006
1592806462753898,5.000008,1.000309,4.999888,0.999969,-0.002199,-0.007535,-0.000049
1592806462826458,5.000025,1.000347,4.999827,0.999969,-0.002210,-0.007515,-0.000052
1592806462898631,4.999967,1.000482,4.999616,0.999969,-0.002213,-0.007516,-0.000016
1592806462970112,4.999984,1.000124,4.999911,0.999969,-0.002265,-0.007578,-0.000017
1592806463050782,5.000019,1.000221,4.999788,0.999969,-0.002234,-0.007538,-0.000033
1592806463141440,5.000001,1.000169,4.999903,0.999969,-0.002212,-0.007563,-0.000045
1592806463225141,5.000005,1.000377,4.999847,0.999969,-0.002228,-0.007554,-0.000059
1592806463314850,5.000005,1.000255,4.999807,0.999969,-0.002243,-0.007512,-0.000060
1592806463399535,5.000011,1.000072,4.999840,0.999969,-0.002240,-0.007542,-0.000034
1592806463474851,4.999992,1.000132,4.999927,0.999969,-0.002255,-0.007541,-0.000043
1592806463551700,5.000004,1.000234,4.999761,0.999969,-0.002274,-0.007536,-0.000013
1592806463629429,5.000015,1.000475,4.999901,0.999969,-0.002296,-0.007548,0.000004
1592806463708663,4.999981,1.000123,4.999813,0.999969,-0.002263,-0.007564,-0.000018
1592806463792371,5.000004,1.000380,4.999897,0.999969,-0.002244,-0.007577,-0.000026
1592806463881350,5.000025,1.000082,4.999428,0.999969,-0.002235,-0.007563,-0.000029
1592806463969297,4.999993,1.000101,4.999908,0.999969,-0.002225,-0.007582,-0.000015
1592806464058859,5.000000,1.000405,4.999906,0.999969,-0.002248,-0.007551,-0.000045
1592806464147743,5.000004,1.000050,4.999447,0.999969,-0.002264,-0.007509,-0.000019
1592806464237913,4.999984,1.000116,4.999976,0.999969,-0.002240,-0.007540,0.000005
1592806464326216,4.999996,1.000367,4.999859,0.999969,-0.002252,-0.007544,-0.000011
1592806464411651,5.000039,1.000174,4.999797,0.999969,-0.002239,-0.007547,-0.000021
1592806464504462,5.000010,1.000097,4.999858,0.999969,-0.002233,-0.007518,-0.000038
1592806464589360,4.999983,1.000250,4.999843,0.999970,-0.002234,-0.007482,-0.000005
1592806464675153,5.000012,1.000166,4.999890,0.999969,-0.002248,-0.007497,0.000001
1592806464759742,5.000003,1.000398,4.999883,0.999970,-0.002259,-0.007464,-0.000004
1592806464842701,4.999991,1.000049,4.999556,0.999970,-0.002271,-0.007445,-0.000033
1592806464927621,4.999991,1.000394,4.999905,0.999970,-0.002254,-0.007478,-0.000016
1592806465011720,4.999966,1.000008,4.999520,0.999970,-0.002243,-0.007455,0.000017
1592806465096900,5.000044,1.000487,4.999970,0.999969,-0.002264,-0.007502,-0.000009
1592806465182224,4.999984,1.000200,4.999720,0.999969,-0.002264,-0.007536,-0.000018
1592806465268569,5.000018,0.999982,4.999758,0.999969,-0.002274,-0.007528,0.000002
1592806465353067,4.999957,1.000222,4.999495,0.999969,-0.002280,-0.007503,0.000031
1592806465438790,5.000007,1.000112,4.999859,0.999969,-0.002267,-0.007476,0.000012
1592806465523963,5.000003,1.000419,4.999937,0.999969,-0.002287,-0.007498,-0.000009
1592806465609450,5.000024,1.000129,4.999882,0.999969,-0.002300,-0.007476,-0.000002
1592806465694582,4.999992,1.000382,4.999908,0.999969,-0.002298,-0.007469,0.000005
1592806465778070,4.999992,1.000182,4.999876,0.999969,-0.002295,-0.007480,0.000014
1592806465860496,4.999966,1.000300,5.000015,0.999969,-0.002291,-0.007498,0.000003
1592806465950676,4.999984,1.000191,4.999700,0.999969,-0.002271,-0.007488,0.000018
1592806466039892,5.000016,1.000067,4.999795,0.999969,-0.002263,-0.007511,0.000019
1592806466123610,5.000014,1.000230,4.999884,0.999969,-0.002240,-0.007511,-0.000004
1592806466209637,4.999998,1.000110,4.999853,0.999969,-0.002250,-0.007546,-0.000035
1592806466297777,5.000010,1.000319,4.999444,0.999969,-0.002269,-0.007514,-0.000048
1592806466383366,5.000027,1.000268,4.999945,0.999969,-0.002262,-0.007537,-0.000017
1592806466469741,5.000000,1.000030,4.999858,0.999969,-0.002283,-0.007501,-0.000005
1592806466556281,5.000043,1.000260,4.999852,0.999969,-0.002295,-0.007530,-0.000000
1592806466641874,4.999999,1.000090,4.999802,0.999969,-0.002284,-0.007539,-0.000010
1592806466729203,4.999988,1.000360,4.999911,0.999969,-0.002284,-0.007525,-0.000021
1592806466814528,5.000013,1.000174,4.999909,0.999969,-0.002272,-0.007566,-0.000042
1592806466899362,4.999983,1.000364,4.999822,0.999969,-0.002282,-0.007516,-0.000053
1592806466984781,5.000010,1.000123,4.999866,0.999969,-0.002277,-0.007506,-0.000067
1592806467069721,5.000046,0.999942,4.999472,0.999969,-0.002281,-0.007499,-0.000037
1592806467153838,5.000032,1.000247,4.999947,0.999969,-0.002290,-0.007514,-0.000043
1592806467239703,5.000001,0.999989,4.999957,0.999969,-0.002290,-0.007548,-0.000026
1592806467324273,5.000019,1.000197,4.999791,0.999969,-0.002256,-0.007548,-0.000020
1592806467408799,5.000000,1.000051,4.999915,0.999969,-0.002242,-0.007576,-0.000013
1592806467508861,4.999996,1.000072,4.999912,0.999969,-0.002226,-0.007552,0.000029
1592806467603767,5.000021,1.000435,4.999929,0.999969,-0.002227,-0.007520,0.000030
1592806467691457,5.000039,1.000272,4.999788,0.999969,-0.002254,-0.007514,0.000023
1592806467782679,5.000011,1.000177,4.999916,0.999969,-0.002254,-0.007551,0.000010
1592806467872943,5.000002,0.999976,4.999544,0.999969,-0.002258,-0.007556,0.000046
1592806467958365,4.999996,1.000268,5.000005,0.999969,-0.002256,-0.007566,0.000020
1592806468044989,4.999988,1.000082,4.999882,0.999969,-0.002276,-0.007516,-0.000002
1592806468131029,5.000041,1.000365,4.999772,0.999969,-0.002269,-0.007504,-0.000016
1592806468221107,4.999992,1.000263,4.999810,0.999969,-0.002253,-0.007506,0.000019
1592806468314964,4.999959,1.000010,4.999383,0.999969,-0.002281,-0.007517,0.000029
1592806468414020,4.999965,1.000153,4.999882,0.999969,-0.002273,-0.007498,0.000029
1592806468500957,5.000030,1.000009,4.999748,0.999969,-0.002291,-0.007498,0.000005
1592806468585895,5.000024,1.000220,4.999998,0.999969,-0.002276,-0.007532,-0.000004
1592806468672211,5.000013,0.999986,4.999526,0.999970,-0.002277,-0.007452,0.000007
1592806468758504,5.000010,1.000200,4.999902,0.999969,-0.002285,-0.007484,-0.000014
1592806468850482,5.000012,1.000169,4.999972,0.999969,-0.002272,-0.007496,-0.000055
1592806468943147,5.000010,1.000014,4.999807,0.999969,-0.002265,-0.007525,-0.000036
1592806469031700,5.000007,1.000338,4.999857,0.999969,-0.002275,-0.007495,-0.000007
1592806469118642,5.000000,1.000219,4.999872,0.999969,-0.002287,-0.007487,-0.000013
1592806469205187,4.999989,1.000051,4.999791,0.999969,-0.002301,-0.007496,-0.000028
1592806469291093,4.999983,1.000206,4.999896,0.999969,-0.002304,-0.007475,-0.000021
1592806469379037,5.000011,1.000143,4.999802,0.999969,-0.002297,-0.007472,-0.000025
1592806469466809,5.000030,1.000361,4.999918,0.999969,-0.002262,-0.007518,-0.000012
1592806469555617,5.000016,1.000221,4.999872,0.999969,-0.002292,-0.007521,0.000004
1592806469642411,5.000008,1.000092,4.999947,0.999969,-0.002281,-0.007514,-0.000000
1592806469730970,5.000036,1.000303,4.999911,0.999969,-0.002269,-0.007484,0.000035
1592806469816088,5.000005,1.000057,4.999489,0.999970,-0.002267,-0.007428,0.000002
1592806469904047,5.000006,1.000028,4.999903,0.999970,-0.002311,-0.007450,-0.000007
1592806469991210,5.000067,1.000166,4.999817,0.999969,-0.002288,-0.007484,-0.000017
1592806470077606,5.000010,1.000046,4.999846,0.999969,-0.002288,-0.007481,0.000003
1592806470162702,5.000020,1.000160,4.999859,0.999969,-0.002301,-0.007489,0.000018
1592806470250209,4.999998,1.000127,4.999930,0.999969,-0.002243,-0.007530,0.000034
1592806470342189,4.999995,1.000029,4.999814,0.999969,-0.002232,-0.007531,-0.000006
1592806470431211,5.000022,1.000262,4.999950,0.999969,-0.002259,-0.007525,-0.000015
1592806470520588,5.000002,1.000215,4.999828,0.999969,-0.002313,-0.007483,-0.000029
1592806470606463,4.999989,1.000012,4.999794,0.999970,-0.002343,-0.007440,-0.000002
1592806470695217,5.000017,1.000275,4.999775,0.999970,-0.002308,-0.007436,-0.000000
1592806470783277,4.999998,1.000160,4.999839,0.999970,-0.002311,-0.007430,0.000022
1592806470869006,5.000001,0.999969,4.999727,0.999970,-0.002326,-0.007430,0.000018
1592806470956337,4.999977,1.000095,4.999460,0.999970,-0.002302,-0.007428,0.000002
1592806471043818,5.000012,1.000095,4.999889,0.999969,-0.002301,-0.007482,-0.000048
1592806471147669,5.000029,1.000118,4.999846,0.999969,-0.002312,-0.007536,-0.000030
1592806471240364,4.999998,1.000025,4.999874,0.999969,-0.002297,-0.007530,-0.000027
1592806471324893,5.000037,1.000211,4.999823,0.999969,-0.002264,-0.007510,-0.000040
1592806471409245,5.000004,1.000046,4.999949,0.999969,-0.002295,-0.007513,-0.000046
1592806471493769,4.999979,1.000156,4.999878,0.999970,-0.002315,-0.007456,0.000010
1592806471578367,5.000006,1.000092,4.999927,0.999970,-0.002291,-0.007424,0.000014
1592806471660632,5.000045,1.000256,4.999841,0.999970,-0.002286,-0.007436,-0.000011
1592806471747438,4.999974,1.000042,4.999495,0.999970,-0.002302,-0.007405,0.000001
1592806471841700,5.000010,0.999924,4.999574,0.999970,-0.002339,-0.007422,0.000020
1592806471925038,5.000018,1.000045,4.999438,0.999970,-0.002343,-0.007435,0.000074
1592806472008252,4.999992,1.000046,4.999946,0.999969,-0.002319,-0.007480,0.000051
1592806472099713,5.000030,1.000268,4.999751,0.999969,-0.002337,-0.007459,0.000050
1592806472198903,5.000026,1.000281,4.999774,0.999970,-0.002321,-0.007452,0.000019
1592806472304910,4.999998,1.000354,4.999869,0.999970,-0.002342,-0.007452,0.000003
1592806472394553,5.000037,1.000256,4.999935,0.999970,-0.002328,-0.007424,-0.000002
1592806472491150,5.000007,1.000171,4.999865,0.999970,-0.002312,-0.007430,-0.000001
1592806472577763,5.000001,1.000046,4.999785,0.999970,-0.002348,-0.007444,0.000017
1592806472666703,5.000019,0.999986,4.999909,0.999970,-0.002370,-0.007420,0.000016
1592806472763096,4.999957,1.000198,4.999924,0.999970,-0.002363,-0.007441,0.000039
1592806472848837,5.000006,1.000081,4.999825,0.999970,-0.002334,-0.007450,-0.000019
1592806472934611,5.000010,0.999949,4.999881,0.999970,-0.002323,-0.007445,0.000021
1592806473021317,4.999970,1.000151,4.999920,0.999970,-0.002337,-0.007445,0.000027
1592806473106370,5.000037,1.000023,4.999745,0.999970,-0.002353,-0.007443,0.000043
1592806473190500,5.000017,1.000219,4.999917,0.999969,-0.002318,-0.007464,0.000046
1592806473276467,4.999999,1.000029,4.999812,0.999969,-0.002297,-0.007500,-0.000018
1592806473364290,5.000012,1.000154,4.999869,0.999970,-0.002329,-0.007416,0.000006
1592806473462394,5.000048,1.000275,4.999867,0.999970,-0.002276,-0.007465,-0.000028
1592806473546447,5.000013,1.000059,4.999904,0.999970,-0.002287,-0.007458,-0.000015
1592806473629881,4.999968,1.000089,4.999505,0.999970,-0.002272,-0.007463,-0.000010
1592806473712824,5.000013,1.000047,4.999923,0.999970,-0.002298,-0.007446,-0.000026
1592806473796144,5.000029,1.000273,4.999896,0.999970,-0.002276,-0.007456,-0.000028
1592806473881398,5.000031,1.000067,4.999811,0.999970,-0.002263,-0.007454,-0.000027
1592806473965528,5.000037,0.999965,4.999830,0.999970,-0.002299,-0.007418,-0.000065
1592806474050116,5.000000,1.000031,4.999400,0.999970,-0.002320,-0.007392,-0.000007
1592806474134770,4.999987,0.999986,4.999922,0.999970,-0.002298,-0.007449,-0.000025
1592806474220332,5.000019,1.000047,4.999855,0.999970,-0.002347,-0.007411,-0.000017
1592806474307907,5.000006,0.999981,4.999888,0.999970,-0.002371,-0.007416,-0.000006
1592806474405109,5.000022,0.999897,4.999468,0.999969,-0.002373,-0.007451,0.000023
1592806474501321,4.999992,0.999914,4.999582,0.999970,-0.002344,-0.007396,0.000002
1592806474586141,5.000002,1.000208,5.000021,0.999970,-0.002355,-0.007409,-0.000034
1592806474670246,5.000013,1.000008,4.999841,0.999970,-0.002343,-0.007402,-0.000003
1592806474754282,5.000006,1.000193,4.999739,0.999970,-0.002361,-0.007379,-0.000001
1592806474838110,5.000012,0.999892,4.999495,0.999970,-0.002352,-0.007356,-0.000003
1592806474924014,5.000012,1.000229,4.999945,0.999970,-0.002369,-0.007358,0.000024
1592806475021411,4.999981,1.000137,4.999795,0.999970,-0.002348,-0.007377,-0.000002
1592806475119789,5.000026,1.000059,4.999768,0.999970,-0.002324,-0.007430,-0.000019
1592806475219375,5.000017,1.000136,4.999858,0.999970,-0.002308,-0.007429,0.000013
1592806475318879,5.000033,1.000063,4.999872,0.999970,-0.002331,-0.007406,0.000019
1592806475421221,5.000010,1.000039,4.999503,0.999970,-0.002322,-0.007417,0.000019
1592806475506582,5.000003,1.000041,4.999894,0.999970,-0.002326,-0.007400,0.000022
1592806475593357,5.000006,1.000131,4.999833,0.999970,-0.002319,-0.007385,0.000030
1592806475679334,5.000034,1.000045,4.999793,0.999970,-0.002318,-0.007394,-0.000014
1592806475764738,5.000032,1.000230,4.999837,0.999970,-0.002336,-0.007403,0.000006
1592806475849622,5.000022,1.000087,4.999801,0.999970,-0.002336,-0.007373,0.000006
1592806475933348,4.999986,0.999947,4.999870,0.999970,-0.002365,-0.007357,0.000050
1592806476017432,5.000041,1.000081,4.999730,0.999970,-0.002380,-0.007322,0.000028
1592806476103301,4.999994,1.000010,4.999919,0.999970,-0.002403,-0.007358,-0.000009
1592806476190174,5.000037,0.999980,4.999361,0.999970,-0.002400,-0.007356,-0.000042
1592806476279261,4.999992,1.000094,4.999931,0.999970,-0.002397,-0.007376,-0.000072
1592806476367784,5.000018,0.999961,4.999820,0.999970,-0.002397,-0.007368,-0.000055
1592806476458555,5.000030,1.000156,4.999888,0.999970,-0.002405,-0.007353,-0.000028
1592806476545061,5.000038,1.000046,4.999809,0.999970,-0.002375,-0.007351,-0.000005
1592806476630988,5.000011,1.000188,4.999848,0.999970,-0.002382,-0.007357,-0.000033
1592806476716264,5.000030,1.000091,4.999885,0.999970,-0.002395,-0.007374,-0.000082
1592806476802186,5.000025,0.999974,4.999837,0.999970,-0.002388,-0.007367,-0.000059
1592806476887892,4.999995,1.000051,4.999883,0.999970,-0.002379,-0.007365,-0.000052
1592806476974035,5.000016,0.999970,4.999810,0.999970,-0.002418,-0.007345,-0.000063
1592806477061642,5.000025,1.000184,4.999783,0.999970,-0.002378,-0.007354,-0.000007
1592806477148977,4.999982,1.000009,4.999871,0.999970,-0.002342,-0.007339,-0.000020
1592806477238281,5.000048,0.999995,4.999825,0.999970,-0.002392,-0.007369,0.000007
1592806477328466,4.999958,1.000169,4.999886,0.999970,-0.002407,-0.007380,0.000004
1592806477417157,4.999990,1.000072,4.999822,0.999970,-0.002381,-0.007389,-0.000005
1592806477506862,5.000010,1.000038,4.999857,0.999970,-0.002355,-0.007363,0.000023
1592806477595806,5.000045,1.000176,4.999769,0.999970,-0.002364,-0.007368,0.000009
1592806477684272,5.000039,1.000082,4.999825,0.999970,-0.002373,-0.007335,0.000006
1592806477771746,5.000019,0.999935,4.999873,0.999970,-0.002378,-0.007356,-0.000028
1592806477858420,4.999996,1.000191,4.999841,0.999970,-0.002327,-0.007390,-0.000016
1592806477946682,4.999982,0.999997,4.999475,0.999970,-0.002342,-0.007396,0.000020
1592806478031320,4.999979,1.000153,5.000037,0.999970,-0.002323,-0.007393,0.000007
1592806478118552,5.000002,1.000148,4.999735,0.999970,-0.002352,-0.007395,-0.000031
1592806478206375,4.999996,1.000018,4.999928,0.999970,-0.002369,-0.007436,0.000008
1592806478296766,4.999975,1.000159,4.999877,0.999970,-0.002406,-0.007388,0.000037
1592806478391611,5.000037,1.000177,4.999805,0.999970,-0.002432,-0.007366,0.000030
1592806478490444,4.999994,1.000007,4.999422,0.999970,-0.002396,-0.007399,0.000005
1592806478579438,5.000013,1.000035,4.999915,0.999970,-0.002351,-0.007416,0.000018
1592806478667381,5.000009,1.000095,4.999465,0.999970,-0.002317,-0.007398,0.000020
1592806478755692,5.000005,1.000118,4.999897,0.999970,-0.002359,-0.007379,0.000020
1592806478842871,5.000016,1.000012,4.999847,0.999970,-0.002289,-0.007394,0.000003
1592806478930661,5.000021,0.999846,4.999471,0.999970,-0.002348,-0.007387,0.000016
1592806479016835,4.999980,1.000108,4.999838,0.999970,-0.002355,-0.007375,0.000037
1592806479106443,4.999997,0.999979,4.999878,0.999970,-0.002386,-0.007413,0.000034
1592806479209221,5.000048,0.999973,4.999799,0.999970,-0.002363,-0.007388,-0.000017
1592806479311706,5.000026,1.000004,4.999859,0.999970,-0.002360,-0.007361,-0.000016
1592806479412228,4.999984,1.000036,4.999868,0.999970,-0.002369,-0.007344,0.000043
1592806479497968,5.000024,1.000115,4.999719,0.999970,-0.002352,-0.007344,0.000032
1592806479586143,5.000004,1.000169,4.999941,0.999970,-0.002337,-0.007329,0.000025
1592806479674021,5.000020,0.999994,4.999837,0.999970,-0.002370,-0.007347,0.000038
1592806479764493,5.000005,1.000127,4.999690,0.999970,-0.002374,-0.007340,0.000075
1592806479853540,4.999964,0.999990,4.999788,0.999970,-0.002411,-0.007321,0.000049
1592806479940036,4.999969,0.999900,4.999465,0.999970,-0.002414,-0.007308,0.000066
1592806480027472,5.000034,1.000117,4.999976,0.999970,-0.002373,-0.007364,0.000014
1592806480116118,5.000029,0.999937,4.999443,0.999970,-0.002360,-0.007322,-0.000007
1592806480202784,5.000004,0.999909,4.999815,0.999970,-0.002346,-0.007344,-0.000056
1592806480291739,5.000042,1.000102,4.999836,0.999970,-0.002368,-0.007345,-0.000038
1592806480381535,5.000008,0.999998,4.999828,0.999970,-0.002361,-0.007337,-0.000020
1592806480474295,5.000023,0.999963,4.999751,0.999970,-0.002377,-0.007346,-0.000008
1592806480563156,5.000051,1.000203,4.999829,0.999971,-0.002351,-0.007301,0.000019
1592806480660148,5.000003,1.000145,4.999848,0.999971,-0.002347,-0.007294,-0.000012
1592806480751252,5.000021,1.000150,4.999872,0.999970,-0.002354,-0.007322,-0.000067
1592806480843284,5.000000,0.999917,4.999836,0.999971,-0.002361,-0.007285,-0.000048
1592806480935735,5.000008,0.999930,4.999825,0.999971,-0.002380,-0.007286,-0.000047
1592806481028059,5.000033,1.000043,4.999833,0.999971,-0.002383,-0.007299,-0.000074
1592806481118889,5.000008,1.000039,4.999431,0.999971,-0.002371,-0.007289,-0.000073
1592806481209267,5.000005,0.999977,4.999957,0.999970,-0.002394,-0.007316,-0.000021
1592806481302390,5.000009,0.999839,4.999492,0.999970,-0.002372,-0.007352,-0.000027
1592806481395918,5.000000,0.999963,4.999439,0.999970,-0.002399,-0.007360,-0.000036
1592806481490712,4.999997,1.000019,4.999585,0.999970,-0.002393,-0.007357,-0.000043
1592806481584982,4.999988,1.000054,4.999934,0.999970,-0.002360,-0.007349,-0.000018
1592806481677114,4.999994,0.999978,4.999809,0.999970,-0.002345,-0.007324,-0.000016
1592806481768551,5.000014,0.999931,4.999885,0.999970,-0.002367,-0.007357,0.000009
1592806481858706,5.000008,1.000151,4.999738,0.999970,-0.002399,-0.007384,0.000020
1592806481948816,5.000045,1.000034,4.999696,0.999970,-0.002398,-0.007373,0.000033
1592806482037175,5.000010,0.999905,4.999783,0.999970,-0.002434,-0.007333,0.000047
1592806482125799,5.000010,1.000057,4.999881,0.999970,-0.002393,-0.007366,0.000018
1592806482215384,4.999995,0.999963,4.999738,0.999970,-0.002386,-0.007342,0.000033
1592806482304768,4.999994,0.999858,4.999462,0.999970,-0.002358,-0.007312,0.000015
1592806482394802,5.000026,1.000148,4.999981,0.999970,-0.002362,-0.007350,-0.000015
1592806482485505,5.000008,1.000048,4.999778,0.999970,-0.002371,-0.007342,-0.000019
1592806482576250,5.000013,0.999956,4.999869,0.999970,-0.002387,-0.007348,-0.000011
1592806482663603,5.000010,1.000141,4.999759,0.999970,-0.002391,-0.007343,-0.000026
1592806482750444,5.000026,1.000073,4.999923,0.999970,-0.002387,-0.007374,-0.000007
1592806482838349,5.000018,0.999938,4.999819,0.999970,-0.002375,-0.007355,-0.000005
1592806482930084,5.000022,1.000084,4.999825,0.999970,-0.002395,-0.007331,-0.000012
1592806483028057,5.000030,1.000045,4.999812,0.999970,-0.002353,-0.007341,0.000009
1592806483128315,5.000025,1.000139,4.999798,0.999971,-0.002399,-0.007295,0.000024
1592806483229573,5.000002,1.000058,4.999635,0.999970,-0.002382,-0.007344,0.000032
1592806483330416,4.999987,1.000046,4.999444,0.999970,-0.002366,-0.007343,0.000084
1592806483431241,4.999988,1.000120,4.999804,0.999970,-0.002392,-0.007335,0.000055
1592806483531647,5.000017,0.999928,4.999854,0.999970,-0.002397,-0.007334,0.000046
1592806483632434,5.000019,0.999808,4.999403,0.999970,-0.002404,-0.007319,0.000002
1592806483730685,5.000042,1.000181,5.000041,0.999971,-0.002421,-0.007294,0.000011
1592806483829253,4.999990,1.000028,4.999791,0.999970,-0.002434,-0.007287,0.000035
1592806483928090,4.999987,1.000090,4.999894,0.999970,-0.002421,-0.007300,0.000006
1592806484023776,4.999970,0.999999,4.999347,0.999970,-0.002404,-0.007336,0.000026
1592806484110925,5.000015,0.999979,4.999914,0.999970,-0.002410,-0.007311,0.000035
1592806484198029,5.000004,1.000122,4.999775,0.999970,-0.002409,-0.007317,0.000014
1592806484287660,4.999989,1.000031,4.999862,0.999970,-0.002434,-0.007319,0.000008
1592806484374839,5.000012,0.999946,4.999836,0.999971,-0.002422,-0.007279,0.000021
1592806484461557,4.999970,1.000119,4.999801,0.999971,-0.002454,-0.007246,0.000036
1592806484548221,5.000006,0.999997,4.999843,0.999971,-0.002431,-0.007275,0.000020
1592806484635336,5.000003,0.999880,4.999749,0.999971,-0.002389,-0.007298,-0.000025
1592806484722520,5.000008,1.000074,4.999772,0.999971,-0.002370,-0.007296,-0.000044
1592806484809622,5.000025,0.999959,4.999918,0.999970,-0.002375,-0.007343,-0.000029
1592806484899558,4.999983,1.000030,4.999487,0.999971,-0.002383,-0.007289,-0.000027
1592806484988423,5.000004,1.000075,4.999852,0.999970,-0.002415,-0.007330,0.000004
1592806485092192,5.000032,1.000126,4.999763,0.999970,-0.002366,-0.007330,0.000013
1592806485195402,4.999985,1.000147,5.000095,0.999970,-0.002391,-0.007342,-0.000014
1592806485292836,4.999998,1.000033,4.999851,0.999970,-0.002395,-0.007338,-0.000032
1592806485380412,5.000006,0.999957,4.999900,0.999971,-0.002393,-0.007279,-0.000050
1592806485468146,5.000010,0.999820,4.999432,0.999971,-0.002408,-0.007240,-0.000039
1592806485554844,5.000065,0.999959,4.999872,0.999971,-0.002399,-0.007281,-0.000031
1592806485642059,5.000020,0.999951,4.999829,0.999971,-0.002412,-0.007276,-0.000007
1592806485728718,5.000020,1.000099,4.999910,0.999971,-0.002397,-0.007260,-0.000021
1592806485816619,5.000009,0.999979,4.999721,0.999971,-0.002383,-0.007299,-0.000004
1592806485903582,5.000032,1.000396,4.999780,0.999970,-0.002404,-0.007317,-0.000046
1592806485992540,5.000017,1.000054,4.999809,0.999970,-0.002395,-0.007376,-0.000055
1592806486080586,5.000008,1.000014,4.999905,0.999970,-0.002413,-0.007358,-0.000025
1592806486173720,5.000019,0.999933,4.999880,0.999970,-0.002462,-0.007315,-0.000015
1592806486274704,5.000017,0.999892,4.999831,0.999970,-0.002440,-0.007301,0.000025
1592806486375675,4.999995,0.999906,4.999893,0.999970,-0.002449,-0.007283,0.000017
1592806486475608,5.000005,0.999984,4.999930,0.999970,-0.002384,-0.007312,-0.000011
1592806486573928,5.000001,0.999952,4.999815,0.999971,-0.002392,-0.007276,0.000010
1592806486661159,4.999983,1.000081,4.999751,0.999971,-0.002404,-0.007240,0.000021
1592806486749059,5.000026,1.000025,4.999733,0.999971,-0.002424,-0.007263,0.000038
1592806486837665,5.000020,0.999938,4.999863,0.999970,-0.002413,-0.007310,0.000030
1592806486923223,4.999999,1.000054,4.999828,0.999971,-0.002438,-0.007286,-0.000006
1592806487008676,5.000021,0.999934,4.999796,0.999970,-0.002423,-0.007303,0.000011
1592806487095433,5.000020,1.000154,4.999818,0.999970,-0.002430,-0.007305,0.000005
1592806487183779,5.000026,1.000102,4.999890,0.999970,-0.002412,-0.007304,0.000035
1592806487273614,5.000006,0.999997,4.999853,0.999971,-0.002421,-0.007285,0.000036
1592806487369816,4.999969,0.999874,4.999481,0.999971,-0.002439,-0.007245,0.000037
1592806487468970,5.000009,0.999917,4.999879,0.999971,-0.002417,-0.007277,0.000001
1592806487557037,5.000000,1.000109,4.999953,0.999971,-0.002428,-0.007278,0.000037
1592806487645266,5.000036,0.999961,4.999772,0.999970,-0.002428,-0.007313,0.000001
1592806487733460,4.999993,0.999830,4.999529,0.999970,-0.002398,-0.007306,-0.000043
1592806487821314,5.000009,0.999973,4.999927,0.999971,-0.002386,-0.007277,-0.000045
1592806487908163,4.999996,1.000009,4.999826,0.999971,-0.002398,-0.007202,-0.000034
1592806487995305,5.000009,1.000071,4.999753,0.999971,-0.002426,-0.007221,-0.000044
1592806488082926,4.999995,1.000049,4.999882,0.999971,-0.002453,-0.007239,0.000002
1592806488170613,5.000016,0.999859,4.999775,0.999971,-0.002463,-0.007255,0.000006
1592806488260054,5.000023,1.000094,4.999789,0.999971,-0.002479,-0.007264,0.000006
1592806488350233,5.000024,0.999898,4.999502,0.999970,-0.002435,-0.007332,0.000014
1592806488440560,4.999969,0.999946,4.999929,0.999970,-0.002458,-0.007295,-0.000026
1592806488528415,5.000038,1.000085,4.999846,0.999970,-0.002463,-0.007301,-0.000052
1592806488615872,5.000000,1.000037,4.999866,0.999970,-0.002437,-0.007291,-0.000038
1592806488703495,5.000030,0.999944,4.999884,0.999970,-0.002413,-0.007316,-0.000024
1592806488791572,4.999968,1.000058,4.999923,0.999970,-0.002383,-0.007308,0.000014
1592806488878608,5.000049,0.999905,4.999794,0.999970,-0.002407,-0.007300,-0.000006
1592806488968181,4.999987,0.999958,4.999830,0.999971,-0.002397,-0.007285,0.000020
1592806489056735,5.000004,1.000023,4.999818,0.999971,-0.002377,-0.007232,0.000009
1592806489146161,5.000032,0.999944,4.999774,0.999971,-0.002385,-0.007252,-0.000013
1592806489234515,4.999991,0.999929,4.999849,0.999971,-0.002403,-0.007293,-0.000025
1592806489323364,5.000020,1.000016,4.999827,0.999970,-0.002390,-0.007306,-0.000023
1592806489415353,5.000023,0.999954,4.999857,0.999970,-0.002399,-0.007315,-0.000001
1592806489505523,4.999999,1.000117,4.999935,0.999971,-0.002379,-0.007283,0.000029
1592806489593439,5.000027,1.000028,4.999689,0.999971,-0.002381,-0.007274,0.000013
1592806489680493,5.000012,0.999900,4.999848,0.999970,-0.002417,-0.007292,0.000061
1592806489767423,5.000010,0.999802,4.999450,0.999971,-0.002443,-0.007233,0.000075
1592806489855005,4.999988,1.000043,4.999880,0.999971,-0.002452,-0.007265,0.000062
1592806489941727,5.000009,0.999967,4.999857,0.999971,-0.002467,-0.007260,0.000028
1592806490028158,4.999983,1.000025,4.999917,0.999971,-0.002427,-0.007259,-0.000012
1592806490115297,5.000009,0.999902,4.999791,0.999971,-0.002425,-0.007239,0.000029
1592806490204128,5.000020,0.999893,4.999817,0.999971,-0.002412,-0.007189,0.000017
1592806490293408,5.000011,1.000078,4.999819,0.999971,-0.002395,-0.007204,-0.000000
1592806490409689,5.000004,0.999827,4.999481,0.999971,-0.002421,-0.007198,0.000033
1592806490509012,4.999997,0.999994,4.999918,0.999971,-0.002409,-0.007247,0.000019
1592806490601469,5.000014,0.999908,4.999804,0.999971,-0.002435,-0.007254,0.000005
1592806490692413,5.000021,0.999973,4.999804,0.999971,-0.002404,-0.007257,0.000021
1592806490788667,5.000062,0.999989,4.999887,0.999970,-0.002411,-0.007322,-0.000029
1592806490882379,4.999991,0.999977,4.999832,0.999971,-0.002408,-0.007277,-0.000027
1592806490978282,5.000024,0.999962,4.999745,0.999971,-0.002406,-0.007277,-0.000042
1592806491074341,5.000039,0.999937,4.999787,0.999970,-0.002386,-0.007322,-0.000022
1592806491169564,5.000005,0.999935,4.999887,0.999970,-0.002392,-0.007327,0.000019
1592806491261674,5.000008,1.000020,4.999862,0.999971,-0.002408,-0.007279,0.000021
1592806491352877,5.000008,0.999985,4.999868,0.999970,-0.002403,-0.007295,-0.000000
1592806491445989,5.000024,0.999968,4.999774,0.999970,-0.002434,-0.007287,0.000002
1592806491541759,5.000014,0.999942,4.999874,0.999971,-0.002426,-0.007255,0.000054
