1592805916007602,9.999993,3.000620,10.000059,0.999974,-0.002040,-0.006919,0.000031
1592805916071606,10.000015,3.000643,9.999931,0.999974,-0.002034,-0.006872,0.000039
1592805916112405,10.000011,3.000806,10.000050,0.999974,-0.002048,-0.006970,0.000046
1592805916157656,9.999978,3.000314,10.000073,0.999974,-0.002058,-0.006952,-0.000005
1592805916202089,9.999990,3.000593,10.000152,0.999974,-0.002041,-0.006952,-0.000012
1592805916242248,10.000032,3.000659,9.999935,0.999974,-0.002037,-0.006892,0.000010
1592805916283828,9.999972,3.000811,10.000068,0.999973,-0.002047,-0.007021,0.000029
1592805916325486,10.000011,3.000267,9.999962,0.999974,-0.002044,-0.006953,0.000024
1592805916370274,10.000012,3.000492,10.000132,0.999973,-0.002067,-0.007005,0.000024
1592805916413411,10.000012,3.000737,9.999952,0.999974,-0.002093,-0.006931,0.000038
1592805916454160,10.000009,3.000237,9.999990,0.999974,-0.002094,-0.006951,0.000043
1592805916495468,9.999985,3.000381,10.000037,0.999973,-0.002122,-0.007002,0.000047
1592805916535827,9.999970,3.000568,10.000144,0.999973,-0.002132,-0.007026,0.000047
1592805916580653,9.999958,3.000869,10.000048,0.999973,-0.002131,-0.006997,0.000044
1592805916622499,10.000002,3.000278,9.999964,0.999973,-0.002118,-0.006994,0.000067
1592805916670077,9.999992,3.000430,10.000129,0.999973,-0.002118,-0.007086,0.000075
1592805916714547,9.999995,3.000694,9.999911,0.999973,-0.002115,-0.007049,0.000080
1592805916753641,9.999987,3.000234,10.000059,0.999973,-0.002154,-0.007071,0.000061
1592805916791211,9.999980,3.000382,10.000092,0.999973,-0.002163,-0.007059,0.000071
1592805916829258,9.999959,3.000355,10.000093,0.999973,-0.002145,-0.007028,0.000051
1592805916871244,9.999955,3.000575,10.000065,0.999973,-0.002131,-0.007031,0.000023
1592805916908196,9.999977,3.000545,10.000081,0.999973,-0.002140,-0.007010,0.000029
1592805916944552,9.999954,3.000602,10.000041,0.999973,-0.002134,-0.007045,0.000041
1592805916979640,9.999956,3.000576,10.000157,0.999973,-0.002100,-0.007069,0.000073
1592805917014951,9.999972,3.000699,10.000054,0.999973,-0.002126,-0.007053,0.000064
1592805917050096,9.999953,3.000780,10.000056,0.999973,-0.002136,-0.007037,0.000081
1592805917088293,9.999959,3.000255,10.000080,0.999973,-0.002157,-0.007046,0.000047
1592805917123838,9.999980,3.000264,10.000115,0.999973,-0.002135,-0.007033,0.000061
1592805917159397,9.999988,3.000319,10.000102,0.999973,-0.002163,-0.007008,0.000058
1592805917195548,10.000008,3.000394,10.000096,0.999973,-0.002158,-0.006986,0.000040
1592805917230800,9.999971,3.000495,10.000109,0.999973,-0.002151,-0.006996,0.000024
1592805917265693,9.999959,3.000429,10.000088,0.999973,-0.002144,-0.006993,0.000024
1592805917301138,9.999967,3.000494,10.000110,0.999973,-0.002149,-0.006975,0.000037
1592805917336051,9.999969,3.000458,10.000094,0.999973,-0.002116,-0.006983,0.000013
1592805917371823,9.999955,3.000579,10.000082,0.999973,-0.002111,-0.006995,0.000013
1592805917407425,9.999989,3.000551,10.000001,0.999973,-0.002100,-0.006989,-0.000021
1592805917443090,10.000032,3.000506,9.999921,0.999974,-0.002108,-0.006943,0.000004
1592805917479884,9.999990,3.000854,9.999993,0.999973,-0.002110,-0.006996,0.000034
1592805917515536,9.999949,3.000795,10.000169,0.999973,-0.002151,-0.007001,0.000029
1592805917549916,9.999991,3.000209,10.000053,0.999973,-0.002136,-0.006994,0.000032
1592805917585230,9.999993,3.000206,10.000041,0.999973,-0.002147,-0.006972,0.000016
1592805917620389,9.999982,3.000296,10.000085,0.999973,-0.002152,-0.007001,-0.000017
1592805917654820,9.999964,3.000372,10.000174,0.999973,-0.002176,-0.007004,-0.000007
1592805917689411,9.999985,3.000350,10.000058,0.999973,-0.002173,-0.006961,0.000002
1592805917723516,10.000018,3.000221,9.999978,0.999974,-0.002151,-0.006930,-0.000004
1592805917758059,9.999986,3.000275,10.000134,0.999973,-0.002188,-0.006959,0.000010
1592805917792606,9.999968,3.000329,10.000161,0.999973,-0.002208,-0.006955,0.000056
1592805917826416,9.999968,3.000309,10.000101,0.999973,-0.002199,-0.006967,0.000061
1592805917861354,10.000004,3.000293,9.999923,0.999974,-0.002209,-0.006925,0.000080
1592805917895888,9.999968,3.000376,10.000097,0.999973,-0.002188,-0.006963,0.000067
1592805917930117,9.999945,3.000450,10.000099,0.999974,-0.002149,-0.006961,0.000060
1592805917964070,9.999967,3.000357,10.000081,0.999974,-0.002142,-0.006945,0.000040
1592805917998044,9.999971,3.000355,10.000093,0.999974,-0.002166,-0.006949,0.000021
1592805918034682,9.999966,3.000430,10.000112,0.999974,-0.002165,-0.006915,-0.000007
1592805918072642,9.999989,3.000484,9.999942,0.999974,-0.002171,-0.006906,-0.000021
1592805918108172,10.000010,3.000481,10.000096,0.999973,-0.002179,-0.006955,-0.000011
1592805918146846,9.999983,3.000703,10.000103,0.999973,-0.002175,-0.006960,0.000003
1592805918186711,9.999953,3.000286,10.000077,0.999973,-0.002197,-0.006948,0.000025
1592805918225353,9.999984,3.000299,10.000059,0.999974,-0.002169,-0.006941,-0.000000
1592805918263985,9.999977,3.000252,10.000073,0.999974,-0.002199,-0.006932,-0.000023
1592805918302271,10.000021,3.000422,9.999938,0.999974,-0.002170,-0.006929,0.000002
1592805918342117,10.000002,3.000520,10.000111,0.999973,-0.002169,-0.006992,0.000022
1592805918383331,9.999969,3.000725,9.999969,0.999973,-0.002176,-0.006978,0.000041
1592805918427625,9.999994,3.000294,9.999976,0.999974,-0.002164,-0.006933,0.000063
1592805918471191,9.999976,3.000492,10.000130,0.999973,-0.002167,-0.006968,0.000057
1592805918516095,9.999917,3.000624,10.000103,0.999974,-0.002160,-0.006941,0.000035
1592805918558782,9.999974,3.000349,10.000101,0.999974,-0.002170,-0.006935,0.000048
1592805918598437,9.999981,3.000352,10.000103,0.999974,-0.002201,-0.006926,0.000058
1592805918638604,9.999978,3.000473,10.000113,0.999974,-0.002205,-0.006894,0.000062
1592805918680378,9.999950,3.000642,10.000059,0.999974,-0.002179,-0.006922,0.000034
1592805918718500,9.999963,3.000650,10.000047,0.999974,-0.002189,-0.006903,0.000013
1592805918757189,10.000002,3.000193,10.000056,0.999974,-0.002190,-0.006901,0.000023
1592805918794968,9.999990,3.000275,10.000085,0.999974,-0.002202,-0.006911,0.000000
1592805918831751,9.999974,3.000339,10.000120,0.999974,-0.002190,-0.006935,-0.000015
1592805918868724,10.000002,3.000489,10.000051,0.999974,-0.002176,-0.006897,-0.000005
1592805918905850,9.999972,3.000461,10.000040,0.999974,-0.002176,-0.006946,-0.000022
1592805918946566,9.999967,3.000577,10.000052,0.999974,-0.002204,-0.006909,-0.000011
1592805918986486,9.999989,3.000237,10.000087,0.999974,-0.002176,-0.006939,-0.000020
1592805919023535,10.000013,3.000310,10.000044,0.999974,-0.002180,-0.006939,0.000007
1592805919059962,9.999991,3.000330,10.000008,0.999974,-0.002201,-0.006931,-0.000005
1592805919095836,9.999989,3.000345,10.000071,0.999973,-0.002206,-0.006944,0.000006
1592805919135619,9.999973,3.000408,10.000073,0.999973,-0.002192,-0.006973,-0.000017
1592805919181506,9.999986,3.000574,10.000090,0.999973,-0.002178,-0.006994,-0.000012
1592805919225437,9.999986,3.000277,10.000089,0.999973,-0.002183,-0.006959,0.000021
1592805919266576,9.999964,3.000340,10.000105,0.999973,-0.002178,-0.006989,0.000011
1592805919304327,9.999954,3.000475,10.000082,0.999973,-0.002152,-0.006982,0.000014
1592805919340946,9.999958,3.000511,10.000090,0.999973,-0.002160,-0.006987,0.000004
1592805919377449,9.999992,3.000451,10.000130,0.999974,-0.002137,-0.006962,0.000007
1592805919414720,9.999999,3.000691,10.000041,0.999974,-0.002166,-0.006938,0.000018
1592805919451907,9.999983,3.000632,10.000010,0.999974,-0.002197,-0.006925,0.000015
1592805919487036,9.999972,3.000202,10.000115,0.999974,-0.002185,-0.006925,0.000042
1592805919525738,9.999965,3.000330,10.000082,0.999974,-0.002166,-0.006945,0.000057
1592805919563469,9.999973,3.000392,10.000099,0.999974,-0.002163,-0.006947,0.000040
1592805919599269,9.999961,3.000361,10.000081,0.999974,-0.002181,-0.006935,0.000062
1592805919634797,9.999962,3.000434,10.000080,0.999974,-0.002173,-0.006928,0.000075
1592805919670782,9.999990,3.000410,10.000049,0.999974,-0.002178,-0.006915,0.000070
1592805919708605,9.999986,3.000598,10.000043,0.999974,-0.002180,-0.006918,0.000055
1592805919747581,9.999987,3.000630,9.999985,0.999974,-0.002178,-0.006910,0.000028
1592805919789208,9.999969,3.000264,10.000071,0.999974,-0.002152,-0.006919,0.000014
1592805919828660,9.999986,3.000327,10.000050,0.999974,-0.002120,-0.006947,-0.000006
1592805919866829,9.999973,3.000386,10.000055,0.999974,-0.002123,-0.006955,-0.000020
1592805919904248,9.999979,3.000429,10.000038,0.999974,-0.002130,-0.006935,-0.000010
1592805919950739,9.999977,3.000623,10.000048,0.999974,-0.002153,-0.006946,0.000006
1592805919989119,9.999992,3.000268,10.000082,0.999974,-0.002163,-0.006946,0.000012
1592805920025817,10.000001,3.000242,10.000051,0.999973,-0.002203,-0.006943,0.000019
1592805920062560,9.999972,3.000257,10.000050,0.999973,-0.002193,-0.006950,0.000011
1592805920101230,9.999966,3.000401,10.000028,0.999973,-0.002192,-0.006961,0.000032
1592805920139562,9.999971,3.000418,10.000077,0.999973,-0.002210,-0.006968,0.000045
1592805920185539,9.999973,3.000718,10.000197,0.999973,-0.002199,-0.006991,0.000039
1592805920229369,9.999996,3.000303,10.000029,0.999973,-0.002200,-0.006966,0.000057
1592805920275513,9.999986,3.000468,10.000075,0.999974,-0.002197,-0.006920,0.000068
1592805920316364,9.999977,3.000583,10.000107,0.999974,-0.002171,-0.006879,0.000070
1592805920355132,10.000001,3.000140,10.000062,0.999974,-0.002183,-0.006889,0.000062
1592805920394100,9.999978,3.000298,10.000031,0.999974,-0.002172,-0.006919,0.000047
1592805920429421,9.999981,3.000361,10.000100,0.999974,-0.002162,-0.006887,0.000071
1592805920465930,9.999982,3.000360,10.000055,0.999974,-0.002184,-0.006918,0.000047
1592805920502342,10.000007,3.000382,10.000064,0.999974,-0.002177,-0.006905,0.000053
1592805920539017,9.999984,3.000477,10.000049,0.999974,-0.002203,-0.006917,0.000041
1592805920574665,9.999985,3.000469,10.000107,0.999974,-0.002211,-0.006907,0.000048
1592805920612223,9.999993,3.000633,10.000044,0.999974,-0.002194,-0.006932,0.000029
1592805920650784,9.999956,3.000637,10.000096,0.999974,-0.002199,-0.006924,0.000052
1592805920691535,9.999976,3.000235,10.000075,0.999974,-0.002206,-0.006906,0.000044
1592805920730983,9.999978,3.000267,10.000040,0.999974,-0.002198,-0.006901,0.000056
1592805920770798,9.999973,3.000379,10.000028,0.999974,-0.002212,-0.006903,0.000076
1592805920810418,9.999991,3.000458,9.999931,0.999974,-0.002190,-0.006898,0.000066
1592805920848411,10.000001,3.000620,10.000069,0.999974,-0.002187,-0.006891,0.000051
1592805920885998,9.999990,3.000619,10.000123,0.999974,-0.002192,-0.006919,0.000054
1592805920928929,10.000021,3.000252,9.999954,0.999974,-0.002206,-0.006890,0.000060
1592805920969761,9.999992,3.000341,10.000064,0.999974,-0.002200,-0.006931,0.000061
1592805921013835,9.999930,3.000539,10.000125,0.999974,-0.002194,-0.006935,0.000065
1592805921058750,10.000012,3.000248,10.000113,0.999974,-0.002191,-0.006938,0.000058
1592805921098751,9.999970,3.000332,10.000126,0.999973,-0.002200,-0.006960,0.000038
1592805921139463,9.999989,3.000443,9.999953,0.999974,-0.002158,-0.006923,0.000054
1592805921183924,9.999969,3.000623,10.000099,0.999974,-0.002154,-0.006920,0.000044
1592805921225668,10.000011,3.000216,9.999994,0.999974,-0.002150,-0.006924,0.000042
1592805921263681,9.999977,3.000346,10.000138,0.999974,-0.002146,-0.006944,0.000031
1592805921304607,9.999963,3.000379,10.000090,0.999974,-0.002126,-0.006937,0.000028
1592805921351586,9.999943,3.000632,10.000094,0.999974,-0.002160,-0.006929,0.000053
1592805921392094,9.999988,3.000289,10.000058,0.999973,-0.002171,-0.006960,0.000055
1592805921430165,9.999987,3.000243,10.000022,0.999973,-0.002183,-0.006970,0.000057
1592805921470355,9.999999,3.000394,10.000105,0.999973,-0.002199,-0.006955,0.000056
1592805921512473,10.000003,3.000543,10.000017,0.999973,-0.002195,-0.006953,0.000048
1592805921548213,9.999969,3.000555,10.000065,0.999974,-0.002202,-0.006936,0.000040
1592805921584400,9.999985,3.000647,10.000062,0.999973,-0.002217,-0.006939,0.000046
1592805921624888,9.999992,3.000238,10.000071,0.999973,-0.002185,-0.006963,0.000048
1592805921661026,9.999978,3.000227,10.000079,0.999974,-0.002208,-0.006920,0.000042
1592805921696645,9.999969,3.000309,10.000097,0.999974,-0.002182,-0.006911,0.000028
1592805921732310,9.999970,3.000340,10.000009,0.999974,-0.002181,-0.006908,0.000038
1592805921767352,9.999969,3.000387,10.000042,0.999974,-0.002212,-0.006897,0.000036
1592805921802110,10.000001,3.000394,10.000099,0.999974,-0.002237,-0.006922,0.000030
1592805921837259,9.999996,3.000404,10.000143,0.999974,-0.002229,-0.006930,0.000026
1592805921872006,10.000000,3.000419,10.000108,0.999974,-0.002235,-0.006912,0.000055
1592805921907742,9.999954,3.000452,10.000065,0.999973,-0.002233,-0.006947,0.000045
1592805921943232,9.999963,3.000473,10.000097,0.999974,-0.002226,-0.006935,0.000050
1592805921979301,9.999958,3.000520,10.000151,0.999973,-0.002233,-0.006965,0.000087
1592805922014654,9.999969,3.000601,10.000000,0.999973,-0.002219,-0.006974,0.000068
1592805922054195,9.999982,3.000177,10.000064,0.999973,-0.002211,-0.006961,0.000048
1592805922092960,10.000022,3.000201,9.999943,0.999973,-0.002215,-0.006942,0.000055
1592805922129800,9.999992,3.000265,10.000062,0.999973,-0.002194,-0.006943,0.000028
1592805922166248,9.999966,3.000352,9.999999,0.999974,-0.002198,-0.006927,0.000049
1592805922202794,9.999943,3.000401,10.000083,0.999974,-0.002188,-0.006907,0.000007
1592805922238631,9.999934,3.000381,10.000161,0.999974,-0.002178,-0.006906,0.000034
1592805922281067,9.999976,3.000566,10.000045,0.999974,-0.002178,-0.006913,0.000023
1592805922318581,9.999991,3.000153,10.000089,0.999974,-0.002167,-0.006918,0.000022
1592805922354245,9.999994,3.000156,10.000074,0.999974,-0.002191,-0.006906,0.000032
1592805922389935,9.999987,3.000166,10.000060,0.999974,-0.002188,-0.006894,0.000025
1592805922425227,10.000031,3.000166,9.999876,0.999974,-0.002191,-0.006905,0.000000
1592805922458821,10.000040,3.000180,9.999970,0.999974,-0.002185,-0.006896,0.000000
1592805922494453,10.000024,3.000217,10.000032,0.999974,-0.002186,-0.006892,-0.000000
1592805922530751,9.999988,3.000248,10.000173,0.999974,-0.002178,-0.006912,-0.000031
1592805922566362,9.999967,3.000347,10.000152,0.999974,-0.002151,-0.006919,-0.000021
1592805922602287,9.999984,3.000333,10.000118,0.999974,-0.002163,-0.006923,-0.000031
1592805922637872,10.000001,3.000337,10.000067,0.999974,-0.002159,-0.006910,-0.000042
1592805922672985,10.000012,3.000366,9.999952,0.999974,-0.002140,-0.006917,-0.000035
1592805922709079,10.000014,3.000373,10.000090,0.999974,-0.002169,-0.006922,-0.000040
1592805922744953,9.999968,3.000469,10.000146,0.999974,-0.002144,-0.006916,-0.000023
1592805922780573,9.999953,3.000531,10.000132,0.999974,-0.002141,-0.006911,-0.000022
1592805922816515,9.999986,3.000538,9.999955,0.999974,-0.002156,-0.006881,-0.000017
1592805922851964,9.999991,3.000119,10.000119,0.999974,-0.002171,-0.006892,-0.000007
1592805922887391,10.000021,3.000156,9.999969,0.999974,-0.002172,-0.006896,-0.000002
1592805922923137,9.999994,3.000175,10.000092,0.999974,-0.002181,-0.006901,-0.000003
1592805922959064,9.999984,3.000161,10.000075,0.999974,-0.002187,-0.006893,-0.000007
1592805922993966,9.999980,3.000283,10.000134,0.999974,-0.002183,-0.006888,-0.000009
1592805923030890,9.999973,3.000317,10.000076,0.999974,-0.002222,-0.006876,-0.000012
1592805923068672,9.999969,3.000247,10.000078,0.999974,-0.002193,-0.006875,-0.000008
1592805923106864,9.999995,3.000327,10.000101,0.999974,-0.002153,-0.006862,0.000014
1592805923143808,10.000024,3.000415,9.999921,0.999974,-0.002152,-0.006862,0.000018
1592805923184909,10.000001,3.000536,10.000036,0.999974,-0.002171,-0.006875,0.000005
1592805923224522,9.999979,3.000185,10.000094,0.999974,-0.002191,-0.006882,0.000016
1592805923261016,9.999963,3.000261,10.000103,0.999974,-0.002211,-0.006868,-0.000009
1592805923297043,9.999968,3.000288,10.000057,0.999974,-0.002245,-0.006868,-0.000021
1592805923333317,9.999995,3.000257,10.000032,0.999974,-0.002237,-0.006873,0.000002
1592805923367907,9.999980,3.000341,10.000031,0.999974,-0.002230,-0.006886,-0.000012
1592805923403538,9.999977,3.000331,10.000108,0.999974,-0.002216,-0.006886,-0.000014
1592805923438561,10.000018,3.000336,9.999999,0.999974,-0.002210,-0.006850,-0.000001
1592805923474323,10.000010,3.000337,10.000062,0.999974,-0.002220,-0.006861,-0.000006
1592805923509926,10.000009,3.000381,10.000124,0.999974,-0.002233,-0.006862,0.000010
1592805923545124,9.999994,3.000537,10.000081,0.999974,-0.002244,-0.006834,-0.000023
1592805923581030,10.000000,3.000504,10.000095,0.999974,-0.002231,-0.006843,-0.000044
1592805923616092,9.999990,3.000547,10.000099,0.999974,-0.002226,-0.006826,-0.000027
1592805923651400,10.000045,3.000121,9.999941,0.999974,-0.002225,-0.006786,-0.000026
1592805923686513,10.000008,3.000177,10.000056,0.999974,-0.002222,-0.006805,-0.000018
1592805923722616,9.999972,3.000206,10.000118,0.999974,-0.002207,-0.006805,-0.000016
1592805923758186,9.999982,3.000190,10.000087,0.999975,-0.002194,-0.006777,-0.000004
1592805923792780,10.000054,3.000125,9.999953,0.999975,-0.002176,-0.006795,0.000004
1592805923827192,10.000007,3.000197,10.000032,0.999974,-0.002202,-0.006810,0.000005
1592805923860969,9.999975,3.000265,10.000113,0.999974,-0.002221,-0.006821,0.000009
1592805923895970,9.999950,3.000338,10.000108,0.999974,-0.002219,-0.006855,0.000012
1592805923929819,9.999967,3.000240,10.000072,0.999974,-0.002239,-0.006846,0.000004
1592805923964842,10.000098,3.000159,9.999753,0.999974,-0.002240,-0.006810,0.000022
1592805923999892,10.000007,3.000302,10.000091,0.999974,-0.002254,-0.006849,-0.000007
1592805924037049,9.999949,3.000362,10.000111,0.999974,-0.002254,-0.006848,0.000034
1592805924074764,9.999940,3.000396,10.000073,0.999974,-0.002259,-0.006841,0.000042
1592805924112296,10.000047,3.000420,9.999916,0.999974,-0.002256,-0.006815,0.000052
1592805924148320,10.000029,3.000530,10.000034,0.999974,-0.002230,-0.006819,0.000042
1592805924184955,10.000038,3.000090,9.999928,0.999974,-0.002241,-0.006817,0.000046
1592805924222107,10.000043,3.000036,9.999916,0.999974,-0.002237,-0.006811,0.000074
1592805924259394,9.999992,3.000228,10.000075,0.999974,-0.002234,-0.006792,0.000040
1592805924294817,10.000042,3.000177,9.999934,0.999975,-0.002208,-0.006792,0.000038
1592805924329769,10.000007,3.000243,10.000077,0.999974,-0.002226,-0.006795,0.000041
1592805924363793,9.999988,3.000262,10.000107,0.999974,-0.002190,-0.006802,0.000029
1592805924399427,9.999964,3.000362,10.000144,0.999974,-0.002214,-0.006806,0.000067
1592805924435868,9.999959,3.000336,10.000134,0.999975,-0.002197,-0.006769,0.000084
1592805924471830,9.999956,3.000340,10.000088,0.999975,-0.002189,-0.006782,0.000104
1592805924508030,9.999962,3.000396,10.000072,0.999975,-0.002179,-0.006794,0.000095
1592805924544634,9.999967,3.000448,9.999991,0.999974,-0.002215,-0.006801,0.000103
1592805924581237,10.000009,3.000419,9.999824,0.999974,-0.002210,-0.006797,0.000087
1592805924618827,9.999996,3.000521,10.000082,0.999974,-0.002215,-0.006828,0.000097
1592805924655901,10.000006,3.000134,9.999949,0.999974,-0.002225,-0.006833,0.000106
1592805924692191,9.999982,3.000188,10.000108,0.999974,-0.002238,-0.006849,0.000114
1592805924728259,9.999986,3.000205,10.000082,0.999974,-0.002260,-0.006818,0.000107
1592805924765496,9.999987,3.000277,10.000065,0.999974,-0.002255,-0.006841,0.000130
1592805924800924,9.999984,3.000243,10.000008,0.999974,-0.002235,-0.006837,0.000110
1592805924839243,9.999985,3.000393,10.000037,0.999974,-0.002247,-0.006812,0.000114
1592805924880466,9.999969,3.000518,10.000102,0.999974,-0.002218,-0.006832,0.000088
1592805924921137,10.000010,3.000158,10.000066,0.999974,-0.002234,-0.006829,0.000067
1592805924959399,9.999981,3.000218,10.000074,0.999974,-0.002229,-0.006830,0.000059
1592805924994538,9.999996,3.000265,10.000044,0.999974,-0.002218,-0.006835,0.000037
1592805925030840,10.000017,3.000176,9.999933,0.999974,-0.002227,-0.006808,0.000019
1592805925069630,10.000020,3.000232,9.999918,0.999974,-0.002234,-0.006807,0.000005
1592805925106813,10.000019,3.000310,9.999944,0.999974,-0.002223,-0.006816,-0.000033
1592805925153519,9.999971,3.000142,10.000104,0.999974,-0.002242,-0.006806,-0.000043
1592805925196843,9.999995,3.000184,10.000072,0.999974,-0.002218,-0.006804,-0.000035
1592805925236588,10.000020,3.000274,9.999928,0.999975,-0.002228,-0.006766,-0.000016
1592805925277878,10.000018,3.000372,10.000033,0.999974,-0.002255,-0.006784,0.000004
1592805925315332,10.000014,3.000370,9.999986,0.999975,-0.002251,-0.006772,0.000004
1592805925351893,10.000033,3.000072,9.999849,0.999975,-0.002240,-0.006761,0.000017
1592805925387887,9.999980,3.000189,10.000092,0.999974,-0.002252,-0.006791,0.000035
1592805925425010,9.999937,3.000298,10.000101,0.999974,-0.002270,-0.006804,0.000009
1592805925461000,9.999969,3.000311,10.000014,0.999974,-0.002268,-0.006833,-0.000020
1592805925496584,9.999984,3.000305,10.000070,0.999974,-0.002232,-0.006835,-0.000016
1592805925531022,9.999991,3.000292,10.000086,0.999974,-0.002240,-0.006830,-0.000035
1592805925565888,10.000058,3.000196,9.999917,0.999974,-0.002239,-0.006827,-0.000013
1592805925600746,10.000007,3.000294,10.000049,0.999974,-0.002288,-0.006807,-0.000002
1592805925636245,9.999987,3.000261,10.000197,0.999974,-0.002264,-0.006825,-0.000022
1592805925671278,9.999995,3.000365,10.000072,0.999974,-0.002251,-0.006822,0.000005
1592805925705755,9.999993,3.000429,10.000047,0.999974,-0.002260,-0.006801,-0.000008
1592805925740948,9.999988,3.000418,10.000046,0.999974,-0.002259,-0.006811,-0.000006
1592805925777202,10.000007,3.000448,10.000021,0.999974,-0.002233,-0.006821,-0.000014
1592805925814829,10.000005,3.000094,10.000018,0.999974,-0.002226,-0.006805,-0.000006
1592805925850390,10.000027,3.000010,9.999949,0.999974,-0.002219,-0.006822,-0.000024
1592805925886850,10.000026,3.000017,9.999954,0.999974,-0.002239,-0.006798,-0.000027
1592805925923391,10.000022,3.000172,10.000120,0.999974,-0.002247,-0.006810,-0.000019
1592805925958854,9.999972,3.000235,10.000114,0.999974,-0.002253,-0.006812,0.000022
1592805925992706,9.999978,3.000166,10.000053,0.999974,-0.002245,-0.006804,0.000022
1592805926027228,9.999987,3.000171,10.000019,0.999974,-0.002282,-0.006777,0.000051
1592805926064027,9.999969,3.000244,10.000007,0.999974,-0.002277,-0.006830,0.000035
1592805926102822,9.999982,3.000201,10.000101,0.999974,-0.002250,-0.006850,0.000035
1592805926140264,10.000012,3.000251,10.000015,0.999974,-0.002223,-0.006852,0.000012
1592805926178044,9.999998,3.000064,10.000071,0.999974,-0.002220,-0.006866,0.000014
1592805926215023,9.999988,2.999924,10.000283,0.999974,-0.002208,-0.006880,-0.000030
1592805926251015,9.999988,3.000006,10.000252,0.999974,-0.002186,-0.006887,-0.000038
1592805926292419,10.000013,3.000058,10.000254,0.999974,-0.002233,-0.006864,-0.000024
1592805926329314,9.999969,3.000268,10.000225,0.999974,-0.002217,-0.006878,-0.000021
1592805926363962,9.999969,3.000206,10.000258,0.999974,-0.002247,-0.006895,-0.000016
1592805926399252,9.999971,3.000175,10.000170,0.999974,-0.002218,-0.006916,-0.000012
1592805926434737,9.999969,3.000120,9.999903,0.999974,-0.002220,-0.006910,-0.000024
1592805926471809,10.000046,3.000192,10.000140,0.999974,-0.002218,-0.006905,0.000001
1592805926507072,10.000262,3.000637,10.000395,0.999974,-0.002225,-0.006898,-0.000013
1592805926543171,10.000051,3.000784,10.000071,0.999974,-0.002230,-0.006842,-0.000022
1592805926578868,9.999915,3.000264,10.000143,0.999974,-0.002257,-0.006830,-0.000033
1592805926616270,9.999940,3.000308,9.999775,0.999974,-0.002258,-0.006815,0.000008
1592805926652892,9.999990,3.000140,10.000094,0.999974,-0.002248,-0.006827,0.000002
1592805926688352,9.999972,3.000166,10.000085,0.999974,-0.002284,-0.006816,0.000006
1592805926724537,9.999969,3.000153,10.000116,0.999974,-0.002260,-0.006812,-0.000003
1592805926759359,9.999977,3.000209,10.000099,0.999974,-0.002253,-0.006820,0.000025
1592805926794259,9.999979,3.000237,10.000046,0.999974,-0.002235,-0.006811,0.000046
1592805926827659,9.999987,3.000253,10.000076,0.999974,-0.002222,-0.006798,0.000042
1592805926861131,9.999990,3.000250,10.000085,0.999974,-0.002206,-0.006801,0.000038
1592805926896282,10.000010,3.000186,10.000091,0.999974,-0.002204,-0.006809,0.000008
1592805926931430,10.000030,3.000198,9.999892,0.999975,-0.002213,-0.006785,0.000005
1592805926967114,10.000005,3.000197,10.000077,0.999975,-0.002209,-0.006786,0.000026
1592805927001200,9.999990,3.000236,10.000090,0.999975,-0.002205,-0.006779,0.000036
1592805927037971,9.999998,3.000367,10.000033,0.999975,-0.002207,-0.006766,0.000048
1592805927074825,10.000007,3.000386,10.000056,0.999975,-0.002205,-0.006763,0.000042
1592805927112572,9.999969,3.000497,10.000019,0.999975,-0.002223,-0.006755,0.000032
1592805927147947,9.999993,3.000101,10.000052,0.999975,-0.002198,-0.006780,0.000033
1592805927184513,9.999994,3.000123,10.000042,0.999975,-0.002202,-0.006770,0.000057
1592805927249628,9.999991,3.000079,10.000072,0.999975,-0.002221,-0.006783,0.000052
1592805927287445,9.999974,3.000152,10.000123,0.999975,-0.002208,-0.006787,0.000024
1592805927323370,10.000035,3.000116,9.999942,0.999975,-0.002208,-0.006770,0.000041
1592805927358682,10.000015,3.000168,10.000074,0.999975,-0.002211,-0.006779,0.000039
1592805927395100,10.000003,3.000175,10.000045,0.999975,-0.002234,-0.006776,0.000022
1592805927429763,9.999978,3.000197,10.000175,0.999975,-0.002240,-0.006780,0.000023
1592805927463694,9.999978,3.000218,10.000059,0.999974,-0.002212,-0.006817,0.000051
1592805927499239,10.000030,3.000188,9.999969,0.999975,-0.002206,-0.006770,0.000039
1592805927533371,9.999997,3.000232,10.000089,0.999975,-0.002217,-0.006771,0.000044
1592805927566330,9.999970,3.000271,10.000102,0.999975,-0.002212,-0.006782,0.000063
1592805927600600,9.999986,3.000213,10.000082,0.999974,-0.002227,-0.006789,0.000054
1592805927635196,10.000004,3.000195,9.999962,0.999975,-0.002215,-0.006784,0.000086
1592805927669518,10.000003,3.000213,10.000074,0.999975,-0.002226,-0.006737,0.000112
1592805927704682,10.000038,3.000195,9.999928,0.999975,-0.002220,-0.006762,0.000139
1592805927739514,10.000026,3.000375,10.000093,0.999975,-0.002215,-0.006762,0.000164
1592805927773682,9.999985,3.000344,10.000010,0.999975,-0.002217,-0.006747,0.000180
1592805927808210,10.000023,3.000260,9.999867,0.999975,-0.002195,-0.006760,0.000169
1592805927842203,10.000009,3.000309,10.000046,0.999975,-0.002230,-0.006751,0.000160
1592805927876960,9.999956,3.000436,10.000004,0.999975,-0.002259,-0.006743,0.000149
1592805927911642,9.999980,3.000418,10.000038,0.999975,-0.002246,-0.006722,0.000141
1592805927946065,9.999984,3.000333,10.000024,0.999975,-0.002245,-0.006742,0.000132
1592805927981259,10.000008,3.000350,10.000014,0.999975,-0.002250,-0.006714,0.000119
1592805928017526,10.000002,3.000083,10.000054,0.999975,-0.002230,-0.006774,0.000142
1592805928056700,9.999974,3.000145,10.000055,0.999975,-0.002228,-0.006763,0.000151
1592805928093962,9.999970,3.000162,10.000058,0.999975,-0.002224,-0.006750,0.000123
1592805928132284,9.999985,3.000276,10.000065,0.999975,-0.002233,-0.006753,0.000127
1592805928170173,9.999993,3.000254,10.000084,0.999975,-0.002236,-0.006727,0.000100
1592805928206914,9.999989,3.000321,10.000113,0.999975,-0.002261,-0.006737,0.000140
1592805928242473,9.999983,3.000309,10.000072,0.999975,-0.002280,-0.006754,0.000154
1592805928277848,9.999965,3.000367,10.000035,0.999975,-0.002244,-0.006735,0.000145
1592805928314696,9.999978,3.000461,10.000051,0.999975,-0.002241,-0.006765,0.000134
1592805928350936,10.000036,3.000332,9.999870,0.999975,-0.002225,-0.006750,0.000132
1592805928386280,9.999983,3.000158,10.000093,0.999975,-0.002217,-0.006766,0.000135
1592805928423288,9.999963,3.000145,10.000053,0.999975,-0.002235,-0.006752,0.000145
1592805928459202,9.999971,3.000160,10.000089,0.999975,-0.002233,-0.006740,0.000126
1592805928493675,9.999993,3.000190,10.000064,0.999975,-0.002219,-0.006760,0.000123
1592805928529246,9.999992,3.000173,10.000066,0.999975,-0.002230,-0.006773,0.000123
1592805928565991,9.999992,3.000178,10.000092,0.999975,-0.002237,-0.006750,0.000132
1592805928602679,9.999993,3.000222,10.000056,0.999975,-0.002251,-0.006727,0.000149
1592805928636297,9.999982,3.000285,10.000085,0.999975,-0.002235,-0.006729,0.000120
1592805928670629,10.000029,3.000207,9.999917,0.999975,-0.002231,-0.006697,0.000115
1592805928704457,10.000055,3.000211,9.999977,0.999975,-0.002234,-0.006691,0.000088
1592805928739367,10.000018,3.000297,9.999894,0.999975,-0.002263,-0.006714,0.000087
1592805928774087,9.999966,3.000259,10.000163,0.999975,-0.002266,-0.006718,0.000062
1592805928809429,9.999979,3.000327,10.000067,0.999975,-0.002257,-0.006726,0.000052
1592805928844796,9.999954,3.000389,10.000154,0.999975,-0.002261,-0.006706,0.000042
1592805928881521,9.999988,3.000052,10.000076,0.999975,-0.002247,-0.006762,0.000074
1592805928917459,9.999987,3.000082,10.000060,0.999975,-0.002273,-0.006745,0.000079
1592805928952648,9.999991,3.000092,10.000029,0.999975,-0.002270,-0.006727,0.000079
1592805928987160,9.999999,3.000108,10.000052,0.999975,-0.002262,-0.006764,0.000068
1592805929025007,9.999995,3.000112,10.000047,0.999975,-0.002264,-0.006745,0.000038
1592805929065233,9.999995,3.000132,9.999975,0.999975,-0.002260,-0.006728,0.000019
1592805929103575,10.000000,3.000210,10.000010,0.999975,-0.002274,-0.006732,0.000010
1592805929138483,10.000013,3.000268,10.000071,0.999975,-0.002263,-0.006748,-0.000008
1592805929175851,9.999978,3.000433,10.000124,0.999975,-0.002270,-0.006741,0.000022
1592805929211603,9.999967,3.000397,10.000074,0.999975,-0.002256,-0.006753,0.000041
1592805929247994,9.999996,3.000365,10.000111,0.999975,-0.002256,-0.006747,0.000042
1592805929282770,9.999988,3.000081,10.000068,0.999975,-0.002260,-0.006726,0.000074
1592805929317835,9.999970,3.000101,10.000125,0.999975,-0.002261,-0.006707,0.000091
1592805929353298,9.999960,3.000121,10.000125,0.999975,-0.002248,-0.006727,0.000089
1592805929389186,9.999984,3.000097,10.000044,0.999975,-0.002248,-0.006708,0.000103
1592805929424850,10.000052,3.000108,9.999943,0.999975,-0.002254,-0.006715,0.000073
1592805929461135,10.000045,3.000137,9.999929,0.999975,-0.002257,-0.006722,0.000067
1592805929496180,10.000023,3.000145,10.000011,0.999975,-0.002269,-0.006726,0.000035
1592805929531616,9.999969,3.000213,10.000074,0.999975,-0.002273,-0.006743,0.000052
1592805929566829,9.999962,3.000168,10.000114,0.999975,-0.002251,-0.006745,0.000050
1592805929601994,9.999994,3.000234,10.000063,0.999975,-0.002260,-0.006734,0.000084
1592805929636951,9.999997,3.000299,10.000000,0.999975,-0.002259,-0.006714,0.000056
1592805929672106,9.999987,3.000232,10.000055,0.999975,-0.002265,-0.006734,0.000035
1592805929711118,9.999992,3.000362,9.999959,0.999975,-0.002294,-0.006720,0.000034
1592805929746484,10.000010,3.000391,10.000054,0.999975,-0.002278,-0.006732,0.000052
1592805929781813,9.999982,3.000076,10.000019,0.999974,-0.002262,-0.006775,0.000047
1592805929817633,9.999977,3.000099,10.000058,0.999975,-0.002273,-0.006752,0.000058
1592805929853033,9.999991,3.000093,10.000029,0.999975,-0.002236,-0.006783,0.000079
1592805929888171,9.999991,3.000099,10.000079,0.999974,-0.002265,-0.006776,0.000081
1592805929923629,9.999985,3.000165,10.000032,0.999974,-0.002279,-0.006799,0.000063
1592805929958933,9.999995,3.000100,10.000082,0.999975,-0.002294,-0.006766,0.000053
1592805929994393,9.999988,3.000141,10.000081,0.999975,-0.002309,-0.006734,0.000064
1592805930033517,9.999981,3.000264,10.000057,0.999975,-0.002313,-0.006723,0.000069
1592805930072072,9.999988,3.000204,10.000057,0.999975,-0.002313,-0.006716,0.000035
1592805930110159,9.999959,3.000332,10.000123,0.999975,-0.002305,-0.006729,0.000052
1592805930147187,9.999962,3.000371,10.000100,0.999975,-0.002297,-0.006755,0.000054
1592805930184085,9.999997,3.000010,10.000011,0.999974,-0.002326,-0.006772,0.000100
1592805930220914,10.000014,3.000079,9.999894,0.999975,-0.002314,-0.006750,0.000133
1592805930259068,10.000000,3.000154,10.000074,0.999974,-0.002304,-0.006767,0.000108
1592805930295648,9.999981,3.000242,10.000175,0.999975,-0.002325,-0.006727,0.000116
1592805930335201,10.000012,3.000163,9.999877,0.999975,-0.002316,-0.006717,0.000096
1592805930369212,9.999995,3.000183,10.000094,0.999975,-0.002324,-0.006703,0.000079
1592805930404982,9.999954,3.000342,10.000053,0.999975,-0.002293,-0.006704,0.000067
1592805930440182,9.999952,3.000276,10.000048,0.999975,-0.002293,-0.006686,0.000054
1592805930474751,9.999969,3.000277,10.000019,0.999975,-0.002310,-0.006678,0.000029
1592805930513091,9.999950,3.000342,10.000124,0.999975,-0.002286,-0.006676,-0.000006
1592805930552087,10.000017,3.000079,9.999952,0.999975,-0.002280,-0.006662,-0.000004
1592805930586450,9.999990,3.000089,10.000058,0.999975,-0.002284,-0.006688,-0.000033
1592805930621940,9.999971,3.000122,10.000117,0.999975,-0.002299,-0.006727,-0.000045
1592805930657313,9.999972,3.000153,10.000107,0.999975,-0.002298,-0.006722,-0.000026
1592805930696172,10.000004,3.000229,10.000040,0.999975,-0.002293,-0.006715,-0.000039
1592805930731265,10.000021,3.000205,10.000047,0.999975,-0.002291,-0.006699,-0.000068
1592805930766209,10.000003,3.000208,10.000045,0.999975,-0.002304,-0.006664,-0.000066
1592805930800324,9.999998,3.000220,10.000069,0.999975,-0.002298,-0.006666,-0.000062
1592805930835397,9.999995,3.000273,10.000043,0.999975,-0.002310,-0.006638,-0.000049
1592805930870115,9.999992,3.000206,10.000051,0.999975,-0.002282,-0.006680,-0.000036
1592805930904678,9.999979,3.000237,10.000033,0.999975,-0.002275,-0.006700,-0.000019
1592805930937551,9.999995,3.000239,10.000065,0.999975,-0.002258,-0.006710,-0.000032
1592805930971272,9.999985,3.000284,10.000054,0.999975,-0.002273,-0.006714,-0.000030
1592805931005267,10.000002,3.000275,10.000123,0.999975,-0.002288,-0.006713,-0.000019
1592805931043326,10.000027,3.000236,10.000024,0.999975,-0.002296,-0.006709,-0.000008
1592805931081210,10.000035,3.000328,10.000080,0.999975,-0.002292,-0.006688,0.000008
1592805931118696,9.999988,3.000029,10.000060,0.999975,-0.002290,-0.006695,0.000019
1592805931155376,10.000011,3.000094,10.000017,0.999975,-0.002285,-0.006663,0.000037
1592805931193056,9.999985,3.000203,10.000031,0.999975,-0.002270,-0.006689,0.000043
1592805931228954,9.999991,3.000134,10.000038,0.999975,-0.002279,-0.006708,0.000049
1592805931264664,10.000038,3.000110,9.999944,0.999975,-0.002281,-0.006711,0.000051
1592805931299209,10.000002,3.000166,10.000065,0.999975,-0.002271,-0.006718,0.000051
1592805931333231,9.999980,3.000193,10.000072,0.999975,-0.002280,-0.006699,0.000073
1592805931367024,9.999990,3.000182,10.000041,0.999975,-0.002301,-0.006698,0.000072
1592805931401883,9.999989,3.000224,10.000031,0.999975,-0.002299,-0.006692,0.000078
1592805931437197,9.999985,3.000242,10.000023,0.999975,-0.002286,-0.006677,0.000091
1592805931473525,9.999974,3.000239,10.000101,0.999975,-0.002287,-0.006714,0.000088
1592805931508988,10.000004,3.000348,10.000034,0.999975,-0.002282,-0.006694,0.000123
1592805931544534,10.000020,3.000257,10.000017,0.999975,-0.002282,-0.006662,0.000090
1592805931579827,10.000067,3.000359,9.999947,0.999975,-0.002276,-0.006642,0.000103
1592805931615495,9.999980,3.000073,10.000088,0.999975,-0.002294,-0.006680,0.000118
1592805931651569,9.999983,3.000098,10.000122,0.999975,-0.002296,-0.006660,0.000128
1592805931687902,9.999989,3.000105,10.000072,0.999975,-0.002297,-0.006665,0.000119
1592805931724113,9.999994,3.000142,10.000065,0.999975,-0.002308,-0.006635,0.000109
1592805931759359,9.999995,3.000226,10.000032,0.999975,-0.002284,-0.006648,0.000122
1592805931794527,9.999964,3.000177,10.000074,0.999975,-0.002275,-0.006665,0.000109
1592805931829422,9.999982,3.000204,10.000093,0.999975,-0.002277,-0.006644,0.000102
1592805931866761,9.999978,3.000208,10.000051,0.999975,-0.002289,-0.006677,0.000072
1592805931903881,9.999963,3.000298,10.000009,0.999975,-0.002277,-0.006677,0.000082
1592805931942625,9.999974,3.000230,10.000106,0.999975,-0.002259,-0.006669,0.000085
1592805931984129,9.999990,3.000066,10.000043,0.999975,-0.002238,-0.006667,0.000081
1592805932023966,9.999990,3.000129,10.000076,0.999975,-0.002221,-0.006660,0.000072
1592805932060988,9.999995,3.000180,10.000076,0.999975,-0.002254,-0.006641,0.000059
1592805932097394,9.999979,3.000139,10.000029,0.999975,-0.002248,-0.006646,0.000047
1592805932133469,9.999997,3.000184,10.000020,0.999976,-0.002253,-0.006631,0.000058
1592805932169547,10.000000,3.000301,10.000081,0.999975,-0.002226,-0.006695,0.000047
1592805932204883,10.000037,3.000235,9.999946,0.999975,-0.002258,-0.006673,0.000044
1592805932239332,10.000003,2.999979,10.000325,0.999975,-0.002282,-0.006686,0.000047
1592805932274871,9.999796,2.999913,10.000266,0.999975,-0.002287,-0.006675,0.000058
1592805932310941,9.999813,3.000053,9.999777,0.999975,-0.002299,-0.006673,0.000083
1592805932346885,9.999988,3.000095,10.000003,0.999975,-0.002313,-0.006704,0.000082
1592805932383298,10.000036,3.000027,10.000375,0.999975,-0.002309,-0.006734,0.000048
1592805932419018,9.999982,3.000205,10.000192,0.999975,-0.002301,-0.006723,0.000036
1592805932454788,9.999975,3.000073,9.999750,0.999975,-0.002313,-0.006703,0.000043
1592805932491430,10.000012,2.999969,9.999696,0.999975,-0.002307,-0.006718,0.000050
1592805932527309,10.000038,3.000046,10.000028,0.999975,-0.002310,-0.006731,0.000044
1592805932563543,10.000010,3.000159,10.000290,0.999975,-0.002331,-0.006744,0.000037
1592805932598831,10.000003,3.000167,10.000183,0.999975,-0.002338,-0.006727,0.000024
1592805932633964,9.999982,3.000099,9.999821,0.999975,-0.002350,-0.006715,0.000058
1592805932669118,9.999999,3.000154,10.000093,0.999975,-0.002316,-0.006740,0.000040
1592805932704172,9.999992,3.000205,10.000138,0.999975,-0.002326,-0.006748,0.000055
1592805932737511,9.999999,3.000162,10.000211,0.999974,-0.002310,-0.006760,0.000059
1592805932772350,10.000001,3.000219,10.000148,0.999974,-0.002328,-0.006761,0.000048
1592805932806805,9.999989,3.000168,10.000176,0.999974,-0.002314,-0.006760,0.000056
1592805932841628,9.999994,3.000238,10.000185,0.999975,-0.002297,-0.006755,0.000027
1592805932876208,9.999984,3.000294,10.000188,0.999974,-0.002275,-0.006796,0.000053
1592805932910598,9.999997,3.000281,10.000109,0.999974,-0.002308,-0.006770,0.000047
1592805932944197,9.999990,3.000278,10.000134,0.999975,-0.002290,-0.006763,0.000053
1592805932977921,9.999991,3.000283,10.000168,0.999974,-0.002272,-0.006791,0.000042
1592805933011966,9.999999,3.000319,10.000118,0.999974,-0.002276,-0.006772,0.000038
1592805933049826,9.999991,2.999985,9.999808,0.999975,-0.002287,-0.006758,0.000026
1592805933091371,10.000025,2.999980,9.999759,0.999974,-0.002297,-0.006769,0.000041
1592805933127937,10.000040,3.000142,10.000131,0.999974,-0.002278,-0.006785,0.000049
1592805933164874,10.000018,3.000177,10.000174,0.999974,-0.002281,-0.006786,0.000039
1592805933201379,10.000000,3.000143,9.999800,0.999974,-0.002296,-0.006766,0.000024
1592805933236601,9.999998,3.000073,9.999811,0.999974,-0.002306,-0.006760,0.000025
1592805933271589,10.000038,3.000361,9.999806,0.999975,-0.002311,-0.006750,0.000015
1592805933306937,10.000029,3.000530,10.000128,0.999974,-0.002280,-0.006773,0.000029
1592805933342704,10.000007,3.000546,10.000463,0.999975,-0.002282,-0.006760,0.000044
1592805933377604,9.999980,3.000570,10.000663,0.999974,-0.002272,-0.006799,0.000024
1592805933412522,9.999982,3.000432,10.000007,0.999975,-0.002237,-0.006783,0.000031
1592805933446793,10.000040,3.000431,9.999920,0.999975,-0.002222,-0.006780,0.000014
1592805933480972,10.000013,3.000386,10.000085,0.999975,-0.002195,-0.006784,0.000021
1592805933517890,9.999980,3.000366,10.000557,0.999975,-0.002190,-0.006785,0.000006
1592805933553347,9.999990,3.000303,10.000345,0.999975,-0.002206,-0.006757,0.000015
1592805933587594,9.999993,3.000301,10.000279,0.999975,-0.002215,-0.006750,0.000024
1592805933622805,9.999974,3.000313,10.000360,0.999975,-0.002230,-0.006736,0.000014
1592805933657545,9.999993,2.999936,9.999429,0.999975,-0.002276,-0.006746,0.000056
1592805933694078,10.000023,2.999933,9.999764,0.999975,-0.002285,-0.006739,0.000049
1592805933736461,10.000034,3.000187,10.000297,0.999974,-0.002314,-0.006777,0.000054
1592805933777490,10.000003,3.000329,10.000317,0.999974,-0.002306,-0.006765,0.000020
1592805933815486,9.999977,3.000386,10.000281,0.999974,-0.002323,-0.006774,0.000020
1592805933853759,10.000003,3.000060,10.000134,0.999975,-0.002340,-0.006741,0.000049
1592805933893232,9.999987,2.999948,9.999742,0.999975,-0.002335,-0.006742,0.000054
1592805933936387,9.999998,3.000127,10.000008,0.999974,-0.002336,-0.006748,0.000058
1592805933977061,10.000023,3.000341,10.000274,0.999974,-0.002332,-0.006767,0.000041
1592805934011803,10.000019,3.000301,10.000223,0.999974,-0.002336,-0.006769,0.000038
1592805934052559,9.999997,3.000039,10.000152,0.999974,-0.002327,-0.006766,0.000049
1592805934096359,10.000004,3.000194,10.000078,0.999974,-0.002311,-0.006785,0.000062
1592805934133650,10.000014,3.000183,10.000140,0.999975,-0.002319,-0.006753,0.000050
1592805934170329,9.999999,3.000134,10.000120,0.999975,-0.002313,-0.006751,0.000029
1592805934287196,9.999989,3.000082,10.000126,0.999975,-0.002284,-0.006733,0.000052
1592805934323849,9.999969,3.000077,10.000091,0.999975,-0.002280,-0.006745,0.000039
1592805934359944,10.000014,3.000062,9.999859,0.999975,-0.002266,-0.006749,0.000037
1592805934396658,10.000043,3.000164,10.000156,0.999975,-0.002280,-0.006755,0.000047
1592805934431420,10.000001,3.000136,10.000290,0.999975,-0.002274,-0.006751,0.000066
1592805934467399,9.999987,3.000203,10.000174,0.999975,-0.002296,-0.006726,0.000051
1592805934502867,9.999975,3.000225,10.000126,0.999975,-0.002301,-0.006729,0.000071
1592805934537982,10.000006,3.000232,10.000136,0.999975,-0.002299,-0.006735,0.000054
1592805934572948,10.000002,3.000216,10.000179,0.999975,-0.002301,-0.006706,0.000060
1592805934607485,9.999991,3.000105,10.000041,0.999975,-0.002307,-0.006711,0.000068
1592805934643308,9.999997,3.000197,10.000083,0.999975,-0.002293,-0.006714,0.000043
1592805934679140,9.999990,3.000305,10.000129,0.999975,-0.002300,-0.006709,0.000049
1592805934714246,10.000030,3.000345,10.000134,0.999975,-0.002322,-0.006692,0.000056
1592805934749099,9.999993,3.000010,10.000123,0.999975,-0.002331,-0.006707,0.000067
1592805934784140,9.999988,3.000068,10.000131,0.999975,-0.002318,-0.006731,0.000074
1592805934819892,9.999971,3.000056,10.000195,0.999975,-0.002301,-0.006737,0.000099
1592805934854881,9.999976,3.000100,10.000127,0.999975,-0.002309,-0.006712,0.000072
1592805934890134,9.999994,3.000083,10.000150,0.999975,-0.002319,-0.006694,0.000091
1592805934925528,9.999976,3.000107,10.000072,0.999975,-0.002316,-0.006730,0.000087
1592805934959075,9.999986,3.000104,10.000085,0.999975,-0.002346,-0.006709,0.000051
1592805934994055,10.000010,3.000094,10.000177,0.999975,-0.002346,-0.006697,0.000059
1592805935031533,9.999993,3.000192,10.000106,0.999975,-0.002347,-0.006683,0.000070
1592805935068974,9.999988,3.000159,10.000127,0.999975,-0.002378,-0.006657,0.000082
1592805935105802,9.999994,3.000217,10.000199,0.999975,-0.002370,-0.006676,0.000049
1592805935143204,10.000001,3.000257,10.000109,0.999975,-0.002349,-0.006684,0.000063
1592805935180163,10.000018,3.000286,10.000121,0.999975,-0.002348,-0.006676,0.000070
1592805935216519,9.999996,3.000031,10.000104,0.999975,-0.002339,-0.006690,0.000067
1592805935253430,9.999995,3.000067,10.000092,0.999975,-0.002353,-0.006704,0.000065
1592805935292534,10.000014,3.000110,10.000108,0.999975,-0.002320,-0.006688,0.000079
1592805935330633,9.999983,3.000170,10.000232,0.999975,-0.002328,-0.006705,0.000067
1592805935366522,10.000001,3.000165,10.000120,0.999975,-0.002353,-0.006685,0.000078
1592805935402349,9.999972,3.000137,10.000030,0.999975,-0.002349,-0.006669,0.000069
1592805935438260,9.999984,3.000198,10.000134,0.999975,-0.002350,-0.006674,0.000068
1592805935475832,9.999997,3.000258,10.000096,0.999975,-0.002348,-0.006677,0.000098
1592805935512609,9.999961,3.000113,9.999716,0.999975,-0.002356,-0.006665,0.000114
1592805935548105,9.999980,3.000005,10.000212,0.999975,-0.002345,-0.006683,0.000098
1592805935583283,9.999990,3.000025,10.000131,0.999975,-0.002347,-0.006692,0.000089
1592805935619081,9.999977,3.000045,10.000153,0.999975,-0.002349,-0.006681,0.000056
1592805935654363,10.000012,3.000079,10.000117,0.999975,-0.002356,-0.006667,0.000092
1592805935690130,9.999995,3.000046,10.000106,0.999975,-0.002348,-0.006669,0.000082
1592805935729225,9.999981,3.000052,10.000052,0.999975,-0.002352,-0.006674,0.000100
1592805935767016,9.999983,3.000172,10.000054,0.999975,-0.002352,-0.006676,0.000051
1592805935807333,9.999983,3.000075,9.999735,0.999975,-0.002348,-0.006675,0.000039
1592805935843928,10.000023,3.000153,10.000071,0.999975,-0.002349,-0.006729,0.000006
1592805935880571,9.999969,3.000034,10.000227,0.999975,-0.002337,-0.006720,0.000026
1592805935917315,9.999975,3.000058,10.000176,0.999975,-0.002347,-0.006736,0.000035
1592805935954140,10.000003,3.000053,10.000123,0.999975,-0.002328,-0.006720,0.000054
1592805935992010,9.999997,3.000072,10.000089,0.999975,-0.002358,-0.006731,0.000086
1592805936030939,9.999969,3.000125,10.000167,0.999975,-0.002315,-0.006716,0.000062
1592805936069207,9.999988,3.000175,10.000101,0.999975,-0.002324,-0.006705,0.000074
1592805936107145,10.000017,3.000251,10.000152,0.999975,-0.002340,-0.006678,0.000085
1592805936145955,9.999981,3.000387,10.000143,0.999975,-0.002336,-0.006688,0.000073
1592805936184774,10.000010,3.000024,10.000047,0.999975,-0.002325,-0.006685,0.000074
1592805936223591,10.000009,3.000128,10.000051,0.999975,-0.002347,-0.006664,0.000040
1592805936262483,9.999978,3.000112,10.000172,0.999975,-0.002331,-0.006685,0.000023
1592805936302066,9.999981,3.000165,10.000116,0.999975,-0.002333,-0.006712,0.000017
1592805936341764,10.000027,3.000316,10.000175,0.999975,-0.002312,-0.006700,0.000054
1592805936381830,10.000009,3.000013,10.000160,0.999975,-0.002330,-0.006732,0.000021
1592805936421617,10.000007,3.000046,10.000176,0.999975,-0.002331,-0.006740,0.000022
1592805936461490,9.999998,3.000078,10.000148,0.999975,-0.002340,-0.006740,0.000022
1592805936500987,9.999979,3.000239,10.000126,0.999975,-0.002349,-0.006745,0.000002
1592805936540606,10.000008,3.000256,10.000152,0.999975,-0.002347,-0.006743,-0.000005
1592805936581598,9.999994,2.999999,10.000184,0.999975,-0.002329,-0.006711,0.000005
1592805936619823,9.999996,3.000024,10.000122,0.999975,-0.002334,-0.006748,-0.000017
1592805936658851,9.999991,3.000104,10.000164,0.999975,-0.002338,-0.006716,0.000010
1592805936702765,9.999969,3.000165,10.000183,0.999975,-0.002325,-0.006734,0.000003
1592805936740718,10.000005,3.000186,10.000071,0.999975,-0.002314,-0.006726,-0.000010
1592805936779904,10.000031,2.999993,10.000088,0.999975,-0.002308,-0.006731,0.000026
1592805936818681,10.000009,3.000037,10.000166,0.999975,-0.002323,-0.006730,0.000051
1592805936857055,9.999980,3.000046,10.000180,0.999974,-0.002355,-0.006750,0.000048
1592805936895614,9.999956,3.000060,9.999784,0.999975,-0.002344,-0.006734,0.000026
1592805936934049,10.000024,3.000162,10.000070,0.999975,-0.002341,-0.006736,0.000054
1592805936972535,10.000006,3.000173,10.000218,0.999974,-0.002346,-0.006751,0.000035
1592805937010460,9.999950,3.000208,9.999832,0.999974,-0.002327,-0.006755,0.000071
1592805937049319,9.999974,3.000235,10.000078,0.999974,-0.002337,-0.006761,0.000075
1592805937089838,9.999984,3.000010,9.999784,0.999975,-0.002328,-0.006721,0.000054
1592805937128725,10.000003,3.000085,10.000159,0.999974,-0.002339,-0.006766,0.000095
1592805937167264,10.000006,3.000168,10.000218,0.999974,-0.002324,-0.006771,0.000083
1592805937206754,9.999983,3.000178,10.000223,0.999974,-0.002337,-0.006767,0.000078
1592805937246167,9.999989,3.000214,10.000156,0.999975,-0.002336,-0.006733,0.000101
1592805937285954,9.999998,3.000035,10.000142,0.999975,-0.002328,-0.006732,0.000034
1592805937325208,10.000011,3.000069,10.000098,0.999975,-0.002339,-0.006726,0.000048
1592805937365250,10.000031,3.000144,10.000134,0.999975,-0.002331,-0.006725,0.000063
1592805937404805,10.000004,3.000158,10.000214,0.999975,-0.002311,-0.006707,0.000063
1592805937444461,9.999956,3.000322,10.000198,0.999975,-0.002324,-0.006731,0.000057
1592805937483481,9.999996,3.000362,10.000170,0.999975,-0.002339,-0.006715,0.000084
1592805937522805,9.999988,2.999990,10.000095,0.999975,-0.002310,-0.006727,0.000066
1592805937565162,9.999977,3.000205,10.000175,0.999975,-0.002310,-0.006755,0.000060
1592805937612105,9.999985,3.000319,10.000083,0.999975,-0.002324,-0.006731,0.000045
1592805937653473,9.999999,2.999934,9.999785,0.999974,-0.002350,-0.006780,0.000062
1592805937699896,10.000011,3.000142,10.000214,0.999974,-0.002336,-0.006795,0.000078
1592805937741002,9.999990,3.000181,10.000288,0.999974,-0.002327,-0.006804,0.000087
1592805937779390,10.000007,3.000002,10.000088,0.999974,-0.002318,-0.006759,0.000104
1592805937817654,9.999990,3.000061,10.000177,0.999974,-0.002316,-0.006782,0.000102
1592805937856268,10.000006,3.000074,10.000179,0.999974,-0.002341,-0.006750,0.000097
1592805937899828,10.000005,3.000201,10.000135,0.999974,-0.002350,-0.006752,0.000110
1592805937938631,9.999976,3.000065,9.999777,0.999974,-0.002382,-0.006741,0.000081
1592805937975884,10.000037,3.000166,10.000164,0.999974,-0.002384,-0.006749,0.000075
1592805938014544,9.999981,3.000006,10.000173,0.999974,-0.002374,-0.006754,0.000055
1592805938052914,9.999976,2.999954,9.999891,0.999974,-0.002367,-0.006745,0.000067
1592805938091891,10.000015,2.999969,10.000085,0.999974,-0.002345,-0.006762,0.000052
1592805938130141,10.000014,3.000090,10.000248,0.999974,-0.002366,-0.006764,0.000056
1592805938168820,9.999985,2.999981,9.999732,0.999974,-0.002361,-0.006767,0.000094
1592805938208380,10.000025,3.000160,10.000094,0.999974,-0.002358,-0.006784,0.000068
1592805938248374,9.999968,3.000230,10.000188,0.999974,-0.002334,-0.006769,0.000096
1592805938287935,9.999994,3.000006,10.000140,0.999974,-0.002334,-0.006753,0.000091
1592805938328080,10.000010,3.000084,10.000198,0.999975,-0.002330,-0.006742,0.000058
1592805938367463,10.000010,3.000133,10.000162,0.999975,-0.002338,-0.006745,0.000077
1592805938407011,9.999991,3.000192,10.000157,0.999975,-0.002337,-0.006735,0.000115
1592805938446680,9.999977,3.000238,10.000103,0.999975,-0.002339,-0.006709,0.000099
1592805938488886,9.999981,2.999995,10.000131,0.999975,-0.002334,-0.006750,0.000102
1592805938533458,10.000000,3.000125,10.000232,0.999975,-0.002330,-0.006724,0.000100
1592805938571533,10.000006,3.000161,10.000183,0.999975,-0.002326,-0.006716,0.000105
1592805938610185,10.000016,3.000274,10.000105,0.999975,-0.002331,-0.006680,0.000117
1592805938648905,9.999985,2.999967,9.999814,0.999975,-0.002325,-0.006687,0.000130
1592805938687228,10.000025,2.999991,10.000074,0.999975,-0.002343,-0.006698,0.000114
1592805938725935,10.000030,3.000074,10.000186,0.999975,-0.002350,-0.006686,0.000088
1592805938764517,10.000024,3.000077,10.000188,0.999975,-0.002345,-0.006662,0.000096
1592805938802822,9.999986,3.000173,10.000200,0.999975,-0.002355,-0.006688,0.000098
1592805938840424,9.999981,3.000042,9.999685,0.999975,-0.002351,-0.006690,0.000067
1592805938879177,10.000041,3.000279,10.000100,0.999975,-0.002335,-0.006692,0.000057
1592805938917703,9.999986,2.999959,10.000112,0.999975,-0.002355,-0.006684,0.000057
1592805938955964,10.000007,3.000044,10.000200,0.999975,-0.002325,-0.006699,0.000067
1592805938994463,9.999990,3.000026,9.999852,0.999975,-0.002339,-0.006686,0.000072
1592805939033068,10.000007,3.000102,10.000139,0.999975,-0.002326,-0.006708,0.000048
1592805939071044,10.000008,3.000155,10.000150,0.999975,-0.002319,-0.006708,0.000061
1592805939109075,10.000001,3.000304,10.000188,0.999975,-0.002298,-0.006745,0.000033
1592805939148932,10.000006,3.000001,10.000160,0.999975,-0.002328,-0.006756,0.000029
1592805939188242,10.000012,3.000094,10.000120,0.999975,-0.002309,-0.006745,0.000027
1592805939227774,10.000003,3.000083,10.000227,0.999974,-0.002338,-0.006773,0.000015
1592805939267525,9.999989,3.000116,10.000194,0.999974,-0.002301,-0.006778,0.000034
1592805939306860,9.999982,3.000156,10.000213,0.999974,-0.002305,-0.006775,0.000039
1592805939346420,9.999990,3.000232,10.000215,0.999974,-0.002318,-0.006774,0.000043
1592805939385931,9.999987,3.000024,10.000135,0.999975,-0.002296,-0.006767,0.000056
1592805939424837,9.999993,3.000017,10.000084,0.999974,-0.002324,-0.006777,0.000052
1592805939464903,9.999997,3.000031,10.000080,0.999974,-0.002313,-0.006770,0.000066
1592805939504682,9.999979,3.000161,10.000181,0.999975,-0.002318,-0.006752,0.000058
1592805939544026,9.999961,3.000275,10.000157,0.999975,-0.002306,-0.006723,0.000028
1592805939584589,9.999994,3.000025,10.000134,0.999975,-0.002308,-0.006714,0.000020
1592805939624105,10.000007,3.000085,10.000183,0.999975,-0.002317,-0.006714,0.000057
1592805939662789,10.000017,3.000083,10.000111,0.999975,-0.002321,-0.006716,0.000068
1592805939702086,9.999998,3.000152,10.000054,0.999975,-0.002347,-0.006692,0.000067
1592805939741042,9.999978,3.000165,10.000175,0.999975,-0.002353,-0.006712,0.000055
1592805939779938,9.999996,3.000240,10.000178,0.999975,-0.002377,-0.006709,0.000044
1592805939817987,10.000010,3.000021,10.000161,0.999975,-0.002352,-0.006712,0.000046
1592805939856342,10.000021,3.000056,10.000177,0.999975,-0.002360,-0.006729,0.000053
1592805939894961,10.000000,2.999955,9.999788,0.999975,-0.002351,-0.006728,0.000069
1592805939933529,10.000029,3.000103,10.000034,0.999975,-0.002319,-0.006749,0.000061
1592805939972550,10.000017,3.000184,9.999848,0.999975,-0.002321,-0.006758,0.000051
1592805940010707,10.000028,3.000159,10.000284,0.999975,-0.002321,-0.006737,0.000044
1592805940049879,10.000023,2.999989,10.000120,0.999975,-0.002336,-0.006719,0.000042
1592805940088590,9.999999,3.000034,10.000247,0.999975,-0.002348,-0.006701,0.000026
1592805940127722,9.999968,3.000062,10.000128,0.999975,-0.002358,-0.006713,0.000032
1592805940166671,9.999993,3.000105,10.000124,0.999975,-0.002352,-0.006708,0.000010
1592805940206128,9.999990,3.000151,10.000143,0.999975,-0.002355,-0.006673,0.000024
1592805940245671,10.000003,3.000263,10.000117,0.999975,-0.002366,-0.006673,0.000013
1592805940285180,9.999998,3.000010,10.000189,0.999975,-0.002360,-0.006676,0.000000
1592805940324463,9.999979,3.000048,10.000113,0.999975,-0.002343,-0.006679,0.000000
1592805940364449,9.999992,3.000069,10.000126,0.999975,-0.002346,-0.006647,-0.000002
1592805940404009,9.999990,3.000134,10.000011,0.999975,-0.002339,-0.006657,-0.000030
1592805940443411,9.999994,3.000172,10.000234,0.999975,-0.002331,-0.006661,-0.000017
1592805940483461,9.999984,2.999981,9.999887,0.999975,-0.002336,-0.006673,0.000005
1592805940523038,10.000008,2.999960,9.999803,0.999975,-0.002335,-0.006664,0.000003
1592805940562564,10.000029,3.000138,10.000186,0.999975,-0.002354,-0.006691,-0.000005
1592805940602072,9.999990,3.000191,10.000305,0.999975,-0.002348,-0.006694,0.000017
1592805940641382,9.999992,3.000138,10.000170,0.999975,-0.002352,-0.006697,0.000013
1592805940684747,10.000025,3.000000,10.000077,0.999975,-0.002374,-0.006705,-0.000009
1592805940722972,10.000009,3.000013,10.000179,0.999975,-0.002370,-0.006681,-0.000029
1592805940761977,9.999991,3.000135,10.000204,0.999975,-0.002378,-0.006691,-0.000017
1592805940801067,9.999978,3.000033,10.000162,0.999975,-0.002364,-0.006694,0.000014
1592805940839166,9.999953,3.000116,10.000237,0.999975,-0.002367,-0.006687,0.000023
1592805940878073,9.999980,3.000226,10.000103,0.999975,-0.002369,-0.006685,0.000042
1592805940916287,10.000016,3.000221,10.000142,0.999975,-0.002354,-0.006667,0.000048
1592805940955069,10.000010,3.000000,10.000082,0.999975,-0.002381,-0.006645,0.000063
1592805940993370,9.999984,3.000059,10.000219,0.999975,-0.002332,-0.006672,0.000057
1592805941032632,9.999974,3.000075,9.999834,0.999975,-0.002346,-0.006680,0.000075
1592805941071018,10.000034,3.000126,10.000029,0.999975,-0.002310,-0.006669,0.000079
1592805941109802,10.000031,3.000039,9.999733,0.999975,-0.002345,-0.006675,0.000108
1592805941148601,10.000001,3.000002,10.000180,0.999975,-0.002374,-0.006671,0.000094
1592805941186822,10.000012,3.000040,10.000116,0.999975,-0.002365,-0.006677,0.000096
1592805941226057,9.999992,2.999993,9.999817,0.999975,-0.002350,-0.006659,0.000086
1592805941265467,10.000019,3.000002,10.000031,0.999975,-0.002349,-0.006679,0.000051
1592805941304581,10.000015,3.000194,10.000275,0.999975,-0.002331,-0.006694,0.000066
1592805941343618,10.000025,3.000272,10.000222,0.999975,-0.002324,-0.006686,0.000053
1592805941383924,9.999988,2.999990,10.000182,0.999975,-0.002328,-0.006676,0.000037
1592805941423665,10.000004,2.999995,9.999841,0.999975,-0.002340,-0.006701,0.000035
1592805941463343,10.000035,2.999906,9.999660,0.999975,-0.002349,-0.006699,0.000068
1592805941502273,10.000035,3.000069,10.000218,0.999975,-0.002347,-0.006709,0.000067
1592805941541975,9.999958,3.000065,10.000005,0.999975,-0.002393,-0.006707,0.000091
1592805941580647,9.999983,3.000247,10.000252,0.999975,-0.002398,-0.006700,0.000101
1592805941619020,9.999990,2.999975,10.000094,0.999975,-0.002383,-0.006698,0.000080
1592805941657239,10.000010,3.000038,10.000114,0.999975,-0.002387,-0.006690,0.000090
1592805941696683,9.999997,3.000177,10.000122,0.999975,-0.002403,-0.006696,0.000086
1592805941736239,9.999998,3.000159,10.000169,0.999975,-0.002410,-0.006710,0.000100
1592805941774623,10.000009,3.000210,10.000118,0.999975,-0.002406,-0.006697,0.000088
1592805941815117,9.999989,3.000177,10.000121,0.999975,-0.002394,-0.006694,0.000099
1592805941857629,10.000008,3.000037,10.000074,0.999975,-0.002367,-0.006718,0.000080
1592805941905725,9.999973,2.999964,9.999755,0.999975,-0.002369,-0.006697,0.000087
1592805941947445,9.999978,2.999950,9.999967,0.999975,-0.002364,-0.006703,0.000055
1592805941987250,10.000008,2.999861,9.999743,0.999975,-0.002345,-0.006711,0.000052
1592805942025625,10.000006,2.999935,9.999799,0.999975,-0.002362,-0.006686,0.000057
1592805942074816,9.999998,3.000253,10.000304,0.999975,-0.002353,-0.006716,0.000050
1592805942116828,9.999990,3.000011,10.000239,0.999975,-0.002374,-0.006725,0.000049
1592805942159277,9.999989,3.000032,10.000116,0.999975,-0.002380,-0.006711,0.000057
1592805942207604,9.999987,3.000163,10.000161,0.999975,-0.002377,-0.006709,0.000051
1592805942250095,9.999984,3.000181,10.000086,0.999975,-0.002382,-0.006682,0.000069
1592805942291520,9.999996,3.000062,10.000147,0.999975,-0.002377,-0.006667,0.000070
1592805942338294,9.999989,3.000156,10.000183,0.999975,-0.002359,-0.006676,0.000059
1592805942382902,10.000010,2.999971,10.000074,0.999975,-0.002358,-0.006684,0.000061
1592805942425970,10.000005,3.000075,10.000231,0.999975,-0.002365,-0.006677,0.000070
1592805942464106,9.999990,3.000104,10.000163,0.999975,-0.002367,-0.006682,0.000063
1592805942503444,9.999968,3.000067,10.000051,0.999975,-0.002351,-0.006681,0.000080
1592805942542398,9.999974,3.000149,10.000115,0.999975,-0.002363,-0.006679,0.000093
1592805942582399,10.000003,3.000007,10.000069,0.999975,-0.002376,-0.006657,0.000072
1592805942621842,10.000000,3.000047,10.000136,0.999975,-0.002364,-0.006662,0.000082
1592805942661401,9.999966,3.000061,10.000195,0.999975,-0.002351,-0.006628,0.000074
1592805942700425,9.999974,3.000051,9.999743,0.999975,-0.002352,-0.006645,0.000112
1592805942738884,10.000014,3.000055,10.000134,0.999975,-0.002351,-0.006657,0.000110
1592805942777394,9.999990,3.000141,10.000192,0.999975,-0.002354,-0.006659,0.000109
1592805942816234,10.000000,3.000006,10.000095,0.999975,-0.002367,-0.006666,0.000124
1592805942854852,9.999992,3.000033,10.000172,0.999975,-0.002402,-0.006683,0.000108
1592805942892976,9.999990,3.000101,10.000137,0.999975,-0.002363,-0.006675,0.000090
1592805942931356,9.999993,3.000112,10.000170,0.999975,-0.002361,-0.006711,0.000087
1592805942971917,10.000001,3.000202,10.000189,0.999975,-0.002348,-0.006686,0.000093
1592805943014145,10.000007,3.000145,10.000069,0.999975,-0.002369,-0.006653,0.000065
1592805943054156,9.999994,2.999985,10.000167,0.999975,-0.002358,-0.006664,0.000043
1592805943093304,9.999975,3.000055,10.000156,0.999975,-0.002364,-0.006687,0.000058
1592805943132350,9.999978,2.999940,9.999763,0.999975,-0.002338,-0.006705,0.000044
1592805943170816,10.000035,3.000078,10.000141,0.999975,-0.002364,-0.006676,0.000058
1592805943210140,10.000026,3.000211,10.000288,0.999975,-0.002370,-0.006692,0.000076
1592805943249783,10.000007,3.000179,10.000234,0.999975,-0.002368,-0.006687,0.000069
1592805943289912,9.999990,3.000033,10.000136,0.999975,-0.002387,-0.006680,0.000074
1592805943329530,9.999999,3.000037,10.000198,0.999975,-0.002388,-0.006671,0.000073
1592805943369714,9.999996,3.000077,10.000115,0.999975,-0.002392,-0.006656,0.000086
1592805943409062,9.999996,3.000181,10.000133,0.999975,-0.002413,-0.006670,0.000083
1592805943448625,10.000003,3.000205,10.000172,0.999975,-0.002397,-0.006685,0.000077
1592805943487841,9.999983,2.999955,10.000118,0.999975,-0.002387,-0.006679,0.000066
1592805943527588,9.999971,3.000077,10.000168,0.999975,-0.002371,-0.006686,0.000045
1592805943567112,9.999985,3.000143,10.000259,0.999975,-0.002363,-0.006694,0.000054
1592805943606506,9.999966,3.000095,10.000205,0.999975,-0.002352,-0.006711,0.000022
1592805943645980,10.000010,3.000249,10.000247,0.999975,-0.002375,-0.006695,0.000034
1592805943685948,9.999994,3.000006,10.000134,0.999975,-0.002368,-0.006683,0.000045
1592805943725194,9.999975,3.000035,10.000162,0.999975,-0.002353,-0.006692,0.000066
1592805943765161,9.999973,3.000060,10.000066,0.999975,-0.002336,-0.006707,0.000033
1592805943804532,10.000011,3.000115,10.000166,0.999975,-0.002323,-0.006719,0.000003
1592805943843237,10.000024,3.000104,10.000156,0.999975,-0.002335,-0.006706,0.000006
1592805943882250,10.000000,3.000093,9.999734,0.999975,-0.002355,-0.006690,0.000044
1592805943926277,9.999976,3.000127,10.000205,0.999975,-0.002348,-0.006706,0.000038
1592805943965896,9.999978,2.999996,9.999787,0.999975,-0.002386,-0.006674,0.000043
1592805944004575,10.000028,3.000057,10.000135,0.999975,-0.002373,-0.006723,0.000051
1592805944043428,9.999994,3.000129,10.000314,0.999975,-0.002372,-0.006738,0.000015
1592805944083923,9.999999,3.000132,9.999812,0.999974,-0.002328,-0.006756,0.000028
1592805944123294,9.999991,2.999976,9.999877,0.999975,-0.002369,-0.006718,0.000079
1592805944162789,10.000003,3.000060,10.000152,0.999975,-0.002356,-0.006719,0.000063
1592805944201750,10.000009,3.000159,10.000355,0.999974,-0.002338,-0.006751,0.000040
1592805944242535,10.000005,3.000097,10.000217,0.999975,-0.002312,-0.006754,0.000002
1592805944282252,10.000023,3.000258,10.000173,0.999975,-0.002312,-0.006750,0.000018
1592805944322372,9.999985,3.000051,10.000126,0.999974,-0.002324,-0.006771,0.000019
1592805944361704,10.000020,3.000052,10.000193,0.999974,-0.002334,-0.006801,0.000012
1592805944401071,10.000024,3.000067,10.000160,0.999974,-0.002317,-0.006784,0.000025
1592805944441155,9.999996,3.000145,10.000135,0.999974,-0.002315,-0.006757,0.000030
1592805944480267,9.999968,3.000278,10.000173,0.999975,-0.002321,-0.006749,0.000050
1592805944519468,9.999987,2.999945,9.999778,0.999975,-0.002334,-0.006742,0.000036
1592805944559048,10.000010,3.000005,10.000048,0.999974,-0.002348,-0.006752,0.000028
1592805944599332,10.000013,3.000062,10.000173,0.999975,-0.002341,-0.006738,0.000038
1592805944639420,10.000003,3.000139,10.000227,0.999975,-0.002330,-0.006735,0.000046
1592805944679008,9.999978,3.000255,10.000175,0.999975,-0.002337,-0.006735,0.000076
1592805944718848,9.999982,3.000037,10.000133,0.999975,-0.002305,-0.006751,0.000052
1592805944758317,10.000000,3.000013,10.000116,0.999975,-0.002312,-0.006737,0.000067
1592805944797586,9.999994,2.999925,9.999697,0.999975,-0.002318,-0.006754,0.000055
1592805944836247,10.000037,3.000121,10.000155,0.999974,-0.002312,-0.006798,0.000063
1592805944874470,9.999993,3.000127,9.999775,0.999974,-0.002319,-0.006773,0.000060
1592805944912428,10.000004,3.000117,10.000152,0.999974,-0.002311,-0.006777,0.000056
1592805944951057,9.999979,2.999896,9.999873,0.999974,-0.002313,-0.006765,0.000059
1592805944989945,10.000030,2.999992,10.000113,0.999975,-0.002312,-0.006742,0.000079
1592805945029187,9.999998,3.000101,10.000286,0.999974,-0.002338,-0.006759,0.000076
1592805945068206,9.999979,3.000113,10.000228,0.999974,-0.002325,-0.006763,0.000058
1592805945107217,9.999967,3.000188,10.000208,0.999974,-0.002314,-0.006774,0.000045
1592805945145332,10.000031,3.000229,10.000250,0.999975,-0.002301,-0.006754,0.000052
1592805945185406,10.000004,2.999916,9.999772,0.999975,-0.002326,-0.006743,0.000058
1592805945225027,10.000015,3.000026,10.000147,0.999975,-0.002303,-0.006755,0.000096
1592805945264453,9.999961,3.000018,9.999761,0.999975,-0.002305,-0.006747,0.000079
1592805945304385,10.000034,3.000158,10.000207,0.999975,-0.002305,-0.006751,0.000074
1592805945344160,10.000033,3.000226,10.000314,0.999975,-0.002317,-0.006716,0.000094
1592805945384797,10.000008,3.000031,10.000146,0.999975,-0.002315,-0.006752,0.000089
1592805945425828,10.000002,3.000001,10.000161,0.999974,-0.002350,-0.006748,0.000104
1592805945466147,10.000003,3.000052,10.000080,0.999975,-0.002331,-0.006736,0.000079
1592805945507040,9.999997,3.000014,9.999595,0.999975,-0.002340,-0.006716,0.000083
1592805945546654,10.000061,3.000170,10.000052,0.999975,-0.002337,-0.006718,0.000079
1592805945586361,9.999973,3.000029,10.000203,0.999975,-0.002334,-0.006700,0.000092
1592805945625727,9.999994,3.000034,10.000156,0.999975,-0.002331,-0.006685,0.000090
1592805945666225,10.000017,3.000098,10.000121,0.999975,-0.002330,-0.006708,0.000096
1592805945707077,10.000004,2.999969,9.999640,0.999975,-0.002343,-0.006676,0.000110
1592805945745945,10.000026,3.000127,9.999619,0.999975,-0.002334,-0.006660,0.000083
1592805945785764,9.999994,3.000026,10.000213,0.999975,-0.002372,-0.006658,0.000069
1592805945824170,9.999971,2.999969,9.999877,0.999975,-0.002345,-0.006662,0.000093
1592805945862795,10.000001,3.000004,10.000118,0.999975,-0.002366,-0.006647,0.000080
1592805945901430,9.999989,3.000114,10.000182,0.999975,-0.002342,-0.006623,0.000087
1592805945939417,9.999984,3.000159,10.000207,0.999975,-0.002355,-0.006641,0.000102
1592805945978166,9.999989,3.000211,10.000172,0.999975,-0.002347,-0.006621,0.000079
1592805946016980,9.999988,3.000015,10.000174,0.999975,-0.002346,-0.006664,0.000072
1592805946055397,9.999998,3.000038,10.000144,0.999975,-0.002359,-0.006671,0.000082
1592805946093983,10.000007,3.000015,10.000141,0.999975,-0.002358,-0.006666,0.000087
1592805946133513,10.000022,3.000006,10.000199,0.999975,-0.002358,-0.006664,0.000072
1592805946173582,10.000024,3.000186,10.000177,0.999975,-0.002324,-0.006685,0.000087
1592805946216046,10.000004,3.000123,10.000110,0.999975,-0.002354,-0.006663,0.000076
1592805946260718,9.999983,3.000021,9.999825,0.999975,-0.002387,-0.006673,0.000099
1592805946305613,9.999998,3.000087,10.000140,0.999975,-0.002391,-0.006692,0.000119
1592805946344820,10.000002,3.000191,10.000251,0.999975,-0.002383,-0.006698,0.000076
1592805946384823,9.999990,3.000000,10.000177,0.999975,-0.002412,-0.006683,0.000086
1592805946424923,9.999966,2.999958,9.999788,0.999975,-0.002394,-0.006674,0.000090
1592805946465119,10.000022,2.999936,9.999681,0.999975,-0.002411,-0.006673,0.000074
1592805946505683,10.000041,3.000136,10.000188,0.999975,-0.002423,-0.006683,0.000072
1592805946545677,9.999990,3.000136,10.000245,0.999975,-0.002403,-0.006702,0.000040
1592805946585569,10.000017,2.999990,10.000166,0.999975,-0.002384,-0.006687,0.000034
1592805946625357,10.000016,2.999986,9.999891,0.999975,-0.002375,-0.006652,0.000039
1592805946664974,10.000027,2.999999,9.999774,0.999975,-0.002356,-0.006672,0.000039
1592805946703802,10.000053,3.000134,10.000253,0.999975,-0.002371,-0.006703,0.000032
1592805946742236,10.000011,3.000104,10.000287,0.999975,-0.002353,-0.006695,0.000067
1592805946780784,9.999980,3.000158,10.000147,0.999975,-0.002360,-0.006689,0.000055
1592805946819639,9.999976,3.000025,10.000097,0.999975,-0.002346,-0.006660,0.000046
1592805946858538,10.000011,3.000066,10.000164,0.999975,-0.002386,-0.006646,0.000056
1592805946896189,9.999991,3.000006,10.000050,0.999975,-0.002372,-0.006633,0.000057
1592805946934985,9.999997,3.000102,10.000150,0.999975,-0.002399,-0.006655,0.000077
1592805946974156,10.000000,3.000230,10.000099,0.999975,-0.002405,-0.006648,0.000062
1592805947012382,9.999963,3.000248,10.000145,0.999975,-0.002438,-0.006630,0.000046
1592805947051331,9.999995,2.999974,10.000143,0.999975,-0.002404,-0.006667,0.000061
1592805947090518,9.999988,2.999909,9.999818,0.999975,-0.002426,-0.006648,0.000079
1592805947130188,10.000030,3.000025,10.000037,0.999975,-0.002457,-0.006631,0.000064
1592805947170056,10.000028,3.000141,10.000180,0.999975,-0.002447,-0.006664,0.000072
1592805947209482,10.000005,3.000202,10.000287,0.999975,-0.002437,-0.006682,0.000052
1592805947248537,10.000007,2.999982,10.000134,0.999975,-0.002425,-0.006714,0.000042
1592805947288170,9.999990,2.999993,10.000050,0.999975,-0.002424,-0.006686,0.000029
1592805947327657,9.999950,3.000011,10.000148,0.999975,-0.002415,-0.006699,0.000013
1592805947367529,9.999946,2.999985,9.999705,0.999974,-0.002415,-0.006731,0.000015
1592805947407072,10.000036,3.000019,9.999707,0.999975,-0.002409,-0.006729,0.000061
1592805947446879,10.000060,3.000196,10.000234,0.999974,-0.002431,-0.006745,0.000051
1592805947487180,10.000013,3.000031,10.000177,0.999974,-0.002417,-0.006742,0.000059
1592805947526905,9.999994,3.000104,10.000154,0.999975,-0.002426,-0.006706,0.000069
1592805947566909,9.999972,3.000122,10.000151,0.999975,-0.002441,-0.006683,0.000088
1592805947606848,9.999967,3.000148,10.000129,0.999975,-0.002444,-0.006702,0.000106
1592805947646264,10.000003,3.000132,10.000102,0.999974,-0.002458,-0.006720,0.000111
1592805947686017,9.999992,3.000002,10.000161,0.999974,-0.002443,-0.006739,0.000087
1592805947725420,9.999990,3.000031,10.000135,0.999974,-0.002428,-0.006717,0.000078
1592805947764891,9.999989,2.999905,9.999652,0.999975,-0.002420,-0.006697,0.000105
1592805947803735,10.000025,3.000059,10.000085,0.999975,-0.002418,-0.006694,0.000090
1592805947842374,10.000002,3.000138,10.000203,0.999975,-0.002404,-0.006708,0.000106
1592805947880927,9.999973,3.000187,10.000205,0.999975,-0.002398,-0.006695,0.000083
1592805947919585,9.999993,3.000029,10.000269,0.999975,-0.002393,-0.006697,0.000038
1592805947958488,10.000004,3.000046,10.000136,0.999975,-0.002394,-0.006699,0.000049
1592805947997136,10.000016,3.000077,10.000125,0.999975,-0.002385,-0.006691,0.000062
1592805948035871,9.999992,3.000057,10.000078,0.999975,-0.002384,-0.006697,0.000056
1592805948075422,9.999962,3.000013,9.999816,0.999975,-0.002411,-0.006680,0.000053
1592805948113452,10.000035,3.000100,10.000178,0.999975,-0.002400,-0.006684,0.000057
1592805948152549,9.999998,2.999905,9.999868,0.999975,-0.002381,-0.006662,0.000039
1592805948192792,10.000022,3.000075,10.000103,0.999975,-0.002373,-0.006661,0.000050
1592805948232315,10.000001,3.000110,10.000182,0.999975,-0.002378,-0.006678,0.000049
1592805948273604,10.000005,3.000155,10.000216,0.999975,-0.002367,-0.006707,0.000059
1592805948342240,10.000002,3.000032,9.999698,0.999975,-0.002406,-0.006713,0.000062
1592805948382989,10.000017,3.000022,10.000167,0.999975,-0.002395,-0.006719,0.000026
1592805948423391,9.999998,3.000079,10.000230,0.999975,-0.002405,-0.006720,0.000048
1592805948465170,9.999991,3.000065,10.000157,0.999974,-0.002403,-0.006731,0.000063
1592805948506470,9.999995,3.000162,10.000163,0.999975,-0.002373,-0.006725,0.000061
1592805948547503,10.000008,3.000146,10.000219,0.999975,-0.002390,-0.006717,0.000075
1592805948588268,9.999996,2.999898,9.999769,0.999975,-0.002397,-0.006683,0.000087
1592805948630880,10.000017,3.000023,10.000052,0.999975,-0.002401,-0.006699,0.000072
1592805948672209,10.000015,3.000145,10.000286,0.999975,-0.002386,-0.006703,0.000098
1592805948713758,10.000011,3.000133,10.000324,0.999975,-0.002379,-0.006716,0.000095
1592805948759247,10.000003,2.999990,10.000095,0.999974,-0.002411,-0.006731,0.000086
1592805948800420,10.000016,3.000031,10.000213,0.999974,-0.002411,-0.006734,0.000089
1592805948842822,9.999990,3.000041,9.999847,0.999974,-0.002391,-0.006735,0.000096
1592805948884063,10.000011,2.999943,10.000180,0.999975,-0.002386,-0.006723,0.000105
1592805948926047,10.000003,3.000015,10.000222,0.999975,-0.002392,-0.006714,0.000082
1592805948967650,10.000006,3.000043,10.000176,0.999975,-0.002386,-0.006722,0.000108
